[WARNING]: Could not match supplied host pattern, ignoring: unprovisioned
[WARNING]: Found variable using reserved name: hosts

PLAY [Deploy initial device configuration] *************************************

TASK [Set variables that cannot be set with VARS] ******************************
ok: [r]

TASK [Find device readiness script] ********************************************
ok: [r]

TASK [Wait for device to become ready] *****************************************
included: /home/pipi/net101/tools/netsim/ansible/tasks/readiness-check/sros.yml for r

TASK [Check that required plugin exists, use 'netlab install grpc' to install it] ***
ok: [r]

TASK [Wait up to 180s for gNMI(TCP 57400) to be ready on clab-ml_17-r] *********
ok: [r -> localhost]

TASK [Normalize config on bridge-like devices] *********************************
included: /home/pipi/net101/tools/netsim/ansible/tasks/deploy-module.yml for r

TASK [Figure out whether to deploy the module normalize on current device] *****
ok: [r]

TASK [Find configuration template for normalize] *******************************
ok: [r]

TASK [fail] ********************************************************************
skipping: [r]

TASK [Find configuration deployment deploy_script for normalize] ***************
ok: [r]

TASK [Print deployed configuration when running in verbose mode] ***************
skipping: [r]

TASK [Deploy normalize configuration] ******************************************
skipping: [r]

TASK [Deploy initial configuration] ********************************************
included: /home/pipi/net101/tools/netsim/ansible/tasks/deploy-module.yml for r

TASK [Figure out whether to deploy the module initial on current device] *******
ok: [r]

TASK [Find configuration template for initial] *********************************
ok: [r]

TASK [fail] ********************************************************************
skipping: [r]

TASK [Find configuration deployment deploy_script for initial] *****************
ok: [r]

TASK [Print deployed configuration when running in verbose mode] ***************
ok: [r] => 
  msg: |-
    initial configuration for r
    =========================================
  
  
  
  
    updates:
  
    - path: configure/router[router-name=Base]
      val:
       ecmp: 64
  
  
  
  
  
  
    - path: configure/router[router-name=Base]/interface[interface-name=system]
  
      val:
       admin-state: enable
       description: "System interface"
       ipv4:
        primary:
         address: "10.0.0.1"
         prefix-length: 32
  
       ipv6:
        address:
        - ipv6-address: "2001:db8:0:1::1"
          prefix-length: 128
  
  
  
  
  
    - path: configure/port[port-id=1/1/c1]
      val:
       admin-state: enable
       connector:
        breakout: "c1-100g"
    - path: configure/port[port-id=1/1/c1/1]
      val:
       admin-state: enable
       ethernet:
        mtu: 1514 # max 9800
        mode: network
  
  
  
    - path: configure/router[router-name=Base]/interface[interface-name=eth-1/1/c1]
  
      val:
       admin-state: enable
       description: "r ~ stub (stub)"
       ip-mtu: 1500
       port: "1/1/c1/1"
       ipv4:
        unnumbered:
         system: [null]
       ipv6: { }
  
  
    - path: configure/router[router-name=Base]
      val:
        ipv6:
          router-advertisement:
            interface:
            - ip-int-name: eth-1/1/c1
              admin-state: enable
              min-advertisement-interval: 3
              max-advertisement-interval: 5
  
  
  
  
    - path: configure/port[port-id=1/1/c2]
      val:
       admin-state: enable
       connector:
        breakout: "c1-100g"
    - path: configure/port[port-id=1/1/c2/1]
      val:
       admin-state: enable
       ethernet:
        mtu: 1514 # max 9800
        mode: network
  
  
  
    - path: configure/router[router-name=Base]/interface[interface-name=eth-1/1/c2]
  
      val:
       admin-state: enable
       description: "r ~ stub (stub)"
       ip-mtu: 1500
       port: "1/1/c2/1"
       ipv4:
        unnumbered:
         system: [null]
  
  
  
  
    - path: configure/port[port-id=1/1/c3]
      val:
       admin-state: enable
       connector:
        breakout: "c1-100g"
    - path: configure/port[port-id=1/1/c3/1]
      val:
       admin-state: enable
       ethernet:
        mtu: 1514 # max 9800
        mode: network
  
  
  
    - path: configure/router[router-name=Base]/interface[interface-name=eth-1/1/c3]
  
      val:
       admin-state: enable
       description: "r ~ stub (stub)"
       ip-mtu: 1500
       port: "1/1/c3/1"
       ipv6: { }
  
  
    - path: configure/router[router-name=Base]
      val:
        ipv6:
          router-advertisement:
            interface:
            - ip-int-name: eth-1/1/c3
              admin-state: enable
              min-advertisement-interval: 3
              max-advertisement-interval: 5
  
  
  
  
    - path: configure/port[port-id=1/1/c4]
      val:
       admin-state: enable
       connector:
        breakout: "c1-100g"
    - path: configure/port[port-id=1/1/c4/1]
      val:
       admin-state: enable
       ethernet:
        mtu: 1514 # max 9800
        mode: network
  
  
  
    - path: configure/router[router-name=Base]/interface[interface-name=eth-1/1/c4]
  
      val:
       admin-state: enable
       description: "r ~ stub (stub)"
       ip-mtu: 1500
       port: "1/1/c4/1"
       ipv4:
        unnumbered:
         system: [null]
       ipv6:
        address:
        - ipv6-address: "2001:db8:1:3::1"
          prefix-length: 64
  
  
  
    - path: configure/router[router-name=Base]
      val:
        ipv6:
          router-advertisement:
            interface:
            - ip-int-name: eth-1/1/c4
              admin-state: enable
              min-advertisement-interval: 3
              max-advertisement-interval: 5
  
  
  
  
    - path: configure/port[port-id=1/1/c5]
      val:
       admin-state: enable
       connector:
        breakout: "c1-100g"
    - path: configure/port[port-id=1/1/c5/1]
      val:
       admin-state: enable
       ethernet:
        mtu: 1514 # max 9800
        mode: network
  
  
  
    - path: configure/router[router-name=Base]/interface[interface-name=eth-1/1/c5]
  
      val:
       admin-state: enable
       description: "r ~ stub (stub)"
       ip-mtu: 1500
       port: "1/1/c5/1"
       ipv4:
        primary:
         address: "172.16.4.1"
         prefix-length: 24
  
       ipv6: { }
  
  
    - path: configure/router[router-name=Base]
      val:
        ipv6:
          router-advertisement:
            interface:
            - ip-int-name: eth-1/1/c5
              admin-state: enable
              min-advertisement-interval: 3
              max-advertisement-interval: 5

TASK [Deploy initial configuration] ********************************************
included: /home/pipi/net101/tools/netsim/ansible/tasks/deploy-config/sros.yml for r

TASK [Generate gNMI YAML configuration] ****************************************
ok: [r]

TASK [Update initial node configuration from gNMI template /home/pipi/net101/tools/netsim/ansible/templates/initial/sros.j2] ***
fatal: [r]: FAILED! => changed=false 
  code: -32603
  msg: |-
    <_InactiveRpcError of RPC that terminated with:
            status = StatusCode.FAILED_PRECONDITION
            details = "MINOR: MGMT_CORE #4001: /configure/router[router-name=Base]/interface[interface-name=eth-1/1/c4]/ipv4/unnumbered/ip-address - Unnumbered configuration not compatible with IPv6 address configuration - /configure/router[router-name=Base]/interface[interface-name=eth-1/1/c4] - gRPC: commit operation"
            debug_error_string = "UNKNOWN:Error received from peer  {created_time:"2025-05-31T09:17:30.620911223+00:00", grpc_status:9, grpc_message:"MINOR: MGMT_CORE #4001: /configure/router[router-name=Base]/interface[interface-name=eth-1/1/c4]/ipv4/unnumbered/ip-address - Unnumbered configuration not compatible with IPv6 address configuration - /configure/router[router-name=Base]/interface[interface-name=eth-1/1/c4] - gRPC: commit operation"}"
    >

PLAY RECAP *********************************************************************
r                          : ok=16   changed=0    unreachable=0    failed=1    skipped=4    rescued=0    ignored=0   

Fatal error in netlab: Executing Ansible playbook /home/pipi/net101/tools/netsim/ansible/initial-config.ansible failed
Error executing ansible-playbook /home/pipi/net101/tools/netsim/ansible/initial-config.ansible:
  Command '['ansible-playbook', '/home/pipi/net101/tools/netsim/ansible/initial-config.ansible']' returned non-zero exit status 2.
