time="2025-05-31T09:17:33Z" level=info msg="Containerlab v0.62.2 started"
time="2025-05-31T09:17:33Z" level=info msg="Parsing & checking topology file: clab.yml"
time="2025-05-31T09:17:33Z" level=info msg="Removing /work/netlab_cicd/clab-ml_17 directory..."
time="2025-05-31T09:17:33Z" level=info msg="Creating docker network: Name=\"nl_mgmt_17\", IPv4Subnet=\"192.168.17.0/24\", IPv6Subnet=\"\", MTU=0"
time="2025-05-31T09:17:34Z" level=info msg="Creating lab directory: /work/netlab_cicd/clab-ml_17"
time="2025-05-31T09:17:34Z" level=info msg="Creating container: \"t_1400\""
time="2025-05-31T09:17:34Z" level=info msg="Creating container: \"t_1300\""
time="2025-05-31T09:17:34Z" level=info msg="Creating container: \"p1\""
time="2025-05-31T09:17:34Z" level=info msg="Creating container: \"dut\""
time="2025-05-31T09:17:35Z" level=info msg="Created link: dut:eth1 <--> p1:et1"
time="2025-05-31T09:17:35Z" level=info msg="Running postdeploy actions for Arista cEOS 'p1' node"
time="2025-05-31T09:17:35Z" level=info msg="Created link: dut:eth2 <--> t_1400:eth1"
time="2025-05-31T09:17:35Z" level=info msg="Created link: dut:eth3 <--> t_1300:eth1"
time="2025-05-31T09:17:35Z" level=info msg="clab-ml_17-dut: adding public keys configuration"
time="2025-05-31T09:17:35Z" level=info msg="Waiting for clab-ml_17-dut to be ready. This may take a while. Monitor boot log with `sudo docker logs -f clab-ml_17-dut`"
time="2025-05-31T09:18:21Z" level=info msg="Adding containerlab host entries to /etc/hosts file"
time="2025-05-31T09:18:21Z" level=info msg="Adding ssh config for containerlab nodes"
time="2025-05-31T09:18:21Z" level=info msg="🎉 New containerlab version 0.68.0 is available! Release notes: https://containerlab.dev/rn/0.68/\nRun 'containerlab version upgrade' to upgrade or go check other installation options at https://containerlab.dev/install/\n"
[1m╭[0m[1m───────────────────[0m[1m┬[0m[1m─────────────────────────────[0m[1m┬[0m[1m─────────[0m[1m┬[0m[1m────────────────[0m[1m╮[0m
[1m│[0m[1m        Name       [0m[1m│[0m[1m          Kind/Image         [0m[1m│[0m[1m  State  [0m[1m│[0m[1m IPv4/6 Address [0m[1m│[0m
[1m├[0m[1m───────────────────[0m[1m┼[0m[1m─────────────────────────────[0m[1m┼[0m[1m─────────[0m[1m┼[0m[1m────────────────[0m[1m┤[0m
│ clab-ml_17-dut    │ vr-sros                     │ running │ 192.168.17.101 │
│                   │ vrnetlab/nokia_sros:25.3.R2 │         │ N/A            │
├───────────────────┼─────────────────────────────┼─────────┼────────────────┤
│ clab-ml_17-p1     │ ceos                        │ running │ 192.168.17.102 │
│                   │ ceos:4.33.1F                │         │ N/A            │
├───────────────────┼─────────────────────────────┼─────────┼────────────────┤
│ clab-ml_17-t_1300 │ linux                       │ running │ 192.168.17.103 │
│                   │ python:3.13-alpine          │         │ N/A            │
├───────────────────┼─────────────────────────────┼─────────┼────────────────┤
│ clab-ml_17-t_1400 │ linux                       │ running │ 192.168.17.104 │
│                   │ python:3.13-alpine          │         │ N/A            │
╰───────────────────┴─────────────────────────────┴─────────┴────────────────╯
Using transformed lab topology from snapshot file netlab.snapshot.yml
Checking virtualization provider installation
OK: clab installed and working correctly
Starting clab nodes
provider clab: executing sudo -E containerlab deploy --reconfigure -t clab.yml

Initial configuration skipped, run 'netlab initial' to configure the devices
