Creating Device configuration snippets
[CREATED] dut: initial,ospf,bgp
[CREATED] rc: initial,ospf,bgp,frr-community
[CREATED] r2: initial,ospf,bgp
[CREATED] x1: initial,bgp
Config Deploying device configurations
 [INFO] Executing initial configuration for node dut
 [INFO] Executing initial configuration for node rc
 [INFO] Executing initial configuration for node r2
 [INFO] Executing initial configuration for node x1
 [INFO] Executing ospf configuration for node rc
 [INFO] Executing ospf configuration for node dut
 [INFO] Executing bgp configuration for node x1
 [INFO] Executing ospf configuration for node r2
 [INFO] Executing bgp configuration for node dut
 [INFO] Executing bgp configuration for node rc
 [INFO] Executing bgp configuration for node r2
 [INFO] Executing frr-community configuration for node rc

Results of configuration script deployments
================================================================================
dut              Script:  initial,ospf,bgp
rc               Script:  initial,ospf,bgp,frr-community
r2               Script:  initial,ospf,bgp
x1               Script:  initial,bgp


Use this topology to test the BGP community propagation. The device under test
is a BGP route reflector that should propagate standard and extended
communities to IBGP neighbors but only standard communities to EBGP neighbors
(the default setting).

Three BGP communities are attached to the prefix advertised by RC: a standard
one, an extended one, and a long one (standard communitiy using 4-octet AS)

