Warning in ansible: You're using Ansible version 12.x or higher; netlab might not work correctly
... Ansible core version 2.19 introduced breaking changes in templates and playbooks
... We tested netlab core with Ansible version 12.x but not every device template
... You might want to downgrade Ansible to version 11.10 or lower.
... Use 'netlab install ansible' on Ubuntu to do that
... Finally, please open a GitHub issue if you experience errors/crashes
... Set defaults.ansible.warnings.ver12 to False to hide this warning
 [INFO] Checking for updates in configuration templates
 [INFO] Creating configuration snippets
[WARNING]: Could not match supplied host pattern, ignoring: unprovisioned
[WARNING]: Found variable using reserved name 'hosts'.
Origin: /work/netlab_cicd/group_vars/all/topology.yml:157:1

155     ipv4: 10.2.0.0/24
156     prefix: 32
157 hosts:
    ^ column 1


PLAY [Deploy initial device configuration] *************************************

TASK [Set variables that cannot be set with VARS] ******************************
ok: [dut]
ok: [x1]
ok: [x2]
ok: [x3]
ok: [x4]

TASK [Generic readiness tests] *************************************************
skipping: [dut]
skipping: [x1]
skipping: [x2]
skipping: [x3]
skipping: [x4]

TASK [Find device readiness script] ********************************************
ok: [dut]
ok: [x1]
ok: [x2]
ok: [x3]
ok: [x4]

TASK [Wait for device to become ready] *****************************************
skipping: [dut]
skipping: [x1]
skipping: [x2]
skipping: [x3]
skipping: [x4]

TASK [Normalize config on bridge-like devices] *********************************
included: /home/pipi/netlab_gh/netsim/ansible/tasks/deploy-module.yml for dut
included: /home/pipi/netlab_gh/netsim/ansible/tasks/deploy-module.yml for x1
included: /home/pipi/netlab_gh/netsim/ansible/tasks/deploy-module.yml for x2
included: /home/pipi/netlab_gh/netsim/ansible/tasks/deploy-module.yml for x3
included: /home/pipi/netlab_gh/netsim/ansible/tasks/deploy-module.yml for x4

TASK [Figure out whether to deploy the module normalize on current device] *****
ok: [dut]

TASK [Find configuration template for normalize] *******************************
ok: [dut]

TASK [fail] ********************************************************************
skipping: [dut]

TASK [Find configuration deployment deploy_script for normalize] ***************
ok: [dut]

TASK [Print deployed configuration when running in verbose mode] ***************
skipping: [dut]

TASK [Deploy normalize configuration] ******************************************
skipping: [dut]

TASK [Figure out whether to deploy the module normalize on current device] *****
ok: [x1]

TASK [Find configuration template for normalize] *******************************
ok: [x1]

TASK [fail] ********************************************************************
skipping: [x1]

TASK [Find configuration deployment deploy_script for normalize] ***************
ok: [x1]

TASK [Print deployed configuration when running in verbose mode] ***************
skipping: [x1]

TASK [Deploy normalize configuration] ******************************************
skipping: [x1]

TASK [Figure out whether to deploy the module normalize on current device] *****
ok: [x2]

TASK [Find configuration template for normalize] *******************************
ok: [x2]

TASK [fail] ********************************************************************
skipping: [x2]

TASK [Find configuration deployment deploy_script for normalize] ***************
ok: [x2]

TASK [Print deployed configuration when running in verbose mode] ***************
skipping: [x2]

TASK [Deploy normalize configuration] ******************************************
skipping: [x2]

TASK [Figure out whether to deploy the module normalize on current device] *****
ok: [x3]

TASK [Find configuration template for normalize] *******************************
ok: [x3]

TASK [fail] ********************************************************************
skipping: [x3]

TASK [Find configuration deployment deploy_script for normalize] ***************
ok: [x3]

TASK [Print deployed configuration when running in verbose mode] ***************
skipping: [x3]

TASK [Deploy normalize configuration] ******************************************
skipping: [x3]

TASK [Figure out whether to deploy the module normalize on current device] *****
ok: [x4]

TASK [Find configuration template for normalize] *******************************
ok: [x4]

TASK [fail] ********************************************************************
skipping: [x4]

TASK [Find configuration deployment deploy_script for normalize] ***************
ok: [x4]

TASK [Print deployed configuration when running in verbose mode] ***************
skipping: [x4]

TASK [Deploy normalize configuration] ******************************************
skipping: [x4]

TASK [Deploy initial configuration] ********************************************
included: /home/pipi/netlab_gh/netsim/ansible/tasks/deploy-module.yml for dut
included: /home/pipi/netlab_gh/netsim/ansible/tasks/deploy-module.yml for x1
included: /home/pipi/netlab_gh/netsim/ansible/tasks/deploy-module.yml for x2
included: /home/pipi/netlab_gh/netsim/ansible/tasks/deploy-module.yml for x3
included: /home/pipi/netlab_gh/netsim/ansible/tasks/deploy-module.yml for x4

TASK [Figure out whether to deploy the module initial on current device] *******
ok: [dut]

TASK [Find configuration template for initial] *********************************
ok: [dut]

TASK [fail] ********************************************************************
skipping: [dut]

TASK [Find configuration deployment deploy_script for initial] *****************
ok: [dut]

TASK [Print deployed configuration when running in verbose mode] ***************
ok: [dut] => {
    "msg": "initial configuration for dut\n=========================================\n#!/bin/bash\n#\nset -e\nset -x\n#\n# Create bash profile script\n#\ncat <<SCRIPT >/root/.bash_profile\n#!/bin/bash\n#\nexport PS1=\"\\h(bash)# \"\necho\necho \"Use vtysh to connect to FRR daemon\"\necho\nSCRIPT\n#\n# This is an artifact of unknown provenance that should be removed in a year or two (= 2026/2027)\n#\n# FRR controls these parameters with 'ip forwarding' and 'ipv6 forwarding' commands\n#\nsysctl -w net.ipv4.ip_forward=1\nsysctl -w net.ipv6.conf.all.forwarding=0\n#\n#\n# Get the current next hop for the default route\n#\ndef_nh=$(ip route list default|awk '{ print $3 }')\n#\n# Create the management VRF and add eth0 to it\n#\nif [ ! -e /sys/devices/virtual/net/mgmt ]; then\n  ip link add mgmt type vrf table 42\nfi\nip link set mgmt up\nsysctl -qw net.ipv6.conf.eth0.keep_addr_on_down=1\nip link set eth0 master mgmt\n#\n# Reinstall the default route if we had it before\n#\nif [[ -n \"$def_nh\" ]]; then\n  ip route add 0.0.0.0/0 vrf mgmt via $def_nh\nfi\n#\n# Enable FRR modules (if not using containerlab bind-mounted /etc/frr/daemons)\n#\n\n# Set system defaults\n#\n# Send ARP requests from a sane source IP address\n#\nsysctl -w net.ipv4.conf.all.arp_announce=2\n\n#\n# Create loopbacks, stub and lag/bond devices\n#\nif [ ! -e /sys/class/net/lo ]; then\n  if [ ! -e /sys/devices/virtual/net/lo ]; then\n    ip link add lo type dummy\n    ip link set dev lo up\n  fi\nfi\n\n# Disable IPv6 (for IPv4-only interfaces) or SLAAC (if the device is a router)\n#\nip link set eth1 down\nsysctl -qw net.ipv6.conf.eth1.disable_ipv6=1\nip link set dev eth1 mtu 1500\nip link set eth1 up\nip link set eth2 down\nsysctl -qw net.ipv6.conf.eth2.disable_ipv6=1\nip link set dev eth2 mtu 1500\nip link set eth2 up\nip link set eth3 down\nsysctl -qw net.ipv6.conf.eth3.disable_ipv6=1\nip link set dev eth3 mtu 1500\nip link set eth3 up\n\n#\n# Add vtysh.conf file\necho \"service integrated-vtysh-config\" >/etc/frr/vtysh.conf\n\n#\n# Rest of initial configuration done through VTYSH\n#\ncat >/tmp/config <<CONFIG\nhostname dut\n!\nlog file /tmp/logging\n\n!\nip forwarding\nvrf mgmt\n exit-vrf\n!\nfrr defaults datacenter\n!\ninterface lo\n no shutdown\n ip address 10.0.0.1/32\n!\ninterface eth1\n no shutdown\n description dut -> x1 [external]\n ip address 10.1.0.1/30\n!\ninterface eth2\n no shutdown\n description dut -> x2 [external]\n ip address 10.1.0.5/30\n!\ninterface eth3\n no shutdown\n description dut -> x3\n ip address 10.1.0.9/30\n!\ndo write\nCONFIG\nvtysh -f /tmp/config\n!\nexit 0\n"
}

TASK [Deploy initial configuration] ********************************************
included: /home/pipi/netlab_gh/netsim/ansible/tasks/frr/initial-clab.yml for dut

TASK [Attempt to load VRF kernel module] ***************************************
changed: [dut -> localhost]

TASK [Disable FRR management VRF when modprobe fails] **************************
skipping: [dut]

TASK [include_tasks] ***********************************************************
included: /home/pipi/netlab_gh/netsim/ansible/tasks/frr/deploy-config.yml for dut

TASK [template] ****************************************************************
changed: [dut]

TASK [set_fact] ****************************************************************
ok: [dut]

TASK [run /tmp/config.sh to deploy initial config from /work/netlab_cicd/node_files/dut/initial] ***
changed: [dut]

TASK [run vtysh to import initial config from /work/netlab_cicd/node_files/dut/initial] ***
skipping: [dut]

TASK [Figure out whether to deploy the module initial on current device] *******
ok: [x1]

TASK [Find configuration template for initial] *********************************
ok: [x1]

TASK [fail] ********************************************************************
skipping: [x1]

TASK [Find configuration deployment deploy_script for initial] *****************
ok: [x1]

TASK [Print deployed configuration when running in verbose mode] ***************
ok: [x1] => {
    "msg": "initial configuration for x1\n=========================================\n#!/bin/bash\n#\nset -e\nset -x\n#\n# Create bash profile script\n#\ncat <<SCRIPT >/root/.bash_profile\n#!/bin/bash\n#\nexport PS1=\"\\h(bash)# \"\necho\necho \"Use vtysh to connect to FRR daemon\"\necho\nSCRIPT\n#\n# This is an artifact of unknown provenance that should be removed in a year or two (= 2026/2027)\n#\n# FRR controls these parameters with 'ip forwarding' and 'ipv6 forwarding' commands\n#\nsysctl -w net.ipv4.ip_forward=1\nsysctl -w net.ipv6.conf.all.forwarding=0\n#\n#\n# Get the current next hop for the default route\n#\ndef_nh=$(ip route list default|awk '{ print $3 }')\n#\n# Create the management VRF and add eth0 to it\n#\nif [ ! -e /sys/devices/virtual/net/mgmt ]; then\n  ip link add mgmt type vrf table 42\nfi\nip link set mgmt up\nsysctl -qw net.ipv6.conf.eth0.keep_addr_on_down=1\nip link set eth0 master mgmt\n#\n# Reinstall the default route if we had it before\n#\nif [[ -n \"$def_nh\" ]]; then\n  ip route add 0.0.0.0/0 vrf mgmt via $def_nh\nfi\n#\n# Enable FRR modules (if not using containerlab bind-mounted /etc/frr/daemons)\n#\n\n# Set system defaults\n#\n# Send ARP requests from a sane source IP address\n#\nsysctl -w net.ipv4.conf.all.arp_announce=2\n\n#\n# Create loopbacks, stub and lag/bond devices\n#\nif [ ! -e /sys/class/net/lo ]; then\n  if [ ! -e /sys/devices/virtual/net/lo ]; then\n    ip link add lo type dummy\n    ip link set dev lo up\n  fi\nfi\n\n# Disable IPv6 (for IPv4-only interfaces) or SLAAC (if the device is a router)\n#\nip link set eth1 down\nsysctl -qw net.ipv6.conf.eth1.disable_ipv6=1\nip link set dev eth1 mtu 1500\nip link set eth1 up\n\n#\n# Add vtysh.conf file\necho \"service integrated-vtysh-config\" >/etc/frr/vtysh.conf\n\n#\n# Rest of initial configuration done through VTYSH\n#\ncat >/tmp/config <<CONFIG\nhostname x1\n!\nlog file /tmp/logging\n\n!\nip forwarding\nvrf mgmt\n exit-vrf\n!\nfrr defaults datacenter\n!\ninterface lo\n no shutdown\n ip address 172.42.1.1/24\n!\ninterface eth1\n no shutdown\n description x1 -> dut [external]\n ip address 10.1.0.2/30\n!\ndo write\nCONFIG\nvtysh -f /tmp/config\n!\nexit 0\n"
}

TASK [Deploy initial configuration] ********************************************
included: /home/pipi/netlab_gh/netsim/ansible/tasks/frr/initial-clab.yml for x1

TASK [Attempt to load VRF kernel module] ***************************************
changed: [x1 -> localhost]

TASK [Disable FRR management VRF when modprobe fails] **************************
skipping: [x1]

TASK [include_tasks] ***********************************************************
included: /home/pipi/netlab_gh/netsim/ansible/tasks/frr/deploy-config.yml for x1

TASK [template] ****************************************************************
changed: [x1]

TASK [set_fact] ****************************************************************
ok: [x1]

TASK [run /tmp/config.sh to deploy initial config from /work/netlab_cicd/node_files/x1/initial] ***
changed: [x1]

TASK [run vtysh to import initial config from /work/netlab_cicd/node_files/x1/initial] ***
skipping: [x1]

TASK [Figure out whether to deploy the module initial on current device] *******
ok: [x2]

TASK [Find configuration template for initial] *********************************
ok: [x2]

TASK [fail] ********************************************************************
skipping: [x2]

TASK [Find configuration deployment deploy_script for initial] *****************
ok: [x2]

TASK [Print deployed configuration when running in verbose mode] ***************
ok: [x2] => {
    "msg": "initial configuration for x2\n=========================================\n#!/bin/bash\n#\nset -e\nset -x\n#\n# Create bash profile script\n#\ncat <<SCRIPT >/root/.bash_profile\n#!/bin/bash\n#\nexport PS1=\"\\h(bash)# \"\necho\necho \"Use vtysh to connect to FRR daemon\"\necho\nSCRIPT\n#\n# This is an artifact of unknown provenance that should be removed in a year or two (= 2026/2027)\n#\n# FRR controls these parameters with 'ip forwarding' and 'ipv6 forwarding' commands\n#\nsysctl -w net.ipv4.ip_forward=1\nsysctl -w net.ipv6.conf.all.forwarding=0\n#\n#\n# Get the current next hop for the default route\n#\ndef_nh=$(ip route list default|awk '{ print $3 }')\n#\n# Create the management VRF and add eth0 to it\n#\nif [ ! -e /sys/devices/virtual/net/mgmt ]; then\n  ip link add mgmt type vrf table 42\nfi\nip link set mgmt up\nsysctl -qw net.ipv6.conf.eth0.keep_addr_on_down=1\nip link set eth0 master mgmt\n#\n# Reinstall the default route if we had it before\n#\nif [[ -n \"$def_nh\" ]]; then\n  ip route add 0.0.0.0/0 vrf mgmt via $def_nh\nfi\n#\n# Enable FRR modules (if not using containerlab bind-mounted /etc/frr/daemons)\n#\n\n# Set system defaults\n#\n# Send ARP requests from a sane source IP address\n#\nsysctl -w net.ipv4.conf.all.arp_announce=2\n\n#\n# Create loopbacks, stub and lag/bond devices\n#\nif [ ! -e /sys/class/net/lo ]; then\n  if [ ! -e /sys/devices/virtual/net/lo ]; then\n    ip link add lo type dummy\n    ip link set dev lo up\n  fi\nfi\n\n# Disable IPv6 (for IPv4-only interfaces) or SLAAC (if the device is a router)\n#\nip link set eth1 down\nsysctl -qw net.ipv6.conf.eth1.disable_ipv6=1\nip link set dev eth1 mtu 1500\nip link set eth1 up\nip link set eth2 down\nsysctl -qw net.ipv6.conf.eth2.disable_ipv6=1\nip link set dev eth2 mtu 1500\nip link set eth2 up\n\n#\n# Add vtysh.conf file\necho \"service integrated-vtysh-config\" >/etc/frr/vtysh.conf\n\n#\n# Rest of initial configuration done through VTYSH\n#\ncat >/tmp/config <<CONFIG\nhostname x2\n!\nlog file /tmp/logging\n\n!\nip forwarding\nvrf mgmt\n exit-vrf\n!\nfrr defaults datacenter\n!\ninterface lo\n no shutdown\n ip address 172.42.2.1/24\n!\ninterface eth1\n no shutdown\n description x2 -> dut [external]\n ip address 10.1.0.6/30\n!\ninterface eth2\n no shutdown\n description x2 -> x4\n ip address 10.1.0.13/30\n!\ndo write\nCONFIG\nvtysh -f /tmp/config\n!\nexit 0\n"
}

TASK [Deploy initial configuration] ********************************************
included: /home/pipi/netlab_gh/netsim/ansible/tasks/frr/initial-clab.yml for x2

TASK [Attempt to load VRF kernel module] ***************************************
changed: [x2 -> localhost]

TASK [Disable FRR management VRF when modprobe fails] **************************
skipping: [x2]

TASK [include_tasks] ***********************************************************
included: /home/pipi/netlab_gh/netsim/ansible/tasks/frr/deploy-config.yml for x2

TASK [template] ****************************************************************
changed: [x2]

TASK [set_fact] ****************************************************************
ok: [x2]

TASK [run /tmp/config.sh to deploy initial config from /work/netlab_cicd/node_files/x2/initial] ***
changed: [x2]

TASK [run vtysh to import initial config from /work/netlab_cicd/node_files/x2/initial] ***
skipping: [x2]

TASK [Figure out whether to deploy the module initial on current device] *******
ok: [x3]

TASK [Find configuration template for initial] *********************************
ok: [x3]

TASK [fail] ********************************************************************
skipping: [x3]

TASK [Find configuration deployment deploy_script for initial] *****************
ok: [x3]

TASK [Print deployed configuration when running in verbose mode] ***************
ok: [x3] => {
    "msg": "initial configuration for x3\n=========================================\n#!/bin/bash\n#\nset -e\nset -x\n#\n# Create bash profile script\n#\ncat <<SCRIPT >/root/.bash_profile\n#!/bin/bash\n#\nexport PS1=\"\\h(bash)# \"\necho\necho \"Use vtysh to connect to FRR daemon\"\necho\nSCRIPT\n#\n# This is an artifact of unknown provenance that should be removed in a year or two (= 2026/2027)\n#\n# FRR controls these parameters with 'ip forwarding' and 'ipv6 forwarding' commands\n#\nsysctl -w net.ipv4.ip_forward=1\nsysctl -w net.ipv6.conf.all.forwarding=0\n#\n#\n# Get the current next hop for the default route\n#\ndef_nh=$(ip route list default|awk '{ print $3 }')\n#\n# Create the management VRF and add eth0 to it\n#\nif [ ! -e /sys/devices/virtual/net/mgmt ]; then\n  ip link add mgmt type vrf table 42\nfi\nip link set mgmt up\nsysctl -qw net.ipv6.conf.eth0.keep_addr_on_down=1\nip link set eth0 master mgmt\n#\n# Reinstall the default route if we had it before\n#\nif [[ -n \"$def_nh\" ]]; then\n  ip route add 0.0.0.0/0 vrf mgmt via $def_nh\nfi\n#\n# Enable FRR modules (if not using containerlab bind-mounted /etc/frr/daemons)\n#\n\n# Set system defaults\n#\n# Send ARP requests from a sane source IP address\n#\nsysctl -w net.ipv4.conf.all.arp_announce=2\n\n#\n# Create loopbacks, stub and lag/bond devices\n#\nif [ ! -e /sys/class/net/lo ]; then\n  if [ ! -e /sys/devices/virtual/net/lo ]; then\n    ip link add lo type dummy\n    ip link set dev lo up\n  fi\nfi\n\n# Disable IPv6 (for IPv4-only interfaces) or SLAAC (if the device is a router)\n#\nip link set eth1 down\nsysctl -qw net.ipv6.conf.eth1.disable_ipv6=1\nip link set dev eth1 mtu 1500\nip link set eth1 up\n\n#\n# Add vtysh.conf file\necho \"service integrated-vtysh-config\" >/etc/frr/vtysh.conf\n\n#\n# Rest of initial configuration done through VTYSH\n#\ncat >/tmp/config <<CONFIG\nhostname x3\n!\nlog file /tmp/logging\n\n!\nip forwarding\nvrf mgmt\n exit-vrf\n!\nfrr defaults datacenter\n!\ninterface lo\n no shutdown\n ip address 10.0.0.4/32\n!\ninterface eth1\n no shutdown\n description x3 -> dut\n ip address 10.1.0.10/30\n!\ndo write\nCONFIG\nvtysh -f /tmp/config\n!\nexit 0\n"
}

TASK [Deploy initial configuration] ********************************************
included: /home/pipi/netlab_gh/netsim/ansible/tasks/frr/initial-clab.yml for x3

TASK [Attempt to load VRF kernel module] ***************************************
changed: [x3 -> localhost]

TASK [Disable FRR management VRF when modprobe fails] **************************
skipping: [x3]

TASK [include_tasks] ***********************************************************
included: /home/pipi/netlab_gh/netsim/ansible/tasks/frr/deploy-config.yml for x3

TASK [template] ****************************************************************
changed: [x3]

TASK [set_fact] ****************************************************************
ok: [x3]

TASK [run /tmp/config.sh to deploy initial config from /work/netlab_cicd/node_files/x3/initial] ***
changed: [x3]

TASK [run vtysh to import initial config from /work/netlab_cicd/node_files/x3/initial] ***
skipping: [x3]

TASK [Figure out whether to deploy the module initial on current device] *******
ok: [x4]

TASK [Find configuration template for initial] *********************************
ok: [x4]

TASK [fail] ********************************************************************
skipping: [x4]

TASK [Find configuration deployment deploy_script for initial] *****************
ok: [x4]

TASK [Print deployed configuration when running in verbose mode] ***************
ok: [x4] => {
    "msg": "initial configuration for x4\n=========================================\n#!/bin/bash\n#\nset -e\nset -x\n#\n# Create bash profile script\n#\ncat <<SCRIPT >/root/.bash_profile\n#!/bin/bash\n#\nexport PS1=\"\\h(bash)# \"\necho\necho \"Use vtysh to connect to FRR daemon\"\necho\nSCRIPT\n#\n# This is an artifact of unknown provenance that should be removed in a year or two (= 2026/2027)\n#\n# FRR controls these parameters with 'ip forwarding' and 'ipv6 forwarding' commands\n#\nsysctl -w net.ipv4.ip_forward=1\nsysctl -w net.ipv6.conf.all.forwarding=0\n#\n#\n# Get the current next hop for the default route\n#\ndef_nh=$(ip route list default|awk '{ print $3 }')\n#\n# Create the management VRF and add eth0 to it\n#\nif [ ! -e /sys/devices/virtual/net/mgmt ]; then\n  ip link add mgmt type vrf table 42\nfi\nip link set mgmt up\nsysctl -qw net.ipv6.conf.eth0.keep_addr_on_down=1\nip link set eth0 master mgmt\n#\n# Reinstall the default route if we had it before\n#\nif [[ -n \"$def_nh\" ]]; then\n  ip route add 0.0.0.0/0 vrf mgmt via $def_nh\nfi\n#\n# Enable FRR modules (if not using containerlab bind-mounted /etc/frr/daemons)\n#\n\n# Set system defaults\n#\n# Send ARP requests from a sane source IP address\n#\nsysctl -w net.ipv4.conf.all.arp_announce=2\n\n#\n# Create loopbacks, stub and lag/bond devices\n#\nif [ ! -e /sys/class/net/lo ]; then\n  if [ ! -e /sys/devices/virtual/net/lo ]; then\n    ip link add lo type dummy\n    ip link set dev lo up\n  fi\nfi\n\n# Disable IPv6 (for IPv4-only interfaces) or SLAAC (if the device is a router)\n#\nip link set eth1 down\nsysctl -qw net.ipv6.conf.eth1.disable_ipv6=1\nip link set dev eth1 mtu 1500\nip link set eth1 up\n\n#\n# Add vtysh.conf file\necho \"service integrated-vtysh-config\" >/etc/frr/vtysh.conf\n\n#\n# Rest of initial configuration done through VTYSH\n#\ncat >/tmp/config <<CONFIG\nhostname x4\n!\nlog file /tmp/logging\n\n!\nip forwarding\nvrf mgmt\n exit-vrf\n!\nfrr defaults datacenter\n!\ninterface lo\n no shutdown\n ip address 172.42.4.1/24\n!\ninterface eth1\n no shutdown\n description x4 -> x2\n ip address 10.1.0.14/30\n!\ndo write\nCONFIG\nvtysh -f /tmp/config\n!\nexit 0\n"
}

TASK [Deploy initial configuration] ********************************************
included: /home/pipi/netlab_gh/netsim/ansible/tasks/frr/initial-clab.yml for x4

TASK [Attempt to load VRF kernel module] ***************************************
changed: [x4 -> localhost]

TASK [Disable FRR management VRF when modprobe fails] **************************
skipping: [x4]

TASK [include_tasks] ***********************************************************
included: /home/pipi/netlab_gh/netsim/ansible/tasks/frr/deploy-config.yml for x4

TASK [template] ****************************************************************
changed: [x4]

TASK [set_fact] ****************************************************************
ok: [x4]

TASK [run /tmp/config.sh to deploy initial config from /work/netlab_cicd/node_files/x4/initial] ***
changed: [x4]

TASK [run vtysh to import initial config from /work/netlab_cicd/node_files/x4/initial] ***
skipping: [x4]

PLAY [Deploy module-specific configurations] ***********************************

TASK [Set variables that cannot be set with VARS] ******************************
ok: [dut]
ok: [x1]
ok: [x2]
ok: [x3]
ok: [x4]

TASK [Deploy individual configuration modules] *********************************
included: /home/pipi/netlab_gh/netsim/ansible/tasks/deploy-module.yml for dut => (item=ospf)
included: /home/pipi/netlab_gh/netsim/ansible/tasks/deploy-module.yml for dut => (item=bgp)
included: /home/pipi/netlab_gh/netsim/ansible/tasks/deploy-module.yml for x1 => (item=ospf)
included: /home/pipi/netlab_gh/netsim/ansible/tasks/deploy-module.yml for x1 => (item=bgp)
included: /home/pipi/netlab_gh/netsim/ansible/tasks/deploy-module.yml for x2 => (item=ospf)
included: /home/pipi/netlab_gh/netsim/ansible/tasks/deploy-module.yml for x2 => (item=bgp)
included: /home/pipi/netlab_gh/netsim/ansible/tasks/deploy-module.yml for x3 => (item=ospf)
included: /home/pipi/netlab_gh/netsim/ansible/tasks/deploy-module.yml for x3 => (item=bgp)
included: /home/pipi/netlab_gh/netsim/ansible/tasks/deploy-module.yml for x4 => (item=ospf)
included: /home/pipi/netlab_gh/netsim/ansible/tasks/deploy-module.yml for x4 => (item=bgp)

TASK [Figure out whether to deploy the module ospf on current device] **********
ok: [dut]

TASK [Find configuration template for ospf] ************************************
ok: [dut]

TASK [fail] ********************************************************************
skipping: [dut]

TASK [Find configuration deployment deploy_script for ospf] ********************
ok: [dut]

TASK [Print deployed configuration when running in verbose mode] ***************
ok: [dut] => {
    "msg": "ospf configuration for dut\n=========================================\n!\n! OSPFv2 FRR configuration\n!\nrouter ospf\n ospf router-id 10.0.0.1\n timers throttle spf 10 50 500\n timers throttle lsa all 100\n timers lsa min-arrival 100\n\n\nexit\n!\ninterface lo\n! \n ip ospf area 0.0.0.0\n!\ninterface eth3\n! dut -> x3\n ip ospf area 0.0.0.0\n ip ospf network point-to-point\n!\n\n!\ndo write\n"
}

TASK [Deploy ospf configuration] ***********************************************
included: /home/pipi/netlab_gh/netsim/ansible/tasks/deploy-config/frr.yml for dut

TASK [template] ****************************************************************
changed: [dut]

TASK [set_fact] ****************************************************************
ok: [dut]

TASK [run /tmp/config.sh to deploy ospf config from /work/netlab_cicd/node_files/dut/ospf] ***
skipping: [dut]

TASK [run vtysh to import ospf config from /work/netlab_cicd/node_files/dut/ospf] ***
changed: [dut]

TASK [Figure out whether to deploy the module bgp on current device] ***********
ok: [dut]

TASK [Find configuration template for bgp] *************************************
ok: [dut]

TASK [fail] ********************************************************************
skipping: [dut]

TASK [Find configuration deployment deploy_script for bgp] *********************
ok: [dut]

TASK [Print deployed configuration when running in verbose mode] ***************
ok: [dut] => {
    "msg": "bgp configuration for dut\n=========================================\n!\nrouter bgp 65000\n  no bgp ebgp-requires-policy\n  no bgp default ipv4-unicast\n  bgp default show-hostname\n  bgp default show-nexthop-hostname\n  ! Consider AS paths of same length but with different AS as ECMP candidates\n  bgp bestpath as-path multipath-relax\n\n  bgp router-id 10.0.0.1\n!\n  neighbor 10.0.0.4 remote-as 65000\n  neighbor 10.0.0.4 description x3\n  neighbor 10.0.0.4 update-source lo\n!\n  neighbor 10.1.0.2 remote-as 65100\n  neighbor 10.1.0.2 description x1\n  neighbor 10.1.0.2 local-as 65002 no-prepend replace-as\n!\n  neighbor 10.1.0.6 remote-as 65101\n  neighbor 10.1.0.6 description x2\n  neighbor 10.1.0.6 local-as 65101 no-prepend replace-as\n!\n address-family ipv4 unicast\n!\n\n!\n! Originate networks from connected subnets\n!\n  network 10.0.0.1/32\n!\n! Originate networks from static routes\n!\n  network 172.42.42.0/24\n!\n  neighbor 10.0.0.4 activate\n  neighbor 10.0.0.4 next-hop-self force\n  no neighbor 10.0.0.4 send-community all\n  neighbor 10.0.0.4 send-community standard\n  neighbor 10.0.0.4 send-community large\n  neighbor 10.0.0.4 send-community extended\n!\n  neighbor 10.1.0.2 activate\n  no neighbor 10.1.0.2 send-community all\n  neighbor 10.1.0.2 send-community standard\n  neighbor 10.1.0.2 send-community large\n!\n  neighbor 10.1.0.6 activate\n  neighbor 10.1.0.6 next-hop-self force\n  neighbor 10.1.0.6 route-reflector-client\n  no neighbor 10.1.0.6 send-community all\n  neighbor 10.1.0.6 send-community standard\n  neighbor 10.1.0.6 send-community large\n  neighbor 10.1.0.6 send-community extended\n!\n!\nip route 172.42.42.0/24 Null0\n!\ndo write\n"
}

TASK [Deploy bgp configuration] ************************************************
included: /home/pipi/netlab_gh/netsim/ansible/tasks/deploy-config/frr.yml for dut

TASK [template] ****************************************************************
changed: [dut]

TASK [set_fact] ****************************************************************
ok: [dut]

TASK [run /tmp/config.sh to deploy bgp config from /work/netlab_cicd/node_files/dut/bgp] ***
skipping: [dut]

TASK [run vtysh to import bgp config from /work/netlab_cicd/node_files/dut/bgp] ***
changed: [dut]

TASK [Figure out whether to deploy the module ospf on current device] **********
ok: [x1]

TASK [Find configuration template for ospf] ************************************
skipping: [x1]

TASK [fail] ********************************************************************
skipping: [x1]

TASK [Find configuration deployment deploy_script for ospf] ********************
skipping: [x1]

TASK [Print deployed configuration when running in verbose mode] ***************
skipping: [x1]

TASK [Deploy ospf configuration] ***********************************************
skipping: [x1]

TASK [Figure out whether to deploy the module bgp on current device] ***********
ok: [x1]

TASK [Find configuration template for bgp] *************************************
ok: [x1]

TASK [fail] ********************************************************************
skipping: [x1]

TASK [Find configuration deployment deploy_script for bgp] *********************
ok: [x1]

TASK [Print deployed configuration when running in verbose mode] ***************
ok: [x1] => {
    "msg": "bgp configuration for x1\n=========================================\n!\nrouter bgp 65100\n  no bgp ebgp-requires-policy\n  no bgp default ipv4-unicast\n  bgp default show-hostname\n  bgp default show-nexthop-hostname\n  ! Consider AS paths of same length but with different AS as ECMP candidates\n  bgp bestpath as-path multipath-relax\n\n  bgp router-id 172.42.1.1\n!\n  neighbor 10.1.0.1 remote-as 65002\n  neighbor 10.1.0.1 description dut\n!\n address-family ipv4 unicast\n!\n\n!\n! Originate networks from connected subnets\n!\n  network 172.42.1.0/24\n!\n  neighbor 10.1.0.1 activate\n  no neighbor 10.1.0.1 send-community all\n  neighbor 10.1.0.1 send-community standard\n  neighbor 10.1.0.1 send-community large\n!\n!\n!\ndo write\n"
}

TASK [Deploy bgp configuration] ************************************************
included: /home/pipi/netlab_gh/netsim/ansible/tasks/deploy-config/frr.yml for x1

TASK [template] ****************************************************************
changed: [x1]

TASK [set_fact] ****************************************************************
ok: [x1]

TASK [run /tmp/config.sh to deploy bgp config from /work/netlab_cicd/node_files/x1/bgp] ***
skipping: [x1]

TASK [run vtysh to import bgp config from /work/netlab_cicd/node_files/x1/bgp] ***
changed: [x1]

TASK [Figure out whether to deploy the module ospf on current device] **********
ok: [x2]

TASK [Find configuration template for ospf] ************************************
ok: [x2]

TASK [fail] ********************************************************************
skipping: [x2]

TASK [Find configuration deployment deploy_script for ospf] ********************
ok: [x2]

TASK [Print deployed configuration when running in verbose mode] ***************
ok: [x2] => {
    "msg": "ospf configuration for x2\n=========================================\n!\n! OSPFv2 FRR configuration\n!\nrouter ospf\n ospf router-id 172.42.2.1\n timers throttle spf 10 50 500\n timers throttle lsa all 100\n timers lsa min-arrival 100\n\n\nexit\n!\ninterface lo\n! \n ip ospf area 0.0.0.0\n!\ninterface eth2\n! x2 -> x4\n ip ospf area 0.0.0.0\n ip ospf network point-to-point\n!\n\n!\ndo write\n"
}

TASK [Deploy ospf configuration] ***********************************************
included: /home/pipi/netlab_gh/netsim/ansible/tasks/deploy-config/frr.yml for x2

TASK [template] ****************************************************************
changed: [x2]

TASK [set_fact] ****************************************************************
ok: [x2]

TASK [run /tmp/config.sh to deploy ospf config from /work/netlab_cicd/node_files/x2/ospf] ***
skipping: [x2]

TASK [run vtysh to import ospf config from /work/netlab_cicd/node_files/x2/ospf] ***
changed: [x2]

TASK [Figure out whether to deploy the module bgp on current device] ***********
ok: [x2]

TASK [Find configuration template for bgp] *************************************
ok: [x2]

TASK [fail] ********************************************************************
skipping: [x2]

TASK [Find configuration deployment deploy_script for bgp] *********************
ok: [x2]

TASK [Print deployed configuration when running in verbose mode] ***************
ok: [x2] => {
    "msg": "bgp configuration for x2\n=========================================\n!\nrouter bgp 65101\n  no bgp ebgp-requires-policy\n  no bgp default ipv4-unicast\n  bgp default show-hostname\n  bgp default show-nexthop-hostname\n  ! Consider AS paths of same length but with different AS as ECMP candidates\n  bgp bestpath as-path multipath-relax\n\n  bgp router-id 172.42.2.1\n!\n  neighbor 172.42.4.1 remote-as 65101\n  neighbor 172.42.4.1 description x4\n  neighbor 172.42.4.1 update-source lo\n!\n  neighbor 10.1.0.5 remote-as 65101\n  neighbor 10.1.0.5 description dut\n!\n address-family ipv4 unicast\n!\n\n!\n! Originate networks from connected subnets\n!\n  network 172.42.2.0/24\n!\n  neighbor 172.42.4.1 activate\n  neighbor 172.42.4.1 next-hop-self force\n  no neighbor 172.42.4.1 send-community all\n  neighbor 172.42.4.1 send-community standard\n  neighbor 172.42.4.1 send-community large\n  neighbor 172.42.4.1 send-community extended\n!\n  neighbor 10.1.0.5 activate\n  neighbor 10.1.0.5 next-hop-self force\n  neighbor 10.1.0.5 route-reflector-client\n  no neighbor 10.1.0.5 send-community all\n  neighbor 10.1.0.5 send-community standard\n  neighbor 10.1.0.5 send-community large\n  neighbor 10.1.0.5 send-community extended\n!\n!\n!\ndo write\n"
}

TASK [Deploy bgp configuration] ************************************************
included: /home/pipi/netlab_gh/netsim/ansible/tasks/deploy-config/frr.yml for x2

TASK [template] ****************************************************************
changed: [x2]

TASK [set_fact] ****************************************************************
ok: [x2]

TASK [run /tmp/config.sh to deploy bgp config from /work/netlab_cicd/node_files/x2/bgp] ***
skipping: [x2]

TASK [run vtysh to import bgp config from /work/netlab_cicd/node_files/x2/bgp] ***
changed: [x2]

TASK [Figure out whether to deploy the module ospf on current device] **********
ok: [x3]

TASK [Find configuration template for ospf] ************************************
ok: [x3]

TASK [fail] ********************************************************************
skipping: [x3]

TASK [Find configuration deployment deploy_script for ospf] ********************
ok: [x3]

TASK [Print deployed configuration when running in verbose mode] ***************
ok: [x3] => {
    "msg": "ospf configuration for x3\n=========================================\n!\n! OSPFv2 FRR configuration\n!\nrouter ospf\n ospf router-id 10.0.0.4\n timers throttle spf 10 50 500\n timers throttle lsa all 100\n timers lsa min-arrival 100\n\n\nexit\n!\ninterface lo\n! \n ip ospf area 0.0.0.0\n!\ninterface eth1\n! x3 -> dut\n ip ospf area 0.0.0.0\n ip ospf network point-to-point\n!\n\n!\ndo write\n"
}

TASK [Deploy ospf configuration] ***********************************************
included: /home/pipi/netlab_gh/netsim/ansible/tasks/deploy-config/frr.yml for x3

TASK [template] ****************************************************************
changed: [x3]

TASK [set_fact] ****************************************************************
ok: [x3]

TASK [run /tmp/config.sh to deploy ospf config from /work/netlab_cicd/node_files/x3/ospf] ***
skipping: [x3]

TASK [run vtysh to import ospf config from /work/netlab_cicd/node_files/x3/ospf] ***
changed: [x3]

TASK [Figure out whether to deploy the module bgp on current device] ***********
ok: [x3]

TASK [Find configuration template for bgp] *************************************
ok: [x3]

TASK [fail] ********************************************************************
skipping: [x3]

TASK [Find configuration deployment deploy_script for bgp] *********************
ok: [x3]

TASK [Print deployed configuration when running in verbose mode] ***************
ok: [x3] => {
    "msg": "bgp configuration for x3\n=========================================\n!\nrouter bgp 65000\n  no bgp ebgp-requires-policy\n  no bgp default ipv4-unicast\n  bgp default show-hostname\n  bgp default show-nexthop-hostname\n  ! Consider AS paths of same length but with different AS as ECMP candidates\n  bgp bestpath as-path multipath-relax\n\n  bgp router-id 10.0.0.4\n!\n  neighbor 10.0.0.1 remote-as 65000\n  neighbor 10.0.0.1 description dut\n  neighbor 10.0.0.1 update-source lo\n!\n address-family ipv4 unicast\n!\n\n!\n! Originate networks from connected subnets\n!\n  network 10.0.0.4/32\n!\n! Originate networks from static routes\n!\n  network 172.42.3.0/24\n!\n  neighbor 10.0.0.1 activate\n  neighbor 10.0.0.1 next-hop-self\n  no neighbor 10.0.0.1 send-community all\n  neighbor 10.0.0.1 send-community standard\n  neighbor 10.0.0.1 send-community large\n  neighbor 10.0.0.1 send-community extended\n!\n!\nip route 172.42.3.0/24 Null0\n!\ndo write\n"
}

TASK [Deploy bgp configuration] ************************************************
included: /home/pipi/netlab_gh/netsim/ansible/tasks/deploy-config/frr.yml for x3

TASK [template] ****************************************************************
changed: [x3]

TASK [set_fact] ****************************************************************
ok: [x3]

TASK [run /tmp/config.sh to deploy bgp config from /work/netlab_cicd/node_files/x3/bgp] ***
skipping: [x3]

TASK [run vtysh to import bgp config from /work/netlab_cicd/node_files/x3/bgp] ***
changed: [x3]

TASK [Figure out whether to deploy the module ospf on current device] **********
ok: [x4]

TASK [Find configuration template for ospf] ************************************
ok: [x4]

TASK [fail] ********************************************************************
skipping: [x4]

TASK [Find configuration deployment deploy_script for ospf] ********************
ok: [x4]

TASK [Print deployed configuration when running in verbose mode] ***************
ok: [x4] => {
    "msg": "ospf configuration for x4\n=========================================\n!\n! OSPFv2 FRR configuration\n!\nrouter ospf\n ospf router-id 172.42.4.1\n timers throttle spf 10 50 500\n timers throttle lsa all 100\n timers lsa min-arrival 100\n\n\nexit\n!\ninterface lo\n! \n ip ospf area 0.0.0.0\n!\ninterface eth1\n! x4 -> x2\n ip ospf area 0.0.0.0\n ip ospf network point-to-point\n!\n\n!\ndo write\n"
}

TASK [Deploy ospf configuration] ***********************************************
included: /home/pipi/netlab_gh/netsim/ansible/tasks/deploy-config/frr.yml for x4

TASK [template] ****************************************************************
changed: [x4]

TASK [set_fact] ****************************************************************
ok: [x4]

TASK [run /tmp/config.sh to deploy ospf config from /work/netlab_cicd/node_files/x4/ospf] ***
skipping: [x4]

TASK [run vtysh to import ospf config from /work/netlab_cicd/node_files/x4/ospf] ***
changed: [x4]

TASK [Figure out whether to deploy the module bgp on current device] ***********
ok: [x4]

TASK [Find configuration template for bgp] *************************************
ok: [x4]

TASK [fail] ********************************************************************
skipping: [x4]

TASK [Find configuration deployment deploy_script for bgp] *********************
ok: [x4]

TASK [Print deployed configuration when running in verbose mode] ***************
ok: [x4] => {
    "msg": "bgp configuration for x4\n=========================================\n!\nrouter bgp 65101\n  no bgp ebgp-requires-policy\n  no bgp default ipv4-unicast\n  bgp default show-hostname\n  bgp default show-nexthop-hostname\n  ! Consider AS paths of same length but with different AS as ECMP candidates\n  bgp bestpath as-path multipath-relax\n\n  bgp router-id 172.42.4.1\n!\n  neighbor 172.42.2.1 remote-as 65101\n  neighbor 172.42.2.1 description x2\n  neighbor 172.42.2.1 update-source lo\n!\n address-family ipv4 unicast\n!\n\n!\n! Originate networks from connected subnets\n!\n  network 172.42.4.0/24\n!\n  neighbor 172.42.2.1 activate\n  neighbor 172.42.2.1 next-hop-self\n  no neighbor 172.42.2.1 send-community all\n  neighbor 172.42.2.1 send-community standard\n  neighbor 172.42.2.1 send-community large\n  neighbor 172.42.2.1 send-community extended\n!\n!\n!\ndo write\n"
}

TASK [Deploy bgp configuration] ************************************************
included: /home/pipi/netlab_gh/netsim/ansible/tasks/deploy-config/frr.yml for x4

TASK [template] ****************************************************************
changed: [x4]

TASK [set_fact] ****************************************************************
ok: [x4]

TASK [run /tmp/config.sh to deploy bgp config from /work/netlab_cicd/node_files/x4/bgp] ***
skipping: [x4]

TASK [run vtysh to import bgp config from /work/netlab_cicd/node_files/x4/bgp] ***
changed: [x4]

PLAY [Deploy custom deployment templates] **************************************
skipping: no hosts matched

PLAY RECAP *********************************************************************
dut                        : ok=36   changed=7    unreachable=0    failed=0    skipped=12   rescued=0    ignored=0   
x1                         : ok=29   changed=5    unreachable=0    failed=0    skipped=15   rescued=0    ignored=0   
x2                         : ok=36   changed=7    unreachable=0    failed=0    skipped=12   rescued=0    ignored=0   
x3                         : ok=36   changed=7    unreachable=0    failed=0    skipped=12   rescued=0    ignored=0   
x4                         : ok=36   changed=7    unreachable=0    failed=0    skipped=12   rescued=0    ignored=0   


Warning: The following warnings were generated during the 'netlab initial' processing
Warning: ansible: You're using Ansible version 12.x or higher; netlab might not work correctly
[CREATED] dut: initial,ospf,bgp
[CREATED] x1: initial,bgp
[CREATED] x2: initial,ospf,bgp
[CREATED] x3: initial,ospf,bgp
[CREATED] x4: initial,ospf,bgp


Use this topology to test the 'local_as' functionality on IBGP sessions. The
device under test uses local AS which is identical to remote AS, effectively
turning an EBGP session into an IBGP session. It should establish the BGP
sessions with X1 and X2, and propagate BGP prefixes between them.

The test also checks (as a warning) whether DUT propagates "real" IBGP routes
over local-as IBGP session. Failure to do that indicates that the next hop is
not set correctly, or that DUT is not working as a route reflector toward
local-as IBGP neighbor.

