time="2024-04-03T10:06:55Z" level=info msg="Containerlab v0.43.0 started"
time="2024-04-03T10:06:55Z" level=info msg="Parsing & checking topology file: clab.yml"
time="2024-04-03T10:06:55Z" level=info msg="Creating lab directory: /tmp/netlab_cicd/clab-bgp"
time="2024-04-03T10:06:55Z" level=info msg="Creating docker network: Name=\"netlab_mgmt\", IPv4Subnet=\"192.168.121.0/24\", IPv6Subnet=\"\", MTU=\"1500\""
time="2024-04-03T10:06:56Z" level=info msg="Creating container: \"x3\""
time="2024-04-03T10:06:56Z" level=info msg="Creating container: \"x1\""
time="2024-04-03T10:06:56Z" level=info msg="Creating container: \"x2\""
time="2024-04-03T10:06:56Z" level=info msg="Creating container: \"dut\""
time="2024-04-03T10:06:56Z" level=info msg="Creating virtual wire: dut:eth3 <--> x3:eth1"
time="2024-04-03T10:06:56Z" level=info msg="Creating virtual wire: dut:eth2 <--> x2:eth1"
time="2024-04-03T10:06:56Z" level=info msg="Creating virtual wire: dut:eth1 <--> x1:eth1"
time="2024-04-03T10:06:57Z" level=info msg="Adding containerlab host entries to /etc/hosts file"
time="2024-04-03T10:06:57Z" level=info msg="🎉 New containerlab version 0.53.0 is available! Release notes: https://containerlab.dev/rn/0.53/\nRun 'containerlab version upgrade' to upgrade or go check other installation options at https://containerlab.dev/install/\n"
+---+--------------+--------------+-----------------------------+-------+---------+--------------------+--------------+
| # |     Name     | Container ID |            Image            | Kind  |  State  |    IPv4 Address    | IPv6 Address |
+---+--------------+--------------+-----------------------------+-------+---------+--------------------+--------------+
| 1 | clab-bgp-dut | b18004db71cd | quay.io/frrouting/frr:9.1.0 | linux | running | 192.168.121.101/24 | N/A          |
| 2 | clab-bgp-x1  | 3608844a09be | quay.io/frrouting/frr:9.1.0 | linux | running | 192.168.121.102/24 | N/A          |
| 3 | clab-bgp-x2  | fca531c875eb | quay.io/frrouting/frr:9.1.0 | linux | running | 192.168.121.103/24 | N/A          |
| 4 | clab-bgp-x3  | 5eb39151bbde | quay.io/frrouting/frr:9.1.0 | linux | running | 192.168.121.104/24 | N/A          |
+---+--------------+--------------+-----------------------------+-------+---------+--------------------+--------------+
Using transformed lab topology from snapshot file netlab.snapshot.yml
Checking virtualization provider installation
OK: clab installed and working correctly
Starting clab nodes
provider clab: executing sudo -E containerlab deploy -t clab.yml

Initial configuration skipped, run 'netlab initial' to configure the devices
