Createdprovider configuration file: Vagrantfile
Creating configuration file for secondary provider clab
Createdprovider configuration file: clab-augment.yml
Mapped clab_files/h1/hosts to h1:/etc/hosts (from templates/provider/clab/linux/hosts.j2)
Mapped clab_files/h2/hosts to h2:/etc/hosts (from templates/provider/clab/linux/hosts.j2)
Mapped clab_files/h3/hosts to h3:/etc/hosts (from templates/provider/clab/linux/hosts.j2)
Mapped clab_files/h4/hosts to h4:/etc/hosts (from templates/provider/clab/linux/hosts.j2)
Mapped clab_files/h5/hosts to h5:/etc/hosts (from templates/provider/clab/linux/hosts.j2)
Mapped clab_files/h6/hosts to h6:/etc/hosts (from templates/provider/clab/linux/hosts.j2)
Createdtransformed topology dump in YAML format in netlab.snapshot.yml
Created group_vars for all
Created group_vars for modules
Created group_vars for linux
Created host_vars for h1
Created host_vars for h2
Created host_vars for h3
Created host_vars for h4
Created host_vars for h5
Created host_vars for h6
Created group_vars for arubacx
Created host_vars for s1
Created host_vars for s2
Created host_vars for s3
Createdminimized Ansible inventory hosts.yml
CreatedAnsible configuration file: ansible.cfg
