18:40:32 INFO Containerlab started version=0.72.0
18:40:32 INFO Parsing & checking topology file=clab.yml
18:40:32 INFO Removing directory path=/work/netlab_cicd/clab-ml_17
18:40:32 INFO Creating docker network name=nl_mgmt_17 IPv4 subnet=192.168.17.0/24 IPv6 subnet="" MTU=0
18:40:32 INFO Creating lab directory path=/work/netlab_cicd/clab-ml_17
18:40:32 INFO Creating container name=h1
18:40:32 INFO Creating container name=h2
18:40:32 INFO Creating container name=r
18:40:32 INFO Created link: r:eth1 (Ethernet0/1) ▪┄┄▪ h1:eth1
18:40:33 INFO Created link: r:eth2 (Ethernet0/2) ▪┄┄▪ h2:eth1
18:40:33 INFO Running postdeploy actions for Cisco IOL 'r' node
18:40:33 INFO Adding host entries path=/etc/hosts
18:40:33 INFO Adding SSH config for nodes path=/etc/ssh/ssh_config.d/clab-ml_17.conf
[1m╭[0m[1m───────────────[0m[1m┬[0m[1m─────────────────────────────[0m[1m┬[0m[1m─────────[0m[1m┬[0m[1m────────────────[0m[1m╮[0m
[1m│[0m[1m      Name     [0m[1m│[0m[1m          Kind/Image         [0m[1m│[0m[1m  State  [0m[1m│[0m[1m IPv4/6 Address [0m[1m│[0m
[1m├[0m[1m───────────────[0m[1m┼[0m[1m─────────────────────────────[0m[1m┼[0m[1m─────────[0m[1m┼[0m[1m────────────────[0m[1m┤[0m
│ clab-ml_17-h1 │ linux                       │ running │ 192.168.17.102 │
│               │ python:3.13-alpine          │         │ N/A            │
├───────────────┼─────────────────────────────┼─────────┼────────────────┤
│ clab-ml_17-h2 │ linux                       │ running │ 192.168.17.103 │
│               │ python:3.13-alpine          │         │ N/A            │
├───────────────┼─────────────────────────────┼─────────┼────────────────┤
│ clab-ml_17-r  │ cisco_iol                   │ running │ 192.168.17.101 │
│               │ vrnetlab/cisco_iol:17.12.01 │         │ N/A            │
╰───────────────┴─────────────────────────────┴─────────┴────────────────╯
Using transformed lab topology from snapshot file netlab.snapshot.pickle
Checking virtualization provider installation
OK: clab installed and working correctly
Starting clab nodes
provider clab: executing sudo -E containerlab deploy --reconfigure -t clab.yml

Initial configuration skipped, run 'netlab initial' to configure the devices
