[CONFIG]  dut: initial,ifstate
[CONFIG]  h4: initial,dhcp
[CONFIG]  dhsrv: initial,dnsmasq,dhcp,hosts
[CONFIG]  h0: initial,daemons,hosts (shared)
[CONFIG]  h1: initial,daemons,hosts (shared)
[CONFIG]  h2: initial,daemons,hosts (shared)
[CONFIG]  h3: initial,daemons,hosts (shared)
Created provider configuration file: Vagrantfile
Creating configuration file for secondary provider clab
Created provider configuration file: clab-augment.yml
Created startup configuration for dut
Created pickled transformed topology data into netlab.snapshot.pickle
Created group_vars for all
Created group_vars for modules
Created group_vars for iol
Created host_vars for dut
Created group_vars for linux
Created host_vars for h4
Created group_vars for dnsmasq
Created host_vars for dhsrv
Created group_vars for frr
Created host_vars for h0, h1, h2, h3
Created minimized Ansible inventory hosts.yml
Created Ansible configuration file: ansible.cfg
Created transformed topology dump in YAML format in netlab.snapshot.yml
