[WARNING]: Could not match supplied host pattern, ignoring: unprovisioned

PLAY [Deploy initial device configuration] *************************************

TASK [Set variables that cannot be set with VARS] ******************************
ok: [x1]
ok: [x3]
ok: [x2]
ok: [dut]

TASK [Find device readiness script] ********************************************
ok: [x1]
ok: [x2]
ok: [x3]
ok: [dut]

TASK [Wait for device to become ready] *****************************************
skipping: [x1]
skipping: [x2]
skipping: [x3]
included: /home/pipi/net101/tools/netsim/ansible/tasks/readiness-check/nxos.yml for dut

TASK [Wait for Eth1/1 to appear] ***********************************************
ok: [dut]

TASK [Deploy initial configuration] ********************************************
included: /home/pipi/net101/tools/netsim/ansible/tasks/deploy-module.yml for x1, x2, x3, dut

TASK [Figure out whether to deploy the module initial on current device] *******
ok: [x1]
ok: [x2]
ok: [x3]
ok: [dut]

TASK [Find configuration template for initial] *********************************
ok: [x1]
ok: [x3]
ok: [x2]
ok: [dut]

TASK [Print deployed configuration when running in verbose mode] ***************
ok: [x1] => 
  msg: |-
    initial configuration for x1
    =========================================
    #!/bin/bash
    #
    set -e
    set -x
    #
    # Create bash profile script
    #
    cat <<SCRIPT >/root/.bash_profile
    #!/bin/bash
    #
    export PS1="\h(bash)#"
    echo "Use vtysh to connect to FRR daemon"
    echo
    SCRIPT
    #
    # Build hosts file
    #
    echo "# Created by netlab initial" >>/tmp/hosts
    echo "2001:db8:1:1::1 2001:db8:2::1 2001:db8:2:1::1 2001:db8:2:2::1 2001:db8:bad:cafe::1 dut" >>/tmp/hosts
    echo "2001:db8:1:2::1 2001:db8:2::2 x1" >>/tmp/hosts
    echo "2001:db8:1:3::1 2001:db8:2:1::3 x2" >>/tmp/hosts
    echo "2001:db8:1:4::1 2001:db8:2:2::4 x3" >>/tmp/hosts
    grep "Created by netlab" /etc/hosts || uniq /tmp/hosts|sort >>/etc/hosts
  
    #
    # Get the current next hop for the default route
    #
    def_nh=$(ip route list default|awk '{ print $3 }')
    #
    # Create the management VRF and add eth0 to it
    #
    if [ ! -e /sys/devices/virtual/net/mgmt ]; then
      ip link add mgmt type vrf table 42
    fi
    ip link set mgmt up
    sysctl -qw net.ipv6.conf.eth0.keep_addr_on_down=1
    ip link set eth0 master mgmt
    #
    # Reinstall the default route if we had it before
    #
    if [[ -n "$def_nh" ]]; then
      ip route add 0.0.0.0/0 vrf mgmt via $def_nh
    fi
    #
    # Enable FRR modules (if not using containerlab bind-mounted /etc/frr/daemons)
    #
  
    #
    # Create loopbacks and stub devices
    #
    if [ ! -e /sys/class/net/lo ]; then
      if [ ! -e /sys/devices/virtual/net/lo ]; then
        ip link add lo type dummy
        ip link set dev lo up
      fi
    fi
  
    # Disable IPv6 (for IPv4-only interfaces) or SLAAC (if the device is a router)
    #
    sysctl -qw net.ipv6.conf.eth1.autoconf=0
    sysctl -qw net.ipv6.conf.eth1.accept_ra=0
    ip link set eth1 down
    ip link set eth1 up
  
    #
    # Add vtysh.conf file
    echo "service integrated-vtysh-config" >/etc/frr/vtysh.conf
    #
    # Set Ethernet interface MTU
    ip link set eth1 mtu 1500
    #
    # Rest of initial configuration done through VTYSH
    #
    cat >/tmp/config <<CONFIG
    hostname x1
    !
    vrf mgmt
     exit-vrf
    !
    ipv6 forwarding
    frr defaults datacenter
    !
    interface lo
     no shutdown
     ! no ip address
     ipv6 address 2001:db8:1:2::1/64
    !
    interface eth1
     no shutdown
     description x1 -> dut
     ! no ip address
     ipv6 address 2001:db8:2::2/64
     ipv6 nd ra-interval 5
     no ipv6 nd suppress-ra
    !
    do write
    CONFIG
    vtysh -f /tmp/config
    exit 0
ok: [x3] => 
  msg: |-
    initial configuration for x3
    =========================================
    #!/bin/bash
    #
    set -e
    set -x
    #
    # Create bash profile script
    #
    cat <<SCRIPT >/root/.bash_profile
    #!/bin/bash
    #
    export PS1="\h(bash)#"
    echo "Use vtysh to connect to FRR daemon"
    echo
    SCRIPT
    #
    # Build hosts file
    #
    echo "# Created by netlab initial" >>/tmp/hosts
    echo "2001:db8:1:1::1 2001:db8:2::1 2001:db8:2:1::1 2001:db8:2:2::1 2001:db8:bad:cafe::1 dut" >>/tmp/hosts
    echo "2001:db8:1:2::1 2001:db8:2::2 x1" >>/tmp/hosts
    echo "2001:db8:1:3::1 2001:db8:2:1::3 x2" >>/tmp/hosts
    echo "2001:db8:1:4::1 2001:db8:2:2::4 x3" >>/tmp/hosts
    grep "Created by netlab" /etc/hosts || uniq /tmp/hosts|sort >>/etc/hosts
  
    #
    # Get the current next hop for the default route
    #
    def_nh=$(ip route list default|awk '{ print $3 }')
    #
    # Create the management VRF and add eth0 to it
    #
    if [ ! -e /sys/devices/virtual/net/mgmt ]; then
      ip link add mgmt type vrf table 42
    fi
    ip link set mgmt up
    sysctl -qw net.ipv6.conf.eth0.keep_addr_on_down=1
    ip link set eth0 master mgmt
    #
    # Reinstall the default route if we had it before
    #
    if [[ -n "$def_nh" ]]; then
      ip route add 0.0.0.0/0 vrf mgmt via $def_nh
    fi
    #
    # Enable FRR modules (if not using containerlab bind-mounted /etc/frr/daemons)
    #
  
    #
    # Create loopbacks and stub devices
    #
    if [ ! -e /sys/class/net/lo ]; then
      if [ ! -e /sys/devices/virtual/net/lo ]; then
        ip link add lo type dummy
        ip link set dev lo up
      fi
    fi
  
    # Disable IPv6 (for IPv4-only interfaces) or SLAAC (if the device is a router)
    #
    sysctl -qw net.ipv6.conf.eth1.autoconf=0
    sysctl -qw net.ipv6.conf.eth1.accept_ra=0
    ip link set eth1 down
    ip link set eth1 up
  
    #
    # Add vtysh.conf file
    echo "service integrated-vtysh-config" >/etc/frr/vtysh.conf
    #
    # Set Ethernet interface MTU
    ip link set eth1 mtu 1500
    #
    # Rest of initial configuration done through VTYSH
    #
    cat >/tmp/config <<CONFIG
    hostname x3
    !
    vrf mgmt
     exit-vrf
    !
    ipv6 forwarding
    frr defaults datacenter
    !
    interface lo
     no shutdown
     ! no ip address
     ipv6 address 2001:db8:1:4::1/64
    !
    interface eth1
     no shutdown
     description x3 -> dut
     ! no ip address
     ipv6 address 2001:db8:2:2::4/64
     ipv6 nd ra-interval 5
     no ipv6 nd suppress-ra
    !
    do write
    CONFIG
    vtysh -f /tmp/config
    exit 0
ok: [x2] => 
  msg: |-
    initial configuration for x2
    =========================================
    #!/bin/bash
    #
    set -e
    set -x
    #
    # Create bash profile script
    #
    cat <<SCRIPT >/root/.bash_profile
    #!/bin/bash
    #
    export PS1="\h(bash)#"
    echo "Use vtysh to connect to FRR daemon"
    echo
    SCRIPT
    #
    # Build hosts file
    #
    echo "# Created by netlab initial" >>/tmp/hosts
    echo "2001:db8:1:1::1 2001:db8:2::1 2001:db8:2:1::1 2001:db8:2:2::1 2001:db8:bad:cafe::1 dut" >>/tmp/hosts
    echo "2001:db8:1:2::1 2001:db8:2::2 x1" >>/tmp/hosts
    echo "2001:db8:1:3::1 2001:db8:2:1::3 x2" >>/tmp/hosts
    echo "2001:db8:1:4::1 2001:db8:2:2::4 x3" >>/tmp/hosts
    grep "Created by netlab" /etc/hosts || uniq /tmp/hosts|sort >>/etc/hosts
  
    #
    # Get the current next hop for the default route
    #
    def_nh=$(ip route list default|awk '{ print $3 }')
    #
    # Create the management VRF and add eth0 to it
    #
    if [ ! -e /sys/devices/virtual/net/mgmt ]; then
      ip link add mgmt type vrf table 42
    fi
    ip link set mgmt up
    sysctl -qw net.ipv6.conf.eth0.keep_addr_on_down=1
    ip link set eth0 master mgmt
    #
    # Reinstall the default route if we had it before
    #
    if [[ -n "$def_nh" ]]; then
      ip route add 0.0.0.0/0 vrf mgmt via $def_nh
    fi
    #
    # Enable FRR modules (if not using containerlab bind-mounted /etc/frr/daemons)
    #
  
    #
    # Create loopbacks and stub devices
    #
    if [ ! -e /sys/class/net/lo ]; then
      if [ ! -e /sys/devices/virtual/net/lo ]; then
        ip link add lo type dummy
        ip link set dev lo up
      fi
    fi
  
    # Disable IPv6 (for IPv4-only interfaces) or SLAAC (if the device is a router)
    #
    sysctl -qw net.ipv6.conf.eth1.autoconf=0
    sysctl -qw net.ipv6.conf.eth1.accept_ra=0
    ip link set eth1 down
    ip link set eth1 up
  
    #
    # Add vtysh.conf file
    echo "service integrated-vtysh-config" >/etc/frr/vtysh.conf
    #
    # Set Ethernet interface MTU
    ip link set eth1 mtu 1500
    #
    # Rest of initial configuration done through VTYSH
    #
    cat >/tmp/config <<CONFIG
    hostname x2
    !
    vrf mgmt
     exit-vrf
    !
    ipv6 forwarding
    frr defaults datacenter
    !
    interface lo
     no shutdown
     ! no ip address
     ipv6 address 2001:db8:1:3::1/64
    !
    interface eth1
     no shutdown
     description x2 -> dut
     ! no ip address
     ipv6 address 2001:db8:2:1::3/64
     ipv6 nd ra-interval 5
     no ipv6 nd suppress-ra
    !
    do write
    CONFIG
    vtysh -f /tmp/config
    exit 0
ok: [dut] => 
  msg: |-
    initial configuration for dut
    =========================================
    hostname dut
    !
    no ip domain-lookup
    !
    feature lldp
    !
    username vagrant password vagrant
    !
    !
    !
    interface mgmt0
     no lldp transmit
     no lldp receive
    !
    interface loopback0
     no shutdown
     ipv6 address 2001:db8:1:1::1/64
     ipv6 nd ra-interval 5 min 3
    !
    interface Ethernet1/1
     no shutdown
     no switchport
     mac-address 52dc.cafe.0101
     description dut -> x1
     mtu 1500
     ipv6 address 2001:db8:2::1/64
     ipv6 nd ra-interval 5 min 3
    !
    interface Ethernet1/2
     no shutdown
     no switchport
     mac-address 52dc.cafe.0102
     description dut -> x2
     mtu 1500
     ipv6 address 2001:db8:2:1::1/64
     ipv6 nd ra-interval 5 min 3
    !
    interface Ethernet1/3
     no shutdown
     no switchport
     mac-address 52dc.cafe.0103
     description dut -> x3
     mtu 1500
     ipv6 address 2001:db8:2:2::1/64
     ipv6 nd ra-interval 5 min 3
    !
    interface Ethernet1/4
     no shutdown
     no switchport
     mac-address 52dc.cafe.0104
     description dut -> stub
     mtu 1500
     ipv6 address 2001:db8:bad:cafe::1/64
     ipv6 nd ra-interval 5 min 3
    !

TASK [Find configuration deployment deploy_script for initial] *****************
ok: [x1]
ok: [x2]
ok: [x3]
ok: [dut]

TASK [Deploy initial configuration] ********************************************
included: /home/pipi/net101/tools/netsim/ansible/tasks/frr/initial-clab.yml for x1, x2, x3
included: /home/pipi/net101/tools/netsim/ansible/tasks/deploy-config/nxos.yml for dut

TASK [Attempt to load VRF kernel module] ***************************************
changed: [x3 -> localhost]
changed: [x1 -> localhost]
changed: [x2 -> localhost]

TASK [Disable FRR management VRF when modprobe fails] **************************
skipping: [x1]
skipping: [x2]
skipping: [x3]

TASK [include_tasks] ***********************************************************
included: /home/pipi/net101/tools/netsim/ansible/tasks/frr/deploy-config.yml for x1, x2, x3

TASK [template] ****************************************************************
changed: [x1]
changed: [x2]
changed: [x3]

TASK [set_fact] ****************************************************************
ok: [x1]
ok: [x2]
ok: [x3]

TASK [run /tmp/config.sh to deploy initial config from /home/pipi/net101/tools/netsim/ansible/templates/initial/frr.j2] ***
changed: [x2]
changed: [x1]
changed: [x3]

TASK [run vtysh to import initial config from /home/pipi/net101/tools/netsim/ansible/templates/initial/frr.j2] ***
skipping: [x1]
skipping: [x2]
skipping: [x3]

TASK [nxos_config: deploying initial from /home/pipi/net101/tools/netsim/ansible/templates/initial/nxos.j2] ***
[WARNING]: To ensure idempotency and correct diff the input configuration lines
should be similar to how they appear if present in the running configuration on
device including the indentation
changed: [dut]

PLAY [Deploy module-specific configurations] ***********************************

TASK [Set variables that cannot be set with VARS] ******************************
ok: [x1]
ok: [x2]
ok: [x3]
ok: [dut]

TASK [Deploy individual configuration modules] *********************************
included: /home/pipi/net101/tools/netsim/ansible/tasks/deploy-module.yml for dut, x1, x2, x3 => (item=ospf)

TASK [Figure out whether to deploy the module ospf on current device] **********
ok: [x1]
ok: [x2]
ok: [x3]
ok: [dut]

TASK [Find configuration template for ospf] ************************************
ok: [x1]
ok: [x2]
ok: [x3]
ok: [dut]

TASK [Print deployed configuration when running in verbose mode] ***************
ok: [x1] => 
  msg: |-
    ospf configuration for x1
    =========================================
    !
    ! OSPFv3 FRR configuration
    !
    interface lo
    !
     ipv6 ospf6 area 0.0.0.0
    !
    interface eth1
    ! x1 -> dut
     ipv6 ospf6 area 0.0.0.0
     ipv6 ospf6 network point-to-point
    !
    !
    router ospf6
     ospf6 router-id 10.0.0.2
     timers lsa min-arrival 100
     timers throttle spf 10 50 500
  
    exit
  
    !
    do write
ok: [dut] => 
  msg: |-
    ospf configuration for dut
    =========================================
    feature ospfv3
    !
    router ospfv3 1
     router-id 10.0.0.1
    !
    interface loopback0
    !
     ipv6 router ospfv3 1 area 0.0.0.2
    !
    interface Ethernet1/1
    ! dut -> x1
     ipv6 router ospfv3 1 area 0.0.0.0
     ospfv3 network point-to-point
    !
    interface Ethernet1/2
    ! dut -> x2
     ipv6 router ospfv3 1 area 0.0.0.2
     ospfv3 network point-to-point
    !
    interface Ethernet1/3
    ! dut -> x3
     ipv6 router ospfv3 1 area 0.0.0.3
     ospfv3 network point-to-point
    !
    interface Ethernet1/4
    ! dut -> stub
     ipv6 router ospfv3 1 area 0.0.0.2
     ospfv3 passive-interface
    !
ok: [x2] => 
  msg: |-
    ospf configuration for x2
    =========================================
    !
    ! OSPFv3 FRR configuration
    !
    interface lo
    !
     ipv6 ospf6 area 0.0.0.2
    !
    interface eth1
    ! x2 -> dut
     ipv6 ospf6 area 0.0.0.2
     ipv6 ospf6 network point-to-point
    !
    !
    router ospf6
     ospf6 router-id 10.0.0.3
     timers lsa min-arrival 100
     timers throttle spf 10 50 500
  
    exit
  
    !
    do write
ok: [x3] => 
  msg: |-
    ospf configuration for x3
    =========================================
    !
    ! OSPFv3 FRR configuration
    !
    interface lo
    !
     ipv6 ospf6 area 0.0.0.3
    !
    interface eth1
    ! x3 -> dut
     ipv6 ospf6 area 0.0.0.3
     ipv6 ospf6 network point-to-point
    !
    !
    router ospf6
     ospf6 router-id 10.0.0.4
     timers lsa min-arrival 100
     timers throttle spf 10 50 500
  
    exit
  
    !
    do write

TASK [Find configuration deployment deploy_script for ospf] ********************
ok: [x1]
ok: [x2]
ok: [x3]
ok: [dut]

TASK [Deploy ospf configuration] ***********************************************
included: /home/pipi/net101/tools/netsim/ansible/tasks/deploy-config/nxos.yml for dut
included: /home/pipi/net101/tools/netsim/ansible/tasks/deploy-config/frr.yml for x1, x2, x3

TASK [nxos_config: deploying ospf from /home/pipi/net101/tools/netsim/ansible/templates/ospf/nxos.j2] ***
changed: [dut]

TASK [template] ****************************************************************
changed: [x1]
changed: [x2]
changed: [x3]

TASK [set_fact] ****************************************************************
ok: [x1]
ok: [x2]
ok: [x3]

TASK [run /tmp/config.sh to deploy ospf config from /home/pipi/net101/tools/netsim/ansible/templates/ospf/frr.j2] ***
skipping: [x1]
skipping: [x2]
skipping: [x3]

TASK [run vtysh to import ospf config from /home/pipi/net101/tools/netsim/ansible/templates/ospf/frr.j2] ***
changed: [x2]
changed: [x1]
changed: [x3]

PLAY [Deploy custom deployment templates] **************************************
skipping: no hosts matched

PLAY RECAP *********************************************************************
dut                        : ok=19   changed=2    unreachable=0    failed=0    skipped=0    rescued=0    ignored=0   
x1                         : ok=23   changed=5    unreachable=0    failed=0    skipped=4    rescued=0    ignored=0   
x2                         : ok=23   changed=5    unreachable=0    failed=0    skipped=4    rescued=0    ignored=0   
x3                         : ok=23   changed=5    unreachable=0    failed=0    skipped=4    rescued=0    ignored=0   



This lab tests the OSPFv3 areas. The device under test has three interfaces
in three different areas and the loopback interface in one of those areas.

