Using transformed lab topology from snapshot file netlab.snapshot.pickle
Checking virtualization provider installation
OK: clab installed and working correctly
Starting clab nodes
Loading Linux kernel modules mpls-router,mpls-iptunnel required by containers using mpls module
provider clab: executing sudo -E containerlab deploy --reconfigure -t clab.yml
11:14:05 INFO Containerlab started version=0.73.0
11:14:05 INFO Parsing & checking topology file=clab.yml
11:14:05 INFO Removing directory path=/work/netlab_cicd/clab-ml-17
11:14:05 INFO Creating docker network name=nl_mgmt_17 IPv4 subnet=192.168.17.0/24 IPv6 subnet="" MTU=0
11:14:05 INFO Creating lab directory path=/work/netlab_cicd/clab-ml-17
11:14:05 INFO Creating container name=h1
11:14:05 INFO Creating container name=h2
11:14:05 INFO Creating container name=core
11:14:05 INFO Creating container name=dut
11:14:05 INFO Creating container name=pe2
11:14:06 INFO Created link: h1:eth1 ▪┄┄▪ dut:Gi0-0-0-1
11:14:06 INFO Running postdeploy actions for Cisco XRd 'dut' node
11:14:06 INFO Created link: dut:Gi0-0-0-0 ▪┄┄▪ core:eth1
11:14:06 INFO Created link: pe2:et1 ▪┄┄▪ core:eth2
11:14:06 INFO Created link: h2:eth1 ▪┄┄▪ pe2:et2
11:14:06 INFO Running postdeploy actions for Arista cEOS 'pe2' node
11:14:27 INFO Executed command node=core command="sleep 1" stdout=""
11:14:27 INFO Adding host entries path=/etc/hosts
11:14:27 INFO Adding SSH config for nodes path=/etc/ssh/ssh_config.d/clab-ml-17.conf
[1m╭[0m[1m─────────────────[0m[1m┬[0m[1m─────────────────────────────────[0m[1m┬[0m[1m─────────[0m[1m┬[0m[1m────────────────[0m[1m╮[0m
[1m│[0m[1m       Name      [0m[1m│[0m[1m            Kind/Image           [0m[1m│[0m[1m  State  [0m[1m│[0m[1m IPv4/6 Address [0m[1m│[0m
[1m├[0m[1m─────────────────[0m[1m┼[0m[1m─────────────────────────────────[0m[1m┼[0m[1m─────────[0m[1m┼[0m[1m────────────────[0m[1m┤[0m
│ clab-ml-17-core │ linux                           │ running │ 192.168.17.105 │
│                 │ quay.io/frrouting/frr:10.5.1    │         │ N/A            │
├─────────────────┼─────────────────────────────────┼─────────┼────────────────┤
│ clab-ml-17-dut  │ cisco_xrd                       │ running │ 192.168.17.103 │
│                 │ ios-xr/xrd-control-plane:25.2.1 │         │ N/A            │
├─────────────────┼─────────────────────────────────┼─────────┼────────────────┤
│ clab-ml-17-h1   │ linux                           │ running │ 192.168.17.101 │
│                 │ python:3.13-alpine              │         │ N/A            │
├─────────────────┼─────────────────────────────────┼─────────┼────────────────┤
│ clab-ml-17-h2   │ linux                           │ running │ 192.168.17.102 │
│                 │ python:3.13-alpine              │         │ N/A            │
├─────────────────┼─────────────────────────────────┼─────────┼────────────────┤
│ clab-ml-17-pe2  │ ceos                            │ running │ 192.168.17.104 │
│                 │ ceos:4.35.0.1F                  │         │ N/A            │
╰─────────────────┴─────────────────────────────────┴─────────┴────────────────╯

Initial configuration skipped, run 'netlab initial' to configure the devices
