Warning in vrf_check: Device bird/dut does not support VRFs
 [INFO] Removing vrf from topology modules
 [INFO] Removing vrf from node dut modules
 [INFO] Removing vrfs from lab topology
 [INFO] Removing vrf from interface links[2]/dut
 [INFO] Removing validation test vrf_ebgp_v4
 [INFO] Removing validation test vrf_ebgp_v6
 [INFO] Removing validation test vrf_def_ipv4
 [INFO] Removing validation test vrf_def_ipv6
[CONFIG]  dut: initial,routing,bird,bgp,bgp.session,hosts
[CONFIG]  x1: initial,bgp,daemons,hosts (shared)
[CONFIG]  x2: initial,bgp,daemons,hosts (shared)
Createdprovider configuration file: clab.yml
Createdpickled transformed topology data into netlab.snapshot.pickle
Created group_vars for all
Created group_vars for modules
Created group_vars for custom_configs
Created group_vars for bird
Created host_vars for dut
Created group_vars for frr
Created host_vars for x1, x2
Createdminimized Ansible inventory hosts.yml
CreatedAnsible configuration file: ansible.cfg
Createdtransformed topology dump in YAML format in netlab.snapshot.yml
