18:05:05 INFO Containerlab started version=0.72.0
18:05:05 INFO Parsing & checking topology file=clab.yml
18:05:05 INFO Removing directory path=/work/netlab_cicd/clab-ml_17
18:05:05 INFO Creating docker network name=nl_mgmt_17 IPv4 subnet=192.168.17.0/24 IPv6 subnet="" MTU=0
18:05:05 INFO Creating lab directory path=/work/netlab_cicd/clab-ml_17
18:05:05 INFO Creating container name=r1
18:05:05 INFO Creating container name=r3
18:05:05 INFO Creating container name=dut
18:05:05 INFO Creating container name=r4
18:05:05 INFO Creating container name=r2
18:05:06 INFO Created link: dut:FH0_0_0_0 ▪┄┄▪ r1:eth1
18:05:06 INFO Created link: dut:FH0_0_0_1 ▪┄┄▪ r2:eth1
18:05:06 INFO Created link: dut:FH0_0_0_2 ▪┄┄▪ r3:eth1
18:05:06 INFO Created link: dut:FH0_0_0_3 ▪┄┄▪ r4:eth1
18:05:06 INFO Adding host entries path=/etc/hosts
18:05:06 INFO Adding SSH config for nodes path=/etc/ssh/ssh_config.d/clab-ml_17.conf
[1m╭[0m[1m────────────────[0m[1m┬[0m[1m──────────────────────────────[0m[1m┬[0m[1m─────────[0m[1m┬[0m[1m────────────────[0m[1m╮[0m
[1m│[0m[1m      Name      [0m[1m│[0m[1m          Kind/Image          [0m[1m│[0m[1m  State  [0m[1m│[0m[1m IPv4/6 Address [0m[1m│[0m
[1m├[0m[1m────────────────[0m[1m┼[0m[1m──────────────────────────────[0m[1m┼[0m[1m─────────[0m[1m┼[0m[1m────────────────[0m[1m┤[0m
│ clab-ml_17-dut │ cisco_c8000                  │ running │ 192.168.17.101 │
│                │ cisco/cisco-8201-32fh:24.4.1 │         │ N/A            │
├────────────────┼──────────────────────────────┼─────────┼────────────────┤
│ clab-ml_17-r1  │ linux                        │ running │ 192.168.17.102 │
│                │ quay.io/frrouting/frr:10.5.0 │         │ N/A            │
├────────────────┼──────────────────────────────┼─────────┼────────────────┤
│ clab-ml_17-r2  │ linux                        │ running │ 192.168.17.103 │
│                │ quay.io/frrouting/frr:10.5.0 │         │ N/A            │
├────────────────┼──────────────────────────────┼─────────┼────────────────┤
│ clab-ml_17-r3  │ linux                        │ running │ 192.168.17.104 │
│                │ quay.io/frrouting/frr:10.5.0 │         │ N/A            │
├────────────────┼──────────────────────────────┼─────────┼────────────────┤
│ clab-ml_17-r4  │ linux                        │ running │ 192.168.17.105 │
│                │ quay.io/frrouting/frr:10.5.0 │         │ N/A            │
╰────────────────┴──────────────────────────────┴─────────┴────────────────╯
Using transformed lab topology from snapshot file netlab.snapshot.pickle
Checking virtualization provider installation
OK: clab installed and working correctly
Starting clab nodes
provider clab: executing sudo -E containerlab deploy --reconfigure -t clab.yml

Initial configuration skipped, run 'netlab initial' to configure the devices
