[WARNING]: Could not match supplied host pattern, ignoring: unprovisioned
[WARNING]: Found variable using reserved name: hosts

PLAY [Deploy initial device configuration] *************************************

TASK [Set variables that cannot be set with VARS] ******************************
ok: [r1]
ok: [r2]
ok: [r3]
ok: [r4]
ok: [dut]

TASK [Generic readiness tests] *************************************************
skipping: [r1]
skipping: [r2]
skipping: [r3]
skipping: [r4]
included: /home/pipi/netlab_gh/netsim/ansible/tasks/readiness-check/ssh.yml for dut => (item=ssh)

TASK [Check if 'sshpass' is installed] *****************************************
ok: [dut -> localhost]

TASK [Check for 'timeout' command] *********************************************
ok: [dut -> localhost]

TASK [Execute local ssh command to check ssh readiness] ************************
FAILED - RETRYING: [dut -> localhost]: Execute local ssh command to check ssh readiness (50 retries left).
FAILED - RETRYING: [dut -> localhost]: Execute local ssh command to check ssh readiness (49 retries left).
FAILED - RETRYING: [dut -> localhost]: Execute local ssh command to check ssh readiness (48 retries left).
FAILED - RETRYING: [dut -> localhost]: Execute local ssh command to check ssh readiness (47 retries left).
FAILED - RETRYING: [dut -> localhost]: Execute local ssh command to check ssh readiness (46 retries left).
FAILED - RETRYING: [dut -> localhost]: Execute local ssh command to check ssh readiness (45 retries left).
FAILED - RETRYING: [dut -> localhost]: Execute local ssh command to check ssh readiness (44 retries left).
FAILED - RETRYING: [dut -> localhost]: Execute local ssh command to check ssh readiness (43 retries left).
FAILED - RETRYING: [dut -> localhost]: Execute local ssh command to check ssh readiness (42 retries left).
FAILED - RETRYING: [dut -> localhost]: Execute local ssh command to check ssh readiness (41 retries left).
FAILED - RETRYING: [dut -> localhost]: Execute local ssh command to check ssh readiness (40 retries left).
FAILED - RETRYING: [dut -> localhost]: Execute local ssh command to check ssh readiness (39 retries left).
FAILED - RETRYING: [dut -> localhost]: Execute local ssh command to check ssh readiness (38 retries left).
FAILED - RETRYING: [dut -> localhost]: Execute local ssh command to check ssh readiness (37 retries left).
FAILED - RETRYING: [dut -> localhost]: Execute local ssh command to check ssh readiness (36 retries left).
FAILED - RETRYING: [dut -> localhost]: Execute local ssh command to check ssh readiness (35 retries left).
FAILED - RETRYING: [dut -> localhost]: Execute local ssh command to check ssh readiness (34 retries left).
FAILED - RETRYING: [dut -> localhost]: Execute local ssh command to check ssh readiness (33 retries left).
FAILED - RETRYING: [dut -> localhost]: Execute local ssh command to check ssh readiness (32 retries left).
ok: [dut -> localhost]

TASK [Confirm dut SSH server works] ********************************************
ok: [dut] => 
  msg: Node dut is ready.

TASK [Find device readiness script] ********************************************
ok: [r1]
ok: [r2]
ok: [r3]
ok: [r4]
ok: [dut]

TASK [Wait for device to become ready] *****************************************
skipping: [dut]
skipping: [r1]
skipping: [r2]
skipping: [r3]
skipping: [r4]

TASK [Normalize config on bridge-like devices] *********************************
included: /home/pipi/netlab_gh/netsim/ansible/tasks/deploy-module.yml for dut, r1, r2, r3, r4

TASK [Figure out whether to deploy the module normalize on current device] *****
ok: [r1]
ok: [r2]
ok: [r3]
ok: [r4]
ok: [dut]

TASK [Find configuration template for normalize] *******************************
ok: [r1]
ok: [r2]
ok: [r3]
ok: [r4]
ok: [dut]

TASK [fail] ********************************************************************
skipping: [dut]
skipping: [r1]
skipping: [r2]
skipping: [r3]
skipping: [r4]

TASK [Find configuration deployment deploy_script for normalize] ***************
ok: [r1]
ok: [r2]
ok: [r3]
ok: [r4]
ok: [dut]

TASK [Print deployed configuration when running in verbose mode] ***************
skipping: [dut]
skipping: [r1]
skipping: [r2]
skipping: [r3]
skipping: [r4]

TASK [Deploy normalize configuration] ******************************************
skipping: [dut]
skipping: [r1]
skipping: [r2]
skipping: [r3]
skipping: [r4]

TASK [Deploy initial configuration] ********************************************
included: /home/pipi/netlab_gh/netsim/ansible/tasks/deploy-module.yml for dut, r1, r2, r3, r4

TASK [Figure out whether to deploy the module initial on current device] *******
ok: [r1]
ok: [r2]
ok: [r3]
ok: [r4]
ok: [dut]

TASK [Find configuration template for initial] *********************************
ok: [r1]
ok: [r2]
ok: [r3]
ok: [r4]
ok: [dut]

TASK [fail] ********************************************************************
skipping: [dut]
skipping: [r1]
skipping: [r2]
skipping: [r3]
skipping: [r4]

TASK [Find configuration deployment deploy_script for initial] *****************
ok: [r1]
ok: [r2]
ok: [r3]
ok: [r4]
ok: [dut]

TASK [Print deployed configuration when running in verbose mode] ***************
ok: [r1] => 
  msg: |-
    initial configuration for r1
    =========================================
    #!/bin/bash
    #
    set -e
    set -x
    #
    # Create bash profile script
    #
    cat <<SCRIPT >/root/.bash_profile
    #!/bin/bash
    #
    export PS1="\h(bash)# "
    echo
    echo "Use vtysh to connect to FRR daemon"
    echo
    SCRIPT
    #
    # This is an artifact of unknown provenance that should be removed in a year or two (= 2026/2027)
    #
    # FRR controls these parameters with 'ip forwarding' and 'ipv6 forwarding' commands
    #
    sysctl -w net.ipv4.ip_forward=1
    sysctl -w net.ipv6.conf.all.forwarding=0
    #
    #
    # Get the current next hop for the default route
    #
    def_nh=$(ip route list default|awk '{ print $3 }')
    #
    # Create the management VRF and add eth0 to it
    #
    if [ ! -e /sys/devices/virtual/net/mgmt ]; then
      ip link add mgmt type vrf table 42
    fi
    ip link set mgmt up
    sysctl -qw net.ipv6.conf.eth0.keep_addr_on_down=1
    ip link set eth0 master mgmt
    #
    # Reinstall the default route if we had it before
    #
    if [[ -n "$def_nh" ]]; then
      ip route add 0.0.0.0/0 vrf mgmt via $def_nh
    fi
    #
    # Enable FRR modules (if not using containerlab bind-mounted /etc/frr/daemons)
    #
  
    # Set system defaults
    #
    # Send ARP requests from a sane source IP address
    #
    sysctl -w net.ipv4.conf.all.arp_announce=2
  
    #
    # Create loopbacks, stub and lag/bond devices
    #
    if [ ! -e /sys/class/net/lo ]; then
      if [ ! -e /sys/devices/virtual/net/lo ]; then
        ip link add lo type dummy
        ip link set dev lo up
      fi
    fi
  
    # Disable IPv6 (for IPv4-only interfaces) or SLAAC (if the device is a router)
    #
    ip link set eth1 down
    sysctl -qw net.ipv6.conf.eth1.disable_ipv6=1
    ip link set dev eth1 mtu 1500
    ip link set eth1 up
  
    #
    # Add vtysh.conf file
    echo "service integrated-vtysh-config" >/etc/frr/vtysh.conf
  
    #
    # Rest of initial configuration done through VTYSH
    #
    cat >/tmp/config <<CONFIG
    hostname r1
    !
    log file /tmp/logging
  
    !
    ip forwarding
    vrf mgmt
     exit-vrf
    !
    frr defaults datacenter
    !
    interface lo
     no shutdown
     ip address 10.0.0.2/32
    !
    interface eth1
     no shutdown
     description r1 -> dut [external]
     ip address 10.1.0.2/30
    !
    do write
    CONFIG
    vtysh -f /tmp/config
    !
    exit 0
ok: [r2] => 
  msg: |-
    initial configuration for r2
    =========================================
    #!/bin/bash
    #
    set -e
    set -x
    #
    # Create bash profile script
    #
    cat <<SCRIPT >/root/.bash_profile
    #!/bin/bash
    #
    export PS1="\h(bash)# "
    echo
    echo "Use vtysh to connect to FRR daemon"
    echo
    SCRIPT
    #
    # This is an artifact of unknown provenance that should be removed in a year or two (= 2026/2027)
    #
    # FRR controls these parameters with 'ip forwarding' and 'ipv6 forwarding' commands
    #
    sysctl -w net.ipv4.ip_forward=1
    sysctl -w net.ipv6.conf.all.forwarding=0
    #
    #
    # Get the current next hop for the default route
    #
    def_nh=$(ip route list default|awk '{ print $3 }')
    #
    # Create the management VRF and add eth0 to it
    #
    if [ ! -e /sys/devices/virtual/net/mgmt ]; then
      ip link add mgmt type vrf table 42
    fi
    ip link set mgmt up
    sysctl -qw net.ipv6.conf.eth0.keep_addr_on_down=1
    ip link set eth0 master mgmt
    #
    # Reinstall the default route if we had it before
    #
    if [[ -n "$def_nh" ]]; then
      ip route add 0.0.0.0/0 vrf mgmt via $def_nh
    fi
    #
    # Enable FRR modules (if not using containerlab bind-mounted /etc/frr/daemons)
    #
  
    # Set system defaults
    #
    # Send ARP requests from a sane source IP address
    #
    sysctl -w net.ipv4.conf.all.arp_announce=2
  
    #
    # Create loopbacks, stub and lag/bond devices
    #
    if [ ! -e /sys/class/net/lo ]; then
      if [ ! -e /sys/devices/virtual/net/lo ]; then
        ip link add lo type dummy
        ip link set dev lo up
      fi
    fi
  
    # Disable IPv6 (for IPv4-only interfaces) or SLAAC (if the device is a router)
    #
    ip link set eth1 down
    sysctl -qw net.ipv6.conf.eth1.disable_ipv6=1
    ip link set dev eth1 mtu 1500
    ip link set eth1 up
  
    #
    # Add vtysh.conf file
    echo "service integrated-vtysh-config" >/etc/frr/vtysh.conf
  
    #
    # Rest of initial configuration done through VTYSH
    #
    cat >/tmp/config <<CONFIG
    hostname r2
    !
    log file /tmp/logging
  
    !
    ip forwarding
    vrf mgmt
     exit-vrf
    !
    frr defaults datacenter
    !
    interface lo
     no shutdown
     ip address 10.0.0.3/32
    !
    interface eth1
     no shutdown
     description r2 -> dut [external]
     ip address 10.1.0.6/30
    !
    do write
    CONFIG
    vtysh -f /tmp/config
    !
    exit 0
ok: [r3] => 
  msg: |-
    initial configuration for r3
    =========================================
    #!/bin/bash
    #
    set -e
    set -x
    #
    # Create bash profile script
    #
    cat <<SCRIPT >/root/.bash_profile
    #!/bin/bash
    #
    export PS1="\h(bash)# "
    echo
    echo "Use vtysh to connect to FRR daemon"
    echo
    SCRIPT
    #
    # This is an artifact of unknown provenance that should be removed in a year or two (= 2026/2027)
    #
    # FRR controls these parameters with 'ip forwarding' and 'ipv6 forwarding' commands
    #
    sysctl -w net.ipv4.ip_forward=1
    sysctl -w net.ipv6.conf.all.forwarding=0
    #
    #
    # Get the current next hop for the default route
    #
    def_nh=$(ip route list default|awk '{ print $3 }')
    #
    # Create the management VRF and add eth0 to it
    #
    if [ ! -e /sys/devices/virtual/net/mgmt ]; then
      ip link add mgmt type vrf table 42
    fi
    ip link set mgmt up
    sysctl -qw net.ipv6.conf.eth0.keep_addr_on_down=1
    ip link set eth0 master mgmt
    #
    # Reinstall the default route if we had it before
    #
    if [[ -n "$def_nh" ]]; then
      ip route add 0.0.0.0/0 vrf mgmt via $def_nh
    fi
    #
    # Enable FRR modules (if not using containerlab bind-mounted /etc/frr/daemons)
    #
  
    # Set system defaults
    #
    # Send ARP requests from a sane source IP address
    #
    sysctl -w net.ipv4.conf.all.arp_announce=2
  
    #
    # Create loopbacks, stub and lag/bond devices
    #
    if [ ! -e /sys/class/net/lo ]; then
      if [ ! -e /sys/devices/virtual/net/lo ]; then
        ip link add lo type dummy
        ip link set dev lo up
      fi
    fi
  
    # Disable IPv6 (for IPv4-only interfaces) or SLAAC (if the device is a router)
    #
    ip link set eth1 down
    sysctl -qw net.ipv6.conf.eth1.disable_ipv6=1
    ip link set dev eth1 mtu 1500
    ip link set eth1 up
  
    #
    # Add vtysh.conf file
    echo "service integrated-vtysh-config" >/etc/frr/vtysh.conf
  
    #
    # Rest of initial configuration done through VTYSH
    #
    cat >/tmp/config <<CONFIG
    hostname r3
    !
    log file /tmp/logging
  
    !
    ip forwarding
    vrf mgmt
     exit-vrf
    !
    frr defaults datacenter
    !
    interface lo
     no shutdown
     ip address 10.0.0.4/32
    !
    interface eth1
     no shutdown
     description r3 -> dut [external]
     ip address 10.1.0.10/30
    !
    do write
    CONFIG
    vtysh -f /tmp/config
    !
    exit 0
ok: [r4] => 
  msg: |-
    initial configuration for r4
    =========================================
    #!/bin/bash
    #
    set -e
    set -x
    #
    # Create bash profile script
    #
    cat <<SCRIPT >/root/.bash_profile
    #!/bin/bash
    #
    export PS1="\h(bash)# "
    echo
    echo "Use vtysh to connect to FRR daemon"
    echo
    SCRIPT
    #
    # This is an artifact of unknown provenance that should be removed in a year or two (= 2026/2027)
    #
    # FRR controls these parameters with 'ip forwarding' and 'ipv6 forwarding' commands
    #
    sysctl -w net.ipv4.ip_forward=1
    sysctl -w net.ipv6.conf.all.forwarding=0
    #
    #
    # Get the current next hop for the default route
    #
    def_nh=$(ip route list default|awk '{ print $3 }')
    #
    # Create the management VRF and add eth0 to it
    #
    if [ ! -e /sys/devices/virtual/net/mgmt ]; then
      ip link add mgmt type vrf table 42
    fi
    ip link set mgmt up
    sysctl -qw net.ipv6.conf.eth0.keep_addr_on_down=1
    ip link set eth0 master mgmt
    #
    # Reinstall the default route if we had it before
    #
    if [[ -n "$def_nh" ]]; then
      ip route add 0.0.0.0/0 vrf mgmt via $def_nh
    fi
    #
    # Enable FRR modules (if not using containerlab bind-mounted /etc/frr/daemons)
    #
  
    # Set system defaults
    #
    # Send ARP requests from a sane source IP address
    #
    sysctl -w net.ipv4.conf.all.arp_announce=2
  
    #
    # Create loopbacks, stub and lag/bond devices
    #
    if [ ! -e /sys/class/net/lo ]; then
      if [ ! -e /sys/devices/virtual/net/lo ]; then
        ip link add lo type dummy
        ip link set dev lo up
      fi
    fi
  
    # Disable IPv6 (for IPv4-only interfaces) or SLAAC (if the device is a router)
    #
    ip link set eth1 down
    sysctl -qw net.ipv6.conf.eth1.disable_ipv6=1
    ip link set dev eth1 mtu 1500
    ip link set eth1 up
  
    #
    # Add vtysh.conf file
    echo "service integrated-vtysh-config" >/etc/frr/vtysh.conf
  
    #
    # Rest of initial configuration done through VTYSH
    #
    cat >/tmp/config <<CONFIG
    hostname r4
    !
    log file /tmp/logging
  
    !
    ip forwarding
    vrf mgmt
     exit-vrf
    !
    frr defaults datacenter
    !
    interface lo
     no shutdown
     ip address 10.0.0.5/32
    !
    interface eth1
     no shutdown
     description r4 -> dut [external]
     ip address 10.1.0.14/30
    !
    do write
    CONFIG
    vtysh -f /tmp/config
    !
    exit 0
ok: [dut] => 
  msg: |-
    initial configuration for dut
    =========================================
    hostname dut
    !
    domain lookup disable
    !
    lldp
     no management enable
    !
    domain ipv4 host r1 10.0.0.2
    domain ipv4 host r2 10.0.0.3
    domain ipv4 host r3 10.0.0.4
    domain ipv4 host r4 10.0.0.5
    !
    interface Loopback0
     no shutdown
     ipv4 address 10.0.0.1 255.255.255.255
    !
    interface FourHundredGigE0/0/0/0
     no shutdown
     description dut -> r1 [external]
     ipv4 address 10.1.0.1 255.255.255.252
    !
    interface FourHundredGigE0/0/0/1
     no shutdown
     description dut -> r2 [external]
     ipv4 address 10.1.0.5 255.255.255.252
    !
    interface FourHundredGigE0/0/0/2
     no shutdown
     description dut -> r3 [external]
     ipv4 address 10.1.0.9 255.255.255.252
    !
    interface FourHundredGigE0/0/0/3
     no shutdown
     description dut -> r4 [external]
     ipv4 address 10.1.0.13 255.255.255.252
    !
    interface Loopback1
     no shutdown
     description VRF Loopback red
     ipv4 address 10.0.0.42 255.255.255.255
    !
    interface Loopback2
     no shutdown
     description VRF Loopback blue
     ipv4 address 10.0.0.43 255.255.255.255
    !

TASK [Deploy initial configuration] ********************************************
included: /home/pipi/netlab_gh/netsim/ansible/tasks/deploy-config/iosxr.yml for dut
included: /home/pipi/netlab_gh/netsim/ansible/tasks/frr/initial-clab.yml for r1, r2, r3, r4

TASK [iosxr_config: deploying initial from /home/pipi/netlab_gh/netsim/ansible/templates/initial/iosxr.j2] ***
[WARNING]: To ensure idempotency and correct diff the input configuration lines
should be similar to how they appear if present in the running configuration on
device including the indentation
changed: [dut]

TASK [Attempt to load VRF kernel module] ***************************************
changed: [r1 -> localhost]

TASK [Disable FRR management VRF when modprobe fails] **************************
skipping: [r1]
skipping: [r2]
skipping: [r3]
skipping: [r4]

TASK [include_tasks] ***********************************************************
included: /home/pipi/netlab_gh/netsim/ansible/tasks/frr/deploy-config.yml for r1, r2, r3, r4

TASK [template] ****************************************************************
changed: [r4]
changed: [r3]
changed: [r2]
changed: [r1]

TASK [set_fact] ****************************************************************
ok: [r1]
ok: [r2]
ok: [r3]
ok: [r4]

TASK [run /tmp/config.sh to deploy initial config from /home/pipi/netlab_gh/netsim/ansible/templates/initial/frr.j2] ***
changed: [r4]
changed: [r3]
changed: [r2]
changed: [r1]

TASK [run vtysh to import initial config from /home/pipi/netlab_gh/netsim/ansible/templates/initial/frr.j2] ***
skipping: [r1]
skipping: [r2]
skipping: [r3]
skipping: [r4]

PLAY [Deploy module-specific configurations] ***********************************

TASK [Set variables that cannot be set with VARS] ******************************
ok: [r1]
ok: [r2]
ok: [r3]
ok: [r4]
ok: [dut]

TASK [Deploy individual configuration modules] *********************************
included: /home/pipi/netlab_gh/netsim/ansible/tasks/deploy-module.yml for dut, r1, r2, r3, r4 => (item=bgp)
included: /home/pipi/netlab_gh/netsim/ansible/tasks/deploy-module.yml for dut, r1, r2, r3, r4 => (item=vrf)

TASK [Figure out whether to deploy the module bgp on current device] ***********
ok: [r1]
ok: [r2]
ok: [r3]
ok: [r4]
ok: [dut]

TASK [Find configuration template for bgp] *************************************
ok: [r1]
ok: [r2]
ok: [r3]
ok: [r4]
ok: [dut]

TASK [fail] ********************************************************************
skipping: [dut]
skipping: [r1]
skipping: [r2]
skipping: [r3]
skipping: [r4]

TASK [Find configuration deployment deploy_script for bgp] *********************
ok: [r1]
ok: [r2]
ok: [r3]
ok: [r4]
ok: [dut]

TASK [Print deployed configuration when running in verbose mode] ***************
ok: [r1] => 
  msg: |-
    bgp configuration for r1
    =========================================
    !
    router bgp 65101
      no bgp ebgp-requires-policy
      no bgp default ipv4-unicast
      bgp default show-hostname
      bgp default show-nexthop-hostname
      ! Consider AS paths of same length but with different AS as ECMP candidates
      bgp bestpath as-path multipath-relax
  
      bgp router-id 10.0.0.2
    !
      neighbor 10.1.0.1 remote-as 65000
      neighbor 10.1.0.1 description dut
    !
     address-family ipv4 unicast
    !
  
    !
    ! Originate networks from connected subnets
    !
      network 10.0.0.2/32
    !
      neighbor 10.1.0.1 activate
      no neighbor 10.1.0.1 send-community all
      neighbor 10.1.0.1 send-community standard
      neighbor 10.1.0.1 send-community large
    !
    !
    !
    do write
ok: [r2] => 
  msg: |-
    bgp configuration for r2
    =========================================
    !
    router bgp 65102
      no bgp ebgp-requires-policy
      no bgp default ipv4-unicast
      bgp default show-hostname
      bgp default show-nexthop-hostname
      ! Consider AS paths of same length but with different AS as ECMP candidates
      bgp bestpath as-path multipath-relax
  
      bgp router-id 10.0.0.3
    !
      neighbor 10.1.0.5 remote-as 65000
      neighbor 10.1.0.5 description dut
    !
     address-family ipv4 unicast
    !
  
    !
    ! Originate networks from connected subnets
    !
      network 10.0.0.3/32
    !
      neighbor 10.1.0.5 activate
      no neighbor 10.1.0.5 send-community all
      neighbor 10.1.0.5 send-community standard
      neighbor 10.1.0.5 send-community large
    !
    !
    !
    do write
ok: [r3] => 
  msg: |-
    bgp configuration for r3
    =========================================
    !
    router bgp 65103
      no bgp ebgp-requires-policy
      no bgp default ipv4-unicast
      bgp default show-hostname
      bgp default show-nexthop-hostname
      ! Consider AS paths of same length but with different AS as ECMP candidates
      bgp bestpath as-path multipath-relax
  
      bgp router-id 10.0.0.4
    !
      neighbor 10.1.0.9 remote-as 65000
      neighbor 10.1.0.9 description dut
    !
     address-family ipv4 unicast
    !
  
    !
    ! Originate networks from connected subnets
    !
      network 10.0.0.4/32
    !
      neighbor 10.1.0.9 activate
      no neighbor 10.1.0.9 send-community all
      neighbor 10.1.0.9 send-community standard
      neighbor 10.1.0.9 send-community large
    !
    !
    !
    do write
ok: [r4] => 
  msg: |-
    bgp configuration for r4
    =========================================
    !
    router bgp 65104
      no bgp ebgp-requires-policy
      no bgp default ipv4-unicast
      bgp default show-hostname
      bgp default show-nexthop-hostname
      ! Consider AS paths of same length but with different AS as ECMP candidates
      bgp bestpath as-path multipath-relax
  
      bgp router-id 10.0.0.5
    !
      neighbor 10.1.0.13 remote-as 65000
      neighbor 10.1.0.13 description dut
    !
     address-family ipv4 unicast
    !
  
    !
    ! Originate networks from connected subnets
    !
      network 10.0.0.5/32
    !
      neighbor 10.1.0.13 activate
      no neighbor 10.1.0.13 send-community all
      neighbor 10.1.0.13 send-community standard
      neighbor 10.1.0.13 send-community large
    !
    !
    !
    do write
ok: [dut] => 
  msg: |-
    bgp configuration for dut
    =========================================
    !
    !
    router bgp 65000
     bgp unsafe-ebgp-policy
     bgp scan-time 5
     bgp update-delay 5
     bgp router-id 10.0.0.1
  
    !
     address-family ipv4 unicast
      bgp scan-time 5
    !
      network 10.0.0.1/32
    !

TASK [Deploy bgp configuration] ************************************************
included: /home/pipi/netlab_gh/netsim/ansible/tasks/deploy-config/iosxr.yml for dut
included: /home/pipi/netlab_gh/netsim/ansible/tasks/deploy-config/frr.yml for r1, r2, r3, r4

TASK [iosxr_config: deploying bgp from /home/pipi/netlab_gh/netsim/ansible/templates/bgp/iosxr.j2] ***
changed: [dut]

TASK [template] ****************************************************************
changed: [r3]
changed: [r4]
changed: [r2]
changed: [r1]

TASK [set_fact] ****************************************************************
ok: [r1]
ok: [r2]
ok: [r3]
ok: [r4]

TASK [run /tmp/config.sh to deploy bgp config from /home/pipi/netlab_gh/netsim/ansible/templates/bgp/frr.j2] ***
skipping: [r1]
skipping: [r2]
skipping: [r3]
skipping: [r4]

TASK [run vtysh to import bgp config from /home/pipi/netlab_gh/netsim/ansible/templates/bgp/frr.j2] ***
changed: [r2]
changed: [r1]
changed: [r4]
changed: [r3]

TASK [Figure out whether to deploy the module vrf on current device] ***********
ok: [r1]
ok: [r2]
ok: [r3]
ok: [r4]
ok: [dut]

TASK [Find configuration template for vrf] *************************************
skipping: [r1]
skipping: [r2]
skipping: [r3]
skipping: [r4]
ok: [dut]

TASK [fail] ********************************************************************
skipping: [dut]
skipping: [r1]
skipping: [r2]
skipping: [r3]
skipping: [r4]

TASK [Find configuration deployment deploy_script for vrf] *********************
skipping: [r1]
skipping: [r2]
skipping: [r3]
skipping: [r4]
ok: [dut]

TASK [Print deployed configuration when running in verbose mode] ***************
skipping: [r1]
skipping: [r2]
skipping: [r3]
skipping: [r4]
ok: [dut] => 
  msg: |-
    vrf configuration for dut
    =========================================
    vrf red
     rd 65000:1
    !
     address-family ipv4 unicast
      import route-target 65000:1
      export route-target 65000:1
    !
    vrf blue
     rd 65000:2
    !
     address-family ipv4 unicast
      import route-target 65000:2
      export route-target 65000:2
    !
    interface FourHundredGigE0/0/0/0
     vrf red
    !
    interface FourHundredGigE0/0/0/1
     vrf red
    !
    interface FourHundredGigE0/0/0/2
     vrf blue
    !
    interface FourHundredGigE0/0/0/3
     vrf blue
    !
    interface Loopback1
     vrf red
    !
    interface Loopback2
     vrf blue
    !
    !
    router bgp 65000
     bgp unsafe-ebgp-policy
     bgp scan-time 5
     bgp update-delay 5
     bgp router-id 10.0.0.1
  
     address-family vpnv4 unicast
      bgp import-delay 0 0
      bgp scan-time 5
     vrf red
      bgp unsafe-ebgp-policy
      bgp router-id 10.42.0.1
    !
      address-family ipv4 unicast
       redistribute connected
  
       network 10.0.0.42/32
      neighbor 10.1.0.2
       remote-as 65101
       description r1
       address-family ipv4 unicast
        send-community-ebgp
     !
  
      neighbor 10.1.0.6
       remote-as 65102
       description r2
       address-family ipv4 unicast
        send-community-ebgp
     !
  
     vrf blue
      bgp unsafe-ebgp-policy
    !
      address-family ipv4 unicast
       redistribute connected
  
       network 10.0.0.43/32
      neighbor 10.1.0.10
       remote-as 65103
       description r3
       address-family ipv4 unicast
        send-community-ebgp
     !
  
      neighbor 10.1.0.14
       remote-as 65104
       description r4
       address-family ipv4 unicast
        send-community-ebgp
     !

TASK [Deploy vrf configuration] ************************************************
skipping: [r1]
skipping: [r2]
skipping: [r3]
skipping: [r4]
included: /home/pipi/netlab_gh/netsim/ansible/tasks/deploy-config/iosxr.yml for dut

TASK [iosxr_config: deploying vrf from /home/pipi/netlab_gh/netsim/ansible/templates/vrf/iosxr.j2] ***
changed: [dut]

PLAY [Deploy custom deployment templates] **************************************
skipping: no hosts matched

PLAY RECAP *********************************************************************
dut                        : ok=33   changed=3    unreachable=0    failed=0    skipped=7    rescued=0    ignored=0   
r1                         : ok=29   changed=5    unreachable=0    failed=0    skipped=15   rescued=0    ignored=0   
r2                         : ok=28   changed=4    unreachable=0    failed=0    skipped=15   rescued=0    ignored=0   
r3                         : ok=28   changed=4    unreachable=0    failed=0    skipped=15   rescued=0    ignored=0   
r4                         : ok=28   changed=4    unreachable=0    failed=0    skipped=15   rescued=0    ignored=0   



The device under test has two VRFs with two interfaces in each VRF.
Routers are attached to those interfaces and run BGP with device under test.
Assuming the multi-vrf BGP test case succeeded, this one adds VRF loopback
interfaces advertised into BGP with network statements.

* r1 and r2 should be able to ping each other and rtr VRF loopback
* r3 and r4 should be able to ping each other and rtr VRF loopback
* r1 should not be able to reach r3

