[WARNING]: Could not match supplied host pattern, ignoring: unprovisioned
[WARNING]: Found variable using reserved name: hosts

PLAY [Deploy initial device configuration] *************************************

TASK [Set variables that cannot be set with VARS] ******************************
ok: [h1]
ok: [h2]
ok: [h3]
ok: [s1]
ok: [h4]
ok: [s2]

TASK [Find device readiness script] ********************************************
ok: [h1]
ok: [h2]
ok: [h4]
ok: [s1]
ok: [h3]
ok: [s2]

TASK [Wait for device to become ready] *****************************************
skipping: [s1]
skipping: [s2]
skipping: [h1]
skipping: [h2]
skipping: [h3]
skipping: [h4]

TASK [Normalize config on bridge-like devices] *********************************
included: /home/pipi/netlab_gh/netsim/ansible/tasks/deploy-module.yml for s1, s2, h1, h2, h3, h4

TASK [Figure out whether to deploy the module normalize on current device] *****
ok: [h1]
ok: [h2]
ok: [h4]
ok: [h3]
ok: [s1]
ok: [s2]

TASK [Find configuration template for normalize] *******************************
ok: [h1]
ok: [h2]
ok: [h4]
ok: [s1]
ok: [h3]
ok: [s2]

TASK [fail] ********************************************************************
skipping: [s1]
skipping: [s2]
skipping: [h1]
skipping: [h2]
skipping: [h3]
skipping: [h4]

TASK [Find configuration deployment deploy_script for normalize] ***************
ok: [h1]
ok: [h3]
ok: [s1]
ok: [h2]
ok: [s2]
ok: [h4]

TASK [Print deployed configuration when running in verbose mode] ***************
skipping: [s1]
skipping: [s2]
skipping: [h1]
skipping: [h2]
skipping: [h3]
skipping: [h4]

TASK [Deploy normalize configuration] ******************************************
skipping: [s1]
skipping: [s2]
skipping: [h1]
skipping: [h2]
skipping: [h3]
skipping: [h4]

TASK [Deploy initial configuration] ********************************************
included: /home/pipi/netlab_gh/netsim/ansible/tasks/deploy-module.yml for s1, s2, h1, h2, h3, h4

TASK [Figure out whether to deploy the module initial on current device] *******
ok: [h1]
ok: [h2]
ok: [h3]
ok: [s1]
ok: [h4]
ok: [s2]

TASK [Find configuration template for initial] *********************************
ok: [h2]
ok: [h1]
ok: [h3]
ok: [h4]
ok: [s1]
ok: [s2]

TASK [fail] ********************************************************************
skipping: [s1]
skipping: [s2]
skipping: [h1]
skipping: [h2]
skipping: [h3]
skipping: [h4]

TASK [Find configuration deployment deploy_script for initial] *****************
ok: [h1]
ok: [h3]
ok: [h2]
ok: [h4]
ok: [s1]
ok: [s2]

TASK [Print deployed configuration when running in verbose mode] ***************
ok: [h4] => 
  msg: |-
    initial configuration for h4
    =========================================
    #!/bin/bash
    #
    # This script contains the 'ip' commands needed to set up container
    # interfaces and route table. It's executed within the container
    # network namespace on the container host.
    #
    #  /etc/hosts file is generated as a clab bind.
    #
    set -e
  
    ### One-Shot configuration (non-Ubuntu VM or container)
    #
    # Send ARP requests from a sane source IP address
    sysctl -w net.ipv4.conf.all.arp_announce=2
  
    #
    # Disable IPv4 and IPv6 forwarding
    #
    sysctl -w net.ipv4.ip_forward=0
    sysctl -w net.ipv6.conf.all.forwarding=0
  
    #
    # Interface addressing, create any bond devices
    #
    ip link set dev eth1 up
    set +e
    ip addr del 172.16.2.4/24 dev eth1 2>/dev/null
    set -e
    ip addr add 172.16.2.4/24 dev eth1
    sysctl -w net.ipv6.conf.eth1.disable_ipv6=1
    ip link set dev eth1 mtu 1500
ok: [h1] => 
  msg: |-
    initial configuration for h1
    =========================================
    #!/bin/bash
    #
    # This script contains the 'ip' commands needed to set up container
    # interfaces and route table. It's executed within the container
    # network namespace on the container host.
    #
    #  /etc/hosts file is generated as a clab bind.
    #
    set -e
  
    ### One-Shot configuration (non-Ubuntu VM or container)
    #
    # Send ARP requests from a sane source IP address
    sysctl -w net.ipv4.conf.all.arp_announce=2
  
    #
    # Disable IPv4 and IPv6 forwarding
    #
    sysctl -w net.ipv4.ip_forward=0
    sysctl -w net.ipv6.conf.all.forwarding=0
  
    #
    # Interface addressing, create any bond devices
    #
    ip link set dev eth1 up
    set +e
    ip addr del 172.16.0.1/24 dev eth1 2>/dev/null
    set -e
    ip addr add 172.16.0.1/24 dev eth1
    sysctl -w net.ipv6.conf.eth1.disable_ipv6=1
    ip link set dev eth1 mtu 1500
ok: [h2] => 
  msg: |-
    initial configuration for h2
    =========================================
    #!/bin/bash
    #
    # This script contains the 'ip' commands needed to set up container
    # interfaces and route table. It's executed within the container
    # network namespace on the container host.
    #
    #  /etc/hosts file is generated as a clab bind.
    #
    set -e
  
    ### One-Shot configuration (non-Ubuntu VM or container)
    #
    # Send ARP requests from a sane source IP address
    sysctl -w net.ipv4.conf.all.arp_announce=2
  
    #
    # Disable IPv4 and IPv6 forwarding
    #
    sysctl -w net.ipv4.ip_forward=0
    sysctl -w net.ipv6.conf.all.forwarding=0
  
    #
    # Interface addressing, create any bond devices
    #
    ip link set dev eth1 up
    set +e
    ip addr del 172.16.0.2/24 dev eth1 2>/dev/null
    set -e
    ip addr add 172.16.0.2/24 dev eth1
    sysctl -w net.ipv6.conf.eth1.disable_ipv6=1
    ip link set dev eth1 mtu 1500
ok: [h3] => 
  msg: |-
    initial configuration for h3
    =========================================
    #!/bin/bash
    #
    # This script contains the 'ip' commands needed to set up container
    # interfaces and route table. It's executed within the container
    # network namespace on the container host.
    #
    #  /etc/hosts file is generated as a clab bind.
    #
    set -e
  
    ### One-Shot configuration (non-Ubuntu VM or container)
    #
    # Send ARP requests from a sane source IP address
    sysctl -w net.ipv4.conf.all.arp_announce=2
  
    #
    # Disable IPv4 and IPv6 forwarding
    #
    sysctl -w net.ipv4.ip_forward=0
    sysctl -w net.ipv6.conf.all.forwarding=0
  
    #
    # Interface addressing, create any bond devices
    #
    ip link set dev eth1 up
    set +e
    ip addr del 172.16.1.3/24 dev eth1 2>/dev/null
    set -e
    ip addr add 172.16.1.3/24 dev eth1
    sysctl -w net.ipv6.conf.eth1.disable_ipv6=1
    ip link set dev eth1 mtu 1500
ok: [s1] => 
  msg: |-
    initial configuration for s1
    =========================================
    hostname s1
    !
    no ip domain lookup
    !
    lldp run
    !
    ip host h1 172.16.0.1
    ip host h2 172.16.0.2
    ip host h3 172.16.1.3
    ip host h4 172.16.2.4
    ip host s1-tenant 172.16.0.5 172.16.1.5
    ip host s2 10.0.0.6 10.1.0.2
    ip host s2-tenant 172.16.2.6 172.16.0.6
    !
    ip routing
    !
    no ipv6 unicast-routing
    !
    vrf definition tenant
     rd 65000:1
     route-target import 65000:1
     route-target export 65000:1
    !
     address-family ipv4
     exit-address-family
    !
  
    !
  
    !
    !
    interface Loopback0
     ip address 10.0.0.5 255.255.255.255
    !
    interface GigabitEthernet1
     no lldp transmit
     no lldp receive
    !
    interface GigabitEthernet2
     description s1 -> s2
     mtu 1600
     ip address 10.1.0.1 255.255.255.252
     no shutdown
    !
    interface GigabitEthernet3
     description [Access VLAN red] s1 -> h1
     no shutdown
    !
    interface GigabitEthernet4
     description [Access VLAN blue] s1 -> h3
     no shutdown
    !
    interface BDI1000
     vrf forwarding tenant
     description VLAN red (1000) -> [h1,h2,s2]
     ip address 172.16.0.5 255.255.255.0
     no shutdown
    !
    interface BDI1001
     vrf forwarding tenant
     description VLAN blue (1001) -> [h3] [stub]
     ip address 172.16.1.5 255.255.255.0
     no shutdown
    !
    !
    line vty 0 4
     exec-timeout 0 0
    !
    no banner exec
    no banner login
    no banner incoming
ok: [s2] => 
  msg: |-
    initial configuration for s2
    =========================================
    hostname s2
    !
    no ip domain lookup
    !
    lldp run
    !
    ip host h1 172.16.0.1
    ip host h2 172.16.0.2
    ip host h3 172.16.1.3
    ip host h4 172.16.2.4
    ip host s1 10.0.0.5 10.1.0.1
    ip host s1-tenant 172.16.0.5 172.16.1.5
    ip host s2-tenant 172.16.2.6 172.16.0.6
    !
    ip routing
    !
    no ipv6 unicast-routing
    !
    vrf definition tenant
     rd 65000:1
     route-target import 65000:1
     route-target export 65000:1
    !
     address-family ipv4
     exit-address-family
    !
  
    !
  
    !
    !
    interface Loopback0
     ip address 10.0.0.6 255.255.255.255
    !
    interface GigabitEthernet1
     no lldp transmit
     no lldp receive
    !
    interface GigabitEthernet2
     description s2 -> s1
     mtu 1600
     ip address 10.1.0.2 255.255.255.252
     no shutdown
    !
    interface GigabitEthernet3
     description [Access VLAN red] s2 -> h2
     no shutdown
    !
    interface GigabitEthernet4
     vrf forwarding tenant
     description s2 -> h4 [stub]
     ip address 172.16.2.6 255.255.255.0
     no shutdown
    !
    interface BDI1000
     vrf forwarding tenant
     description VLAN red (1000) -> [h1,s1,h2]
     ip address 172.16.0.6 255.255.255.0
     no shutdown
    !
    !
    line vty 0 4
     exec-timeout 0 0
    !
    no banner exec
    no banner login
    no banner incoming

TASK [Deploy initial configuration] ********************************************
included: /home/pipi/netlab_gh/netsim/ansible/tasks/deploy-config/ios.yml for s1, s2
included: /home/pipi/netlab_gh/netsim/ansible/tasks/deploy-config/linux-clab.yml for h1, h2, h3, h4

TASK [ios_config: deploying initial from /home/pipi/netlab_gh/netsim/ansible/templates/initial/ios.j2] ***
[WARNING]: To ensure idempotency and correct diff the input configuration lines
should be similar to how they appear if present in the running configuration on
device including the indentation
changed: [s2]
changed: [s1]

TASK [Define script filename and determine whether to execute in netns] ********
ok: [h1]
ok: [h2]
ok: [h3]
ok: [h4]

TASK [Create a temporary file for the rendered script] *************************
changed: [h2 -> localhost]
changed: [h1 -> localhost]
changed: [h3 -> localhost]
changed: [h4 -> localhost]

TASK [Create container setup script from /home/pipi/netlab_gh/netsim/ansible/templates/initial/linux-clab.j2] ***
changed: [h1 -> localhost]
changed: [h3 -> localhost]
changed: [h2 -> localhost]
changed: [h4 -> localhost]

TASK [Copy script into running container at /tmp/config-h1_initial.sh] *********
skipping: [h1]
skipping: [h2]
skipping: [h3]
skipping: [h4]

TASK [Execute /tmp/config-h1_initial.sh to deploy initial config based on /home/pipi/netlab_gh/netsim/ansible/templates/initial/linux-clab.j2] ***
skipping: [h1]
skipping: [h2]
skipping: [h3]
skipping: [h4]

TASK [Container configuration for initial based on /home/pipi/netlab_gh/netsim/ansible/templates/initial/linux-clab.j2 executed in netns] ***
changed: [h3 -> localhost]
changed: [h2 -> localhost]
changed: [h1 -> localhost]
changed: [h4 -> localhost]

TASK [Remove temporary file /tmp/h1_initial-0_w8jr17.sh] ***********************
changed: [h2 -> localhost]
changed: [h3 -> localhost]
changed: [h4 -> localhost]
changed: [h1 -> localhost]

PLAY [Deploy module-specific configurations] ***********************************

TASK [Set variables that cannot be set with VARS] ******************************
ok: [h1]
ok: [h2]
ok: [h3]
ok: [h4]
ok: [s1]
ok: [s2]

TASK [Deploy individual configuration modules] *********************************
included: /home/pipi/netlab_gh/netsim/ansible/tasks/deploy-module.yml for h1, h2, h3, h4, s1, s2 => (item=vlan)
included: /home/pipi/netlab_gh/netsim/ansible/tasks/deploy-module.yml for h1, h2, h3, h4, s1, s2 => (item=routing)
included: /home/pipi/netlab_gh/netsim/ansible/tasks/deploy-module.yml for h1, h2, h3, h4, s1, s2 => (item=ospf)
included: /home/pipi/netlab_gh/netsim/ansible/tasks/deploy-module.yml for h1, h2, h3, h4, s1, s2 => (item=vrf)
included: /home/pipi/netlab_gh/netsim/ansible/tasks/deploy-module.yml for h1, h2, h3, h4, s1, s2 => (item=vxlan)

TASK [Figure out whether to deploy the module vlan on current device] **********
ok: [h1]
ok: [h2]
ok: [h3]
ok: [h4]
ok: [s1]
ok: [s2]

TASK [Find configuration template for vlan] ************************************
skipping: [h1]
skipping: [h2]
skipping: [h3]
skipping: [h4]
ok: [s1]
ok: [s2]

TASK [fail] ********************************************************************
skipping: [h1]
skipping: [h2]
skipping: [h3]
skipping: [h4]
skipping: [s1]
skipping: [s2]

TASK [Find configuration deployment deploy_script for vlan] ********************
skipping: [h1]
skipping: [h2]
skipping: [h3]
skipping: [h4]
ok: [s1]
ok: [s2]

TASK [Print deployed configuration when running in verbose mode] ***************
skipping: [h1]
skipping: [h2]
skipping: [h3]
skipping: [h4]
ok: [s1] => 
  msg: |-
    vlan configuration for s1
    =========================================
    !
    bridge-domain 1001
     member GigabitEthernet4 service-instance 1001
    !
    bridge-domain 1000
     member GigabitEthernet3 service-instance 1000
    !
    interface GigabitEthernet3
     service instance 1000 ethernet
      encapsulation untagged
    !
    interface GigabitEthernet4
     service instance 1001 ethernet
      encapsulation untagged
ok: [s2] => 
  msg: |-
    vlan configuration for s2
    =========================================
    !
    bridge-domain 1000
     member GigabitEthernet3 service-instance 1000
    !
    interface GigabitEthernet3
     service instance 1000 ethernet
      encapsulation untagged

TASK [Deploy vlan configuration] ***********************************************
skipping: [h1]
skipping: [h2]
skipping: [h3]
skipping: [h4]
included: /home/pipi/netlab_gh/netsim/ansible/tasks/deploy-config/ios.yml for s1, s2

TASK [ios_config: deploying vlan from /home/pipi/netlab_gh/netsim/ansible/templates/vlan/csr.j2] ***
changed: [s2]
changed: [s1]

TASK [Figure out whether to deploy the module routing on current device] *******
ok: [h1]
ok: [h2]
ok: [h3]
ok: [h4]
ok: [s1]
ok: [s2]

TASK [Find configuration template for routing] *********************************
ok: [h1]
skipping: [s1]
ok: [h2]
skipping: [s2]
ok: [h3]
ok: [h4]

TASK [fail] ********************************************************************
skipping: [h1]
skipping: [h2]
skipping: [h3]
skipping: [h4]
skipping: [s1]
skipping: [s2]

TASK [Find configuration deployment deploy_script for routing] *****************
ok: [h1]
skipping: [s1]
skipping: [s2]
ok: [h2]
ok: [h3]
ok: [h4]

TASK [Print deployed configuration when running in verbose mode] ***************
skipping: [s1]
ok: [h1] => 
  msg: |-
    routing configuration for h1
    =========================================
    #!/bin/bash
    #
    # Add static routes (usually IPv4 routes pointing to the first usable gateway)
    #
    #
    echo Removing existing IPv4 routes
    while ip route del 172.16.0.0/16 2>/dev/null; do
      : ; done
    while ip route del 10.0.0.0/24 2>/dev/null; do
      : ; done
    while ip route del 10.1.0.0/16 2>/dev/null; do
      : ; done
    while ip route del 10.2.0.0/24 2>/dev/null; do
      : ; done
    #
    #
    #
    echo Adding direct static routes
    ip route add 172.16.0.0/16 via 172.16.0.5 dev eth1 protocol static
    ip route add 10.0.0.0/24 via 172.16.0.5 dev eth1 protocol static
    ip route add 10.1.0.0/16 via 172.16.0.5 dev eth1 protocol static
    ip route add 10.2.0.0/24 via 172.16.0.5 dev eth1 protocol static
    #
    # Print the final routing table
    ip route
skipping: [s2]
ok: [h2] => 
  msg: |-
    routing configuration for h2
    =========================================
    #!/bin/bash
    #
    # Add static routes (usually IPv4 routes pointing to the first usable gateway)
    #
    #
    echo Removing existing IPv4 routes
    while ip route del 172.16.0.0/16 2>/dev/null; do
      : ; done
    while ip route del 10.0.0.0/24 2>/dev/null; do
      : ; done
    while ip route del 10.1.0.0/16 2>/dev/null; do
      : ; done
    while ip route del 10.2.0.0/24 2>/dev/null; do
      : ; done
    #
    #
    #
    echo Adding direct static routes
    ip route add 172.16.0.0/16 via 172.16.0.5 dev eth1 protocol static
    ip route add 10.0.0.0/24 via 172.16.0.5 dev eth1 protocol static
    ip route add 10.1.0.0/16 via 172.16.0.5 dev eth1 protocol static
    ip route add 10.2.0.0/24 via 172.16.0.5 dev eth1 protocol static
    #
    # Print the final routing table
    ip route
ok: [h4] => 
  msg: |-
    routing configuration for h4
    =========================================
    #!/bin/bash
    #
    # Add static routes (usually IPv4 routes pointing to the first usable gateway)
    #
    #
    echo Removing existing IPv4 routes
    while ip route del 172.16.0.0/16 2>/dev/null; do
      : ; done
    while ip route del 10.0.0.0/24 2>/dev/null; do
      : ; done
    while ip route del 10.1.0.0/16 2>/dev/null; do
      : ; done
    while ip route del 10.2.0.0/24 2>/dev/null; do
      : ; done
    #
    #
    #
    echo Adding direct static routes
    ip route add 172.16.0.0/16 via 172.16.2.6 dev eth1 protocol static
    ip route add 10.0.0.0/24 via 172.16.2.6 dev eth1 protocol static
    ip route add 10.1.0.0/16 via 172.16.2.6 dev eth1 protocol static
    ip route add 10.2.0.0/24 via 172.16.2.6 dev eth1 protocol static
    #
    # Print the final routing table
    ip route
ok: [h3] => 
  msg: |-
    routing configuration for h3
    =========================================
    #!/bin/bash
    #
    # Add static routes (usually IPv4 routes pointing to the first usable gateway)
    #
    #
    echo Removing existing IPv4 routes
    while ip route del 172.16.0.0/16 2>/dev/null; do
      : ; done
    while ip route del 10.0.0.0/24 2>/dev/null; do
      : ; done
    while ip route del 10.1.0.0/16 2>/dev/null; do
      : ; done
    while ip route del 10.2.0.0/24 2>/dev/null; do
      : ; done
    #
    #
    #
    echo Adding direct static routes
    ip route add 172.16.0.0/16 via 172.16.1.5 dev eth1 protocol static
    ip route add 10.0.0.0/24 via 172.16.1.5 dev eth1 protocol static
    ip route add 10.1.0.0/16 via 172.16.1.5 dev eth1 protocol static
    ip route add 10.2.0.0/24 via 172.16.1.5 dev eth1 protocol static
    #
    # Print the final routing table
    ip route

TASK [Deploy routing configuration] ********************************************
skipping: [s1]
skipping: [s2]
included: /home/pipi/netlab_gh/netsim/ansible/tasks/deploy-config/linux-clab.yml for h1, h2, h3, h4

TASK [Define script filename and determine whether to execute in netns] ********
ok: [h1]
ok: [h2]
ok: [h3]
ok: [h4]

TASK [Create a temporary file for the rendered script] *************************
changed: [h3 -> localhost]
changed: [h4 -> localhost]
changed: [h1 -> localhost]
changed: [h2 -> localhost]

TASK [Create container setup script from /home/pipi/netlab_gh/netsim/ansible/templates/routing/linux-clab.j2] ***
changed: [h1 -> localhost]
changed: [h2 -> localhost]
changed: [h3 -> localhost]
changed: [h4 -> localhost]

TASK [Copy script into running container at /tmp/config-h1_routing.sh] *********
skipping: [h1]
skipping: [h2]
skipping: [h3]
skipping: [h4]

TASK [Execute /tmp/config-h1_routing.sh to deploy routing config based on /home/pipi/netlab_gh/netsim/ansible/templates/routing/linux-clab.j2] ***
skipping: [h1]
skipping: [h2]
skipping: [h3]
skipping: [h4]

TASK [Container configuration for routing based on /home/pipi/netlab_gh/netsim/ansible/templates/routing/linux-clab.j2 executed in netns] ***
changed: [h2 -> localhost]
changed: [h1 -> localhost]
changed: [h3 -> localhost]
changed: [h4 -> localhost]

TASK [Remove temporary file /tmp/h1_routing-_tlkbg95.sh] ***********************
changed: [h1 -> localhost]
changed: [h2 -> localhost]
changed: [h4 -> localhost]
changed: [h3 -> localhost]

TASK [Figure out whether to deploy the module ospf on current device] **********
ok: [h1]
ok: [h2]
ok: [h4]
ok: [h3]
ok: [s1]
ok: [s2]

TASK [Find configuration template for ospf] ************************************
skipping: [h1]
skipping: [h2]
skipping: [h3]
skipping: [h4]
ok: [s1]
ok: [s2]

TASK [fail] ********************************************************************
skipping: [h1]
skipping: [h2]
skipping: [h3]
skipping: [h4]
skipping: [s1]
skipping: [s2]

TASK [Find configuration deployment deploy_script for ospf] ********************
skipping: [h1]
skipping: [h2]
skipping: [h3]
skipping: [h4]
ok: [s1]
ok: [s2]

TASK [Print deployed configuration when running in verbose mode] ***************
skipping: [h1]
skipping: [h2]
skipping: [h3]
skipping: [h4]
ok: [s1] => 
  msg: |-
    ospf configuration for s1
    =========================================
    router ospf 1
     router-id 10.0.0.5
  
  
    !
    interface Loopback0
    !
     ip ospf 1 area 0.0.0.0
    !
    interface GigabitEthernet2
    ! s1 -> s2
     ip ospf 1 area 0.0.0.0
     ip ospf network point-to-point
    !
ok: [s2] => 
  msg: |-
    ospf configuration for s2
    =========================================
    router ospf 1
     router-id 10.0.0.6
  
  
    !
    interface Loopback0
    !
     ip ospf 1 area 0.0.0.0
    !
    interface GigabitEthernet2
    ! s2 -> s1
     ip ospf 1 area 0.0.0.0
     ip ospf network point-to-point
    !

TASK [Deploy ospf configuration] ***********************************************
skipping: [h1]
skipping: [h2]
skipping: [h3]
skipping: [h4]
included: /home/pipi/netlab_gh/netsim/ansible/tasks/deploy-config/ios.yml for s1, s2

TASK [ios_config: deploying ospf from /home/pipi/netlab_gh/netsim/ansible/templates/ospf/ios.j2] ***
changed: [s1]
changed: [s2]

TASK [Figure out whether to deploy the module vrf on current device] ***********
ok: [h1]
ok: [h2]
ok: [h3]
ok: [h4]
ok: [s1]
ok: [s2]

TASK [Find configuration template for vrf] *************************************
skipping: [h1]
skipping: [h2]
skipping: [h3]
skipping: [h4]
ok: [s1]
ok: [s2]

TASK [fail] ********************************************************************
skipping: [h1]
skipping: [h2]
skipping: [h3]
skipping: [h4]
skipping: [s1]
skipping: [s2]

TASK [Find configuration deployment deploy_script for vrf] *********************
skipping: [h1]
skipping: [h2]
skipping: [h3]
skipping: [h4]
ok: [s1]
ok: [s2]

TASK [Print deployed configuration when running in verbose mode] ***************
skipping: [h1]
skipping: [h2]
skipping: [h3]
skipping: [h4]
ok: [s1] => 
  msg: |-
    vrf configuration for s1
    =========================================
    router ospf 100 vrf tenant
     router-id 10.0.0.5
     passive-interface BDI1001
  
     redistribute connected
  
    !
    interface BDI1000
    ! VLAN red (1000) -> [h1,h2,s2]
     ip ospf 100 area 0.0.0.0
     ip ospf cost 5
    !
    interface BDI1001
    ! VLAN blue (1001) -> [h3]
     ip ospf 100 area 0.0.0.0
     ip ospf network point-to-point
     ip ospf cost 10
    !
ok: [s2] => 
  msg: |-
    vrf configuration for s2
    =========================================
    router ospf 100 vrf tenant
     router-id 10.0.0.6
     passive-interface GigabitEthernet4
  
     redistribute connected
  
    !
    interface GigabitEthernet4
    ! s2 -> h4
     ip ospf 100 area 0.0.0.0
     ip ospf network point-to-point
    !
    interface BDI1000
    ! VLAN red (1000) -> [h1,s1,h2]
     ip ospf 100 area 0.0.0.0
     ip ospf cost 5
    !

TASK [Deploy vrf configuration] ************************************************
skipping: [h1]
skipping: [h2]
skipping: [h3]
skipping: [h4]
included: /home/pipi/netlab_gh/netsim/ansible/tasks/deploy-config/ios.yml for s1, s2

TASK [ios_config: deploying vrf from /home/pipi/netlab_gh/netsim/ansible/templates/vrf/ios.j2] ***
changed: [s2]
changed: [s1]

TASK [Figure out whether to deploy the module vxlan on current device] *********
ok: [h1]
ok: [h2]
ok: [h3]
ok: [h4]
ok: [s1]
ok: [s2]

TASK [Find configuration template for vxlan] ***********************************
skipping: [h1]
skipping: [h2]
skipping: [h3]
skipping: [h4]
ok: [s1]
ok: [s2]

TASK [fail] ********************************************************************
skipping: [h1]
skipping: [h2]
skipping: [h3]
skipping: [h4]
skipping: [s1]
skipping: [s2]

TASK [Find configuration deployment deploy_script for vxlan] *******************
skipping: [h1]
skipping: [h2]
skipping: [h3]
skipping: [h4]
ok: [s1]
ok: [s2]

TASK [Print deployed configuration when running in verbose mode] ***************
skipping: [h1]
skipping: [h2]
skipping: [h3]
skipping: [h4]
ok: [s1] => 
  msg: |-
    vxlan configuration for s1
    =========================================
    interface nve1
     no shutdown
     source-interface Loopback0
     member vni 101000
      ingress-replication 10.0.0.6
     member vni 101001
    !
    bridge-domain 1000
     member vni 101000
    !
    bridge-domain 1001
     member vni 101001
ok: [s2] => 
  msg: |-
    vxlan configuration for s2
    =========================================
    interface nve1
     no shutdown
     source-interface Loopback0
     member vni 101000
      ingress-replication 10.0.0.5
    !
    bridge-domain 1000
     member vni 101000

TASK [Deploy vxlan configuration] **********************************************
skipping: [h1]
skipping: [h2]
skipping: [h3]
skipping: [h4]
included: /home/pipi/netlab_gh/netsim/ansible/tasks/deploy-config/ios.yml for s1, s2

TASK [ios_config: deploying vxlan from /home/pipi/netlab_gh/netsim/ansible/templates/vxlan/csr.j2] ***
changed: [s2]
changed: [s1]

PLAY [Deploy custom deployment templates] **************************************
skipping: no hosts matched

PLAY RECAP *********************************************************************
h1                         : ok=37   changed=8    unreachable=0    failed=0    skipped=30   rescued=0    ignored=0   
h2                         : ok=37   changed=8    unreachable=0    failed=0    skipped=30   rescued=0    ignored=0   
h3                         : ok=37   changed=8    unreachable=0    failed=0    skipped=30   rescued=0    ignored=0   
h4                         : ok=37   changed=8    unreachable=0    failed=0    skipped=30   rescued=0    ignored=0   
s1                         : ok=44   changed=5    unreachable=0    failed=0    skipped=14   rescued=0    ignored=0   
s2                         : ok=44   changed=5    unreachable=0    failed=0    skipped=14   rescued=0    ignored=0   



The devices under test are VLAN-to-VXLAN layer-3 switches connecting a VLAN
stretched across VXLAN transport and two edge subnets.

The test case verifies that you can use VXLAN-enabled VLANs in VRFs and that
your device runs OSPF across VXLAN-enabled VLANs.

* All hosts should be able to ping each other.
* Switches should have OSPF adjacencies in the tenant VRF

Notes:

* It might take a while for the lab to work due to STP learning phase.
* The validation tests don't check OSPF adjacencies

