Bringing machine 's3' up with 'libvirt' provider...
Bringing machine 's1' up with 'libvirt' provider...
Bringing machine 's2' up with 'libvirt' provider...
==> s1: Checking if box 'cisco/csr1000v' version '17.03.04' is up to date...
==> s2: Checking if box 'cisco/csr1000v' version '17.03.04' is up to date...
==> s3: Checking if box 'CumulusCommunity/cumulus-vx' version '4.4.0' is up to date...
==> s1: Creating image (snapshot of base box volume).
==> s1: Creating domain with the following settings...
==> s1:  -- Name:              ml_17_s1
==> s1:  -- Description:       Source: /tmp/netlab_cicd/Vagrantfile
==> s1:  -- Domain type:       kvm
==> s2: Creating image (snapshot of base box volume).
==> s2: Creating domain with the following settings...
==> s1:  -- Cpus:              2
==> s2:  -- Name:              ml_17_s2
==> s1:  -- Feature:           acpi
==> s2:  -- Description:       Source: /tmp/netlab_cicd/Vagrantfile
==> s2:  -- Domain type:       kvm
==> s1:  -- Feature:           apic
==> s1:  -- Feature:           pae
==> s2:  -- Cpus:              2
==> s2:  -- Feature:           acpi
==> s1:  -- Clock offset:      utc
==> s2:  -- Feature:           apic
==> s2:  -- Feature:           pae
==> s1:  -- Memory:            4096M
==> s1:  -- Management MAC:    08:4f:a9:00:00:08
==> s2:  -- Clock offset:      utc
==> s2:  -- Memory:            4096M
==> s1:  -- Base box:          cisco/csr1000v
==> s2:  -- Management MAC:    08:4f:a9:00:00:09
==> s1:  -- Storage pool:      default
==> s2:  -- Base box:          cisco/csr1000v
==> s1:  -- Image(vda):        /var/lib/libvirt/images/ml_17_s1.img, virtio, 8G
==> s2:  -- Storage pool:      default
==> s2:  -- Image(vda):        /var/lib/libvirt/images/ml_17_s2.img, virtio, 8G
==> s2:  -- Disk driver opts:  cache='default'
==> s2:  -- Graphics Type:     vnc
==> s2:  -- Video Type:        cirrus
==> s2:  -- Video VRAM:        16384
==> s2:  -- Video 3D accel:    false
==> s2:  -- Keymap:            en-us
==> s2:  -- TPM Backend:       passthrough
==> s2:  -- INPUT:             type=mouse, bus=ps2
==> s1:  -- Disk driver opts:  cache='default'
==> s1:  -- Graphics Type:     vnc
==> s1:  -- Video Type:        cirrus
==> s1:  -- Video VRAM:        16384
==> s1:  -- Video 3D accel:    false
==> s1:  -- Keymap:            en-us
==> s1:  -- TPM Backend:       passthrough
==> s1:  -- INPUT:             type=mouse, bus=ps2
==> s2: Creating shared folders metadata...
==> s2: Starting domain.
==> s2: Domain launching with graphics connection settings...
==> s2:  -- Graphics Port:      5900
==> s2:  -- Graphics IP:        127.0.0.1
==> s2:  -- Graphics Password:  Not defined
==> s2:  -- Graphics Websocket: 5700
==> s2: Waiting for domain to get an IP address...
==> s1: Creating shared folders metadata...
==> s1: Starting domain.
==> s1: Domain launching with graphics connection settings...
==> s1:  -- Graphics Port:      5901
==> s1:  -- Graphics IP:        127.0.0.1
==> s1:  -- Graphics Password:  Not defined
==> s3: Creating image (snapshot of base box volume).
==> s1:  -- Graphics Websocket: 5701
==> s3: Creating domain with the following settings...
==> s1: Waiting for domain to get an IP address...
==> s3:  -- Name:              ml_17_s3
==> s3:  -- Description:       Source: /tmp/netlab_cicd/Vagrantfile
==> s3:  -- Domain type:       kvm
==> s3:  -- Cpus:              2
==> s3:  -- Feature:           acpi
==> s3:  -- Feature:           apic
==> s3:  -- Feature:           pae
==> s3:  -- Clock offset:      utc
==> s3:  -- Memory:            1024M
==> s3:  -- Management MAC:    08:4f:a9:00:00:01
==> s3:  -- Base box:          CumulusCommunity/cumulus-vx
==> s3:  -- Storage pool:      default
==> s3:  -- Image(vda):        /var/lib/libvirt/images/ml_17_s3.img, virtio, 6G
==> s3:  -- Disk driver opts:  cache='default'
==> s3:  -- Graphics Type:     vnc
==> s3:  -- Video Type:        cirrus
==> s3:  -- Video VRAM:        16384
==> s3:  -- Video 3D accel:    false
==> s3:  -- Keymap:            en-us
==> s3:  -- TPM Backend:       passthrough
==> s3:  -- INPUT:             type=mouse, bus=ps2
==> s3: Creating shared folders metadata...
==> s3: Starting domain.
==> s3: Domain launching with graphics connection settings...
==> s3:  -- Graphics Port:      5902
==> s3:  -- Graphics IP:        127.0.0.1
==> s3:  -- Graphics Password:  Not defined
==> s3:  -- Graphics Websocket: 5702
==> s3: Waiting for domain to get an IP address...
==> s3: Waiting for machine to boot. This may take a few minutes...
    s3: SSH address: 192.168.17.101:22
    s3: SSH username: vagrant
    s3: SSH auth method: private key
    s3: 
    s3: Vagrant insecure key detected. Vagrant will automatically replace
    s3: this with a newly generated keypair for better security.
    s3: 
    s3: Inserting generated public key within guest...
    s3: Removing insecure key from the guest if it's present...
    s3: Key inserted! Disconnecting and reconnecting using new SSH key...
==> s3: Machine booted and ready!
==> s2: Waiting for machine to boot. This may take a few minutes...
    s2: SSH address: 192.168.17.109:22
    s2: SSH username: vagrant
    s2: SSH auth method: private key
==> s1: Waiting for machine to boot. This may take a few minutes...
    s1: SSH address: 192.168.17.108:22
    s1: SSH username: vagrant
    s1: SSH auth method: private key
==> s2: Machine booted and ready!
==> s1: Machine booted and ready!
Using transformed lab topology from snapshot file netlab.snapshot.yml
Checking virtualization provider installation
OK: libvirt installed and working correctly
OK: clab installed and working correctly
Starting libvirt nodes
creating libvirt management network nl_mgmt_17
provider libvirt: executing vagrant up --provider libvirt
Starting clab nodes
Recreating clab-augment.yml configuration file for clab provider
time="2024-04-06T11:40:56Z" level=info msg="Containerlab v0.43.0 started"
time="2024-04-06T11:40:56Z" level=info msg="Parsing & checking topology file: clab-augment.yml"
time="2024-04-06T11:40:56Z" level=info msg="Creating lab directory: /tmp/netlab_cicd/clab-ml_17"
time="2024-04-06T11:40:56Z" level=info msg="Creating docker network: Name=\"nl_mgmt_17\", IPv4Subnet=\"192.168.17.0/24\", IPv6Subnet=\"\", MTU=\"1500\""
time="2024-04-06T11:40:56Z" level=info msg="Creating container: \"h1\""
time="2024-04-06T11:40:56Z" level=info msg="Creating container: \"h2\""
time="2024-04-06T11:40:56Z" level=info msg="Creating container: \"h6\""
time="2024-04-06T11:40:56Z" level=info msg="Creating container: \"h5\""
time="2024-04-06T11:40:56Z" level=info msg="Creating container: \"h3\""
time="2024-04-06T11:40:56Z" level=info msg="Creating container: \"h4\""
time="2024-04-06T11:40:57Z" level=info msg="Creating virtual wire: h2:eth1 <--> virbr1:ml_17_3_1"
time="2024-04-06T11:40:57Z" level=info msg="Creating virtual wire: h3:eth1 <--> virbr5:ml_17_4_1"
time="2024-04-06T11:40:57Z" level=info msg="Creating virtual wire: h6:eth1 <--> virbr6:ml_17_7_1"
time="2024-04-06T11:40:57Z" level=info msg="Creating virtual wire: h1:eth1 <--> virbr3:ml_17_2_1"
time="2024-04-06T11:40:57Z" level=info msg="Creating virtual wire: h4:eth1 <--> virbr4:ml_17_5_1"
time="2024-04-06T11:40:57Z" level=info msg="Creating virtual wire: h5:eth1 <--> virbr2:ml_17_6_1"
time="2024-04-06T11:40:57Z" level=info msg="Adding containerlab host entries to /etc/hosts file"
time="2024-04-06T11:40:57Z" level=info msg="🎉 New containerlab version 0.54.0 is available! Release notes: https://containerlab.dev/rn/0.54/\nRun 'containerlab version upgrade' to upgrade or go check other installation options at https://containerlab.dev/install/\n"
+---+---------------+--------------+-------------------+-------+---------+-------------------+--------------+
| # |     Name      | Container ID |       Image       | Kind  |  State  |   IPv4 Address    | IPv6 Address |
+---+---------------+--------------+-------------------+-------+---------+-------------------+--------------+
| 1 | clab-ml_17-h1 | 1232a9841f4c | python:3.9-alpine | linux | running | 192.168.17.102/24 | N/A          |
| 2 | clab-ml_17-h2 | 0b0d4e9fe533 | python:3.9-alpine | linux | running | 192.168.17.103/24 | N/A          |
| 3 | clab-ml_17-h3 | f380fa771f31 | python:3.9-alpine | linux | running | 192.168.17.104/24 | N/A          |
| 4 | clab-ml_17-h4 | d9f53cc771c1 | python:3.9-alpine | linux | running | 192.168.17.105/24 | N/A          |
| 5 | clab-ml_17-h5 | 49b257e485ef | python:3.9-alpine | linux | running | 192.168.17.106/24 | N/A          |
| 6 | clab-ml_17-h6 | 16425ebc68be | python:3.9-alpine | linux | running | 192.168.17.107/24 | N/A          |
+---+---------------+--------------+-------------------+-------+---------+-------------------+--------------+
Created provider configuration file: clab-augment.yml
Mapped clab_files/h1/hosts to h1:/etc/hosts (from templates/provider/clab/linux/hosts.j2)
Mapped clab_files/h2/hosts to h2:/etc/hosts (from templates/provider/clab/linux/hosts.j2)
Mapped clab_files/h3/hosts to h3:/etc/hosts (from templates/provider/clab/linux/hosts.j2)
Mapped clab_files/h4/hosts to h4:/etc/hosts (from templates/provider/clab/linux/hosts.j2)
Mapped clab_files/h5/hosts to h5:/etc/hosts (from templates/provider/clab/linux/hosts.j2)
Mapped clab_files/h6/hosts to h6:/etc/hosts (from templates/provider/clab/linux/hosts.j2)
provider clab: executing sudo -E containerlab deploy -t clab-augment.yml

Initial configuration skipped, run 'netlab initial' to configure the devices
