/home/pipi/.local/lib/python3.10/site-packages/paramiko/pkey.py:100: CryptographyDeprecationWarning: TripleDES has been moved to cryptography.hazmat.decrepit.ciphers.algorithms.TripleDES and will be removed from cryptography.hazmat.primitives.ciphers.algorithms in 48.0.0.
  "cipher": algorithms.TripleDES,
/home/pipi/.local/lib/python3.10/site-packages/paramiko/transport.py:259: CryptographyDeprecationWarning: TripleDES has been moved to cryptography.hazmat.decrepit.ciphers.algorithms.TripleDES and will be removed from cryptography.hazmat.primitives.ciphers.algorithms in 48.0.0.
  "class": algorithms.TripleDES,
[WARNING]: Could not match supplied host pattern, ignoring: unprovisioned
[WARNING]: Found variable using reserved name: hosts

PLAY [Deploy initial device configuration] *************************************

TASK [Set variables that cannot be set with VARS] ******************************
ok: [r1]
ok: [r2]
ok: [r3]
ok: [dut]
ok: [r4]

TASK [Find device readiness script] ********************************************
ok: [r1]
ok: [r2]
ok: [r3]
ok: [r4]
ok: [dut]

TASK [Wait for device to become ready] *****************************************
skipping: [dut]
skipping: [r1]
skipping: [r2]
skipping: [r3]
skipping: [r4]

TASK [Normalize config on bridge-like devices] *********************************
included: /home/pipi/net101/tools/netsim/ansible/tasks/deploy-module.yml for dut, r1, r2, r3, r4

TASK [Figure out whether to deploy the module normalize on current device] *****
ok: [r1]
ok: [r2]
ok: [r3]
ok: [r4]
ok: [dut]

TASK [Find configuration template for normalize] *******************************
ok: [r1]
ok: [r2]
ok: [r3]
ok: [r4]
ok: [dut]

TASK [fail] ********************************************************************
skipping: [dut]
skipping: [r1]
skipping: [r2]
skipping: [r3]
skipping: [r4]

TASK [Find configuration deployment deploy_script for normalize] ***************
ok: [r1]
ok: [r4]
ok: [dut]
ok: [r2]
ok: [r3]

TASK [Print deployed configuration when running in verbose mode] ***************
skipping: [dut]
skipping: [r1]
skipping: [r2]
skipping: [r3]
skipping: [r4]

TASK [Deploy normalize configuration] ******************************************
skipping: [dut]
skipping: [r1]
skipping: [r2]
skipping: [r3]
skipping: [r4]

TASK [Deploy initial configuration] ********************************************
included: /home/pipi/net101/tools/netsim/ansible/tasks/deploy-module.yml for dut, r1, r2, r3, r4

TASK [Figure out whether to deploy the module initial on current device] *******
ok: [r1]
ok: [r2]
ok: [r3]
ok: [r4]
ok: [dut]

TASK [Find configuration template for initial] *********************************
ok: [r1]
ok: [r2]
ok: [r4]
ok: [r3]
ok: [dut]

TASK [fail] ********************************************************************
skipping: [dut]
skipping: [r1]
skipping: [r2]
skipping: [r3]
skipping: [r4]

TASK [Find configuration deployment deploy_script for initial] *****************
ok: [r1]
ok: [r3]
ok: [r2]
ok: [r4]
ok: [dut]

TASK [Print deployed configuration when running in verbose mode] ***************
ok: [r1] => 
  msg: |-
    initial configuration for r1
    =========================================
    #!/bin/bash
    #
    set -e
    set -x
    #
    # Create bash profile script
    #
    cat <<SCRIPT >/root/.bash_profile
    #!/bin/bash
    #
    export PS1="\h(bash)# "
    echo
    echo "Use vtysh to connect to FRR daemon"
    echo
    SCRIPT
    #
    # This is an artifact of unknown provenance that should be removed in a year or two (= 2026/2027)
    #
    # FRR controls these parameters with 'ip forwarding' and 'ipv6 forwarding' commands
    #
    sysctl -w net.ipv4.ip_forward=1
    sysctl -w net.ipv6.conf.all.forwarding=1
    #
    #
    # Get the current next hop for the default route
    #
    def_nh=$(ip route list default|awk '{ print $3 }')
    #
    # Create the management VRF and add eth0 to it
    #
    if [ ! -e /sys/devices/virtual/net/mgmt ]; then
      ip link add mgmt type vrf table 42
    fi
    ip link set mgmt up
    sysctl -qw net.ipv6.conf.eth0.keep_addr_on_down=1
    ip link set eth0 master mgmt
    #
    # Reinstall the default route if we had it before
    #
    if [[ -n "$def_nh" ]]; then
      ip route add 0.0.0.0/0 vrf mgmt via $def_nh
    fi
    #
    # Enable FRR modules (if not using containerlab bind-mounted /etc/frr/daemons)
    #
  
    # Set system defaults
    #
    # Send ARP requests from a sane source IP address
    #
    sysctl -w net.ipv4.conf.all.arp_announce=2
  
    #
    # Create loopbacks, stub and lag/bond devices
    #
    if [ ! -e /sys/class/net/lo ]; then
      if [ ! -e /sys/devices/virtual/net/lo ]; then
        ip link add lo type dummy
        ip link set dev lo up
      fi
    fi
  
    # Disable IPv6 (for IPv4-only interfaces) or SLAAC (if the device is a router)
    #
    ip link set eth1 down
    sysctl -qw net.ipv6.conf.eth1.autoconf=0
    sysctl -qw net.ipv6.conf.eth1.accept_ra=0
    ip link set dev eth1 mtu 1500
    ip link set eth1 up
  
    #
    # Add vtysh.conf file
    echo "service integrated-vtysh-config" >/etc/frr/vtysh.conf
  
    #
    # Rest of initial configuration done through VTYSH
    #
    cat >/tmp/config <<CONFIG
    hostname r1
    !
    ip forwarding
    ipv6 forwarding
    vrf mgmt
     exit-vrf
    !
    frr defaults datacenter
    !
    interface lo
     no shutdown
     ip address 10.0.0.2/32
     ipv6 address 2001:db8:1:2::1/64
    !
    interface eth1
     no shutdown
     description r1 -> dut
     ip address 10.1.0.2/30
     ipv6 address 2001:db8:3::2/64
     ipv6 nd ra-interval 5
     no ipv6 nd suppress-ra
    !
    do write
    CONFIG
    vtysh -f /tmp/config
    exit 0
ok: [r2] => 
  msg: |-
    initial configuration for r2
    =========================================
    #!/bin/bash
    #
    set -e
    set -x
    #
    # Create bash profile script
    #
    cat <<SCRIPT >/root/.bash_profile
    #!/bin/bash
    #
    export PS1="\h(bash)# "
    echo
    echo "Use vtysh to connect to FRR daemon"
    echo
    SCRIPT
    #
    # This is an artifact of unknown provenance that should be removed in a year or two (= 2026/2027)
    #
    # FRR controls these parameters with 'ip forwarding' and 'ipv6 forwarding' commands
    #
    sysctl -w net.ipv4.ip_forward=1
    sysctl -w net.ipv6.conf.all.forwarding=1
    #
    #
    # Get the current next hop for the default route
    #
    def_nh=$(ip route list default|awk '{ print $3 }')
    #
    # Create the management VRF and add eth0 to it
    #
    if [ ! -e /sys/devices/virtual/net/mgmt ]; then
      ip link add mgmt type vrf table 42
    fi
    ip link set mgmt up
    sysctl -qw net.ipv6.conf.eth0.keep_addr_on_down=1
    ip link set eth0 master mgmt
    #
    # Reinstall the default route if we had it before
    #
    if [[ -n "$def_nh" ]]; then
      ip route add 0.0.0.0/0 vrf mgmt via $def_nh
    fi
    #
    # Enable FRR modules (if not using containerlab bind-mounted /etc/frr/daemons)
    #
  
    # Set system defaults
    #
    # Send ARP requests from a sane source IP address
    #
    sysctl -w net.ipv4.conf.all.arp_announce=2
  
    #
    # Create loopbacks, stub and lag/bond devices
    #
    if [ ! -e /sys/class/net/lo ]; then
      if [ ! -e /sys/devices/virtual/net/lo ]; then
        ip link add lo type dummy
        ip link set dev lo up
      fi
    fi
  
    # Disable IPv6 (for IPv4-only interfaces) or SLAAC (if the device is a router)
    #
    ip link set eth1 down
    sysctl -qw net.ipv6.conf.eth1.autoconf=0
    sysctl -qw net.ipv6.conf.eth1.accept_ra=0
    ip link set dev eth1 mtu 1500
    ip link set eth1 up
  
    #
    # Add vtysh.conf file
    echo "service integrated-vtysh-config" >/etc/frr/vtysh.conf
  
    #
    # Rest of initial configuration done through VTYSH
    #
    cat >/tmp/config <<CONFIG
    hostname r2
    !
    ip forwarding
    ipv6 forwarding
    vrf mgmt
     exit-vrf
    !
    frr defaults datacenter
    !
    interface lo
     no shutdown
     ip address 10.0.0.3/32
     ipv6 address 2001:db8:1:3::1/64
    !
    interface eth1
     no shutdown
     description r2 -> dut
     ip address 10.1.0.6/30
     ipv6 address 2001:db8:3:1::3/64
     ipv6 nd ra-interval 5
     no ipv6 nd suppress-ra
    !
    do write
    CONFIG
    vtysh -f /tmp/config
    exit 0
ok: [r3] => 
  msg: |-
    initial configuration for r3
    =========================================
    #!/bin/bash
    #
    set -e
    set -x
    #
    # Create bash profile script
    #
    cat <<SCRIPT >/root/.bash_profile
    #!/bin/bash
    #
    export PS1="\h(bash)# "
    echo
    echo "Use vtysh to connect to FRR daemon"
    echo
    SCRIPT
    #
    # This is an artifact of unknown provenance that should be removed in a year or two (= 2026/2027)
    #
    # FRR controls these parameters with 'ip forwarding' and 'ipv6 forwarding' commands
    #
    sysctl -w net.ipv4.ip_forward=0
    sysctl -w net.ipv6.conf.all.forwarding=1
    #
    #
    # Get the current next hop for the default route
    #
    def_nh=$(ip route list default|awk '{ print $3 }')
    #
    # Create the management VRF and add eth0 to it
    #
    if [ ! -e /sys/devices/virtual/net/mgmt ]; then
      ip link add mgmt type vrf table 42
    fi
    ip link set mgmt up
    sysctl -qw net.ipv6.conf.eth0.keep_addr_on_down=1
    ip link set eth0 master mgmt
    #
    # Reinstall the default route if we had it before
    #
    if [[ -n "$def_nh" ]]; then
      ip route add 0.0.0.0/0 vrf mgmt via $def_nh
    fi
    #
    # Enable FRR modules (if not using containerlab bind-mounted /etc/frr/daemons)
    #
  
    # Set system defaults
    #
    # Send ARP requests from a sane source IP address
    #
    sysctl -w net.ipv4.conf.all.arp_announce=2
  
    #
    # Create loopbacks, stub and lag/bond devices
    #
    if [ ! -e /sys/class/net/lo ]; then
      if [ ! -e /sys/devices/virtual/net/lo ]; then
        ip link add lo type dummy
        ip link set dev lo up
      fi
    fi
  
    # Disable IPv6 (for IPv4-only interfaces) or SLAAC (if the device is a router)
    #
    ip link set eth1 down
    sysctl -qw net.ipv6.conf.eth1.autoconf=0
    sysctl -qw net.ipv6.conf.eth1.accept_ra=0
    ip link set dev eth1 mtu 1500
    ip link set eth1 up
  
    #
    # Add vtysh.conf file
    echo "service integrated-vtysh-config" >/etc/frr/vtysh.conf
  
    #
    # Rest of initial configuration done through VTYSH
    #
    cat >/tmp/config <<CONFIG
    hostname r3
    !
    ipv6 forwarding
    vrf mgmt
     exit-vrf
    !
    frr defaults datacenter
    !
    interface lo
     no shutdown
     ! no ip address
     ipv6 address 2001:db8:cafe:2000::4/128
    !
    interface eth1
     no shutdown
     description r3 -> dut
     ! no ip address
     ipv6 address 2001:db8:13::4/64
     ipv6 nd ra-interval 5
     no ipv6 nd suppress-ra
    !
    do write
    CONFIG
    vtysh -f /tmp/config
    exit 0
ok: [r4] => 
  msg: |-
    initial configuration for r4
    =========================================
    #!/bin/bash
    #
    set -e
    set -x
    #
    # Create bash profile script
    #
    cat <<SCRIPT >/root/.bash_profile
    #!/bin/bash
    #
    export PS1="\h(bash)# "
    echo
    echo "Use vtysh to connect to FRR daemon"
    echo
    SCRIPT
    #
    # This is an artifact of unknown provenance that should be removed in a year or two (= 2026/2027)
    #
    # FRR controls these parameters with 'ip forwarding' and 'ipv6 forwarding' commands
    #
    sysctl -w net.ipv4.ip_forward=0
    sysctl -w net.ipv6.conf.all.forwarding=1
    #
    #
    # Get the current next hop for the default route
    #
    def_nh=$(ip route list default|awk '{ print $3 }')
    #
    # Create the management VRF and add eth0 to it
    #
    if [ ! -e /sys/devices/virtual/net/mgmt ]; then
      ip link add mgmt type vrf table 42
    fi
    ip link set mgmt up
    sysctl -qw net.ipv6.conf.eth0.keep_addr_on_down=1
    ip link set eth0 master mgmt
    #
    # Reinstall the default route if we had it before
    #
    if [[ -n "$def_nh" ]]; then
      ip route add 0.0.0.0/0 vrf mgmt via $def_nh
    fi
    #
    # Enable FRR modules (if not using containerlab bind-mounted /etc/frr/daemons)
    #
  
    # Set system defaults
    #
    # Send ARP requests from a sane source IP address
    #
    sysctl -w net.ipv4.conf.all.arp_announce=2
  
    #
    # Create loopbacks, stub and lag/bond devices
    #
    if [ ! -e /sys/class/net/lo ]; then
      if [ ! -e /sys/devices/virtual/net/lo ]; then
        ip link add lo type dummy
        ip link set dev lo up
      fi
    fi
  
    # Disable IPv6 (for IPv4-only interfaces) or SLAAC (if the device is a router)
    #
    ip link set eth1 down
    sysctl -qw net.ipv6.conf.eth1.autoconf=0
    sysctl -qw net.ipv6.conf.eth1.accept_ra=0
    ip link set dev eth1 mtu 1500
    ip link set eth1 up
  
    #
    # Add vtysh.conf file
    echo "service integrated-vtysh-config" >/etc/frr/vtysh.conf
  
    #
    # Rest of initial configuration done through VTYSH
    #
    cat >/tmp/config <<CONFIG
    hostname r4
    !
    ipv6 forwarding
    vrf mgmt
     exit-vrf
    !
    frr defaults datacenter
    !
    interface lo
     no shutdown
     ! no ip address
     ipv6 address 2001:db8:cafe:2000::5/128
    !
    interface eth1
     no shutdown
     description r4 -> dut
     ! no ip address
     ipv6 address 2001:db8:13:1::5/64
     ipv6 nd ra-interval 5
     no ipv6 nd suppress-ra
    !
    do write
    CONFIG
    vtysh -f /tmp/config
    exit 0
ok: [dut] => 
  msg: |-
    initial configuration for dut
    =========================================
    hostname dut
    !
    no ip domain lookup
    !
    lldp run
    !
    ip host dut-red 10.1.0.1 10.1.0.5 10.2.0.1 2001:db8:3::1 2001:db8:3:1::1 2001:db8:cafe::1
    ip host dut-blue 2001:db8:13::1 2001:db8:13:1::1 2001:db8:cafe:2001::1
    ip host r1 10.0.0.2 10.1.0.2 2001:db8:1:2::1 2001:db8:3::2
    ip host r2 10.0.0.3 10.1.0.6 2001:db8:1:3::1 2001:db8:3:1::3
    ip host r3 2001:db8:cafe:2000::4 2001:db8:13::4
    ip host r4 2001:db8:cafe:2000::5 2001:db8:13:1::5
    !
    ip routing
    !
    ipv6 unicast-routing
    !
    vrf definition blue
     rd 65000:2
     route-target import 65000:2
     route-target export 65000:2
    !
     address-family ipv6
     exit-address-family
    !
    vrf definition red
     rd 65000:1
     route-target import 65000:1
     route-target export 65000:1
    !
     address-family ipv4
     exit-address-family
    !
     address-family ipv6
     exit-address-family
    !
  
    !
    !
    interface Loopback0
     ip address 10.0.0.1 255.255.255.255
     ipv6 address 2001:DB8:1:1::1/64
    !
    interface GigabitEthernet1
     no lldp transmit
     no lldp receive
    !
    interface GigabitEthernet2
     vrf forwarding red
     description dut -> r1
     mtu 1500
     ip address 10.1.0.1 255.255.255.252
     ipv6 address 2001:DB8:3::1/64
     no shutdown
    !
    interface GigabitEthernet3
     vrf forwarding red
     description dut -> r2
     mtu 1500
     ip address 10.1.0.5 255.255.255.252
     ipv6 address 2001:DB8:3:1::1/64
     no shutdown
    !
    interface GigabitEthernet4
     vrf forwarding blue
     description dut -> r3
     mtu 1500
     ipv6 address 2001:DB8:13::1/64
     no shutdown
    !
    interface GigabitEthernet5
     vrf forwarding blue
     description dut -> r4
     mtu 1500
     ipv6 address 2001:DB8:13:1::1/64
     no shutdown
    !
    interface Loopback1
     vrf forwarding blue
     description VRF Loopback blue
     ipv6 address 2001:DB8:CAFE:2001::1/64
     no shutdown
    !
    interface Loopback2
     vrf forwarding red
     description VRF Loopback red
     ip address 10.2.0.1 255.255.255.255
     ipv6 address 2001:DB8:CAFE::1/64
     no shutdown
    !
    !
    line vty 0 4
     exec-timeout 0 0
    !
    no banner exec
    no banner login
    no banner incoming

TASK [Deploy initial configuration] ********************************************
included: /home/pipi/net101/tools/netsim/ansible/tasks/deploy-config/ios.yml for dut
included: /home/pipi/net101/tools/netsim/ansible/tasks/frr/initial-clab.yml for r1, r2, r3, r4

TASK [ios_config: deploying initial from /home/pipi/net101/tools/netsim/ansible/templates/initial/ios.j2] ***
[WARNING]: To ensure idempotency and correct diff the input configuration lines
should be similar to how they appear if present in the running configuration on
device including the indentation
changed: [dut]

TASK [Attempt to load VRF kernel module] ***************************************
changed: [r1 -> localhost]

TASK [Disable FRR management VRF when modprobe fails] **************************
skipping: [r1]
skipping: [r2]
skipping: [r3]
skipping: [r4]

TASK [include_tasks] ***********************************************************
included: /home/pipi/net101/tools/netsim/ansible/tasks/frr/deploy-config.yml for r1, r2, r3, r4

TASK [template] ****************************************************************
changed: [r4]
changed: [r3]
changed: [r1]
changed: [r2]

TASK [set_fact] ****************************************************************
ok: [r1]
ok: [r2]
ok: [r4]
ok: [r3]

TASK [run /tmp/config.sh to deploy initial config from /home/pipi/net101/tools/netsim/ansible/templates/initial/frr.j2] ***
changed: [r3]
changed: [r1]
changed: [r2]
changed: [r4]

TASK [run vtysh to import initial config from /home/pipi/net101/tools/netsim/ansible/templates/initial/frr.j2] ***
skipping: [r1]
skipping: [r2]
skipping: [r3]
skipping: [r4]

PLAY [Deploy module-specific configurations] ***********************************

TASK [Set variables that cannot be set with VARS] ******************************
ok: [r1]
ok: [r2]
ok: [r3]
ok: [r4]
ok: [dut]

TASK [Deploy individual configuration modules] *********************************
included: /home/pipi/net101/tools/netsim/ansible/tasks/deploy-module.yml for dut, r1, r2, r3, r4 => (item=ospf)
included: /home/pipi/net101/tools/netsim/ansible/tasks/deploy-module.yml for dut, r1, r2, r3, r4 => (item=vrf)

TASK [Figure out whether to deploy the module ospf on current device] **********
ok: [r1]
ok: [r2]
ok: [r3]
ok: [r4]
ok: [dut]

TASK [Find configuration template for ospf] ************************************
ok: [r1]
ok: [r2]
ok: [r4]
ok: [r3]
ok: [dut]

TASK [fail] ********************************************************************
skipping: [dut]
skipping: [r1]
skipping: [r2]
skipping: [r3]
skipping: [r4]

TASK [Find configuration deployment deploy_script for ospf] ********************
ok: [r1]
ok: [r2]
ok: [r4]
ok: [r3]
ok: [dut]

TASK [Print deployed configuration when running in verbose mode] ***************
ok: [r1] => 
  msg: |-
    ospf configuration for r1
    =========================================
    !
    ! OSPFv2 FRR configuration
    !
    router ospf
     ospf router-id 10.0.0.2
     timers throttle spf 10 50 500
     timers throttle lsa all 100
     timers lsa min-arrival 100
  
  
    exit
    !
    interface lo
    !
     ip ospf area 0.0.0.2
    !
    interface eth1
    ! r1 -> dut
     ip ospf area 0.0.0.2
     ip ospf network point-to-point
    !
  
    !
    ! OSPFv3 FRR configuration
    !
    interface lo
    !
     ipv6 ospf6 area 0.0.0.2
    !
    interface eth1
    ! r1 -> dut
     ipv6 ospf6 area 0.0.0.2
     ipv6 ospf6 network point-to-point
    !
    !
    router ospf6
     ospf6 router-id 10.0.0.2
     timers lsa min-arrival 100
     timers throttle spf 10 50 500
  
  
    exit
  
    !
    do write
ok: [r3] => 
  msg: |-
    ospf configuration for r3
    =========================================
    !
    ! OSPFv3 FRR configuration
    !
    interface lo
    !
     ipv6 ospf6 area 0.0.0.3
    !
    interface eth1
    ! r3 -> dut
     ipv6 ospf6 area 0.0.0.3
     ipv6 ospf6 network point-to-point
    !
    !
    router ospf6
     ospf6 router-id 10.0.0.4
     timers lsa min-arrival 100
     timers throttle spf 10 50 500
  
  
    exit
  
    !
    do write
ok: [r2] => 
  msg: |-
    ospf configuration for r2
    =========================================
    !
    ! OSPFv2 FRR configuration
    !
    router ospf
     ospf router-id 10.0.0.3
     timers throttle spf 10 50 500
     timers throttle lsa all 100
     timers lsa min-arrival 100
  
  
    exit
    !
    interface lo
    !
     ip ospf area 0.0.0.2
    !
    interface eth1
    ! r2 -> dut
     ip ospf area 0.0.0.2
     ip ospf network point-to-point
    !
  
    !
    ! OSPFv3 FRR configuration
    !
    interface lo
    !
     ipv6 ospf6 area 0.0.0.2
    !
    interface eth1
    ! r2 -> dut
     ipv6 ospf6 area 0.0.0.2
     ipv6 ospf6 network point-to-point
    !
    !
    router ospf6
     ospf6 router-id 10.0.0.3
     timers lsa min-arrival 100
     timers throttle spf 10 50 500
  
  
    exit
  
    !
    do write
ok: [dut] => 
  msg: |-
    ospf configuration for dut
    =========================================
ok: [r4] => 
  msg: |-
    ospf configuration for r4
    =========================================
    !
    ! OSPFv3 FRR configuration
    !
    interface lo
    !
     ipv6 ospf6 area 0.0.0.4
    !
    interface eth1
    ! r4 -> dut
     ipv6 ospf6 area 0.0.0.4
     ipv6 ospf6 network point-to-point
    !
    !
    router ospf6
     ospf6 router-id 10.0.0.5
     timers lsa min-arrival 100
     timers throttle spf 10 50 500
  
  
    exit
  
    !
    do write

TASK [Deploy ospf configuration] ***********************************************
included: /home/pipi/net101/tools/netsim/ansible/tasks/deploy-config/ios.yml for dut
included: /home/pipi/net101/tools/netsim/ansible/tasks/deploy-config/frr.yml for r1, r2, r3, r4

TASK [ios_config: deploying ospf from /home/pipi/net101/tools/netsim/ansible/templates/ospf/ios.j2] ***
ok: [dut]

TASK [template] ****************************************************************
changed: [r1]
changed: [r2]
changed: [r3]
changed: [r4]

TASK [set_fact] ****************************************************************
ok: [r1]
ok: [r3]
ok: [r2]
ok: [r4]

TASK [run /tmp/config.sh to deploy ospf config from /home/pipi/net101/tools/netsim/ansible/templates/ospf/frr.j2] ***
skipping: [r1]
skipping: [r2]
skipping: [r3]
skipping: [r4]

TASK [run vtysh to import ospf config from /home/pipi/net101/tools/netsim/ansible/templates/ospf/frr.j2] ***
changed: [r3]
changed: [r1]
changed: [r2]
changed: [r4]

TASK [Figure out whether to deploy the module vrf on current device] ***********
ok: [r1]
ok: [r2]
ok: [r3]
ok: [r4]
ok: [dut]

TASK [Find configuration template for vrf] *************************************
skipping: [r1]
skipping: [r2]
skipping: [r3]
skipping: [r4]
ok: [dut]

TASK [fail] ********************************************************************
skipping: [dut]
skipping: [r1]
skipping: [r2]
skipping: [r3]
skipping: [r4]

TASK [Find configuration deployment deploy_script for vrf] *********************
skipping: [r1]
skipping: [r2]
skipping: [r3]
skipping: [r4]
ok: [dut]

TASK [Print deployed configuration when running in verbose mode] ***************
skipping: [r1]
skipping: [r2]
skipping: [r3]
skipping: [r4]
ok: [dut] => 
  msg: |-
    vrf configuration for dut
    =========================================
    router ospfv3 101
     router-id 10.0.0.1
     address-family ipv6 unicast vrf blue
  
      redistribute connected
  
    !
    interface GigabitEthernet4
    ! dut -> r3
     ospfv3 101 ipv6 area 0.0.0.3
     ospfv3 network point-to-point
    !
    interface GigabitEthernet5
    ! dut -> r4
     ospfv3 101 ipv6 area 0.0.0.4
     ospfv3 network point-to-point
    !
    interface Loopback1
    ! VRF Loopback blue
     ospfv3 101 ipv6 area 0.0.0.0
    !
  
    router ospf 100 vrf red
     router-id 10.0.0.1
  
     redistribute connected
  
    !
    interface GigabitEthernet2
    ! dut -> r1
     ip ospf 100 area 0.0.0.2
     ip ospf network point-to-point
    !
    interface GigabitEthernet3
    ! dut -> r2
     ip ospf 100 area 0.0.0.2
     ip ospf network point-to-point
    !
    interface Loopback2
    ! VRF Loopback red
     ip ospf 100 area 0.0.0.2
    !
  
    router ospfv3 100
     router-id 10.0.0.1
     address-family ipv6 unicast vrf red
  
      redistribute connected
  
    !
    interface GigabitEthernet2
    ! dut -> r1
     ospfv3 100 ipv6 area 0.0.0.2
     ospfv3 network point-to-point
    !
    interface GigabitEthernet3
    ! dut -> r2
     ospfv3 100 ipv6 area 0.0.0.2
     ospfv3 network point-to-point
    !
    interface Loopback2
    ! VRF Loopback red
     ospfv3 100 ipv6 area 0.0.0.2
    !

TASK [Deploy vrf configuration] ************************************************
skipping: [r1]
skipping: [r2]
skipping: [r3]
skipping: [r4]
included: /home/pipi/net101/tools/netsim/ansible/tasks/deploy-config/ios.yml for dut

TASK [ios_config: deploying vrf from /home/pipi/net101/tools/netsim/ansible/templates/vrf/ios.j2] ***
changed: [dut]

PLAY [Deploy custom deployment templates] **************************************
skipping: no hosts matched

PLAY RECAP *********************************************************************
dut                        : ok=28   changed=2    unreachable=0    failed=0    skipped=7    rescued=0    ignored=0   
r1                         : ok=29   changed=5    unreachable=0    failed=0    skipped=14   rescued=0    ignored=0   
r2                         : ok=28   changed=4    unreachable=0    failed=0    skipped=14   rescued=0    ignored=0   
r3                         : ok=28   changed=4    unreachable=0    failed=0    skipped=14   rescued=0    ignored=0   
r4                         : ok=28   changed=4    unreachable=0    failed=0    skipped=14   rescued=0    ignored=0   



The device under test has two VRFs with two interfaces in each VRF.
Routers are attached to those interfaces and run OSPF with device under test.
Assuming the multi-vrf test case succeeded, this one adds OSPF routing with
CE routers.

* r1 and r2 should be able to ping each other
* r3 and r4 should be able to ping each other
* r1 should not be able to reach r3

