Warning in ansible: You're using Ansible version 12.x or higher; netlab might not work correctly
... Ansible core version 2.19 introduced breaking changes in templates and playbooks
... We tested netlab core with Ansible version 12.x but not every device template
... You might want to downgrade Ansible to version 11.10 or lower.
... Use 'netlab install ansible' on Ubuntu to do that
... Finally, please open a GitHub issue if you experience errors/crashes
... Set defaults.ansible.warnings.ver12 to False to hide this warning
 [INFO] Checking for updates in configuration templates
 [INFO] Creating configuration snippets
[CREATED] r: initial
[CREATED] h1: initial,routing
[CREATED] h2: initial,routing
 [INFO] Executing initial configuration for node h1 (namespace clab-
          ml_23-h1)
 [INFO] Executing routing configuration for node h1 (namespace clab-
          ml_23-h1)
 [INFO] Executing initial configuration for node h2 (namespace clab-
          ml_23-h2)
 [INFO] Executing routing configuration for node h2 (namespace clab-
          ml_23-h2)

 [INFO] Starting Ansible playbook to deploy the rest of the
          configurations
[WARNING]: Could not match supplied host pattern, ignoring: unprovisioned
[WARNING]: Found variable using reserved name 'hosts'.
Origin: /work/netlab_cicd/hogs/group_vars/all/topology.yml:164:1

162     prefix: 32
163     ipv6: 2001:db8:cafe::/48
164 hosts:
    ^ column 1


PLAY [Deploy initial device configuration] *************************************

TASK [Set variables that cannot be set with VARS] ******************************
ok: [h1]
ok: [h2]
ok: [r]

TASK [Generic readiness tests] *************************************************
skipping: [h1]
skipping: [h2]
included: /home/pipi/netlab_gh/netsim/ansible/tasks/readiness-check/ssh.yml for r => (item=ssh)

TASK [Check if 'sshpass' is installed] *****************************************
ok: [r -> localhost]

TASK [Check for 'timeout' command] *********************************************
ok: [r -> localhost]

TASK [Execute local ssh command to check ssh readiness] ************************
FAILED - RETRYING: [r -> localhost]: Execute local ssh command to check ssh readiness (50 retries left).
FAILED - RETRYING: [r -> localhost]: Execute local ssh command to check ssh readiness (49 retries left).
FAILED - RETRYING: [r -> localhost]: Execute local ssh command to check ssh readiness (48 retries left).
FAILED - RETRYING: [r -> localhost]: Execute local ssh command to check ssh readiness (47 retries left).
FAILED - RETRYING: [r -> localhost]: Execute local ssh command to check ssh readiness (46 retries left).
FAILED - RETRYING: [r -> localhost]: Execute local ssh command to check ssh readiness (45 retries left).
FAILED - RETRYING: [r -> localhost]: Execute local ssh command to check ssh readiness (44 retries left).
FAILED - RETRYING: [r -> localhost]: Execute local ssh command to check ssh readiness (43 retries left).
FAILED - RETRYING: [r -> localhost]: Execute local ssh command to check ssh readiness (42 retries left).
FAILED - RETRYING: [r -> localhost]: Execute local ssh command to check ssh readiness (41 retries left).
ok: [r -> localhost]

TASK [Confirm r SSH server works] **********************************************
ok: [r] => {
    "msg": "Node r is ready."
}

TASK [Find device readiness script] ********************************************
ok: [h1]
ok: [h2]
ok: [r]

TASK [Wait for device to become ready] *****************************************
skipping: [h1]
skipping: [h2]
included: /home/pipi/netlab_gh/netsim/ansible/tasks/readiness-check/nxos.yml for r

TASK [Wait for Eth1/1 to appear] ***********************************************
ok: [r]

TASK [Normalize config on bridge-like devices] *********************************
included: /home/pipi/netlab_gh/netsim/ansible/tasks/deploy-module.yml for h1
included: /home/pipi/netlab_gh/netsim/ansible/tasks/deploy-module.yml for h2
included: /home/pipi/netlab_gh/netsim/ansible/tasks/deploy-module.yml for r

TASK [Figure out whether to deploy the module normalize on current device] *****
ok: [h1]

TASK [Find configuration template for normalize] *******************************
ok: [h1]

TASK [fail] ********************************************************************
skipping: [h1]

TASK [Find configuration deployment deploy_script for normalize] ***************
ok: [h1]

TASK [Print deployed configuration when running in verbose mode] ***************
skipping: [h1]

TASK [Deploy normalize configuration] ******************************************
skipping: [h1]

TASK [Figure out whether to deploy the module normalize on current device] *****
ok: [h2]

TASK [Find configuration template for normalize] *******************************
ok: [h2]

TASK [fail] ********************************************************************
skipping: [h2]

TASK [Find configuration deployment deploy_script for normalize] ***************
ok: [h2]

TASK [Print deployed configuration when running in verbose mode] ***************
skipping: [h2]

TASK [Deploy normalize configuration] ******************************************
skipping: [h2]

TASK [Figure out whether to deploy the module normalize on current device] *****
ok: [r]

TASK [Find configuration template for normalize] *******************************
ok: [r]

TASK [fail] ********************************************************************
skipping: [r]

TASK [Find configuration deployment deploy_script for normalize] ***************
ok: [r]

TASK [Print deployed configuration when running in verbose mode] ***************
skipping: [r]

TASK [Deploy normalize configuration] ******************************************
skipping: [r]

TASK [Deploy initial configuration] ********************************************
included: /home/pipi/netlab_gh/netsim/ansible/tasks/deploy-module.yml for h1
included: /home/pipi/netlab_gh/netsim/ansible/tasks/deploy-module.yml for h2
included: /home/pipi/netlab_gh/netsim/ansible/tasks/deploy-module.yml for r

TASK [Figure out whether to deploy the module initial on current device] *******
ok: [h1]

TASK [Find configuration template for initial] *********************************
skipping: [h1]

TASK [fail] ********************************************************************
skipping: [h1]

TASK [Find configuration deployment deploy_script for initial] *****************
skipping: [h1]

TASK [Print deployed configuration when running in verbose mode] ***************
skipping: [h1]

TASK [Deploy initial configuration] ********************************************
skipping: [h1]

TASK [Figure out whether to deploy the module initial on current device] *******
ok: [h2]

TASK [Find configuration template for initial] *********************************
skipping: [h2]

TASK [fail] ********************************************************************
skipping: [h2]

TASK [Find configuration deployment deploy_script for initial] *****************
skipping: [h2]

TASK [Print deployed configuration when running in verbose mode] ***************
skipping: [h2]

TASK [Deploy initial configuration] ********************************************
skipping: [h2]

TASK [Figure out whether to deploy the module initial on current device] *******
ok: [r]

TASK [Find configuration template for initial] *********************************
ok: [r]

TASK [fail] ********************************************************************
skipping: [r]

TASK [Find configuration deployment deploy_script for initial] *****************
ok: [r]

TASK [Print deployed configuration when running in verbose mode] ***************
ok: [r] => {
    "msg": "initial configuration for r\n=========================================\nhostname nxos-r\n!\nno ip domain-lookup\n!\nfeature lldp\n!\nusername vagrant password vagrant\n!\nip host h1 172.16.0.2\nip host h2 172.16.1.3\n!\n!\ninterface mgmt0\n no lldp transmit\n no lldp receive\n!\ninterface loopback0\n no shutdown\n ip address 10.0.0.1/32\n ipv6 address 2001:db8:0:1::1/64\n ipv6 nd ra-interval 5 min 3\n!\ninterface Ethernet1/1\n no shutdown\n no switchport\n mac-address caf0.0001.0001\n description r -> h1 [stub]\n ip address 172.16.0.1/24\n ipv6 address 2001:db8:1::1/64\n ipv6 nd ra-interval 5 min 3\n!\ninterface Ethernet1/2\n no shutdown\n no switchport\n mac-address caf0.0001.0002\n description r -> h2 [stub]\n ip address 172.16.1.1/24\n ipv6 address 2001:db8:1:1::1/64\n ipv6 nd ra-interval 5 min 3\n!\ninterface loopback1\n no shutdown\n description r -> stub\n ip address 10.2.0.1/32\n ipv6 address 2001:db8:cafe::1/64\n ipv6 nd ra-interval 5 min 3\n!\n"
}

TASK [Deploy initial configuration] ********************************************
included: /home/pipi/netlab_gh/netsim/ansible/tasks/deploy-config/nxos.yml for r

TASK [nxos_config: deploying initial from /work/netlab_cicd/hogs/node_files/r/initial] ***
[WARNING]: To ensure idempotency and correct diff the input configuration lines should be similar to how they appear if present in the running configuration on device including the indentation
changed: [r]

PLAY [Deploy module-specific configurations] ***********************************

TASK [Set variables that cannot be set with VARS] ******************************
ok: [h1]
ok: [h2]

TASK [Deploy individual configuration modules] *********************************
included: /home/pipi/netlab_gh/netsim/ansible/tasks/deploy-module.yml for h1 => (item=routing)
included: /home/pipi/netlab_gh/netsim/ansible/tasks/deploy-module.yml for h2 => (item=routing)

TASK [Figure out whether to deploy the module routing on current device] *******
ok: [h1]

TASK [Find configuration template for routing] *********************************
skipping: [h1]

TASK [fail] ********************************************************************
skipping: [h1]

TASK [Find configuration deployment deploy_script for routing] *****************
skipping: [h1]

TASK [Print deployed configuration when running in verbose mode] ***************
skipping: [h1]

TASK [Deploy routing configuration] ********************************************
skipping: [h1]

TASK [Figure out whether to deploy the module routing on current device] *******
ok: [h2]

TASK [Find configuration template for routing] *********************************
skipping: [h2]

TASK [fail] ********************************************************************
skipping: [h2]

TASK [Find configuration deployment deploy_script for routing] *****************
skipping: [h2]

TASK [Print deployed configuration when running in verbose mode] ***************
skipping: [h2]

TASK [Deploy routing configuration] ********************************************
skipping: [h2]

PLAY [Deploy custom deployment templates] **************************************
skipping: no hosts matched

PLAY RECAP *********************************************************************
h1                         : ok=11   changed=0    unreachable=0    failed=0    skipped=15   rescued=0    ignored=0   
h2                         : ok=11   changed=0    unreachable=0    failed=0    skipped=15   rescued=0    ignored=0   
r                          : ok=20   changed=1    unreachable=0    failed=0    skipped=4    rescued=0    ignored=0   


Warning: The following warnings were generated during the 'netlab initial' processing
Warning: ansible: You're using Ansible version 12.x or higher; netlab might not work correctly
Results of configuration script deployments
================================================================================
h1                           OK: 2   
h2                           OK: 2   


This scenario tests additional loopback interfaces
