15:44:28 INFO Containerlab started version=0.72.0
15:44:28 INFO Parsing & checking topology file=clab.yml
15:44:28 INFO Removing directory path=/work/netlab_cicd/hogs/clab-ml_23
15:44:28 INFO Creating docker network name=nl_mgmt_23 IPv4 subnet=192.168.23.0/24 IPv6 subnet="" MTU=0
15:44:28 INFO Creating lab directory path=/work/netlab_cicd/hogs/clab-ml_23
15:44:29 INFO Creating container name=r
15:44:29 INFO Adding host entries path=/etc/hosts
15:44:29 INFO Adding SSH config for nodes path=/etc/ssh/ssh_config.d/clab-ml_23.conf
[1m╭[0m[1m──────────────[0m[1m┬[0m[1m─────────────────────────[0m[1m┬[0m[1m────────────────────[0m[1m┬[0m[1m────────────────[0m[1m╮[0m
[1m│[0m[1m     Name     [0m[1m│[0m[1m        Kind/Image       [0m[1m│[0m[1m        State       [0m[1m│[0m[1m IPv4/6 Address [0m[1m│[0m
[1m├[0m[1m──────────────[0m[1m┼[0m[1m─────────────────────────[0m[1m┼[0m[1m────────────────────[0m[1m┼[0m[1m────────────────[0m[1m┤[0m
│ clab-ml_23-r │ cisco_n9kv              │ running            │ 192.168.23.101 │
│              │ vrnetlab/vr-n9kv:9.3.10 │ (health: starting) │ N/A            │
╰──────────────┴─────────────────────────┴────────────────────┴────────────────╯
Using transformed lab topology from snapshot file netlab.snapshot.pickle
Checking virtualization provider installation
OK: clab installed and working correctly
Starting clab nodes
provider clab: executing sudo -E containerlab deploy --reconfigure -t clab.yml

Initial configuration skipped, run 'netlab initial' to configure the devices
