Warning in sros: Loopback prefix 2001:db8:1:5::1/64 on node rtr was changed to 2001:db8:1:5::1/128
... The IPv6 prefix configured on SR OS system (loopback) interface must be a /128
... Set defaults.devices.sros.warnings.loopback_ipv6 to False to hide this warning
Createdprovider configuration file: clab.yml
Mapped clab_files/h1/hosts to h1:/etc/hosts (from templates/provider/clab/linux/hosts.j2)
Mapped clab_files/h2/hosts to h2:/etc/hosts (from templates/provider/clab/linux/hosts.j2)
Mapped clab_files/h3/hosts to h3:/etc/hosts (from templates/provider/clab/linux/hosts.j2)
Mapped clab_files/h4/hosts to h4:/etc/hosts (from templates/provider/clab/linux/hosts.j2)
Createdtransformed topology dump in YAML format in netlab.snapshot.yml
Created group_vars for all
Created group_vars for modules
Created group_vars for linux
Created host_vars for h1
Created host_vars for h2
Created host_vars for h3
Created host_vars for h4
Created group_vars for sros
Created host_vars for rtr
Createdminimized Ansible inventory hosts.yml
CreatedAnsible configuration file: ansible.cfg
