[WARNING]: Could not match supplied host pattern, ignoring: unprovisioned
[WARNING]: Found variable using reserved name: hosts

PLAY [Deploy initial device configuration] *************************************

TASK [Set variables that cannot be set with VARS] ******************************
ok: [dut]
ok: [r2]
ok: [r4]
ok: [r1]
ok: [r3]

TASK [Find device readiness script] ********************************************
ok: [dut]
ok: [r2]
ok: [r4]
ok: [r1]
ok: [r3]

TASK [Wait for device to become ready] *****************************************
skipping: [r2]
skipping: [r4]
skipping: [r1]
skipping: [r3]
included: /home/pipi/netlab_gh/netsim/ansible/tasks/readiness-check/sros.yml for dut

TASK [Check that required plugin exists, use 'netlab install grpc' to install it] ***
ok: [dut]

TASK [Wait up to 180s for gNMI(TCP 57400) to be ready on clab-ml_17-dut] *******
ok: [dut -> localhost]

TASK [Normalize config on bridge-like devices] *********************************
included: /home/pipi/netlab_gh/netsim/ansible/tasks/deploy-module.yml for dut, r2, r4, r1, r3

TASK [Figure out whether to deploy the module normalize on current device] *****
ok: [dut]
ok: [r2]
ok: [r4]
ok: [r1]
ok: [r3]

TASK [Find configuration template for normalize] *******************************
ok: [dut]
ok: [r2]
ok: [r4]
ok: [r1]
ok: [r3]

TASK [fail] ********************************************************************
skipping: [dut]
skipping: [r2]
skipping: [r4]
skipping: [r1]
skipping: [r3]

TASK [Find configuration deployment deploy_script for normalize] ***************
ok: [dut]
ok: [r2]
ok: [r4]
ok: [r1]
ok: [r3]

TASK [Print deployed configuration when running in verbose mode] ***************
skipping: [dut]
skipping: [r2]
skipping: [r4]
skipping: [r1]
skipping: [r3]

TASK [Deploy normalize configuration] ******************************************
skipping: [dut]
skipping: [r2]
skipping: [r4]
skipping: [r1]
skipping: [r3]

TASK [Deploy initial configuration] ********************************************
included: /home/pipi/netlab_gh/netsim/ansible/tasks/deploy-module.yml for dut, r2, r4, r1, r3

TASK [Figure out whether to deploy the module initial on current device] *******
ok: [dut]
ok: [r2]
ok: [r4]
ok: [r3]
ok: [r1]

TASK [Find configuration template for initial] *********************************
ok: [dut]
ok: [r2]
ok: [r4]
ok: [r1]
ok: [r3]

TASK [fail] ********************************************************************
skipping: [dut]
skipping: [r2]
skipping: [r4]
skipping: [r1]
skipping: [r3]

TASK [Find configuration deployment deploy_script for initial] *****************
ok: [dut]
ok: [r2]
ok: [r4]
ok: [r3]
ok: [r1]

TASK [Print deployed configuration when running in verbose mode] ***************
ok: [r2] => 
  msg: |-
    initial configuration for r2
    =========================================
    #!/bin/bash
    #
    set -e
    set -x
    #
    # Create bash profile script
    #
    cat <<SCRIPT >/root/.bash_profile
    #!/bin/bash
    #
    export PS1="\h(bash)# "
    echo
    echo "Use vtysh to connect to FRR daemon"
    echo
    SCRIPT
    #
    # This is an artifact of unknown provenance that should be removed in a year or two (= 2026/2027)
    #
    # FRR controls these parameters with 'ip forwarding' and 'ipv6 forwarding' commands
    #
    sysctl -w net.ipv4.ip_forward=1
    sysctl -w net.ipv6.conf.all.forwarding=0
    #
    #
    # Get the current next hop for the default route
    #
    def_nh=$(ip route list default|awk '{ print $3 }')
    #
    # Create the management VRF and add eth0 to it
    #
    if [ ! -e /sys/devices/virtual/net/mgmt ]; then
      ip link add mgmt type vrf table 42
    fi
    ip link set mgmt up
    sysctl -qw net.ipv6.conf.eth0.keep_addr_on_down=1
    ip link set eth0 master mgmt
    #
    # Reinstall the default route if we had it before
    #
    if [[ -n "$def_nh" ]]; then
      ip route add 0.0.0.0/0 vrf mgmt via $def_nh
    fi
    #
    # Enable FRR modules (if not using containerlab bind-mounted /etc/frr/daemons)
    #
  
    # Set system defaults
    #
    # Send ARP requests from a sane source IP address
    #
    sysctl -w net.ipv4.conf.all.arp_announce=2
  
    #
    # Create loopbacks, stub and lag/bond devices
    #
    if [ ! -e /sys/class/net/lo ]; then
      if [ ! -e /sys/devices/virtual/net/lo ]; then
        ip link add lo type dummy
        ip link set dev lo up
      fi
    fi
  
    # Disable IPv6 (for IPv4-only interfaces) or SLAAC (if the device is a router)
    #
    ip link set eth1 down
    sysctl -qw net.ipv6.conf.eth1.disable_ipv6=1
    ip link set dev eth1 mtu 1500
    ip link set eth1 up
  
    #
    # Add vtysh.conf file
    echo "service integrated-vtysh-config" >/etc/frr/vtysh.conf
  
    #
    # Rest of initial configuration done through VTYSH
    #
    cat >/tmp/config <<CONFIG
    hostname r2
    !
    ip forwarding
    vrf mgmt
     exit-vrf
    !
    frr defaults datacenter
    !
    interface lo
     no shutdown
     ip address 10.0.0.3/32
    !
    interface eth1
     no shutdown
     description r2 -> dut [external]
     ip address 10.1.0.6/30
    !
    do write
    CONFIG
    vtysh -f /tmp/config
    exit 0
ok: [r4] => 
  msg: |-
    initial configuration for r4
    =========================================
    #!/bin/bash
    #
    set -e
    set -x
    #
    # Create bash profile script
    #
    cat <<SCRIPT >/root/.bash_profile
    #!/bin/bash
    #
    export PS1="\h(bash)# "
    echo
    echo "Use vtysh to connect to FRR daemon"
    echo
    SCRIPT
    #
    # This is an artifact of unknown provenance that should be removed in a year or two (= 2026/2027)
    #
    # FRR controls these parameters with 'ip forwarding' and 'ipv6 forwarding' commands
    #
    sysctl -w net.ipv4.ip_forward=1
    sysctl -w net.ipv6.conf.all.forwarding=0
    #
    #
    # Get the current next hop for the default route
    #
    def_nh=$(ip route list default|awk '{ print $3 }')
    #
    # Create the management VRF and add eth0 to it
    #
    if [ ! -e /sys/devices/virtual/net/mgmt ]; then
      ip link add mgmt type vrf table 42
    fi
    ip link set mgmt up
    sysctl -qw net.ipv6.conf.eth0.keep_addr_on_down=1
    ip link set eth0 master mgmt
    #
    # Reinstall the default route if we had it before
    #
    if [[ -n "$def_nh" ]]; then
      ip route add 0.0.0.0/0 vrf mgmt via $def_nh
    fi
    #
    # Enable FRR modules (if not using containerlab bind-mounted /etc/frr/daemons)
    #
  
    # Set system defaults
    #
    # Send ARP requests from a sane source IP address
    #
    sysctl -w net.ipv4.conf.all.arp_announce=2
  
    #
    # Create loopbacks, stub and lag/bond devices
    #
    if [ ! -e /sys/class/net/lo ]; then
      if [ ! -e /sys/devices/virtual/net/lo ]; then
        ip link add lo type dummy
        ip link set dev lo up
      fi
    fi
  
    # Disable IPv6 (for IPv4-only interfaces) or SLAAC (if the device is a router)
    #
    ip link set eth1 down
    sysctl -qw net.ipv6.conf.eth1.disable_ipv6=1
    ip link set dev eth1 mtu 1500
    ip link set eth1 up
  
    #
    # Add vtysh.conf file
    echo "service integrated-vtysh-config" >/etc/frr/vtysh.conf
  
    #
    # Rest of initial configuration done through VTYSH
    #
    cat >/tmp/config <<CONFIG
    hostname r4
    !
    ip forwarding
    vrf mgmt
     exit-vrf
    !
    frr defaults datacenter
    !
    interface lo
     no shutdown
     ip address 10.0.0.5/32
    !
    interface eth1
     no shutdown
     description r4 -> dut [external]
     ip address 10.1.0.14/30
    !
    do write
    CONFIG
    vtysh -f /tmp/config
    exit 0
ok: [r1] => 
  msg: |-
    initial configuration for r1
    =========================================
    #!/bin/bash
    #
    set -e
    set -x
    #
    # Create bash profile script
    #
    cat <<SCRIPT >/root/.bash_profile
    #!/bin/bash
    #
    export PS1="\h(bash)# "
    echo
    echo "Use vtysh to connect to FRR daemon"
    echo
    SCRIPT
    #
    # This is an artifact of unknown provenance that should be removed in a year or two (= 2026/2027)
    #
    # FRR controls these parameters with 'ip forwarding' and 'ipv6 forwarding' commands
    #
    sysctl -w net.ipv4.ip_forward=1
    sysctl -w net.ipv6.conf.all.forwarding=0
    #
    #
    # Get the current next hop for the default route
    #
    def_nh=$(ip route list default|awk '{ print $3 }')
    #
    # Create the management VRF and add eth0 to it
    #
    if [ ! -e /sys/devices/virtual/net/mgmt ]; then
      ip link add mgmt type vrf table 42
    fi
    ip link set mgmt up
    sysctl -qw net.ipv6.conf.eth0.keep_addr_on_down=1
    ip link set eth0 master mgmt
    #
    # Reinstall the default route if we had it before
    #
    if [[ -n "$def_nh" ]]; then
      ip route add 0.0.0.0/0 vrf mgmt via $def_nh
    fi
    #
    # Enable FRR modules (if not using containerlab bind-mounted /etc/frr/daemons)
    #
  
    # Set system defaults
    #
    # Send ARP requests from a sane source IP address
    #
    sysctl -w net.ipv4.conf.all.arp_announce=2
  
    #
    # Create loopbacks, stub and lag/bond devices
    #
    if [ ! -e /sys/class/net/lo ]; then
      if [ ! -e /sys/devices/virtual/net/lo ]; then
        ip link add lo type dummy
        ip link set dev lo up
      fi
    fi
  
    # Disable IPv6 (for IPv4-only interfaces) or SLAAC (if the device is a router)
    #
    ip link set eth1 down
    sysctl -qw net.ipv6.conf.eth1.disable_ipv6=1
    ip link set dev eth1 mtu 1500
    ip link set eth1 up
  
    #
    # Add vtysh.conf file
    echo "service integrated-vtysh-config" >/etc/frr/vtysh.conf
  
    #
    # Rest of initial configuration done through VTYSH
    #
    cat >/tmp/config <<CONFIG
    hostname r1
    !
    ip forwarding
    vrf mgmt
     exit-vrf
    !
    frr defaults datacenter
    !
    interface lo
     no shutdown
     ip address 10.0.0.2/32
    !
    interface eth1
     no shutdown
     description r1 -> dut
     ip address 10.1.0.2/30
    !
    do write
    CONFIG
    vtysh -f /tmp/config
    exit 0
ok: [dut] => 
  msg: |-
    initial configuration for dut
    =========================================
  
  
  
  
    updates:
  
    - path: configure/router[router-name=Base]
      val:
       ecmp: 64
  
  
  
  
  
  
    - path: configure/router[router-name=Base]/interface[interface-name=system]
  
      val:
       admin-state: enable
       description: "System interface"
       ipv4:
        primary:
         address: "10.0.0.1"
         prefix-length: 32
  
  
  
  
  
    - path: configure/port[port-id=1/1/c1]
      val:
       admin-state: enable
       connector:
        breakout: "c1-100g"
    - path: configure/port[port-id=1/1/c1/1]
      val:
       admin-state: enable
       ethernet:
        mtu: 1514 # max 9800
        mode: access
  
  
    - path: configure/service/vprn[service-name=red]
      val:
       service-id: 100
       customer: "1"
       admin-state: enable
       ecmp: 64
  
    - path: configure/service/vprn[service-name=red]/interface[interface-name=eth-1/1/c1]
  
      val:
       admin-state: enable
       description: "dut ~ r1 ()"
       ip-mtu: 1500
       sap:
       - sap-id: "1/1/c1/1"
       ipv4:
        primary:
         address: "10.1.0.1"
         prefix-length: 30
  
  
  
  
  
    - path: configure/port[port-id=1/1/c2]
      val:
       admin-state: enable
       connector:
        breakout: "c1-100g"
    - path: configure/port[port-id=1/1/c2/1]
      val:
       admin-state: enable
       ethernet:
        mtu: 1514 # max 9800
        mode: access
  
  
    - path: configure/service/vprn[service-name=red]
      val:
       service-id: 100
       customer: "1"
       admin-state: enable
       ecmp: 64
  
    - path: configure/service/vprn[service-name=red]/interface[interface-name=eth-1/1/c2]
  
      val:
       admin-state: enable
       description: "dut ~ r2 (external)"
       ip-mtu: 1500
       sap:
       - sap-id: "1/1/c2/1"
       ipv4:
        primary:
         address: "10.1.0.5"
         prefix-length: 30
  
  
  
  
  
    - path: configure/port[port-id=1/1/c3]
      val:
       admin-state: enable
       connector:
        breakout: "c1-100g"
    - path: configure/port[port-id=1/1/c3/1]
      val:
       admin-state: enable
       ethernet:
        mtu: 1514 # max 9800
        mode: access
  
  
    - path: configure/service/vprn[service-name=blue]
      val:
       service-id: 101
       customer: "1"
       admin-state: enable
       ecmp: 64
  
    - path: configure/service/vprn[service-name=blue]/interface[interface-name=eth-1/1/c3]
  
      val:
       admin-state: enable
       description: "dut ~ r3 ()"
       ip-mtu: 1500
       sap:
       - sap-id: "1/1/c3/1"
       ipv4:
        primary:
         address: "10.1.0.9"
         prefix-length: 30
  
  
  
  
  
    - path: configure/port[port-id=1/1/c4]
      val:
       admin-state: enable
       connector:
        breakout: "c1-100g"
    - path: configure/port[port-id=1/1/c4/1]
      val:
       admin-state: enable
       ethernet:
        mtu: 1514 # max 9800
        mode: access
  
  
    - path: configure/service/vprn[service-name=blue]
      val:
       service-id: 101
       customer: "1"
       admin-state: enable
       ecmp: 64
  
    - path: configure/service/vprn[service-name=blue]/interface[interface-name=eth-1/1/c4]
  
      val:
       admin-state: enable
       description: "dut ~ r4 (external)"
       ip-mtu: 1500
       sap:
       - sap-id: "1/1/c4/1"
       ipv4:
        primary:
         address: "10.1.0.13"
         prefix-length: 30
ok: [r3] => 
  msg: |-
    initial configuration for r3
    =========================================
    #!/bin/bash
    #
    set -e
    set -x
    #
    # Create bash profile script
    #
    cat <<SCRIPT >/root/.bash_profile
    #!/bin/bash
    #
    export PS1="\h(bash)# "
    echo
    echo "Use vtysh to connect to FRR daemon"
    echo
    SCRIPT
    #
    # This is an artifact of unknown provenance that should be removed in a year or two (= 2026/2027)
    #
    # FRR controls these parameters with 'ip forwarding' and 'ipv6 forwarding' commands
    #
    sysctl -w net.ipv4.ip_forward=1
    sysctl -w net.ipv6.conf.all.forwarding=0
    #
    #
    # Get the current next hop for the default route
    #
    def_nh=$(ip route list default|awk '{ print $3 }')
    #
    # Create the management VRF and add eth0 to it
    #
    if [ ! -e /sys/devices/virtual/net/mgmt ]; then
      ip link add mgmt type vrf table 42
    fi
    ip link set mgmt up
    sysctl -qw net.ipv6.conf.eth0.keep_addr_on_down=1
    ip link set eth0 master mgmt
    #
    # Reinstall the default route if we had it before
    #
    if [[ -n "$def_nh" ]]; then
      ip route add 0.0.0.0/0 vrf mgmt via $def_nh
    fi
    #
    # Enable FRR modules (if not using containerlab bind-mounted /etc/frr/daemons)
    #
  
    # Set system defaults
    #
    # Send ARP requests from a sane source IP address
    #
    sysctl -w net.ipv4.conf.all.arp_announce=2
  
    #
    # Create loopbacks, stub and lag/bond devices
    #
    if [ ! -e /sys/class/net/lo ]; then
      if [ ! -e /sys/devices/virtual/net/lo ]; then
        ip link add lo type dummy
        ip link set dev lo up
      fi
    fi
  
    # Disable IPv6 (for IPv4-only interfaces) or SLAAC (if the device is a router)
    #
    ip link set eth1 down
    sysctl -qw net.ipv6.conf.eth1.disable_ipv6=1
    ip link set dev eth1 mtu 1500
    ip link set eth1 up
  
    #
    # Add vtysh.conf file
    echo "service integrated-vtysh-config" >/etc/frr/vtysh.conf
  
    #
    # Rest of initial configuration done through VTYSH
    #
    cat >/tmp/config <<CONFIG
    hostname r3
    !
    ip forwarding
    vrf mgmt
     exit-vrf
    !
    frr defaults datacenter
    !
    interface lo
     no shutdown
     ip address 10.0.0.4/32
    !
    interface eth1
     no shutdown
     description r3 -> dut
     ip address 10.1.0.10/30
    !
    do write
    CONFIG
    vtysh -f /tmp/config
    exit 0

TASK [Deploy initial configuration] ********************************************
included: /home/pipi/netlab_gh/netsim/ansible/tasks/deploy-config/sros.yml for dut
included: /home/pipi/netlab_gh/netsim/ansible/tasks/frr/initial-clab.yml for r2, r4, r1, r3

TASK [Generate gNMI YAML configuration] ****************************************
ok: [dut]

TASK [Update initial node configuration from gNMI template /home/pipi/netlab_gh/netsim/ansible/templates/initial/sros.j2] ***
changed: [dut]

TASK [debug] *******************************************************************
skipping: [dut]

TASK [Attempt to load VRF kernel module] ***************************************
changed: [r2 -> localhost]

TASK [Disable FRR management VRF when modprobe fails] **************************
skipping: [r2]
skipping: [r4]
skipping: [r1]
skipping: [r3]

TASK [include_tasks] ***********************************************************
included: /home/pipi/netlab_gh/netsim/ansible/tasks/frr/deploy-config.yml for r2, r4, r1, r3

TASK [template] ****************************************************************
changed: [r4]
changed: [r2]
changed: [r1]
changed: [r3]

TASK [set_fact] ****************************************************************
ok: [r2]
ok: [r4]
ok: [r1]
ok: [r3]

TASK [run /tmp/config.sh to deploy initial config from /home/pipi/netlab_gh/netsim/ansible/templates/initial/frr.j2] ***
changed: [r2]
changed: [r4]
changed: [r1]
changed: [r3]

TASK [run vtysh to import initial config from /home/pipi/netlab_gh/netsim/ansible/templates/initial/frr.j2] ***
skipping: [r2]
skipping: [r4]
skipping: [r1]
skipping: [r3]

PLAY [Deploy module-specific configurations] ***********************************

TASK [Set variables that cannot be set with VARS] ******************************
ok: [dut]
ok: [r1]
ok: [r2]
ok: [r3]
ok: [r4]

TASK [Deploy individual configuration modules] *********************************
included: /home/pipi/netlab_gh/netsim/ansible/tasks/deploy-module.yml for dut, r1, r2, r3, r4 => (item=bgp)
included: /home/pipi/netlab_gh/netsim/ansible/tasks/deploy-module.yml for dut, r1, r2, r3, r4 => (item=ospf)
included: /home/pipi/netlab_gh/netsim/ansible/tasks/deploy-module.yml for dut, r1, r2, r3, r4 => (item=vrf)

TASK [Figure out whether to deploy the module bgp on current device] ***********
ok: [dut]
ok: [r1]
ok: [r2]
ok: [r3]
ok: [r4]

TASK [Find configuration template for bgp] *************************************
skipping: [r1]
skipping: [r3]
ok: [dut]
ok: [r2]
ok: [r4]

TASK [fail] ********************************************************************
skipping: [dut]
skipping: [r1]
skipping: [r2]
skipping: [r3]
skipping: [r4]

TASK [Find configuration deployment deploy_script for bgp] *********************
skipping: [r1]
skipping: [r3]
ok: [dut]
ok: [r2]
ok: [r4]

TASK [Print deployed configuration when running in verbose mode] ***************
skipping: [r1]
skipping: [r3]
ok: [dut] => 
  msg: |-
    bgp configuration for dut
    =========================================
  
    updates:
  
    - path: configure/policy-options/policy-statement[name=accept_all]
      val:
       default-action:
        action-type: accept
  
    - path: configure/policy-options/policy-statement[name=next-hop-self-ebgp-routes-only]
      val:
       entry:
       - entry-id: 10
         from:
          path-type: ebgp
         action:
          action-type: accept
          next-hop: self
       default-action:
        action-type: accept
  
  
    - path: configure/policy-options/prefix-list[name=default_export]
      val:
       prefix: [] # Make sure it exists
  
    - path: configure/policy-options/policy-statement[name=default_export]
      val:
       default-action:
        action-type: reject
       entry:
       - entry-id: 10
         from:
          prefix-list: [ "default_export" ]
         action:
          action-type: accept
       - entry-id: 20
         from:
          protocol:
           name: ["bgp"]
         action:
          action-type: accept
  
    - path: configure/policy-options/prefix-list[name=default_export]
      val:
       prefix:
       - ip-prefix: 10.0.0.1/32
         type: exact
  
  
  
  
    - path: configure/router[router-name=Base]
      val:
       router-id: "10.0.0.1"
       autonomous-system: 65000
       bgp:
        ebgp-default-reject-policy:
         import: False
         export: False
        vpn-apply-export: True
        vpn-apply-import: True
        multipath:
         ibgp: 64
         ebgp: 64
        min-route-advertisement: 1 # Be aggressive about sending updates
        connect-retry: 5           # Retry frequently, suitable in DC context
        client-reflect: False
        # family: cannot disable this
        # ipv4: False # Enabled by default, disable globally and set per group
ok: [r2] => 
  msg: |-
    bgp configuration for r2
    =========================================
    !
    router bgp 65100
      no bgp ebgp-requires-policy
      no bgp default ipv4-unicast
      bgp default show-hostname
      bgp default show-nexthop-hostname
  
      ! Consider AS paths of same length but with different AS as ECMP candidates
      bgp bestpath as-path multipath-relax
  
      bgp router-id 10.0.0.3
    !
      neighbor 10.1.0.5 remote-as 65000
      neighbor 10.1.0.5 description dut
    !
     address-family ipv4 unicast
    !
  
    !
      network 10.0.0.3/32
    !
    !
    !
      neighbor 10.1.0.5 activate
      no neighbor 10.1.0.5 send-community all
      neighbor 10.1.0.5 send-community standard
      neighbor 10.1.0.5 send-community large
    !
    !
    !
    do write
ok: [r4] => 
  msg: |-
    bgp configuration for r4
    =========================================
    !
    router bgp 65101
      no bgp ebgp-requires-policy
      no bgp default ipv4-unicast
      bgp default show-hostname
      bgp default show-nexthop-hostname
  
      ! Consider AS paths of same length but with different AS as ECMP candidates
      bgp bestpath as-path multipath-relax
  
      bgp router-id 10.0.0.5
    !
      neighbor 10.1.0.13 remote-as 65000
      neighbor 10.1.0.13 description dut
    !
     address-family ipv4 unicast
    !
  
    !
      network 10.0.0.5/32
    !
    !
    !
      neighbor 10.1.0.13 activate
      no neighbor 10.1.0.13 send-community all
      neighbor 10.1.0.13 send-community standard
      neighbor 10.1.0.13 send-community large
    !
    !
    !
    do write

TASK [Deploy bgp configuration] ************************************************
skipping: [r1]
skipping: [r3]
included: /home/pipi/netlab_gh/netsim/ansible/tasks/deploy-config/sros.yml for dut
included: /home/pipi/netlab_gh/netsim/ansible/tasks/deploy-config/frr.yml for r2, r4

TASK [Generate gNMI YAML configuration] ****************************************
ok: [dut]

TASK [Update bgp node configuration from gNMI template /home/pipi/netlab_gh/netsim/ansible/templates/bgp/sros.j2] ***
changed: [dut]

TASK [debug] *******************************************************************
skipping: [dut]

TASK [template] ****************************************************************
changed: [r2]
changed: [r4]

TASK [set_fact] ****************************************************************
ok: [r2]
ok: [r4]

TASK [run /tmp/config.sh to deploy bgp config from /home/pipi/netlab_gh/netsim/ansible/templates/bgp/frr.j2] ***
skipping: [r2]
skipping: [r4]

TASK [run vtysh to import bgp config from /home/pipi/netlab_gh/netsim/ansible/templates/bgp/frr.j2] ***
changed: [r2]
changed: [r4]

TASK [Figure out whether to deploy the module ospf on current device] **********
ok: [dut]
ok: [r1]
ok: [r2]
ok: [r3]
ok: [r4]

TASK [Find configuration template for ospf] ************************************
skipping: [r2]
ok: [dut]
skipping: [r4]
ok: [r1]
ok: [r3]

TASK [fail] ********************************************************************
skipping: [dut]
skipping: [r1]
skipping: [r2]
skipping: [r3]
skipping: [r4]

TASK [Find configuration deployment deploy_script for ospf] ********************
skipping: [r2]
skipping: [r4]
ok: [dut]
ok: [r1]
ok: [r3]

TASK [Print deployed configuration when running in verbose mode] ***************
skipping: [r2]
skipping: [r4]
ok: [r1] => 
  msg: |-
    ospf configuration for r1
    =========================================
    !
    ! OSPFv2 FRR configuration
    !
    router ospf
     ospf router-id 10.0.0.2
     timers throttle spf 10 50 500
     timers throttle lsa all 100
     timers lsa min-arrival 100
  
  
    exit
    !
    interface lo
    !
     ip ospf area 0.0.0.0
    !
    interface eth1
    ! r1 -> dut
     ip ospf area 0.0.0.0
     ip ospf network point-to-point
    !
  
    !
    do write
ok: [r3] => 
  msg: |-
    ospf configuration for r3
    =========================================
    !
    ! OSPFv2 FRR configuration
    !
    router ospf
     ospf router-id 10.0.0.4
     timers throttle spf 10 50 500
     timers throttle lsa all 100
     timers lsa min-arrival 100
  
  
    exit
    !
    interface lo
    !
     ip ospf area 0.0.0.0
    !
    interface eth1
    ! r3 -> dut
     ip ospf area 0.0.0.0
     ip ospf network point-to-point
    !
  
    !
    do write
ok: [dut] => 
  msg: |-
    ospf configuration for dut
    =========================================
  
  
    updates:

TASK [Deploy ospf configuration] ***********************************************
skipping: [r2]
skipping: [r4]
included: /home/pipi/netlab_gh/netsim/ansible/tasks/deploy-config/sros.yml for dut
included: /home/pipi/netlab_gh/netsim/ansible/tasks/deploy-config/frr.yml for r1, r3

TASK [Generate gNMI YAML configuration] ****************************************
ok: [dut]

TASK [Update ospf node configuration from gNMI template /home/pipi/netlab_gh/netsim/ansible/templates/ospf/sros.j2] ***
skipping: [dut]

TASK [debug] *******************************************************************
skipping: [dut]

TASK [template] ****************************************************************
changed: [r1]
changed: [r3]

TASK [set_fact] ****************************************************************
ok: [r1]
ok: [r3]

TASK [run /tmp/config.sh to deploy ospf config from /home/pipi/netlab_gh/netsim/ansible/templates/ospf/frr.j2] ***
skipping: [r1]
skipping: [r3]

TASK [run vtysh to import ospf config from /home/pipi/netlab_gh/netsim/ansible/templates/ospf/frr.j2] ***
changed: [r3]
changed: [r1]

TASK [Figure out whether to deploy the module vrf on current device] ***********
ok: [dut]
ok: [r1]
ok: [r2]
ok: [r3]
ok: [r4]

TASK [Find configuration template for vrf] *************************************
skipping: [r1]
skipping: [r2]
ok: [dut]
skipping: [r3]
skipping: [r4]

TASK [fail] ********************************************************************
skipping: [dut]
skipping: [r1]
skipping: [r2]
skipping: [r3]
skipping: [r4]

TASK [Find configuration deployment deploy_script for vrf] *********************
skipping: [r1]
skipping: [r2]
skipping: [r3]
skipping: [r4]
ok: [dut]

TASK [Print deployed configuration when running in verbose mode] ***************
skipping: [r1]
skipping: [r2]
skipping: [r3]
skipping: [r4]
ok: [dut] => 
  msg: |-
    vrf configuration for dut
    =========================================
  
    updates:
  
    - path: configure/service/vprn[service-name=blue]
      val:
       service-id: 101
       customer: "1"
       autonomous-system: 65000
       router-id: 10.0.0.1
       ecmp: 64
       admin-state: enable
  
  
  
    - path: configure/policy-options/prefix-list[name=blue_export]
      val:
       prefix: [] # Make sure it exists
  
    - path: configure/policy-options/policy-statement[name=blue_export]
      val:
       default-action:
        action-type: reject
       entry:
       - entry-id: 10
         from:
          prefix-list: [ "blue_export" ]
         action:
          action-type: accept
       - entry-id: 20
         from:
          protocol:
           name: ["bgp"]
         action:
          action-type: accept
  
  
  
  
    - path: configure/service/vprn[service-name=blue]
      val:
       router-id: "10.0.0.1"
       autonomous-system: 65000
       bgp:
        ebgp-default-reject-policy:
         import: False
         export: False
        multipath:
         ibgp: 64
         ebgp: 64
        min-route-advertisement: 1 # Be aggressive about sending updates
        connect-retry: 5           # Retry frequently, suitable in DC context
        client-reflect: False
        # family: cannot disable this
        # ipv4: False # Enabled by default, disable globally and set per group
  
  
  
  
    - path: configure/service/vprn[service-name=blue]/bgp/group[group-name=ebgp]
      val:
       admin-state: enable
       family:
        ipv4: True
        ipv6: False
  
       import:
        policy: ["accept_all"]
       export:
        policy: [ "blue_export" ]
  
       send-communities:
        extended: False  # True value not allowed, on by default
  
  
    - path: configure/service/vprn[service-name=blue]/bgp
      val:
       neighbor:
       - ip-address: "10.1.0.14"
         description: "r4"
         peer-as: 65101
         group: "ebgp"
         family:
          ipv4: True
          ipv6: False
  
  
  
  
  
  
  
  
  
  
    - path: configure/service/vprn[service-name=blue]
      val:
       service-id: 101
       customer: "1"
       admin-state: enable
       ecmp: 64
  
    - path: configure/service/vprn[service-name=blue]/ospf[ospf-instance=0]
      val:
       admin-state: enable
       router-id: 10.101.0.1
       area:
       - area-id: "0.0.0.0"
         interface:
         - interface-name: "eth-1/1/c3"
           # mtu: 1500 # SRL defaults to 1500, now supporting global mtu settings
           interface-type: "point-to-point"
  
  
  
  
    - path: configure/service/vprn[service-name=red]
      val:
       service-id: 100
       customer: "1"
       autonomous-system: 65000
       router-id: 10.0.0.1
       ecmp: 64
       admin-state: enable
  
  
  
    - path: configure/policy-options/prefix-list[name=red_export]
      val:
       prefix: [] # Make sure it exists
  
    - path: configure/policy-options/policy-statement[name=red_export]
      val:
       default-action:
        action-type: reject
       entry:
       - entry-id: 10
         from:
          prefix-list: [ "red_export" ]
         action:
          action-type: accept
       - entry-id: 20
         from:
          protocol:
           name: ["bgp"]
         action:
          action-type: accept
  
  
  
  
    - path: configure/service/vprn[service-name=red]
      val:
       router-id: "10.0.0.1"
       autonomous-system: 65000
       bgp:
        ebgp-default-reject-policy:
         import: False
         export: False
        multipath:
         ibgp: 64
         ebgp: 64
        min-route-advertisement: 1 # Be aggressive about sending updates
        connect-retry: 5           # Retry frequently, suitable in DC context
        client-reflect: False
        # family: cannot disable this
        # ipv4: False # Enabled by default, disable globally and set per group
  
  
  
  
    - path: configure/service/vprn[service-name=red]/bgp/group[group-name=ebgp]
      val:
       admin-state: enable
       family:
        ipv4: True
        ipv6: False
  
       import:
        policy: ["accept_all"]
       export:
        policy: [ "red_export" ]
  
       send-communities:
        extended: False  # True value not allowed, on by default
  
  
    - path: configure/service/vprn[service-name=red]/bgp
      val:
       neighbor:
       - ip-address: "10.1.0.6"
         description: "r2"
         peer-as: 65100
         group: "ebgp"
         family:
          ipv4: True
          ipv6: False
  
  
  
  
  
  
  
  
  
  
    - path: configure/service/vprn[service-name=red]
      val:
       service-id: 100
       customer: "1"
       admin-state: enable
       ecmp: 64
  
    - path: configure/service/vprn[service-name=red]/ospf[ospf-instance=0]
      val:
       admin-state: enable
       router-id: 10.100.0.1
       area:
       - area-id: "0.0.0.0"
         interface:
         - interface-name: "eth-1/1/c1"
           # mtu: 1500 # SRL defaults to 1500, now supporting global mtu settings
           interface-type: "point-to-point"

TASK [Deploy vrf configuration] ************************************************
skipping: [r1]
skipping: [r2]
skipping: [r3]
skipping: [r4]
included: /home/pipi/netlab_gh/netsim/ansible/tasks/deploy-config/sros.yml for dut

TASK [Generate gNMI YAML configuration] ****************************************
ok: [dut]

TASK [Update vrf node configuration from gNMI template /home/pipi/netlab_gh/netsim/ansible/templates/vrf/sros.j2] ***
changed: [dut]

TASK [debug] *******************************************************************
skipping: [dut]

PLAY [Deploy custom deployment templates] **************************************
skipping: no hosts matched

PLAY RECAP *********************************************************************
dut                        : ok=41   changed=3    unreachable=0    failed=0    skipped=12   rescued=0    ignored=0   
r1                         : ok=30   changed=4    unreachable=0    failed=0    skipped=19   rescued=0    ignored=0   
r2                         : ok=31   changed=5    unreachable=0    failed=0    skipped=19   rescued=0    ignored=0   
r3                         : ok=30   changed=4    unreachable=0    failed=0    skipped=19   rescued=0    ignored=0   
r4                         : ok=30   changed=4    unreachable=0    failed=0    skipped=19   rescued=0    ignored=0   



The device under test has two VRFs with two interfaces in each VRF.
Routers are attached to those interfaces and run OSPF and BGP with
device under test. Assuming the OSPF and BGP multi-vrf test cases
succeeded, this one tests OSPF-to-BGP two-way redistribution.

* r1 and r2 should be able to ping each other
* r3 and r4 should be able to ping each other
* r1 should not be able to reach r3

