ct: large comm: 65000:0:101 comm_value: large:65000:0:101 list: x_comm_set_65000_0_101
ct: large comm: 65000:2:202 comm_value: large:65000:2:202 list: x_comm_add_65000_2_202
ct: large comm: 65200:2:202 comm_value: large:65200:2:202 list: x_comm_del_65200_2_202
Createdprovider configuration file: clab.yml
Mapped clab_files/p1/daemons to p1:/etc/frr/daemons (from templates/provider/clab/frr/daemons.j2)
Mapped clab_files/-shared-hosts to p1:/etc/hosts:ro (from templates/provider/clab/frr/hosts.j2)
Mapped clab_files/p2/daemons to p2:/etc/frr/daemons (from templates/provider/clab/frr/daemons.j2)
Mapped clab_files/-shared-hosts to p2:/etc/hosts:ro (from templates/provider/clab/frr/hosts.j2)
Mapped clab_files/x1/daemons to x1:/etc/frr/daemons (from templates/provider/clab/frr/daemons.j2)
Mapped clab_files/-shared-hosts to x1:/etc/hosts:ro (from templates/provider/clab/frr/hosts.j2)
Createdtransformed topology dump in YAML format in netlab.snapshot.yml
Createdpickled transformed topology data into netlab.snapshot.pickle
Created group_vars for all
Created group_vars for modules
Created group_vars for custom_configs
Created group_vars for vjunos-router
Created host_vars for dut
Created group_vars for frr
Created host_vars for p1
Created host_vars for p2
Created host_vars for x1
Createdminimized Ansible inventory hosts.yml
CreatedAnsible configuration file: ansible.cfg
