[WARNING]: Could not match supplied host pattern, ignoring: unprovisioned
[WARNING]: Found variable using reserved name: hosts

PLAY [Deploy initial device configuration] *************************************

TASK [Set variables that cannot be set with VARS] ******************************
ok: [h1]
ok: [h2]
ok: [h3]
ok: [s1]

TASK [Generic readiness tests] *************************************************
skipping: [h1]
skipping: [h2]
skipping: [h3]
included: /home/pipi/netlab_gh/netsim/ansible/tasks/readiness-check/ssh.yml for s1 => (item=ssh)

TASK [Check if 'sshpass' is installed] *****************************************
ok: [s1 -> localhost]

TASK [Check for 'timeout' command] *********************************************
ok: [s1 -> localhost]

TASK [Execute local ssh command to check ssh readiness] ************************
FAILED - RETRYING: [s1 -> localhost]: Execute local ssh command to check ssh readiness (50 retries left).
FAILED - RETRYING: [s1 -> localhost]: Execute local ssh command to check ssh readiness (49 retries left).
FAILED - RETRYING: [s1 -> localhost]: Execute local ssh command to check ssh readiness (48 retries left).
FAILED - RETRYING: [s1 -> localhost]: Execute local ssh command to check ssh readiness (47 retries left).
FAILED - RETRYING: [s1 -> localhost]: Execute local ssh command to check ssh readiness (46 retries left).
FAILED - RETRYING: [s1 -> localhost]: Execute local ssh command to check ssh readiness (45 retries left).
FAILED - RETRYING: [s1 -> localhost]: Execute local ssh command to check ssh readiness (44 retries left).
FAILED - RETRYING: [s1 -> localhost]: Execute local ssh command to check ssh readiness (43 retries left).
FAILED - RETRYING: [s1 -> localhost]: Execute local ssh command to check ssh readiness (42 retries left).
FAILED - RETRYING: [s1 -> localhost]: Execute local ssh command to check ssh readiness (41 retries left).
FAILED - RETRYING: [s1 -> localhost]: Execute local ssh command to check ssh readiness (40 retries left).
FAILED - RETRYING: [s1 -> localhost]: Execute local ssh command to check ssh readiness (39 retries left).
FAILED - RETRYING: [s1 -> localhost]: Execute local ssh command to check ssh readiness (38 retries left).
FAILED - RETRYING: [s1 -> localhost]: Execute local ssh command to check ssh readiness (37 retries left).
FAILED - RETRYING: [s1 -> localhost]: Execute local ssh command to check ssh readiness (36 retries left).
FAILED - RETRYING: [s1 -> localhost]: Execute local ssh command to check ssh readiness (35 retries left).
FAILED - RETRYING: [s1 -> localhost]: Execute local ssh command to check ssh readiness (34 retries left).
FAILED - RETRYING: [s1 -> localhost]: Execute local ssh command to check ssh readiness (33 retries left).
FAILED - RETRYING: [s1 -> localhost]: Execute local ssh command to check ssh readiness (32 retries left).
ok: [s1 -> localhost]

TASK [Confirm s1 SSH server works] *********************************************
ok: [s1] => 
  msg: Node s1 is ready.

TASK [Find device readiness script] ********************************************
ok: [h1]
ok: [h2]
ok: [h3]
ok: [s1]

TASK [Wait for device to become ready] *****************************************
skipping: [s1]
skipping: [h1]
skipping: [h2]
skipping: [h3]

TASK [Normalize config on bridge-like devices] *********************************
included: /home/pipi/netlab_gh/netsim/ansible/tasks/deploy-module.yml for s1, h1, h2, h3

TASK [Figure out whether to deploy the module normalize on current device] *****
ok: [h1]
ok: [h2]
ok: [h3]
ok: [s1]

TASK [Find configuration template for normalize] *******************************
ok: [h1]
ok: [h2]
ok: [h3]
ok: [s1]

TASK [fail] ********************************************************************
skipping: [s1]
skipping: [h1]
skipping: [h2]
skipping: [h3]

TASK [Find configuration deployment deploy_script for normalize] ***************
ok: [h1]
ok: [h2]
ok: [h3]
ok: [s1]

TASK [Print deployed configuration when running in verbose mode] ***************
skipping: [s1]
skipping: [h1]
skipping: [h2]
skipping: [h3]

TASK [Deploy normalize configuration] ******************************************
skipping: [s1]
skipping: [h1]
skipping: [h2]
skipping: [h3]

TASK [Deploy initial configuration] ********************************************
included: /home/pipi/netlab_gh/netsim/ansible/tasks/deploy-module.yml for s1, h1, h2, h3

TASK [Figure out whether to deploy the module initial on current device] *******
ok: [h1]
ok: [h2]
ok: [h3]
ok: [s1]

TASK [Find configuration template for initial] *********************************
ok: [h1]
ok: [h2]
ok: [h3]
ok: [s1]

TASK [fail] ********************************************************************
skipping: [s1]
skipping: [h1]
skipping: [h2]
skipping: [h3]

TASK [Find configuration deployment deploy_script for initial] *****************
ok: [h1]
ok: [h2]
ok: [h3]
ok: [s1]

TASK [Print deployed configuration when running in verbose mode] ***************
ok: [h1] => 
  msg: |-
    initial configuration for h1
    =========================================
    #!/bin/bash
    #
    # This script contains the 'ip' commands needed to set up container
    # interfaces and route table. It's executed within the container
    # network namespace on the container host.
    #
    #  /etc/hosts file is generated as a clab bind.
    #
    set -e
  
    ### One-Shot configuration (non-Ubuntu VM or container)
    #
    # Send ARP requests from a sane source IP address
    sysctl -w net.ipv4.conf.all.arp_announce=2
  
    #
    # Disable IPv4 and IPv6 forwarding
    #
    sysctl -w net.ipv4.ip_forward=0
    sysctl -w net.ipv6.conf.all.forwarding=0
  
    #
    # Interface addressing, create any bond devices
    #
    ip link set dev eth1 up
    set +e
    ip addr del 172.16.0.1/24 dev eth1 2>/dev/null
    set -e
    ip addr add 172.16.0.1/24 dev eth1
    sysctl -w net.ipv6.conf.eth1.disable_ipv6=0
    set +e
    ip -6 addr del 2001:db8:cafe::1/64 dev eth1 2>/dev/null
    set -e
    ip -6 addr add 2001:db8:cafe::1/64 dev eth1
    ip link set dev eth1 mtu 1500
ok: [h2] => 
  msg: |-
    initial configuration for h2
    =========================================
    #!/bin/bash
    #
    # This script contains the 'ip' commands needed to set up container
    # interfaces and route table. It's executed within the container
    # network namespace on the container host.
    #
    #  /etc/hosts file is generated as a clab bind.
    #
    set -e
  
    ### One-Shot configuration (non-Ubuntu VM or container)
    #
    # Send ARP requests from a sane source IP address
    sysctl -w net.ipv4.conf.all.arp_announce=2
  
    #
    # Disable IPv4 and IPv6 forwarding
    #
    sysctl -w net.ipv4.ip_forward=0
    sysctl -w net.ipv6.conf.all.forwarding=0
  
    #
    # Interface addressing, create any bond devices
    #
    ip link set dev eth1 up
    set +e
    ip addr del 172.16.0.2/24 dev eth1 2>/dev/null
    set -e
    ip addr add 172.16.0.2/24 dev eth1
    sysctl -w net.ipv6.conf.eth1.disable_ipv6=0
    set +e
    ip -6 addr del 2001:db8:cafe::2/64 dev eth1 2>/dev/null
    set -e
    ip -6 addr add 2001:db8:cafe::2/64 dev eth1
    ip link set dev eth1 mtu 1500
ok: [h3] => 
  msg: |-
    initial configuration for h3
    =========================================
    #!/bin/bash
    #
    # This script contains the 'ip' commands needed to set up container
    # interfaces and route table. It's executed within the container
    # network namespace on the container host.
    #
    #  /etc/hosts file is generated as a clab bind.
    #
    set -e
  
    ### One-Shot configuration (non-Ubuntu VM or container)
    #
    # Send ARP requests from a sane source IP address
    sysctl -w net.ipv4.conf.all.arp_announce=2
  
    #
    # Disable IPv4 and IPv6 forwarding
    #
    sysctl -w net.ipv4.ip_forward=0
    sysctl -w net.ipv6.conf.all.forwarding=0
  
    #
    # Interface addressing, create any bond devices
    #
    ip link set dev eth1 up
    set +e
    ip addr del 172.16.1.3/24 dev eth1 2>/dev/null
    set -e
    ip addr add 172.16.1.3/24 dev eth1
    sysctl -w net.ipv6.conf.eth1.disable_ipv6=0
    set +e
    ip -6 addr del 2001:db8:cafe:1::3/64 dev eth1 2>/dev/null
    set -e
    ip -6 addr add 2001:db8:cafe:1::3/64 dev eth1
    ip link set dev eth1 mtu 1500
ok: [s1] => 
  msg: |-
    initial configuration for s1
    =========================================
    hostname s1
    !
    domain lookup disable
    !
    lldp
     no management enable
    !
    domain ipv4 host h1 172.16.0.1
    domain ipv4 host h2 172.16.0.2
    domain ipv4 host h3 172.16.1.3
    domain ipv6 host h1 2001:db8:cafe::1
    domain ipv6 host h2 2001:db8:cafe::2
    domain ipv6 host h3 2001:db8:cafe:1::3
    !
    interface Loopback0
     no shutdown
     ipv4 address 10.0.0.132 255.255.255.255
     ipv6 address 2001:db8:e001:84::1/64
    !
    interface FourHundredGigE0/0/0/0
     no shutdown
     description s1 -> h3 [stub]
     ipv4 address 172.16.1.132 255.255.255.0
     ipv6 address 2001:db8:cafe:1::84/64
     ipv6 nd ra-interval 5
    !
    interface FourHundredGigE0/0/0/1
     no shutdown
     description [Access VLAN red] s1 -> h1
    !
    interface FourHundredGigE0/0/0/2
     no shutdown
     description [Access VLAN red] s1 -> h2
    !
    interface BVI700
     no shutdown
     description VLAN red (700) -> [h1,h2] [stub]
     ipv4 address 172.16.0.132 255.255.255.0
     ipv6 address 2001:db8:cafe::84/64
     ipv6 nd ra-interval 5
    !

TASK [Deploy initial configuration] ********************************************
included: /home/pipi/netlab_gh/netsim/ansible/tasks/deploy-config/iosxr.yml for s1
included: /home/pipi/netlab_gh/netsim/ansible/tasks/deploy-config/linux-clab.yml for h1, h2, h3

TASK [iosxr_config: deploying initial from /home/pipi/netlab_gh/netsim/ansible/templates/initial/iosxr.j2] ***
[WARNING]: To ensure idempotency and correct diff the input configuration lines
should be similar to how they appear if present in the running configuration on
device including the indentation
changed: [s1]

TASK [Define script filename and determine whether to execute in netns] ********
ok: [h1]
ok: [h2]
ok: [h3]

TASK [Create a temporary file for the rendered script] *************************
changed: [h3 -> localhost]
changed: [h1 -> localhost]
changed: [h2 -> localhost]

TASK [Create container setup script from /home/pipi/netlab_gh/netsim/ansible/templates/initial/linux-clab.j2] ***
changed: [h3 -> localhost]
changed: [h2 -> localhost]
changed: [h1 -> localhost]

TASK [Copy script into running container at /tmp/config-h1_initial.sh] *********
skipping: [h1]
skipping: [h2]
skipping: [h3]

TASK [Execute /tmp/config-h1_initial.sh to deploy initial config based on /home/pipi/netlab_gh/netsim/ansible/templates/initial/linux-clab.j2] ***
skipping: [h1]
skipping: [h2]
skipping: [h3]

TASK [Container configuration for initial based on /home/pipi/netlab_gh/netsim/ansible/templates/initial/linux-clab.j2 executed in netns] ***
changed: [h1 -> localhost]
changed: [h2 -> localhost]
changed: [h3 -> localhost]

TASK [Remove temporary file /tmp/h1_initial-d0e018ox.sh] ***********************
changed: [h1 -> localhost]
changed: [h2 -> localhost]
changed: [h3 -> localhost]

PLAY [Deploy module-specific configurations] ***********************************

TASK [Set variables that cannot be set with VARS] ******************************
ok: [h1]
ok: [h2]
ok: [h3]
ok: [s1]

TASK [Deploy individual configuration modules] *********************************
included: /home/pipi/netlab_gh/netsim/ansible/tasks/deploy-module.yml for s1, h1, h2, h3 => (item=vlan)
included: /home/pipi/netlab_gh/netsim/ansible/tasks/deploy-module.yml for s1, h1, h2, h3 => (item=routing)

TASK [Figure out whether to deploy the module vlan on current device] **********
ok: [h1]
ok: [h2]
ok: [h3]
ok: [s1]

TASK [Find configuration template for vlan] ************************************
skipping: [h1]
skipping: [h2]
skipping: [h3]
ok: [s1]

TASK [fail] ********************************************************************
skipping: [s1]
skipping: [h1]
skipping: [h2]
skipping: [h3]

TASK [Find configuration deployment deploy_script for vlan] ********************
skipping: [h1]
skipping: [h2]
skipping: [h3]
ok: [s1]

TASK [Print deployed configuration when running in verbose mode] ***************
skipping: [h1]
skipping: [h2]
skipping: [h3]
ok: [s1] => 
  msg: |-
    vlan configuration for s1
    =========================================
    interface FourHundredGigE0/0/0/1 l2transport
    !
    interface FourHundredGigE0/0/0/2 l2transport
    !
    l2vpn
     bridge group netlab
      bridge-domain BD700
       routed interface BVI700
       interface FourHundredGigE0/0/0/1
       interface FourHundredGigE0/0/0/2
    !

TASK [Deploy vlan configuration] ***********************************************
skipping: [h1]
skipping: [h2]
skipping: [h3]
included: /home/pipi/netlab_gh/netsim/ansible/tasks/deploy-config/iosxr.yml for s1

TASK [iosxr_config: deploying vlan from /home/pipi/netlab_gh/netsim/ansible/templates/vlan/cisco8000v.j2] ***
changed: [s1]

TASK [Figure out whether to deploy the module routing on current device] *******
ok: [h1]
ok: [h2]
ok: [h3]
ok: [s1]

TASK [Find configuration template for routing] *********************************
skipping: [s1]
ok: [h1]
ok: [h2]
ok: [h3]

TASK [fail] ********************************************************************
skipping: [s1]
skipping: [h1]
skipping: [h2]
skipping: [h3]

TASK [Find configuration deployment deploy_script for routing] *****************
skipping: [s1]
ok: [h1]
ok: [h2]
ok: [h3]

TASK [Print deployed configuration when running in verbose mode] ***************
skipping: [s1]
ok: [h1] => 
  msg: |-
    routing configuration for h1
    =========================================
    #!/bin/bash
    #
    # Add static routes (usually IPv4 routes pointing to the first usable gateway)
    #
    #
    echo Removing existing IPv4 routes
    while ip route del 172.16.0.0/16 2>/dev/null; do
      : ; done
    while ip route del 10.0.0.0/24 2>/dev/null; do
      : ; done
    while ip route del 10.1.0.0/16 2>/dev/null; do
      : ; done
    while ip route del 10.2.0.0/24 2>/dev/null; do
      : ; done
    #
    #
    #
    echo Adding direct static routes
    ip route add 172.16.0.0/16 via 172.16.0.132 dev eth1 protocol static
    ip route add 10.0.0.0/24 via 172.16.0.132 dev eth1 protocol static
    ip route add 10.1.0.0/16 via 172.16.0.132 dev eth1 protocol static
    ip route add 10.2.0.0/24 via 172.16.0.132 dev eth1 protocol static
    #
    # Print the final routing table
    ip route
ok: [h2] => 
  msg: |-
    routing configuration for h2
    =========================================
    #!/bin/bash
    #
    # Add static routes (usually IPv4 routes pointing to the first usable gateway)
    #
    #
    echo Removing existing IPv4 routes
    while ip route del 172.16.0.0/16 2>/dev/null; do
      : ; done
    while ip route del 10.0.0.0/24 2>/dev/null; do
      : ; done
    while ip route del 10.1.0.0/16 2>/dev/null; do
      : ; done
    while ip route del 10.2.0.0/24 2>/dev/null; do
      : ; done
    #
    #
    #
    echo Adding direct static routes
    ip route add 172.16.0.0/16 via 172.16.0.132 dev eth1 protocol static
    ip route add 10.0.0.0/24 via 172.16.0.132 dev eth1 protocol static
    ip route add 10.1.0.0/16 via 172.16.0.132 dev eth1 protocol static
    ip route add 10.2.0.0/24 via 172.16.0.132 dev eth1 protocol static
    #
    # Print the final routing table
    ip route
ok: [h3] => 
  msg: |-
    routing configuration for h3
    =========================================
    #!/bin/bash
    #
    # Add static routes (usually IPv4 routes pointing to the first usable gateway)
    #
    #
    echo Removing existing IPv4 routes
    while ip route del 172.16.0.0/16 2>/dev/null; do
      : ; done
    while ip route del 10.0.0.0/24 2>/dev/null; do
      : ; done
    while ip route del 10.1.0.0/16 2>/dev/null; do
      : ; done
    while ip route del 10.2.0.0/24 2>/dev/null; do
      : ; done
    #
    #
    #
    echo Adding direct static routes
    ip route add 172.16.0.0/16 via 172.16.1.132 dev eth1 protocol static
    ip route add 10.0.0.0/24 via 172.16.1.132 dev eth1 protocol static
    ip route add 10.1.0.0/16 via 172.16.1.132 dev eth1 protocol static
    ip route add 10.2.0.0/24 via 172.16.1.132 dev eth1 protocol static
    #
    # Print the final routing table
    ip route

TASK [Deploy routing configuration] ********************************************
skipping: [s1]
included: /home/pipi/netlab_gh/netsim/ansible/tasks/deploy-config/linux-clab.yml for h1, h2, h3

TASK [Define script filename and determine whether to execute in netns] ********
ok: [h1]
ok: [h2]
ok: [h3]

TASK [Create a temporary file for the rendered script] *************************
changed: [h1 -> localhost]
changed: [h2 -> localhost]
changed: [h3 -> localhost]

TASK [Create container setup script from /home/pipi/netlab_gh/netsim/ansible/templates/routing/linux-clab.j2] ***
changed: [h1 -> localhost]
changed: [h2 -> localhost]
changed: [h3 -> localhost]

TASK [Copy script into running container at /tmp/config-h1_routing.sh] *********
skipping: [h1]
skipping: [h2]
skipping: [h3]

TASK [Execute /tmp/config-h1_routing.sh to deploy routing config based on /home/pipi/netlab_gh/netsim/ansible/templates/routing/linux-clab.j2] ***
skipping: [h1]
skipping: [h2]
skipping: [h3]

TASK [Container configuration for routing based on /home/pipi/netlab_gh/netsim/ansible/templates/routing/linux-clab.j2 executed in netns] ***
changed: [h1 -> localhost]
changed: [h2 -> localhost]
changed: [h3 -> localhost]

TASK [Remove temporary file /tmp/h1_routing-c3om4l2f.sh] ***********************
changed: [h1 -> localhost]
changed: [h2 -> localhost]
changed: [h3 -> localhost]

PLAY [Deploy custom deployment templates] **************************************
skipping: no hosts matched

PLAY RECAP *********************************************************************
h1                         : ok=31   changed=8    unreachable=0    failed=0    skipped=16   rescued=0    ignored=0   
h2                         : ok=31   changed=8    unreachable=0    failed=0    skipped=16   rescued=0    ignored=0   
h3                         : ok=31   changed=8    unreachable=0    failed=0    skipped=16   rescued=0    ignored=0   
s1                         : ok=28   changed=2    unreachable=0    failed=0    skipped=11   rescued=0    ignored=0   



The device under test is a layer-3 switch bridging VLAN
between ports and having an IP address in the red VLAN

h1 and h2 should be able to ping s1 and each other

