Creating Device configuration snippets
[CREATED] h1: initial,routing
[CREATED] h2: initial,routing
[CREATED] h3: initial,routing
[CREATED] h4: initial,routing
[CREATED] s1: initial,vlan,ospf
[CREATED] s2: initial,vlan,ospf
Checking Are lab devices ready to be configured?
 [INFO] Checking SSH server(s) on s1
[SSH]     SSH server on node s1 (device cisco8000v) is ready after 162.3 seconds
Config Deploying device configurations
 [INFO] Executing initial configuration for node h1 (namespace clab-
          ml-17-h1)
 [INFO] Executing initial configuration for node h2 (namespace clab-
          ml-17-h2)
 [INFO] Executing initial configuration for node h3 (namespace clab-
          ml-17-h3)
 [INFO] Executing initial configuration for node h4 (namespace clab-
          ml-17-h4)
 [INFO] Executing initial configuration for node s2
 [INFO] Executing routing configuration for node h1 (namespace clab-
          ml-17-h1)
 [INFO] Executing routing configuration for node h2 (namespace clab-
          ml-17-h2)
 [INFO] Executing routing configuration for node h4 (namespace clab-
          ml-17-h4)
 [INFO] Executing routing configuration for node h3 (namespace clab-
          ml-17-h3)
 [INFO] Executing vlan configuration for node s2
 [INFO] Executing ospf configuration for node s2
 [INFO] Starting Ansible playbook to deploy the rest of the
          configurations
[WARNING]: Found variable using reserved name: hosts

PLAY [Deploy initial device configuration] *************************************

TASK [Set variables that cannot be set with VARS] ******************************
ok: [s1]

TASK [Normalize config on bridge-like devices] *********************************
included: /home/pipi/netlab_gh/netsim/ansible/tasks/deploy-module.yml for s1

TASK [Figure out whether to deploy the module normalize on current device] *****
ok: [s1]

TASK [Find configuration template for normalize] *******************************
ok: [s1]

TASK [fail] ********************************************************************
skipping: [s1]

TASK [Find configuration deployment deploy_script for normalize] ***************
ok: [s1]

TASK [Print deployed configuration when running in verbose mode] ***************
skipping: [s1]

TASK [Deploy normalize configuration] ******************************************
skipping: [s1]

TASK [Deploy initial configuration] ********************************************
included: /home/pipi/netlab_gh/netsim/ansible/tasks/deploy-module.yml for s1

TASK [Figure out whether to deploy the module initial on current device] *******
ok: [s1]

TASK [Find configuration template for initial] *********************************
ok: [s1]

TASK [fail] ********************************************************************
skipping: [s1]

TASK [Find configuration deployment deploy_script for initial] *****************
ok: [s1]

TASK [Print deployed configuration when running in verbose mode] ***************
ok: [s1] => {
    "msg": "initial configuration for s1\n=========================================\nhostname s1\n!\ndomain lookup disable\n!\nlldp\n no management enable\n!\ndomain ipv4 host h1 172.16.0.1\ndomain ipv4 host h2 172.16.0.2\ndomain ipv4 host h3 172.16.1.3\ndomain ipv4 host h4 172.16.2.4\ndomain ipv4 host s2 10.0.0.6\n!\ninterface Loopback0\n no shutdown\n ipv4 address 10.0.0.5 255.255.255.255\n!\ninterface FourHundredGigE0/0/0/0\n no shutdown\n description s1 -> s2\n!\ninterface FourHundredGigE0/0/0/1\n no shutdown\n description [Access VLAN red] s1 -> h1\n!\ninterface FourHundredGigE0/0/0/2\n no shutdown\n description s1 -> h3 [stub]\n ipv4 address 172.16.1.5 255.255.255.0\n!\ninterface FourHundredGigE0/0/0/0.701\n no shutdown\n description s1 -> s2\n ipv4 address 10.1.0.1 255.255.255.252\n!\ninterface FourHundredGigE0/0/0/0.700 l2transport\n no shutdown\n description [SubIf VLAN red] s1 -> s2\n!\ninterface BVI700\n no shutdown\n description VLAN red (700) -> [h1,h2,s2]\n!\n"
}

TASK [Deploy initial configuration] ********************************************
included: /home/pipi/netlab_gh/netsim/ansible/tasks/deploy-config/iosxr.yml for s1

TASK [iosxr_config: deploying initial from /work/netlab_cicd/node_files/s1/initial] ***
[WARNING]: To ensure idempotency and correct diff the input configuration lines
should be similar to how they appear if present in the running configuration on
device including the indentation
changed: [s1]

PLAY [Deploy module-specific configurations] ***********************************

TASK [Set variables that cannot be set with VARS] ******************************
ok: [s1]

TASK [Deploy individual configuration modules] *********************************
included: /home/pipi/netlab_gh/netsim/ansible/tasks/deploy-module.yml for s1 => (item=vlan)
included: /home/pipi/netlab_gh/netsim/ansible/tasks/deploy-module.yml for s1 => (item=routing)
included: /home/pipi/netlab_gh/netsim/ansible/tasks/deploy-module.yml for s1 => (item=ospf)

TASK [Figure out whether to deploy the module vlan on current device] **********
ok: [s1]

TASK [Find configuration template for vlan] ************************************
ok: [s1]

TASK [fail] ********************************************************************
skipping: [s1]

TASK [Find configuration deployment deploy_script for vlan] ********************
ok: [s1]

TASK [Print deployed configuration when running in verbose mode] ***************
ok: [s1] => {
    "msg": "vlan configuration for s1\n=========================================\ninterface FourHundredGigE0/0/0/1 l2transport\n!\ninterface FourHundredGigE0/0/0/0.701\n encapsulation dot1Q 701\n!\ninterface FourHundredGigE0/0/0/0.700 l2transport\n encapsulation dot1Q 700\n rewrite ingress tag pop 1 symmetric\n!\nl2vpn\n bridge group netlab\n  bridge-domain BD700\n   interface FourHundredGigE0/0/0/1\n   interface FourHundredGigE0/0/0/0.700\n!\n  bridge-domain BD701\n   routed interface BVI701\n!\n\n"
}

TASK [Deploy vlan configuration] ***********************************************
included: /home/pipi/netlab_gh/netsim/ansible/tasks/deploy-config/iosxr.yml for s1

TASK [iosxr_config: deploying vlan from /work/netlab_cicd/node_files/s1/vlan] ***
changed: [s1]

TASK [Figure out whether to deploy the module routing on current device] *******
ok: [s1]

TASK [Find configuration template for routing] *********************************
skipping: [s1]

TASK [fail] ********************************************************************
skipping: [s1]

TASK [Find configuration deployment deploy_script for routing] *****************
skipping: [s1]

TASK [Print deployed configuration when running in verbose mode] ***************
skipping: [s1]

TASK [Deploy routing configuration] ********************************************
skipping: [s1]

TASK [Figure out whether to deploy the module ospf on current device] **********
ok: [s1]

TASK [Find configuration template for ospf] ************************************
ok: [s1]

TASK [fail] ********************************************************************
skipping: [s1]

TASK [Find configuration deployment deploy_script for ospf] ********************
ok: [s1]

TASK [Print deployed configuration when running in verbose mode] ***************
ok: [s1] => {
    "msg": "ospf configuration for s1\n=========================================\n!\nrouter ospf 1\n!\n! These throttle timers are probably too aggressive for a production network but\n! make labs run better ;)\n!\n timers throttle spf 10 20 100\n timers throttle lsa all 10 20 100\n router-id 10.0.0.5\n\n loopback stub-network enable\n area 0.0.0.0\n  interface Loopback0\n  interface FourHundredGigE0/0/0/2\n   passive enable\n   network point-to-point\n  interface FourHundredGigE0/0/0/0.701\n   network point-to-point\n\n"
}

TASK [Deploy ospf configuration] ***********************************************
included: /home/pipi/netlab_gh/netsim/ansible/tasks/deploy-config/iosxr.yml for s1

TASK [iosxr_config: deploying ospf from /work/netlab_cicd/node_files/s1/ospf] ***
changed: [s1]

PLAY [Deploy custom deployment templates] **************************************
skipping: no hosts matched

PLAY RECAP *********************************************************************
s1                         : ok=29   changed=3    unreachable=0    failed=0    skipped=11   rescued=0    ignored=0   

Results of configuration script deployments
================================================================================
h1               Script:  initial,routing
h2               Script:  initial,routing
h3               Script:  initial,routing
h4               Script:  initial,routing
s2               Script:  initial,vlan,ospf


The VLAN trunk between layer-3 switches has a combination
of bridged and routed VLANs. If this test case does not produce
a usable network, remove the 'vlan.mixed_trunk' device feature flag.

* h1 and h2 should be able to ping each other, but not h3 or h4
* h3 and h4 should be able to ping each other, but not h1 or h2

