cisco8000v:  [INFO] Adjusted wait time in 'ping_irb_1' validation test
          to 90
[CONFIG]  s1: initial,vlan
[CONFIG]  s2: initial,vlan,daemons,hosts
[CONFIG]  s3: initial,vlan,daemons,hosts (shared)
[CONFIG]  s4: initial,vlan,daemons,hosts (shared)
[CONFIG]  r1: initial,routing,hosts (shared)
[CONFIG]  r2: initial,routing,hosts (shared)
[CONFIG]  r3: initial,routing,hosts (shared)
[CONFIG]  r4: initial,routing,hosts (shared)
[CONFIG]  d1: initial,routing,hosts (shared)
[CONFIG]  d2: initial,routing,hosts (shared)
[CONFIG]  d3: initial,routing,hosts (shared)
[CONFIG]  d4: initial,routing,hosts (shared)
Created provider configuration file: clab.yml
Created pickled transformed topology data into netlab.snapshot.pickle
Created group_vars for all
Created group_vars for modules
Created group_vars for cisco8000v
Created host_vars for s1
Created group_vars for frr
Created host_vars for s2, s3, s4
Created group_vars for linux
Created host_vars for r1, r2, r3, r4, d1, d2, d3, d4
Created minimized Ansible inventory hosts.yml
Created Ansible configuration file: ansible.cfg
Created transformed topology dump in YAML format in netlab.snapshot.yml
