[WARNING]: Could not match supplied host pattern, ignoring: unprovisioned

PLAY [Deploy initial device configuration] *************************************

TASK [Set variables that cannot be set with VARS] ******************************
ok: [dut]
ok: [r1]
ok: [r2]
ok: [srv]

TASK [Find device readiness script] ********************************************
ok: [dut]
ok: [r1]
ok: [r2]
ok: [srv]

TASK [Wait for device to become ready] *****************************************
skipping: [r1]
skipping: [r2]
skipping: [srv]
skipping: [dut]

TASK [Deploy initial configuration] ********************************************
included: /home/pipi/net101/tools/netsim/ansible/tasks/deploy-module.yml for r1, r2, srv, dut

TASK [Figure out whether to deploy the module initial on current device] *******
ok: [dut]
ok: [r1]
ok: [r2]
ok: [srv]

TASK [Find configuration template for initial] *********************************
ok: [dut]
ok: [r1]
ok: [r2]
ok: [srv]

TASK [Print deployed configuration when running in verbose mode] ***************
skipping: [r1]
skipping: [r2]
skipping: [srv]
skipping: [dut]

TASK [Find configuration deployment deploy_script for initial] *****************
ok: [dut]
ok: [r1]
ok: [r2]
ok: [srv]

TASK [Deploy initial configuration] ********************************************
included: /home/pipi/net101/tools/netsim/ansible/tasks/deploy-config/frr.yml for r1, r2, srv
included: /home/pipi/net101/tools/netsim/ansible/tasks/deploy-config/srlinux.yml for dut

TASK [template] ****************************************************************
changed: [r1]
changed: [srv]
changed: [r2]

TASK [set_fact] ****************************************************************
ok: [r1]
ok: [r2]
ok: [srv]

TASK [run /tmp/config.sh to deploy initial config from /home/pipi/net101/tools/netsim/ansible/templates/initial/frr.j2] ***
changed: [srv]
changed: [r2]
changed: [r1]

TASK [run vtysh to import initial config from /home/pipi/net101/tools/netsim/ansible/templates/initial/frr.j2] ***
skipping: [r1]
skipping: [r2]
skipping: [srv]

TASK [Check that required plugin exists, use 'netlab install grpc' to install it] ***
ok: [dut]

TASK [tempfile] ****************************************************************
changed: [dut -> localhost]

TASK [template] ****************************************************************
changed: [dut -> localhost]

TASK [Generated gNMI config based on /home/pipi/net101/tools/netsim/ansible/templates/initial/srlinux.j2] ***
skipping: [dut]

TASK [Update SRL initial node configuration (gNMI SET template=/home/pipi/net101/tools/netsim/ansible/templates/initial/srlinux.j2,CA=/tmp/netlab_cicd/clab-ml_17/.tls/ca/ca.pem)] ***
changed: [dut]

TASK [debug] *******************************************************************
skipping: [dut]

TASK [file] ********************************************************************
changed: [dut -> localhost]

PLAY [Deploy module-specific configurations] ***********************************

TASK [Set variables that cannot be set with VARS] ******************************
ok: [dut]
ok: [r1]
ok: [r2]
ok: [srv]

TASK [Deploy individual configuration modules] *********************************
included: /home/pipi/net101/tools/netsim/ansible/tasks/deploy-module.yml for dut, r1, r2, srv => (item=ospf)
included: /home/pipi/net101/tools/netsim/ansible/tasks/deploy-module.yml for dut, r1, r2, srv => (item=vrf)

TASK [Figure out whether to deploy the module ospf on current device] **********
ok: [dut]
ok: [r1]
ok: [r2]
ok: [srv]

TASK [Find configuration template for ospf] ************************************
ok: [dut]
ok: [r1]
ok: [r2]
ok: [srv]

TASK [Print deployed configuration when running in verbose mode] ***************
skipping: [dut]
skipping: [r1]
skipping: [r2]
skipping: [srv]

TASK [Find configuration deployment deploy_script for ospf] ********************
ok: [dut]
ok: [r1]
ok: [r2]
ok: [srv]

TASK [Deploy ospf configuration] ***********************************************
included: /home/pipi/net101/tools/netsim/ansible/tasks/deploy-config/srlinux.yml for dut
included: /home/pipi/net101/tools/netsim/ansible/tasks/deploy-config/frr.yml for r1, r2, srv

TASK [Check that required plugin exists, use 'netlab install grpc' to install it] ***
skipping: [dut]

TASK [tempfile] ****************************************************************
changed: [dut -> localhost]

TASK [template] ****************************************************************
changed: [dut -> localhost]

TASK [Generated gNMI config based on /home/pipi/net101/tools/netsim/ansible/templates/ospf/srlinux.j2] ***
skipping: [dut]

TASK [Update SRL ospf node configuration (gNMI SET template=/home/pipi/net101/tools/netsim/ansible/templates/ospf/srlinux.j2,CA=/tmp/netlab_cicd/clab-ml_17/.tls/ca/ca.pem)] ***
skipping: [dut]

TASK [debug] *******************************************************************
skipping: [dut]

TASK [file] ********************************************************************
changed: [dut -> localhost]

TASK [template] ****************************************************************
changed: [r2]
changed: [r1]
changed: [srv]

TASK [set_fact] ****************************************************************
ok: [r1]
ok: [r2]
ok: [srv]

TASK [run /tmp/config.sh to deploy ospf config from /home/pipi/net101/tools/netsim/ansible/templates/ospf/frr.j2] ***
skipping: [r1]
skipping: [r2]
skipping: [srv]

TASK [run vtysh to import ospf config from /home/pipi/net101/tools/netsim/ansible/templates/ospf/frr.j2] ***
changed: [r1]
changed: [r2]
changed: [srv]

TASK [Figure out whether to deploy the module vrf on current device] ***********
ok: [dut]
ok: [r1]
ok: [r2]
ok: [srv]

TASK [Find configuration template for vrf] *************************************
skipping: [r1]
skipping: [r2]
ok: [dut]
skipping: [srv]

TASK [Print deployed configuration when running in verbose mode] ***************
skipping: [dut]
skipping: [r1]
skipping: [r2]
skipping: [srv]

TASK [Find configuration deployment deploy_script for vrf] *********************
skipping: [r1]
skipping: [r2]
skipping: [srv]
ok: [dut]

TASK [Deploy vrf configuration] ************************************************
skipping: [r1]
skipping: [r2]
skipping: [srv]
included: /home/pipi/net101/tools/netsim/ansible/tasks/deploy-config/srlinux.yml for dut

TASK [Check that required plugin exists, use 'netlab install grpc' to install it] ***
skipping: [dut]

TASK [tempfile] ****************************************************************
changed: [dut -> localhost]

TASK [template] ****************************************************************
changed: [dut -> localhost]

TASK [Generated gNMI config based on /home/pipi/net101/tools/netsim/ansible/templates/vrf/srlinux.j2] ***
skipping: [dut]

TASK [Update SRL vrf node configuration (gNMI SET template=/home/pipi/net101/tools/netsim/ansible/templates/vrf/srlinux.j2,CA=/tmp/netlab_cicd/clab-ml_17/.tls/ca/ca.pem)] ***
changed: [dut]

TASK [debug] *******************************************************************
skipping: [dut]

TASK [file] ********************************************************************
changed: [dut -> localhost]

PLAY [Deploy custom deployment templates] **************************************
skipping: no hosts matched

PLAY RECAP *********************************************************************
dut                        : ok=30   changed=11   unreachable=0    failed=0    skipped=13   rescued=0    ignored=0   
r1                         : ok=21   changed=4    unreachable=0    failed=0    skipped=9    rescued=0    ignored=0   
r2                         : ok=21   changed=4    unreachable=0    failed=0    skipped=9    rescued=0    ignored=0   
srv                        : ok=21   changed=4    unreachable=0    failed=0    skipped=9    rescued=0    ignored=0   



The device under test has two user VRFs and a common services VRF.
Routers are attached to those interfaces and run OSPF with device under test.

* r1 and r2 should be able to ping srv but not each other

