00:39:44 INFO Parsing & checking topology file=clab.yml
00:39:44 INFO Parsing & checking topology file=clab.yml
00:39:44 INFO Destroying lab name=ml_17
00:39:45 INFO Removed container name=clab-ml_17-x1
00:39:45 INFO Removed container name=clab-ml_17-x2
00:39:45 INFO Removed container name=clab-ml_17-dut
00:39:45 INFO Removing host entries path=/etc/hosts
00:39:45 INFO Removing SSH config path=/etc/ssh/ssh_config.d/clab-ml_17.conf
Checking virtualization provider installation
OK: clab installed and working correctly
Stopping clab nodes
Cleanup configuration files
... removing clab.yml
... removing directory tree clab_files
... removing ansible.cfg
... removing hosts.yml
... removing directory tree group_vars
... removing directory tree host_vars
... removing netlab.snapshot.yml
... removing netlab.snapshot.pickle
