[WARNING]: Could not match supplied host pattern, ignoring: unprovisioned

PLAY [Deploy initial device configuration] *************************************

TASK [Set variables that cannot be set with VARS] ******************************
ok: [dut]
ok: [r1]
ok: [r2]
ok: [r3]
ok: [r4]

TASK [Find device readiness script] ********************************************
ok: [dut]
ok: [r1]
ok: [r2]
ok: [r3]
ok: [r4]

TASK [Wait for device to become ready] *****************************************
skipping: [dut]
skipping: [r1]
skipping: [r2]
skipping: [r3]
skipping: [r4]

TASK [Deploy initial configuration] ********************************************
included: /home/pipi/net101/tools/netsim/ansible/tasks/deploy-module.yml for dut, r1, r2, r3, r4

TASK [Figure out whether to deploy the module initial on current device] *******
ok: [dut]
ok: [r1]
ok: [r3]
ok: [r2]
ok: [r4]

TASK [Find configuration template for initial] *********************************
ok: [dut]
ok: [r1]
ok: [r2]
ok: [r3]
ok: [r4]

TASK [Print deployed configuration when running in verbose mode] ***************
skipping: [dut]
skipping: [r1]
skipping: [r2]
skipping: [r3]
skipping: [r4]

TASK [Find configuration deployment deploy_script for initial] *****************
ok: [dut]
ok: [r1]
ok: [r2]
ok: [r3]
ok: [r4]

TASK [Deploy initial configuration] ********************************************
included: /home/pipi/net101/tools/netsim/ansible/tasks/deploy-config/vyos.yml for dut
included: /home/pipi/net101/tools/netsim/ansible/tasks/deploy-config/frr.yml for r1, r2, r3, r4

TASK [wait_for_connection] *****************************************************
skipping: [dut]

TASK [wait_for] ****************************************************************
skipping: [dut]

TASK [set_fact] ****************************************************************
ok: [dut]

TASK [template] ****************************************************************
changed: [dut]

TASK [execute config-initial.sh to deploy initial config from /home/pipi/net101/tools/netsim/ansible/templates/initial/vyos.j2] ***
changed: [dut]

TASK [template] ****************************************************************
changed: [r1]
changed: [r3]
changed: [r4]
changed: [r2]

TASK [set_fact] ****************************************************************
ok: [r1]
ok: [r2]
ok: [r3]
ok: [r4]

TASK [run /tmp/config.sh to deploy initial config from /home/pipi/net101/tools/netsim/ansible/templates/initial/frr.j2] ***
changed: [r1]
changed: [r2]
changed: [r3]
changed: [r4]

TASK [run vtysh to import initial config from /home/pipi/net101/tools/netsim/ansible/templates/initial/frr.j2] ***
skipping: [r1]
skipping: [r2]
skipping: [r3]
skipping: [r4]

PLAY [Deploy module-specific configurations] ***********************************

TASK [Set variables that cannot be set with VARS] ******************************
ok: [dut]
ok: [r1]
ok: [r2]
ok: [r3]
ok: [r4]

TASK [Deploy individual configuration modules] *********************************
included: /home/pipi/net101/tools/netsim/ansible/tasks/deploy-module.yml for dut, r1, r2, r3, r4 => (item=bgp)
included: /home/pipi/net101/tools/netsim/ansible/tasks/deploy-module.yml for dut, r1, r2, r3, r4 => (item=vrf)

TASK [Figure out whether to deploy the module bgp on current device] ***********
ok: [dut]
ok: [r1]
ok: [r2]
ok: [r3]
ok: [r4]

TASK [Find configuration template for bgp] *************************************
ok: [dut]
ok: [r1]
ok: [r2]
ok: [r3]
ok: [r4]

TASK [Print deployed configuration when running in verbose mode] ***************
skipping: [dut]
skipping: [r1]
skipping: [r2]
skipping: [r3]
skipping: [r4]

TASK [Find configuration deployment deploy_script for bgp] *********************
ok: [dut]
ok: [r1]
ok: [r2]
ok: [r3]
ok: [r4]

TASK [Deploy bgp configuration] ************************************************
included: /home/pipi/net101/tools/netsim/ansible/tasks/deploy-config/vyos.yml for dut
included: /home/pipi/net101/tools/netsim/ansible/tasks/deploy-config/frr.yml for r1, r2, r3, r4

TASK [wait_for_connection] *****************************************************
skipping: [dut]

TASK [wait_for] ****************************************************************
skipping: [dut]

TASK [set_fact] ****************************************************************
ok: [dut]

TASK [template] ****************************************************************
changed: [dut]

TASK [execute config-bgp.sh to deploy bgp config from /home/pipi/net101/tools/netsim/ansible/templates/bgp/vyos.j2] ***
changed: [dut]

TASK [template] ****************************************************************
changed: [r2]
changed: [r1]
changed: [r4]
changed: [r3]

TASK [set_fact] ****************************************************************
ok: [r1]
ok: [r2]
ok: [r3]
ok: [r4]

TASK [run /tmp/config.sh to deploy bgp config from /home/pipi/net101/tools/netsim/ansible/templates/bgp/frr.j2] ***
skipping: [r1]
skipping: [r2]
skipping: [r3]
skipping: [r4]

TASK [run vtysh to import bgp config from /home/pipi/net101/tools/netsim/ansible/templates/bgp/frr.j2] ***
changed: [r1]
changed: [r2]
changed: [r3]
changed: [r4]

TASK [Figure out whether to deploy the module vrf on current device] ***********
ok: [dut]
ok: [r1]
ok: [r2]
ok: [r3]
ok: [r4]

TASK [Find configuration template for vrf] *************************************
skipping: [r1]
skipping: [r2]
ok: [dut]
skipping: [r3]
skipping: [r4]

TASK [Print deployed configuration when running in verbose mode] ***************
skipping: [dut]
skipping: [r1]
skipping: [r2]
skipping: [r3]
skipping: [r4]

TASK [Find configuration deployment deploy_script for vrf] *********************
skipping: [r1]
skipping: [r2]
ok: [dut]
skipping: [r3]
skipping: [r4]

TASK [Deploy vrf configuration] ************************************************
skipping: [r1]
skipping: [r2]
skipping: [r3]
skipping: [r4]
included: /home/pipi/net101/tools/netsim/ansible/tasks/deploy-config/vyos.yml for dut

TASK [wait_for_connection] *****************************************************
skipping: [dut]

TASK [wait_for] ****************************************************************
skipping: [dut]

TASK [set_fact] ****************************************************************
ok: [dut]

TASK [template] ****************************************************************
changed: [dut]

TASK [execute config-vrf.sh to deploy vrf config from /home/pipi/net101/tools/netsim/ansible/templates/vrf/vyos.j2] ***
changed: [dut]

PLAY [Deploy custom deployment templates] **************************************
skipping: no hosts matched

PLAY RECAP *********************************************************************
dut                        : ok=27   changed=6    unreachable=0    failed=0    skipped=10   rescued=0    ignored=0   
r1                         : ok=21   changed=4    unreachable=0    failed=0    skipped=9    rescued=0    ignored=0   
r2                         : ok=21   changed=4    unreachable=0    failed=0    skipped=9    rescued=0    ignored=0   
r3                         : ok=21   changed=4    unreachable=0    failed=0    skipped=9    rescued=0    ignored=0   
r4                         : ok=21   changed=4    unreachable=0    failed=0    skipped=9    rescued=0    ignored=0   



The device under test has two VRFs with two interfaces in each VRF.
Routers are attached to those interfaces and run BGP with device under test.
Assuming the multi-vrf test case succeeded, this one adds BGP routing with
CE routers.

* r1 and r2 should be able to ping each other
* r3 and r4 should be able to ping each other
* r1 should not be able to reach r3

