[WARNING]: Could not match supplied host pattern, ignoring: unprovisioned

PLAY [Deploy initial device configuration] *************************************

TASK [Set variables that cannot be set with VARS] ******************************
ok: [dut]
ok: [r1]
ok: [r2]
ok: [r3]
ok: [r4]

TASK [Find device readiness script] ********************************************
ok: [dut]
ok: [r1]
ok: [r2]
ok: [r3]
ok: [r4]

TASK [Wait for device to become ready] *****************************************
skipping: [dut]
skipping: [r1]
skipping: [r2]
skipping: [r3]
skipping: [r4]

TASK [Deploy initial configuration] ********************************************
included: /home/pipi/net101/tools/netsim/ansible/tasks/deploy-module.yml for dut, r1, r2, r3, r4

TASK [Figure out whether to deploy the module initial on current device] *******
ok: [dut]
ok: [r1]
ok: [r2]
ok: [r3]
ok: [r4]

TASK [Find configuration template for initial] *********************************
ok: [dut]
ok: [r1]
ok: [r2]
ok: [r3]
ok: [r4]

TASK [Print deployed configuration when running in verbose mode] ***************
ok: [r1] => 
  msg: |-
    initial configuration for r1
    =========================================
    #!/bin/bash
    #
    set -e
    set -x
    #
    # Create bash profile script
    #
    cat <<SCRIPT >/root/.bash_profile
    #!/bin/bash
    #
    export PS1="\h(bash)#"
    echo "Use vtysh to connect to FRR daemon"
    echo
    SCRIPT
    #
    # Build hosts file
    #
    echo "# Created by netlab initial" >>/tmp/hosts
    echo "2001:db8:1:1::1 dut" >>/tmp/hosts
    echo "2001:db8:2:2::1 2001:db8:2:3::1 2001:db8:c001:cafe::1 dut-blue" >>/tmp/hosts
    echo "2001:db8:2::1 2001:db8:2:1::1 2001:db8:c001:cafe::1 dut-red" >>/tmp/hosts
    echo "2001:db8:1:2::1 2001:db8:2::2 r1" >>/tmp/hosts
    echo "2001:db8:1:3::1 2001:db8:2:1::3 r2" >>/tmp/hosts
    echo "2001:db8:1:4::1 2001:db8:2:2::4 r3" >>/tmp/hosts
    echo "2001:db8:1:5::1 2001:db8:2:3::5 r4" >>/tmp/hosts
    grep "Created by netlab" /etc/hosts || uniq /tmp/hosts|sort >>/etc/hosts
  
    #
    # Get the current next hop for the default route
    #
    def_nh=$(ip route list default|awk '{ print $3 }')
    #
    # Create the management VRF and add eth0 to it
    #
    if [ ! -e /sys/devices/virtual/net/mgmt ]; then
      ip link add mgmt type vrf table 42
    fi
    ip link set mgmt up
    sysctl -qw net.ipv6.conf.eth0.keep_addr_on_down=1
    ip link set eth0 master mgmt
    #
    # Reinstall the default route if we had it before
    #
    if [[ -n "$def_nh" ]]; then
      ip route add 0.0.0.0/0 vrf mgmt via $def_nh
    fi
    #
    # Enable FRR modules (if not using containerlab bind-mounted /etc/frr/daemons)
    #
  
    #
    # Create loopbacks and stub devices
    #
    if [ ! -e /sys/class/net/lo ]; then
      if [ ! -e /sys/devices/virtual/net/lo ]; then
        ip link add lo type dummy
        ip link set dev lo up
      fi
    fi
  
    # Disable IPv6 (for IPv4-only interfaces) or SLAAC (if the device is a router)
    #
    sysctl -qw net.ipv6.conf.eth1.autoconf=0
    sysctl -qw net.ipv6.conf.eth1.accept_ra=0
    ip link set eth1 down
    ip link set eth1 up
  
    #
    # Add vtysh.conf file
    echo "service integrated-vtysh-config" >/etc/frr/vtysh.conf
    #
    # Set Ethernet interface MTU
    ip link set eth1 mtu 1500
    #
    # Rest of initial configuration done through VTYSH
    #
    cat >/tmp/config <<CONFIG
    hostname r1
    !
    vrf mgmt
     exit-vrf
    !
    ipv6 forwarding
    frr defaults datacenter
    !
    interface lo
     no shutdown
     ! no ip address
     ipv6 address 2001:db8:1:2::1/64
    !
    interface eth1
     no shutdown
     description r1 -> dut [external]
     ! no ip address
     ipv6 address 2001:db8:2::2/64
     ipv6 nd ra-interval 5
     no ipv6 nd suppress-ra
    !
    do write
    CONFIG
    vtysh -f /tmp/config
    exit 0
ok: [dut] => 
  msg: |-
    initial configuration for dut
    =========================================
    #!/bin/vbash
    source /opt/vyatta/etc/functions/script-template
  
    if [ "$(id -g -n)" != 'vyattacfg' ] ; then
        exec sg vyattacfg -c "/bin/vbash $(readlink -f $0) $@"
    fi
  
    # Configuration items start here
  
    configure
    set system host-name 'dut'
  
    set vrf name blue table 101
    set vrf name red table 100
  
    set interfaces dummy dum0 address 2001:db8:1:1::1/64
  
  
  
    set interfaces ethernet eth1 description 'dut -> r1 [external]'
  
  
  
    set interfaces ethernet eth1 address 2001:db8:2::1/64;
  
    set interfaces ethernet eth1 vrf red
  
  
  
    set interfaces ethernet eth2 description 'dut -> r2 [external]'
  
  
  
    set interfaces ethernet eth2 address 2001:db8:2:1::1/64;
  
    set interfaces ethernet eth2 vrf red
  
  
  
    set interfaces ethernet eth3 description 'dut -> r3 [external]'
  
  
  
    set interfaces ethernet eth3 address 2001:db8:2:2::1/64;
  
    set interfaces ethernet eth3 vrf blue
  
  
  
    set interfaces ethernet eth4 description 'dut -> r4 [external]'
  
  
  
    set interfaces ethernet eth4 address 2001:db8:2:3::1/64;
  
    set interfaces ethernet eth4 vrf blue
  
  
  
    set interfaces dummy dum1 description 'VRF Loopback red'
  
  
  
    set interfaces dummy dum1 address 2001:db8:c001:cafe::1/64;
  
    set interfaces dummy dum1 vrf red
  
  
  
    set interfaces dummy dum2 description 'VRF Loopback blue'
  
  
  
    set interfaces dummy dum2 address 2001:db8:c001:cafe::1/64;
  
    set interfaces dummy dum2 vrf blue
  
  
    set service lldp interface all
    set service lldp interface eth0 disable
  
    set service router-advert interface eth1
    set service router-advert interface eth2
    set service router-advert interface eth3
    set service router-advert interface eth4
  
  
    # Commit, save and exit from subshell
  
    commit
    save
    exit
  
    # Restart FRR to pick up the new hostname
    sudo service frr restart
ok: [r2] => 
  msg: |-
    initial configuration for r2
    =========================================
    #!/bin/bash
    #
    set -e
    set -x
    #
    # Create bash profile script
    #
    cat <<SCRIPT >/root/.bash_profile
    #!/bin/bash
    #
    export PS1="\h(bash)#"
    echo "Use vtysh to connect to FRR daemon"
    echo
    SCRIPT
    #
    # Build hosts file
    #
    echo "# Created by netlab initial" >>/tmp/hosts
    echo "2001:db8:1:1::1 dut" >>/tmp/hosts
    echo "2001:db8:2:2::1 2001:db8:2:3::1 2001:db8:c001:cafe::1 dut-blue" >>/tmp/hosts
    echo "2001:db8:2::1 2001:db8:2:1::1 2001:db8:c001:cafe::1 dut-red" >>/tmp/hosts
    echo "2001:db8:1:2::1 2001:db8:2::2 r1" >>/tmp/hosts
    echo "2001:db8:1:3::1 2001:db8:2:1::3 r2" >>/tmp/hosts
    echo "2001:db8:1:4::1 2001:db8:2:2::4 r3" >>/tmp/hosts
    echo "2001:db8:1:5::1 2001:db8:2:3::5 r4" >>/tmp/hosts
    grep "Created by netlab" /etc/hosts || uniq /tmp/hosts|sort >>/etc/hosts
  
    #
    # Get the current next hop for the default route
    #
    def_nh=$(ip route list default|awk '{ print $3 }')
    #
    # Create the management VRF and add eth0 to it
    #
    if [ ! -e /sys/devices/virtual/net/mgmt ]; then
      ip link add mgmt type vrf table 42
    fi
    ip link set mgmt up
    sysctl -qw net.ipv6.conf.eth0.keep_addr_on_down=1
    ip link set eth0 master mgmt
    #
    # Reinstall the default route if we had it before
    #
    if [[ -n "$def_nh" ]]; then
      ip route add 0.0.0.0/0 vrf mgmt via $def_nh
    fi
    #
    # Enable FRR modules (if not using containerlab bind-mounted /etc/frr/daemons)
    #
  
    #
    # Create loopbacks and stub devices
    #
    if [ ! -e /sys/class/net/lo ]; then
      if [ ! -e /sys/devices/virtual/net/lo ]; then
        ip link add lo type dummy
        ip link set dev lo up
      fi
    fi
  
    # Disable IPv6 (for IPv4-only interfaces) or SLAAC (if the device is a router)
    #
    sysctl -qw net.ipv6.conf.eth1.autoconf=0
    sysctl -qw net.ipv6.conf.eth1.accept_ra=0
    ip link set eth1 down
    ip link set eth1 up
  
    #
    # Add vtysh.conf file
    echo "service integrated-vtysh-config" >/etc/frr/vtysh.conf
    #
    # Set Ethernet interface MTU
    ip link set eth1 mtu 1500
    #
    # Rest of initial configuration done through VTYSH
    #
    cat >/tmp/config <<CONFIG
    hostname r2
    !
    vrf mgmt
     exit-vrf
    !
    ipv6 forwarding
    frr defaults datacenter
    !
    interface lo
     no shutdown
     ! no ip address
     ipv6 address 2001:db8:1:3::1/64
    !
    interface eth1
     no shutdown
     description r2 -> dut [external]
     ! no ip address
     ipv6 address 2001:db8:2:1::3/64
     ipv6 nd ra-interval 5
     no ipv6 nd suppress-ra
    !
    do write
    CONFIG
    vtysh -f /tmp/config
    exit 0
ok: [r3] => 
  msg: |-
    initial configuration for r3
    =========================================
    #!/bin/bash
    #
    set -e
    set -x
    #
    # Create bash profile script
    #
    cat <<SCRIPT >/root/.bash_profile
    #!/bin/bash
    #
    export PS1="\h(bash)#"
    echo "Use vtysh to connect to FRR daemon"
    echo
    SCRIPT
    #
    # Build hosts file
    #
    echo "# Created by netlab initial" >>/tmp/hosts
    echo "2001:db8:1:1::1 dut" >>/tmp/hosts
    echo "2001:db8:2:2::1 2001:db8:2:3::1 2001:db8:c001:cafe::1 dut-blue" >>/tmp/hosts
    echo "2001:db8:2::1 2001:db8:2:1::1 2001:db8:c001:cafe::1 dut-red" >>/tmp/hosts
    echo "2001:db8:1:2::1 2001:db8:2::2 r1" >>/tmp/hosts
    echo "2001:db8:1:3::1 2001:db8:2:1::3 r2" >>/tmp/hosts
    echo "2001:db8:1:4::1 2001:db8:2:2::4 r3" >>/tmp/hosts
    echo "2001:db8:1:5::1 2001:db8:2:3::5 r4" >>/tmp/hosts
    grep "Created by netlab" /etc/hosts || uniq /tmp/hosts|sort >>/etc/hosts
  
    #
    # Get the current next hop for the default route
    #
    def_nh=$(ip route list default|awk '{ print $3 }')
    #
    # Create the management VRF and add eth0 to it
    #
    if [ ! -e /sys/devices/virtual/net/mgmt ]; then
      ip link add mgmt type vrf table 42
    fi
    ip link set mgmt up
    sysctl -qw net.ipv6.conf.eth0.keep_addr_on_down=1
    ip link set eth0 master mgmt
    #
    # Reinstall the default route if we had it before
    #
    if [[ -n "$def_nh" ]]; then
      ip route add 0.0.0.0/0 vrf mgmt via $def_nh
    fi
    #
    # Enable FRR modules (if not using containerlab bind-mounted /etc/frr/daemons)
    #
  
    #
    # Create loopbacks and stub devices
    #
    if [ ! -e /sys/class/net/lo ]; then
      if [ ! -e /sys/devices/virtual/net/lo ]; then
        ip link add lo type dummy
        ip link set dev lo up
      fi
    fi
  
    # Disable IPv6 (for IPv4-only interfaces) or SLAAC (if the device is a router)
    #
    sysctl -qw net.ipv6.conf.eth1.autoconf=0
    sysctl -qw net.ipv6.conf.eth1.accept_ra=0
    ip link set eth1 down
    ip link set eth1 up
  
    #
    # Add vtysh.conf file
    echo "service integrated-vtysh-config" >/etc/frr/vtysh.conf
    #
    # Set Ethernet interface MTU
    ip link set eth1 mtu 1500
    #
    # Rest of initial configuration done through VTYSH
    #
    cat >/tmp/config <<CONFIG
    hostname r3
    !
    vrf mgmt
     exit-vrf
    !
    ipv6 forwarding
    frr defaults datacenter
    !
    interface lo
     no shutdown
     ! no ip address
     ipv6 address 2001:db8:1:4::1/64
    !
    interface eth1
     no shutdown
     description r3 -> dut [external]
     ! no ip address
     ipv6 address 2001:db8:2:2::4/64
     ipv6 nd ra-interval 5
     no ipv6 nd suppress-ra
    !
    do write
    CONFIG
    vtysh -f /tmp/config
    exit 0
ok: [r4] => 
  msg: |-
    initial configuration for r4
    =========================================
    #!/bin/bash
    #
    set -e
    set -x
    #
    # Create bash profile script
    #
    cat <<SCRIPT >/root/.bash_profile
    #!/bin/bash
    #
    export PS1="\h(bash)#"
    echo "Use vtysh to connect to FRR daemon"
    echo
    SCRIPT
    #
    # Build hosts file
    #
    echo "# Created by netlab initial" >>/tmp/hosts
    echo "2001:db8:1:1::1 dut" >>/tmp/hosts
    echo "2001:db8:2:2::1 2001:db8:2:3::1 2001:db8:c001:cafe::1 dut-blue" >>/tmp/hosts
    echo "2001:db8:2::1 2001:db8:2:1::1 2001:db8:c001:cafe::1 dut-red" >>/tmp/hosts
    echo "2001:db8:1:2::1 2001:db8:2::2 r1" >>/tmp/hosts
    echo "2001:db8:1:3::1 2001:db8:2:1::3 r2" >>/tmp/hosts
    echo "2001:db8:1:4::1 2001:db8:2:2::4 r3" >>/tmp/hosts
    echo "2001:db8:1:5::1 2001:db8:2:3::5 r4" >>/tmp/hosts
    grep "Created by netlab" /etc/hosts || uniq /tmp/hosts|sort >>/etc/hosts
  
    #
    # Get the current next hop for the default route
    #
    def_nh=$(ip route list default|awk '{ print $3 }')
    #
    # Create the management VRF and add eth0 to it
    #
    if [ ! -e /sys/devices/virtual/net/mgmt ]; then
      ip link add mgmt type vrf table 42
    fi
    ip link set mgmt up
    sysctl -qw net.ipv6.conf.eth0.keep_addr_on_down=1
    ip link set eth0 master mgmt
    #
    # Reinstall the default route if we had it before
    #
    if [[ -n "$def_nh" ]]; then
      ip route add 0.0.0.0/0 vrf mgmt via $def_nh
    fi
    #
    # Enable FRR modules (if not using containerlab bind-mounted /etc/frr/daemons)
    #
  
    #
    # Create loopbacks and stub devices
    #
    if [ ! -e /sys/class/net/lo ]; then
      if [ ! -e /sys/devices/virtual/net/lo ]; then
        ip link add lo type dummy
        ip link set dev lo up
      fi
    fi
  
    # Disable IPv6 (for IPv4-only interfaces) or SLAAC (if the device is a router)
    #
    sysctl -qw net.ipv6.conf.eth1.autoconf=0
    sysctl -qw net.ipv6.conf.eth1.accept_ra=0
    ip link set eth1 down
    ip link set eth1 up
  
    #
    # Add vtysh.conf file
    echo "service integrated-vtysh-config" >/etc/frr/vtysh.conf
    #
    # Set Ethernet interface MTU
    ip link set eth1 mtu 1500
    #
    # Rest of initial configuration done through VTYSH
    #
    cat >/tmp/config <<CONFIG
    hostname r4
    !
    vrf mgmt
     exit-vrf
    !
    ipv6 forwarding
    frr defaults datacenter
    !
    interface lo
     no shutdown
     ! no ip address
     ipv6 address 2001:db8:1:5::1/64
    !
    interface eth1
     no shutdown
     description r4 -> dut [external]
     ! no ip address
     ipv6 address 2001:db8:2:3::5/64
     ipv6 nd ra-interval 5
     no ipv6 nd suppress-ra
    !
    do write
    CONFIG
    vtysh -f /tmp/config
    exit 0

TASK [Find configuration deployment deploy_script for initial] *****************
ok: [dut]
ok: [r1]
ok: [r2]
ok: [r4]
ok: [r3]

TASK [Deploy initial configuration] ********************************************
included: /home/pipi/net101/tools/netsim/ansible/tasks/deploy-config/vyos.yml for dut
included: /home/pipi/net101/tools/netsim/ansible/tasks/frr/initial-clab.yml for r1, r2, r3, r4

TASK [wait_for_connection] *****************************************************
skipping: [dut]

TASK [wait_for] ****************************************************************
skipping: [dut]

TASK [set_fact] ****************************************************************
ok: [dut]

TASK [set_fact] ****************************************************************
ok: [dut]

TASK [template] ****************************************************************
changed: [dut]

TASK [execute config-initial.sh to deploy initial config from /home/pipi/net101/tools/netsim/ansible/templates/initial/vyos.j2] ***
changed: [dut]

TASK [Attempt to load VRF kernel module] ***************************************
changed: [r1 -> localhost]
changed: [r2 -> localhost]
changed: [r3 -> localhost]
changed: [r4 -> localhost]

TASK [Disable FRR management VRF when modprobe fails] **************************
skipping: [r1]
skipping: [r2]
skipping: [r3]
skipping: [r4]

TASK [include_tasks] ***********************************************************
included: /home/pipi/net101/tools/netsim/ansible/tasks/frr/deploy-config.yml for r1, r2, r3, r4

TASK [template] ****************************************************************
changed: [r3]
changed: [r2]
changed: [r1]
changed: [r4]

TASK [set_fact] ****************************************************************
ok: [r1]
ok: [r2]
ok: [r3]
ok: [r4]

TASK [run /tmp/config.sh to deploy initial config from /home/pipi/net101/tools/netsim/ansible/templates/initial/frr.j2] ***
changed: [r2]
changed: [r1]
changed: [r3]
changed: [r4]

TASK [run vtysh to import initial config from /home/pipi/net101/tools/netsim/ansible/templates/initial/frr.j2] ***
skipping: [r1]
skipping: [r2]
skipping: [r3]
skipping: [r4]

PLAY [Deploy module-specific configurations] ***********************************

TASK [Set variables that cannot be set with VARS] ******************************
ok: [dut]
ok: [r1]
ok: [r2]
ok: [r3]
ok: [r4]

TASK [Deploy individual configuration modules] *********************************
included: /home/pipi/net101/tools/netsim/ansible/tasks/deploy-module.yml for dut, r1, r2, r3, r4 => (item=bgp)
included: /home/pipi/net101/tools/netsim/ansible/tasks/deploy-module.yml for dut, r1, r2, r3, r4 => (item=vrf)

TASK [Figure out whether to deploy the module bgp on current device] ***********
ok: [dut]
ok: [r1]
ok: [r2]
ok: [r3]
ok: [r4]

TASK [Find configuration template for bgp] *************************************
ok: [dut]
ok: [r1]
ok: [r2]
ok: [r3]
ok: [r4]

TASK [Print deployed configuration when running in verbose mode] ***************
ok: [dut] => 
  msg: |-
    bgp configuration for dut
    =========================================
    #!/bin/vbash
    source /opt/vyatta/etc/functions/script-template
  
    if [ "$(id -g -n)" != 'vyattacfg' ] ; then
        exec sg vyattacfg -c "/bin/vbash $(readlink -f $0) $@"
    fi
  
    # Configuration items start here
  
    configure
  
    set protocols bgp system-as 65000
  
    set protocols bgp parameters router-id 10.0.0.1
  
  
  
    # Work on Family ipv6
  
  
    set protocols bgp address-family ipv6-unicast network 2001:db8:1:1::/64
  
  
  
  
  
  
    # Commit, save and exit from subshell
  
    commit
    save
    exit
ok: [r1] => 
  msg: |-
    bgp configuration for r1
    =========================================
    !
    router bgp 65101
      no bgp ebgp-requires-policy
      no bgp default ipv4-unicast
      bgp default show-hostname
      bgp default show-nexthop-hostname
  
      ! Consider AS paths of same length but with different AS as ECMP candidates
      bgp bestpath as-path multipath-relax
  
      bgp router-id 10.0.0.2
    !
      neighbor 2001:db8:2::1 remote-as 65000
      neighbor 2001:db8:2::1 description dut
    !
     address-family ipv6 unicast
    !
      network 2001:db8:1:2::/64
    !
    !
    !
      neighbor 2001:db8:2::1 activate
      no neighbor 2001:db8:2::1 send-community all
      neighbor 2001:db8:2::1 send-community standard
      neighbor 2001:db8:2::1 send-community large
    !
    !
    !
    do write
ok: [r2] => 
  msg: |-
    bgp configuration for r2
    =========================================
    !
    router bgp 65102
      no bgp ebgp-requires-policy
      no bgp default ipv4-unicast
      bgp default show-hostname
      bgp default show-nexthop-hostname
  
      ! Consider AS paths of same length but with different AS as ECMP candidates
      bgp bestpath as-path multipath-relax
  
      bgp router-id 10.0.0.3
    !
      neighbor 2001:db8:2:1::1 remote-as 65000
      neighbor 2001:db8:2:1::1 description dut
    !
     address-family ipv6 unicast
    !
      network 2001:db8:1:3::/64
    !
    !
    !
      neighbor 2001:db8:2:1::1 activate
      no neighbor 2001:db8:2:1::1 send-community all
      neighbor 2001:db8:2:1::1 send-community standard
      neighbor 2001:db8:2:1::1 send-community large
    !
    !
    !
    do write
ok: [r3] => 
  msg: |-
    bgp configuration for r3
    =========================================
    !
    router bgp 65103
      no bgp ebgp-requires-policy
      no bgp default ipv4-unicast
      bgp default show-hostname
      bgp default show-nexthop-hostname
  
      ! Consider AS paths of same length but with different AS as ECMP candidates
      bgp bestpath as-path multipath-relax
  
      bgp router-id 10.0.0.4
    !
      neighbor 2001:db8:2:2::1 remote-as 65000
      neighbor 2001:db8:2:2::1 description dut
    !
     address-family ipv6 unicast
    !
      network 2001:db8:1:4::/64
    !
    !
    !
      neighbor 2001:db8:2:2::1 activate
      no neighbor 2001:db8:2:2::1 send-community all
      neighbor 2001:db8:2:2::1 send-community standard
      neighbor 2001:db8:2:2::1 send-community large
    !
    !
    !
    do write
ok: [r4] => 
  msg: |-
    bgp configuration for r4
    =========================================
    !
    router bgp 65104
      no bgp ebgp-requires-policy
      no bgp default ipv4-unicast
      bgp default show-hostname
      bgp default show-nexthop-hostname
  
      ! Consider AS paths of same length but with different AS as ECMP candidates
      bgp bestpath as-path multipath-relax
  
      bgp router-id 10.0.0.5
    !
      neighbor 2001:db8:2:3::1 remote-as 65000
      neighbor 2001:db8:2:3::1 description dut
    !
     address-family ipv6 unicast
    !
      network 2001:db8:1:5::/64
    !
    !
    !
      neighbor 2001:db8:2:3::1 activate
      no neighbor 2001:db8:2:3::1 send-community all
      neighbor 2001:db8:2:3::1 send-community standard
      neighbor 2001:db8:2:3::1 send-community large
    !
    !
    !
    do write

TASK [Find configuration deployment deploy_script for bgp] *********************
ok: [dut]
ok: [r1]
ok: [r2]
ok: [r3]
ok: [r4]

TASK [Deploy bgp configuration] ************************************************
included: /home/pipi/net101/tools/netsim/ansible/tasks/deploy-config/vyos.yml for dut
included: /home/pipi/net101/tools/netsim/ansible/tasks/deploy-config/frr.yml for r1, r2, r3, r4

TASK [wait_for_connection] *****************************************************
skipping: [dut]

TASK [wait_for] ****************************************************************
skipping: [dut]

TASK [set_fact] ****************************************************************
ok: [dut]

TASK [set_fact] ****************************************************************
ok: [dut]

TASK [template] ****************************************************************
changed: [dut]

TASK [execute config-bgp.sh to deploy bgp config from /home/pipi/net101/tools/netsim/ansible/templates/bgp/vyos.j2] ***
changed: [dut]

TASK [template] ****************************************************************
changed: [r3]
changed: [r1]
changed: [r2]
changed: [r4]

TASK [set_fact] ****************************************************************
ok: [r2]
ok: [r1]
ok: [r3]
ok: [r4]

TASK [run /tmp/config.sh to deploy bgp config from /home/pipi/net101/tools/netsim/ansible/templates/bgp/frr.j2] ***
skipping: [r1]
skipping: [r2]
skipping: [r3]
skipping: [r4]

TASK [run vtysh to import bgp config from /home/pipi/net101/tools/netsim/ansible/templates/bgp/frr.j2] ***
changed: [r1]
changed: [r2]
changed: [r3]
changed: [r4]

TASK [Figure out whether to deploy the module vrf on current device] ***********
ok: [dut]
ok: [r1]
ok: [r2]
ok: [r3]
ok: [r4]

TASK [Find configuration template for vrf] *************************************
skipping: [r1]
skipping: [r2]
skipping: [r3]
ok: [dut]
skipping: [r4]

TASK [Print deployed configuration when running in verbose mode] ***************
skipping: [r1]
skipping: [r2]
skipping: [r3]
skipping: [r4]
ok: [dut] => 
  msg: |-
    vrf configuration for dut
    =========================================
    #!/bin/vbash
    source /opt/vyatta/etc/functions/script-template
  
    if [ "$(id -g -n)" != 'vyattacfg' ] ; then
        exec sg vyattacfg -c "/bin/vbash $(readlink -f $0) $@"
    fi
  
    # Configuration items start here
    configure
  
    set protocols bgp system-as 65000
  
    # Enter vrf sublevel
    edit vrf name blue
  
  
    set protocols bgp system-as 65000
  
    set protocols bgp parameters router-id 10.0.0.1
  
    set protocols bgp address-family ipv6-unicast rd vpn export 65000:2
    set protocols bgp address-family ipv6-unicast route-target vpn import "65000:2"
    set protocols bgp address-family ipv6-unicast route-target vpn export "65000:2"
    set protocols bgp address-family ipv6-unicast import vpn
    set protocols bgp address-family ipv6-unicast export vpn
    set protocols bgp address-family ipv6-unicast label vpn export auto
  
  
  
    set protocols bgp address-family ipv6-unicast redistribute connected
  
    # Define networks for VRF Loopback
    set protocols bgp address-family ipv6-unicast network 2001:db8:c001:cafe::/64
  
  
  
    set protocols bgp neighbor 2001:db8:2:2::4 remote-as 65103
    set protocols bgp neighbor 2001:db8:2:2::4 description 'r3'
  
  
  
  
  
    set protocols bgp neighbor 2001:db8:2:2::4 address-family ipv6-unicast soft-reconfiguration inbound
  
    set protocols bgp neighbor 2001:db8:2:2::4 address-family ipv6-unicast nexthop-self
  
    set protocols bgp neighbor 2001:db8:2:2::4 address-family ipv6-unicast disable-send-community extended
  
  
  
    set protocols bgp neighbor 2001:db8:2:3::5 remote-as 65104
    set protocols bgp neighbor 2001:db8:2:3::5 description 'r4'
  
  
  
  
  
    set protocols bgp neighbor 2001:db8:2:3::5 address-family ipv6-unicast soft-reconfiguration inbound
  
    set protocols bgp neighbor 2001:db8:2:3::5 address-family ipv6-unicast nexthop-self
  
    set protocols bgp neighbor 2001:db8:2:3::5 address-family ipv6-unicast disable-send-community extended
  
  
  
    # Back to root level
    top
    edit vrf name red
  
  
    set protocols bgp system-as 65000
  
    set protocols bgp parameters router-id 10.0.0.1
  
    set protocols bgp address-family ipv6-unicast rd vpn export 65000:1
    set protocols bgp address-family ipv6-unicast route-target vpn import "65000:1"
    set protocols bgp address-family ipv6-unicast route-target vpn export "65000:1"
    set protocols bgp address-family ipv6-unicast import vpn
    set protocols bgp address-family ipv6-unicast export vpn
    set protocols bgp address-family ipv6-unicast label vpn export auto
  
  
  
    set protocols bgp address-family ipv6-unicast redistribute connected
  
    # Define networks for VRF Loopback
    set protocols bgp address-family ipv6-unicast network 2001:db8:c001:cafe::/64
  
  
  
    set protocols bgp neighbor 2001:db8:2::2 remote-as 65101
    set protocols bgp neighbor 2001:db8:2::2 description 'r1'
  
  
  
  
  
    set protocols bgp neighbor 2001:db8:2::2 address-family ipv6-unicast soft-reconfiguration inbound
  
    set protocols bgp neighbor 2001:db8:2::2 address-family ipv6-unicast nexthop-self
  
    set protocols bgp neighbor 2001:db8:2::2 address-family ipv6-unicast disable-send-community extended
  
  
  
    set protocols bgp neighbor 2001:db8:2:1::3 remote-as 65102
    set protocols bgp neighbor 2001:db8:2:1::3 description 'r2'
  
  
  
  
  
    set protocols bgp neighbor 2001:db8:2:1::3 address-family ipv6-unicast soft-reconfiguration inbound
  
    set protocols bgp neighbor 2001:db8:2:1::3 address-family ipv6-unicast nexthop-self
  
    set protocols bgp neighbor 2001:db8:2:1::3 address-family ipv6-unicast disable-send-community extended
  
  
  
    # Back to root level
    top
  
    # Commit, save and exit from subshell
  
    commit
    save
    exit

TASK [Find configuration deployment deploy_script for vrf] *********************
skipping: [r1]
skipping: [r2]
skipping: [r3]
skipping: [r4]
ok: [dut]

TASK [Deploy vrf configuration] ************************************************
skipping: [r1]
skipping: [r2]
skipping: [r3]
skipping: [r4]
included: /home/pipi/net101/tools/netsim/ansible/tasks/deploy-config/vyos.yml for dut

TASK [wait_for_connection] *****************************************************
skipping: [dut]

TASK [wait_for] ****************************************************************
skipping: [dut]

TASK [set_fact] ****************************************************************
ok: [dut]

TASK [set_fact] ****************************************************************
ok: [dut]

TASK [template] ****************************************************************
changed: [dut]

TASK [execute config-vrf.sh to deploy vrf config from /home/pipi/net101/tools/netsim/ansible/templates/vrf/vyos.j2] ***
changed: [dut]

PLAY [Deploy custom deployment templates] **************************************
skipping: no hosts matched

PLAY RECAP *********************************************************************
dut                        : ok=33   changed=6    unreachable=0    failed=0    skipped=7    rescued=0    ignored=0   
r1                         : ok=25   changed=5    unreachable=0    failed=0    skipped=8    rescued=0    ignored=0   
r2                         : ok=25   changed=5    unreachable=0    failed=0    skipped=8    rescued=0    ignored=0   
r3                         : ok=25   changed=5    unreachable=0    failed=0    skipped=8    rescued=0    ignored=0   
r4                         : ok=25   changed=5    unreachable=0    failed=0    skipped=8    rescued=0    ignored=0   



The device under test has two VRFs with two interfaces in each VRF.
Routers are attached to those interfaces and run BGP with device under test.
Assuming the multi-vrf BGP test case succeeded, this one adds VRF loopback
interfaces advertised into BGP with network statements.

* r1 and r2 should be able to ping each other and rtr VRF loopback
* r3 and r4 should be able to ping each other and rtr VRF loopback
* r1 should not be able to reach r3

