Bringing machine 'c1' up with 'libvirt' provider...
Bringing machine 'c2' up with 'libvirt' provider...
==> c1: Checking if box 'cisco/cat8000v' version '17.13.01' is up to date...
==> c2: Checking if box 'cisco/cat8000v' version '17.13.01' is up to date...
==> c2: Creating image (snapshot of base box volume).
==> c1: Creating image (snapshot of base box volume).
==> c2: Creating domain with the following settings...
==> c2:  -- Name:              ml_17_c2
==> c2:  -- Description:       Source: /work/netlab_cicd/Vagrantfile
==> c1: Creating domain with the following settings...
==> c2:  -- Domain type:       kvm
==> c1:  -- Name:              ml_17_c1
==> c1:  -- Description:       Source: /work/netlab_cicd/Vagrantfile
==> c1:  -- Domain type:       kvm
==> c2:  -- Cpus:              2
==> c1:  -- Cpus:              2
==> c2:  -- Feature:           acpi
==> c2:  -- Feature:           apic
==> c2:  -- Feature:           pae
==> c2:  -- Clock offset:      utc
==> c2:  -- Memory:            4096M
==> c2:  -- Management MAC:    08:4f:a9:00:00:02
==> c1:  -- Feature:           acpi
==> c2:  -- Base box:          cisco/cat8000v
==> c2:  -- Storage pool:      default
==> c2:  -- Image(vda):        /var/lib/libvirt/images/ml_17_c2.img, virtio, 8G
==> c1:  -- Feature:           apic
==> c2:  -- Disk driver opts:  cache='default'
==> c1:  -- Feature:           pae
==> c2:  -- Graphics Type:     vnc
==> c1:  -- Clock offset:      utc
==> c2:  -- Video Type:        cirrus
==> c1:  -- Memory:            4096M
==> c2:  -- Video VRAM:        16384
==> c1:  -- Management MAC:    08:4f:a9:00:00:01
==> c2:  -- Video 3D accel:    false
==> c1:  -- Base box:          cisco/cat8000v
==> c2:  -- Keymap:            en-us
==> c1:  -- Storage pool:      default
==> c2:  -- TPM Backend:       passthrough
==> c1:  -- Image(vda):        /var/lib/libvirt/images/ml_17_c1.img, virtio, 8G
==> c2:  -- INPUT:             type=mouse, bus=ps2
==> c1:  -- Disk driver opts:  cache='default'
==> c1:  -- Graphics Type:     vnc
==> c1:  -- Video Type:        cirrus
==> c1:  -- Video VRAM:        16384
==> c1:  -- Video 3D accel:    false
==> c1:  -- Keymap:            en-us
==> c1:  -- TPM Backend:       passthrough
==> c1:  -- INPUT:             type=mouse, bus=ps2
==> c2: Creating shared folders metadata...
==> c2: Starting domain.
==> c1: Creating shared folders metadata...
==> c2: Domain launching with graphics connection settings...
==> c2:  -- Graphics Port:      5900
==> c2:  -- Graphics IP:        127.0.0.1
==> c2:  -- Graphics Password:  Not defined
==> c2:  -- Graphics Websocket: 5700
==> c1: Starting domain.
==> c2: Waiting for domain to get an IP address...
==> c1: Domain launching with graphics connection settings...
==> c1:  -- Graphics Port:      5901
==> c1:  -- Graphics IP:        127.0.0.1
==> c1:  -- Graphics Password:  Not defined
==> c1:  -- Graphics Websocket: 5701
==> c1: Waiting for domain to get an IP address...
==> c2: Waiting for machine to boot. This may take a few minutes...
    c2: SSH address: 192.168.17.102:22
    c2: SSH username: vagrant
    c2: SSH auth method: private key
==> c1: Waiting for machine to boot. This may take a few minutes...
    c1: SSH address: 192.168.17.101:22
    c1: SSH username: vagrant
    c1: SSH auth method: private key
    c2: Warning: Connection refused. Retrying...
    c1: Warning: Connection refused. Retrying...
==> c2: Machine booted and ready!
==> c1: Machine booted and ready!
Using transformed lab topology from snapshot file netlab.snapshot.yml
Checking virtualization provider installation
OK: libvirt installed and working correctly
OK: clab installed and working correctly
Starting libvirt nodes
creating libvirt management network nl_mgmt_17
provider libvirt: executing vagrant up --provider libvirt
Starting clab nodes
Recreating clab-augment.yml configuration file for clab provider
time="2024-06-22T07:56:50Z" level=info msg="Containerlab v0.54.2 started"
time="2024-06-22T07:56:50Z" level=info msg="Parsing & checking topology file: clab-augment.yml"
time="2024-06-22T07:56:50Z" level=info msg="Creating docker network: Name=\"nl_mgmt_17\", IPv4Subnet=\"192.168.17.0/24\", IPv6Subnet=\"\", MTU=1500"
time="2024-06-22T07:56:50Z" level=info msg="Creating lab directory: /work/netlab_cicd/clab-ml_17"
time="2024-06-22T07:56:50Z" level=info msg="Creating container: \"server\""
time="2024-06-22T07:56:50Z" level=info msg="Created link: server:eth1 <--> virbr1:ml_17_3_1"
time="2024-06-22T07:56:50Z" level=info msg="Adding containerlab host entries to /etc/hosts file"
time="2024-06-22T07:56:50Z" level=info msg="Adding ssh config for containerlab nodes"
time="2024-06-22T07:56:50Z" level=info msg="🎉 New containerlab version 0.55.0 is available! Release notes: https://containerlab.dev/rn/0.55/\nRun 'containerlab version upgrade' to upgrade or go check other installation options at https://containerlab.dev/install/\n"
+---+-------------------+--------------+-----------------------+-------+---------+-------------------+--------------+
| # |       Name        | Container ID |         Image         | Kind  |  State  |   IPv4 Address    | IPv6 Address |
+---+-------------------+--------------+-----------------------+-------+---------+-------------------+--------------+
| 1 | clab-ml_17-server | 0ed547d75740 | netlab/dnsmasq:latest | linux | running | 192.168.17.103/24 | N/A          |
+---+-------------------+--------------+-----------------------+-------+---------+-------------------+--------------+
Created provider configuration file: clab-augment.yml
Mapped clab_files/server/hosts to server:/etc/hosts (from templates/provider/clab/linux/hosts.j2)
Mapped clab_files/server/dnsmasq to server:/etc/dnsmasq.conf (from daemons/dnsmasq/dnsmasq.j2)
Mapped clab_files/server/dhcp to server:/etc/dhcp.ignore (from daemons/dnsmasq/dhcp.j2)
provider clab: executing sudo -E containerlab deploy -t clab-augment.yml

Initial configuration skipped, run 'netlab initial' to configure the devices
