time="2024-11-08T16:58:10Z" level=info msg="Containerlab v0.59.0 started"
time="2024-11-08T16:58:10Z" level=info msg="Parsing & checking topology file: clab.yml"
time="2024-11-08T16:58:10Z" level=info msg="Removing /work/netlab_cicd/clab-ml_17 directory..."
time="2024-11-08T16:58:10Z" level=info msg="Creating docker network: Name=\"nl_mgmt_17\", IPv4Subnet=\"192.168.17.0/24\", IPv6Subnet=\"\", MTU=0"
time="2024-11-08T16:58:10Z" level=info msg="Creating lab directory: /work/netlab_cicd/clab-ml_17"
time="2024-11-08T16:58:10Z" level=info msg="Creating container: \"dut\""
time="2024-11-08T16:58:10Z" level=info msg="Creating container: \"x1\""
time="2024-11-08T16:58:11Z" level=info msg="Created link: dut:e1-1 <--> x1:eth1"
time="2024-11-08T16:58:11Z" level=info msg="Created link: dut:e1-2 <--> ml_17_2:ml_17_1_2"
time="2024-11-08T16:58:11Z" level=info msg="Running postdeploy actions for Nokia SR Linux 'dut' node"
time="2024-11-08T16:58:19Z" level=info msg="Adding containerlab host entries to /etc/hosts file"
time="2024-11-08T16:58:19Z" level=info msg="Adding ssh config for containerlab nodes"
+---+----------------+--------------+-------------------------------+-------+---------+-------------------+--------------+
| # |      Name      | Container ID |             Image             | Kind  |  State  |   IPv4 Address    | IPv6 Address |
+---+----------------+--------------+-------------------------------+-------+---------+-------------------+--------------+
| 1 | clab-ml_17-dut | d60ab5a5b33f | ghcr.io/nokia/srlinux:24.10.1 | srl   | running | 192.168.17.101/24 | N/A          |
| 2 | clab-ml_17-x1  | a276da8b6b2e | quay.io/frrouting/frr:10.0.1  | linux | running | 192.168.17.102/24 | N/A          |
+---+----------------+--------------+-------------------------------+-------+---------+-------------------+--------------+
Using transformed lab topology from snapshot file netlab.snapshot.yml
Checking virtualization provider installation
OK: clab installed and working correctly
Starting clab nodes
provider clab: executing sudo -E containerlab deploy --reconfigure -t clab.yml

Initial configuration skipped, run 'netlab initial' to configure the devices
