time="2024-04-03T10:29:41Z" level=info msg="Containerlab v0.43.0 started"
time="2024-04-03T10:29:41Z" level=info msg="Parsing & checking topology file: clab.yml"
time="2024-04-03T10:29:41Z" level=info msg="Creating lab directory: /tmp/netlab_cicd/clab-vrf"
time="2024-04-03T10:29:42Z" level=info msg="Creating docker network: Name=\"netlab_mgmt\", IPv4Subnet=\"192.168.121.0/24\", IPv6Subnet=\"\", MTU=\"1500\""
time="2024-04-03T10:29:42Z" level=info msg="Creating container: \"rtr\""
time="2024-04-03T10:29:42Z" level=info msg="Creating container: \"h2\""
time="2024-04-03T10:29:42Z" level=info msg="Creating container: \"h3\""
time="2024-04-03T10:29:42Z" level=info msg="Creating container: \"h1\""
time="2024-04-03T10:29:42Z" level=info msg="Creating container: \"h4\""
time="2024-04-03T10:29:42Z" level=info msg="Creating virtual wire: h2:eth1 <--> rtr:swp3"
time="2024-04-03T10:29:42Z" level=info msg="Creating virtual wire: h3:eth1 <--> rtr:swp2"
time="2024-04-03T10:29:42Z" level=info msg="Creating virtual wire: h1:eth1 <--> rtr:swp1"
time="2024-04-03T10:29:42Z" level=info msg="Creating virtual wire: h4:eth1 <--> rtr:swp4"
time="2024-04-03T10:29:43Z" level=info msg="Adding containerlab host entries to /etc/hosts file"
time="2024-04-03T10:29:43Z" level=info msg="🎉 New containerlab version 0.53.0 is available! Release notes: https://containerlab.dev/rn/0.53/\nRun 'containerlab version upgrade' to upgrade or go check other installation options at https://containerlab.dev/install/\n"
+---+--------------+--------------+--------------------+-------+---------+--------------------+--------------+
| # |     Name     | Container ID |       Image        | Kind  |  State  |    IPv4 Address    | IPv6 Address |
+---+--------------+--------------+--------------------+-------+---------+--------------------+--------------+
| 1 | clab-vrf-h1  | 547b2e90ea74 | python:3.9-alpine  | linux | running | 192.168.121.101/24 | N/A          |
| 2 | clab-vrf-h2  | d2e4ff6d746b | python:3.9-alpine  | linux | running | 192.168.121.102/24 | N/A          |
| 3 | clab-vrf-h3  | 084615a15cc1 | python:3.9-alpine  | linux | running | 192.168.121.103/24 | N/A          |
| 4 | clab-vrf-h4  | 8fc71a356399 | python:3.9-alpine  | linux | running | 192.168.121.104/24 | N/A          |
| 5 | clab-vrf-rtr | 3cac6e0c62f2 | networkop/cx:4.4.0 | cvx   | running | 192.168.121.105/24 | N/A          |
+---+--------------+--------------+--------------------+-------+---------+--------------------+--------------+
Using transformed lab topology from snapshot file netlab.snapshot.yml
Checking virtualization provider installation
OK: clab installed and working correctly
Starting clab nodes
provider clab: executing sudo -E containerlab deploy -t clab.yml

Initial configuration skipped, run 'netlab initial' to configure the devices
