07:51:38 INFO Containerlab started version=0.72.0
07:51:38 INFO Parsing & checking topology file=clab.yml
07:51:38 INFO Removing directory path=/work/netlab_cicd/hogs/clab-ml_23
07:51:38 INFO Creating docker network name=nl_mgmt_23 IPv4 subnet=192.168.23.0/24 IPv6 subnet="" MTU=0
07:51:38 INFO Creating lab directory path=/work/netlab_cicd/hogs/clab-ml_23
07:51:39 INFO Creating container name=s1
07:51:39 INFO Creating container name=h4a
07:51:39 INFO Creating container name=h2a
07:51:39 INFO Creating container name=h4
07:51:39 INFO Creating container name=h3
07:51:39 INFO Creating container name=s3
07:51:39 INFO Creating container name=h5a
07:51:39 INFO Creating container name=h2
07:51:39 INFO Creating container name=h1
07:51:39 INFO Creating container name=h6
07:51:39 INFO Creating container name=h1a
07:51:39 INFO Creating container name=h5
07:51:39 INFO Creating container name=s2
07:51:39 INFO Created link: h4a:eth1 ▪┄┄▪ s1:eth6
07:51:39 INFO Created link: s1:eth1 ▪┄┄▪ s2:eth1
07:51:39 INFO Created link: h2:eth1 ▪┄┄▪ s2:eth3
07:51:40 INFO Created link: h4:eth1 ▪┄┄▪ s1:eth5
07:51:40 INFO Created link: s2:eth2 ▪┄┄▪ s3:eth1
07:51:40 INFO Created link: h2a:eth1 ▪┄┄▪ s2:eth4
07:51:40 INFO Created link: s1:eth2 ▪┄┄▪ s3:eth2
07:51:40 INFO Created link: h1:eth1 ▪┄┄▪ s1:eth3
07:51:40 INFO Created link: h3:eth1 ▪┄┄▪ s3:eth3
07:51:40 INFO Created link: h5a:eth1 ▪┄┄▪ s2:eth6
07:51:40 INFO Created link: h6:eth1 ▪┄┄▪ s3:eth4
07:51:40 INFO Created link: h1a:eth1 ▪┄┄▪ s1:eth4
07:51:40 INFO Created link: h5:eth1 ▪┄┄▪ s2:eth5
07:51:40 INFO Adding host entries path=/etc/hosts
07:51:40 INFO Adding SSH config for nodes path=/etc/ssh/ssh_config.d/clab-ml_23.conf
[1m╭[0m[1m────────────────[0m[1m┬[0m[1m────────────────────────────────────────────[0m[1m┬[0m[1m────────────────────[0m[1m┬[0m[1m────────────────[0m[1m╮[0m
[1m│[0m[1m      Name      [0m[1m│[0m[1m                 Kind/Image                 [0m[1m│[0m[1m        State       [0m[1m│[0m[1m IPv4/6 Address [0m[1m│[0m
[1m├[0m[1m────────────────[0m[1m┼[0m[1m────────────────────────────────────────────[0m[1m┼[0m[1m────────────────────[0m[1m┼[0m[1m────────────────[0m[1m┤[0m
│ clab-ml_23-h1  │ linux                                      │ running            │ 192.168.23.101 │
│                │ python:3.13-alpine                         │                    │ N/A            │
├────────────────┼────────────────────────────────────────────┼────────────────────┼────────────────┤
│ clab-ml_23-h1a │ linux                                      │ running            │ 192.168.23.107 │
│                │ python:3.13-alpine                         │                    │ N/A            │
├────────────────┼────────────────────────────────────────────┼────────────────────┼────────────────┤
│ clab-ml_23-h2  │ linux                                      │ running            │ 192.168.23.102 │
│                │ python:3.13-alpine                         │                    │ N/A            │
├────────────────┼────────────────────────────────────────────┼────────────────────┼────────────────┤
│ clab-ml_23-h2a │ linux                                      │ running            │ 192.168.23.108 │
│                │ python:3.13-alpine                         │                    │ N/A            │
├────────────────┼────────────────────────────────────────────┼────────────────────┼────────────────┤
│ clab-ml_23-h3  │ linux                                      │ running            │ 192.168.23.103 │
│                │ python:3.13-alpine                         │                    │ N/A            │
├────────────────┼────────────────────────────────────────────┼────────────────────┼────────────────┤
│ clab-ml_23-h4  │ linux                                      │ running            │ 192.168.23.104 │
│                │ python:3.13-alpine                         │                    │ N/A            │
├────────────────┼────────────────────────────────────────────┼────────────────────┼────────────────┤
│ clab-ml_23-h4a │ linux                                      │ running            │ 192.168.23.109 │
│                │ python:3.13-alpine                         │                    │ N/A            │
├────────────────┼────────────────────────────────────────────┼────────────────────┼────────────────┤
│ clab-ml_23-h5  │ linux                                      │ running            │ 192.168.23.105 │
│                │ python:3.13-alpine                         │                    │ N/A            │
├────────────────┼────────────────────────────────────────────┼────────────────────┼────────────────┤
│ clab-ml_23-h5a │ linux                                      │ running            │ 192.168.23.110 │
│                │ python:3.13-alpine                         │                    │ N/A            │
├────────────────┼────────────────────────────────────────────┼────────────────────┼────────────────┤
│ clab-ml_23-h6  │ linux                                      │ running            │ 192.168.23.106 │
│                │ python:3.13-alpine                         │                    │ N/A            │
├────────────────┼────────────────────────────────────────────┼────────────────────┼────────────────┤
│ clab-ml_23-s1  │ juniper_vjunosswitch                       │ running            │ 192.168.23.111 │
│                │ vrnetlab/juniper_vjunos-switch:23.4R2-S2.1 │ (health: starting) │ N/A            │
├────────────────┼────────────────────────────────────────────┼────────────────────┼────────────────┤
│ clab-ml_23-s2  │ juniper_vjunosswitch                       │ running            │ 192.168.23.112 │
│                │ vrnetlab/juniper_vjunos-switch:23.4R2-S2.1 │ (health: starting) │ N/A            │
├────────────────┼────────────────────────────────────────────┼────────────────────┼────────────────┤
│ clab-ml_23-s3  │ linux                                      │ running            │ 192.168.23.113 │
│                │ quay.io/frrouting/frr:10.5.0               │                    │ N/A            │
╰────────────────┴────────────────────────────────────────────┴────────────────────┴────────────────╯
Using transformed lab topology from snapshot file netlab.snapshot.pickle
Checking virtualization provider installation
OK: clab installed and working correctly
Starting clab nodes
provider clab: executing sudo -E containerlab deploy --reconfigure -t clab.yml

Initial configuration skipped, run 'netlab initial' to configure the devices
