/home/pipi/.local/lib/python3.10/site-packages/paramiko/pkey.py:100: CryptographyDeprecationWarning: TripleDES has been moved to cryptography.hazmat.decrepit.ciphers.algorithms.TripleDES and will be removed from cryptography.hazmat.primitives.ciphers.algorithms in 48.0.0.
  "cipher": algorithms.TripleDES,
/home/pipi/.local/lib/python3.10/site-packages/paramiko/transport.py:259: CryptographyDeprecationWarning: TripleDES has been moved to cryptography.hazmat.decrepit.ciphers.algorithms.TripleDES and will be removed from cryptography.hazmat.primitives.ciphers.algorithms in 48.0.0.
  "class": algorithms.TripleDES,
[WARNING]: Invalid characters were found in group names but not replaced, use
-vvvv to see details
[WARNING]: Could not match supplied host pattern, ignoring: unprovisioned
[WARNING]: Found variable using reserved name: hosts

PLAY [Deploy initial device configuration] *************************************

TASK [Set variables that cannot be set with VARS] ******************************
ok: [h1]
ok: [h1a]
ok: [h2]
ok: [h3a]
ok: [h3]
ok: [h4]
ok: [s2]
ok: [dut]

TASK [Generic readiness tests] *************************************************
skipping: [h1]
skipping: [h1a]
skipping: [h2]
skipping: [h3]
skipping: [h3a]
skipping: [h4]
skipping: [s2]
included: /home/pipi/netlab_gh/netsim/ansible/tasks/readiness-check/ssh.yml for dut => (item=ssh)

TASK [Check if 'sshpass' is installed] *****************************************
ok: [dut -> localhost]

TASK [Check for 'timeout' command] *********************************************
ok: [dut -> localhost]

TASK [Execute local ssh command to check ssh readiness] ************************
FAILED - RETRYING: [dut -> localhost]: Execute local ssh command to check ssh readiness (40 retries left).
FAILED - RETRYING: [dut -> localhost]: Execute local ssh command to check ssh readiness (39 retries left).
FAILED - RETRYING: [dut -> localhost]: Execute local ssh command to check ssh readiness (38 retries left).
FAILED - RETRYING: [dut -> localhost]: Execute local ssh command to check ssh readiness (37 retries left).
FAILED - RETRYING: [dut -> localhost]: Execute local ssh command to check ssh readiness (36 retries left).
ok: [dut -> localhost]

TASK [Confirm dut SSH server works] ********************************************
ok: [dut] => 
  msg: Node dut is ready.

TASK [Find device readiness script] ********************************************
ok: [h1]
ok: [h1a]
ok: [h2]
ok: [h3a]
ok: [h3]
ok: [h4]
ok: [s2]
ok: [dut]

TASK [Wait for device to become ready] *****************************************
skipping: [h1]
skipping: [h1a]
skipping: [h2]
skipping: [h3]
skipping: [h3a]
skipping: [h4]
skipping: [s2]
included: /home/pipi/netlab_gh/netsim/ansible/tasks/readiness-check/junos.yml for dut

TASK [Wait for first interface (ge-0/0/0)] *************************************
ok: [dut]

TASK [Normalize config on bridge-like devices] *********************************
included: /home/pipi/netlab_gh/netsim/ansible/tasks/deploy-module.yml for h1, h1a, h2, h3, h3a, h4, dut, s2

TASK [Figure out whether to deploy the module normalize on current device] *****
ok: [h1]
ok: [h1a]
ok: [h2]
ok: [h3]
ok: [h3a]
ok: [h4]
ok: [s2]
ok: [dut]

TASK [Find configuration template for normalize] *******************************
ok: [h1]
ok: [h1a]
ok: [h2]
ok: [h3a]
ok: [h3]
ok: [h4]
ok: [s2]
ok: [dut]

TASK [fail] ********************************************************************
skipping: [h1]
skipping: [h1a]
skipping: [h2]
skipping: [h3]
skipping: [h3a]
skipping: [h4]
skipping: [dut]
skipping: [s2]

TASK [Find configuration deployment deploy_script for normalize] ***************
ok: [h1]
ok: [h1a]
ok: [h2]
ok: [h3]
ok: [h3a]
ok: [h4]
ok: [dut]
ok: [s2]

TASK [Print deployed configuration when running in verbose mode] ***************
skipping: [h1]
skipping: [h1a]
skipping: [h2]
skipping: [h3]
skipping: [h3a]
skipping: [h4]
skipping: [dut]
skipping: [s2]

TASK [Deploy normalize configuration] ******************************************
skipping: [h1]
skipping: [h1a]
skipping: [h2]
skipping: [h3]
skipping: [h3a]
skipping: [h4]
skipping: [dut]
skipping: [s2]

TASK [Deploy initial configuration] ********************************************
included: /home/pipi/netlab_gh/netsim/ansible/tasks/deploy-module.yml for h1, h1a, h2, h3, h3a, h4, dut, s2

TASK [Figure out whether to deploy the module initial on current device] *******
ok: [h1]
ok: [h1a]
ok: [h2]
ok: [h3]
ok: [h3a]
ok: [h4]
ok: [s2]
ok: [dut]

TASK [Find configuration template for initial] *********************************
ok: [h1]
ok: [h1a]
ok: [h2]
ok: [h3]
ok: [h3a]
ok: [h4]
ok: [s2]
ok: [dut]

TASK [fail] ********************************************************************
skipping: [h1]
skipping: [h1a]
skipping: [h2]
skipping: [h3]
skipping: [h3a]
skipping: [h4]
skipping: [dut]
skipping: [s2]

TASK [Find configuration deployment deploy_script for initial] *****************
ok: [h1]
ok: [h1a]
ok: [h2]
ok: [h3]
ok: [h3a]
ok: [h4]
ok: [s2]
ok: [dut]

TASK [Print deployed configuration when running in verbose mode] ***************
ok: [h1] => 
  msg: |-
    initial configuration for h1
    =========================================
    #!/bin/bash
    #
    # This script contains the 'ip' commands needed to set up container
    # interfaces and route table. It's executed within the container
    # network namespace on the container host.
    #
    #  /etc/hosts file is generated as a clab bind.
    #
    set -e
  
    ### One-Shot configuration (non-Ubuntu VM or container)
    #
    # Send ARP requests from a sane source IP address
    sysctl -w net.ipv4.conf.all.arp_announce=2
  
    #
    # Disable IPv4 and IPv6 forwarding
    #
    sysctl -w net.ipv4.ip_forward=0
    sysctl -w net.ipv6.conf.all.forwarding=0
  
    #
    # Interface addressing, create any bond devices
    #
    ip link set dev eth1 up
    set +e
    ip addr del 172.16.0.1/24 dev eth1 2>/dev/null
    set -e
    ip addr add 172.16.0.1/24 dev eth1
    sysctl -w net.ipv6.conf.eth1.disable_ipv6=1
    ip link set dev eth1 mtu 1500
ok: [h3] => 
  msg: |-
    initial configuration for h3
    =========================================
    #!/bin/bash
    #
    # This script contains the 'ip' commands needed to set up container
    # interfaces and route table. It's executed within the container
    # network namespace on the container host.
    #
    #  /etc/hosts file is generated as a clab bind.
    #
    set -e
  
    ### One-Shot configuration (non-Ubuntu VM or container)
    #
    # Send ARP requests from a sane source IP address
    sysctl -w net.ipv4.conf.all.arp_announce=2
  
    #
    # Disable IPv4 and IPv6 forwarding
    #
    sysctl -w net.ipv4.ip_forward=0
    sysctl -w net.ipv6.conf.all.forwarding=0
  
    #
    # Interface addressing, create any bond devices
    #
    ip link set dev eth1 up
    set +e
    ip addr del 172.16.1.4/24 dev eth1 2>/dev/null
    set -e
    ip addr add 172.16.1.4/24 dev eth1
    sysctl -w net.ipv6.conf.eth1.disable_ipv6=1
    ip link set dev eth1 mtu 1500
ok: [h1a] => 
  msg: |-
    initial configuration for h1a
    =========================================
    #!/bin/bash
    #
    # This script contains the 'ip' commands needed to set up container
    # interfaces and route table. It's executed within the container
    # network namespace on the container host.
    #
    #  /etc/hosts file is generated as a clab bind.
    #
    set -e
  
    ### One-Shot configuration (non-Ubuntu VM or container)
    #
    # Send ARP requests from a sane source IP address
    sysctl -w net.ipv4.conf.all.arp_announce=2
  
    #
    # Disable IPv4 and IPv6 forwarding
    #
    sysctl -w net.ipv4.ip_forward=0
    sysctl -w net.ipv6.conf.all.forwarding=0
  
    #
    # Interface addressing, create any bond devices
    #
    ip link set dev eth1 up
    set +e
    ip addr del 172.16.0.2/24 dev eth1 2>/dev/null
    set -e
    ip addr add 172.16.0.2/24 dev eth1
    sysctl -w net.ipv6.conf.eth1.disable_ipv6=1
    ip link set dev eth1 mtu 1500
ok: [h2] => 
  msg: |-
    initial configuration for h2
    =========================================
    #!/bin/bash
    #
    # This script contains the 'ip' commands needed to set up container
    # interfaces and route table. It's executed within the container
    # network namespace on the container host.
    #
    #  /etc/hosts file is generated as a clab bind.
    #
    set -e
  
    ### One-Shot configuration (non-Ubuntu VM or container)
    #
    # Send ARP requests from a sane source IP address
    sysctl -w net.ipv4.conf.all.arp_announce=2
  
    #
    # Disable IPv4 and IPv6 forwarding
    #
    sysctl -w net.ipv4.ip_forward=0
    sysctl -w net.ipv6.conf.all.forwarding=0
  
    #
    # Interface addressing, create any bond devices
    #
    ip link set dev eth1 up
    set +e
    ip addr del 172.16.0.3/24 dev eth1 2>/dev/null
    set -e
    ip addr add 172.16.0.3/24 dev eth1
    sysctl -w net.ipv6.conf.eth1.disable_ipv6=1
    ip link set dev eth1 mtu 1500
ok: [h4] => 
  msg: |-
    initial configuration for h4
    =========================================
    #!/bin/bash
    #
    # This script contains the 'ip' commands needed to set up container
    # interfaces and route table. It's executed within the container
    # network namespace on the container host.
    #
    #  /etc/hosts file is generated as a clab bind.
    #
    set -e
  
    ### One-Shot configuration (non-Ubuntu VM or container)
    #
    # Send ARP requests from a sane source IP address
    sysctl -w net.ipv4.conf.all.arp_announce=2
  
    #
    # Disable IPv4 and IPv6 forwarding
    #
    sysctl -w net.ipv4.ip_forward=0
    sysctl -w net.ipv6.conf.all.forwarding=0
  
    #
    # Interface addressing, create any bond devices
    #
    ip link set dev eth1 up
    set +e
    ip addr del 172.16.2.6/24 dev eth1 2>/dev/null
    set -e
    ip addr add 172.16.2.6/24 dev eth1
    sysctl -w net.ipv6.conf.eth1.disable_ipv6=1
    ip link set dev eth1 mtu 1500
ok: [h3a] => 
  msg: |-
    initial configuration for h3a
    =========================================
    #!/bin/bash
    #
    # This script contains the 'ip' commands needed to set up container
    # interfaces and route table. It's executed within the container
    # network namespace on the container host.
    #
    #  /etc/hosts file is generated as a clab bind.
    #
    set -e
  
    ### One-Shot configuration (non-Ubuntu VM or container)
    #
    # Send ARP requests from a sane source IP address
    sysctl -w net.ipv4.conf.all.arp_announce=2
  
    #
    # Disable IPv4 and IPv6 forwarding
    #
    sysctl -w net.ipv4.ip_forward=0
    sysctl -w net.ipv6.conf.all.forwarding=0
  
    #
    # Interface addressing, create any bond devices
    #
    ip link set dev eth1 up
    set +e
    ip addr del 172.16.1.5/24 dev eth1 2>/dev/null
    set -e
    ip addr add 172.16.1.5/24 dev eth1
    sysctl -w net.ipv6.conf.eth1.disable_ipv6=1
    ip link set dev eth1 mtu 1500
ok: [s2] => 
  msg: |-
    initial configuration for s2
    =========================================
    #!/bin/bash
    #
    set -e
    set -x
    #
    # Create bash profile script
    #
    cat <<SCRIPT >/root/.bash_profile
    #!/bin/bash
    #
    export PS1="\h(bash)# "
    echo
    echo "Use vtysh to connect to FRR daemon"
    echo
    SCRIPT
    #
    # This is an artifact of unknown provenance that should be removed in a year or two (= 2026/2027)
    #
    # FRR controls these parameters with 'ip forwarding' and 'ipv6 forwarding' commands
    #
    sysctl -w net.ipv4.ip_forward=1
    sysctl -w net.ipv6.conf.all.forwarding=0
    #
    #
    # Get the current next hop for the default route
    #
    def_nh=$(ip route list default|awk '{ print $3 }')
    #
    # Create the management VRF and add eth0 to it
    #
    if [ ! -e /sys/devices/virtual/net/mgmt ]; then
      ip link add mgmt type vrf table 42
    fi
    ip link set mgmt up
    sysctl -qw net.ipv6.conf.eth0.keep_addr_on_down=1
    ip link set eth0 master mgmt
    #
    # Reinstall the default route if we had it before
    #
    if [[ -n "$def_nh" ]]; then
      ip route add 0.0.0.0/0 vrf mgmt via $def_nh
    fi
    #
    # Enable FRR modules (if not using containerlab bind-mounted /etc/frr/daemons)
    #
  
    # Set system defaults
    #
    # Send ARP requests from a sane source IP address
    #
    sysctl -w net.ipv4.conf.all.arp_announce=2
  
    #
    # Create loopbacks, stub and lag/bond devices
    #
    if [ ! -e /sys/class/net/lo ]; then
      if [ ! -e /sys/devices/virtual/net/lo ]; then
        ip link add lo type dummy
        ip link set dev lo up
      fi
    fi
  
    # Disable IPv6 (for IPv4-only interfaces) or SLAAC (if the device is a router)
    #
    ip link set eth1 down
    sysctl -qw net.ipv6.conf.eth1.disable_ipv6=1
    ip link set dev eth1 mtu 1600
    ip link set eth1 up
    ip link set eth2 down
    sysctl -qw net.ipv6.conf.eth2.disable_ipv6=1
    ip link set dev eth2 mtu 1500
    ip link set eth2 up
    ip link set eth3 down
    sysctl -qw net.ipv6.conf.eth3.disable_ipv6=1
    ip link set dev eth3 mtu 1500
    ip link set eth3 up
  
    #
    # Add vtysh.conf file
    echo "service integrated-vtysh-config" >/etc/frr/vtysh.conf
  
    #
    # Rest of initial configuration done through VTYSH
    #
    cat >/tmp/config <<CONFIG
    hostname s2
    !
    log file /tmp/logging
  
    !
    ip forwarding
    vrf mgmt
     exit-vrf
    !
    frr defaults datacenter
    !
    interface lo
     no shutdown
     ip address 10.0.0.8/32
    !
    interface eth1
     no shutdown
     description s2 -> dut
     ip address 10.1.0.2/30
    !
    interface eth2
     no shutdown
     description [Access VLAN red] s2 -> h2
     ! no ip address
    !
    interface eth3
     no shutdown
     description s2 -> h4 [stub]
     ip address 172.16.2.8/24
    !
    interface vlan1000
     no shutdown
     description VLAN red (1000) -> [h1,h1a,dut,h2]
     ip address 172.16.0.8/24
    !
    do write
    CONFIG
    vtysh -f /tmp/config
    !
    exit 0
ok: [dut] => 
  msg: |-
    initial configuration for dut
    =========================================
    system {
      host-name dut;
      static-host-mapping {
        h1 inet 172.16.0.1;
        h1a inet 172.16.0.2;
        h2 inet 172.16.0.3;
        h3 inet 172.16.1.4;
        h3a inet 172.16.1.5;
        h4 inet 172.16.2.6;
        s2 inet 10.0.0.8;
      }
    }
  
  
  
  
  
  
    policy-options {
      community tg_65000_1 members target:65000:1;
    }
  
  
  
    policy-options {
      policy-statement vrf-tenant-rt-export {
        term 1 {
          then {
            community add tg_65000_1;
            accept;
          }
        }
      }
  
  
  
      policy-statement vrf-tenant-rt-import {
        term 1 {
          from community [ tg_65000_1 ];
          then accept;
        }
        term default {
          then reject;
        }
      }
    }
  
    routing-instances {
  
      tenant {
        instance-type vrf;
        route-distinguisher 65000:1;
  
        vrf-import vrf-tenant-rt-import;
        vrf-export vrf-tenant-rt-export;
  
        routing-options {
          auto-export;
        }
  
        interface irb.1000;
        interface irb.1001;
  
      }
  
    }
    interfaces {
  
  
  
  
  
  
  
  
  
  
  
  
  
  
  
  
  
  
  
  
  
  
  
  
  
  
  
  
  
  
    }
    interfaces {
      ge-0/0/0 {
        mtu 1614;
      }
      ge-0/0/1 {
        mtu 1514;
      }
      ge-0/0/2 {
        mtu 1514;
      }
      ge-0/0/3 {
        mtu 1514;
      }
      ge-0/0/4 {
        mtu 1514;
      }
  
      lo0.0 {
  
          family inet {
            address 10.0.0.7/32;
          }
  
      }
      ge-0/0/0.0 {
        description "dut -> s2";
  
          family inet {
            address 10.1.0.1/30;
          }
  
      }
      ge-0/0/1.0 {
        description "[Access VLAN red] dut -> h1";
  
  
      }
      ge-0/0/2.0 {
        description "[Access VLAN red] dut -> h1a";
  
  
      }
      ge-0/0/3.0 {
        description "[Access VLAN blue] dut -> h3";
  
  
      }
      ge-0/0/4.0 {
        description "[Access VLAN blue] dut -> h3a";
  
  
      }
      irb.1000 {
        description "VLAN red (1000) -> [h1,h1a,h2,s2]";
  
          family inet {
            address 172.16.0.7/24;
            mtu 1500;
          }
  
      }
      irb.1001 {
        description "VLAN blue (1001) -> [h3,h3a] [stub]";
  
          family inet {
            address 172.16.1.7/24;
            mtu 1500;
          }
  
      }
    }
    protocols {
      lldp {
        interface fxp0 {
          disable;
        }
        interface all;
      }
    }

TASK [Deploy initial configuration] ********************************************
included: /home/pipi/netlab_gh/netsim/ansible/tasks/deploy-config/linux-clab.yml for h1, h1a, h2, h3, h3a, h4
included: /home/pipi/netlab_gh/netsim/ansible/tasks/deploy-config/junos.yml for dut
included: /home/pipi/netlab_gh/netsim/ansible/tasks/frr/initial-clab.yml for s2

TASK [Define script filename and determine whether to execute in netns] ********
ok: [h1]
ok: [h1a]
ok: [h2]
ok: [h3]
ok: [h4]
ok: [h3a]

TASK [Create a temporary file for the rendered script] *************************
changed: [h1 -> localhost]
changed: [h3 -> localhost]
changed: [h1a -> localhost]
changed: [h3a -> localhost]
changed: [h2 -> localhost]
changed: [h4 -> localhost]

TASK [Create container setup script from /home/pipi/netlab_gh/netsim/ansible/templates/initial/linux-clab.j2] ***
changed: [h4 -> localhost]
changed: [h3a -> localhost]
changed: [h1 -> localhost]
changed: [h1a -> localhost]
changed: [h3 -> localhost]
changed: [h2 -> localhost]

TASK [Copy script into running container at /tmp/config-h1_initial.sh] *********
skipping: [h1]
skipping: [h1a]
skipping: [h2]
skipping: [h3]
skipping: [h3a]
skipping: [h4]

TASK [Execute /tmp/config-h1_initial.sh to deploy initial config based on /home/pipi/netlab_gh/netsim/ansible/templates/initial/linux-clab.j2] ***
skipping: [h1]
skipping: [h1a]
skipping: [h2]
skipping: [h3]
skipping: [h4]
skipping: [h3a]

TASK [Container configuration for initial based on /home/pipi/netlab_gh/netsim/ansible/templates/initial/linux-clab.j2 executed in netns] ***
changed: [h1 -> localhost]
changed: [h1a -> localhost]
changed: [h2 -> localhost]
changed: [h3 -> localhost]
changed: [h3a -> localhost]
changed: [h4 -> localhost]

TASK [Remove temporary file /tmp/h1_initial-atdc43dw.sh] ***********************
changed: [h1a -> localhost]
changed: [h3a -> localhost]
changed: [h2 -> localhost]
changed: [h1 -> localhost]
changed: [h3 -> localhost]
changed: [h4 -> localhost]

TASK [junos_config: deploying initial from /home/pipi/netlab_gh/netsim/ansible/templates/initial/junos.j2] ***
[WARNING]: mgd: statement has no contents; ignored
changed: [dut]

TASK [Attempt to load VRF kernel module] ***************************************
changed: [s2 -> localhost]

TASK [Disable FRR management VRF when modprobe fails] **************************
skipping: [s2]

TASK [include_tasks] ***********************************************************
included: /home/pipi/netlab_gh/netsim/ansible/tasks/frr/deploy-config.yml for s2

TASK [template] ****************************************************************
changed: [s2]

TASK [set_fact] ****************************************************************
ok: [s2]

TASK [run /tmp/config.sh to deploy initial config from /home/pipi/netlab_gh/netsim/ansible/templates/initial/frr.j2] ***
changed: [s2]

TASK [run vtysh to import initial config from /home/pipi/netlab_gh/netsim/ansible/templates/initial/frr.j2] ***
skipping: [s2]

PLAY [Deploy module-specific configurations] ***********************************

TASK [Set variables that cannot be set with VARS] ******************************
ok: [h1]
ok: [h1a]
ok: [h2]
ok: [h3]
ok: [h3a]
ok: [h4]
ok: [s2]
ok: [dut]

TASK [Deploy individual configuration modules] *********************************
included: /home/pipi/netlab_gh/netsim/ansible/tasks/deploy-module.yml for h1, h1a, h2, h3, h3a, h4, dut, s2 => (item=vlan)
included: /home/pipi/netlab_gh/netsim/ansible/tasks/deploy-module.yml for h1, h1a, h2, h3, h3a, h4, dut, s2 => (item=routing)
included: /home/pipi/netlab_gh/netsim/ansible/tasks/deploy-module.yml for h1, h1a, h2, h3, h3a, h4, dut, s2 => (item=ospf)
included: /home/pipi/netlab_gh/netsim/ansible/tasks/deploy-module.yml for h1, h1a, h2, h3, h3a, h4, dut, s2 => (item=vrf)
included: /home/pipi/netlab_gh/netsim/ansible/tasks/deploy-module.yml for h1, h1a, h2, h3, h3a, h4, dut, s2 => (item=vxlan)

TASK [Figure out whether to deploy the module vlan on current device] **********
ok: [h1]
ok: [h1a]
ok: [h3]
ok: [h2]
ok: [h3a]
ok: [h4]
ok: [s2]
ok: [dut]

TASK [Find configuration template for vlan] ************************************
skipping: [h1]
skipping: [h1a]
skipping: [h2]
skipping: [h3]
skipping: [h3a]
skipping: [h4]
ok: [s2]
ok: [dut]

TASK [fail] ********************************************************************
skipping: [h1]
skipping: [h1a]
skipping: [h2]
skipping: [h3]
skipping: [h3a]
skipping: [h4]
skipping: [dut]
skipping: [s2]

TASK [Find configuration deployment deploy_script for vlan] ********************
skipping: [h1]
skipping: [h1a]
skipping: [h2]
skipping: [h3]
skipping: [h3a]
skipping: [h4]
ok: [s2]
ok: [dut]

TASK [Print deployed configuration when running in verbose mode] ***************
skipping: [h1]
skipping: [h1a]
skipping: [h2]
skipping: [h3]
skipping: [h3a]
skipping: [h4]
ok: [dut] => 
  msg: |-
    vlan configuration for dut
    =========================================
  
    vlans {
      red {
        vlan-id 1000;
  
        l3-interface irb.1000;
  
      }
      blue {
        vlan-id 1001;
  
        l3-interface irb.1001;
  
      }
    }
  
    interfaces {
  
  
      ge-0/0/1.0 {
        family ethernet-switching {
  
          vlan {
            members red;
          }
  
        }
      }
  
  
  
      ge-0/0/2.0 {
        family ethernet-switching {
  
          vlan {
            members red;
          }
  
        }
      }
  
  
  
      ge-0/0/3.0 {
        family ethernet-switching {
  
          vlan {
            members blue;
          }
  
        }
      }
  
  
  
      ge-0/0/4.0 {
        family ethernet-switching {
  
          vlan {
            members blue;
          }
  
        }
      }
  
  
    }
ok: [s2] => 
  msg: |-
    vlan configuration for s2
    =========================================
    #!/bin/bash
    #
    set -e # Exit immediately when any command fails
    #
    if [ ! -e /sys/devices/virtual/net/vlan1000 ]; then
      ip link add vlan1000 type bridge
      ip link set dev vlan1000 address ca:f4:00:08:00:00
  
      ip link set dev vlan1000 mtu 1500
      ip addr flush dev vlan1000
      ip addr add 172.16.0.8/24 dev vlan1000
    fi
  
    ip link set dev eth2 master vlan1000
  
    ip link set dev vlan1000 up

TASK [Deploy vlan configuration] ***********************************************
skipping: [h1]
skipping: [h1a]
skipping: [h2]
skipping: [h3]
skipping: [h3a]
skipping: [h4]
included: /home/pipi/netlab_gh/netsim/ansible/tasks/deploy-config/junos.yml for dut
included: /home/pipi/netlab_gh/netsim/ansible/tasks/deploy-config/frr.yml for s2

TASK [junos_config: deploying vlan from /home/pipi/netlab_gh/netsim/ansible/templates/vlan/vjunos-switch.j2] ***
changed: [dut]

TASK [template] ****************************************************************
changed: [s2]

TASK [set_fact] ****************************************************************
ok: [s2]

TASK [run /tmp/config.sh to deploy vlan config from /home/pipi/netlab_gh/netsim/ansible/templates/vlan/frr.j2] ***
changed: [s2]

TASK [run vtysh to import vlan config from /home/pipi/netlab_gh/netsim/ansible/templates/vlan/frr.j2] ***
skipping: [s2]

TASK [Figure out whether to deploy the module routing on current device] *******
ok: [h1]
ok: [h1a]
ok: [h2]
ok: [h3]
ok: [h3a]
ok: [h4]
ok: [s2]
ok: [dut]

TASK [Find configuration template for routing] *********************************
ok: [h1]
ok: [h1a]
ok: [h2]
skipping: [dut]
ok: [h3a]
ok: [h3]
ok: [h4]
skipping: [s2]

TASK [fail] ********************************************************************
skipping: [h1]
skipping: [h1a]
skipping: [h2]
skipping: [h3]
skipping: [h3a]
skipping: [h4]
skipping: [dut]
skipping: [s2]

TASK [Find configuration deployment deploy_script for routing] *****************
ok: [h1]
skipping: [dut]
skipping: [s2]
ok: [h1a]
ok: [h2]
ok: [h3]
ok: [h3a]
ok: [h4]

TASK [Print deployed configuration when running in verbose mode] ***************
ok: [h1] => 
  msg: |-
    routing configuration for h1
    =========================================
    #!/bin/bash
    #
    # Add static routes (usually IPv4 routes pointing to the first usable gateway)
    #
    #
    echo Removing existing IPv4 routes
    while ip route del 172.16.0.0/16 2>/dev/null; do
      : ; done
    while ip route del 10.0.0.0/24 2>/dev/null; do
      : ; done
    while ip route del 10.1.0.0/16 2>/dev/null; do
      : ; done
    while ip route del 10.2.0.0/24 2>/dev/null; do
      : ; done
    #
    #
    #
    echo Adding direct static routes
    ip route add 172.16.0.0/16 via 172.16.0.7 dev eth1 protocol static
    ip route add 10.0.0.0/24 via 172.16.0.7 dev eth1 protocol static
    ip route add 10.1.0.0/16 via 172.16.0.7 dev eth1 protocol static
    ip route add 10.2.0.0/24 via 172.16.0.7 dev eth1 protocol static
    #
    # Print the final routing table
    ip route
ok: [h1a] => 
  msg: |-
    routing configuration for h1a
    =========================================
    #!/bin/bash
    #
    # Add static routes (usually IPv4 routes pointing to the first usable gateway)
    #
    #
    echo Removing existing IPv4 routes
    while ip route del 172.16.0.0/16 2>/dev/null; do
      : ; done
    while ip route del 10.0.0.0/24 2>/dev/null; do
      : ; done
    while ip route del 10.1.0.0/16 2>/dev/null; do
      : ; done
    while ip route del 10.2.0.0/24 2>/dev/null; do
      : ; done
    #
    #
    #
    echo Adding direct static routes
    ip route add 172.16.0.0/16 via 172.16.0.7 dev eth1 protocol static
    ip route add 10.0.0.0/24 via 172.16.0.7 dev eth1 protocol static
    ip route add 10.1.0.0/16 via 172.16.0.7 dev eth1 protocol static
    ip route add 10.2.0.0/24 via 172.16.0.7 dev eth1 protocol static
    #
    # Print the final routing table
    ip route
skipping: [dut]
skipping: [s2]
ok: [h2] => 
  msg: |-
    routing configuration for h2
    =========================================
    #!/bin/bash
    #
    # Add static routes (usually IPv4 routes pointing to the first usable gateway)
    #
    #
    echo Removing existing IPv4 routes
    while ip route del 172.16.0.0/16 2>/dev/null; do
      : ; done
    while ip route del 10.0.0.0/24 2>/dev/null; do
      : ; done
    while ip route del 10.1.0.0/16 2>/dev/null; do
      : ; done
    while ip route del 10.2.0.0/24 2>/dev/null; do
      : ; done
    #
    #
    #
    echo Adding direct static routes
    ip route add 172.16.0.0/16 via 172.16.0.7 dev eth1 protocol static
    ip route add 10.0.0.0/24 via 172.16.0.7 dev eth1 protocol static
    ip route add 10.1.0.0/16 via 172.16.0.7 dev eth1 protocol static
    ip route add 10.2.0.0/24 via 172.16.0.7 dev eth1 protocol static
    #
    # Print the final routing table
    ip route
ok: [h3] => 
  msg: |-
    routing configuration for h3
    =========================================
    #!/bin/bash
    #
    # Add static routes (usually IPv4 routes pointing to the first usable gateway)
    #
    #
    echo Removing existing IPv4 routes
    while ip route del 172.16.0.0/16 2>/dev/null; do
      : ; done
    while ip route del 10.0.0.0/24 2>/dev/null; do
      : ; done
    while ip route del 10.1.0.0/16 2>/dev/null; do
      : ; done
    while ip route del 10.2.0.0/24 2>/dev/null; do
      : ; done
    #
    #
    #
    echo Adding direct static routes
    ip route add 172.16.0.0/16 via 172.16.1.7 dev eth1 protocol static
    ip route add 10.0.0.0/24 via 172.16.1.7 dev eth1 protocol static
    ip route add 10.1.0.0/16 via 172.16.1.7 dev eth1 protocol static
    ip route add 10.2.0.0/24 via 172.16.1.7 dev eth1 protocol static
    #
    # Print the final routing table
    ip route
ok: [h4] => 
  msg: |-
    routing configuration for h4
    =========================================
    #!/bin/bash
    #
    # Add static routes (usually IPv4 routes pointing to the first usable gateway)
    #
    #
    echo Removing existing IPv4 routes
    while ip route del 172.16.0.0/16 2>/dev/null; do
      : ; done
    while ip route del 10.0.0.0/24 2>/dev/null; do
      : ; done
    while ip route del 10.1.0.0/16 2>/dev/null; do
      : ; done
    while ip route del 10.2.0.0/24 2>/dev/null; do
      : ; done
    #
    #
    #
    echo Adding direct static routes
    ip route add 172.16.0.0/16 via 172.16.2.8 dev eth1 protocol static
    ip route add 10.0.0.0/24 via 172.16.2.8 dev eth1 protocol static
    ip route add 10.1.0.0/16 via 172.16.2.8 dev eth1 protocol static
    ip route add 10.2.0.0/24 via 172.16.2.8 dev eth1 protocol static
    #
    # Print the final routing table
    ip route
ok: [h3a] => 
  msg: |-
    routing configuration for h3a
    =========================================
    #!/bin/bash
    #
    # Add static routes (usually IPv4 routes pointing to the first usable gateway)
    #
    #
    echo Removing existing IPv4 routes
    while ip route del 172.16.0.0/16 2>/dev/null; do
      : ; done
    while ip route del 10.0.0.0/24 2>/dev/null; do
      : ; done
    while ip route del 10.1.0.0/16 2>/dev/null; do
      : ; done
    while ip route del 10.2.0.0/24 2>/dev/null; do
      : ; done
    #
    #
    #
    echo Adding direct static routes
    ip route add 172.16.0.0/16 via 172.16.1.7 dev eth1 protocol static
    ip route add 10.0.0.0/24 via 172.16.1.7 dev eth1 protocol static
    ip route add 10.1.0.0/16 via 172.16.1.7 dev eth1 protocol static
    ip route add 10.2.0.0/24 via 172.16.1.7 dev eth1 protocol static
    #
    # Print the final routing table
    ip route

TASK [Deploy routing configuration] ********************************************
skipping: [dut]
skipping: [s2]
included: /home/pipi/netlab_gh/netsim/ansible/tasks/deploy-config/linux-clab.yml for h1, h1a, h2, h3, h3a, h4

TASK [Define script filename and determine whether to execute in netns] ********
ok: [h1]
ok: [h1a]
ok: [h2]
ok: [h3a]
ok: [h3]
ok: [h4]

TASK [Create a temporary file for the rendered script] *************************
changed: [h1 -> localhost]
changed: [h3 -> localhost]
changed: [h1a -> localhost]
changed: [h2 -> localhost]
changed: [h3a -> localhost]
changed: [h4 -> localhost]

TASK [Create container setup script from /home/pipi/netlab_gh/netsim/ansible/templates/routing/linux-clab.j2] ***
changed: [h1 -> localhost]
changed: [h3a -> localhost]
changed: [h4 -> localhost]
changed: [h1a -> localhost]
changed: [h2 -> localhost]
changed: [h3 -> localhost]

TASK [Copy script into running container at /tmp/config-h1_routing.sh] *********
skipping: [h1]
skipping: [h1a]
skipping: [h2]
skipping: [h3a]
skipping: [h3]
skipping: [h4]

TASK [Execute /tmp/config-h1_routing.sh to deploy routing config based on /home/pipi/netlab_gh/netsim/ansible/templates/routing/linux-clab.j2] ***
skipping: [h1]
skipping: [h1a]
skipping: [h2]
skipping: [h3]
skipping: [h3a]
skipping: [h4]

TASK [Container configuration for routing based on /home/pipi/netlab_gh/netsim/ansible/templates/routing/linux-clab.j2 executed in netns] ***
changed: [h1 -> localhost]
changed: [h1a -> localhost]
changed: [h2 -> localhost]
changed: [h3 -> localhost]
changed: [h4 -> localhost]
changed: [h3a -> localhost]

TASK [Remove temporary file /tmp/h1_routing-40opxmj7.sh] ***********************
changed: [h1a -> localhost]
changed: [h3 -> localhost]
changed: [h3a -> localhost]
changed: [h2 -> localhost]
changed: [h1 -> localhost]
changed: [h4 -> localhost]

TASK [Figure out whether to deploy the module ospf on current device] **********
ok: [h1]
ok: [h1a]
ok: [h3]
ok: [h2]
ok: [h3a]
ok: [h4]
ok: [s2]
ok: [dut]

TASK [Find configuration template for ospf] ************************************
skipping: [h1]
skipping: [h1a]
skipping: [h2]
skipping: [h3]
skipping: [h3a]
skipping: [h4]
ok: [s2]
ok: [dut]

TASK [fail] ********************************************************************
skipping: [h1]
skipping: [h1a]
skipping: [h2]
skipping: [h3]
skipping: [h3a]
skipping: [h4]
skipping: [dut]
skipping: [s2]

TASK [Find configuration deployment deploy_script for ospf] ********************
skipping: [h1]
skipping: [h1a]
skipping: [h2]
skipping: [h3]
skipping: [h3a]
skipping: [h4]
ok: [s2]
ok: [dut]

TASK [Print deployed configuration when running in verbose mode] ***************
skipping: [h1]
skipping: [h1a]
skipping: [h2]
skipping: [h3]
skipping: [h3a]
skipping: [h4]
ok: [dut] => 
  msg: |-
    ospf configuration for dut
    =========================================
    routing-options {
      router-id 10.0.0.7
    }
    protocols {
      delete: ospf;
    }
  
    protocols {
      ospf {
        area 0.0.0.0 {
          interface lo0.0 {
          }
        }
        area 0.0.0.0 {
          interface ge-0/0/0.0 {
            interface-type p2p;
          }
        }
      }
    }
ok: [s2] => 
  msg: |-
    ospf configuration for s2
    =========================================
    !
    ! OSPFv2 FRR configuration
    !
    router ospf
     ospf router-id 10.0.0.8
     timers throttle spf 10 50 500
     timers throttle lsa all 100
     timers lsa min-arrival 100
  
  
    exit
    !
    interface lo
    !
     ip ospf area 0.0.0.0
    !
    interface eth1
    ! s2 -> dut
     ip ospf area 0.0.0.0
     ip ospf network point-to-point
    !
  
    !
    do write

TASK [Deploy ospf configuration] ***********************************************
skipping: [h1]
skipping: [h1a]
skipping: [h2]
skipping: [h3]
skipping: [h3a]
skipping: [h4]
included: /home/pipi/netlab_gh/netsim/ansible/tasks/deploy-config/junos.yml for dut
included: /home/pipi/netlab_gh/netsim/ansible/tasks/deploy-config/frr.yml for s2

TASK [junos_config: deploying ospf from /home/pipi/netlab_gh/netsim/ansible/templates/ospf/junos.j2] ***
[WARNING]:  statement not found
changed: [dut]

TASK [template] ****************************************************************
changed: [s2]

TASK [set_fact] ****************************************************************
ok: [s2]

TASK [run /tmp/config.sh to deploy ospf config from /home/pipi/netlab_gh/netsim/ansible/templates/ospf/frr.j2] ***
skipping: [s2]

TASK [run vtysh to import ospf config from /home/pipi/netlab_gh/netsim/ansible/templates/ospf/frr.j2] ***
changed: [s2]

TASK [Figure out whether to deploy the module vrf on current device] ***********
ok: [h1]
ok: [h1a]
ok: [h2]
ok: [h3]
ok: [h3a]
ok: [h4]
ok: [s2]
ok: [dut]

TASK [Find configuration template for vrf] *************************************
skipping: [h1]
skipping: [h1a]
skipping: [h2]
skipping: [h3]
skipping: [h3a]
skipping: [h4]
ok: [s2]
ok: [dut]

TASK [fail] ********************************************************************
skipping: [h1]
skipping: [h1a]
skipping: [h2]
skipping: [h3]
skipping: [h3a]
skipping: [h4]
skipping: [dut]
skipping: [s2]

TASK [Find configuration deployment deploy_script for vrf] *********************
skipping: [h1]
skipping: [h1a]
skipping: [h2]
skipping: [h3]
skipping: [h3a]
skipping: [h4]
ok: [s2]
ok: [dut]

TASK [Print deployed configuration when running in verbose mode] ***************
skipping: [h1]
skipping: [h1a]
skipping: [h2]
skipping: [h3]
skipping: [h3a]
skipping: [h4]
ok: [dut] => 
  msg: |-
    vrf configuration for dut
    =========================================
  
    routing-instances {
      tenant {
        routing-options {
          router-id 10.0.0.7
        }
      }
    }
  
  
    policy-options {
      policy-statement vrf-tenant-ospf-export {
        term redis_direct {
          from {
            protocol direct;
          }
          then accept;
        }
        term redis_bgp {
          from protocol bgp;
          then {
            accept;
          }
        }
        term redis_local_target {
          from community [ tg_65000_1 ];
          then accept;
        }
      }
    }
    routing-instances {
      tenant {
    protocols {
      delete: ospf;
    }
  
    protocols {
      ospf {
        export vrf-tenant-ospf-export;
        area 0.0.0.0 {
          interface irb.1000 {
            metric 5;
          }
        }
        area 0.0.0.0 {
          interface irb.1001 {
            passive;
            metric 10;
          }
        }
      }
    }
    } }
ok: [s2] => 
  msg: |-
    vrf configuration for s2
    =========================================
    #!/bin/bash
    #
    set -e # Exit immediately when any command fails
    #
  
    # Create VRF tables
    if [ ! -e /sys/devices/virtual/net/tenant ]; then
    ip link add tenant type vrf table 100
    fi
    ip link set tenant up
  
    # Move interfaces and loopbacks to vrfs
    sysctl -qw net.ipv6.conf.eth3.keep_addr_on_down=1
    ip link set eth3 master tenant
    sysctl -qw net.ipv6.conf.vlan1000.keep_addr_on_down=1
    ip link set vlan1000 master tenant
  
    cat >/tmp/vrf_config <<CONFIG
    vrf tenant
     exit-vrf
    !
    router bgp 65000
    !
    !
    !
    ! OSPFv2 FRR configuration
    !
    router ospf vrf tenant
     ospf router-id 10.0.0.8
     timers throttle spf 10 50 500
     timers throttle lsa all 100
     timers lsa min-arrival 100
  
     redistribute connected
  
    exit
    !
    interface eth3
    ! s2 -> h4
     ip ospf area 0.0.0.0
     ip ospf network point-to-point
     ip ospf passive
    !
    interface vlan1000
    ! VLAN red (1000) -> [h1,h1a,dut,h2]
     ip ospf area 0.0.0.0
     ip ospf cost 5
    !
  
    !
    do write
    !
    CONFIG
    vtysh -f /tmp/vrf_config
    exit $?

TASK [Deploy vrf configuration] ************************************************
skipping: [h1]
skipping: [h1a]
skipping: [h2]
skipping: [h3]
skipping: [h3a]
skipping: [h4]
included: /home/pipi/netlab_gh/netsim/ansible/tasks/deploy-config/junos.yml for dut
included: /home/pipi/netlab_gh/netsim/ansible/tasks/deploy-config/frr.yml for s2

TASK [junos_config: deploying vrf from /home/pipi/netlab_gh/netsim/ansible/templates/vrf/junos.j2] ***
changed: [dut]

TASK [template] ****************************************************************
changed: [s2]

TASK [set_fact] ****************************************************************
ok: [s2]

TASK [run /tmp/config.sh to deploy vrf config from /home/pipi/netlab_gh/netsim/ansible/templates/vrf/frr.j2] ***
changed: [s2]

TASK [run vtysh to import vrf config from /home/pipi/netlab_gh/netsim/ansible/templates/vrf/frr.j2] ***
skipping: [s2]

TASK [Figure out whether to deploy the module vxlan on current device] *********
ok: [h1]
ok: [h1a]
ok: [h2]
ok: [h3]
ok: [h3a]
ok: [h4]
ok: [s2]
ok: [dut]

TASK [Find configuration template for vxlan] ***********************************
skipping: [h1]
skipping: [h1a]
skipping: [h2]
skipping: [h3]
skipping: [h3a]
skipping: [h4]
ok: [s2]
ok: [dut]

TASK [fail] ********************************************************************
skipping: [h1]
skipping: [h1a]
skipping: [h2]
skipping: [h3]
skipping: [h3a]
skipping: [h4]
skipping: [dut]
skipping: [s2]

TASK [Find configuration deployment deploy_script for vxlan] *******************
skipping: [h1]
skipping: [h1a]
skipping: [h2]
skipping: [h3]
skipping: [h3a]
skipping: [h4]
ok: [s2]
ok: [dut]

TASK [Print deployed configuration when running in verbose mode] ***************
skipping: [h1]
skipping: [h1a]
skipping: [h2]
skipping: [h3]
skipping: [h3a]
skipping: [h4]
ok: [s2] => 
  msg: |-
    vxlan configuration for s2
    =========================================
    #!/bin/bash
    #
    set -e # Exit immediately when any command fails
    #
  
  
  
    # Create L3 VNIs with bridges and add to correct vrf table
  
    # Create VXLAN L2 interface per vni
    ip link add vxlan5000 type vxlan \
      id 5000 \
      dstport 4789 \
      local 10.0.0.8
    #
    # Add it to the VLAN bridge (create if needed for l3 vnis); disable STP
    if [ ! -e /sys/devices/virtual/net/vlan1000 ]; then
    ip link add vlan1000 type bridge
    ip link set up dev vlan1000
    fi
    ip link set dev vxlan5000 master vlan1000
    ip link set vlan1000 type bridge stp_state 0
  
    # Do not generate ipv6 link-local address for VXLAN devices
    ip link set mtu 1500 addrgenmode none dev vxlan5000
    ip link set up dev vxlan5000
  
    bridge fdb append 00:00:00:00:00:00 dev vxlan5000 dst 10.0.0.7
  
    exit $?
ok: [dut] => 
  msg: |-
    vxlan configuration for dut
    =========================================
  
    policy-options {
        policy-statement ecmp {
            then {
                load-balance per-flow;
            }
        }
    }
    routing-options {
        forwarding-table {
            export ecmp;
        }
    }
  
    switch-options {
        vtep-source-interface lo0.0;
    }
  
    vlans {
        red {
            vxlan {
                vni 5000;
            }
        }
        blue {
            vxlan {
                vni 5001;
            }
        }
    }
  
  
  
    switch-options {
        remote-vtep-list 10.0.0.8;
    }
  
    vlans {
        red {
            vxlan {
                ingress-node-replication;
                static-remote-vtep-list 10.0.0.8;
            }
        }
        blue {
            vxlan {
                ingress-node-replication;
            }
        }
    }

TASK [Deploy vxlan configuration] **********************************************
skipping: [h1]
skipping: [h1a]
skipping: [h2]
skipping: [h3]
skipping: [h3a]
skipping: [h4]
included: /home/pipi/netlab_gh/netsim/ansible/tasks/deploy-config/junos.yml for dut
included: /home/pipi/netlab_gh/netsim/ansible/tasks/deploy-config/frr.yml for s2

TASK [junos_config: deploying vxlan from /home/pipi/netlab_gh/netsim/ansible/templates/vxlan/vjunos-switch.j2] ***
changed: [dut]

TASK [template] ****************************************************************
changed: [s2]

TASK [set_fact] ****************************************************************
ok: [s2]

TASK [run /tmp/config.sh to deploy vxlan config from /home/pipi/netlab_gh/netsim/ansible/templates/vxlan/frr.j2] ***
changed: [s2]

TASK [run vtysh to import vxlan config from /home/pipi/netlab_gh/netsim/ansible/templates/vxlan/frr.j2] ***
skipping: [s2]

PLAY [Deploy custom deployment templates] **************************************
skipping: no hosts matched

PLAY RECAP *********************************************************************
dut                        : ok=51   changed=5    unreachable=0    failed=0    skipped=13   rescued=0    ignored=0   
h1                         : ok=37   changed=8    unreachable=0    failed=0    skipped=31   rescued=0    ignored=0   
h1a                        : ok=37   changed=8    unreachable=0    failed=0    skipped=31   rescued=0    ignored=0   
h2                         : ok=37   changed=8    unreachable=0    failed=0    skipped=31   rescued=0    ignored=0   
h3                         : ok=37   changed=8    unreachable=0    failed=0    skipped=31   rescued=0    ignored=0   
h3a                        : ok=37   changed=8    unreachable=0    failed=0    skipped=31   rescued=0    ignored=0   
h4                         : ok=37   changed=8    unreachable=0    failed=0    skipped=31   rescued=0    ignored=0   
s2                         : ok=56   changed=11   unreachable=0    failed=0    skipped=21   rescued=0    ignored=0   



The devices under test are VLAN-to-VXLAN layer-3 switches connecting a VLAN
stretched across VXLAN transport and two edge subnets.

The test case verifies that you can use VXLAN-enabled VLANs in VRFs and that
your device runs OSPF across VXLAN-enabled VLANs.

* All hosts should be able to ping each other.
* Switches should have OSPF adjacencies in the tenant VRF

Notes:

* It might take a while for the lab to work due to STP learning phase.
* The validation tests don't check OSPF adjacencies

