Creating Device configuration snippets
[CREATED] dut: initial,ospf
[CREATED] x1: initial,ospf
[CREATED] x2: initial,ospf
[CREATED] x3: initial,ospf
Checking Are lab devices ready to be configured?
 [INFO] Checking SSH server(s) on dut
[SSH]     SSH server on node dut (device iol) is ready after 25.3 seconds
Config Deploying device configurations
 [INFO] Executing initial configuration for node x1
 [INFO] Executing initial configuration for node x2
 [INFO] Executing initial configuration for node x3
 [INFO] Executing ospf configuration for node x3
 [INFO] Executing ospf configuration for node x2
 [INFO] Executing ospf configuration for node x1

Results of configuration script deployments
================================================================================
dut              Startup: initial,ospf
x1               Script:  initial,ospf
x2               Script:  initial,ospf
x3               Script:  initial,ospf


This lab tests the OSPFv3 areas. The device under test has three interfaces
in three different areas and the loopback interface in one of those areas.

