Warning in ospf: Cisco IOS cannot configure NSSA type-7 ranges
... Used in nodes.dut.ospf.areas[area=0.0.0.22].external_range
Warning in ospf: Cisco IOS cannot suppress NSSA type-7 ranges
... Used in nodes.dut.ospf.areas[area=0.0.0.22].external_filter
[CONFIG]  dut: initial,ospf,vrf,ospf.areas,ifstate
[CONFIG]  r11: initial,ospf,ospf.areas,daemons,hosts
[CONFIG]  r12: initial,ospf,ospf.areas,daemons,hosts (shared)
[CONFIG]  r21: initial,ospf,ospf.areas,daemons,hosts (shared)
[CONFIG]  r22: initial,routing,ospf,ospf.areas,daemons,hosts (shared)
[CONFIG]  v1: initial,ospf,ospf.areas,daemons,hosts (shared)
[CONFIG]  v2: initial,ospf,ospf.areas,daemons,hosts (shared)
[CONFIG]  rb: initial,ospf,ospf.areas,daemons,hosts (shared)
Created provider configuration file: clab.yml
Created startup configuration for dut
Created pickled transformed topology data into netlab.snapshot.pickle
Created group_vars for all
Created group_vars for modules
Created group_vars for custom_configs
Created group_vars for iol
Created host_vars for dut
Created group_vars for frr
Created host_vars for r11, r12, r21, r22, v1, v2, rb
Created minimized Ansible inventory hosts.yml
Created Ansible configuration file: ansible.cfg
Created transformed topology dump in YAML format in netlab.snapshot.yml
