17:17:48 INFO Parsing & checking topology file=clab.yml
17:17:48 INFO Parsing & checking topology file=clab.yml
17:17:48 INFO Destroying lab name=ml_17
17:17:48 INFO Removed container name=clab-ml_17-probe
17:17:48 INFO Removed container name=clab-ml_17-xf
17:17:48 INFO Removed container name=clab-ml_17-dut_c
17:17:48 INFO Removed container name=clab-ml_17-dut_a
17:17:48 INFO Removing host entries path=/etc/hosts
17:17:48 INFO Removing SSH config path=/etc/ssh/ssh_config.d/clab-ml_17.conf
Checking virtualization provider installation
OK: clab installed and working correctly
Stopping clab nodes
Cleanup configuration files
... removing clab.yml
... removing directory tree clab_files
... removing ansible.cfg
... removing hosts.yml
... removing directory tree group_vars
... removing directory tree host_vars
... removing netlab.snapshot.yml
... removing netlab.snapshot.pickle
