14:04:03 INFO Parsing & checking topology file=clab-augment.yml
14:04:03 INFO Parsing & checking topology file=clab-augment.yml
14:04:03 INFO Destroying lab name=ml-17
14:04:03 INFO Removed container name=clab-ml-17-c2
14:04:03 INFO Removed container name=clab-ml-17-c1
14:04:03 INFO Removing host entries path=/etc/hosts
14:04:03 INFO Removing SSH config path=/etc/ssh/ssh_config.d/clab-ml-17.conf
[fog][WARNING] Unrecognized arguments: libvirt_ip_command
==> server: Removing domain...
==> server: Deleting the machine folder
Checking virtualization provider installation
OK: libvirt installed and working correctly
OK: clab installed and working correctly
Stopping clab nodes

Stopping libvirt nodes
Cleanup configuration files
... removing Vagrantfile
... removing clab-augment.yml
... removing ansible.cfg
... removing hosts.yml
... removing directory tree group_vars
... removing directory tree host_vars
... removing directory tree node_files
... removing netlab.snapshot.yml
... removing netlab.snapshot.pickle
