Bringing machine 'r' up with 'libvirt' provider...
==> r: Checking if box 'cisco/cat8000v' version '17.13.01' is up to date...
[fog][WARNING] Unrecognized arguments: libvirt_ip_command
==> r: Creating image (snapshot of base box volume).
==> r: Creating domain with the following settings...
==> r:  -- Name:              ml_30_r
==> r:  -- Description:       Source: /work/netlab_cicd/cisco/Vagrantfile
==> r:  -- Domain type:       kvm
==> r:  -- Cpus:              2
==> r:  -- Feature:           acpi
==> r:  -- Feature:           apic
==> r:  -- Feature:           pae
==> r:  -- Clock offset:      utc
==> r:  -- Memory:            4096M
==> r:  -- Management MAC:    08:4f:a9:84:00:00
==> r:  -- Base box:          cisco/cat8000v
==> r:  -- Storage pool:      default
==> r:  -- Image(vda):        /var/lib/libvirt/images/ml_30_r.img, virtio, 8G
==> r:  -- Disk driver opts:  cache='default'
==> r:  -- Graphics Type:     vnc
==> r:  -- Video Type:        cirrus
==> r:  -- Video VRAM:        16384
==> r:  -- Video 3D accel:    false
==> r:  -- Keymap:            en-us
==> r:  -- TPM Backend:       passthrough
==> r:  -- INPUT:             type=mouse, bus=ps2
==> r: Creating shared folders metadata...
==> r: Starting domain.
==> r: Domain launching with graphics connection settings...
==> r:  -- Graphics Port:      5900
==> r:  -- Graphics IP:        127.0.0.1
==> r:  -- Graphics Password:  Not defined
==> r:  -- Graphics Websocket: 5700
==> r: Waiting for domain to get an IP address...
==> r: Waiting for machine to boot. This may take a few minutes...
    r: SSH address: 192.168.30.232:22
    r: SSH username: vagrant
    r: SSH auth method: private key
==> r: Machine booted and ready!
Using transformed lab topology from snapshot file netlab.snapshot.yml
Checking virtualization provider installation
OK: libvirt installed and working correctly
OK: clab installed and working correctly
Starting libvirt nodes
creating libvirt management network nl_mgmt_30
provider libvirt: executing vagrant up --provider libvirt
Starting clab nodes
Recreating clab-augment.yml configuration file for clab provider
05:48:08 INFO Containerlab started version=0.68.0
05:48:08 INFO Parsing & checking topology file=clab-augment.yml
05:48:08 INFO Removing directory path=/work/netlab_cicd/cisco/clab-ml_30
05:48:08 INFO Creating docker network name=nl_mgmt_30 IPv4 subnet=192.168.30.0/24 IPv6 subnet="" MTU=0
05:48:08 INFO Creating lab directory path=/work/netlab_cicd/cisco/clab-ml_30
05:48:08 INFO Creating container name=h1
05:48:08 INFO Creating container name=h2
05:48:09 INFO Created link: h1:eth1 ▪┄┄▪ virbr2:ml_30_1_1
05:48:09 INFO Created link: h2:eth1 ▪┄┄▪ virbr3:ml_30_2_1
05:48:09 INFO Adding host entries path=/etc/hosts
05:48:09 INFO Adding SSH config for nodes path=/etc/ssh/ssh_config.d/clab-ml_30.conf
[1m╭[0m[1m───────────────[0m[1m┬[0m[1m────────────────────[0m[1m┬[0m[1m─────────[0m[1m┬[0m[1m────────────────[0m[1m╮[0m
[1m│[0m[1m      Name     [0m[1m│[0m[1m     Kind/Image     [0m[1m│[0m[1m  State  [0m[1m│[0m[1m IPv4/6 Address [0m[1m│[0m
[1m├[0m[1m───────────────[0m[1m┼[0m[1m────────────────────[0m[1m┼[0m[1m─────────[0m[1m┼[0m[1m────────────────[0m[1m┤[0m
│ clab-ml_30-h1 │ linux              │ running │ 192.168.30.101 │
│               │ python:3.13-alpine │         │ N/A            │
├───────────────┼────────────────────┼─────────┼────────────────┤
│ clab-ml_30-h2 │ linux              │ running │ 192.168.30.102 │
│               │ python:3.13-alpine │         │ N/A            │
╰───────────────┴────────────────────┴─────────┴────────────────╯
Createdprovider configuration file: clab-augment.yml
Mapped clab_files/h1/hosts to h1:/etc/hosts (from templates/provider/clab/linux/hosts.j2)
Mapped clab_files/h2/hosts to h2:/etc/hosts (from templates/provider/clab/linux/hosts.j2)
provider clab: executing sudo -E containerlab deploy --reconfigure -t clab-augment.yml

Initial configuration skipped, run 'netlab initial' to configure the devices
