Bringing machine 'r' up with 'libvirt' provider...
==> r: Checking if box 'cisco/cat8000v' version '17.13.01' is up to date...
==> r: Creating image (snapshot of base box volume).
==> r: Creating domain with the following settings...
==> r:  -- Name:              ml_17_r
==> r:  -- Description:       Source: /work/netlab_cicd/Vagrantfile
==> r:  -- Domain type:       kvm
==> r:  -- Cpus:              2
==> r:  -- Feature:           acpi
==> r:  -- Feature:           apic
==> r:  -- Feature:           pae
==> r:  -- Clock offset:      utc
==> r:  -- Memory:            4096M
==> r:  -- Management MAC:    08:4f:a9:00:00:01
==> r:  -- Base box:          cisco/cat8000v
==> r:  -- Storage pool:      default
==> r:  -- Image(vda):        /var/lib/libvirt/images/ml_17_r.img, virtio, 8G
==> r:  -- Disk driver opts:  cache='default'
==> r:  -- Graphics Type:     vnc
==> r:  -- Video Type:        cirrus
==> r:  -- Video VRAM:        16384
==> r:  -- Video 3D accel:    false
==> r:  -- Keymap:            en-us
==> r:  -- TPM Backend:       passthrough
==> r:  -- INPUT:             type=mouse, bus=ps2
==> r: Creating shared folders metadata...
==> r: Starting domain.
==> r: Domain launching with graphics connection settings...
==> r:  -- Graphics Port:      5900
==> r:  -- Graphics IP:        127.0.0.1
==> r:  -- Graphics Password:  Not defined
==> r:  -- Graphics Websocket: 5700
==> r: Waiting for domain to get an IP address...
==> r: Waiting for machine to boot. This may take a few minutes...
    r: SSH address: 192.168.17.101:22
    r: SSH username: vagrant
    r: SSH auth method: private key
==> r: Machine booted and ready!
Using transformed lab topology from snapshot file netlab.snapshot.yml
Checking virtualization provider installation
OK: libvirt installed and working correctly
Starting libvirt nodes
creating libvirt management network nl_mgmt_17
provider libvirt: executing vagrant up --provider libvirt

Initial configuration skipped, run 'netlab initial' to configure the devices
