[WARNING]: Could not match supplied host pattern, ignoring: unprovisioned
[WARNING]: Found variable using reserved name: hosts

PLAY [Deploy initial device configuration] *************************************

TASK [Set variables that cannot be set with VARS] ******************************
ok: [h1]
ok: [h2]
ok: [h3]
ok: [dut]

TASK [Find device readiness script] ********************************************
ok: [h1]
ok: [h2]
ok: [h3]
ok: [dut]

TASK [Wait for device to become ready] *****************************************
skipping: [dut]
skipping: [h1]
skipping: [h2]
skipping: [h3]

TASK [Normalize config on bridge-like devices] *********************************
included: /home/pipi/netlab_gh/netsim/ansible/tasks/deploy-module.yml for dut, h1, h2, h3

TASK [Figure out whether to deploy the module normalize on current device] *****
ok: [h1]
ok: [h3]
ok: [h2]
ok: [dut]

TASK [Find configuration template for normalize] *******************************
ok: [h1]
ok: [h2]
ok: [h3]
ok: [dut]

TASK [fail] ********************************************************************
skipping: [dut]
skipping: [h1]
skipping: [h2]
skipping: [h3]

TASK [Find configuration deployment deploy_script for normalize] ***************
ok: [h1]
ok: [h3]
ok: [h2]
ok: [dut]

TASK [Print deployed configuration when running in verbose mode] ***************
skipping: [dut]
skipping: [h1]
skipping: [h2]
skipping: [h3]

TASK [Deploy normalize configuration] ******************************************
skipping: [dut]
skipping: [h1]
skipping: [h2]
skipping: [h3]

TASK [Deploy initial configuration] ********************************************
included: /home/pipi/netlab_gh/netsim/ansible/tasks/deploy-module.yml for dut, h1, h2, h3

TASK [Figure out whether to deploy the module initial on current device] *******
ok: [h1]
ok: [h2]
ok: [h3]
ok: [dut]

TASK [Find configuration template for initial] *********************************
ok: [h1]
ok: [h2]
ok: [h3]
ok: [dut]

TASK [fail] ********************************************************************
skipping: [dut]
skipping: [h1]
skipping: [h2]
skipping: [h3]

TASK [Find configuration deployment deploy_script for initial] *****************
ok: [h1]
ok: [h3]
ok: [h2]
ok: [dut]

TASK [Print deployed configuration when running in verbose mode] ***************
ok: [h1] => 
  msg: |-
    initial configuration for h1
    =========================================
    #!/bin/bash
    #
    # This script contains the 'ip' commands needed to set up container
    # interfaces and route table. It's executed within the container
    # network namespace on the container host.
    #
    #  /etc/hosts file is generated as a clab bind.
    #
    set -e
  
    ### One-Shot configuration (non-Ubuntu VM or container)
    #
    # Disable IPv4 and IPv6 forwarding
    #
    sysctl -w net.ipv4.ip_forward=0
    sysctl -w net.ipv6.conf.all.forwarding=0
    #
    # Interface addressing, create any bond devices
    #
    ip link set dev eth1 up
    set +e
    ip addr del 172.16.0.2/24 dev eth1 2>/dev/null
    set -e
    ip addr add 172.16.0.2/24 dev eth1
    ip link set dev eth1 mtu 1500
ok: [h2] => 
  msg: |-
    initial configuration for h2
    =========================================
    #!/bin/bash
    #
    # This script contains the 'ip' commands needed to set up container
    # interfaces and route table. It's executed within the container
    # network namespace on the container host.
    #
    #  /etc/hosts file is generated as a clab bind.
    #
    set -e
  
    ### One-Shot configuration (non-Ubuntu VM or container)
    #
    # Disable IPv4 and IPv6 forwarding
    #
    sysctl -w net.ipv4.ip_forward=0
    sysctl -w net.ipv6.conf.all.forwarding=0
    #
    # Interface addressing, create any bond devices
    #
    ip link set dev eth1 up
    set +e
    ip addr del 172.16.0.3/24 dev eth1 2>/dev/null
    set -e
    ip addr add 172.16.0.3/24 dev eth1
    ip link set dev eth1 mtu 1500
ok: [h3] => 
  msg: |-
    initial configuration for h3
    =========================================
    #!/bin/bash
    #
    # This script contains the 'ip' commands needed to set up container
    # interfaces and route table. It's executed within the container
    # network namespace on the container host.
    #
    #  /etc/hosts file is generated as a clab bind.
    #
    set -e
  
    ### One-Shot configuration (non-Ubuntu VM or container)
    #
    # Disable IPv4 and IPv6 forwarding
    #
    sysctl -w net.ipv4.ip_forward=0
    sysctl -w net.ipv6.conf.all.forwarding=0
    #
    # Interface addressing, create any bond devices
    #
    ip link set dev eth1 up
    set +e
    ip addr del 172.16.0.4/24 dev eth1 2>/dev/null
    set -e
    ip addr add 172.16.0.4/24 dev eth1
    ip link set dev eth1 mtu 1500
ok: [dut] => 
  msg: |-
    initial configuration for dut
    =========================================
    hostname dut
    !
    no ip domain lookup
    !
    lldp run
    !
    ip host h1 172.16.0.2
    ip host h2 172.16.0.3
    ip host h3 172.16.0.4
    !
    no ip routing
    !
    no ipv6 unicast-routing
    !
  
    !
    !
    !
    interface GigabitEthernet1
     no lldp transmit
     no lldp receive
    !
    interface GigabitEthernet2
     description [Access VLAN br_default] dut -> h1
     no shutdown
    !
    interface GigabitEthernet3
     description [Access VLAN br_default] dut -> h2
     no shutdown
    !
    interface GigabitEthernet4
     description [Access VLAN br_default] dut -> h3
     no shutdown
    !
    interface BDI1
     description VLAN br_default (1) -> [h1,h2,h3] [stub]
     no shutdown
    !
    !
    line vty 0 4
     exec-timeout 0 0
    !
    no banner exec
    no banner login
    no banner incoming

TASK [Deploy initial configuration] ********************************************
included: /home/pipi/netlab_gh/netsim/ansible/tasks/deploy-config/ios.yml for dut
included: /home/pipi/netlab_gh/netsim/ansible/tasks/deploy-config/linux-clab.yml for h1, h2, h3

TASK [ios_config: deploying initial from /home/pipi/netlab_gh/netsim/ansible/templates/initial/ios.j2] ***
fatal: [dut]: FAILED! => changed=false 
  module_stderr: |-
    command timeout triggered, timeout value is 60 secs.
    See the timeout setting options in the Network Debug and Troubleshooting Guide.
  module_stdout: ''
  msg: |-
    MODULE FAILURE
    See stdout/stderr for the exact error

TASK [Define script filename and determine whether to execute in netns] ********
ok: [h1]
ok: [h2]
ok: [h3]

TASK [Create a temporary file for the rendered script] *************************
changed: [h2 -> localhost]
changed: [h1 -> localhost]
changed: [h3 -> localhost]

TASK [Create container setup script from /home/pipi/netlab_gh/netsim/ansible/templates/initial/linux-clab.j2] ***
changed: [h2 -> localhost]
changed: [h1 -> localhost]
changed: [h3 -> localhost]

TASK [Copy script into running container at /tmp/config-h1_initial.sh] *********
skipping: [h1]
skipping: [h2]
skipping: [h3]

TASK [Execute /tmp/config-h1_initial.sh to deploy initial config based on /home/pipi/netlab_gh/netsim/ansible/templates/initial/linux-clab.j2] ***
skipping: [h1]
skipping: [h2]
skipping: [h3]

TASK [Container configuration for initial based on /home/pipi/netlab_gh/netsim/ansible/templates/initial/linux-clab.j2 executed in netns] ***
changed: [h3 -> localhost]
changed: [h2 -> localhost]
changed: [h1 -> localhost]

TASK [Remove temporary file /tmp/h1_initial-nk96ko37.sh] ***********************
changed: [h1 -> localhost]
changed: [h2 -> localhost]
changed: [h3 -> localhost]

PLAY [Deploy module-specific configurations] ***********************************

TASK [Set variables that cannot be set with VARS] ******************************
ok: [h1]
ok: [h2]
ok: [h3]

TASK [Deploy individual configuration modules] *********************************
included: /home/pipi/netlab_gh/netsim/ansible/tasks/deploy-module.yml for h1, h2, h3 => (item=vlan)
included: /home/pipi/netlab_gh/netsim/ansible/tasks/deploy-module.yml for h1, h2, h3 => (item=routing)

TASK [Figure out whether to deploy the module vlan on current device] **********
ok: [h1]
ok: [h2]
ok: [h3]

TASK [Find configuration template for vlan] ************************************
skipping: [h1]
skipping: [h2]
skipping: [h3]

TASK [fail] ********************************************************************
skipping: [h1]
skipping: [h2]
skipping: [h3]

TASK [Find configuration deployment deploy_script for vlan] ********************
skipping: [h1]
skipping: [h2]
skipping: [h3]

TASK [Print deployed configuration when running in verbose mode] ***************
skipping: [h1]
skipping: [h2]
skipping: [h3]

TASK [Deploy vlan configuration] ***********************************************
skipping: [h1]
skipping: [h2]
skipping: [h3]

TASK [Figure out whether to deploy the module routing on current device] *******
ok: [h1]
ok: [h2]
ok: [h3]

TASK [Find configuration template for routing] *********************************
ok: [h1]
ok: [h2]
ok: [h3]

TASK [fail] ********************************************************************
skipping: [h1]
skipping: [h2]
skipping: [h3]

TASK [Find configuration deployment deploy_script for routing] *****************
ok: [h1]
ok: [h2]
ok: [h3]

TASK [Print deployed configuration when running in verbose mode] ***************
ok: [h1] => 
  msg: |-
    routing configuration for h1
    =========================================
    #!/bin/bash
    #
    # Add static routes (usually IPv4 routes pointing to the first usable gateway)
    #
    #
    #
    #
    #
    #
    # Print the final routing table
    ip route
ok: [h2] => 
  msg: |-
    routing configuration for h2
    =========================================
    #!/bin/bash
    #
    # Add static routes (usually IPv4 routes pointing to the first usable gateway)
    #
    #
    #
    #
    #
    #
    # Print the final routing table
    ip route
ok: [h3] => 
  msg: |-
    routing configuration for h3
    =========================================
    #!/bin/bash
    #
    # Add static routes (usually IPv4 routes pointing to the first usable gateway)
    #
    #
    #
    #
    #
    #
    # Print the final routing table
    ip route

TASK [Deploy routing configuration] ********************************************
included: /home/pipi/netlab_gh/netsim/ansible/tasks/deploy-config/linux-clab.yml for h1, h2, h3

TASK [Define script filename and determine whether to execute in netns] ********
ok: [h1]
ok: [h2]
ok: [h3]

TASK [Create a temporary file for the rendered script] *************************
changed: [h1 -> localhost]
changed: [h2 -> localhost]
changed: [h3 -> localhost]

TASK [Create container setup script from /home/pipi/netlab_gh/netsim/ansible/templates/routing/linux.j2] ***
changed: [h2 -> localhost]
changed: [h1 -> localhost]
changed: [h3 -> localhost]

TASK [Copy script into running container at /tmp/config-h1_routing.sh] *********
changed: [h1 -> localhost]
changed: [h2 -> localhost]
changed: [h3 -> localhost]

TASK [Execute /tmp/config-h1_routing.sh to deploy routing config based on /home/pipi/netlab_gh/netsim/ansible/templates/routing/linux.j2] ***
changed: [h2]
changed: [h1]
changed: [h3]

TASK [Container configuration for routing based on /home/pipi/netlab_gh/netsim/ansible/templates/routing/linux.j2 executed in netns] ***
skipping: [h1]
skipping: [h2]
skipping: [h3]

TASK [Remove temporary file /tmp/h1_routing-1qa1vzkm.sh] ***********************
changed: [h1 -> localhost]
changed: [h2 -> localhost]
changed: [h3 -> localhost]

PLAY [Deploy custom deployment templates] **************************************
skipping: no hosts matched

PLAY RECAP *********************************************************************
dut                        : ok=12   changed=0    unreachable=0    failed=1    skipped=5    rescued=0    ignored=0   
h1                         : ok=32   changed=9    unreachable=0    failed=0    skipped=14   rescued=0    ignored=0   
h2                         : ok=32   changed=9    unreachable=0    failed=0    skipped=14   rescued=0    ignored=0   
h3                         : ok=32   changed=9    unreachable=0    failed=0    skipped=14   rescued=0    ignored=0   

Fatal error in netlab: Executing Ansible playbook /home/pipi/netlab_gh/netsim/ansible/initial-config.ansible failed
Error executing ansible-playbook /home/pipi/netlab_gh/netsim/ansible/initial-config.ansible:
  Command '['ansible-playbook', '/home/pipi/netlab_gh/netsim/ansible/initial-config.ansible']' returned non-zero exit status 2.
