time="2024-04-11T16:31:44Z" level=info msg="Containerlab v0.43.0 started"
time="2024-04-11T16:31:44Z" level=info msg="Parsing & checking topology file: clab.yml"
time="2024-04-11T16:31:44Z" level=info msg="Creating lab directory: /tmp/netlab_cicd/clab-ml_17"
time="2024-04-11T16:31:44Z" level=info msg="Creating docker network: Name=\"nl_mgmt_17\", IPv4Subnet=\"192.168.17.0/24\", IPv6Subnet=\"\", MTU=\"1500\""
time="2024-04-11T16:31:44Z" level=info msg="Creating container: \"c2\""
time="2024-04-11T16:31:44Z" level=info msg="Creating container: \"c1\""
time="2024-04-11T16:31:44Z" level=info msg="Creating container: \"server\""
time="2024-04-11T16:31:44Z" level=info msg="Creating virtual wire: c1:swp1 <--> ml_17_1:ml_17_1_1"
time="2024-04-11T16:31:44Z" level=info msg="Creating virtual wire: server:et1 <--> ml_17_1:ml_17_3_1"
time="2024-04-11T16:31:44Z" level=info msg="Creating virtual wire: c2:swp1 <--> ml_17_1:ml_17_2_1"
time="2024-04-11T16:31:45Z" level=info msg="Running postdeploy actions for Arista cEOS 'server' node"
time="2024-04-11T16:32:02Z" level=info msg="Adding containerlab host entries to /etc/hosts file"
time="2024-04-11T16:32:02Z" level=info msg="🎉 New containerlab version 0.54.2 is available! Release notes: https://containerlab.dev/rn/0.54/#0542\nRun 'containerlab version upgrade' to upgrade or go check other installation options at https://containerlab.dev/install/\n"
+---+-------------------+--------------+--------------------+------+---------+-------------------+--------------+
| # |       Name        | Container ID |       Image        | Kind |  State  |   IPv4 Address    | IPv6 Address |
+---+-------------------+--------------+--------------------+------+---------+-------------------+--------------+
| 1 | clab-ml_17-c1     | c60601a08b1b | networkop/cx:4.4.0 | cvx  | running | 192.168.17.101/24 | N/A          |
| 2 | clab-ml_17-c2     | 8edff30ba589 | networkop/cx:4.4.0 | cvx  | running | 192.168.17.102/24 | N/A          |
| 3 | clab-ml_17-server | b61581cc8d64 | ceos:4.31.2F       | ceos | running | 192.168.17.103/24 | N/A          |
+---+-------------------+--------------+--------------------+------+---------+-------------------+--------------+
Using transformed lab topology from snapshot file netlab.snapshot.yml
Checking virtualization provider installation
OK: clab installed and working correctly
Starting clab nodes
provider clab: executing sudo -E containerlab deploy -t clab.yml

Initial configuration skipped, run 'netlab initial' to configure the devices
