time="2024-04-11T16:34:13Z" level=info msg="Parsing & checking topology file: clab.yml"
time="2024-04-11T16:34:13Z" level=info msg="Destroying lab: ml_17"
time="2024-04-11T16:34:13Z" level=info msg="Removed container: clab-ml_17-s1"
time="2024-04-11T16:34:13Z" level=info msg="Removed container: clab-ml_17-s2"
time="2024-04-11T16:34:13Z" level=info msg="Removed container: clab-ml_17-c1"
time="2024-04-11T16:34:13Z" level=info msg="Removed container: clab-ml_17-c2"
time="2024-04-11T16:34:14Z" level=info msg="Removed container: clab-ml_17-c3"
time="2024-04-11T16:34:14Z" level=info msg="Removed container: clab-ml_17-c4"
time="2024-04-11T16:34:14Z" level=info msg="Removed container: clab-ml_17-relay"
time="2024-04-11T16:34:14Z" level=info msg="Removing containerlab host entries from /etc/hosts file"
Read transformed lab topology from snapshot file netlab.snapshot.yml
Checking virtualization provider installation
OK: clab installed and working correctly
Stopping clab nodes
Cleanup configuration files
... removing clab.yml
... removing directory tree clab_files
... removing ansible.cfg
... removing hosts.yml
... removing directory tree group_vars
... removing directory tree host_vars
... removing netlab.snapshot.yml
