Using transformed lab topology from snapshot file netlab.snapshot.pickle
Checking virtualization provider installation
OK: clab installed and working correctly
Starting clab nodes
provider clab: executing sudo -E containerlab deploy --reconfigure -t clab.yml
17:07:12 INFO Containerlab started version=0.73.0
17:07:12 INFO Parsing & checking topology file=clab.yml
17:07:12 INFO Removing directory path=/work/netlab_cicd/clab-ml-17
17:07:12 INFO Creating docker network name=nl_mgmt_17 IPv4 subnet=192.168.17.0/24 IPv6 subnet="" MTU=0
17:07:12 INFO Creating lab directory path=/work/netlab_cicd/clab-ml-17
17:07:12 INFO Creating container name=h2
17:07:12 INFO Creating container name=h4
17:07:12 INFO Creating container name=h1
17:07:12 INFO Creating container name=h3
17:07:12 INFO Creating container name=rtr
17:07:14 INFO Created link: h3:eth1 ▪┄┄▪ rtr:eth2
17:07:14 INFO Created link: h1:eth1 ▪┄┄▪ rtr:eth1
17:07:14 INFO Created link: h2:eth1 ▪┄┄▪ rtr:eth3
17:07:14 INFO Created link: h4:eth1 ▪┄┄▪ rtr:eth4
17:07:15 INFO Executed command node=rtr command="sleep 1" stdout=""
17:07:15 INFO Adding host entries path=/etc/hosts
17:07:15 INFO Adding SSH config for nodes path=/etc/ssh/ssh_config.d/clab-ml-17.conf
[1m╭[0m[1m────────────────[0m[1m┬[0m[1m──────────────────────────────[0m[1m┬[0m[1m─────────[0m[1m┬[0m[1m────────────────[0m[1m╮[0m
[1m│[0m[1m      Name      [0m[1m│[0m[1m          Kind/Image          [0m[1m│[0m[1m  State  [0m[1m│[0m[1m IPv4/6 Address [0m[1m│[0m
[1m├[0m[1m────────────────[0m[1m┼[0m[1m──────────────────────────────[0m[1m┼[0m[1m─────────[0m[1m┼[0m[1m────────────────[0m[1m┤[0m
│ clab-ml-17-h1  │ linux                        │ running │ 192.168.17.101 │
│                │ python:3.13-alpine           │         │ N/A            │
├────────────────┼──────────────────────────────┼─────────┼────────────────┤
│ clab-ml-17-h2  │ linux                        │ running │ 192.168.17.102 │
│                │ python:3.13-alpine           │         │ N/A            │
├────────────────┼──────────────────────────────┼─────────┼────────────────┤
│ clab-ml-17-h3  │ linux                        │ running │ 192.168.17.103 │
│                │ python:3.13-alpine           │         │ N/A            │
├────────────────┼──────────────────────────────┼─────────┼────────────────┤
│ clab-ml-17-h4  │ linux                        │ running │ 192.168.17.104 │
│                │ python:3.13-alpine           │         │ N/A            │
├────────────────┼──────────────────────────────┼─────────┼────────────────┤
│ clab-ml-17-rtr │ linux                        │ running │ 192.168.17.105 │
│                │ quay.io/frrouting/frr:10.5.1 │         │ N/A            │
╰────────────────┴──────────────────────────────┴─────────┴────────────────╯

Initial configuration skipped, run 'netlab initial' to configure the devices
