19:34:52 INFO Containerlab started version=0.68.0
19:34:52 INFO Parsing & checking topology file=clab.yml
19:34:52 INFO Removing directory path=/work/netlab_cicd/clab-ml_17
19:34:52 INFO Creating docker network name=nl_mgmt_17 IPv4 subnet=192.168.17.0/24 IPv6 subnet="" MTU=0
19:34:52 INFO Creating lab directory path=/work/netlab_cicd/clab-ml_17
19:34:52 INFO Creating container name=r1
19:34:52 INFO Creating container name=r2
19:34:52 INFO Creating container name=r3
19:34:52 INFO Creating container name=dut
19:34:52 INFO Creating container name=r4
19:34:53 INFO Created link: dut:eth1 ▪┄┄▪ r1:eth1
19:34:53 INFO Created link: dut:eth3 ▪┄┄▪ r3:eth1
19:34:53 INFO Created link: dut:eth2 ▪┄┄▪ r2:eth1
19:34:53 INFO Created link: dut:eth4 ▪┄┄▪ r4:eth1
19:34:53 INFO Adding host entries path=/etc/hosts
19:34:53 INFO Adding SSH config for nodes path=/etc/ssh/ssh_config.d/clab-ml_17.conf
[1m╭[0m[1m────────────────[0m[1m┬[0m[1m──────────────────────────────[0m[1m┬[0m[1m─────────[0m[1m┬[0m[1m────────────────[0m[1m╮[0m
[1m│[0m[1m      Name      [0m[1m│[0m[1m          Kind/Image          [0m[1m│[0m[1m  State  [0m[1m│[0m[1m IPv4/6 Address [0m[1m│[0m
[1m├[0m[1m────────────────[0m[1m┼[0m[1m──────────────────────────────[0m[1m┼[0m[1m─────────[0m[1m┼[0m[1m────────────────[0m[1m┤[0m
│ clab-ml_17-dut │ linux                        │ running │ 192.168.17.101 │
│                │ quay.io/frrouting/frr:10.3.1 │         │ N/A            │
├────────────────┼──────────────────────────────┼─────────┼────────────────┤
│ clab-ml_17-r1  │ linux                        │ running │ 192.168.17.102 │
│                │ quay.io/frrouting/frr:10.3.1 │         │ N/A            │
├────────────────┼──────────────────────────────┼─────────┼────────────────┤
│ clab-ml_17-r2  │ linux                        │ running │ 192.168.17.103 │
│                │ quay.io/frrouting/frr:10.3.1 │         │ N/A            │
├────────────────┼──────────────────────────────┼─────────┼────────────────┤
│ clab-ml_17-r3  │ linux                        │ running │ 192.168.17.104 │
│                │ quay.io/frrouting/frr:10.3.1 │         │ N/A            │
├────────────────┼──────────────────────────────┼─────────┼────────────────┤
│ clab-ml_17-r4  │ linux                        │ running │ 192.168.17.105 │
│                │ quay.io/frrouting/frr:10.3.1 │         │ N/A            │
╰────────────────┴──────────────────────────────┴─────────┴────────────────╯
Using transformed lab topology from snapshot file netlab.snapshot.yml
Checking virtualization provider installation
OK: clab installed and working correctly
Starting clab nodes
provider clab: executing sudo -E containerlab deploy --reconfigure -t clab.yml

Initial configuration skipped, run 'netlab initial' to configure the devices
