time="2024-07-13T05:28:34Z" level=info msg="Containerlab v0.54.2 started"
time="2024-07-13T05:28:34Z" level=info msg="Parsing & checking topology file: clab.yml"
time="2024-07-13T05:28:34Z" level=info msg="Creating docker network: Name=\"nl_mgmt_17\", IPv4Subnet=\"192.168.17.0/24\", IPv6Subnet=\"\", MTU=1500"
time="2024-07-13T05:28:34Z" level=info msg="Creating lab directory: /work/netlab_cicd/clab-ml_17"
time="2024-07-13T05:28:34Z" level=info msg="Creating container: \"r1\""
time="2024-07-13T05:28:34Z" level=info msg="Creating container: \"r3\""
time="2024-07-13T05:28:34Z" level=info msg="Creating container: \"r2\""
time="2024-07-13T05:28:34Z" level=info msg="Creating container: \"r4\""
time="2024-07-13T05:28:34Z" level=info msg="Creating container: \"dut\""
time="2024-07-13T05:28:35Z" level=info msg="Created link: r1:eth1 <--> dut:eth1"
time="2024-07-13T05:28:35Z" level=info msg="Created link: r2:eth1 <--> dut:eth2"
time="2024-07-13T05:28:35Z" level=info msg="Created link: r3:eth1 <--> dut:eth3"
time="2024-07-13T05:28:35Z" level=info msg="Created link: r4:eth1 <--> dut:eth4"
time="2024-07-13T05:28:35Z" level=info msg="Adding containerlab host entries to /etc/hosts file"
time="2024-07-13T05:28:35Z" level=info msg="Adding ssh config for containerlab nodes"
time="2024-07-13T05:28:35Z" level=info msg="🎉 New containerlab version 0.56.0 is available! Release notes: https://containerlab.dev/rn/0.56/\nRun 'containerlab version upgrade' to upgrade or go check other installation options at https://containerlab.dev/install/\n"
+---+----------------+--------------+-----------------------------+-------+---------+-------------------+--------------+
| # |      Name      | Container ID |            Image            | Kind  |  State  |   IPv4 Address    | IPv6 Address |
+---+----------------+--------------+-----------------------------+-------+---------+-------------------+--------------+
| 1 | clab-ml_17-dut | 2ceefaf1a037 | quay.io/frrouting/frr:9.1.0 | linux | running | 192.168.17.105/24 | N/A          |
| 2 | clab-ml_17-r1  | 8e13e94de852 | quay.io/frrouting/frr:9.1.0 | linux | running | 192.168.17.101/24 | N/A          |
| 3 | clab-ml_17-r2  | 1df4392d3f66 | quay.io/frrouting/frr:9.1.0 | linux | running | 192.168.17.102/24 | N/A          |
| 4 | clab-ml_17-r3  | effa3e6304ba | quay.io/frrouting/frr:9.1.0 | linux | running | 192.168.17.103/24 | N/A          |
| 5 | clab-ml_17-r4  | b632de51b13f | quay.io/frrouting/frr:9.1.0 | linux | running | 192.168.17.104/24 | N/A          |
+---+----------------+--------------+-----------------------------+-------+---------+-------------------+--------------+
Using transformed lab topology from snapshot file netlab.snapshot.yml
Checking virtualization provider installation
OK: clab installed and working correctly
Starting clab nodes
provider clab: executing sudo -E containerlab deploy -t clab.yml

Initial configuration skipped, run 'netlab initial' to configure the devices
