Creating Device configuration snippets
[CREATED] dut: initial,ospf,bgp,routing,bgp.policy
[CREATED] x1: initial,ospf,bgp
[CREATED] x2: initial,bgp
Checking Are lab devices ready to be configured?
 [INFO] Checking SSH server(s) on dut
[SSH]     SSH server on node dut (device iol) is ready after 25.3 seconds
Config Deploying device configurations
 [INFO] Executing initial configuration for node x1
 [INFO] Executing initial configuration for node x2
 [INFO] Executing ospf configuration for node x1
 [INFO] Executing bgp configuration for node x2
 [INFO] Executing bgp configuration for node x1

Results of configuration script deployments
================================================================================
dut              Startup: initial,ospf,bgp,routing,bgp.policy
x1               Script:  initial,ospf,bgp
x2               Script:  initial,bgp


Use this topology to test the 'auto bgp bandwidth' functionality. The DUT has to copy
interface bandwidth into BGP bandwidth community and propagate that on IBGP updates.

