Creating Device configuration snippets
[CREATED] h1: initial,routing
[CREATED] h2: initial,routing
[CREATED] h3: initial,routing
[CREATED] h4: initial,routing
[CREATED] dut: initial,vlan,ospf,gateway,bgp,vxlan,evpn
[CREATED] s2: initial,vlan,ospf,gateway,bgp,vxlan,evpn
Checking Are lab devices ready to be configured?
 [INFO] Checking SSH server(s) on dut
[SSH]     SSH server on node dut (device vjunos-switch) is ready after 85.1 seconds
 [INFO] Checking lab devices with an Ansible playbook
[WARNING]: Found variable using reserved name: hosts

PLAY [Wait for SSH servers] ****************************************************

PLAY [Wait for device-specific conditions] *************************************

TASK [Set variables that cannot be set with VARS] ******************************
ok: [dut]

TASK [Find device readiness script] ********************************************
ok: [dut]

TASK [Wait for device to become ready] *****************************************
included: /home/pipi/netlab_gh/netsim/ansible/tasks/readiness-check/junos.yml for dut

TASK [set_fact] ****************************************************************
ok: [dut]

TASK [Wait for first interface (ge-0/0/0)] *************************************
ok: [dut]

PLAY RECAP *********************************************************************
dut                        : ok=5    changed=0    unreachable=0    failed=0    skipped=0    rescued=0    ignored=0   

Config Deploying device configurations
 [INFO] Executing initial configuration for node h1 (namespace clab-
          ml-17-h1)
 [INFO] Executing initial configuration for node h2 (namespace clab-
          ml-17-h2)
 [INFO] Executing initial configuration for node h3 (namespace clab-
          ml-17-h3)
 [INFO] Executing initial configuration for node h4 (namespace clab-
          ml-17-h4)
 [INFO] Executing initial configuration for node s2
 [INFO] Executing routing configuration for node h1 (namespace clab-
          ml-17-h1)
 [INFO] Executing routing configuration for node h2 (namespace clab-
          ml-17-h2)
 [INFO] Executing routing configuration for node h3 (namespace clab-
          ml-17-h3)
 [INFO] Executing routing configuration for node h4 (namespace clab-
          ml-17-h4)
 [INFO] Executing vlan configuration for node s2
 [INFO] Executing ospf configuration for node s2
 [INFO] Executing gateway configuration for node s2
 [INFO] Executing bgp configuration for node s2
 [INFO] Executing vxlan configuration for node s2
 [INFO] Executing evpn configuration for node s2
 [INFO] Starting Ansible playbook to deploy the rest of the
          configurations
[WARNING]: Found variable using reserved name: hosts

PLAY [Deploy initial device configuration] *************************************

TASK [Set variables that cannot be set with VARS] ******************************
ok: [dut]

TASK [Normalize config on bridge-like devices] *********************************
included: /home/pipi/netlab_gh/netsim/ansible/tasks/deploy-module.yml for dut

TASK [Figure out whether to deploy the module normalize on current device] *****
ok: [dut]

TASK [Find configuration template for normalize] *******************************
ok: [dut]

TASK [fail] ********************************************************************
skipping: [dut]

TASK [Find configuration deployment deploy_script for normalize] ***************
ok: [dut]

TASK [Print deployed configuration when running in verbose mode] ***************
skipping: [dut]

TASK [Deploy normalize configuration] ******************************************
skipping: [dut]

TASK [Deploy initial configuration] ********************************************
included: /home/pipi/netlab_gh/netsim/ansible/tasks/deploy-module.yml for dut

TASK [Figure out whether to deploy the module initial on current device] *******
ok: [dut]

TASK [Find configuration template for initial] *********************************
ok: [dut]

TASK [fail] ********************************************************************
skipping: [dut]

TASK [Find configuration deployment deploy_script for initial] *****************
ok: [dut]

TASK [Print deployed configuration when running in verbose mode] ***************
ok: [dut] => {
    "msg": "initial configuration for dut\n=========================================\nsystem {\n  host-name dut;\n  static-host-mapping {\n    h1 inet 172.16.0.1;\n    h2 inet 172.16.0.2;\n    h3 inet 172.16.1.3;\n    h4 inet 172.16.1.4;\n    s2 inet 10.0.0.6;\n  }\n}\n\n\ninterfaces {\n\n\n\n\n\n\n\n\n\n\n\n\n\n\n\n\n\n\n\n\n\n\n}\ninterfaces {\n  ge-0/0/0 {\n    mtu 1614;\n  }\n  ge-0/0/1 {\n    mtu 1514;\n  }\n  ge-0/0/2 {\n    mtu 1514;\n  }\n\n  lo0.0 {\n    \n      family inet {\n        address 10.0.0.5/32;\n      }\n    \n  }\n  ge-0/0/0.0 {\n    description \"dut -> s2\";\n    \n      family inet {\n        address 10.1.0.1/30;\n      }\n    \n  }\n  ge-0/0/1.0 {\n    description \"[Access VLAN red] dut -> h1\";\n    \n    \n  }\n  ge-0/0/2.0 {\n    description \"[Access VLAN blue] dut -> h3\";\n    \n    \n  }\n  irb.1000 {\n    description \"VLAN red (1000) -> [h1,h2,s2] [external]\";\n    \n      family inet {\n        address 172.16.0.5/24;\n        mtu 1500;\n      }\n    \n  }\n  irb.1001 {\n    description \"VLAN blue (1001) -> [h3,h4,s2] [external]\";\n    \n      family inet {\n        address 172.16.1.5/24;\n        mtu 1500;\n      }\n    \n  }\n}\nprotocols {\n  lldp {\n    interface fxp0 {\n      disable;\n    }\n    interface all;\n  }\n}\n"
}

TASK [Deploy initial configuration] ********************************************
included: /home/pipi/netlab_gh/netsim/ansible/tasks/deploy-config/junos.yml for dut

TASK [junos_config: deploying initial from /work/netlab_cicd/node_files/dut/initial] ***
[WARNING]: mgd: statement has no contents; ignored
changed: [dut]

PLAY [Deploy module-specific configurations] ***********************************

TASK [Set variables that cannot be set with VARS] ******************************
ok: [dut]

TASK [Deploy individual configuration modules] *********************************
included: /home/pipi/netlab_gh/netsim/ansible/tasks/deploy-module.yml for dut => (item=vlan)
included: /home/pipi/netlab_gh/netsim/ansible/tasks/deploy-module.yml for dut => (item=gateway)
included: /home/pipi/netlab_gh/netsim/ansible/tasks/deploy-module.yml for dut => (item=routing)
included: /home/pipi/netlab_gh/netsim/ansible/tasks/deploy-module.yml for dut => (item=ospf)
included: /home/pipi/netlab_gh/netsim/ansible/tasks/deploy-module.yml for dut => (item=bgp)
included: /home/pipi/netlab_gh/netsim/ansible/tasks/deploy-module.yml for dut => (item=vxlan)
included: /home/pipi/netlab_gh/netsim/ansible/tasks/deploy-module.yml for dut => (item=evpn)

TASK [Figure out whether to deploy the module vlan on current device] **********
ok: [dut]

TASK [Find configuration template for vlan] ************************************
ok: [dut]

TASK [fail] ********************************************************************
skipping: [dut]

TASK [Find configuration deployment deploy_script for vlan] ********************
ok: [dut]

TASK [Print deployed configuration when running in verbose mode] ***************
ok: [dut] => {
    "msg": "vlan configuration for dut\n=========================================\n\nvlans {\n  red {\n    vlan-id 1000;\n\n    l3-interface irb.1000;\n\n  }\n  blue {\n    vlan-id 1001;\n\n    l3-interface irb.1001;\n\n  }\n}\n\ninterfaces {\n\n\n  ge-0/0/1.0 {\n    family ethernet-switching {\n\n      vlan {\n        members red;\n      }\n\n    }\n  }\n\n\n\n  ge-0/0/2.0 {\n    family ethernet-switching {\n\n      vlan {\n        members blue;\n      }\n\n    }\n  }\n\n\n}\n"
}

TASK [Deploy vlan configuration] ***********************************************
included: /home/pipi/netlab_gh/netsim/ansible/tasks/deploy-config/junos.yml for dut

TASK [junos_config: deploying vlan from /work/netlab_cicd/node_files/dut/vlan] ***
changed: [dut]

TASK [Figure out whether to deploy the module gateway on current device] *******
ok: [dut]

TASK [Find configuration template for gateway] *********************************
ok: [dut]

TASK [fail] ********************************************************************
skipping: [dut]

TASK [Find configuration deployment deploy_script for gateway] *****************
ok: [dut]

TASK [Print deployed configuration when running in verbose mode] ***************
ok: [dut] => {
    "msg": "gateway configuration for dut\n=========================================\nprotocols {\n  vrrp {\n    version-3;\n  }\n}\n\n\ninterfaces {\n  irb.1000 {\n    virtual-gateway-accept-data;\n    virtual-gateway-v4-mac 02:00:ca:fe:00:ff;\n    family inet {\n      address 172.16.0.5/24 {\n        virtual-gateway-address 172.16.0.254;\n      }\n    }\n  }\n  irb.1001 {\n    virtual-gateway-accept-data;\n    virtual-gateway-v4-mac 02:00:ca:fe:00:ff;\n    family inet {\n      address 172.16.1.5/24 {\n        virtual-gateway-address 172.16.1.254;\n      }\n    }\n  }\n}\n"
}

TASK [Deploy gateway configuration] ********************************************
included: /home/pipi/netlab_gh/netsim/ansible/tasks/deploy-config/junos.yml for dut

TASK [junos_config: deploying gateway from /work/netlab_cicd/node_files/dut/gateway] ***
changed: [dut]

TASK [Figure out whether to deploy the module routing on current device] *******
ok: [dut]

TASK [Find configuration template for routing] *********************************
skipping: [dut]

TASK [fail] ********************************************************************
skipping: [dut]

TASK [Find configuration deployment deploy_script for routing] *****************
skipping: [dut]

TASK [Print deployed configuration when running in verbose mode] ***************
skipping: [dut]

TASK [Deploy routing configuration] ********************************************
skipping: [dut]

TASK [Figure out whether to deploy the module ospf on current device] **********
ok: [dut]

TASK [Find configuration template for ospf] ************************************
ok: [dut]

TASK [fail] ********************************************************************
skipping: [dut]

TASK [Find configuration deployment deploy_script for ospf] ********************
ok: [dut]

TASK [Print deployed configuration when running in verbose mode] ***************
ok: [dut] => {
    "msg": "ospf configuration for dut\n=========================================\nrouting-options {\n  router-id 10.0.0.5\n}\nprotocols {\n  delete: ospf;\n}\n\nprotocols {\n  ospf {\n    area 0.0.0.0 {\n      interface lo0.0 {\n      }\n    }\n    area 0.0.0.0 {\n      interface ge-0/0/0.0 {\n        interface-type p2p;\n      }\n    }\n  }\n}\n\n"
}

TASK [Deploy ospf configuration] ***********************************************
included: /home/pipi/netlab_gh/netsim/ansible/tasks/deploy-config/junos.yml for dut

TASK [junos_config: deploying ospf from /work/netlab_cicd/node_files/dut/ospf] ***
[WARNING]:  statement not found
changed: [dut]

TASK [Figure out whether to deploy the module bgp on current device] ***********
ok: [dut]

TASK [Find configuration template for bgp] *************************************
ok: [dut]

TASK [fail] ********************************************************************
skipping: [dut]

TASK [Find configuration deployment deploy_script for bgp] *********************
ok: [dut]

TASK [Print deployed configuration when running in verbose mode] ***************
ok: [dut] => {
    "msg": "bgp configuration for dut\n=========================================\n\nrouting-options {\n  autonomous-system 65000;\n  router-id 10.0.0.5\n}\n\n\npolicy-options community x-route-permit-mark members large:65535:0:65536;\n\npolicy-options {\n  delete: policy-statement bgp-advertise;\n  delete: policy-statement bgp-redistribute;\n  delete: policy-statement next-hop-ebgp-ipv4;\n  delete: policy-statement next-hop-all-ipv4;\n  delete: policy-statement next-hop-ebgp-ipv6;\n  delete: policy-statement next-hop-all-ipv6;\n  delete: route-filter-list bgp-announce;\n}\n\npolicy-options {\n\n  route-filter-list bgp-announce {\n  }\n\n  policy-statement next-hop-ebgp-ipv4 {\n    term next-hop-self-ipv4 {\n      from {\n        family inet;\n        route-type external;\n      }\n      then {\n        next-hop self;\n      }\n    }\n  }\n\n  policy-statement next-hop-all-ipv4 {\n    term next-hop-self-ipv4 {\n      from {\n        family inet;\n      }\n      then {\n        next-hop self;\n      }\n    }\n  }\n\n  policy-statement next-hop-ebgp-ipv6 {\n    term next-hop-self-ipv6 {\n      from {\n        family inet6;\n        route-type external;\n      }\n      then {\n        next-hop self;\n      }\n    }\n  }\n\n  policy-statement next-hop-all-ipv6 {\n    term next-hop-self-ipv6 {\n      from {\n        family inet6;\n      }\n      then {\n        next-hop self;\n      }\n    }\n  }\n\n\n  policy-statement bgp-advertise {\n    term advertise {\n      from {\n        protocol direct;\n        interface [ \n lo0.0  ];\n      }\n      then {\n        community add x-route-permit-mark;\n        next policy;\n      }\n    }\n\n    term originate {\n      from {\n        protocol static;\n        route-filter-list bgp-announce;\n      }\n      then {\n        community add x-route-permit-mark;\n        next policy;\n      }\n    }\n\n  }\n\n  policy-statement bgp-redistribute {\n    term redis_bgp {\n      from protocol bgp;\n      then {\n        community add x-route-permit-mark;\n        next policy;\n      }\n    }\n  }\n\n  policy-statement bgp-final {\n    term final-option {\n      from community x-route-permit-mark;\n      then {\n        community delete x-route-permit-mark;\n        accept;\n      }\n    }\n    term default-reject {\n      then reject;\n    }\n  }\n\n  policy-statement bgp-initial {\n    term initial-cleanup {\n      from community x-route-permit-mark;\n      then {\n        community delete x-route-permit-mark;\n        next policy;\n      }\n    }\n  }\n\n}\nprotocols {\n  delete: bgp;\n}\nprotocols {\n  bgp {\n    group ibgp-peers-ipv4 {\n      type internal;\n      export [ \n          next-hop-ebgp-ipv4 bgp-advertise bgp-redistribute bgp-final\n        ];\n      advertise-inactive;\n      neighbor 10.0.0.6 {\n\n        local-address 10.0.0.5;\n        description s2;\n        family inet {\n          unicast;\n        }\n      }\n    }\n    group ebgp-peers {\n      export [ \n          bgp-advertise bgp-redistribute bgp-final\n        ];\n      advertise-inactive;\n    }\n  }\n}\n"
}

TASK [Deploy bgp configuration] ************************************************
included: /home/pipi/netlab_gh/netsim/ansible/tasks/deploy-config/junos.yml for dut

TASK [junos_config: deploying bgp from /work/netlab_cicd/node_files/dut/bgp] ***
changed: [dut]

TASK [Figure out whether to deploy the module vxlan on current device] *********
ok: [dut]

TASK [Find configuration template for vxlan] ***********************************
ok: [dut]

TASK [fail] ********************************************************************
skipping: [dut]

TASK [Find configuration deployment deploy_script for vxlan] *******************
ok: [dut]

TASK [Print deployed configuration when running in verbose mode] ***************
ok: [dut] => {
    "msg": "vxlan configuration for dut\n=========================================\n\npolicy-options {\n    policy-statement ecmp {\n        then {\n            load-balance per-flow;\n        }\n    }\n}\nrouting-options {\n    forwarding-table {\n        export ecmp;\n    }\n}\n\nswitch-options {\n    vtep-source-interface lo0.0;\n}\n\nvlans {\n    red {\n        vxlan {\n            vni 6000;\n        }\n    }\n    blue {\n        vxlan {\n            vni 6001;\n        }\n    }\n}\n\n\n\n\nswitch-options {\n    route-distinguisher 10.0.0.5:65535;\n    vrf-target target:65000:65535;\n}\n\nprotocols evpn encapsulation vxlan;\n\n"
}

TASK [Deploy vxlan configuration] **********************************************
included: /home/pipi/netlab_gh/netsim/ansible/tasks/deploy-config/junos.yml for dut

TASK [junos_config: deploying vxlan from /work/netlab_cicd/node_files/dut/vxlan] ***
changed: [dut]

TASK [Figure out whether to deploy the module evpn on current device] **********
ok: [dut]

TASK [Find configuration template for evpn] ************************************
ok: [dut]

TASK [fail] ********************************************************************
skipping: [dut]

TASK [Find configuration deployment deploy_script for evpn] ********************
ok: [dut]

TASK [Print deployed configuration when running in verbose mode] ***************
ok: [dut] => {
    "msg": "evpn configuration for dut\n=========================================\n\n\n\nprotocols {\n  bgp {\n    group ibgp-peers-ipv4 {\n      neighbor 10.0.0.6 {\n        delete: shutdown;\n        family evpn {\n          signaling;\n        }\n      }\n    }\n    group ebgp-peers {\n    }\n  }\n}\n\npolicy-options {\n}\n\n\nrouting-instances {\n  vlan_red {\n    instance-type mac-vrf;\n    service-type vlan-based;\n    vtep-source-interface lo0.0;\n    route-distinguisher 10.0.0.5:1000;\n    vrf-target import target:65000:1000;\n    vrf-target export target:65000:1000;\n    protocols {\n      evpn {\n        encapsulation vxlan;\n        default-gateway no-gateway-community;\n        extended-vni-list all;\n      }\n    }\n  }\n  vlan_blue {\n    instance-type mac-vrf;\n    service-type vlan-based;\n    vtep-source-interface lo0.0;\n    route-distinguisher 10.0.0.5:1001;\n    vrf-target import target:65000:1001;\n    vrf-target export target:65000:1001;\n    protocols {\n      evpn {\n        encapsulation vxlan;\n        default-gateway no-gateway-community;\n        extended-vni-list all;\n      }\n    }\n  }\n}\n\n\n\nvlans {\n  delete: red;\n  delete: blue;\n}\n\nrouting-instances {\n  vlan_red {\n    interface ge-0/0/1.0;\n    vlans {\n      red {\n        vlan-id 1000;\n        l3-interface irb.1000;\n        vxlan {\n          vni 6000;\n        }\n      }\n    }\n  }\n  vlan_blue {\n    interface ge-0/0/2.0;\n    vlans {\n      blue {\n        vlan-id 1001;\n        l3-interface irb.1001;\n        vxlan {\n          vni 6001;\n        }\n      }\n    }\n  }\n}\n\n"
}

TASK [Deploy evpn configuration] ***********************************************
included: /home/pipi/netlab_gh/netsim/ansible/tasks/deploy-config/junos.yml for dut

TASK [junos_config: deploying evpn from /work/netlab_cicd/node_files/dut/evpn] ***
changed: [dut]

PLAY [Deploy custom deployment templates] **************************************
skipping: no hosts matched

PLAY RECAP *********************************************************************
dut                        : ok=57   changed=7    unreachable=0    failed=0    skipped=15   rescued=0    ignored=0   

Results of configuration script deployments
================================================================================
h1               Script:  initial,routing
h2               Script:  initial,routing
h3               Script:  initial,routing
h4               Script:  initial,routing
s2               Script:  initial,vlan,ospf,gateway,bgp,vxlan,evpn


The device under test is a VLAN-to-VXLAN layer-3 switch between two access
VLANs and two VXLAN VNIs. Both PE-devices perform inter-VLAN routing,
resulting in asymmetrical IRB.

All hosts should be able to ping each other and all switch loopback IPs

Please note it might take a while for the lab to work due to STP learning
phase.

