09:48:05 INFO Containerlab started version=0.72.0
09:48:05 INFO Parsing & checking topology file=clab.yml
09:48:05 INFO Removing directory path=/work/netlab_cicd/hogs/clab-ml_23
09:48:05 INFO Creating docker network name=nl_mgmt_23 IPv4 subnet=192.168.23.0/24 IPv6 subnet="" MTU=0
09:48:05 INFO Creating lab directory path=/work/netlab_cicd/hogs/clab-ml_23
09:48:05 INFO Creating container name=h2
09:48:05 INFO Creating container name=h1
09:48:05 INFO Creating container name=l2
09:48:05 INFO Creating container name=spine
09:48:05 INFO Creating container name=l1
09:48:06 INFO Created link: spine:eth1 ▪┄┄▪ l1:eth1
09:48:06 INFO Created link: l1:eth2 ▪┄┄▪ h1:eth1
09:48:06 INFO Created link: spine:eth2 ▪┄┄▪ l2:eth1
09:48:06 INFO Created link: l2:eth2 ▪┄┄▪ h2:eth1
09:48:06 INFO Adding host entries path=/etc/hosts
09:48:06 INFO Adding SSH config for nodes path=/etc/ssh/ssh_config.d/clab-ml_23.conf
[1m╭[0m[1m──────────────────[0m[1m┬[0m[1m────────────────────────────────────────────[0m[1m┬[0m[1m────────────────────[0m[1m┬[0m[1m────────────────[0m[1m╮[0m
[1m│[0m[1m       Name       [0m[1m│[0m[1m                 Kind/Image                 [0m[1m│[0m[1m        State       [0m[1m│[0m[1m IPv4/6 Address [0m[1m│[0m
[1m├[0m[1m──────────────────[0m[1m┼[0m[1m────────────────────────────────────────────[0m[1m┼[0m[1m────────────────────[0m[1m┼[0m[1m────────────────[0m[1m┤[0m
│ clab-ml_23-h1    │ linux                                      │ running            │ 192.168.23.104 │
│                  │ python:3.13-alpine                         │                    │ N/A            │
├──────────────────┼────────────────────────────────────────────┼────────────────────┼────────────────┤
│ clab-ml_23-h2    │ linux                                      │ running            │ 192.168.23.105 │
│                  │ python:3.13-alpine                         │                    │ N/A            │
├──────────────────┼────────────────────────────────────────────┼────────────────────┼────────────────┤
│ clab-ml_23-l1    │ juniper_vjunosswitch                       │ running            │ 192.168.23.102 │
│                  │ vrnetlab/juniper_vjunos-switch:23.4R2-S2.1 │ (health: starting) │ N/A            │
├──────────────────┼────────────────────────────────────────────┼────────────────────┼────────────────┤
│ clab-ml_23-l2    │ linux                                      │ running            │ 192.168.23.103 │
│                  │ quay.io/frrouting/frr:10.5.0               │                    │ N/A            │
├──────────────────┼────────────────────────────────────────────┼────────────────────┼────────────────┤
│ clab-ml_23-spine │ juniper_vjunosswitch                       │ running            │ 192.168.23.101 │
│                  │ vrnetlab/juniper_vjunos-switch:23.4R2-S2.1 │ (health: starting) │ N/A            │
╰──────────────────┴────────────────────────────────────────────┴────────────────────┴────────────────╯
Using transformed lab topology from snapshot file netlab.snapshot.pickle
Checking virtualization provider installation
OK: clab installed and working correctly
Starting clab nodes
provider clab: executing sudo -E containerlab deploy --reconfigure -t clab.yml

Initial configuration skipped, run 'netlab initial' to configure the devices
