Creating Device configuration snippets
[CREATED] spine: initial,bgp,evpn,ebgp.multihop
[CREATED] l1: initial,vlan,bgp,vxlan,evpn,ebgp.multihop
[CREATED] l2: initial,vlan,bgp,vxlan,evpn,ebgp.multihop
[CREATED] h1: initial,routing
[CREATED] h2: initial,routing
Checking Are lab devices ready to be configured?
 [INFO] Checking SSH server(s) on spine,l1
[SSH]     SSH server on node spine (device vjunos-switch) is ready after 90.9 seconds
[SSH]     SSH server on node l1 (device vjunos-switch) is ready after 91.9 seconds
 [INFO] Checking lab devices with an Ansible playbook
[WARNING]: Found variable using reserved name: hosts

PLAY [Wait for SSH servers] ****************************************************

PLAY [Wait for device-specific conditions] *************************************

TASK [Set variables that cannot be set with VARS] ******************************
ok: [spine]
ok: [l1]

TASK [Find device readiness script] ********************************************
ok: [spine]
ok: [l1]

TASK [Wait for device to become ready] *****************************************
included: /home/pipi/netlab_gh/netsim/ansible/tasks/readiness-check/junos.yml for spine, l1

TASK [set_fact] ****************************************************************
ok: [spine]
ok: [l1]

TASK [Wait for first interface (ge-0/0/0)] *************************************
ok: [spine]
ok: [l1]

PLAY RECAP *********************************************************************
l1                         : ok=5    changed=0    unreachable=0    failed=0    skipped=0    rescued=0    ignored=0   
spine                      : ok=5    changed=0    unreachable=0    failed=0    skipped=0    rescued=0    ignored=0   

Config Deploying device configurations
 [INFO] Executing initial configuration for node l2
 [INFO] Executing initial configuration for node h1 (namespace clab-
          ml-17-h1)
 [INFO] Executing initial configuration for node h2 (namespace clab-
          ml-17-h2)
 [INFO] Executing routing configuration for node h2 (namespace clab-
          ml-17-h2)
 [INFO] Executing routing configuration for node h1 (namespace clab-
          ml-17-h1)
 [INFO] Executing vlan configuration for node l2
 [INFO] Executing bgp configuration for node l2
 [INFO] Executing vxlan configuration for node l2
 [INFO] Executing evpn configuration for node l2
 [INFO] Executing ebgp.multihop configuration for node l2
 [INFO] Starting Ansible playbook to deploy the rest of the
          configurations
[WARNING]: Found variable using reserved name: hosts

PLAY [Deploy initial device configuration] *************************************

TASK [Set variables that cannot be set with VARS] ******************************
ok: [l1]
ok: [spine]

TASK [Normalize config on bridge-like devices] *********************************
included: /home/pipi/netlab_gh/netsim/ansible/tasks/deploy-module.yml for spine, l1

TASK [Figure out whether to deploy the module normalize on current device] *****
ok: [spine]
ok: [l1]

TASK [Find configuration template for normalize] *******************************
ok: [spine]
ok: [l1]

TASK [fail] ********************************************************************
skipping: [spine]
skipping: [l1]

TASK [Find configuration deployment deploy_script for normalize] ***************
ok: [spine]
ok: [l1]

TASK [Print deployed configuration when running in verbose mode] ***************
skipping: [spine]
skipping: [l1]

TASK [Deploy normalize configuration] ******************************************
skipping: [spine]
skipping: [l1]

TASK [Deploy initial configuration] ********************************************
included: /home/pipi/netlab_gh/netsim/ansible/tasks/deploy-module.yml for spine, l1

TASK [Figure out whether to deploy the module initial on current device] *******
ok: [l1]
ok: [spine]

TASK [Find configuration template for initial] *********************************
ok: [spine]
ok: [l1]

TASK [fail] ********************************************************************
skipping: [spine]
skipping: [l1]

TASK [Find configuration deployment deploy_script for initial] *****************
ok: [spine]
ok: [l1]

TASK [Print deployed configuration when running in verbose mode] ***************
ok: [spine] => {
    "msg": "initial configuration for spine\n=========================================\nsystem {\n  host-name spine;\n  static-host-mapping {\n    l1 inet 10.0.0.2;\n    l2 inet 10.0.0.3;\n    h1 inet 172.31.1.4;\n    h2 inet 172.31.1.5;\n  }\n}\n\n\ninterfaces {\n  ge-0/0/0 {\n    mtu 1614;\n  }\n  ge-0/0/1 {\n    mtu 1614;\n  }\n\n  lo0.0 {\n    \n      family inet {\n        address 10.0.0.1/32;\n      }\n    \n  }\n  ge-0/0/0.0 {\n    description \"spine -> l1 [external]\";\n    \n      family inet {\n        address 10.1.0.2/30;\n      }\n    \n  }\n  ge-0/0/1.0 {\n    description \"spine -> l2 [external]\";\n    \n      family inet {\n        address 10.1.0.6/30;\n      }\n    \n  }\n}\nprotocols {\n  lldp {\n    interface fxp0 {\n      disable;\n    }\n    interface all;\n  }\n}\n"
}
ok: [l1] => {
    "msg": "initial configuration for l1\n=========================================\nsystem {\n  host-name l1;\n  static-host-mapping {\n    spine inet 10.0.0.1;\n    l2 inet 10.0.0.3;\n    h1 inet 172.31.1.4;\n    h2 inet 172.31.1.5;\n  }\n}\n\n\ninterfaces {\n\n\n\n\n\n\n\n\n\n\n\n\n\n\n}\ninterfaces {\n  ge-0/0/0 {\n    mtu 1614;\n  }\n  ge-0/0/1 {\n    mtu 1514;\n  }\n\n  lo0.0 {\n    \n      family inet {\n        address 10.0.0.2/32;\n      }\n    \n  }\n  ge-0/0/0.0 {\n    description \"l1 -> spine [external]\";\n    \n      family inet {\n        address 10.1.0.1/30;\n      }\n    \n  }\n  ge-0/0/1.0 {\n    description \"[Access VLAN red] l1 -> h1\";\n    \n    \n  }\n  irb.1000 {\n    description \"VLAN red (1000) -> [h1,h2,l2] [external]\";\n    \n    \n  }\n}\nprotocols {\n  lldp {\n    interface fxp0 {\n      disable;\n    }\n    interface all;\n  }\n}\n"
}

TASK [Deploy initial configuration] ********************************************
included: /home/pipi/netlab_gh/netsim/ansible/tasks/deploy-config/junos.yml for spine, l1

TASK [junos_config: deploying initial from /work/netlab_cicd/node_files/spine/initial] ***
[WARNING]: mgd: statement has no contents; ignored
changed: [spine]
changed: [l1]

PLAY [Deploy module-specific configurations] ***********************************

TASK [Set variables that cannot be set with VARS] ******************************
ok: [spine]
ok: [l1]

TASK [Deploy individual configuration modules] *********************************
included: /home/pipi/netlab_gh/netsim/ansible/tasks/deploy-module.yml for spine, l1 => (item=vlan)
included: /home/pipi/netlab_gh/netsim/ansible/tasks/deploy-module.yml for spine, l1 => (item=routing)
included: /home/pipi/netlab_gh/netsim/ansible/tasks/deploy-module.yml for spine, l1 => (item=bgp)
included: /home/pipi/netlab_gh/netsim/ansible/tasks/deploy-module.yml for spine, l1 => (item=vxlan)
included: /home/pipi/netlab_gh/netsim/ansible/tasks/deploy-module.yml for spine, l1 => (item=evpn)

TASK [Figure out whether to deploy the module vlan on current device] **********
ok: [spine]
ok: [l1]

TASK [Find configuration template for vlan] ************************************
skipping: [spine]
ok: [l1]

TASK [fail] ********************************************************************
skipping: [spine]
skipping: [l1]

TASK [Find configuration deployment deploy_script for vlan] ********************
skipping: [spine]
ok: [l1]

TASK [Print deployed configuration when running in verbose mode] ***************
skipping: [spine]
ok: [l1] => {
    "msg": "vlan configuration for l1\n=========================================\n\nvlans {\n  red {\n    vlan-id 1000;\n\n\n  }\n}\n\ninterfaces {\n\n\n  ge-0/0/1.0 {\n    family ethernet-switching {\n\n      vlan {\n        members red;\n      }\n\n    }\n  }\n\n\n}\n"
}

TASK [Deploy vlan configuration] ***********************************************
skipping: [spine]
included: /home/pipi/netlab_gh/netsim/ansible/tasks/deploy-config/junos.yml for l1

TASK [junos_config: deploying vlan from /work/netlab_cicd/node_files/l1/vlan] ***
changed: [l1]

TASK [Figure out whether to deploy the module routing on current device] *******
ok: [spine]
ok: [l1]

TASK [Find configuration template for routing] *********************************
skipping: [spine]
skipping: [l1]

TASK [fail] ********************************************************************
skipping: [spine]
skipping: [l1]

TASK [Find configuration deployment deploy_script for routing] *****************
skipping: [spine]
skipping: [l1]

TASK [Print deployed configuration when running in verbose mode] ***************
skipping: [spine]
skipping: [l1]

TASK [Deploy routing configuration] ********************************************
skipping: [spine]
skipping: [l1]

TASK [Figure out whether to deploy the module bgp on current device] ***********
ok: [spine]
ok: [l1]

TASK [Find configuration template for bgp] *************************************
ok: [spine]
ok: [l1]

TASK [fail] ********************************************************************
skipping: [spine]
skipping: [l1]

TASK [Find configuration deployment deploy_script for bgp] *********************
ok: [spine]
ok: [l1]

TASK [Print deployed configuration when running in verbose mode] ***************
ok: [l1] => {
    "msg": "bgp configuration for l1\n=========================================\n\nrouting-options {\n  autonomous-system 65200;\n  router-id 10.0.0.2\n}\n\n\npolicy-options community x-route-permit-mark members large:65535:0:65536;\n\npolicy-options {\n  delete: policy-statement bgp-advertise;\n  delete: policy-statement bgp-redistribute;\n  delete: policy-statement next-hop-ebgp-ipv4;\n  delete: policy-statement next-hop-all-ipv4;\n  delete: policy-statement next-hop-ebgp-ipv6;\n  delete: policy-statement next-hop-all-ipv6;\n  delete: route-filter-list bgp-announce;\n}\n\npolicy-options {\n\n  route-filter-list bgp-announce {\n  }\n\n  policy-statement next-hop-ebgp-ipv4 {\n    term next-hop-self-ipv4 {\n      from {\n        family inet;\n        route-type external;\n      }\n      then {\n        next-hop self;\n      }\n    }\n  }\n\n  policy-statement next-hop-all-ipv4 {\n    term next-hop-self-ipv4 {\n      from {\n        family inet;\n      }\n      then {\n        next-hop self;\n      }\n    }\n  }\n\n  policy-statement next-hop-ebgp-ipv6 {\n    term next-hop-self-ipv6 {\n      from {\n        family inet6;\n        route-type external;\n      }\n      then {\n        next-hop self;\n      }\n    }\n  }\n\n  policy-statement next-hop-all-ipv6 {\n    term next-hop-self-ipv6 {\n      from {\n        family inet6;\n      }\n      then {\n        next-hop self;\n      }\n    }\n  }\n\n\n  policy-statement bgp-advertise {\n    term advertise {\n      from {\n        protocol direct;\n        interface [ \n lo0.0  ];\n      }\n      then {\n        community add x-route-permit-mark;\n        next policy;\n      }\n    }\n\n    term originate {\n      from {\n        protocol static;\n        route-filter-list bgp-announce;\n      }\n      then {\n        community add x-route-permit-mark;\n        next policy;\n      }\n    }\n\n  }\n\n  policy-statement bgp-redistribute {\n    term redis_bgp {\n      from protocol bgp;\n      then {\n        community add x-route-permit-mark;\n        next policy;\n      }\n    }\n  }\n\n  policy-statement bgp-final {\n    term final-option {\n      from community x-route-permit-mark;\n      then {\n        community delete x-route-permit-mark;\n        accept;\n      }\n    }\n    term default-reject {\n      then reject;\n    }\n  }\n\n  policy-statement bgp-initial {\n    term initial-cleanup {\n      from community x-route-permit-mark;\n      then {\n        community delete x-route-permit-mark;\n        next policy;\n      }\n    }\n  }\n\n}\nprotocols {\n  delete: bgp;\n}\nprotocols {\n  bgp {\n    group ibgp-peers-ipv4 {\n      type internal;\n      export [ \n          next-hop-ebgp-ipv4 bgp-advertise bgp-redistribute bgp-final\n        ];\n      advertise-inactive;\n    }\n    group ebgp-peers {\n      export [ \n          bgp-advertise bgp-redistribute bgp-final\n        ];\n      advertise-inactive;\n      neighbor 10.1.0.2 {\n\n        peer-as 65100;\n        description spine;\n        family inet {\n          unicast;\n        }\n      }\n      neighbor 10.0.0.1 {\n\n        peer-as 65100;\n        description spine;\n        shutdown;\n      }\n    }\n  }\n}\n"
}
ok: [spine] => {
    "msg": "bgp configuration for spine\n=========================================\n\nrouting-options {\n  autonomous-system 65100;\n  router-id 10.0.0.1\n}\n\n\npolicy-options community x-route-permit-mark members large:65535:0:65536;\n\npolicy-options {\n  delete: policy-statement bgp-advertise;\n  delete: policy-statement bgp-redistribute;\n  delete: policy-statement next-hop-ebgp-ipv4;\n  delete: policy-statement next-hop-all-ipv4;\n  delete: policy-statement next-hop-ebgp-ipv6;\n  delete: policy-statement next-hop-all-ipv6;\n  delete: route-filter-list bgp-announce;\n}\n\npolicy-options {\n\n  route-filter-list bgp-announce {\n  }\n\n  policy-statement next-hop-ebgp-ipv4 {\n    term next-hop-self-ipv4 {\n      from {\n        family inet;\n        route-type external;\n      }\n      then {\n        next-hop self;\n      }\n    }\n  }\n\n  policy-statement next-hop-all-ipv4 {\n    term next-hop-self-ipv4 {\n      from {\n        family inet;\n      }\n      then {\n        next-hop self;\n      }\n    }\n  }\n\n  policy-statement next-hop-ebgp-ipv6 {\n    term next-hop-self-ipv6 {\n      from {\n        family inet6;\n        route-type external;\n      }\n      then {\n        next-hop self;\n      }\n    }\n  }\n\n  policy-statement next-hop-all-ipv6 {\n    term next-hop-self-ipv6 {\n      from {\n        family inet6;\n      }\n      then {\n        next-hop self;\n      }\n    }\n  }\n\n\n  policy-statement bgp-advertise {\n    term advertise {\n      from {\n        protocol direct;\n        interface [ \n lo0.0  ];\n      }\n      then {\n        community add x-route-permit-mark;\n        next policy;\n      }\n    }\n\n    term originate {\n      from {\n        protocol static;\n        route-filter-list bgp-announce;\n      }\n      then {\n        community add x-route-permit-mark;\n        next policy;\n      }\n    }\n\n  }\n\n  policy-statement bgp-redistribute {\n    term redis_bgp {\n      from protocol bgp;\n      then {\n        community add x-route-permit-mark;\n        next policy;\n      }\n    }\n  }\n\n  policy-statement bgp-final {\n    term final-option {\n      from community x-route-permit-mark;\n      then {\n        community delete x-route-permit-mark;\n        accept;\n      }\n    }\n    term default-reject {\n      then reject;\n    }\n  }\n\n  policy-statement bgp-initial {\n    term initial-cleanup {\n      from community x-route-permit-mark;\n      then {\n        community delete x-route-permit-mark;\n        next policy;\n      }\n    }\n  }\n\n}\nprotocols {\n  delete: bgp;\n}\nprotocols {\n  bgp {\n    group ibgp-peers-ipv4 {\n      type internal;\n      export [ \n          next-hop-ebgp-ipv4 bgp-advertise bgp-redistribute bgp-final\n        ];\n      advertise-inactive;\n    }\n    group ebgp-peers {\n      export [ \n          bgp-advertise bgp-redistribute bgp-final\n        ];\n      advertise-inactive;\n      neighbor 10.1.0.1 {\n\n        peer-as 65200;\n        description l1;\n        family inet {\n          unicast;\n        }\n      }\n      neighbor 10.1.0.5 {\n\n        peer-as 65201;\n        description l2;\n        family inet {\n          unicast;\n        }\n      }\n      neighbor 10.0.0.2 {\n\n        peer-as 65200;\n        description l1;\n        shutdown;\n      }\n      neighbor 10.0.0.3 {\n\n        peer-as 65201;\n        description l2;\n        shutdown;\n      }\n    }\n  }\n}\n"
}

TASK [Deploy bgp configuration] ************************************************
included: /home/pipi/netlab_gh/netsim/ansible/tasks/deploy-config/junos.yml for spine, l1

TASK [junos_config: deploying bgp from /work/netlab_cicd/node_files/spine/bgp] ***
[WARNING]:  statement not found
changed: [l1]
changed: [spine]

TASK [Figure out whether to deploy the module vxlan on current device] *********
ok: [spine]
ok: [l1]

TASK [Find configuration template for vxlan] ***********************************
skipping: [spine]
ok: [l1]

TASK [fail] ********************************************************************
skipping: [spine]
skipping: [l1]

TASK [Find configuration deployment deploy_script for vxlan] *******************
skipping: [spine]
ok: [l1]

TASK [Print deployed configuration when running in verbose mode] ***************
skipping: [spine]
ok: [l1] => {
    "msg": "vxlan configuration for l1\n=========================================\n\npolicy-options {\n    policy-statement ecmp {\n        then {\n            load-balance per-flow;\n        }\n    }\n}\nrouting-options {\n    forwarding-table {\n        export ecmp;\n    }\n}\n\nswitch-options {\n    vtep-source-interface lo0.0;\n}\n\nvlans {\n    red {\n        vxlan {\n            vni 6000;\n        }\n    }\n}\n\n\n\n\nswitch-options {\n    route-distinguisher 10.0.0.2:65535;\n    vrf-target target:65200:65535;\n}\n\nprotocols evpn encapsulation vxlan;\n\n"
}

TASK [Deploy vxlan configuration] **********************************************
skipping: [spine]
included: /home/pipi/netlab_gh/netsim/ansible/tasks/deploy-config/junos.yml for l1

TASK [junos_config: deploying vxlan from /work/netlab_cicd/node_files/l1/vxlan] ***
changed: [l1]

TASK [Figure out whether to deploy the module evpn on current device] **********
ok: [spine]
ok: [l1]

TASK [Find configuration template for evpn] ************************************
ok: [spine]
ok: [l1]

TASK [fail] ********************************************************************
skipping: [spine]
skipping: [l1]

TASK [Find configuration deployment deploy_script for evpn] ********************
ok: [spine]
ok: [l1]

TASK [Print deployed configuration when running in verbose mode] ***************
ok: [spine] => {
    "msg": "evpn configuration for spine\n=========================================\n\n\nprotocols {\n  bgp {\n    group ibgp-peers-ipv4 {\n    }\n    group ebgp-peers {\n      neighbor 10.0.0.2 {\n        accept-remote-nexthop;\n        multihop no-nexthop-change;\n        delete: shutdown;\n        family evpn {\n          signaling;\n        }\n      }\n      neighbor 10.0.0.3 {\n        accept-remote-nexthop;\n        multihop no-nexthop-change;\n        delete: shutdown;\n        family evpn {\n          signaling;\n        }\n      }\n    }\n  }\n}\n\n\n\n\n"
}
ok: [l1] => {
    "msg": "evpn configuration for l1\n=========================================\n\n\nprotocols {\n  bgp {\n    group ibgp-peers-ipv4 {\n    }\n    group ebgp-peers {\n      neighbor 10.0.0.1 {\n        accept-remote-nexthop;\n        multihop no-nexthop-change;\n        delete: shutdown;\n        family evpn {\n          signaling;\n        }\n      }\n    }\n  }\n}\n\npolicy-options {\n}\n\nvlans {\n  delete: red;\n}\n\nrouting-instances {\n  vlan_red {\n    instance-type mac-vrf;\n    service-type vlan-based;\n    vtep-source-interface lo0.0;\n    route-distinguisher 10.0.0.2:1000;\n    vrf-target import target:65000:1000;\n    vrf-target export target:65000:1000;\n    interface ge-0/0/1.0;\n    vlans {\n      red {\n        vlan-id 1000;\n        vxlan {\n          vni 6000;\n        }\n      }\n    }\n    protocols {\n      evpn {\n        encapsulation vxlan;\n        default-gateway no-gateway-community;\n        extended-vni-list all;\n      }\n    }\n  }\n}\n\n\n"
}

TASK [Deploy evpn configuration] ***********************************************
included: /home/pipi/netlab_gh/netsim/ansible/tasks/deploy-config/junos.yml for spine, l1

TASK [junos_config: deploying evpn from /work/netlab_cicd/node_files/spine/evpn] ***
changed: [spine]
changed: [l1]

PLAY [Deploy custom deployment templates] **************************************

TASK [Run custom configuration deployment scripts] *****************************
included: /home/pipi/netlab_gh/netsim/ansible/tasks/deploy-custom-config.yml for spine, l1 => (item=ebgp.multihop)

TASK [Find configuration template] *********************************************
ok: [spine]
ok: [l1]

TASK [fail] ********************************************************************
skipping: [spine]
skipping: [l1]

TASK [Check is the configuration template is a file] ***************************
ok: [spine -> localhost]
ok: [l1 -> localhost]

TASK [fail] ********************************************************************
skipping: [spine]
skipping: [l1]

TASK [Process template /work/netlab_cicd/node_files/spine/ebgp.multihop for spine] ***
skipping: [spine]
skipping: [l1]

TASK [Find custom configuration deployment script] *****************************
ok: [spine]
ok: [l1]

TASK [Run the configuration deployment script] *********************************
included: /home/pipi/netlab_gh/netsim/ansible/tasks/deploy-config/junos.yml for spine, l1

TASK [junos_config: deploying ebgp.multihop from /work/netlab_cicd/node_files/spine/ebgp.multihop] ***
changed: [spine]
changed: [l1]

PLAY RECAP *********************************************************************
l1                         : ok=49   changed=6    unreachable=0    failed=0    skipped=16   rescued=0    ignored=0   
spine                      : ok=39   changed=4    unreachable=0    failed=0    skipped=24   rescued=0    ignored=0   

Results of configuration script deployments
================================================================================
l2               Script:  initial,vlan,bgp,vxlan,evpn,ebgp.multihop
h1               Script:  initial,routing
h2               Script:  initial,routing


The devices under test are EVPN switches (leaf and spine) using
EVPN-over-multihop-EBGP. The leaf switch should generate and accept EVPN AF
routes, and the spine switch should propagate them without changing the BGP
next hop.

* h1 and h2 should be able to ping each other

Please note it might take a while for the lab to work due to
STP learning phase

