10:02:36 INFO Containerlab started version=0.72.0
10:02:36 INFO Parsing & checking topology file=clab.yml
10:02:36 INFO Removing directory path=/work/netlab_cicd/hogs/clab-ml_23
10:02:36 INFO Creating docker network name=nl_mgmt_23 IPv4 subnet=192.168.23.0/24 IPv6 subnet="" MTU=0
10:02:37 INFO Creating lab directory path=/work/netlab_cicd/hogs/clab-ml_23
10:02:37 INFO Creating container name=ce2
10:02:37 INFO Creating container name=ce1
10:02:37 INFO Creating container name=s2
10:02:37 INFO Creating container name=s1
10:02:37 INFO Created link: ce2:eth1 ▪┄┄▪ s2:eth2
10:02:37 INFO Created link: s1:eth1 ▪┄┄▪ s2:eth1
10:02:37 INFO Created link: ce1:eth1 ▪┄┄▪ s1:eth2
10:02:37 INFO Adding host entries path=/etc/hosts
10:02:37 INFO Adding SSH config for nodes path=/etc/ssh/ssh_config.d/clab-ml_23.conf
[1m╭[0m[1m────────────────[0m[1m┬[0m[1m────────────────────────────────────────────[0m[1m┬[0m[1m────────────────────[0m[1m┬[0m[1m────────────────[0m[1m╮[0m
[1m│[0m[1m      Name      [0m[1m│[0m[1m                 Kind/Image                 [0m[1m│[0m[1m        State       [0m[1m│[0m[1m IPv4/6 Address [0m[1m│[0m
[1m├[0m[1m────────────────[0m[1m┼[0m[1m────────────────────────────────────────────[0m[1m┼[0m[1m────────────────────[0m[1m┼[0m[1m────────────────[0m[1m┤[0m
│ clab-ml_23-ce1 │ linux                                      │ running            │ 192.168.23.101 │
│                │ quay.io/frrouting/frr:10.5.0               │                    │ N/A            │
├────────────────┼────────────────────────────────────────────┼────────────────────┼────────────────┤
│ clab-ml_23-ce2 │ linux                                      │ running            │ 192.168.23.102 │
│                │ quay.io/frrouting/frr:10.5.0               │                    │ N/A            │
├────────────────┼────────────────────────────────────────────┼────────────────────┼────────────────┤
│ clab-ml_23-s1  │ juniper_vjunosswitch                       │ running            │ 192.168.23.103 │
│                │ vrnetlab/juniper_vjunos-switch:23.4R2-S2.1 │ (health: starting) │ N/A            │
├────────────────┼────────────────────────────────────────────┼────────────────────┼────────────────┤
│ clab-ml_23-s2  │ linux                                      │ running            │ 192.168.23.104 │
│                │ quay.io/frrouting/frr:10.5.0               │                    │ N/A            │
╰────────────────┴────────────────────────────────────────────┴────────────────────┴────────────────╯
Using transformed lab topology from snapshot file netlab.snapshot.pickle
Checking virtualization provider installation
OK: clab installed and working correctly
Starting clab nodes
provider clab: executing sudo -E containerlab deploy --reconfigure -t clab.yml

Initial configuration skipped, run 'netlab initial' to configure the devices
