Checking virtualization provider installation
OK: libvirt installed and working correctly
OK: clab installed and working correctly
Stopping clab nodes
17:41:27 INFO Parsing & checking topology file=clab-augment.yml
17:41:27 INFO Parsing & checking topology file=clab-augment.yml
17:41:27 INFO Destroying lab name=ml-17
17:41:27 INFO Removed container name=clab-ml-17-h2
17:41:27 INFO Removed container name=clab-ml-17-h1
17:41:27 INFO Removing host entries path=/etc/hosts
17:41:27 INFO Removing SSH config path=/etc/ssh/ssh_config.d/clab-ml-17.conf

Stopping libvirt nodes
[fog][WARNING] Unrecognized arguments: libvirt_ip_command
==> r: Removing domain...
==> r: Deleting the machine folder
Cleanup configuration files
... removing Vagrantfile
... removing clab-augment.yml
... removing ansible.cfg
... removing hosts.yml
... removing directory tree group_vars
... removing directory tree host_vars
... removing directory tree node_files
... removing netlab.snapshot.yml
... removing netlab.snapshot.pickle
