 [INFO] Creating configuration snippets
[CREATED] dut: initial,ospf,bgp,evpn
[CREATED] s1: normalize,initial,vlan,ospf,bgp,vxlan,evpn,_n_s1
[CREATED] s2: initial,vlan,ospf,bgp,vxlan,evpn
[CREATED] h1: initial,routing
[CREATED] h2: initial,routing
 [INFO] Executing initial configuration for node dut
 [INFO] Executing initial configuration for node s2
 [INFO] Executing initial configuration for node h1 (namespace clab-
          ml-17-h1)
 [INFO] Executing initial configuration for node h2 (namespace clab-
          ml-17-h2)
 [INFO] Executing routing configuration for node h2 (namespace clab-
          ml-17-h2)
 [INFO] Executing routing configuration for node h1 (namespace clab-
          ml-17-h1)
 [INFO] Executing ospf configuration for node dut
 [INFO] Executing vlan configuration for node s2
 [INFO] Executing ospf configuration for node s2
 [INFO] Executing bgp configuration for node dut
 [INFO] Executing evpn configuration for node dut
 [INFO] Executing bgp configuration for node s2
 [INFO] Executing vxlan configuration for node s2
 [INFO] Executing evpn configuration for node s2

 [INFO] Starting Ansible playbook to deploy the rest of the
          configurations
[WARNING]: Found variable using reserved name: hosts

PLAY [Deploy initial device configuration] *************************************

TASK [Set variables that cannot be set with VARS] ******************************
ok: [s1]

TASK [Generic readiness tests] *************************************************
included: /home/pipi/netlab_gh/netsim/ansible/tasks/readiness-check/ssh.yml for s1 => (item=ssh)

TASK [Check if 'sshpass' is installed] *****************************************
ok: [s1 -> localhost]

TASK [Check for 'timeout' command] *********************************************
ok: [s1 -> localhost]

TASK [Execute local ssh command to check ssh readiness] ************************
FAILED - RETRYING: [s1 -> localhost]: Execute local ssh command to check ssh readiness (20 retries left).
ok: [s1 -> localhost]

TASK [Confirm s1 SSH server works] *********************************************
ok: [s1] => {
    "msg": "Node s1 is ready."
}

TASK [Find device readiness script] ********************************************
ok: [s1]

TASK [Wait for device to become ready] *****************************************
skipping: [s1]

TASK [Normalize config on bridge-like devices] *********************************
included: /home/pipi/netlab_gh/netsim/ansible/tasks/deploy-module.yml for s1

TASK [Figure out whether to deploy the module normalize on current device] *****
ok: [s1]

TASK [Find configuration template for normalize] *******************************
ok: [s1]

TASK [fail] ********************************************************************
skipping: [s1]

TASK [Find configuration deployment deploy_script for normalize] ***************
ok: [s1]

TASK [Print deployed configuration when running in verbose mode] ***************
ok: [s1] => {
    "msg": "normalize configuration for s1\n=========================================\n!\ninterface Ethernet1\n shutdown\n!\ninterface Ethernet2\n shutdown\n"
}

TASK [Deploy normalize configuration] ******************************************
included: /home/pipi/netlab_gh/netsim/ansible/tasks/deploy-config/eos.yml for s1

TASK [eos_config: deploying normalize from /work/netlab_cicd/node_files/s1/normalize] ***
[WARNING]: To ensure idempotency and correct diff the input configuration lines
should be similar to how they appear if present in the running configuration on
device including the indentation
changed: [s1]

TASK [Deploy initial configuration] ********************************************
included: /home/pipi/netlab_gh/netsim/ansible/tasks/deploy-module.yml for s1

TASK [Figure out whether to deploy the module initial on current device] *******
ok: [s1]

TASK [Find configuration template for initial] *********************************
ok: [s1]

TASK [fail] ********************************************************************
skipping: [s1]

TASK [Find configuration deployment deploy_script for initial] *****************
ok: [s1]

TASK [Print deployed configuration when running in verbose mode] ***************
ok: [s1] => {
    "msg": "initial configuration for s1\n=========================================\nhostname s1\n!\nlogging monitor debugging\naaa authorization exec default local\n!\nlldp run\nip routing\nipv6 unicast-routing\n!\n!\nip host dut 10.0.0.1 10.1.0.1 10.1.0.5\nip host h1 172.31.1.4\nip host h2 172.31.1.5\nip host s2 10.0.0.3 10.1.0.6\nipv6 host dut 2001:db8:cafe:1::1\nipv6 host s2 2001:db8:cafe:3::1\n!\ninterface Management0\n no lldp transmit\n no lldp receive\n!\ninterface Loopback0\n ip address 10.0.0.2/32\n ipv6 nd ra interval 5\n ipv6 address 2001:db8:cafe:2::1/64\n!\ninterface Ethernet1\n no switchport\n mtu 1600\n description s1 -> dut\n ip address 10.1.0.2/30\n ipv6 nd ra interval 5\n ipv6 address 2001:db8:1::2/64\n mac-address caf0.0002.0001\n!\n no shutdown\n!\ninterface Ethernet2\n no switchport\n description [Access VLAN red] s1 -> h1\n!\n no shutdown\n!\ninterface Vlan1000\n description VLAN red (1000) -> [h1,h2,s2]\n!\n"
}

TASK [Deploy initial configuration] ********************************************
included: /home/pipi/netlab_gh/netsim/ansible/tasks/deploy-config/eos.yml for s1

TASK [eos_config: deploying initial from /work/netlab_cicd/node_files/s1/initial] ***
changed: [s1]

PLAY [Deploy module-specific configurations] ***********************************

TASK [Set variables that cannot be set with VARS] ******************************
ok: [s1]

TASK [Deploy individual configuration modules] *********************************
included: /home/pipi/netlab_gh/netsim/ansible/tasks/deploy-module.yml for s1 => (item=vlan)
included: /home/pipi/netlab_gh/netsim/ansible/tasks/deploy-module.yml for s1 => (item=routing)
included: /home/pipi/netlab_gh/netsim/ansible/tasks/deploy-module.yml for s1 => (item=ospf)
included: /home/pipi/netlab_gh/netsim/ansible/tasks/deploy-module.yml for s1 => (item=bgp)
included: /home/pipi/netlab_gh/netsim/ansible/tasks/deploy-module.yml for s1 => (item=vxlan)
included: /home/pipi/netlab_gh/netsim/ansible/tasks/deploy-module.yml for s1 => (item=evpn)

TASK [Figure out whether to deploy the module vlan on current device] **********
ok: [s1]

TASK [Find configuration template for vlan] ************************************
ok: [s1]

TASK [fail] ********************************************************************
skipping: [s1]

TASK [Find configuration deployment deploy_script for vlan] ********************
ok: [s1]

TASK [Print deployed configuration when running in verbose mode] ***************
ok: [s1] => {
    "msg": "vlan configuration for s1\n=========================================\nvlan 1000\n name red\n!\n\n!\ninterface Ethernet2\n switchport\n switchport access vlan 1000\n!\ninterface Vlan1000\n"
}

TASK [Deploy vlan configuration] ***********************************************
included: /home/pipi/netlab_gh/netsim/ansible/tasks/deploy-config/eos.yml for s1

TASK [eos_config: deploying vlan from /work/netlab_cicd/node_files/s1/vlan] ****
changed: [s1]

TASK [Figure out whether to deploy the module routing on current device] *******
ok: [s1]

TASK [Find configuration template for routing] *********************************
skipping: [s1]

TASK [fail] ********************************************************************
skipping: [s1]

TASK [Find configuration deployment deploy_script for routing] *****************
skipping: [s1]

TASK [Print deployed configuration when running in verbose mode] ***************
skipping: [s1]

TASK [Deploy routing configuration] ********************************************
skipping: [s1]

TASK [Figure out whether to deploy the module ospf on current device] **********
ok: [s1]

TASK [Find configuration template for ospf] ************************************
ok: [s1]

TASK [fail] ********************************************************************
skipping: [s1]

TASK [Find configuration deployment deploy_script for ospf] ********************
ok: [s1]

TASK [Print deployed configuration when running in verbose mode] ***************
ok: [s1] => {
    "msg": "ospf configuration for s1\n=========================================\n!\n! OSPFv2 configuration\n!\nrouter ospf 1\n router-id 10.0.0.2\n interface unnumbered hello mask tx 0.0.0.0\n timers spf delay initial 100 200 500\n timers lsa rx min interval 100\n timers lsa tx delay initial 100 200 500\n\n\n!\ninterface Loopback0\n! \n ip ospf area 0.0.0.0\n!\ninterface Ethernet1\n! s1 -> dut\n ip ospf area 0.0.0.0\n ip ospf network point-to-point\n!\n\n!\n! OSPFv3 configuration\n!\ninterface Loopback0\n! \n ipv6 ospf 1 area 0.0.0.0\n!\ninterface Ethernet1\n! s1 -> dut\n ipv6 ospf 1 area 0.0.0.0\n ipv6 ospf network point-to-point\n!\n!\nipv6 router ospf 1\n router-id 10.0.0.2\n timers spf delay initial 100 200 500\n timers lsa rx min interval 100\n timers lsa tx delay initial 100 200 500\n\n\n\n"
}

TASK [Deploy ospf configuration] ***********************************************
included: /home/pipi/netlab_gh/netsim/ansible/tasks/deploy-config/eos.yml for s1

TASK [eos_config: deploying ospf from /work/netlab_cicd/node_files/s1/ospf] ****
changed: [s1]

TASK [Figure out whether to deploy the module bgp on current device] ***********
ok: [s1]

TASK [Find configuration template for bgp] *************************************
ok: [s1]

TASK [fail] ********************************************************************
skipping: [s1]

TASK [Find configuration deployment deploy_script for bgp] *********************
ok: [s1]

TASK [Print deployed configuration when running in verbose mode] ***************
ok: [s1] => {
    "msg": "bgp configuration for s1\n=========================================\n!\nroute-map next-hop-self-ipv4 permit 10\n   match route-type external\n   set ip next-hop peer-address\n!\nroute-map next-hop-self-ipv4 permit 20\n!\nroute-map next-hop-self-ipv6 permit 10\n   match route-type external\n   set ipv6 next-hop peer-address\n!\nroute-map next-hop-self-ipv6 permit 20\n!\n!\nrouter bgp 65000\n  bgp advertise-inactive\n  bgp log-neighbor-changes\n  no bgp default ipv4-unicast\n  no bgp default ipv6-unicast\n  router-id 10.0.0.2\n!\n  neighbor 10.0.0.1 remote-as 65000\n  neighbor 10.0.0.1 description dut\n  neighbor 10.0.0.1 update-source Loopback0\n  neighbor 10.0.0.1 send-community standard extended large \n!\n  neighbor 2001:db8:cafe:1::1 remote-as 65000\n  neighbor 2001:db8:cafe:1::1 description dut\n  neighbor 2001:db8:cafe:1::1 update-source Loopback0\n  neighbor 2001:db8:cafe:1::1 send-community standard extended large \n!\n!\n address-family ipv4\n\n!\n!\n! Originate networks from connected subnets\n!\n  network 10.0.0.2/32\n!\n!\n  neighbor 10.0.0.1 activate\n  neighbor 10.0.0.1 route-map next-hop-self-ipv4 out\n!\n address-family ipv6\n\n!\n!\n! Originate networks from connected subnets\n!\n  network 2001:db8:cafe:2::/64\n!\n!\n  neighbor 2001:db8:cafe:1::1 activate\n  neighbor 2001:db8:cafe:1::1 route-map next-hop-self-ipv6 out\n!\n"
}

TASK [Deploy bgp configuration] ************************************************
included: /home/pipi/netlab_gh/netsim/ansible/tasks/deploy-config/eos.yml for s1

TASK [eos_config: deploying bgp from /work/netlab_cicd/node_files/s1/bgp] ******
changed: [s1]

TASK [Figure out whether to deploy the module vxlan on current device] *********
ok: [s1]

TASK [Find configuration template for vxlan] ***********************************
ok: [s1]

TASK [fail] ********************************************************************
skipping: [s1]

TASK [Find configuration deployment deploy_script for vxlan] *******************
ok: [s1]

TASK [Print deployed configuration when running in verbose mode] ***************
ok: [s1] => {
    "msg": "vxlan configuration for s1\n=========================================\ninterface vxlan 1\n  vxlan source-interface Loopback0\n  vxlan vlan 1000 vni 1000\n"
}

TASK [Deploy vxlan configuration] **********************************************
included: /home/pipi/netlab_gh/netsim/ansible/tasks/deploy-config/eos.yml for s1

TASK [eos_config: deploying vxlan from /work/netlab_cicd/node_files/s1/vxlan] ***
changed: [s1]

TASK [Figure out whether to deploy the module evpn on current device] **********
ok: [s1]

TASK [Find configuration template for evpn] ************************************
ok: [s1]

TASK [fail] ********************************************************************
skipping: [s1]

TASK [Find configuration deployment deploy_script for evpn] ********************
ok: [s1]

TASK [Print deployed configuration when running in verbose mode] ***************
ok: [s1] => {
    "msg": "evpn configuration for s1\n=========================================\n!\nrouter bgp 65000\n address-family evpn\n!\n  neighbor 10.0.0.1 activate\n!\n vlan 1000\n  rd 10.0.0.2:1000\n  route-target import 65000:1000\n  route-target export 65000:1000\n  redistribute learned\n"
}

TASK [Deploy evpn configuration] ***********************************************
included: /home/pipi/netlab_gh/netsim/ansible/tasks/deploy-config/eos.yml for s1

TASK [eos_config: deploying evpn from /work/netlab_cicd/node_files/s1/evpn] ****
changed: [s1]

PLAY [Deploy custom deployment templates] **************************************

TASK [Run custom configuration deployment scripts] *****************************
included: /home/pipi/netlab_gh/netsim/ansible/tasks/deploy-custom-config.yml for s1 => (item=_n_s1)

TASK [Find configuration template] *********************************************
ok: [s1]

TASK [fail] ********************************************************************
skipping: [s1]

TASK [Check is the configuration template is a file] ***************************
ok: [s1 -> localhost]

TASK [fail] ********************************************************************
skipping: [s1]

TASK [Process template /work/netlab_cicd/node_files/s1/_n_s1 for s1] ***********
skipping: [s1]

TASK [Find custom configuration deployment script] *****************************
ok: [s1]

TASK [Run the configuration deployment script] *********************************
included: /home/pipi/netlab_gh/netsim/ansible/tasks/deploy-config/eos.yml for s1

TASK [eos_config: deploying _n_s1 from /work/netlab_cicd/node_files/s1/_n_s1] ***
changed: [s1]

PLAY RECAP *********************************************************************
s1                         : ok=65   changed=8    unreachable=0    failed=0    skipped=16   rescued=0    ignored=0   

Results of configuration script deployments
================================================================================
dut                          OK: 4   
s2                           OK: 6   
h1                           OK: 2   
h2                           OK: 2   


The device under test is an EVPN route reflector. It should propagate
EVPN AF routes between PE-devices, resulting in VXLAN-based VLAN
extension.

* h1 and h2 should be able to ping each other

Please note it might take a while for the lab to work due to
STP learning phase

