Using transformed lab topology from snapshot file netlab.snapshot.pickle
Checking virtualization provider installation
OK: clab installed and working correctly
Starting clab nodes
provider clab: executing sudo -E containerlab deploy --reconfigure -t clab.yml
15:54:07 INFO Containerlab started version=0.72.0
15:54:07 INFO Parsing & checking topology file=clab.yml
15:54:07 INFO Removing directory path=/work/netlab_cicd/clab-ml-17
15:54:07 INFO Creating docker network name=nl_mgmt_17 IPv4 subnet=192.168.17.0/24 IPv6 subnet="" MTU=0
15:54:07 INFO Creating lab directory path=/work/netlab_cicd/clab-ml-17
15:54:07 INFO Creating container name=h1
15:54:07 INFO Creating container name=s2
15:54:07 INFO Creating container name=dut
15:54:07 INFO Creating container name=h2
15:54:07 INFO Creating container name=s1
15:54:08 INFO Running postdeploy actions for Arista cEOS 's1' node
15:54:08 INFO Created link: dut:eth1 в–Әв”„в”„в–Ә s1:et1
15:54:08 INFO Created link: s2:eth2 в–Әв”„в”„в–Ә h2:eth1
15:54:08 INFO Created link: dut:eth2 в–Әв”„в”„в–Ә s2:eth1
15:54:08 INFO Created link: s1:et2 в–Әв”„в”„в–Ә h1:eth1
15:54:22 INFO Executed command node=dut command="sleep 1" stdout=""
15:54:22 INFO Executed command node=s2 command="sleep 1" stdout=""
15:54:22 INFO Adding host entries path=/etc/hosts
15:54:22 INFO Adding SSH config for nodes path=/etc/ssh/ssh_config.d/clab-ml-17.conf
[1mв•ӯ[0m[1mв”Җв”Җв”Җв”Җв”Җв”Җв”Җв”Җв”Җв”Җв”Җв”Җв”Җв”Җв”Җв”Җ[0m[1mв”¬[0m[1mв”Җв”Җв”Җв”Җв”Җв”Җв”Җв”Җв”Җв”Җв”Җв”Җв”Җв”Җв”Җв”Җв”Җв”Җв”Җв”Җв”Җв”Җв”Җв”Җв”Җв”Җв”Җв”Җв”Җв”Җ[0m[1mв”¬[0m[1mв”Җв”Җв”Җв”Җв”Җв”Җв”Җв”Җв”Җ[0m[1mв”¬[0m[1mв”Җв”Җв”Җв”Җв”Җв”Җв”Җв”Җв”Җв”Җв”Җв”Җв”Җв”Җв”Җв”Җ[0m[1mв•®[0m
[1mв”Ӯ[0m[1m      Name      [0m[1mв”Ӯ[0m[1m          Kind/Image          [0m[1mв”Ӯ[0m[1m  State  [0m[1mв”Ӯ[0m[1m IPv4/6 Address [0m[1mв”Ӯ[0m
[1mв”ң[0m[1mв”Җв”Җв”Җв”Җв”Җв”Җв”Җв”Җв”Җв”Җв”Җв”Җв”Җв”Җв”Җв”Җ[0m[1mв”ј[0m[1mв”Җв”Җв”Җв”Җв”Җв”Җв”Җв”Җв”Җв”Җв”Җв”Җв”Җв”Җв”Җв”Җв”Җв”Җв”Җв”Җв”Җв”Җв”Җв”Җв”Җв”Җв”Җв”Җв”Җв”Җ[0m[1mв”ј[0m[1mв”Җв”Җв”Җв”Җв”Җв”Җв”Җв”Җв”Җ[0m[1mв”ј[0m[1mв”Җв”Җв”Җв”Җв”Җв”Җв”Җв”Җв”Җв”Җв”Җв”Җв”Җв”Җв”Җв”Җ[0m[1mв”Ө[0m
в”Ӯ clab-ml-17-dut в”Ӯ linux                        в”Ӯ running в”Ӯ 192.168.17.101 в”Ӯ
в”Ӯ                в”Ӯ quay.io/frrouting/frr:10.5.1 в”Ӯ         в”Ӯ N/A            в”Ӯ
в”ңв”Җв”Җв”Җв”Җв”Җв”Җв”Җв”Җв”Җв”Җв”Җв”Җв”Җв”Җв”Җв”Җв”јв”Җв”Җв”Җв”Җв”Җв”Җв”Җв”Җв”Җв”Җв”Җв”Җв”Җв”Җв”Җв”Җв”Җв”Җв”Җв”Җв”Җв”Җв”Җв”Җв”Җв”Җв”Җв”Җв”Җв”Җв”јв”Җв”Җв”Җв”Җв”Җв”Җв”Җв”Җв”Җв”јв”Җв”Җв”Җв”Җв”Җв”Җв”Җв”Җв”Җв”Җв”Җв”Җв”Җв”Җв”Җв”Җв”Ө
в”Ӯ clab-ml-17-h1  в”Ӯ linux                        в”Ӯ running в”Ӯ 192.168.17.104 в”Ӯ
в”Ӯ                в”Ӯ python:3.13-alpine           в”Ӯ         в”Ӯ N/A            в”Ӯ
в”ңв”Җв”Җв”Җв”Җв”Җв”Җв”Җв”Җв”Җв”Җв”Җв”Җв”Җв”Җв”Җв”Җв”јв”Җв”Җв”Җв”Җв”Җв”Җв”Җв”Җв”Җв”Җв”Җв”Җв”Җв”Җв”Җв”Җв”Җв”Җв”Җв”Җв”Җв”Җв”Җв”Җв”Җв”Җв”Җв”Җв”Җв”Җв”јв”Җв”Җв”Җв”Җв”Җв”Җв”Җв”Җв”Җв”јв”Җв”Җв”Җв”Җв”Җв”Җв”Җв”Җв”Җв”Җв”Җв”Җв”Җв”Җв”Җв”Җв”Ө
в”Ӯ clab-ml-17-h2  в”Ӯ linux                        в”Ӯ running в”Ӯ 192.168.17.105 в”Ӯ
в”Ӯ                в”Ӯ python:3.13-alpine           в”Ӯ         в”Ӯ N/A            в”Ӯ
в”ңв”Җв”Җв”Җв”Җв”Җв”Җв”Җв”Җв”Җв”Җв”Җв”Җв”Җв”Җв”Җв”Җв”јв”Җв”Җв”Җв”Җв”Җв”Җв”Җв”Җв”Җв”Җв”Җв”Җв”Җв”Җв”Җв”Җв”Җв”Җв”Җв”Җв”Җв”Җв”Җв”Җв”Җв”Җв”Җв”Җв”Җв”Җв”јв”Җв”Җв”Җв”Җв”Җв”Җв”Җв”Җв”Җв”јв”Җв”Җв”Җв”Җв”Җв”Җв”Җв”Җв”Җв”Җв”Җв”Җв”Җв”Җв”Җв”Җв”Ө
в”Ӯ clab-ml-17-s1  в”Ӯ ceos                         в”Ӯ running в”Ӯ 192.168.17.102 в”Ӯ
в”Ӯ                в”Ӯ ceos:4.35.0.1F               в”Ӯ         в”Ӯ N/A            в”Ӯ
в”ңв”Җв”Җв”Җв”Җв”Җв”Җв”Җв”Җв”Җв”Җв”Җв”Җв”Җв”Җв”Җв”Җв”јв”Җв”Җв”Җв”Җв”Җв”Җв”Җв”Җв”Җв”Җв”Җв”Җв”Җв”Җв”Җв”Җв”Җв”Җв”Җв”Җв”Җв”Җв”Җв”Җв”Җв”Җв”Җв”Җв”Җв”Җв”јв”Җв”Җв”Җв”Җв”Җв”Җв”Җв”Җв”Җв”јв”Җв”Җв”Җв”Җв”Җв”Җв”Җв”Җв”Җв”Җв”Җв”Җв”Җв”Җв”Җв”Җв”Ө
в”Ӯ clab-ml-17-s2  в”Ӯ linux                        в”Ӯ running в”Ӯ 192.168.17.103 в”Ӯ
в”Ӯ                в”Ӯ quay.io/frrouting/frr:10.5.1 в”Ӯ         в”Ӯ N/A            в”Ӯ
в•°в”Җв”Җв”Җв”Җв”Җв”Җв”Җв”Җв”Җв”Җв”Җв”Җв”Җв”Җв”Җв”Җв”ҙв”Җв”Җв”Җв”Җв”Җв”Җв”Җв”Җв”Җв”Җв”Җв”Җв”Җв”Җв”Җв”Җв”Җв”Җв”Җв”Җв”Җв”Җв”Җв”Җв”Җв”Җв”Җв”Җв”Җв”Җв”ҙв”Җв”Җв”Җв”Җв”Җв”Җв”Җв”Җв”Җв”ҙв”Җв”Җв”Җв”Җв”Җв”Җв”Җв”Җв”Җв”Җв”Җв”Җв”Җв”Җв”Җв”Җв•Ҝ

Initial configuration skipped, run 'netlab initial' to configure the devices
