time="2024-08-18T14:19:49Z" level=info msg="Containerlab v0.54.2 started"
time="2024-08-18T14:19:49Z" level=info msg="Parsing & checking topology file: clab.yml"
time="2024-08-18T14:19:49Z" level=info msg="Creating docker network: Name=\"nl_mgmt_17\", IPv4Subnet=\"192.168.17.0/24\", IPv6Subnet=\"\", MTU=1500"
time="2024-08-18T14:19:49Z" level=info msg="Creating lab directory: /work/netlab_cicd/clab-ml_17"
time="2024-08-18T14:19:49Z" level=info msg="Creating container: \"l2\""
time="2024-08-18T14:19:49Z" level=info msg="Creating container: \"h1\""
time="2024-08-18T14:19:49Z" level=info msg="Creating container: \"h2\""
time="2024-08-18T14:19:49Z" level=info msg="Creating container: \"l1\""
time="2024-08-18T14:19:49Z" level=info msg="Creating container: \"spine\""
time="2024-08-18T14:19:50Z" level=info msg="Created link: spine:eth2 <--> l2:eth1"
time="2024-08-18T14:19:50Z" level=info msg="Created link: l2:eth2 <--> h2:eth1"
time="2024-08-18T14:19:50Z" level=info msg="Created link: spine:eth1 <--> l1:eth1"
time="2024-08-18T14:19:51Z" level=info msg="Created link: l1:eth2 <--> h1:eth1"
time="2024-08-18T14:19:51Z" level=info msg="Adding containerlab host entries to /etc/hosts file"
time="2024-08-18T14:19:51Z" level=info msg="Adding ssh config for containerlab nodes"
time="2024-08-18T14:19:51Z" level=info msg="🎉 New containerlab version 0.56.0 is available! Release notes: https://containerlab.dev/rn/0.56/\nRun 'containerlab version upgrade' to upgrade or go check other installation options at https://containerlab.dev/install/\n"
+---+------------------+--------------+------------------------------+-------+---------+-------------------+--------------+
| # |       Name       | Container ID |            Image             | Kind  |  State  |   IPv4 Address    | IPv6 Address |
+---+------------------+--------------+------------------------------+-------+---------+-------------------+--------------+
| 1 | clab-ml_17-h1    | 2abb6c381a39 | python:3.9-alpine            | linux | running | 192.168.17.104/24 | N/A          |
| 2 | clab-ml_17-h2    | 3779bac51de3 | python:3.9-alpine            | linux | running | 192.168.17.105/24 | N/A          |
| 3 | clab-ml_17-l1    | d6158b5fc79c | quay.io/frrouting/frr:10.0.1 | linux | running | 192.168.17.102/24 | N/A          |
| 4 | clab-ml_17-l2    | 044c31a24525 | quay.io/frrouting/frr:10.0.1 | linux | running | 192.168.17.103/24 | N/A          |
| 5 | clab-ml_17-spine | 5ab5465719bf | quay.io/frrouting/frr:10.0.1 | linux | running | 192.168.17.101/24 | N/A          |
+---+------------------+--------------+------------------------------+-------+---------+-------------------+--------------+
Using transformed lab topology from snapshot file netlab.snapshot.yml
Checking virtualization provider installation
OK: clab installed and working correctly
Starting clab nodes
provider clab: executing sudo -E containerlab deploy -t clab.yml

Initial configuration skipped, run 'netlab initial' to configure the devices
