Warning in ansible: You're using Ansible version 12.x or higher; netlab might not work correctly
... Ansible core version 2.19 introduced breaking changes in templates and playbooks
... We tested netlab core with Ansible version 12.x but not every device template
... You might want to downgrade Ansible to version 11.10 or lower.
... Use 'netlab install ansible' on Ubuntu to do that
... Finally, please open a GitHub issue if you experience errors/crashes
... Set defaults.ansible.warnings.ver12 to False to hide this warning
 [INFO] Checking for updates in configuration templates
 [INFO] Creating configuration snippets
[CREATED] dut: normalize,initial,vrf
[CREATED] h1: initial,routing
[CREATED] h2: initial,routing
[CREATED] h3: initial,routing
[CREATED] h4: initial,routing
 [INFO] Executing initial configuration for node h1 (namespace clab-
          ml_17-h1)
 [INFO] Executing routing configuration for node h1 (namespace clab-
          ml_17-h1)
 [INFO] Executing initial configuration for node h2 (namespace clab-
          ml_17-h2)
 [INFO] Executing routing configuration for node h2 (namespace clab-
          ml_17-h2)
 [INFO] Executing initial configuration for node h3 (namespace clab-
          ml_17-h3)
 [INFO] Executing routing configuration for node h3 (namespace clab-
          ml_17-h3)
 [INFO] Executing initial configuration for node h4 (namespace clab-
          ml_17-h4)
 [INFO] Executing routing configuration for node h4 (namespace clab-
          ml_17-h4)

 [INFO] Starting Ansible playbook to deploy the rest of the
          configurations
[WARNING]: Could not match supplied host pattern, ignoring: unprovisioned
[WARNING]: Found variable using reserved name 'hosts'.
Origin: /work/netlab_cicd/group_vars/all/topology.yml:157:1

155     ipv4: 10.2.0.0/24
156     prefix: 32
157 hosts:
    ^ column 1


PLAY [Deploy initial device configuration] *************************************

TASK [Set variables that cannot be set with VARS] ******************************
ok: [h1]
ok: [h2]
ok: [h3]
ok: [h4]
ok: [dut]

TASK [Generic readiness tests] *************************************************
skipping: [h1]
skipping: [h2]
skipping: [h3]
skipping: [h4]
included: /home/pipi/netlab_gh/netsim/ansible/tasks/readiness-check/ssh.yml for dut => (item=ssh)

TASK [Check if 'sshpass' is installed] *****************************************
ok: [dut -> localhost]

TASK [Check for 'timeout' command] *********************************************
ok: [dut -> localhost]

TASK [Execute local ssh command to check ssh readiness] ************************
FAILED - RETRYING: [dut -> localhost]: Execute local ssh command to check ssh readiness (20 retries left).
ok: [dut -> localhost]

TASK [Confirm dut SSH server works] ********************************************
ok: [dut] => {
    "msg": "Node dut is ready."
}

TASK [Find device readiness script] ********************************************
ok: [h1]
ok: [h2]
ok: [h3]
ok: [h4]
ok: [dut]

TASK [Wait for device to become ready] *****************************************
skipping: [dut]
skipping: [h1]
skipping: [h2]
skipping: [h3]
skipping: [h4]

TASK [Normalize config on bridge-like devices] *********************************
included: /home/pipi/netlab_gh/netsim/ansible/tasks/deploy-module.yml for dut
included: /home/pipi/netlab_gh/netsim/ansible/tasks/deploy-module.yml for h1
included: /home/pipi/netlab_gh/netsim/ansible/tasks/deploy-module.yml for h2
included: /home/pipi/netlab_gh/netsim/ansible/tasks/deploy-module.yml for h3
included: /home/pipi/netlab_gh/netsim/ansible/tasks/deploy-module.yml for h4

TASK [Figure out whether to deploy the module normalize on current device] *****
ok: [dut]

TASK [Find configuration template for normalize] *******************************
ok: [dut]

TASK [fail] ********************************************************************
skipping: [dut]

TASK [Find configuration deployment deploy_script for normalize] ***************
ok: [dut]

TASK [Print deployed configuration when running in verbose mode] ***************
ok: [dut] => {
    "msg": "normalize configuration for dut\n=========================================\n!\ninterface Ethernet1\n shutdown\n!\ninterface Ethernet2\n shutdown\n!\ninterface Ethernet3\n shutdown\n!\ninterface Ethernet4\n shutdown\n"
}

TASK [Deploy normalize configuration] ******************************************
included: /home/pipi/netlab_gh/netsim/ansible/tasks/deploy-config/eos.yml for dut

TASK [eos_config: deploying normalize from /work/netlab_cicd/node_files/dut/normalize] ***
[WARNING]: To ensure idempotency and correct diff the input configuration lines should be similar to how they appear if present in the running configuration on device including the indentation
[WARNING]: Task result `warnings` was <class 'str'> instead of <class 'list'>.
changed: [dut]

TASK [Figure out whether to deploy the module normalize on current device] *****
ok: [h1]

TASK [Find configuration template for normalize] *******************************
ok: [h1]

TASK [fail] ********************************************************************
skipping: [h1]

TASK [Find configuration deployment deploy_script for normalize] ***************
ok: [h1]

TASK [Print deployed configuration when running in verbose mode] ***************
skipping: [h1]

TASK [Deploy normalize configuration] ******************************************
skipping: [h1]

TASK [Figure out whether to deploy the module normalize on current device] *****
ok: [h2]

TASK [Find configuration template for normalize] *******************************
ok: [h2]

TASK [fail] ********************************************************************
skipping: [h2]

TASK [Find configuration deployment deploy_script for normalize] ***************
ok: [h2]

TASK [Print deployed configuration when running in verbose mode] ***************
skipping: [h2]

TASK [Deploy normalize configuration] ******************************************
skipping: [h2]

TASK [Figure out whether to deploy the module normalize on current device] *****
ok: [h3]

TASK [Find configuration template for normalize] *******************************
ok: [h3]

TASK [fail] ********************************************************************
skipping: [h3]

TASK [Find configuration deployment deploy_script for normalize] ***************
ok: [h3]

TASK [Print deployed configuration when running in verbose mode] ***************
skipping: [h3]

TASK [Deploy normalize configuration] ******************************************
skipping: [h3]

TASK [Figure out whether to deploy the module normalize on current device] *****
ok: [h4]

TASK [Find configuration template for normalize] *******************************
ok: [h4]

TASK [fail] ********************************************************************
skipping: [h4]

TASK [Find configuration deployment deploy_script for normalize] ***************
ok: [h4]

TASK [Print deployed configuration when running in verbose mode] ***************
skipping: [h4]

TASK [Deploy normalize configuration] ******************************************
skipping: [h4]

TASK [Deploy initial configuration] ********************************************
included: /home/pipi/netlab_gh/netsim/ansible/tasks/deploy-module.yml for dut
included: /home/pipi/netlab_gh/netsim/ansible/tasks/deploy-module.yml for h1
included: /home/pipi/netlab_gh/netsim/ansible/tasks/deploy-module.yml for h2
included: /home/pipi/netlab_gh/netsim/ansible/tasks/deploy-module.yml for h3
included: /home/pipi/netlab_gh/netsim/ansible/tasks/deploy-module.yml for h4

TASK [Figure out whether to deploy the module initial on current device] *******
ok: [dut]

TASK [Find configuration template for initial] *********************************
ok: [dut]

TASK [fail] ********************************************************************
skipping: [dut]

TASK [Find configuration deployment deploy_script for initial] *****************
ok: [dut]

TASK [Print deployed configuration when running in verbose mode] ***************
ok: [dut] => {
    "msg": "initial configuration for dut\n=========================================\nhostname dut\n!\nlogging monitor debugging\naaa authorization exec default local\n!\nlldp run\nip routing\nno ipv6 unicast-routing\n!\nvrf instance red\n rd 65000:1\n!\nip routing vrf red\n!\nvrf instance blue\n rd 65000:2\n!\nip routing vrf blue\n!\n!\nip host dut-red 172.16.0.1 172.16.1.1 10.0.0.42\nip host dut-blue 172.16.2.1 172.16.3.1 10.2.0.1\nip host h1 172.16.0.2\nip host h2 172.16.1.3\nip host h3 172.16.2.4\nip host h4 172.16.3.5\n!\ninterface Management0\n no lldp transmit\n no lldp receive\n!\ninterface Loopback0\n ip address 10.0.0.1/32\n!\ninterface Ethernet1\n no switchport\n vrf red\n description dut -> h1 [stub]\n ip address 172.16.0.1/24\n mac-address caf0.0001.0001\n!\n no shutdown\n!\ninterface Ethernet2\n no switchport\n vrf red\n description dut -> h2 [stub]\n ip address 172.16.1.1/24\n mac-address caf0.0001.0002\n!\n no shutdown\n!\ninterface Ethernet3\n no switchport\n vrf blue\n description dut -> h3 [stub]\n ip address 172.16.2.1/24\n mac-address caf0.0001.0003\n!\n no shutdown\n!\ninterface Ethernet4\n no switchport\n vrf blue\n description dut -> h4 [stub]\n ip address 172.16.3.1/24\n mac-address caf0.0001.0004\n!\n no shutdown\n!\ninterface Loopback1\n vrf red\n description VRF Loopback red\n ip address 10.0.0.42/32\n!\ninterface Loopback2\n vrf blue\n description VRF Loopback blue\n ip address 10.2.0.1/32\n!\n"
}

TASK [Deploy initial configuration] ********************************************
included: /home/pipi/netlab_gh/netsim/ansible/tasks/deploy-config/eos.yml for dut

TASK [eos_config: deploying initial from /work/netlab_cicd/node_files/dut/initial] ***
changed: [dut]

TASK [Figure out whether to deploy the module initial on current device] *******
ok: [h1]

TASK [Find configuration template for initial] *********************************
skipping: [h1]

TASK [fail] ********************************************************************
skipping: [h1]

TASK [Find configuration deployment deploy_script for initial] *****************
skipping: [h1]

TASK [Print deployed configuration when running in verbose mode] ***************
skipping: [h1]

TASK [Deploy initial configuration] ********************************************
skipping: [h1]

TASK [Figure out whether to deploy the module initial on current device] *******
ok: [h2]

TASK [Find configuration template for initial] *********************************
skipping: [h2]

TASK [fail] ********************************************************************
skipping: [h2]

TASK [Find configuration deployment deploy_script for initial] *****************
skipping: [h2]

TASK [Print deployed configuration when running in verbose mode] ***************
skipping: [h2]

TASK [Deploy initial configuration] ********************************************
skipping: [h2]

TASK [Figure out whether to deploy the module initial on current device] *******
ok: [h3]

TASK [Find configuration template for initial] *********************************
skipping: [h3]

TASK [fail] ********************************************************************
skipping: [h3]

TASK [Find configuration deployment deploy_script for initial] *****************
skipping: [h3]

TASK [Print deployed configuration when running in verbose mode] ***************
skipping: [h3]

TASK [Deploy initial configuration] ********************************************
skipping: [h3]

TASK [Figure out whether to deploy the module initial on current device] *******
ok: [h4]

TASK [Find configuration template for initial] *********************************
skipping: [h4]

TASK [fail] ********************************************************************
skipping: [h4]

TASK [Find configuration deployment deploy_script for initial] *****************
skipping: [h4]

TASK [Print deployed configuration when running in verbose mode] ***************
skipping: [h4]

TASK [Deploy initial configuration] ********************************************
skipping: [h4]

PLAY [Deploy module-specific configurations] ***********************************

TASK [Set variables that cannot be set with VARS] ******************************
ok: [h1]
ok: [h2]
ok: [h3]
ok: [h4]
ok: [dut]

TASK [Deploy individual configuration modules] *********************************
included: /home/pipi/netlab_gh/netsim/ansible/tasks/deploy-module.yml for dut => (item=vrf)
included: /home/pipi/netlab_gh/netsim/ansible/tasks/deploy-module.yml for dut => (item=routing)
included: /home/pipi/netlab_gh/netsim/ansible/tasks/deploy-module.yml for h1 => (item=vrf)
included: /home/pipi/netlab_gh/netsim/ansible/tasks/deploy-module.yml for h1 => (item=routing)
included: /home/pipi/netlab_gh/netsim/ansible/tasks/deploy-module.yml for h2 => (item=vrf)
included: /home/pipi/netlab_gh/netsim/ansible/tasks/deploy-module.yml for h2 => (item=routing)
included: /home/pipi/netlab_gh/netsim/ansible/tasks/deploy-module.yml for h3 => (item=vrf)
included: /home/pipi/netlab_gh/netsim/ansible/tasks/deploy-module.yml for h3 => (item=routing)
included: /home/pipi/netlab_gh/netsim/ansible/tasks/deploy-module.yml for h4 => (item=vrf)
included: /home/pipi/netlab_gh/netsim/ansible/tasks/deploy-module.yml for h4 => (item=routing)

TASK [Figure out whether to deploy the module vrf on current device] ***********
ok: [dut]

TASK [Find configuration template for vrf] *************************************
ok: [dut]

TASK [fail] ********************************************************************
skipping: [dut]

TASK [Find configuration deployment deploy_script for vrf] *********************
ok: [dut]

TASK [Print deployed configuration when running in verbose mode] ***************
ok: [dut] => {
    "msg": "vrf configuration for dut\n=========================================\n"
}

TASK [Deploy vrf configuration] ************************************************
included: /home/pipi/netlab_gh/netsim/ansible/tasks/deploy-config/eos.yml for dut

TASK [eos_config: deploying vrf from /work/netlab_cicd/node_files/dut/vrf] *****
ok: [dut]

TASK [Figure out whether to deploy the module routing on current device] *******
ok: [dut]

TASK [Find configuration template for routing] *********************************
skipping: [dut]

TASK [fail] ********************************************************************
skipping: [dut]

TASK [Find configuration deployment deploy_script for routing] *****************
skipping: [dut]

TASK [Print deployed configuration when running in verbose mode] ***************
skipping: [dut]

TASK [Deploy routing configuration] ********************************************
skipping: [dut]

TASK [Figure out whether to deploy the module vrf on current device] ***********
ok: [h1]

TASK [Find configuration template for vrf] *************************************
skipping: [h1]

TASK [fail] ********************************************************************
skipping: [h1]

TASK [Find configuration deployment deploy_script for vrf] *********************
skipping: [h1]

TASK [Print deployed configuration when running in verbose mode] ***************
skipping: [h1]

TASK [Deploy vrf configuration] ************************************************
skipping: [h1]

TASK [Figure out whether to deploy the module routing on current device] *******
ok: [h1]

TASK [Find configuration template for routing] *********************************
skipping: [h1]

TASK [fail] ********************************************************************
skipping: [h1]

TASK [Find configuration deployment deploy_script for routing] *****************
skipping: [h1]

TASK [Print deployed configuration when running in verbose mode] ***************
skipping: [h1]

TASK [Deploy routing configuration] ********************************************
skipping: [h1]

TASK [Figure out whether to deploy the module vrf on current device] ***********
ok: [h2]

TASK [Find configuration template for vrf] *************************************
skipping: [h2]

TASK [fail] ********************************************************************
skipping: [h2]

TASK [Find configuration deployment deploy_script for vrf] *********************
skipping: [h2]

TASK [Print deployed configuration when running in verbose mode] ***************
skipping: [h2]

TASK [Deploy vrf configuration] ************************************************
skipping: [h2]

TASK [Figure out whether to deploy the module routing on current device] *******
ok: [h2]

TASK [Find configuration template for routing] *********************************
skipping: [h2]

TASK [fail] ********************************************************************
skipping: [h2]

TASK [Find configuration deployment deploy_script for routing] *****************
skipping: [h2]

TASK [Print deployed configuration when running in verbose mode] ***************
skipping: [h2]

TASK [Deploy routing configuration] ********************************************
skipping: [h2]

TASK [Figure out whether to deploy the module vrf on current device] ***********
ok: [h3]

TASK [Find configuration template for vrf] *************************************
skipping: [h3]

TASK [fail] ********************************************************************
skipping: [h3]

TASK [Find configuration deployment deploy_script for vrf] *********************
skipping: [h3]

TASK [Print deployed configuration when running in verbose mode] ***************
skipping: [h3]

TASK [Deploy vrf configuration] ************************************************
skipping: [h3]

TASK [Figure out whether to deploy the module routing on current device] *******
ok: [h3]

TASK [Find configuration template for routing] *********************************
skipping: [h3]

TASK [fail] ********************************************************************
skipping: [h3]

TASK [Find configuration deployment deploy_script for routing] *****************
skipping: [h3]

TASK [Print deployed configuration when running in verbose mode] ***************
skipping: [h3]

TASK [Deploy routing configuration] ********************************************
skipping: [h3]

TASK [Figure out whether to deploy the module vrf on current device] ***********
ok: [h4]

TASK [Find configuration template for vrf] *************************************
skipping: [h4]

TASK [fail] ********************************************************************
skipping: [h4]

TASK [Find configuration deployment deploy_script for vrf] *********************
skipping: [h4]

TASK [Print deployed configuration when running in verbose mode] ***************
skipping: [h4]

TASK [Deploy vrf configuration] ************************************************
skipping: [h4]

TASK [Figure out whether to deploy the module routing on current device] *******
ok: [h4]

TASK [Find configuration template for routing] *********************************
skipping: [h4]

TASK [fail] ********************************************************************
skipping: [h4]

TASK [Find configuration deployment deploy_script for routing] *****************
skipping: [h4]

TASK [Print deployed configuration when running in verbose mode] ***************
skipping: [h4]

TASK [Deploy routing configuration] ********************************************
skipping: [h4]

PLAY [Deploy custom deployment templates] **************************************
skipping: no hosts matched

PLAY RECAP *********************************************************************
dut                        : ok=31   changed=2    unreachable=0    failed=0    skipped=9    rescued=0    ignored=0   
h1                         : ok=13   changed=0    unreachable=0    failed=0    skipped=20   rescued=0    ignored=0   
h2                         : ok=13   changed=0    unreachable=0    failed=0    skipped=20   rescued=0    ignored=0   
h3                         : ok=13   changed=0    unreachable=0    failed=0    skipped=20   rescued=0    ignored=0   
h4                         : ok=13   changed=0    unreachable=0    failed=0    skipped=20   rescued=0    ignored=0   


Warning: The following warnings were generated during the 'netlab initial' processing
Warning: ansible: You're using Ansible version 12.x or higher; netlab might not work correctly
Results of configuration script deployments
================================================================================
h1                           OK: 2   
h2                           OK: 2   
h3                           OK: 2   
h4                           OK: 2   


The device under test has two VRFs with two interfaces in each VRF.
Each VRF has a loopback interface.

* h1 and h2 should be able to ping each other and the VRF loopback interface
* h3 and h4 should be able to ping each other and the VRF loopback interface
* h1 should not be able to reach h3

