time="2024-04-03T11:11:20Z" level=info msg="Containerlab v0.43.0 started"
time="2024-04-03T11:11:20Z" level=info msg="Parsing & checking topology file: clab.yml"
time="2024-04-03T11:11:20Z" level=info msg="Creating lab directory: /tmp/netlab_cicd/clab-vrf"
time="2024-04-03T11:11:20Z" level=info msg="Creating docker network: Name=\"netlab_mgmt\", IPv4Subnet=\"192.168.121.0/24\", IPv6Subnet=\"\", MTU=\"1500\""
time="2024-04-03T11:11:21Z" level=info msg="Creating container: \"r1\""
time="2024-04-03T11:11:21Z" level=info msg="Creating container: \"r2\""
time="2024-04-03T11:11:21Z" level=info msg="Creating container: \"r4\""
time="2024-04-03T11:11:21Z" level=info msg="Creating container: \"r3\""
time="2024-04-03T11:11:21Z" level=info msg="Creating container: \"dut\""
time="2024-04-03T11:11:21Z" level=info msg="Creating virtual wire: dut:et2 <--> r2:eth1"
time="2024-04-03T11:11:21Z" level=info msg="Creating virtual wire: dut:et3 <--> r3:eth1"
time="2024-04-03T11:11:22Z" level=info msg="Creating virtual wire: dut:et1 <--> r1:eth1"
time="2024-04-03T11:11:22Z" level=info msg="Creating virtual wire: dut:et4 <--> r4:eth1"
time="2024-04-03T11:11:22Z" level=info msg="Running postdeploy actions for Arista cEOS 'dut' node"
time="2024-04-03T11:11:39Z" level=info msg="Adding containerlab host entries to /etc/hosts file"
time="2024-04-03T11:11:39Z" level=info msg="🎉 New containerlab version 0.53.0 is available! Release notes: https://containerlab.dev/rn/0.53/\nRun 'containerlab version upgrade' to upgrade or go check other installation options at https://containerlab.dev/install/\n"
+---+--------------+--------------+-----------------------------+-------+---------+--------------------+--------------+
| # |     Name     | Container ID |            Image            | Kind  |  State  |    IPv4 Address    | IPv6 Address |
+---+--------------+--------------+-----------------------------+-------+---------+--------------------+--------------+
| 1 | clab-vrf-dut | 9d873fd7ee2e | ceos:4.31.2F                | ceos  | running | 192.168.121.101/24 | N/A          |
| 2 | clab-vrf-r1  | 873afe5cba87 | quay.io/frrouting/frr:9.1.0 | linux | running | 192.168.121.102/24 | N/A          |
| 3 | clab-vrf-r2  | bfd5ecf6e884 | quay.io/frrouting/frr:9.1.0 | linux | running | 192.168.121.103/24 | N/A          |
| 4 | clab-vrf-r3  | 560836ad38fe | quay.io/frrouting/frr:9.1.0 | linux | running | 192.168.121.104/24 | N/A          |
| 5 | clab-vrf-r4  | 01fde3b2ae0b | quay.io/frrouting/frr:9.1.0 | linux | running | 192.168.121.105/24 | N/A          |
+---+--------------+--------------+-----------------------------+-------+---------+--------------------+--------------+
Using transformed lab topology from snapshot file netlab.snapshot.yml
Checking virtualization provider installation
OK: clab installed and working correctly
Starting clab nodes
provider clab: executing sudo -E containerlab deploy -t clab.yml

Initial configuration skipped, run 'netlab initial' to configure the devices
