 [INFO] Creating configuration snippets
[CREATED] dut: normalize,initial,ospf,bgp,vrf
[CREATED] r1: initial,ospf
[CREATED] r2: initial,bgp
[CREATED] r3: initial,ospf
[CREATED] r4: initial,bgp
 [INFO] Executing initial configuration for node r1
 [INFO] Executing initial configuration for node r2
 [INFO] Executing initial configuration for node r3
 [INFO] Executing initial configuration for node r4
 [INFO] Executing ospf configuration for node r3
 [INFO] Executing bgp configuration for node r2
 [INFO] Executing ospf configuration for node r1
 [INFO] Executing bgp configuration for node r4

 [INFO] Starting Ansible playbook to deploy the rest of the
          configurations
[WARNING]: Found variable using reserved name: hosts

PLAY [Deploy initial device configuration] *************************************

TASK [Set variables that cannot be set with VARS] ******************************
ok: [dut]

TASK [Generic readiness tests] *************************************************
included: /home/pipi/netlab_gh/netsim/ansible/tasks/readiness-check/ssh.yml for dut => (item=ssh)

TASK [Check if 'sshpass' is installed] *****************************************
ok: [dut -> localhost]

TASK [Check for 'timeout' command] *********************************************
ok: [dut -> localhost]

TASK [Execute local ssh command to check ssh readiness] ************************
FAILED - RETRYING: [dut -> localhost]: Execute local ssh command to check ssh readiness (20 retries left).
ok: [dut -> localhost]

TASK [Confirm dut SSH server works] ********************************************
ok: [dut] => {
    "msg": "Node dut is ready."
}

TASK [Find device readiness script] ********************************************
ok: [dut]

TASK [Wait for device to become ready] *****************************************
skipping: [dut]

TASK [Normalize config on bridge-like devices] *********************************
included: /home/pipi/netlab_gh/netsim/ansible/tasks/deploy-module.yml for dut

TASK [Figure out whether to deploy the module normalize on current device] *****
ok: [dut]

TASK [Find configuration template for normalize] *******************************
ok: [dut]

TASK [fail] ********************************************************************
skipping: [dut]

TASK [Find configuration deployment deploy_script for normalize] ***************
ok: [dut]

TASK [Print deployed configuration when running in verbose mode] ***************
ok: [dut] => {
    "msg": "normalize configuration for dut\n=========================================\n!\ninterface Ethernet1\n shutdown\n!\ninterface Ethernet2\n shutdown\n!\ninterface Ethernet3\n shutdown\n!\ninterface Ethernet4\n shutdown\n"
}

TASK [Deploy normalize configuration] ******************************************
included: /home/pipi/netlab_gh/netsim/ansible/tasks/deploy-config/eos.yml for dut

TASK [eos_config: deploying normalize from /work/netlab_cicd/node_files/dut/normalize] ***
[WARNING]: To ensure idempotency and correct diff the input configuration lines
should be similar to how they appear if present in the running configuration on
device including the indentation
changed: [dut]

TASK [Deploy initial configuration] ********************************************
included: /home/pipi/netlab_gh/netsim/ansible/tasks/deploy-module.yml for dut

TASK [Figure out whether to deploy the module initial on current device] *******
ok: [dut]

TASK [Find configuration template for initial] *********************************
ok: [dut]

TASK [fail] ********************************************************************
skipping: [dut]

TASK [Find configuration deployment deploy_script for initial] *****************
ok: [dut]

TASK [Print deployed configuration when running in verbose mode] ***************
ok: [dut] => {
    "msg": "initial configuration for dut\n=========================================\nhostname dut\n!\nlogging monitor debugging\naaa authorization exec default local\n!\nlldp run\nip routing\nno ipv6 unicast-routing\n!\nvrf instance red\n rd 65000:1\n!\nip routing vrf red\n!\nvrf instance blue\n rd 65000:2\n!\nip routing vrf blue\n!\n!\nip host dut-red 10.1.0.1 10.1.0.5\nip host dut-blue 10.1.0.9 10.1.0.13\nip host r1 10.0.0.2 10.1.0.2\nip host r2 10.0.0.3 10.1.0.6\nip host r3 10.0.0.4 10.1.0.10\nip host r4 10.0.0.5 10.1.0.14\n!\ninterface defaults\n mtu 1500\n!\ninterface Management0\n no lldp transmit\n no lldp receive\n!\ninterface Loopback0\n ip address 10.0.0.1/32\n!\ninterface Ethernet1\n no switchport\n vrf red\n description dut -> r1\n ip address 10.1.0.1/30\n mac-address caf0.0001.0001\n!\n no shutdown\n!\ninterface Ethernet2\n no switchport\n vrf red\n description dut -> r2 [external]\n ip address 10.1.0.5/30\n mac-address caf0.0001.0002\n!\n no shutdown\n!\ninterface Ethernet3\n no switchport\n vrf blue\n description dut -> r3\n ip address 10.1.0.9/30\n mac-address caf0.0001.0003\n!\n no shutdown\n!\ninterface Ethernet4\n no switchport\n vrf blue\n description dut -> r4 [external]\n ip address 10.1.0.13/30\n mac-address caf0.0001.0004\n!\n no shutdown\n!\n"
}

TASK [Deploy initial configuration] ********************************************
included: /home/pipi/netlab_gh/netsim/ansible/tasks/deploy-config/eos.yml for dut

TASK [eos_config: deploying initial from /work/netlab_cicd/node_files/dut/initial] ***
changed: [dut]

PLAY [Deploy module-specific configurations] ***********************************

TASK [Set variables that cannot be set with VARS] ******************************
ok: [dut]

TASK [Deploy individual configuration modules] *********************************
included: /home/pipi/netlab_gh/netsim/ansible/tasks/deploy-module.yml for dut => (item=ospf)
included: /home/pipi/netlab_gh/netsim/ansible/tasks/deploy-module.yml for dut => (item=bgp)
included: /home/pipi/netlab_gh/netsim/ansible/tasks/deploy-module.yml for dut => (item=vrf)

TASK [Figure out whether to deploy the module ospf on current device] **********
ok: [dut]

TASK [Find configuration template for ospf] ************************************
ok: [dut]

TASK [fail] ********************************************************************
skipping: [dut]

TASK [Find configuration deployment deploy_script for ospf] ********************
ok: [dut]

TASK [Print deployed configuration when running in verbose mode] ***************
ok: [dut] => {
    "msg": "ospf configuration for dut\n=========================================\n"
}

TASK [Deploy ospf configuration] ***********************************************
included: /home/pipi/netlab_gh/netsim/ansible/tasks/deploy-config/eos.yml for dut

TASK [eos_config: deploying ospf from /work/netlab_cicd/node_files/dut/ospf] ***
ok: [dut]

TASK [Figure out whether to deploy the module bgp on current device] ***********
ok: [dut]

TASK [Find configuration template for bgp] *************************************
ok: [dut]

TASK [fail] ********************************************************************
skipping: [dut]

TASK [Find configuration deployment deploy_script for bgp] *********************
ok: [dut]

TASK [Print deployed configuration when running in verbose mode] ***************
ok: [dut] => {
    "msg": "bgp configuration for dut\n=========================================\n!\n!\nrouter bgp 65000\n  bgp advertise-inactive\n  bgp log-neighbor-changes\n  no bgp default ipv4-unicast\n  no bgp default ipv6-unicast\n  router-id 10.0.0.1\n!\n!\n address-family ipv4\n\n!\n!\n! Originate networks from connected subnets\n!\n  network 10.0.0.1/32\n!\n!\n!\n"
}

TASK [Deploy bgp configuration] ************************************************
included: /home/pipi/netlab_gh/netsim/ansible/tasks/deploy-config/eos.yml for dut

TASK [eos_config: deploying bgp from /work/netlab_cicd/node_files/dut/bgp] *****
changed: [dut]

TASK [Figure out whether to deploy the module vrf on current device] ***********
ok: [dut]

TASK [Find configuration template for vrf] *************************************
ok: [dut]

TASK [fail] ********************************************************************
skipping: [dut]

TASK [Find configuration deployment deploy_script for vrf] *********************
ok: [dut]

TASK [Print deployed configuration when running in verbose mode] ***************
ok: [dut] => {
    "msg": "vrf configuration for dut\n=========================================\n!\nmpls ip\n!\nrouter bgp 65000\n!\n vrf red\n  router-id 10.0.0.1\n  rd 65000:1\n  route-target import vpn-ipv4 65000:1\n  route-target export vpn-ipv4 65000:1\n!\n  neighbor 10.1.0.6 remote-as 65100\n  neighbor 10.1.0.6 description r2\n  neighbor 10.1.0.6 send-community standard large \n!\n  address-family ipv4\n    redistribute connected\n    redistribute ospf\n\n    neighbor 10.1.0.6 activate\n!\n vrf blue\n  router-id 10.0.0.1\n  rd 65000:2\n  route-target import vpn-ipv4 65000:2\n  route-target export vpn-ipv4 65000:2\n!\n  neighbor 10.1.0.14 remote-as 65101\n  neighbor 10.1.0.14 description r4\n  neighbor 10.1.0.14 send-community standard large \n!\n  address-family ipv4\n    redistribute connected\n    redistribute ospf\n\n    neighbor 10.1.0.14 activate\n!\n! OSPFv2 configuration\n!\nrouter ospf 100 vrf red\n router-id 10.100.0.1\n interface unnumbered hello mask tx 0.0.0.0\n timers spf delay initial 100 200 500\n timers lsa rx min interval 100\n timers lsa tx delay initial 100 200 500\n\n  redistribute bgp include leaked\n  redistribute connected include leaked\n\n!\ninterface Ethernet1\n! dut -> r1\n ip ospf area 0.0.0.0\n ip ospf network point-to-point\n!\n\n!\n! OSPFv2 configuration\n!\nrouter ospf 101 vrf blue\n router-id 10.101.0.1\n interface unnumbered hello mask tx 0.0.0.0\n timers spf delay initial 100 200 500\n timers lsa rx min interval 100\n timers lsa tx delay initial 100 200 500\n\n  redistribute bgp include leaked\n  redistribute connected include leaked\n\n!\ninterface Ethernet3\n! dut -> r3\n ip ospf area 0.0.0.0\n ip ospf network point-to-point\n!\n\n"
}

TASK [Deploy vrf configuration] ************************************************
included: /home/pipi/netlab_gh/netsim/ansible/tasks/deploy-config/eos.yml for dut

TASK [eos_config: deploying vrf from /work/netlab_cicd/node_files/dut/vrf] *****
changed: [dut]

PLAY [Deploy custom deployment templates] **************************************
skipping: no hosts matched

PLAY RECAP *********************************************************************
dut                        : ok=43   changed=4    unreachable=0    failed=0    skipped=6    rescued=0    ignored=0   

Results of configuration script deployments
================================================================================
r1                           OK: 2   
r2                           OK: 2   
r3                           OK: 2   
r4                           OK: 2   


The device under test has two VRFs with two interfaces in each VRF.
Routers are attached to those interfaces and run OSPF and BGP with
device under test. Assuming the OSPF and BGP multi-vrf test cases
succeeded, this one tests OSPF-to-BGP two-way redistribution.

* r1 and r2 should be able to ping each other
* r3 and r4 should be able to ping each other
* r1 should not be able to reach r3

