12:30:32 INFO Containerlab started version=0.72.0
12:30:32 INFO Parsing & checking topology file=clab.yml
12:30:32 INFO Removing directory path=/work/netlab_cicd/clab-ml-17
12:30:32 INFO Creating docker network name=nl_mgmt_17 IPv4 subnet=192.168.17.0/24 IPv6 subnet="" MTU=0
12:30:32 INFO Creating lab directory path=/work/netlab_cicd/clab-ml-17
12:30:32 INFO Creating container name=r1
12:30:32 INFO Creating container name=srv
12:30:32 INFO Creating container name=r2
12:30:32 INFO Creating container name=dut
12:30:33 INFO Created link: dut:et1 ▪┄┄▪ r1:eth1
12:30:33 INFO Created link: dut:et3 ▪┄┄▪ srv:eth1
12:30:33 INFO Running postdeploy actions for Arista cEOS 'dut' node
12:30:33 INFO Created link: dut:et2 ▪┄┄▪ r2:eth1
12:30:47 INFO Executed command node=srv command="sleep 1" stdout=""
12:30:47 INFO Executed command node=r1 command="sleep 1" stdout=""
12:30:47 INFO Executed command node=r2 command="sleep 1" stdout=""
12:30:47 INFO Adding host entries path=/etc/hosts
12:30:47 INFO Adding SSH config for nodes path=/etc/ssh/ssh_config.d/clab-ml-17.conf
[1m╭[0m[1m────────────────[0m[1m┬[0m[1m──────────────────────────────[0m[1m┬[0m[1m─────────[0m[1m┬[0m[1m────────────────[0m[1m╮[0m
[1m│[0m[1m      Name      [0m[1m│[0m[1m          Kind/Image          [0m[1m│[0m[1m  State  [0m[1m│[0m[1m IPv4/6 Address [0m[1m│[0m
[1m├[0m[1m────────────────[0m[1m┼[0m[1m──────────────────────────────[0m[1m┼[0m[1m─────────[0m[1m┼[0m[1m────────────────[0m[1m┤[0m
│ clab-ml-17-dut │ ceos                         │ running │ 192.168.17.101 │
│                │ ceos:4.34.2F                 │         │ N/A            │
├────────────────┼──────────────────────────────┼─────────┼────────────────┤
│ clab-ml-17-r1  │ linux                        │ running │ 192.168.17.102 │
│                │ quay.io/frrouting/frr:10.5.1 │         │ N/A            │
├────────────────┼──────────────────────────────┼─────────┼────────────────┤
│ clab-ml-17-r2  │ linux                        │ running │ 192.168.17.103 │
│                │ quay.io/frrouting/frr:10.5.1 │         │ N/A            │
├────────────────┼──────────────────────────────┼─────────┼────────────────┤
│ clab-ml-17-srv │ linux                        │ running │ 192.168.17.104 │
│                │ quay.io/frrouting/frr:10.5.1 │         │ N/A            │
╰────────────────┴──────────────────────────────┴─────────┴────────────────╯
Using transformed lab topology from snapshot file netlab.snapshot.pickle
Checking virtualization provider installation
OK: clab installed and working correctly
Starting clab nodes
provider clab: executing sudo -E containerlab deploy --reconfigure -t clab.yml

Initial configuration skipped, run 'netlab initial' to configure the devices
