13:43:16 INFO Containerlab started version=0.69.3
13:43:16 INFO Parsing & checking topology file=clab.yml
13:43:16 INFO Removing directory path=/work/netlab_cicd/clab-ml_17
13:43:16 INFO Creating docker network name=nl_mgmt_17 IPv4 subnet=192.168.17.0/24 IPv6 subnet="" MTU=0
13:43:16 INFO Creating lab directory path=/work/netlab_cicd/clab-ml_17
13:43:16 INFO Creating container name=srv
13:43:16 INFO Creating container name=r1
13:43:16 INFO Creating container name=r2
13:43:16 INFO Creating container name=dut
13:43:16 INFO Created link: dut:et1 ▪┄┄▪ r1:eth1
13:43:16 INFO Created link: dut:et2 ▪┄┄▪ r2:eth1
13:43:16 INFO Created link: dut:et3 ▪┄┄▪ srv:eth1
13:43:16 INFO Running postdeploy actions for Arista cEOS 'dut' node
13:43:31 INFO Adding host entries path=/etc/hosts
13:43:31 INFO Adding SSH config for nodes path=/etc/ssh/ssh_config.d/clab-ml_17.conf
🎉 A newer containerlab version (0.70.2) is available!
Release notes: https://containerlab.dev/rn/0.70/#0702
Run 'sudo clab version upgrade' or see https://containerlab.dev/install/ for installation options.
[1m╭[0m[1m────────────────[0m[1m┬[0m[1m──────────────────────────────[0m[1m┬[0m[1m─────────[0m[1m┬[0m[1m────────────────[0m[1m╮[0m
[1m│[0m[1m      Name      [0m[1m│[0m[1m          Kind/Image          [0m[1m│[0m[1m  State  [0m[1m│[0m[1m IPv4/6 Address [0m[1m│[0m
[1m├[0m[1m────────────────[0m[1m┼[0m[1m──────────────────────────────[0m[1m┼[0m[1m─────────[0m[1m┼[0m[1m────────────────[0m[1m┤[0m
│ clab-ml_17-dut │ ceos                         │ running │ 192.168.17.101 │
│                │ ceos:4.34.2F                 │         │ N/A            │
├────────────────┼──────────────────────────────┼─────────┼────────────────┤
│ clab-ml_17-r1  │ linux                        │ running │ 192.168.17.102 │
│                │ quay.io/frrouting/frr:10.4.1 │         │ N/A            │
├────────────────┼──────────────────────────────┼─────────┼────────────────┤
│ clab-ml_17-r2  │ linux                        │ running │ 192.168.17.103 │
│                │ quay.io/frrouting/frr:10.4.1 │         │ N/A            │
├────────────────┼──────────────────────────────┼─────────┼────────────────┤
│ clab-ml_17-srv │ linux                        │ running │ 192.168.17.104 │
│                │ quay.io/frrouting/frr:10.4.1 │         │ N/A            │
╰────────────────┴──────────────────────────────┴─────────┴────────────────╯
Using transformed lab topology from snapshot file netlab.snapshot.pickle
Checking virtualization provider installation
OK: clab installed and working correctly
Starting clab nodes
provider clab: executing sudo -E containerlab deploy --reconfigure -t clab.yml

Initial configuration skipped, run 'netlab initial' to configure the devices
