Warning in ansible: You're using Ansible version 12.x or higher; netlab might not work correctly
... Ansible core version 2.19 introduced breaking changes in templates and playbooks
... We tested netlab core with Ansible version 12.x but not every device template
... You might want to downgrade Ansible to version 11.10 or lower.
... Use 'netlab install ansible' on Ubuntu to do that
... Finally, please open a GitHub issue if you experience errors/crashes
... Set defaults.ansible.warnings.ver12 to False to hide this warning
 [INFO] Checking for updates in configuration templates
 [INFO] Creating configuration snippets
[CREATED] r: initial,routing
[CREATED] h1: initial,routing
[CREATED] h2: initial,routing
 [INFO] Executing initial configuration for node r
 [INFO] Executing initial configuration for node h1 (namespace clab-
          ml_17-h1)
 [INFO] Executing routing configuration for node h1 (namespace clab-
          ml_17-h1)
 [INFO] Executing initial configuration for node h2 (namespace clab-
          ml_17-h2)
 [INFO] Executing routing configuration for node h2 (namespace clab-
          ml_17-h2)

Warning: The following warnings were generated during the 'netlab initial' processing
Warning: ansible: You're using Ansible version 12.x or higher; netlab might not work correctly

Results of configuration script deployments
================================================================================
r                            OK: 1   
h1                           OK: 2   
h2                           OK: 2   


This scenario tests additional loopback interfaces
