18:48:26 INFO Containerlab started version=0.71.1
18:48:26 INFO Parsing & checking topology file=clab.yml
18:48:26 INFO Removing directory path=/work/netlab_cicd/clab-ml_17
18:48:26 INFO Creating docker network name=nl_mgmt_17 IPv4 subnet=192.168.17.0/24 IPv6 subnet="" MTU=0
18:48:26 INFO Creating lab directory path=/work/netlab_cicd/clab-ml_17
18:48:26 INFO Creating container name=t_1300
18:48:26 INFO Creating container name=dut
18:48:26 INFO Creating container name=t_1400
18:48:26 INFO Creating container name=p1
18:48:27 INFO Running postdeploy actions for Arista cEOS 'p1' node
18:48:27 INFO Created link: dut:eth1 ▪┄┄▪ p1:et1
18:48:27 INFO Created link: dut:eth3 ▪┄┄▪ t_1300:eth1
18:48:27 INFO Created link: dut:eth2 ▪┄┄▪ t_1400:eth1
18:48:47 INFO Executed command node=dut command="sh /etc/config/initial.sh"
  stdout=
  │ net.ipv4.conf.all.arp_announce = 2
  │ net.ipv4.ip_forward = 1
  │ net.ipv6.conf.all.forwarding = 1
  │ net.ipv6.conf.lo.disable_ipv6 = 0
  │ net.ipv6.conf.eth1.disable_ipv6 = 0
  │ net.ipv6.conf.eth2.disable_ipv6 = 0
  │ net.ipv6.conf.eth3.disable_ipv6 = 0

18:48:47 INFO Adding host entries path=/etc/hosts
18:48:47 INFO Adding SSH config for nodes path=/etc/ssh/ssh_config.d/clab-ml_17.conf
You are on the latest version (0.71.1)
[1m╭[0m[1m───────────────────[0m[1m┬[0m[1m────────────────────[0m[1m┬[0m[1m─────────[0m[1m┬[0m[1m────────────────[0m[1m╮[0m
[1m│[0m[1m        Name       [0m[1m│[0m[1m     Kind/Image     [0m[1m│[0m[1m  State  [0m[1m│[0m[1m IPv4/6 Address [0m[1m│[0m
[1m├[0m[1m───────────────────[0m[1m┼[0m[1m────────────────────[0m[1m┼[0m[1m─────────[0m[1m┼[0m[1m────────────────[0m[1m┤[0m
│ clab-ml_17-dut    │ linux              │ running │ 192.168.17.101 │
│                   │ netlab/bird:latest │         │ N/A            │
├───────────────────┼────────────────────┼─────────┼────────────────┤
│ clab-ml_17-p1     │ ceos               │ running │ 192.168.17.102 │
│                   │ ceos:4.34.2F       │         │ N/A            │
├───────────────────┼────────────────────┼─────────┼────────────────┤
│ clab-ml_17-t_1300 │ linux              │ running │ 192.168.17.103 │
│                   │ python:3.13-alpine │         │ N/A            │
├───────────────────┼────────────────────┼─────────┼────────────────┤
│ clab-ml_17-t_1400 │ linux              │ running │ 192.168.17.104 │
│                   │ python:3.13-alpine │         │ N/A            │
╰───────────────────┴────────────────────┴─────────┴────────────────╯
Using transformed lab topology from snapshot file netlab.snapshot.pickle
Checking virtualization provider installation
OK: clab installed and working correctly
Starting clab nodes
provider clab: executing sudo -E containerlab deploy --reconfigure -t clab.yml

Initial configuration skipped, run 'netlab initial' to configure the devices
