13:28:53 INFO Containerlab started version=0.72.0
13:28:53 INFO Parsing & checking topology file=clab.yml
13:28:53 INFO Removing directory path=/work/netlab_cicd/clab-ml-17
13:28:53 INFO Creating docker network name=nl_mgmt_17 IPv4 subnet=192.168.17.0/24 IPv6 subnet="" MTU=0
13:28:54 INFO Pulling image image=quay.io/frrouting/frr:10.5.1
10.5.1: Pulling from frrouting/frr
2d35ebdb57d9: Already exists
d96f61f10f9b: Already exists
55d1e1804e07: Pulling fs layer
8e16b1a6ad48: Pulling fs layer
4f4fb700ef54: Pulling fs layer
dbc4adadd050: Pulling fs layer
53228214dbc1: Pulling fs layer
dbc4adadd050: Waiting
53228214dbc1: Waiting
4f4fb700ef54: Verifying Checksum
4f4fb700ef54: Download complete
dbc4adadd050: Verifying Checksum
dbc4adadd050: Download complete
53228214dbc1: Download complete
55d1e1804e07: Verifying Checksum
55d1e1804e07: Download complete
55d1e1804e07: Pull complete
8e16b1a6ad48: Download complete
8e16b1a6ad48: Pull complete
4f4fb700ef54: Pull complete
dbc4adadd050: Pull complete
53228214dbc1: Pull complete
Digest: sha256:848482643a8d6f56452b659ea68f6138472bb57414a4f295a7c4107a0416269c
Status: Downloaded newer image for quay.io/frrouting/frr:10.5.1
13:29:05 INFO Done pulling image image=quay.io/frrouting/frr:10.5.1
13:29:05 INFO Creating lab directory path=/work/netlab_cicd/clab-ml-17
13:29:05 INFO Creating container name=dut
13:29:05 INFO Creating container name=h4
13:29:05 INFO Creating container name=h1
13:29:05 INFO Creating container name=h3
13:29:05 INFO Creating container name=h2
13:29:05 INFO Creating container name=rtr
13:29:06 INFO Created link: rtr:eth2 в–Әв”„в”„в–Ә h2:eth1
13:29:06 INFO Created link: dut:eth1 в–Әв”„в”„в–Ә ml-17_1:bni17n1i1
13:29:06 INFO Created link: dut:eth2 в–Әв”„в”„в–Ә ml-17_3:bni17n1i2
13:29:06 INFO Created link: rtr:eth1 в–Әв”„в”„в–Ә ml-17_1:bni17n2i1
13:29:06 INFO Created link: h3:eth1 в–Әв”„в”„в–Ә ml-17_3:bni17n5i1
13:29:06 INFO Created link: h4:eth1 в–Әв”„в”„в–Ә ml-17_3:bni17n6i1
13:29:06 INFO Created link: h1:eth1 в–Әв”„в”„в–Ә ml-17_1:bni17n3i1
13:29:06 INFO Adding host entries path=/etc/hosts
13:29:06 INFO Adding SSH config for nodes path=/etc/ssh/ssh_config.d/clab-ml-17.conf
[1mв•ӯ[0m[1mв”Җв”Җв”Җв”Җв”Җв”Җв”Җв”Җв”Җв”Җв”Җв”Җв”Җв”Җв”Җв”Җ[0m[1mв”¬[0m[1mв”Җв”Җв”Җв”Җв”Җв”Җв”Җв”Җв”Җв”Җв”Җв”Җв”Җв”Җв”Җв”Җв”Җв”Җв”Җв”Җв”Җв”Җв”Җв”Җв”Җв”Җв”Җв”Җв”Җв”Җ[0m[1mв”¬[0m[1mв”Җв”Җв”Җв”Җв”Җв”Җв”Җв”Җв”Җ[0m[1mв”¬[0m[1mв”Җв”Җв”Җв”Җв”Җв”Җв”Җв”Җв”Җв”Җв”Җв”Җв”Җв”Җв”Җв”Җ[0m[1mв•®[0m
[1mв”Ӯ[0m[1m      Name      [0m[1mв”Ӯ[0m[1m          Kind/Image          [0m[1mв”Ӯ[0m[1m  State  [0m[1mв”Ӯ[0m[1m IPv4/6 Address [0m[1mв”Ӯ[0m
[1mв”ң[0m[1mв”Җв”Җв”Җв”Җв”Җв”Җв”Җв”Җв”Җв”Җв”Җв”Җв”Җв”Җв”Җв”Җ[0m[1mв”ј[0m[1mв”Җв”Җв”Җв”Җв”Җв”Җв”Җв”Җв”Җв”Җв”Җв”Җв”Җв”Җв”Җв”Җв”Җв”Җв”Җв”Җв”Җв”Җв”Җв”Җв”Җв”Җв”Җв”Җв”Җв”Җ[0m[1mв”ј[0m[1mв”Җв”Җв”Җв”Җв”Җв”Җв”Җв”Җв”Җ[0m[1mв”ј[0m[1mв”Җв”Җв”Җв”Җв”Җв”Җв”Җв”Җв”Җв”Җв”Җв”Җв”Җв”Җв”Җв”Җ[0m[1mв”Ө[0m
в”Ӯ clab-ml-17-dut в”Ӯ linux                        в”Ӯ running в”Ӯ 192.168.17.101 в”Ӯ
в”Ӯ                в”Ӯ netlab/bird:latest           в”Ӯ         в”Ӯ N/A            в”Ӯ
в”ңв”Җв”Җв”Җв”Җв”Җв”Җв”Җв”Җв”Җв”Җв”Җв”Җв”Җв”Җв”Җв”Җв”јв”Җв”Җв”Җв”Җв”Җв”Җв”Җв”Җв”Җв”Җв”Җв”Җв”Җв”Җв”Җв”Җв”Җв”Җв”Җв”Җв”Җв”Җв”Җв”Җв”Җв”Җв”Җв”Җв”Җв”Җв”јв”Җв”Җв”Җв”Җв”Җв”Җв”Җв”Җв”Җв”јв”Җв”Җв”Җв”Җв”Җв”Җв”Җв”Җв”Җв”Җв”Җв”Җв”Җв”Җв”Җв”Җв”Ө
в”Ӯ clab-ml-17-h1  в”Ӯ linux                        в”Ӯ running в”Ӯ 192.168.17.103 в”Ӯ
в”Ӯ                в”Ӯ python:3.13-alpine           в”Ӯ         в”Ӯ N/A            в”Ӯ
в”ңв”Җв”Җв”Җв”Җв”Җв”Җв”Җв”Җв”Җв”Җв”Җв”Җв”Җв”Җв”Җв”Җв”јв”Җв”Җв”Җв”Җв”Җв”Җв”Җв”Җв”Җв”Җв”Җв”Җв”Җв”Җв”Җв”Җв”Җв”Җв”Җв”Җв”Җв”Җв”Җв”Җв”Җв”Җв”Җв”Җв”Җв”Җв”јв”Җв”Җв”Җв”Җв”Җв”Җв”Җв”Җв”Җв”јв”Җв”Җв”Җв”Җв”Җв”Җв”Җв”Җв”Җв”Җв”Җв”Җв”Җв”Җв”Җв”Җв”Ө
в”Ӯ clab-ml-17-h2  в”Ӯ linux                        в”Ӯ running в”Ӯ 192.168.17.104 в”Ӯ
в”Ӯ                в”Ӯ python:3.13-alpine           в”Ӯ         в”Ӯ N/A            в”Ӯ
в”ңв”Җв”Җв”Җв”Җв”Җв”Җв”Җв”Җв”Җв”Җв”Җв”Җв”Җв”Җв”Җв”Җв”јв”Җв”Җв”Җв”Җв”Җв”Җв”Җв”Җв”Җв”Җв”Җв”Җв”Җв”Җв”Җв”Җв”Җв”Җв”Җв”Җв”Җв”Җв”Җв”Җв”Җв”Җв”Җв”Җв”Җв”Җв”јв”Җв”Җв”Җв”Җв”Җв”Җв”Җв”Җв”Җв”јв”Җв”Җв”Җв”Җв”Җв”Җв”Җв”Җв”Җв”Җв”Җв”Җв”Җв”Җв”Җв”Җв”Ө
в”Ӯ clab-ml-17-h3  в”Ӯ linux                        в”Ӯ running в”Ӯ 192.168.17.105 в”Ӯ
в”Ӯ                в”Ӯ python:3.13-alpine           в”Ӯ         в”Ӯ N/A            в”Ӯ
в”ңв”Җв”Җв”Җв”Җв”Җв”Җв”Җв”Җв”Җв”Җв”Җв”Җв”Җв”Җв”Җв”Җв”јв”Җв”Җв”Җв”Җв”Җв”Җв”Җв”Җв”Җв”Җв”Җв”Җв”Җв”Җв”Җв”Җв”Җв”Җв”Җв”Җв”Җв”Җв”Җв”Җв”Җв”Җв”Җв”Җв”Җв”Җв”јв”Җв”Җв”Җв”Җв”Җв”Җв”Җв”Җв”Җв”јв”Җв”Җв”Җв”Җв”Җв”Җв”Җв”Җв”Җв”Җв”Җв”Җв”Җв”Җв”Җв”Җв”Ө
в”Ӯ clab-ml-17-h4  в”Ӯ linux                        в”Ӯ running в”Ӯ 192.168.17.106 в”Ӯ
в”Ӯ                в”Ӯ python:3.13-alpine           в”Ӯ         в”Ӯ N/A            в”Ӯ
в”ңв”Җв”Җв”Җв”Җв”Җв”Җв”Җв”Җв”Җв”Җв”Җв”Җв”Җв”Җв”Җв”Җв”јв”Җв”Җв”Җв”Җв”Җв”Җв”Җв”Җв”Җв”Җв”Җв”Җв”Җв”Җв”Җв”Җв”Җв”Җв”Җв”Җв”Җв”Җв”Җв”Җв”Җв”Җв”Җв”Җв”Җв”Җв”јв”Җв”Җв”Җв”Җв”Җв”Җв”Җв”Җв”Җв”јв”Җв”Җв”Җв”Җв”Җв”Җв”Җв”Җв”Җв”Җв”Җв”Җв”Җв”Җв”Җв”Җв”Ө
в”Ӯ clab-ml-17-rtr в”Ӯ linux                        в”Ӯ running в”Ӯ 192.168.17.102 в”Ӯ
в”Ӯ                в”Ӯ quay.io/frrouting/frr:10.5.1 в”Ӯ         в”Ӯ N/A            в”Ӯ
в•°в”Җв”Җв”Җв”Җв”Җв”Җв”Җв”Җв”Җв”Җв”Җв”Җв”Җв”Җв”Җв”Җв”ҙв”Җв”Җв”Җв”Җв”Җв”Җв”Җв”Җв”Җв”Җв”Җв”Җв”Җв”Җв”Җв”Җв”Җв”Җв”Җв”Җв”Җв”Җв”Җв”Җв”Җв”Җв”Җв”Җв”Җв”Җв”ҙв”Җв”Җв”Җв”Җв”Җв”Җв”Җв”Җв”Җв”ҙв”Җв”Җв”Җв”Җв”Җв”Җв”Җв”Җв”Җв”Җв”Җв”Җв”Җв”Җв”Җв”Җв•Ҝ
Using transformed lab topology from snapshot file netlab.snapshot.pickle
Checking virtualization provider installation
OK: clab installed and working correctly
Starting clab nodes
provider clab: executing sudo -E containerlab deploy --reconfigure -t clab.yml

Initial configuration skipped, run 'netlab initial' to configure the devices
