/home/pipi/.local/lib/python3.10/site-packages/paramiko/pkey.py:100: CryptographyDeprecationWarning: TripleDES has been moved to cryptography.hazmat.decrepit.ciphers.algorithms.TripleDES and will be removed from cryptography.hazmat.primitives.ciphers.algorithms in 48.0.0.
  "cipher": algorithms.TripleDES,
/home/pipi/.local/lib/python3.10/site-packages/paramiko/transport.py:259: CryptographyDeprecationWarning: TripleDES has been moved to cryptography.hazmat.decrepit.ciphers.algorithms.TripleDES and will be removed from cryptography.hazmat.primitives.ciphers.algorithms in 48.0.0.
  "class": algorithms.TripleDES,
[WARNING]: Could not match supplied host pattern, ignoring: unprovisioned
[WARNING]: Found variable using reserved name: hosts

PLAY [Deploy initial device configuration] *************************************

TASK [Set variables that cannot be set with VARS] ******************************
ok: [x1]
ok: [x2]
ok: [dut]

TASK [Generic readiness tests] *************************************************
skipping: [dut]
skipping: [x1]
skipping: [x2]

TASK [Find device readiness script] ********************************************
ok: [x1]
ok: [x2]
ok: [dut]

TASK [Wait for device to become ready] *****************************************
skipping: [x1]
skipping: [x2]
included: /home/pipi/netlab_gh/netsim/ansible/tasks/readiness-check/routeros7.yml for dut

TASK [Execute local ssh command to check router readiness] *********************
skipping: [dut]

TASK [Normalize config on bridge-like devices] *********************************
included: /home/pipi/netlab_gh/netsim/ansible/tasks/deploy-module.yml for dut, x1, x2

TASK [Figure out whether to deploy the module normalize on current device] *****
ok: [x1]
ok: [x2]
ok: [dut]

TASK [Find configuration template for normalize] *******************************
ok: [x1]
ok: [x2]
ok: [dut]

TASK [fail] ********************************************************************
skipping: [dut]
skipping: [x1]
skipping: [x2]

TASK [Find configuration deployment deploy_script for normalize] ***************
ok: [x1]
ok: [x2]
ok: [dut]

TASK [Print deployed configuration when running in verbose mode] ***************
skipping: [dut]
skipping: [x1]
skipping: [x2]

TASK [Deploy normalize configuration] ******************************************
skipping: [dut]
skipping: [x1]
skipping: [x2]

TASK [Deploy initial configuration] ********************************************
included: /home/pipi/netlab_gh/netsim/ansible/tasks/deploy-module.yml for dut, x1, x2

TASK [Figure out whether to deploy the module initial on current device] *******
ok: [x1]
ok: [x2]
ok: [dut]

TASK [Find configuration template for initial] *********************************
ok: [x1]
ok: [x2]
ok: [dut]

TASK [fail] ********************************************************************
skipping: [dut]
skipping: [x1]
skipping: [x2]

TASK [Find configuration deployment deploy_script for initial] *****************
ok: [x1]
ok: [x2]
ok: [dut]

TASK [Print deployed configuration when running in verbose mode] ***************
ok: [dut] => 
  msg: |-
    initial configuration for dut
    =========================================
  
    /system identity set name="dut"
  
    /interface bridge add name=loopback protocol-mode=none
  
  
    /ipv6 address add interface=loopback address=2001:db8:1:1::1/64
  
  
  
  
    /interface ethernet set comment="dut -> x1" ether2
  
    /interface ethernet set mtu=1500 ether2
  
    /ipv6 address add interface=ether2 address=2001:db8:3::1/64
    /ipv6 nd add interface=ether2 advertise-dns=no ra-interval=3s-30s
  
  
    /interface ethernet set comment="dut -> x2" ether3
  
    /interface ethernet set mtu=1500 ether3
  
    /ipv6 address add interface=ether3 address=2001:db8:cafe:1::1/64
    /ipv6 nd add interface=ether3 advertise-dns=no ra-interval=3s-30s
  
  
    /interface ethernet set comment="dut -> stub [stub]" ether4
  
    /interface ethernet set mtu=1500 ether4
  
    /ipv6 address add interface=ether4 address=2001:db8:cafe:2::1/64
    /ipv6 nd add interface=ether4 advertise-dns=no ra-interval=3s-30s
  
  
    /ip neighbor discovery-settings set discover-interface-list=all
ok: [x1] => 
  msg: |-
    initial configuration for x1
    =========================================
    #!/bin/bash
    #
    set -e
    set -x
    #
    # Create bash profile script
    #
    cat <<SCRIPT >/root/.bash_profile
    #!/bin/bash
    #
    export PS1="\h(bash)# "
    echo
    echo "Use vtysh to connect to FRR daemon"
    echo
    SCRIPT
    #
    # This is an artifact of unknown provenance that should be removed in a year or two (= 2026/2027)
    #
    # FRR controls these parameters with 'ip forwarding' and 'ipv6 forwarding' commands
    #
    sysctl -w net.ipv4.ip_forward=0
    sysctl -w net.ipv6.conf.all.forwarding=1
    #
    #
    # Get the current next hop for the default route
    #
    def_nh=$(ip route list default|awk '{ print $3 }')
    #
    # Create the management VRF and add eth0 to it
    #
    if [ ! -e /sys/devices/virtual/net/mgmt ]; then
      ip link add mgmt type vrf table 42
    fi
    ip link set mgmt up
    sysctl -qw net.ipv6.conf.eth0.keep_addr_on_down=1
    ip link set eth0 master mgmt
    #
    # Reinstall the default route if we had it before
    #
    if [[ -n "$def_nh" ]]; then
      ip route add 0.0.0.0/0 vrf mgmt via $def_nh
    fi
    #
    # Enable FRR modules (if not using containerlab bind-mounted /etc/frr/daemons)
    #
  
    # Set system defaults
    #
    # Send ARP requests from a sane source IP address
    #
    sysctl -w net.ipv4.conf.all.arp_announce=2
  
    #
    # Create loopbacks, stub and lag/bond devices
    #
    if [ ! -e /sys/class/net/lo ]; then
      if [ ! -e /sys/devices/virtual/net/lo ]; then
        ip link add lo type dummy
        ip link set dev lo up
      fi
    fi
  
    # Disable IPv6 (for IPv4-only interfaces) or SLAAC (if the device is a router)
    #
    ip link set eth1 down
    sysctl -qw net.ipv6.conf.eth1.autoconf=0
    sysctl -qw net.ipv6.conf.eth1.accept_ra=0
    ip link set dev eth1 mtu 1500
    ip link set eth1 up
    ip link set eth2 down
    sysctl -qw net.ipv6.conf.eth2.autoconf=0
    sysctl -qw net.ipv6.conf.eth2.accept_ra=0
    ip link set dev eth2 mtu 1500
    ip link set eth2 up
  
    #
    # Add vtysh.conf file
    echo "service integrated-vtysh-config" >/etc/frr/vtysh.conf
  
    #
    # Rest of initial configuration done through VTYSH
    #
    cat >/tmp/config <<CONFIG
    hostname x1
    !
    log file /tmp/logging
  
    !
    ipv6 forwarding
    vrf mgmt
     exit-vrf
    !
    frr defaults datacenter
    !
    interface lo
     no shutdown
     ! no ip address
     ipv6 address 2001:db8:1:2::1/64
    !
    interface eth1
     no shutdown
     description x1 -> dut
     ! no ip address
     ipv6 address 2001:db8:3::2/64
     ipv6 nd ra-interval 5
     no ipv6 nd suppress-ra
    !
    interface eth2
     no shutdown
     description x1 -> x2
     ! no ip address
     ipv6 address 2001:db8:3:1::2/64
     ipv6 nd ra-interval 5
     no ipv6 nd suppress-ra
    !
    do write
    CONFIG
    vtysh -f /tmp/config
    !
    exit 0
ok: [x2] => 
  msg: |-
    initial configuration for x2
    =========================================
    #!/bin/bash
    #
    set -e
    set -x
    #
    # Create bash profile script
    #
    cat <<SCRIPT >/root/.bash_profile
    #!/bin/bash
    #
    export PS1="\h(bash)# "
    echo
    echo "Use vtysh to connect to FRR daemon"
    echo
    SCRIPT
    #
    # This is an artifact of unknown provenance that should be removed in a year or two (= 2026/2027)
    #
    # FRR controls these parameters with 'ip forwarding' and 'ipv6 forwarding' commands
    #
    sysctl -w net.ipv4.ip_forward=0
    sysctl -w net.ipv6.conf.all.forwarding=1
    #
    #
    # Get the current next hop for the default route
    #
    def_nh=$(ip route list default|awk '{ print $3 }')
    #
    # Create the management VRF and add eth0 to it
    #
    if [ ! -e /sys/devices/virtual/net/mgmt ]; then
      ip link add mgmt type vrf table 42
    fi
    ip link set mgmt up
    sysctl -qw net.ipv6.conf.eth0.keep_addr_on_down=1
    ip link set eth0 master mgmt
    #
    # Reinstall the default route if we had it before
    #
    if [[ -n "$def_nh" ]]; then
      ip route add 0.0.0.0/0 vrf mgmt via $def_nh
    fi
    #
    # Enable FRR modules (if not using containerlab bind-mounted /etc/frr/daemons)
    #
  
    # Set system defaults
    #
    # Send ARP requests from a sane source IP address
    #
    sysctl -w net.ipv4.conf.all.arp_announce=2
  
    #
    # Create loopbacks, stub and lag/bond devices
    #
    if [ ! -e /sys/class/net/lo ]; then
      if [ ! -e /sys/devices/virtual/net/lo ]; then
        ip link add lo type dummy
        ip link set dev lo up
      fi
    fi
  
    # Disable IPv6 (for IPv4-only interfaces) or SLAAC (if the device is a router)
    #
    ip link set eth1 down
    sysctl -qw net.ipv6.conf.eth1.autoconf=0
    sysctl -qw net.ipv6.conf.eth1.accept_ra=0
    ip link set dev eth1 mtu 1500
    ip link set eth1 up
    ip link set eth2 down
    sysctl -qw net.ipv6.conf.eth2.autoconf=0
    sysctl -qw net.ipv6.conf.eth2.accept_ra=0
    ip link set dev eth2 mtu 1500
    ip link set eth2 up
  
    #
    # Add vtysh.conf file
    echo "service integrated-vtysh-config" >/etc/frr/vtysh.conf
  
    #
    # Rest of initial configuration done through VTYSH
    #
    cat >/tmp/config <<CONFIG
    hostname x2
    !
    log file /tmp/logging
  
    !
    ipv6 forwarding
    vrf mgmt
     exit-vrf
    !
    frr defaults datacenter
    !
    interface lo
     no shutdown
     ! no ip address
     ipv6 address 2001:db8:1:3::1/64
    !
    interface eth1
     no shutdown
     description x2 -> dut
     ! no ip address
     ipv6 address 2001:db8:cafe:1::3/64
     ipv6 nd ra-interval 5
     no ipv6 nd suppress-ra
    !
    interface eth2
     no shutdown
     description x2 -> x1
     ! no ip address
     ipv6 address 2001:db8:3:1::3/64
     ipv6 nd ra-interval 5
     no ipv6 nd suppress-ra
    !
    do write
    CONFIG
    vtysh -f /tmp/config
    !
    exit 0

TASK [Deploy initial configuration] ********************************************
included: /home/pipi/netlab_gh/netsim/ansible/tasks/deploy-config/routeros7.yml for dut
included: /home/pipi/netlab_gh/netsim/ansible/tasks/frr/initial-clab.yml for x1, x2

TASK [load initial from /home/pipi/netlab_gh/netsim/ansible/templates/initial/routeros7.j2] ***
ok: [dut]

TASK [Run commands on CHR] *****************************************************
changed: [dut]

TASK [Attempt to load VRF kernel module] ***************************************
changed: [x1 -> localhost]

TASK [Disable FRR management VRF when modprobe fails] **************************
skipping: [x1]
skipping: [x2]

TASK [include_tasks] ***********************************************************
included: /home/pipi/netlab_gh/netsim/ansible/tasks/frr/deploy-config.yml for x1, x2

TASK [template] ****************************************************************
changed: [x2]
changed: [x1]

TASK [set_fact] ****************************************************************
ok: [x1]
ok: [x2]

TASK [run /tmp/config.sh to deploy initial config from /home/pipi/netlab_gh/netsim/ansible/templates/initial/frr.j2] ***
changed: [x2]
changed: [x1]

TASK [run vtysh to import initial config from /home/pipi/netlab_gh/netsim/ansible/templates/initial/frr.j2] ***
skipping: [x1]
skipping: [x2]

PLAY [Deploy module-specific configurations] ***********************************

TASK [Set variables that cannot be set with VARS] ******************************
ok: [x1]
ok: [x2]
ok: [dut]

TASK [Deploy individual configuration modules] *********************************
included: /home/pipi/netlab_gh/netsim/ansible/tasks/deploy-module.yml for dut, x1, x2 => (item=ospf)

TASK [Figure out whether to deploy the module ospf on current device] **********
ok: [x1]
ok: [x2]
ok: [dut]

TASK [Find configuration template for ospf] ************************************
ok: [x1]
ok: [x2]
ok: [dut]

TASK [fail] ********************************************************************
skipping: [dut]
skipping: [x1]
skipping: [x2]

TASK [Find configuration deployment deploy_script for ospf] ********************
ok: [x1]
ok: [x2]
ok: [dut]

TASK [Print deployed configuration when running in verbose mode] ***************
ok: [x1] => 
  msg: |-
    ospf configuration for x1
    =========================================
    !
    ! OSPFv3 FRR configuration
    !
    interface lo
    !
     ipv6 ospf6 area 0.0.0.0
    !
    interface eth1
    ! x1 -> dut
     ipv6 ospf6 area 0.0.0.0
     ipv6 ospf6 network point-to-point
     ipv6 ospf6 cost 10
    !
    interface eth2
    ! x1 -> x2
     ipv6 ospf6 area 0.0.0.0
     ipv6 ospf6 network point-to-point
     ipv6 ospf6 cost 100
    !
    !
    router ospf6
     ospf6 router-id 10.0.0.2
     timers lsa min-arrival 100
     timers throttle spf 10 50 500
  
  
    exit
  
    !
    do write
ok: [x2] => 
  msg: |-
    ospf configuration for x2
    =========================================
    !
    ! OSPFv3 FRR configuration
    !
    interface lo
    !
     ipv6 ospf6 area 0.0.0.0
    !
    interface eth1
    ! x2 -> dut
     ipv6 ospf6 area 0.0.0.0
     ipv6 ospf6 network point-to-point
     ipv6 ospf6 cost 100
    !
    interface eth2
    ! x2 -> x1
     ipv6 ospf6 area 0.0.0.0
     ipv6 ospf6 network point-to-point
     ipv6 ospf6 cost 100
    !
    !
    router ospf6
     ospf6 router-id 10.0.0.3
     timers lsa min-arrival 100
     timers throttle spf 10 50 500
  
  
    exit
  
    !
    do write
ok: [dut] => 
  msg: |-
    ospf configuration for dut
    =========================================
  
  
  
  
    /routing/ospf/instance add name=default6 version=3 router-id=10.0.0.1 vrf=main
  
  
  
  
  
    /routing/ospf/area add instance=default6 name="main_3_0.0.0.0" area-id=0.0.0.0
  
    /routing/ospf/interface-template add area=[/routing ospf area find area-id=0.0.0.0 and instance=default6] interface=loopback passive
  
  
  
  
  
  
  
  
  
  
    /routing/ospf/interface-template add area=[/routing ospf area find area-id=0.0.0.0 and instance=default6] interface=ether2 type=ptp cost=10
  
  
  
  
  
  
  
  
  
  
  
  
    /routing/ospf/interface-template add area=[/routing ospf area find area-id=0.0.0.0 and instance=default6] interface=ether3 passive type=ptp cost=15
  
  
  
  
  
  
  
  
  
  
  
    /routing/ospf/interface-template add area=[/routing ospf area find area-id=0.0.0.0 and instance=default6] interface=ether4 passive cost=25

TASK [Deploy ospf configuration] ***********************************************
included: /home/pipi/netlab_gh/netsim/ansible/tasks/deploy-config/routeros7.yml for dut
included: /home/pipi/netlab_gh/netsim/ansible/tasks/deploy-config/frr.yml for x1, x2

TASK [load ospf from /home/pipi/netlab_gh/netsim/ansible/templates/ospf/routeros7.j2] ***
ok: [dut]

TASK [Run commands on CHR] *****************************************************
changed: [dut]

TASK [template] ****************************************************************
changed: [x1]
changed: [x2]

TASK [set_fact] ****************************************************************
ok: [x1]
ok: [x2]

TASK [run /tmp/config.sh to deploy ospf config from /home/pipi/netlab_gh/netsim/ansible/templates/ospf/frr.j2] ***
skipping: [x1]
skipping: [x2]

TASK [run vtysh to import ospf config from /home/pipi/netlab_gh/netsim/ansible/templates/ospf/frr.j2] ***
changed: [x2]
changed: [x1]

PLAY [Deploy custom deployment templates] **************************************
skipping: no hosts matched

PLAY RECAP *********************************************************************
dut                        : ok=24   changed=2    unreachable=0    failed=0    skipped=7    rescued=0    ignored=0   
x1                         : ok=27   changed=5    unreachable=0    failed=0    skipped=10   rescued=0    ignored=0   
x2                         : ok=26   changed=4    unreachable=0    failed=0    skipped=10   rescued=0    ignored=0   



This lab tests whether the OSPF interfaces on device under test are correctly
configured as passive interfaces.

