Bringing machine 'dut' up with 'libvirt' provider...
Bringing machine 'x2' up with 'libvirt' provider...
Bringing machine 'x1' up with 'libvirt' provider...
==> dut: Checking if box 'CumulusCommunity/cumulus-vx' version '5.10.0' is up to date...
[fog][WARNING] Unrecognized arguments: libvirt_ip_command
==> dut: Creating image (snapshot of base box volume).
==> dut: Creating domain with the following settings...
==> dut:  -- Name:              ml_22_dut
==> dut:  -- Description:       Source: /work/netlab_cicd/vms/Vagrantfile
==> dut:  -- Domain type:       kvm
==> dut:  -- Cpus:              2
==> dut:  -- Feature:           acpi
==> dut:  -- Feature:           apic
==> dut:  -- Feature:           pae
==> dut:  -- Clock offset:      utc
==> dut:  -- Memory:            2048M
==> dut:  -- Management MAC:    08:4f:a9:00:00:01
==> dut:  -- Base box:          CumulusCommunity/cumulus-vx
==> dut:  -- Storage pool:      default
==> dut:  -- Image(vda):        /var/lib/libvirt/images/ml_22_dut.img, virtio, 6G
==> dut:  -- Disk driver opts:  cache='default'
==> dut:  -- Graphics Type:     vnc
==> dut:  -- Video Type:        cirrus
==> dut:  -- Video VRAM:        16384
==> dut:  -- Video 3D accel:    false
==> dut:  -- Keymap:            en-us
==> dut:  -- TPM Backend:       passthrough
==> dut:  -- INPUT:             type=mouse, bus=ps2
==> x2: Checking if box 'arista/veos' version '4.31.2F' is up to date...
[fog][WARNING] Unrecognized arguments: libvirt_ip_command
==> x2: Creating image (snapshot of base box volume).
==> x2: Creating domain with the following settings...
==> x2:  -- Name:              ml_22_x2
==> x2:  -- Description:       Source: /work/netlab_cicd/vms/Vagrantfile
==> x2:  -- Domain type:       kvm
==> x2:  -- Cpus:              2
==> x2:  -- Feature:           acpi
==> x2:  -- Feature:           apic
==> x2:  -- Feature:           pae
==> x2:  -- Clock offset:      utc
==> x2:  -- Memory:            2048M
==> x2:  -- Management MAC:    08:4f:a9:00:00:02
==> x2:  -- Base box:          arista/veos
==> x2:  -- Storage pool:      default
==> x2:  -- Image(vda):        /var/lib/libvirt/images/ml_22_x2.img, ide, 5G
==> x2:  -- Disk driver opts:  cache='default'
==> x2:  -- Graphics Type:     vnc
==> x2:  -- Video Type:        cirrus
==> x2:  -- Video VRAM:        16384
==> x2:  -- Video 3D accel:    false
==> x2:  -- Keymap:            en-us
==> x2:  -- TPM Backend:       passthrough
==> x2:  -- INPUT:             type=mouse, bus=ps2
==> x1: Checking if box 'arista/veos' version '4.31.2F' is up to date...
[fog][WARNING] Unrecognized arguments: libvirt_ip_command
==> x1: Creating image (snapshot of base box volume).
==> x1: Creating domain with the following settings...
==> x1:  -- Name:              ml_22_x1
==> x1:  -- Description:       Source: /work/netlab_cicd/vms/Vagrantfile
==> x1:  -- Domain type:       kvm
==> x1:  -- Cpus:              2
==> x1:  -- Feature:           acpi
==> x1:  -- Feature:           apic
==> dut: Creating shared folders metadata...
==> x1:  -- Feature:           pae
==> dut: Starting domain.
==> x1:  -- Clock offset:      utc
==> dut: Domain launching with graphics connection settings...
==> x1:  -- Memory:            2048M
==> dut:  -- Graphics Port:      5900
==> x1:  -- Management MAC:    08:4f:a9:00:00:03
==> dut:  -- Graphics IP:        127.0.0.1
==> x1:  -- Base box:          arista/veos
==> dut:  -- Graphics Password:  Not defined
==> x1:  -- Storage pool:      default
==> dut:  -- Graphics Websocket: 5700
==> x1:  -- Image(vda):        /var/lib/libvirt/images/ml_22_x1.img, ide, 5G
==> dut: Waiting for domain to get an IP address...
==> x1:  -- Disk driver opts:  cache='default'
==> x2: Creating shared folders metadata...
==> x1:  -- Graphics Type:     vnc
==> x2: Starting domain.
==> x1:  -- Video Type:        cirrus
==> x2: Domain launching with graphics connection settings...
==> x1:  -- Video VRAM:        16384
==> x2:  -- Graphics Port:      5901
==> x1:  -- Video 3D accel:    false
==> x2:  -- Graphics IP:        127.0.0.1
==> x1:  -- Keymap:            en-us
==> x2:  -- Graphics Password:  Not defined
==> x1:  -- TPM Backend:       passthrough
==> x2:  -- Graphics Websocket: 5701
==> x1:  -- INPUT:             type=mouse, bus=ps2
==> x2: Waiting for domain to get an IP address...
==> x1: Creating shared folders metadata...
==> x1: Starting domain.
==> x1: Domain launching with graphics connection settings...
==> x1:  -- Graphics Port:      5902
==> x1:  -- Graphics IP:        127.0.0.1
==> x1:  -- Graphics Password:  Not defined
==> x1:  -- Graphics Websocket: 5702
==> x1: Waiting for domain to get an IP address...
==> dut: Waiting for machine to boot. This may take a few minutes...
    dut: SSH address: 192.168.22.101:22
    dut: SSH username: vagrant
    dut: SSH auth method: private key
==> dut: Machine booted and ready!
==> dut: Running provisioner: shell...
    dut: Running: inline script
    dut: ### RUNNING CUMULUS EXTRA CONFIG ###
    dut: ### Setting cumulus user password to 'GetLost1!' ###
    dut: ### Disabling ZTP service...
    dut: Removed "/etc/systemd/system/multi-user.target.wants/ztp.service".
==> x2: Waiting for machine to boot. This may take a few minutes...
    x2: SSH address: 192.168.22.102:22
    x2: SSH username: vagrant
    x2: SSH auth method: private key
==> x1: Waiting for machine to boot. This may take a few minutes...
    x1: SSH address: 192.168.22.103:22
    x1: SSH username: vagrant
    x1: SSH auth method: private key
==> x2: Machine booted and ready!
==> x1: Machine booted and ready!
Using transformed lab topology from snapshot file netlab.snapshot.yml
Checking virtualization provider installation
OK: libvirt installed and working correctly
Starting libvirt nodes
creating libvirt management network nl_mgmt_22
provider libvirt: executing vagrant up --provider libvirt

Initial configuration skipped, run 'netlab initial' to configure the devices
