 [INFO] Executing initial configuration for node h1 (namespace clab-
          ml_17-h1)
 [INFO] Executing routing configuration for node h1 (namespace clab-
          ml_17-h1)
 [INFO] Executing initial configuration for node h2 (namespace clab-
          ml_17-h2)
 [INFO] Executing routing configuration for node h2 (namespace clab-
          ml_17-h2)
 [INFO] Executing initial configuration for node br_a (namespace clab-
          ml_17-br_a)
 [INFO] Executing vlan configuration for node br_a (namespace clab-
          ml_17-br_a)

 [INFO] Starting Ansible playbook to deploy the rest of the
          configurations
/home/pipi/.local/lib/python3.10/site-packages/paramiko/pkey.py:100: CryptographyDeprecationWarning: TripleDES has been moved to cryptography.hazmat.decrepit.ciphers.algorithms.TripleDES and will be removed from cryptography.hazmat.primitives.ciphers.algorithms in 48.0.0.
  "cipher": algorithms.TripleDES,
/home/pipi/.local/lib/python3.10/site-packages/paramiko/transport.py:259: CryptographyDeprecationWarning: TripleDES has been moved to cryptography.hazmat.decrepit.ciphers.algorithms.TripleDES and will be removed from cryptography.hazmat.primitives.ciphers.algorithms in 48.0.0.
  "class": algorithms.TripleDES,
[WARNING]: Could not match supplied host pattern, ignoring: unprovisioned
[WARNING]: Found variable using reserved name: hosts

PLAY [Deploy initial device configuration] *************************************

TASK [Set variables that cannot be set with VARS] ******************************
ok: [dut]
ok: [r2]
ok: [h1]
ok: [h2]
ok: [br_a]

TASK [Generic readiness tests] *************************************************
skipping: [dut]
skipping: [r2]
skipping: [h1]
skipping: [h2]
skipping: [br_a]

TASK [Find device readiness script] ********************************************
ok: [dut]
ok: [r2]
ok: [h1]
ok: [h2]
ok: [br_a]

TASK [Wait for device to become ready] *****************************************
skipping: [r2]
skipping: [h1]
skipping: [h2]
skipping: [br_a]
included: /home/pipi/netlab_gh/netsim/ansible/tasks/readiness-check/cumulus_nvue.yml for dut

TASK [Wait for nvued to start] *************************************************
ok: [dut]

TASK [Normalize config on bridge-like devices] *********************************
included: /home/pipi/netlab_gh/netsim/ansible/tasks/deploy-module.yml for dut, r2, h1, h2, br_a

TASK [Figure out whether to deploy the module normalize on current device] *****
ok: [dut]
ok: [r2]
ok: [h1]
ok: [h2]
ok: [br_a]

TASK [Find configuration template for normalize] *******************************
ok: [dut]
ok: [r2]
ok: [h1]
ok: [h2]
ok: [br_a]

TASK [fail] ********************************************************************
skipping: [dut]
skipping: [r2]
skipping: [h1]
skipping: [h2]
skipping: [br_a]

TASK [Find configuration deployment deploy_script for normalize] ***************
ok: [dut]
ok: [r2]
ok: [h1]
ok: [h2]
ok: [br_a]

TASK [Print deployed configuration when running in verbose mode] ***************
skipping: [dut]
skipping: [r2]
skipping: [h1]
skipping: [h2]
skipping: [br_a]

TASK [Deploy normalize configuration] ******************************************
skipping: [dut]
skipping: [r2]
skipping: [h1]
skipping: [h2]
skipping: [br_a]

TASK [Deploy initial configuration] ********************************************
included: /home/pipi/netlab_gh/netsim/ansible/tasks/deploy-module.yml for dut, r2, h1, h2, br_a

TASK [Figure out whether to deploy the module initial on current device] *******
ok: [dut]
ok: [r2]
ok: [h1]
ok: [h2]
ok: [br_a]

TASK [Find configuration template for initial] *********************************
skipping: [h1]
ok: [dut]
skipping: [h2]
skipping: [br_a]
ok: [r2]

TASK [fail] ********************************************************************
skipping: [dut]
skipping: [r2]
skipping: [h1]
skipping: [h2]
skipping: [br_a]

TASK [Find configuration deployment deploy_script for initial] *****************
skipping: [h1]
skipping: [h2]
ok: [dut]
skipping: [br_a]
ok: [r2]

TASK [Print deployed configuration when running in verbose mode] ***************
skipping: [h1]
skipping: [h2]
skipping: [br_a]
ok: [dut] => 
  msg: |-
    initial configuration for dut
    =========================================
  
    - set:
        system:
          hostname: dut
          global:
            system-mac: ca:fe:00:01:00:00
          config:
            snippet:
              system-mtu:
                file: /etc/network/ifupdown2/policy.d/mtu.json
                content: |
                  { "address": { "defaults": { "mtu": "1500" } } }
  
        interface:
          eth0:
            ip:
              vrf: mgmt
              address:
                dhcp: {}
            type: eth
          swp1:
            type: swp
            link:
              state:
                up : {}
            description: "dut -> [r2,h2]"
            ip:
              address:
                172.16.44.1/24: {}
                2001:db8:cafe:44::1/64: {}
              ipv6:
                forward: on
              neighbor-discovery:
                enable: on
                router-advertisement:
                  enable: on
                  interval: 5000
  
          swp2:
            type: swp
            link:
              state:
                up : {}
            description: "dut -> [h1,r2,br_a]"
            ip:
              address:
                172.16.33.1/24: {}
                2001:db8:cafe:33::1/64: {}
              ipv6:
                forward: on
              neighbor-discovery:
                enable: on
                router-advertisement:
                  enable: on
                  interval: 5000
  
  
    - set:
        interface:
          lo:
            type: loopback
            ip:
              address:
                10.0.0.1/32: {}
              ipv6:
                enable: off
ok: [r2] => 
  msg: |-
    initial configuration for r2
    =========================================
    #!/bin/bash
    #
    set -e
    set -x
    #
    # Create bash profile script
    #
    cat <<SCRIPT >/root/.bash_profile
    #!/bin/bash
    #
    export PS1="\h(bash)# "
    echo
    echo "Use vtysh to connect to FRR daemon"
    echo
    SCRIPT
    #
    # This is an artifact of unknown provenance that should be removed in a year or two (= 2026/2027)
    #
    # FRR controls these parameters with 'ip forwarding' and 'ipv6 forwarding' commands
    #
    sysctl -w net.ipv4.ip_forward=1
    sysctl -w net.ipv6.conf.all.forwarding=1
    #
    #
    # Get the current next hop for the default route
    #
    def_nh=$(ip route list default|awk '{ print $3 }')
    #
    # Create the management VRF and add eth0 to it
    #
    if [ ! -e /sys/devices/virtual/net/mgmt ]; then
      ip link add mgmt type vrf table 42
    fi
    ip link set mgmt up
    sysctl -qw net.ipv6.conf.eth0.keep_addr_on_down=1
    ip link set eth0 master mgmt
    #
    # Reinstall the default route if we had it before
    #
    if [[ -n "$def_nh" ]]; then
      ip route add 0.0.0.0/0 vrf mgmt via $def_nh
    fi
    #
    # Enable FRR modules (if not using containerlab bind-mounted /etc/frr/daemons)
    #
  
    # Set system defaults
    #
    # Send ARP requests from a sane source IP address
    #
    sysctl -w net.ipv4.conf.all.arp_announce=2
  
    #
    # Create loopbacks, stub and lag/bond devices
    #
    if [ ! -e /sys/class/net/lo ]; then
      if [ ! -e /sys/devices/virtual/net/lo ]; then
        ip link add lo type dummy
        ip link set dev lo up
      fi
    fi
  
    # Disable IPv6 (for IPv4-only interfaces) or SLAAC (if the device is a router)
    #
    ip link set eth1 down
    sysctl -qw net.ipv6.conf.eth1.autoconf=0
    sysctl -qw net.ipv6.conf.eth1.accept_ra=0
    ip link set dev eth1 mtu 1500
    ip link set eth1 up
    ip link set eth2 down
    sysctl -qw net.ipv6.conf.eth2.autoconf=0
    sysctl -qw net.ipv6.conf.eth2.accept_ra=0
    ip link set dev eth2 mtu 1500
    ip link set eth2 up
  
    #
    # Add vtysh.conf file
    echo "service integrated-vtysh-config" >/etc/frr/vtysh.conf
  
    #
    # Rest of initial configuration done through VTYSH
    #
    cat >/tmp/config <<CONFIG
    hostname r2
    !
    log file /tmp/logging
  
    !
    ip forwarding
    ipv6 forwarding
    vrf mgmt
     exit-vrf
    !
    frr defaults datacenter
    !
    interface lo
     no shutdown
     ip address 10.0.0.2/32
    !
    interface eth1
     no shutdown
     description r2 -> [dut,h2]
     ip address 172.16.44.2/24
     ipv6 address 2001:db8:cafe:44::2/64
     ipv6 nd ra-interval 5
     no ipv6 nd suppress-ra
    !
    interface eth2
     no shutdown
     description r2 -> [h1,dut,br_a]
     ip address 172.16.33.2/24
     ipv6 address 2001:db8:cafe:33::2/64
     ipv6 nd ra-interval 5
     no ipv6 nd suppress-ra
    !
    do write
    CONFIG
    vtysh -f /tmp/config
    !
    exit 0

TASK [Deploy initial configuration] ********************************************
skipping: [h1]
skipping: [h2]
skipping: [br_a]
included: /home/pipi/netlab_gh/netsim/ansible/tasks/deploy-config/cumulus_nvue.yml for dut
included: /home/pipi/netlab_gh/netsim/ansible/tasks/frr/initial-clab.yml for r2

TASK [set_fact] ****************************************************************
ok: [dut]

TASK [copy the cumulus nvue YAML initial config file to switch (generated from /home/pipi/netlab_gh/netsim/ansible/templates/initial/cumulus_nvue.j2)] ***
changed: [dut]

TASK [execute on cumulus: 'nv config patch' for initial config] ****************
changed: [dut]

TASK [execute on cumulus: 'nv config apply -y' for initial config] *************
changed: [dut]

TASK [Attempt to load VRF kernel module] ***************************************
changed: [r2 -> localhost]

TASK [Disable FRR management VRF when modprobe fails] **************************
skipping: [r2]

TASK [include_tasks] ***********************************************************
included: /home/pipi/netlab_gh/netsim/ansible/tasks/frr/deploy-config.yml for r2

TASK [template] ****************************************************************
changed: [r2]

TASK [set_fact] ****************************************************************
ok: [r2]

TASK [run /tmp/config.sh to deploy initial config from /home/pipi/netlab_gh/netsim/ansible/templates/initial/frr.j2] ***
changed: [r2]

TASK [run vtysh to import initial config from /home/pipi/netlab_gh/netsim/ansible/templates/initial/frr.j2] ***
skipping: [r2]

PLAY [Deploy module-specific configurations] ***********************************

TASK [Set variables that cannot be set with VARS] ******************************
ok: [dut]
ok: [r2]
ok: [h1]
ok: [h2]
ok: [br_a]

TASK [Deploy individual configuration modules] *********************************
included: /home/pipi/netlab_gh/netsim/ansible/tasks/deploy-module.yml for dut, r2, h1, h2, br_a => (item=vlan)
included: /home/pipi/netlab_gh/netsim/ansible/tasks/deploy-module.yml for dut, r2, h1, h2, br_a => (item=gateway)
included: /home/pipi/netlab_gh/netsim/ansible/tasks/deploy-module.yml for dut, r2, h1, h2, br_a => (item=routing)

TASK [Figure out whether to deploy the module vlan on current device] **********
ok: [dut]
ok: [r2]
ok: [h1]
ok: [h2]
ok: [br_a]

TASK [Find configuration template for vlan] ************************************
skipping: [dut]
skipping: [r2]
skipping: [h1]
skipping: [h2]
skipping: [br_a]

TASK [fail] ********************************************************************
skipping: [dut]
skipping: [r2]
skipping: [h1]
skipping: [h2]
skipping: [br_a]

TASK [Find configuration deployment deploy_script for vlan] ********************
skipping: [dut]
skipping: [r2]
skipping: [h1]
skipping: [h2]
skipping: [br_a]

TASK [Print deployed configuration when running in verbose mode] ***************
skipping: [dut]
skipping: [r2]
skipping: [h1]
skipping: [h2]
skipping: [br_a]

TASK [Deploy vlan configuration] ***********************************************
skipping: [dut]
skipping: [r2]
skipping: [h1]
skipping: [h2]
skipping: [br_a]

TASK [Figure out whether to deploy the module gateway on current device] *******
ok: [dut]
ok: [r2]
ok: [h1]
ok: [h2]
ok: [br_a]

TASK [Find configuration template for gateway] *********************************
skipping: [h1]
ok: [dut]
skipping: [h2]
ok: [r2]
skipping: [br_a]

TASK [fail] ********************************************************************
skipping: [dut]
skipping: [r2]
skipping: [h1]
skipping: [h2]
skipping: [br_a]

TASK [Find configuration deployment deploy_script for gateway] *****************
skipping: [h1]
skipping: [h2]
ok: [dut]
skipping: [br_a]
ok: [r2]

TASK [Print deployed configuration when running in verbose mode] ***************
skipping: [h1]
skipping: [h2]
skipping: [br_a]
ok: [dut] => 
  msg: |-
    gateway configuration for dut
    =========================================
    - set:
        router:
          vrrp:
            enable: on
  
    - set:
        interface:
          swp2:
            ip:
              vrrp:
                enable: on
                virtual-router:
                  '217':
                    address:
                      fe80::200:5eff:fe00:02d9: {}
    - set:
        interface:
          swp2:
            ip:
              vrrp:
                virtual-router:
                  '217':
                    address:
                      172.16.33.42: {}
                      2001:db8:cafe:33::2a: {}
                    preempt: on
                    priority: 30
ok: [r2] => 
  msg: |-
    gateway configuration for r2
    =========================================
    #!/bin/bash
    #
    set -e # Exit immediately when any command fails
    #
    sysctl -w net.ipv6.conf.all.enhanced_dad=0
    sysctl -w net.ipv6.conf.default.enhanced_dad=0
    if [ ! -e /sys/class/net/vrrp-2-217 ]; then
      ip link add vrrp-2-217 link eth2 type macvlan mode bridge
      ip link set dev vrrp-2-217 address 00:00:5e:00:01:d9 addrgenmode none
      ip addr add 172.16.33.42/24 dev vrrp-2-217
      sysctl -w net.ipv4.conf.eth2.arp_announce=2
      sysctl -w net.ipv4.conf.eth2.arp_ignore=2
      sysctl -w net.ipv4.conf.eth2.arp_accept=1
      ip link set dev vrrp-2-217 up
    fi
    if [ ! -e /sys/class/net/vrrp6-2-217 ]; then
      ip link add vrrp6-2-217 link eth2 type macvlan mode bridge
      ip link set dev vrrp6-2-217 address 00:00:5e:00:02:d9 addrgenmode random
      ip addr add 2001:db8:cafe:33::2a/64 dev vrrp6-2-217
      ip link set dev vrrp6-2-217 up
    fi
    #!/bin/bash
    cat >/tmp/vrrp_config <<CONFIG
    interface eth2
      vrrp 217 shutdown
      no vrrp 217 checksum-with-ipv4-pseudoheader
      vrrp 217 priority 20
      vrrp 217 preempt
      vrrp 217 ipv6 fe80::200:5eff:fe00:02d9
      vrrp 217 ip 172.16.33.42
      vrrp 217 ipv6 2001:db8:cafe:33::2a
      no vrrp 217 shutdown
    do write
    CONFIG
    vtysh -f /tmp/vrrp_config

TASK [Deploy gateway configuration] ********************************************
skipping: [h1]
skipping: [h2]
skipping: [br_a]
included: /home/pipi/netlab_gh/netsim/ansible/tasks/deploy-config/cumulus_nvue.yml for dut
included: /home/pipi/netlab_gh/netsim/ansible/tasks/deploy-config/frr.yml for r2

TASK [set_fact] ****************************************************************
ok: [dut]

TASK [copy the cumulus nvue YAML gateway config file to switch (generated from /home/pipi/netlab_gh/netsim/ansible/templates/gateway/cumulus_nvue.j2)] ***
changed: [dut]

TASK [execute on cumulus: 'nv config patch' for gateway config] ****************
changed: [dut]

TASK [execute on cumulus: 'nv config apply -y' for gateway config] *************
changed: [dut]

TASK [template] ****************************************************************
changed: [r2]

TASK [set_fact] ****************************************************************
ok: [r2]

TASK [run /tmp/config.sh to deploy gateway config from /home/pipi/netlab_gh/netsim/ansible/templates/gateway/frr.j2] ***
changed: [r2]

TASK [run vtysh to import gateway config from /home/pipi/netlab_gh/netsim/ansible/templates/gateway/frr.j2] ***
skipping: [r2]

TASK [Figure out whether to deploy the module routing on current device] *******
ok: [dut]
ok: [r2]
ok: [h1]
ok: [h2]
ok: [br_a]

TASK [Find configuration template for routing] *********************************
skipping: [dut]
skipping: [r2]
skipping: [h1]
skipping: [h2]
skipping: [br_a]

TASK [fail] ********************************************************************
skipping: [dut]
skipping: [r2]
skipping: [h1]
skipping: [h2]
skipping: [br_a]

TASK [Find configuration deployment deploy_script for routing] *****************
skipping: [dut]
skipping: [r2]
skipping: [h1]
skipping: [h2]
skipping: [br_a]

TASK [Print deployed configuration when running in verbose mode] ***************
skipping: [dut]
skipping: [r2]
skipping: [h1]
skipping: [h2]
skipping: [br_a]

TASK [Deploy routing configuration] ********************************************
skipping: [dut]
skipping: [r2]
skipping: [h1]
skipping: [h2]
skipping: [br_a]

PLAY [Deploy custom deployment templates] **************************************
skipping: no hosts matched

PLAY RECAP *********************************************************************
br_a                       : ok=15   changed=0    unreachable=0    failed=0    skipped=25   rescued=0    ignored=0   
dut                        : ok=33   changed=6    unreachable=0    failed=0    skipped=16   rescued=0    ignored=0   
h1                         : ok=15   changed=0    unreachable=0    failed=0    skipped=25   rescued=0    ignored=0   
h2                         : ok=15   changed=0    unreachable=0    failed=0    skipped=25   rescued=0    ignored=0   
r2                         : ok=31   changed=5    unreachable=0    failed=0    skipped=20   rescued=0    ignored=0   

Results of configuration script deployments
================================================================================
h1                           OK=2    
h2                           OK=2    
br_a                         OK=2    

This lab tests IPv4/6 VRRP configuration. It checks whether the
device-under-test (DUT) forwards traffic sent to the VRRP IP/MAC address,
whether it has correct VRRP priority, and whether the preemption mechanism
works.

