Creating Device configuration snippets
[CREATED] ros: initial,vlan,ospf
[CREATED] s1: initial,vlan
[CREATED] s2: initial,vlan
[CREATED] r1: initial,ospf
[CREATED] r2: initial,ospf
Checking Are lab devices ready to be configured?
 [INFO] Checking lab devices with an Ansible playbook
[WARNING]: Could not match supplied host pattern, ignoring: netlab_ready_ssh
[WARNING]: Found variable using reserved name: hosts

PLAY [Wait for SSH servers] ****************************************************
skipping: no hosts matched

PLAY [Wait for device-specific conditions] *************************************

TASK [Set variables that cannot be set with VARS] ******************************
ok: [ros]

TASK [Find device readiness script] ********************************************
ok: [ros]

TASK [Wait for device to become ready] *****************************************
included: /home/pipi/net101/tools/netsim/ansible/tasks/readiness-check/vyos-clab.yml for ros

TASK [wait_for_connection] *****************************************************
ok: [ros]

TASK [wait_for] ****************************************************************
ok: [ros]

PLAY RECAP *********************************************************************
ros                        : ok=5    changed=0    unreachable=0    failed=0    skipped=0    rescued=0    ignored=0   

Config Deploying device configurations
 [INFO] Executing initial configuration for node s1
 [INFO] Executing initial configuration for node s2
 [INFO] Executing initial configuration for node r1
 [INFO] Executing initial configuration for node r2
 [INFO] Executing ospf configuration for node r2
 [INFO] Executing ospf configuration for node r1
 [INFO] Executing vlan configuration for node s2
 [INFO] Executing vlan configuration for node s1
 [INFO] Starting Ansible playbook to deploy the rest of the
          configurations
[WARNING]: Found variable using reserved name: hosts

PLAY [Deploy initial device configuration] *************************************

TASK [Set variables that cannot be set with VARS] ******************************
ok: [ros]

TASK [Normalize config on bridge-like devices] *********************************
included: /home/pipi/net101/tools/netsim/ansible/tasks/deploy-module.yml for ros

TASK [Figure out whether to deploy the module normalize on current device] *****
ok: [ros]

TASK [Find configuration template for normalize] *******************************
ok: [ros]

TASK [fail] ********************************************************************
skipping: [ros]

TASK [Find configuration deployment deploy_script for normalize] ***************
ok: [ros]

TASK [Print deployed configuration when running in verbose mode] ***************
skipping: [ros]

TASK [Deploy normalize configuration] ******************************************
skipping: [ros]

TASK [Deploy initial configuration] ********************************************
included: /home/pipi/net101/tools/netsim/ansible/tasks/deploy-module.yml for ros

TASK [Figure out whether to deploy the module initial on current device] *******
ok: [ros]

TASK [Find configuration template for initial] *********************************
ok: [ros]

TASK [fail] ********************************************************************
skipping: [ros]

TASK [Find configuration deployment deploy_script for initial] *****************
ok: [ros]

TASK [Print deployed configuration when running in verbose mode] ***************
ok: [ros] => {
    "msg": "initial configuration for ros\n=========================================\n#!/bin/vbash\nsource /opt/vyatta/etc/functions/script-template\n\nif [ \"$(id -g -n)\" != 'vyattacfg' ] ; then\n    exec sg vyattacfg -c \"/bin/vbash $(readlink -f $0) $@\"\nfi\n\n# Configuration items start here\n\nconfigure\nset system host-name 'ros'\n\n\nset interfaces bridge br0 description 'Global Switch Bridge'\nset interfaces bridge br0 enable-vlan\n\n\nset interfaces dummy dum0 address 10.0.0.1/32\n\n\n\nset interfaces ethernet eth1 description 'ros -> [r1,s1,s2]'\n\nset interfaces ethernet eth1 mtu 1500\n\nset interfaces ethernet eth1 address 172.16.0.1/24\n\n\n\n\n\nset interfaces ethernet eth1 vif 701 description 'ros -> [r2,s1,s2]'\n\n\nset interfaces ethernet eth1 vif 701 address 172.16.1.1/24\n\n\n\n\nset service lldp interface all\n>/dev/null 2>/dev/null set service lldp interface eth0 disable\n>/dev/null 2>/dev/null set service lldp interface eth0 mode disable\n\n\nset service ssh\n\n# Commit, save and exit from subshell\n\ncommit\nsave\nexit\n\n# Restart FRR to pick up the new hostname\nsudo service frr restart\n"
}

TASK [Deploy initial configuration] ********************************************
included: /home/pipi/net101/tools/netsim/ansible/tasks/deploy-config/vyos.yml for ros

TASK [set_fact] ****************************************************************
ok: [ros]

TASK [template] ****************************************************************
changed: [ros]

TASK [execute config-initial.sh to deploy initial config from /work/netlab_cicd/node_files/ros/initial] ***
changed: [ros]

PLAY [Deploy module-specific configurations] ***********************************

TASK [Set variables that cannot be set with VARS] ******************************
ok: [ros]

TASK [Deploy individual configuration modules] *********************************
included: /home/pipi/net101/tools/netsim/ansible/tasks/deploy-module.yml for ros => (item=vlan)
included: /home/pipi/net101/tools/netsim/ansible/tasks/deploy-module.yml for ros => (item=ospf)

TASK [Figure out whether to deploy the module vlan on current device] **********
ok: [ros]

TASK [Find configuration template for vlan] ************************************
ok: [ros]

TASK [fail] ********************************************************************
skipping: [ros]

TASK [Find configuration deployment deploy_script for vlan] ********************
ok: [ros]

TASK [Print deployed configuration when running in verbose mode] ***************
ok: [ros] => {
    "msg": "vlan configuration for ros\n=========================================\n"
}

TASK [Deploy vlan configuration] ***********************************************
included: /home/pipi/net101/tools/netsim/ansible/tasks/deploy-config/vyos.yml for ros

TASK [set_fact] ****************************************************************
ok: [ros]

TASK [template] ****************************************************************
changed: [ros]

TASK [execute config-vlan.sh to deploy vlan config from /work/netlab_cicd/node_files/ros/vlan] ***
changed: [ros]

TASK [Figure out whether to deploy the module ospf on current device] **********
ok: [ros]

TASK [Find configuration template for ospf] ************************************
ok: [ros]

TASK [fail] ********************************************************************
skipping: [ros]

TASK [Find configuration deployment deploy_script for ospf] ********************
ok: [ros]

TASK [Print deployed configuration when running in verbose mode] ***************
ok: [ros] => {
    "msg": "ospf configuration for ros\n=========================================\n\nset protocols ospf parameters router-id 10.0.0.1\n\n\n\n\nset protocols ospf interface dum0 passive\nset protocols ospf interface dum0 area 0.0.0.0\n\n\nset protocols ospf interface eth1 area 0.0.0.0\n\n\n\n\nset protocols ospf interface eth1.701 area 0.0.0.0\n\n\n\n"
}

TASK [Deploy ospf configuration] ***********************************************
included: /home/pipi/net101/tools/netsim/ansible/tasks/deploy-config/vyos.yml for ros

TASK [set_fact] ****************************************************************
ok: [ros]

TASK [template] ****************************************************************
changed: [ros]

TASK [execute config-ospf.sh to deploy ospf config from /work/netlab_cicd/node_files/ros/ospf] ***
changed: [ros]

PLAY [Deploy custom deployment templates] **************************************
skipping: no hosts matched

PLAY RECAP *********************************************************************
ros                        : ok=33   changed=6    unreachable=0    failed=0    skipped=6    rescued=0    ignored=0   

Results of configuration script deployments
================================================================================
s1                           OK: 2   
s2                           OK: 2   
r1                           OK: 2   
r2                           OK: 2   


A router-on-a-stick is attached to a VLAN trunk and runs OSPF on all attached
VLANs. One of the VLANs is a native VLAN between router-on-stick and switch.

* r1, r2, and ros should be able to ping each other

Please note it might take a while for the lab to work due to
STP and OSPF setup phase

