[WARNING]: Could not match supplied host pattern, ignoring: unprovisioned

PLAY [Deploy initial device configuration] *************************************

TASK [Set variables that cannot be set with VARS] ******************************
ok: [x1]
ok: [x2]
ok: [dut]

TASK [Find device readiness script] ********************************************
ok: [x1]
ok: [x2]
ok: [dut]

TASK [Wait for device to become ready] *****************************************
skipping: [x1]
skipping: [x2]
included: /home/pipi/net101/tools/netsim/ansible/tasks/readiness-check/ioll2-clab.yml for dut

TASK [Check if 'sshpass' is installed] *****************************************
changed: [dut -> localhost]

TASK [Execute local ssh command to check ioll2 readiness] **********************
FAILED - RETRYING: [dut -> localhost]: Execute local ssh command to check ioll2 readiness (20 retries left).
changed: [dut -> localhost]

TASK [Confirm dut SSH server works] ********************************************
ok: [dut] => 
  msg: Node dut is ready.

TASK [Deploy initial configuration] ********************************************
included: /home/pipi/net101/tools/netsim/ansible/tasks/deploy-module.yml for dut, x1, x2

TASK [Figure out whether to deploy the module initial on current device] *******
ok: [x1]
ok: [x2]
ok: [dut]

TASK [Find configuration template for initial] *********************************
ok: [x1]
ok: [x2]
ok: [dut]

TASK [Print deployed configuration when running in verbose mode] ***************
ok: [x1] => 
  msg: |-
    initial configuration for x1
    =========================================
    #!/bin/bash
    #
    set -e
    set -x
    #
    # Create bash profile script
    #
    cat <<SCRIPT >/root/.bash_profile
    #!/bin/bash
    #
    export PS1="\h(bash)#"
    echo "Use vtysh to connect to FRR daemon"
    echo
    SCRIPT
    #
    # Get the current next hop for the default route
    #
    def_nh=$(ip route list default|awk '{ print $3 }')
    #
    # Create the management VRF and add eth0 to it
    #
    if [ ! -e /sys/devices/virtual/net/mgmt ]; then
      ip link add mgmt type vrf table 42
    fi
    ip link set mgmt up
    sysctl -qw net.ipv6.conf.eth0.keep_addr_on_down=1
    ip link set eth0 master mgmt
    #
    # Reinstall the default route if we had it before
    #
    if [[ -n "$def_nh" ]]; then
      ip route add 0.0.0.0/0 vrf mgmt via $def_nh
    fi
    #
    # Enable FRR modules (if not using containerlab bind-mounted /etc/frr/daemons)
    #
  
    #
    # Create loopbacks and stub devices
    #
    if [ ! -e /sys/class/net/lo ]; then
      if [ ! -e /sys/devices/virtual/net/lo ]; then
        ip link add lo type dummy
        ip link set dev lo up
      fi
    fi
  
    # Disable IPv6 (for IPv4-only interfaces) or SLAAC (if the device is a router)
    #
    sysctl -qw net.ipv6.conf.eth1.disable_ipv6=1
  
    #
    # Add vtysh.conf file
    echo "service integrated-vtysh-config" >/etc/frr/vtysh.conf
    #
    # Set Ethernet interface MTU
    ip link set eth1 mtu 1500
    #
    # Rest of initial configuration done through VTYSH
    #
    cat >/tmp/config <<CONFIG
    hostname x1
    !
    vrf mgmt
     exit-vrf
    !
    frr defaults datacenter
    !
    interface lo
     no shutdown
     ip address 10.0.0.2/32
    !
    interface eth1
     no shutdown
     description x1 -> dut
     ip address 10.1.0.2/30
    !
    do write
    CONFIG
    vtysh -f /tmp/config
    exit 0
ok: [x2] => 
  msg: |-
    initial configuration for x2
    =========================================
    #!/bin/bash
    #
    set -e
    set -x
    #
    # Create bash profile script
    #
    cat <<SCRIPT >/root/.bash_profile
    #!/bin/bash
    #
    export PS1="\h(bash)#"
    echo "Use vtysh to connect to FRR daemon"
    echo
    SCRIPT
    #
    # Get the current next hop for the default route
    #
    def_nh=$(ip route list default|awk '{ print $3 }')
    #
    # Create the management VRF and add eth0 to it
    #
    if [ ! -e /sys/devices/virtual/net/mgmt ]; then
      ip link add mgmt type vrf table 42
    fi
    ip link set mgmt up
    sysctl -qw net.ipv6.conf.eth0.keep_addr_on_down=1
    ip link set eth0 master mgmt
    #
    # Reinstall the default route if we had it before
    #
    if [[ -n "$def_nh" ]]; then
      ip route add 0.0.0.0/0 vrf mgmt via $def_nh
    fi
    #
    # Enable FRR modules (if not using containerlab bind-mounted /etc/frr/daemons)
    #
  
    #
    # Create loopbacks and stub devices
    #
    if [ ! -e /sys/class/net/lo ]; then
      if [ ! -e /sys/devices/virtual/net/lo ]; then
        ip link add lo type dummy
        ip link set dev lo up
      fi
    fi
  
    # Disable IPv6 (for IPv4-only interfaces) or SLAAC (if the device is a router)
    #
    sysctl -qw net.ipv6.conf.eth1.disable_ipv6=1
  
    #
    # Add vtysh.conf file
    echo "service integrated-vtysh-config" >/etc/frr/vtysh.conf
    #
    # Set Ethernet interface MTU
    ip link set eth1 mtu 1500
    #
    # Rest of initial configuration done through VTYSH
    #
    cat >/tmp/config <<CONFIG
    hostname x2
    !
    vrf mgmt
     exit-vrf
    !
    frr defaults datacenter
    !
    interface lo
     no shutdown
     ip address 10.0.0.3/32
    !
    interface eth1
     no shutdown
     description x2 -> dut [external]
     ip address 10.1.0.6/30
     bandwidth 100000
    !
    do write
    CONFIG
    vtysh -f /tmp/config
    exit 0
ok: [dut] => 
  msg: |-
    initial configuration for dut
    =========================================
    hostname dut
    !
    no ip domain lookup
    !
    lldp run
    !
    ip host x1 10.0.0.2 10.1.0.2
    ip host x2 10.0.0.3 10.1.0.6
    !
    ip routing
    !
    !
    interface Loopback0
     ip address 10.0.0.1 255.255.255.255
    !
    interface Ethernet0/0
     no lldp transmit
     no lldp receive
    !
    interface Ethernet0/1
     no shutdown
     no switchport
     description dut -> x1
     mtu 1500
     ip address 10.1.0.1 255.255.255.252
    !
    interface Ethernet0/2
     no shutdown
     no switchport
     description dut -> x2 [external]
     bandwidth 100000
     mtu 1500
     ip address 10.1.0.5 255.255.255.252
    !
    !
    line vty 0 4
     exec-timeout 0 0
    !
    no banner exec
    no banner login
    no banner incoming

TASK [Find configuration deployment deploy_script for initial] *****************
ok: [x1]
ok: [x2]
ok: [dut]

TASK [Deploy initial configuration] ********************************************
included: /home/pipi/net101/tools/netsim/ansible/tasks/deploy-config/ios.yml for dut
included: /home/pipi/net101/tools/netsim/ansible/tasks/frr/initial-clab.yml for x1, x2

TASK [ios_config: deploying initial from /home/pipi/net101/tools/netsim/ansible/templates/initial/ios.j2] ***
[WARNING]: To ensure idempotency and correct diff the input configuration lines
should be similar to how they appear if present in the running configuration on
device including the indentation
changed: [dut]

TASK [Attempt to load VRF kernel module] ***************************************
changed: [x1 -> localhost]
changed: [x2 -> localhost]

TASK [Disable FRR management VRF when modprobe fails] **************************
skipping: [x1]
skipping: [x2]

TASK [include_tasks] ***********************************************************
included: /home/pipi/net101/tools/netsim/ansible/tasks/frr/deploy-config.yml for x1, x2

TASK [template] ****************************************************************
changed: [x2]
changed: [x1]

TASK [set_fact] ****************************************************************
ok: [x1]
ok: [x2]

TASK [run /tmp/config.sh to deploy initial config from /home/pipi/net101/tools/netsim/ansible/templates/initial/frr.j2] ***
changed: [x1]
changed: [x2]

TASK [run vtysh to import initial config from /home/pipi/net101/tools/netsim/ansible/templates/initial/frr.j2] ***
skipping: [x1]
skipping: [x2]

PLAY [Deploy module-specific configurations] ***********************************

TASK [Set variables that cannot be set with VARS] ******************************
ok: [x1]
ok: [x2]
ok: [dut]

TASK [Deploy individual configuration modules] *********************************
included: /home/pipi/net101/tools/netsim/ansible/tasks/deploy-module.yml for dut, x1, x2 => (item=routing)
included: /home/pipi/net101/tools/netsim/ansible/tasks/deploy-module.yml for dut, x1, x2 => (item=bgp)
included: /home/pipi/net101/tools/netsim/ansible/tasks/deploy-module.yml for dut, x1, x2 => (item=ospf)

TASK [Figure out whether to deploy the module routing on current device] *******
ok: [x1]
ok: [x2]
ok: [dut]

TASK [Find configuration template for routing] *********************************
skipping: [x1]
skipping: [x2]
ok: [dut]

TASK [Print deployed configuration when running in verbose mode] ***************
skipping: [x1]
skipping: [x2]
ok: [dut] => 
  msg: |-
    routing configuration for dut
    =========================================
    !
    !
    route-map bp-x2-1-in-ipv4 permit 10
  
    !
    ! AS-path access lists
    !

TASK [Find configuration deployment deploy_script for routing] *****************
skipping: [x1]
skipping: [x2]
ok: [dut]

TASK [Deploy routing configuration] ********************************************
skipping: [x1]
skipping: [x2]
included: /home/pipi/net101/tools/netsim/ansible/tasks/deploy-config/ios.yml for dut

TASK [ios_config: deploying routing from /home/pipi/net101/tools/netsim/ansible/templates/routing/ios.j2] ***
changed: [dut]

TASK [Figure out whether to deploy the module bgp on current device] ***********
ok: [x1]
ok: [x2]
ok: [dut]

TASK [Find configuration template for bgp] *************************************
ok: [x1]
ok: [x2]
ok: [dut]

TASK [Print deployed configuration when running in verbose mode] ***************
ok: [x1] => 
  msg: |-
    bgp configuration for x1
    =========================================
    !
    router bgp 65000
      no bgp ebgp-requires-policy
      no bgp default ipv4-unicast
      bgp default show-hostname
      bgp default show-nexthop-hostname
  
      ! Consider AS paths of same length but with different AS as ECMP candidates
      bgp bestpath as-path multipath-relax
  
      bgp router-id 10.0.0.2
    !
      neighbor 10.0.0.1 remote-as 65000
      neighbor 10.0.0.1 description dut
      neighbor 10.0.0.1 update-source lo
    !
     address-family ipv4 unicast
    !
  
    !
      network 10.0.0.2/32
    !
    !
    !
      neighbor 10.0.0.1 activate
      neighbor 10.0.0.1 next-hop-self
      no neighbor 10.0.0.1 send-community all
      neighbor 10.0.0.1 send-community standard
      neighbor 10.0.0.1 send-community large
      neighbor 10.0.0.1 send-community extended
    !
    !
    !
    do write
ok: [x2] => 
  msg: |-
    bgp configuration for x2
    =========================================
    !
    router bgp 65101
      no bgp ebgp-requires-policy
      no bgp default ipv4-unicast
      bgp default show-hostname
      bgp default show-nexthop-hostname
  
      ! Consider AS paths of same length but with different AS as ECMP candidates
      bgp bestpath as-path multipath-relax
  
      bgp router-id 10.0.0.3
    !
      neighbor 10.1.0.5 remote-as 65000
      neighbor 10.1.0.5 description dut
    !
     address-family ipv4 unicast
    !
  
    !
      network 10.0.0.3/32
    !
    !
    !
      neighbor 10.1.0.5 activate
      no neighbor 10.1.0.5 send-community all
      neighbor 10.1.0.5 send-community standard
      neighbor 10.1.0.5 send-community large
    !
    !
    !
    do write
ok: [dut] => 
  msg: |-
    bgp configuration for dut
    =========================================
    !
    ip bgp-community new-format
    !
    router bgp 65000
     no bgp default ipv4-unicast
     bgp update-delay 5
     bgp nopeerup-delay cold-boot 1
     bgp nopeerup-delay user-initiated 1
     bgp router-id 10.0.0.1
      neighbor 10.0.0.2 remote-as 65000
      neighbor 10.0.0.2 description x1
      neighbor 10.0.0.2 update-source Loopback0
  
      neighbor 10.1.0.6 remote-as 65101
      neighbor 10.1.0.6 description x2
  
    !
     address-family ipv4
      bgp scan-time 5
  
    !
      network 10.0.0.1 mask 255.255.255.255
  
    !
    !
      neighbor 10.0.0.2 activate
      neighbor 10.0.0.2 advertisement-interval 0
      neighbor 10.0.0.2 next-hop-self
      neighbor 10.0.0.2 send-community standard
      neighbor 10.0.0.2 send-community extended
  
      neighbor 10.1.0.6 activate
      neighbor 10.1.0.6 advertisement-interval 0
      neighbor 10.1.0.6 send-community standard
  
    !

TASK [Find configuration deployment deploy_script for bgp] *********************
ok: [x1]
ok: [x2]
ok: [dut]

TASK [Deploy bgp configuration] ************************************************
included: /home/pipi/net101/tools/netsim/ansible/tasks/deploy-config/ios.yml for dut
included: /home/pipi/net101/tools/netsim/ansible/tasks/deploy-config/frr.yml for x1, x2

TASK [ios_config: deploying bgp from /home/pipi/net101/tools/netsim/ansible/templates/bgp/ios.j2] ***
changed: [dut]

TASK [template] ****************************************************************
changed: [x2]
changed: [x1]

TASK [set_fact] ****************************************************************
ok: [x1]
ok: [x2]

TASK [run /tmp/config.sh to deploy bgp config from /home/pipi/net101/tools/netsim/ansible/templates/bgp/frr.j2] ***
skipping: [x1]
skipping: [x2]

TASK [run vtysh to import bgp config from /home/pipi/net101/tools/netsim/ansible/templates/bgp/frr.j2] ***
changed: [x1]
changed: [x2]

TASK [Figure out whether to deploy the module ospf on current device] **********
ok: [x1]
ok: [x2]
ok: [dut]

TASK [Find configuration template for ospf] ************************************
skipping: [x2]
ok: [x1]
ok: [dut]

TASK [Print deployed configuration when running in verbose mode] ***************
skipping: [x2]
ok: [x1] => 
  msg: |-
    ospf configuration for x1
    =========================================
    !
    ! OSPFv2 FRR configuration
    !
    router ospf
     ospf router-id 10.0.0.2
     timers throttle spf 10 50 500
     timers throttle lsa all 100
     timers lsa min-arrival 100
  
  
    exit
    !
    interface lo
    !
     ip ospf area 0.0.0.0
    !
    interface eth1
    ! x1 -> dut
     ip ospf area 0.0.0.0
     ip ospf network point-to-point
    !
  
    !
    do write
ok: [dut] => 
  msg: |-
    ospf configuration for dut
    =========================================
    router ospf 1
     router-id 10.0.0.1
  
  
    !
    interface Loopback0
    !
     ip ospf 1 area 0.0.0.0
    !
    interface Ethernet0/1
    ! dut -> x1
     ip ospf 1 area 0.0.0.0
     ip ospf network point-to-point
    !

TASK [Find configuration deployment deploy_script for ospf] ********************
skipping: [x2]
ok: [x1]
ok: [dut]

TASK [Deploy ospf configuration] ***********************************************
skipping: [x2]
included: /home/pipi/net101/tools/netsim/ansible/tasks/deploy-config/ios.yml for dut
included: /home/pipi/net101/tools/netsim/ansible/tasks/deploy-config/frr.yml for x1

TASK [ios_config: deploying ospf from /home/pipi/net101/tools/netsim/ansible/templates/ospf/ios.j2] ***
changed: [dut]

TASK [template] ****************************************************************
changed: [x1]

TASK [set_fact] ****************************************************************
ok: [x1]

TASK [run /tmp/config.sh to deploy ospf config from /home/pipi/net101/tools/netsim/ansible/templates/ospf/frr.j2] ***
skipping: [x1]

TASK [run vtysh to import ospf config from /home/pipi/net101/tools/netsim/ansible/templates/ospf/frr.j2] ***
changed: [x1]

PLAY [Deploy custom deployment templates] **************************************

TASK [Run custom configuration deployment scripts] *****************************
included: /home/pipi/net101/tools/netsim/ansible/tasks/deploy-custom-config.yml for dut => (item=bgp.policy)

TASK [Find configuration template] *********************************************
ok: [dut]

TASK [fail] ********************************************************************
skipping: [dut]

TASK [Check is the configuration template is a file] ***************************
ok: [dut -> localhost]

TASK [fail] ********************************************************************
skipping: [dut]

TASK [Process template /home/pipi/net101/tools/netsim/extra/bgp.policy/ios.j2 for dut] ***
skipping: [dut]

TASK [Find custom configuration deployment script] *****************************
ok: [dut]

TASK [Run the configuration deployment script] *********************************
included: /home/pipi/net101/tools/netsim/ansible/tasks/deploy-config/ios.yml for dut

TASK [ios_config: deploying bgp.policy from /home/pipi/net101/tools/netsim/extra/bgp.policy/ios.j2] ***
changed: [dut]

PLAY RECAP *********************************************************************
dut                        : ok=41   changed=7    unreachable=0    failed=0    skipped=3    rescued=0    ignored=0   
x1                         : ok=34   changed=7    unreachable=0    failed=0    skipped=9    rescued=0    ignored=0   
x2                         : ok=27   changed=5    unreachable=0    failed=0    skipped=12   rescued=0    ignored=0   



Use this topology to test the 'auto bgp bandwidth' functionality. The DUT has to copy
interface bandwidth into BGP bandwidth community and propagate that on IBGP updates.

