Using transformed lab topology from snapshot file netlab.snapshot.pickle
Checking virtualization provider installation
OK: clab installed and working correctly
Starting clab nodes
provider clab: executing sudo -E containerlab deploy --reconfigure -t clab.yml
10:58:24 INFO Containerlab started version=0.73.0
10:58:24 INFO Parsing & checking topology file=clab.yml
10:58:24 INFO Removing directory path=/work/netlab_cicd/clab-ml-17
10:58:24 INFO Creating docker network name=nl_mgmt_17 IPv4 subnet=192.168.17.0/24 IPv6 subnet="" MTU=0
10:58:24 INFO Creating lab directory path=/work/netlab_cicd/clab-ml-17
10:58:25 INFO Creating container name=x2
10:58:25 INFO Creating container name=r1
10:58:25 INFO Creating container name=x1
10:58:25 INFO Creating container name=dut2
10:58:25 INFO Creating container name=dut
10:58:25 INFO Running postdeploy actions for Cisco IOL 'dut2' node
10:58:25 INFO Created link: dut:eth3 (Ethernet0/3) ▪┄┄▪ x2:eth1
10:58:25 INFO Created link: dut:eth4 (Ethernet1/0) ▪┄┄▪ dut2:eth1 (Ethernet0/1)
10:58:25 INFO Created link: dut:eth1 (Ethernet0/1) ▪┄┄▪ r1:eth1
10:58:26 INFO Created link: dut:eth2 (Ethernet0/2) ▪┄┄▪ x1:eth1
10:58:26 INFO Running postdeploy actions for Cisco IOL 'dut' node
10:58:27 INFO Executed command node=x2 command="sleep 1" stdout=""
10:58:27 INFO Executed command node=r1 command="sleep 1" stdout=""
10:58:27 INFO Executed command node=x1 command="sleep 1" stdout=""
10:58:27 INFO Adding host entries path=/etc/hosts
10:58:27 INFO Adding SSH config for nodes path=/etc/ssh/ssh_config.d/clab-ml-17.conf
[1m╭[0m[1m─────────────────[0m[1m┬[0m[1m──────────────────────────────[0m[1m┬[0m[1m─────────[0m[1m┬[0m[1m────────────────[0m[1m╮[0m
[1m│[0m[1m       Name      [0m[1m│[0m[1m          Kind/Image          [0m[1m│[0m[1m  State  [0m[1m│[0m[1m IPv4/6 Address [0m[1m│[0m
[1m├[0m[1m─────────────────[0m[1m┼[0m[1m──────────────────────────────[0m[1m┼[0m[1m─────────[0m[1m┼[0m[1m────────────────[0m[1m┤[0m
│ clab-ml-17-dut  │ cisco_iol                    │ running │ 192.168.17.101 │
│                 │ vrnetlab/cisco_iol:17.16.01a │         │ N/A            │
├─────────────────┼──────────────────────────────┼─────────┼────────────────┤
│ clab-ml-17-dut2 │ cisco_iol                    │ running │ 192.168.17.102 │
│                 │ vrnetlab/cisco_iol:17.16.01a │         │ N/A            │
├─────────────────┼──────────────────────────────┼─────────┼────────────────┤
│ clab-ml-17-r1   │ linux                        │ running │ 192.168.17.105 │
│                 │ quay.io/frrouting/frr:10.5.1 │         │ N/A            │
├─────────────────┼──────────────────────────────┼─────────┼────────────────┤
│ clab-ml-17-x1   │ linux                        │ running │ 192.168.17.103 │
│                 │ quay.io/frrouting/frr:10.5.1 │         │ N/A            │
├─────────────────┼──────────────────────────────┼─────────┼────────────────┤
│ clab-ml-17-x2   │ linux                        │ running │ 192.168.17.104 │
│                 │ quay.io/frrouting/frr:10.5.1 │         │ N/A            │
╰─────────────────┴──────────────────────────────┴─────────┴────────────────╯

Initial configuration skipped, run 'netlab initial' to configure the devices
