Creating Device configuration snippets
[CREATED] dut: initial,ospf,bgp
[CREATED] rr2: initial,ospf,bgp
[CREATED] r1: initial,ospf,bgp
[CREATED] r2: initial,ospf,bgp
[CREATED] x1: initial,bgp
Checking Are lab devices ready to be configured?
 [INFO] Checking SSH server(s) on dut
[SSH]     SSH server on node dut (device iol) is ready after 25.3 seconds
Config Deploying device configurations
 [INFO] Executing initial configuration for node rr2
 [INFO] Executing initial configuration for node r1
 [INFO] Executing initial configuration for node r2
 [INFO] Executing initial configuration for node x1
 [INFO] Executing ospf configuration for node r2
 [INFO] Executing ospf configuration for node rr2
 [INFO] Executing bgp configuration for node x1
 [INFO] Executing ospf configuration for node r1
 [INFO] Executing bgp configuration for node r2
 [INFO] Executing bgp configuration for node rr2
 [INFO] Executing bgp configuration for node r1

Results of configuration script deployments
================================================================================
dut              Startup: initial,ospf,bgp
rr2              Script:  initial,ospf,bgp
r1               Script:  initial,ospf,bgp
r2               Script:  initial,ospf,bgp
x1               Script:  initial,bgp


Use this topology to test the IBGP RR implementation (rr-clients and
cluster-id) and next-hop handling (change next hop on EBGP but not on
reflected route) on IPv6 IBGP sessions.

