Creating Device configuration snippets
[CREATED] dut: initial,bgp
[CREATED] r2: initial,bgp
[CREATED] r3: initial,bgp
[CREATED] x1: initial,bgp
[CREATED] x2: initial,bgp
Checking Are lab devices ready to be configured?
 [INFO] Checking SSH server(s) on dut
[SSH]     SSH server on node dut (device iol) is ready after 25.4 seconds
Config Deploying device configurations
 [INFO] Executing initial configuration for node r2
 [INFO] Executing initial configuration for node r3
 [INFO] Executing initial configuration for node x1
 [INFO] Executing initial configuration for node x2
 [INFO] Executing bgp configuration for node r2
 [INFO] Executing bgp configuration for node x2
 [INFO] Executing bgp configuration for node x1
 [INFO] Executing bgp configuration for node r3

Results of configuration script deployments
================================================================================
dut              Startup: initial,bgp
r2               Script:  initial,bgp
r3               Script:  initial,bgp
x1               Script:  initial,bgp
x2               Script:  initial,bgp


Use this topology to test BGP confederations on IPv4 and IPv6 EBGP sessions

