Creating Device configuration snippets
[CREATED] dut: initial,ospf,bgp,vrf
[CREATED] p1: initial,ospf
[CREATED] p2: initial,ospf
[CREATED] xf: initial,bgp
Checking Are lab devices ready to be configured?
 [INFO] Checking SSH server(s) on dut
[SSH]     SSH server on node dut (device iol) is ready after 7.3 seconds
Config Deploying device configurations
 [INFO] Executing initial configuration for node p1
 [INFO] Executing initial configuration for node p2
 [INFO] Executing initial configuration for node xf
 [INFO] Executing bgp configuration for node xf
 [INFO] Executing ospf configuration for node p2
 [INFO] Executing ospf configuration for node p1

Results of configuration script deployments
================================================================================
dut              Startup: initial,ospf,bgp,vrf
p1               Script:  initial,ospf
p2               Script:  initial,ospf
xf               Script:  initial,bgp


This lab tests the VRF OSPF default route origination. The device under test
should originate the default route in multiple VRFs, one always, the other one
based on BGP default route.

