06:25:16 INFO Parsing & checking topology file=clab.yml
06:25:16 INFO Parsing & checking topology file=clab.yml
06:25:16 INFO Destroying lab name=ml_31
06:25:17 INFO Removed container name=clab-ml_31-h2
06:25:17 INFO Removed container name=clab-ml_31-pe2
06:25:17 INFO Removed container name=clab-ml_31-h1
06:25:17 INFO Removed container name=clab-ml_31-p2
06:25:17 INFO Removed container name=clab-ml_31-dut
06:25:17 INFO Removed container name=clab-ml_31-p1
06:25:17 INFO Removing host entries path=/etc/hosts
06:25:17 INFO Removing SSH config path=/etc/ssh/ssh_config.d/clab-ml_31.conf
Checking virtualization provider installation
OK: clab installed and working correctly
Stopping clab nodes
Cleanup configuration files
... removing clab.yml
... removing directory tree clab_files
... removing ansible.cfg
... removing hosts.yml
... removing directory tree group_vars
... removing directory tree host_vars
... removing netlab.snapshot.yml
