 [INFO] Creating configuration snippets
[WARNING]: Found variable using reserved name: hosts

PLAY [Deploy initial device configuration] *************************************

TASK [Set variables that cannot be set with VARS] ******************************
ok: [r1]
ok: [r2]

TASK [Generic readiness tests] *************************************************
included: /home/pipi/netlab_gh/netsim/ansible/tasks/readiness-check/ssh.yml for r1, r2 => (item=ssh)

TASK [Check if 'sshpass' is installed] *****************************************
ok: [r1 -> localhost]

TASK [Check for 'timeout' command] *********************************************
ok: [r1 -> localhost]
ok: [r2 -> localhost]

TASK [Execute local ssh command to check ssh readiness] ************************
FAILED - RETRYING: [r1 -> localhost]: Execute local ssh command to check ssh readiness (20 retries left).
FAILED - RETRYING: [r2 -> localhost]: Execute local ssh command to check ssh readiness (20 retries left).
ok: [r2 -> localhost]
ok: [r1 -> localhost]

TASK [Confirm r1 SSH server works] *********************************************
ok: [r1] => {
    "msg": "Node r1 is ready."
}
ok: [r2] => {
    "msg": "Node r2 is ready."
}

TASK [Find device readiness script] ********************************************
ok: [r1]
ok: [r2]

TASK [Wait for device to become ready] *****************************************
skipping: [r1]
skipping: [r2]

TASK [Normalize config on bridge-like devices] *********************************
included: /home/pipi/netlab_gh/netsim/ansible/tasks/deploy-module.yml for r1, r2

TASK [Figure out whether to deploy the module normalize on current device] *****
ok: [r1]
ok: [r2]

TASK [Find configuration template for normalize] *******************************
ok: [r1]
ok: [r2]

TASK [fail] ********************************************************************
skipping: [r1]
skipping: [r2]

TASK [Find configuration deployment deploy_script for normalize] ***************
ok: [r1]
ok: [r2]

TASK [Print deployed configuration when running in verbose mode] ***************
skipping: [r1]
skipping: [r2]

TASK [Deploy normalize configuration] ******************************************
included: /home/pipi/netlab_gh/netsim/ansible/tasks/deploy-config/eos.yml for r1, r2

TASK [eos_config: deploying normalize from /work/netlab_cicd/node_files/r1/normalize] ***
[WARNING]: To ensure idempotency and correct diff the input configuration lines
should be similar to how they appear if present in the running configuration on
device including the indentation
changed: [r1]
changed: [r2]

TASK [Deploy initial configuration] ********************************************
included: /home/pipi/netlab_gh/netsim/ansible/tasks/deploy-module.yml for r1, r2

TASK [Figure out whether to deploy the module initial on current device] *******
ok: [r1]
ok: [r2]

TASK [Find configuration template for initial] *********************************
ok: [r1]
ok: [r2]

TASK [fail] ********************************************************************
skipping: [r1]
skipping: [r2]

TASK [Find configuration deployment deploy_script for initial] *****************
ok: [r1]
ok: [r2]

TASK [Print deployed configuration when running in verbose mode] ***************
skipping: [r1]
skipping: [r2]

TASK [Deploy initial configuration] ********************************************
included: /home/pipi/netlab_gh/netsim/ansible/tasks/deploy-config/eos.yml for r1, r2

TASK [eos_config: deploying initial from /work/netlab_cicd/node_files/r1/initial] ***
changed: [r2]
changed: [r1]

PLAY [Deploy module-specific configurations] ***********************************
skipping: no hosts matched

PLAY [Deploy custom deployment templates] **************************************

TASK [Run custom configuration deployment scripts] *****************************
included: /home/pipi/netlab_gh/netsim/ansible/tasks/deploy-custom-config.yml for r1 => (item=_n_r1)

TASK [Find configuration template] *********************************************
ok: [r1]

TASK [fail] ********************************************************************
skipping: [r1]

TASK [Check is the configuration template is a file] ***************************
ok: [r1 -> localhost]

TASK [fail] ********************************************************************
skipping: [r1]

TASK [Process template /work/netlab_cicd/node_files/r1/_n_r1 for r1] ***********
skipping: [r1]

TASK [Find custom configuration deployment script] *****************************
ok: [r1]

TASK [Run the configuration deployment script] *********************************
included: /home/pipi/netlab_gh/netsim/ansible/tasks/deploy-config/eos.yml for r1

TASK [eos_config: deploying _n_r1 from /work/netlab_cicd/node_files/r1/_n_r1] ***
changed: [r1]

PLAY RECAP *********************************************************************
r1                         : ok=25   changed=3    unreachable=0    failed=0    skipped=8    rescued=0    ignored=0   
r2                         : ok=18   changed=2    unreachable=0    failed=0    skipped=5    rescued=0    ignored=0   

[CREATED] r1: normalize,initial,_n_r1
[CREATED] r2: normalize,initial


This lab sets up forwarded SSH and HTTP ports for two EOS devices. It
tests the container port forwarding functionality

