/home/pipi/.local/lib/python3.10/site-packages/paramiko/pkey.py:100: CryptographyDeprecationWarning: TripleDES has been moved to cryptography.hazmat.decrepit.ciphers.algorithms.TripleDES and will be removed from cryptography.hazmat.primitives.ciphers.algorithms in 48.0.0.
  "cipher": algorithms.TripleDES,
/home/pipi/.local/lib/python3.10/site-packages/paramiko/transport.py:259: CryptographyDeprecationWarning: TripleDES has been moved to cryptography.hazmat.decrepit.ciphers.algorithms.TripleDES and will be removed from cryptography.hazmat.primitives.ciphers.algorithms in 48.0.0.
  "class": algorithms.TripleDES,
[WARNING]: Could not match supplied host pattern, ignoring: unprovisioned
[WARNING]: Found variable using reserved name: hosts

PLAY [Deploy initial device configuration] *************************************

TASK [Set variables that cannot be set with VARS] ******************************
ok: [h1]
ok: [h2]
ok: [h4]
ok: [h3]
ok: [dut]
ok: [rtr]

TASK [Find device readiness script] ********************************************
ok: [h1]
ok: [h2]
ok: [h3]
ok: [rtr]
ok: [dut]
ok: [h4]

TASK [Wait for device to become ready] *****************************************
skipping: [dut]
skipping: [h1]
skipping: [h2]
skipping: [h3]
skipping: [h4]
skipping: [rtr]

TASK [Normalize config on bridge-like devices] *********************************
included: /home/pipi/net101/tools/netsim/ansible/tasks/deploy-module.yml for dut, h1, h2, h3, h4, rtr

TASK [Figure out whether to deploy the module normalize on current device] *****
ok: [h1]
ok: [h2]
ok: [h3]
ok: [h4]
ok: [dut]
ok: [rtr]

TASK [Find configuration template for normalize] *******************************
ok: [h1]
ok: [h2]
ok: [h4]
ok: [h3]
ok: [rtr]
ok: [dut]

TASK [fail] ********************************************************************
skipping: [dut]
skipping: [h1]
skipping: [h2]
skipping: [h3]
skipping: [h4]
skipping: [rtr]

TASK [Find configuration deployment deploy_script for normalize] ***************
ok: [h1]
ok: [h2]
ok: [dut]
ok: [h4]
ok: [h3]
ok: [rtr]

TASK [Print deployed configuration when running in verbose mode] ***************
skipping: [dut]
skipping: [h1]
skipping: [h2]
skipping: [h3]
skipping: [h4]
skipping: [rtr]

TASK [Deploy normalize configuration] ******************************************
skipping: [dut]
skipping: [h1]
skipping: [h2]
skipping: [h3]
skipping: [h4]
skipping: [rtr]

TASK [Deploy initial configuration] ********************************************
included: /home/pipi/net101/tools/netsim/ansible/tasks/deploy-module.yml for dut, h1, h2, h3, h4, rtr

TASK [Figure out whether to deploy the module initial on current device] *******
ok: [h1]
ok: [h2]
ok: [h3]
ok: [h4]
ok: [rtr]
ok: [dut]

TASK [Find configuration template for initial] *********************************
ok: [h2]
ok: [h1]
ok: [h3]
ok: [rtr]
ok: [dut]
ok: [h4]

TASK [fail] ********************************************************************
skipping: [dut]
skipping: [h1]
skipping: [h2]
skipping: [h3]
skipping: [h4]
skipping: [rtr]

TASK [Find configuration deployment deploy_script for initial] *****************
ok: [h1]
ok: [rtr]
ok: [dut]
ok: [h2]
ok: [h3]
ok: [h4]

TASK [Print deployed configuration when running in verbose mode] ***************
ok: [h1] => 
  msg: |-
    initial configuration for h1
    =========================================
    #!/bin/bash
    #
    # This script contains the 'ip' commands needed to set up container
    # interfaces and route table. It's executed within the container
    # network namespace on the container host.
    #
    #  /etc/hosts file is generated as a clab bind.
    #
    set -e
  
    ### One-Shot configuration (non-Ubuntu VM or container)
    #
    # Send ARP requests from a sane source IP address
    sysctl -w net.ipv4.conf.all.arp_announce=2
  
    #
    # Disable IPv4 and IPv6 forwarding
    #
    sysctl -w net.ipv4.ip_forward=0
    sysctl -w net.ipv6.conf.all.forwarding=0
  
    #
    # Interface addressing, create any bond devices
    #
    ip link set dev eth1 up
    set +e
    ip addr del 192.168.42.3/24 dev eth1 2>/dev/null
    set -e
    ip addr add 192.168.42.3/24 dev eth1
    sysctl -w net.ipv6.conf.eth1.disable_ipv6=0
    set +e
    ip -6 addr del 2001:db8:cafe:1::3/64 dev eth1 2>/dev/null
    set -e
    ip -6 addr add 2001:db8:cafe:1::3/64 dev eth1
    ip link set dev eth1 mtu 1500
ok: [h2] => 
  msg: |-
    initial configuration for h2
    =========================================
    #!/bin/bash
    #
    # This script contains the 'ip' commands needed to set up container
    # interfaces and route table. It's executed within the container
    # network namespace on the container host.
    #
    #  /etc/hosts file is generated as a clab bind.
    #
    set -e
  
    ### One-Shot configuration (non-Ubuntu VM or container)
    #
    # Send ARP requests from a sane source IP address
    sysctl -w net.ipv4.conf.all.arp_announce=2
  
    #
    # Disable IPv4 and IPv6 forwarding
    #
    sysctl -w net.ipv4.ip_forward=0
    sysctl -w net.ipv6.conf.all.forwarding=0
  
    #
    # Interface addressing, create any bond devices
    #
    ip link set dev eth1 up
    set +e
    ip addr del 172.16.0.4/24 dev eth1 2>/dev/null
    set -e
    ip addr add 172.16.0.4/24 dev eth1
    sysctl -w net.ipv6.conf.eth1.disable_ipv6=0
    set +e
    ip -6 addr del 2001:db8:1::4/64 dev eth1 2>/dev/null
    set -e
    ip -6 addr add 2001:db8:1::4/64 dev eth1
    ip link set dev eth1 mtu 1500
ok: [h3] => 
  msg: |-
    initial configuration for h3
    =========================================
    #!/bin/bash
    #
    # This script contains the 'ip' commands needed to set up container
    # interfaces and route table. It's executed within the container
    # network namespace on the container host.
    #
    #  /etc/hosts file is generated as a clab bind.
    #
    set -e
  
    ### One-Shot configuration (non-Ubuntu VM or container)
    #
    # Send ARP requests from a sane source IP address
    sysctl -w net.ipv4.conf.all.arp_announce=2
  
    #
    # Disable IPv4 and IPv6 forwarding
    #
    sysctl -w net.ipv4.ip_forward=0
    sysctl -w net.ipv6.conf.all.forwarding=0
  
    #
    # Interface addressing, create any bond devices
    #
    ip link set dev eth1 up
    set +e
    ip addr del 192.168.43.5/24 dev eth1 2>/dev/null
    set -e
    ip addr add 192.168.43.5/24 dev eth1
    sysctl -w net.ipv6.conf.eth1.disable_ipv6=0
    set +e
    ip -6 addr del 2001:db8:cafe:2::5/64 dev eth1 2>/dev/null
    set -e
    ip -6 addr add 2001:db8:cafe:2::5/64 dev eth1
    ip link set dev eth1 mtu 1500
ok: [h4] => 
  msg: |-
    initial configuration for h4
    =========================================
    #!/bin/bash
    #
    # This script contains the 'ip' commands needed to set up container
    # interfaces and route table. It's executed within the container
    # network namespace on the container host.
    #
    #  /etc/hosts file is generated as a clab bind.
    #
    set -e
  
    ### One-Shot configuration (non-Ubuntu VM or container)
    #
    # Send ARP requests from a sane source IP address
    sysctl -w net.ipv4.conf.all.arp_announce=2
  
    #
    # Disable IPv4 and IPv6 forwarding
    #
    sysctl -w net.ipv4.ip_forward=0
    sysctl -w net.ipv6.conf.all.forwarding=0
  
    #
    # Interface addressing, create any bond devices
    #
    ip link set dev eth1 up
    set +e
    ip addr del 192.168.43.6/24 dev eth1 2>/dev/null
    set -e
    ip addr add 192.168.43.6/24 dev eth1
    sysctl -w net.ipv6.conf.eth1.disable_ipv6=0
    set +e
    ip -6 addr del 2001:db8:cafe:2::6/64 dev eth1 2>/dev/null
    set -e
    ip -6 addr add 2001:db8:cafe:2::6/64 dev eth1
    ip link set dev eth1 mtu 1500
ok: [rtr] => 
  msg: |-
    initial configuration for rtr
    =========================================
    #!/bin/bash
    #
    set -e
    set -x
    #
    # Create bash profile script
    #
    cat <<SCRIPT >/root/.bash_profile
    #!/bin/bash
    #
    export PS1="\h(bash)# "
    echo
    echo "Use vtysh to connect to FRR daemon"
    echo
    SCRIPT
    #
    # This is an artifact of unknown provenance that should be removed in a year or two (= 2026/2027)
    #
    # FRR controls these parameters with 'ip forwarding' and 'ipv6 forwarding' commands
    #
    sysctl -w net.ipv4.ip_forward=1
    sysctl -w net.ipv6.conf.all.forwarding=1
    #
    #
    # Get the current next hop for the default route
    #
    def_nh=$(ip route list default|awk '{ print $3 }')
    #
    # Create the management VRF and add eth0 to it
    #
    if [ ! -e /sys/devices/virtual/net/mgmt ]; then
      ip link add mgmt type vrf table 42
    fi
    ip link set mgmt up
    sysctl -qw net.ipv6.conf.eth0.keep_addr_on_down=1
    ip link set eth0 master mgmt
    #
    # Reinstall the default route if we had it before
    #
    if [[ -n "$def_nh" ]]; then
      ip route add 0.0.0.0/0 vrf mgmt via $def_nh
    fi
    #
    # Enable FRR modules (if not using containerlab bind-mounted /etc/frr/daemons)
    #
  
    # Set system defaults
    #
    # Send ARP requests from a sane source IP address
    #
    sysctl -w net.ipv4.conf.all.arp_announce=2
  
    #
    # Create loopbacks, stub and lag/bond devices
    #
    if [ ! -e /sys/class/net/lo ]; then
      if [ ! -e /sys/devices/virtual/net/lo ]; then
        ip link add lo type dummy
        ip link set dev lo up
      fi
    fi
  
    # Disable IPv6 (for IPv4-only interfaces) or SLAAC (if the device is a router)
    #
    ip link set eth1 down
    sysctl -qw net.ipv6.conf.eth1.autoconf=0
    sysctl -qw net.ipv6.conf.eth1.accept_ra=0
    ip link set dev eth1 mtu 1500
    ip link set eth1 up
    ip link set eth2 down
    sysctl -qw net.ipv6.conf.eth2.autoconf=0
    sysctl -qw net.ipv6.conf.eth2.accept_ra=0
    ip link set dev eth2 mtu 1500
    ip link set eth2 up
  
    #
    # Add vtysh.conf file
    echo "service integrated-vtysh-config" >/etc/frr/vtysh.conf
  
    #
    # Rest of initial configuration done through VTYSH
    #
    cat >/tmp/config <<CONFIG
    hostname rtr
    !
    ip forwarding
    ipv6 forwarding
    vrf mgmt
     exit-vrf
    !
    frr defaults datacenter
    !
    interface lo
     no shutdown
     ip address 10.0.0.2/32
     ipv6 address 2001:db8:0:2::1/64
    !
    interface eth1
     no shutdown
     description rtr -> [h1,dut] [stub]
     ip address 192.168.42.2/24
     ipv6 address 2001:db8:cafe:1::2/64
     ipv6 nd ra-interval 5
     no ipv6 nd suppress-ra
    !
    interface eth2
     no shutdown
     description rtr -> h2 [stub]
     ip address 172.16.0.2/24
     ipv6 address 2001:db8:1::2/64
     ipv6 nd ra-interval 5
     no ipv6 nd suppress-ra
    !
    do write
    CONFIG
    vtysh -f /tmp/config
    exit 0
ok: [dut] => 
  msg: |-
    initial configuration for dut
    =========================================
    hostname dut
    !
    no ip domain lookup
    !
    lldp run
    !
    ip host rtr 10.0.0.2 192.168.42.2 172.16.0.2 2001:db8:0:2::1 2001:db8:cafe:1::2 2001:db8:1::2
    ip host h1 192.168.42.3 2001:db8:cafe:1::3
    ip host h2 172.16.0.4 2001:db8:1::4
    ip host h3 192.168.43.5 2001:db8:cafe:2::5
    ip host h4 192.168.43.6 2001:db8:cafe:2::6
    !
    ip routing
    !
    no ipv6 unicast-routing
    !
    !
    !
    interface GigabitEthernet1
     no lldp transmit
     no lldp receive
    !
    interface GigabitEthernet2
     description dut -> [rtr,h1] [stub]
     ip address 192.168.42.1 255.255.255.0
     ipv6 nd ra suppress all
     ipv6 nd autoconfig default-route
     ipv6 address 2001:DB8:CAFE:1::1/64
     no shutdown
    !
    interface GigabitEthernet3
     description dut -> [h3,h4] [stub]
     ip address 192.168.43.1 255.255.255.0
     ipv6 nd ra suppress all
     ipv6 nd autoconfig default-route
     ipv6 address 2001:DB8:CAFE:2::1/64
     no shutdown
    !
    !
    line vty 0 4
     exec-timeout 0 0
    !
    no banner exec
    no banner login
    no banner incoming

TASK [Deploy initial configuration] ********************************************
included: /home/pipi/net101/tools/netsim/ansible/tasks/deploy-config/ios.yml for dut
included: /home/pipi/net101/tools/netsim/ansible/tasks/deploy-config/linux-clab.yml for h1, h2, h3, h4
included: /home/pipi/net101/tools/netsim/ansible/tasks/frr/initial-clab.yml for rtr

TASK [ios_config: deploying initial from /home/pipi/net101/tools/netsim/ansible/templates/initial/ios.j2] ***
[WARNING]: To ensure idempotency and correct diff the input configuration lines
should be similar to how they appear if present in the running configuration on
device including the indentation
changed: [dut]

TASK [Define script filename and determine whether to execute in netns] ********
ok: [h1]
ok: [h2]
ok: [h3]
ok: [h4]

TASK [Create a temporary file for the rendered script] *************************
changed: [h2 -> localhost]
changed: [h3 -> localhost]
changed: [h1 -> localhost]
changed: [h4 -> localhost]

TASK [Create container setup script from /home/pipi/net101/tools/netsim/ansible/templates/initial/linux-clab.j2] ***
changed: [h4 -> localhost]
changed: [h3 -> localhost]
changed: [h2 -> localhost]
changed: [h1 -> localhost]

TASK [Copy script into running container at /tmp/config-h1_initial.sh] *********
skipping: [h1]
skipping: [h2]
skipping: [h3]
skipping: [h4]

TASK [Execute /tmp/config-h1_initial.sh to deploy initial config based on /home/pipi/net101/tools/netsim/ansible/templates/initial/linux-clab.j2] ***
skipping: [h1]
skipping: [h2]
skipping: [h3]
skipping: [h4]

TASK [Container configuration for initial based on /home/pipi/net101/tools/netsim/ansible/templates/initial/linux-clab.j2 executed in netns] ***
changed: [h1 -> localhost]
changed: [h3 -> localhost]
changed: [h4 -> localhost]
changed: [h2 -> localhost]

TASK [Remove temporary file /tmp/h1_initial-nlw8nb1i.sh] ***********************
changed: [h1 -> localhost]
changed: [h2 -> localhost]
changed: [h3 -> localhost]
changed: [h4 -> localhost]

TASK [Attempt to load VRF kernel module] ***************************************
changed: [rtr -> localhost]

TASK [Disable FRR management VRF when modprobe fails] **************************
skipping: [rtr]

TASK [include_tasks] ***********************************************************
included: /home/pipi/net101/tools/netsim/ansible/tasks/frr/deploy-config.yml for rtr

TASK [template] ****************************************************************
changed: [rtr]

TASK [set_fact] ****************************************************************
ok: [rtr]

TASK [run /tmp/config.sh to deploy initial config from /home/pipi/net101/tools/netsim/ansible/templates/initial/frr.j2] ***
changed: [rtr]

TASK [run vtysh to import initial config from /home/pipi/net101/tools/netsim/ansible/templates/initial/frr.j2] ***
skipping: [rtr]

PLAY [Deploy module-specific configurations] ***********************************

TASK [Set variables that cannot be set with VARS] ******************************
ok: [h1]
ok: [h2]
ok: [h3]
ok: [h4]
ok: [dut]

TASK [Deploy individual configuration modules] *********************************
included: /home/pipi/net101/tools/netsim/ansible/tasks/deploy-module.yml for dut, h1, h2, h3, h4 => (item=routing)

TASK [Figure out whether to deploy the module routing on current device] *******
ok: [h1]
ok: [h2]
ok: [h3]
ok: [h4]
ok: [dut]

TASK [Find configuration template for routing] *********************************
ok: [h2]
ok: [h1]
ok: [h3]
ok: [h4]
ok: [dut]

TASK [fail] ********************************************************************
skipping: [dut]
skipping: [h1]
skipping: [h2]
skipping: [h3]
skipping: [h4]

TASK [Find configuration deployment deploy_script for routing] *****************
ok: [h1]
ok: [h2]
ok: [h4]
ok: [h3]
ok: [dut]

TASK [Print deployed configuration when running in verbose mode] ***************
ok: [h1] => 
  msg: |-
    routing configuration for h1
    =========================================
    #!/bin/bash
    #
    # Add static routes (usually IPv4 routes pointing to the first usable gateway)
    #
    #
    echo Removing existing IPv4 routes
    while ip route del 192.168.43.0/24 2>/dev/null; do
      : ; done
    #
    set +e
    echo Removing existing IPv6 routes
    while ip route del 2001:db8:cafe:2::/64 2>/dev/null; do
      : ; done
    #
    #
    echo Adding direct static routes
    ip route add 192.168.43.0/24 via 192.168.42.1 dev eth1 protocol static
    ip route add 2001:db8:cafe:2::/64 via 2001:db8:cafe:1::1 dev eth1 protocol static
    #
    # Print the final routing table
    ip route
ok: [h4] => 
  msg: |-
    routing configuration for h4
    =========================================
    #!/bin/bash
    #
    # Add static routes (usually IPv4 routes pointing to the first usable gateway)
    #
    #
    #
    #
    #
    #
    # Print the final routing table
    ip route
ok: [h3] => 
  msg: |-
    routing configuration for h3
    =========================================
    #!/bin/bash
    #
    # Add static routes (usually IPv4 routes pointing to the first usable gateway)
    #
    #
    echo Removing existing IPv4 routes
    while ip route del 192.168.42.0/24 2>/dev/null; do
      : ; done
    #
    set +e
    echo Removing existing IPv6 routes
    while ip route del 2001:db8:cafe:1::/64 2>/dev/null; do
      : ; done
    #
    #
    echo Adding direct static routes
    ip route add 192.168.42.0/24 via 192.168.43.1 dev eth1 protocol static
    ip route add 2001:db8:cafe:1::/64 via 2001:db8:cafe:2::1 dev eth1 protocol static
    #
    # Print the final routing table
    ip route
ok: [h2] => 
  msg: |-
    routing configuration for h2
    =========================================
    #!/bin/bash
    #
    # Add static routes (usually IPv4 routes pointing to the first usable gateway)
    #
    #
    echo Removing existing IPv4 routes
    while ip route del 192.168.42.0/24 2>/dev/null; do
      : ; done
    #
    set +e
    echo Removing existing IPv6 routes
    while ip route del 2001:db8:cafe:1::/64 2>/dev/null; do
      : ; done
    #
    #
    echo Adding direct static routes
    ip route add 192.168.42.0/24 via 172.16.0.2 dev eth1 protocol static
    ip route add 2001:db8:cafe:1::/64 via 2001:db8:1::2 dev eth1 protocol static
    #
    # Print the final routing table
    ip route
ok: [dut] => 
  msg: |-
    routing configuration for dut
    =========================================
    !
    !
    ! AS-path access lists
    !
    !
    ! Static routes
    !
    ip route 0.0.0.0 0.0.0.0 GigabitEthernet2 192.168.42.2

TASK [Deploy routing configuration] ********************************************
included: /home/pipi/net101/tools/netsim/ansible/tasks/deploy-config/ios.yml for dut
included: /home/pipi/net101/tools/netsim/ansible/tasks/deploy-config/linux-clab.yml for h1, h2, h3, h4

TASK [ios_config: deploying routing from /home/pipi/net101/tools/netsim/ansible/templates/routing/ios.j2] ***
changed: [dut]

TASK [Define script filename and determine whether to execute in netns] ********
ok: [h1]
ok: [h2]
ok: [h3]
ok: [h4]

TASK [Create a temporary file for the rendered script] *************************
changed: [h1 -> localhost]
changed: [h2 -> localhost]
changed: [h3 -> localhost]
changed: [h4 -> localhost]

TASK [Create container setup script from /home/pipi/net101/tools/netsim/ansible/templates/routing/linux-clab.j2] ***
changed: [h2 -> localhost]
changed: [h1 -> localhost]
changed: [h3 -> localhost]
changed: [h4 -> localhost]

TASK [Copy script into running container at /tmp/config-h1_routing.sh] *********
skipping: [h1]
skipping: [h2]
skipping: [h3]
skipping: [h4]

TASK [Execute /tmp/config-h1_routing.sh to deploy routing config based on /home/pipi/net101/tools/netsim/ansible/templates/routing/linux-clab.j2] ***
skipping: [h1]
skipping: [h2]
skipping: [h3]
skipping: [h4]

TASK [Container configuration for routing based on /home/pipi/net101/tools/netsim/ansible/templates/routing/linux-clab.j2 executed in netns] ***
changed: [h1 -> localhost]
changed: [h2 -> localhost]
changed: [h3 -> localhost]
changed: [h4 -> localhost]

TASK [Remove temporary file /tmp/h1_routing-2_s6dkmq.sh] ***********************
changed: [h1 -> localhost]
changed: [h2 -> localhost]
changed: [h4 -> localhost]
changed: [h3 -> localhost]

PLAY [Deploy custom deployment templates] **************************************
skipping: no hosts matched

PLAY RECAP *********************************************************************
dut                        : ok=21   changed=2    unreachable=0    failed=0    skipped=6    rescued=0    ignored=0   
h1                         : ok=29   changed=8    unreachable=0    failed=0    skipped=10   rescued=0    ignored=0   
h2                         : ok=29   changed=8    unreachable=0    failed=0    skipped=10   rescued=0    ignored=0   
h3                         : ok=29   changed=8    unreachable=0    failed=0    skipped=10   rescued=0    ignored=0   
h4                         : ok=29   changed=8    unreachable=0    failed=0    skipped=10   rescued=0    ignored=0   
rtr                        : ok=17   changed=3    unreachable=0    failed=0    skipped=7    rescued=0    ignored=0   



This scenario tests basic interface, IPv4, and IPv6 configuration, including generation of IPv6 Router Advertisements
