17:41:37 INFO Parsing & checking topology file=clab-augment.yml
17:41:37 INFO Parsing & checking topology file=clab-augment.yml
17:41:37 INFO Destroying lab name=ml_30
17:41:37 INFO Removed container name=clab-ml_30-dhsrv
17:41:37 INFO Removed container name=clab-ml_30-h0
17:41:37 INFO Removed container name=clab-ml_30-h2
17:41:37 INFO Removed container name=clab-ml_30-h1
17:41:38 INFO Removed container name=clab-ml_30-h3
17:41:38 INFO Removing host entries path=/etc/hosts
17:41:38 INFO Removing SSH config path=/etc/ssh/ssh_config.d/clab-ml_30.conf
[fog][WARNING] Unrecognized arguments: libvirt_ip_command
[fog][WARNING] Unrecognized arguments: libvirt_ip_command
==> h4: Removing domain...
==> h4: Deleting the machine folder
==> dut: Removing domain...
==> dut: Deleting the machine folder
Checking virtualization provider installation
OK: libvirt installed and working correctly
OK: clab installed and working correctly
Stopping clab nodes

Stopping libvirt nodes
Cleanup configuration files
... removing Vagrantfile
... removing directory tree clab_files
... removing clab-augment.yml
... removing ansible.cfg
... removing hosts.yml
... removing directory tree group_vars
... removing directory tree host_vars
... removing netlab.snapshot.yml
... removing netlab.snapshot.pickle
