19:24:24 INFO Containerlab started version=0.71.1
19:24:24 INFO Parsing & checking topology file=clab.yml
19:24:24 INFO Removing directory path=/work/netlab_cicd/clab-ml_17
19:24:24 INFO Creating docker network name=nl_mgmt_17 IPv4 subnet=192.168.17.0/24 IPv6 subnet="" MTU=0
19:24:24 INFO Creating lab directory path=/work/netlab_cicd/clab-ml_17
19:24:24 INFO Creating container name=dut
19:24:24 INFO Creating container name=x2
19:24:24 INFO Creating container name=x1
19:24:24 INFO Running postdeploy actions for Arista cEOS 'x1' node
19:24:25 INFO Created link: dut:eth1 ▪┄┄▪ x1:et1
19:24:25 INFO Running postdeploy actions for Arista cEOS 'x2' node
19:24:25 INFO Created link: dut:eth2 ▪┄┄▪ x1:et2
19:24:25 INFO Created link: dut:eth3 ▪┄┄▪ x2:et1
19:24:25 INFO Created link: dut:eth4 ▪┄┄▪ x2:et2
19:24:47 INFO Executed command node=dut command="sh /etc/config/initial.sh"
  stdout=
  │ net.ipv4.conf.all.arp_announce = 2
  │ net.ipv4.ip_forward = 1
  │ net.ipv6.conf.all.forwarding = 1
  │ net.ipv6.conf.lo.disable_ipv6 = 1
  │ net.ipv6.conf.bond1.disable_ipv6 = 1
  │ net.ipv6.conf.bond2.disable_ipv6 = 1
  │ net.ipv6.conf.eth1.disable_ipv6 = 1
  │ net.ipv6.conf.eth2.disable_ipv6 = 1
  │ net.ipv6.conf.eth3.disable_ipv6 = 1
  │ net.ipv6.conf.eth4.disable_ipv6 = 1

19:24:47 INFO Adding host entries path=/etc/hosts
19:24:47 INFO Adding SSH config for nodes path=/etc/ssh/ssh_config.d/clab-ml_17.conf
You are on the latest version (0.71.1)
[1m╭[0m[1m────────────────[0m[1m┬[0m[1m────────────────────[0m[1m┬[0m[1m─────────[0m[1m┬[0m[1m────────────────[0m[1m╮[0m
[1m│[0m[1m      Name      [0m[1m│[0m[1m     Kind/Image     [0m[1m│[0m[1m  State  [0m[1m│[0m[1m IPv4/6 Address [0m[1m│[0m
[1m├[0m[1m────────────────[0m[1m┼[0m[1m────────────────────[0m[1m┼[0m[1m─────────[0m[1m┼[0m[1m────────────────[0m[1m┤[0m
│ clab-ml_17-dut │ linux              │ running │ 192.168.17.101 │
│                │ netlab/bird:latest │         │ N/A            │
├────────────────┼────────────────────┼─────────┼────────────────┤
│ clab-ml_17-x1  │ ceos               │ running │ 192.168.17.102 │
│                │ ceos:4.34.2F       │         │ N/A            │
├────────────────┼────────────────────┼─────────┼────────────────┤
│ clab-ml_17-x2  │ ceos               │ running │ 192.168.17.103 │
│                │ ceos:4.34.2F       │         │ N/A            │
╰────────────────┴────────────────────┴─────────┴────────────────╯
Using transformed lab topology from snapshot file netlab.snapshot.pickle
Checking virtualization provider installation
OK: clab installed and working correctly
Starting clab nodes
provider clab: executing sudo -E containerlab deploy --reconfigure -t clab.yml

Initial configuration skipped, run 'netlab initial' to configure the devices
