[CONFIG]  h1: initial,routing,hosts
[CONFIG]  h2: initial,routing,hosts (shared)
[CONFIG]  h3: initial,routing,hosts (shared)
[CONFIG]  h4: initial,routing,hosts (shared)
[CONFIG]  dut: initial,lag,vlan,routing,bird,hosts (shared)
[CONFIG]  xs: daemons,hosts (shared),initial,lag,vlan
Createdprovider configuration file: clab.yml
Createdtransformed topology dump in YAML format in netlab.snapshot.yml
Createdpickled transformed topology data into netlab.snapshot.pickle
Created group_vars for all
Created group_vars for modules
Created group_vars for linux
Created host_vars for h1
Created host_vars for h2
Created host_vars for h3
Created host_vars for h4
Created group_vars for bird
Created host_vars for dut
Created group_vars for frr
Created host_vars for xs
Createdminimized Ansible inventory hosts.yml
CreatedAnsible configuration file: ansible.cfg
