12:43:53 INFO Containerlab started version=0.72.0
12:43:53 INFO Parsing & checking topology file=clab.yml
12:43:53 INFO Removing directory path=/work/netlab_cicd/clab-ml_17
12:43:53 INFO Creating docker network name=nl_mgmt_17 IPv4 subnet=192.168.17.0/24 IPv6 subnet="" MTU=0
12:43:53 INFO Creating lab directory path=/work/netlab_cicd/clab-ml_17
12:43:53 INFO Creating container name=dut
12:43:53 INFO Creating container name=h3
12:43:53 INFO Creating container name=h1
12:43:53 INFO Creating container name=h4
12:43:53 INFO Creating container name=xs
12:43:53 INFO Creating container name=h2
12:43:54 INFO Created link: dut:eth1 ▪┄┄▪ xs:eth1
12:43:54 INFO Created link: h3:eth1 ▪┄┄▪ dut:eth4
12:43:54 INFO Created link: h1:eth1 ▪┄┄▪ dut:eth3
12:43:54 INFO Created link: dut:eth2 ▪┄┄▪ xs:eth2
12:43:55 INFO Created link: h2:eth1 ▪┄┄▪ xs:eth3
12:43:55 INFO Created link: h4:eth1 ▪┄┄▪ xs:eth4
12:43:55 INFO Executed command node=dut command="sh /etc/config/startup.sh"
  stdout=
  │ Running 01-initial.sh
  │ net.ipv4.conf.all.arp_announce = 2
  │ net.ipv4.ip_forward = 0
  │ net.ipv6.conf.all.forwarding = 0
  │ net.ipv6.conf.bond1.disable_ipv6 = 1
  │ net.ipv6.conf.eth1.disable_ipv6 = 1
  │ net.ipv6.conf.eth2.disable_ipv6 = 1
  │ net.ipv6.conf.eth3.disable_ipv6 = 1
  │ net.ipv6.conf.eth4.disable_ipv6 = 1
  │ Running 10-lag.sh
  │ Running 20-vlan.sh
  │ net.ipv6.conf.vlan1000.disable_ipv6 = 1
  │ net.ipv6.conf.vlan1001.disable_ipv6 = 1

12:43:55 INFO Adding host entries path=/etc/hosts
12:43:55 INFO Adding SSH config for nodes path=/etc/ssh/ssh_config.d/clab-ml_17.conf
[1m╭[0m[1m────────────────[0m[1m┬[0m[1m──────────────────────────────[0m[1m┬[0m[1m─────────[0m[1m┬[0m[1m────────────────[0m[1m╮[0m
[1m│[0m[1m      Name      [0m[1m│[0m[1m          Kind/Image          [0m[1m│[0m[1m  State  [0m[1m│[0m[1m IPv4/6 Address [0m[1m│[0m
[1m├[0m[1m────────────────[0m[1m┼[0m[1m──────────────────────────────[0m[1m┼[0m[1m─────────[0m[1m┼[0m[1m────────────────[0m[1m┤[0m
│ clab-ml_17-dut │ linux                        │ running │ 192.168.17.105 │
│                │ netlab/bird:latest           │         │ N/A            │
├────────────────┼──────────────────────────────┼─────────┼────────────────┤
│ clab-ml_17-h1  │ linux                        │ running │ 192.168.17.101 │
│                │ python:3.13-alpine           │         │ N/A            │
├────────────────┼──────────────────────────────┼─────────┼────────────────┤
│ clab-ml_17-h2  │ linux                        │ running │ 192.168.17.102 │
│                │ python:3.13-alpine           │         │ N/A            │
├────────────────┼──────────────────────────────┼─────────┼────────────────┤
│ clab-ml_17-h3  │ linux                        │ running │ 192.168.17.103 │
│                │ python:3.13-alpine           │         │ N/A            │
├────────────────┼──────────────────────────────┼─────────┼────────────────┤
│ clab-ml_17-h4  │ linux                        │ running │ 192.168.17.104 │
│                │ python:3.13-alpine           │         │ N/A            │
├────────────────┼──────────────────────────────┼─────────┼────────────────┤
│ clab-ml_17-xs  │ linux                        │ running │ 192.168.17.106 │
│                │ quay.io/frrouting/frr:10.5.0 │         │ N/A            │
╰────────────────┴──────────────────────────────┴─────────┴────────────────╯
Using transformed lab topology from snapshot file netlab.snapshot.pickle
Checking virtualization provider installation
OK: clab installed and working correctly
Starting clab nodes
provider clab: executing sudo -E containerlab deploy --reconfigure -t clab.yml

Initial configuration skipped, run 'netlab initial' to configure the devices
