 [INFO] Creating configuration snippets
[CREATED] h1: initial,routing
[CREATED] h2: initial,routing
[CREATED] dut: initial,lag,vlan,ospf
[CREATED] xr: initial,lag,vlan,ospf
 [INFO] Executing initial configuration for node h1 (namespace clab-
          ml-17-h1)
 [INFO] Executing initial configuration for node h2 (namespace clab-
          ml-17-h2)
 [INFO] Executing initial configuration for node dut
 [INFO] Executing initial configuration for node xr
 [INFO] Executing routing configuration for node h1 (namespace clab-
          ml-17-h1)
 [INFO] Executing routing configuration for node h2 (namespace clab-
          ml-17-h2)
 [INFO] Executing lag configuration for node dut
 [INFO] Executing lag configuration for node xr
 [INFO] Executing vlan configuration for node dut
 [INFO] Executing vlan configuration for node xr
 [INFO] Executing ospf configuration for node xr

Results of configuration script deployments
================================================================================
h1                           OK: 2   
h2                           OK: 2   
dut                          OK: 3   
xr                           OK: 4   


The device under test is a router connected with a routed VLAN trunk on a LAG to
another router. Hosts should be able to ping each other.

On routers, this case tests routed subinterfaces on a port-channel interface

