Bringing machine 'r' up with 'libvirt' provider...
==> r: Checking if box 'juniper/vptx' version '25.2R1.8' is up to date...
[fog][WARNING] Unrecognized arguments: libvirt_ip_command
==> r: Creating image (snapshot of base box volume).
==> r: Creating domain with the following settings...
==> r:  -- Name:              ml_23_r
==> r:  -- Description:       Source: /work/netlab_cicd/hogs/Vagrantfile
==> r:  -- Domain type:       kvm
==> r:  -- Cpus:              4
==> r:  -- Feature:           acpi
==> r:  -- Feature:           apic
==> r:  -- Feature:           pae
==> r:  -- Clock offset:      utc
==> r:  -- Memory:            8192M
==> r:  -- Management MAC:    ca:fe:00:01:00:00
==> r:  -- Loader:            /usr/share/OVMF/OVMF_CODE_4M.fd
==> r:  -- Nvram:             /var/lib/libvirt/qemu/nvram/r.fd
==> r:  -- Base box:          juniper/vptx
==> r:  -- Storage pool:      default
==> r:  -- Image(vda):        /var/lib/libvirt/images/ml_23_r.img, virtio, 40G
==> r:  -- Disk driver opts:  cache='default'
==> r:  -- Graphics Type:     none
==> r:  -- Video Type:        none
==> r:  -- Video VRAM:        16384
==> r:  -- Video 3D accel:    false
==> r:  -- Keymap:            en-us
==> r:  -- TPM Backend:       passthrough
==> r:  -- Sysinfo:
==> r:    -- BIOS:
==> r:     -> vendor: Bochs
==> r:     -> version: Bochs
==> r:    -- System:
==> r:     -> manufacturer: Bochs
==> r:     -> product: Bochs
==> r:     -> serial: chassis_no=0:slot=0:type=1:assembly_id=0x0D20:platform=251:master=0:channelized=no
==> r:    -- Chassis:
==> r:     -> manufacturer: Bochs
==> r:  -- INPUT:             type=mouse, bus=ps2
==> r: Creating shared folders metadata...
==> r: Updating domain definition due to configuration change
==> r: Starting domain.
==> r: Waiting for domain to get an IP address...
==> r: Waiting for machine to boot. This may take a few minutes...
    r: SSH address: 192.168.23.101:22
    r: SSH username: vagrant
    r: SSH auth method: private key
==> r: Machine booted and ready!
Using transformed lab topology from snapshot file netlab.snapshot.pickle
Checking virtualization provider installation
OK: libvirt installed and working correctly
Starting libvirt nodes
creating libvirt management network nl_mgmt_23
provider libvirt: executing vagrant up --provider libvirt

Initial configuration skipped, run 'netlab initial' to configure the devices
