Bringing machine 'r' up with 'libvirt' provider...
==> r: Checking if box 'netlab/openbsd' version '7.7' is up to date...
[fog][WARNING] Unrecognized arguments: libvirt_ip_command
==> r: Creating image (snapshot of base box volume).
==> r: Creating domain with the following settings...
==> r:  -- Name:              ml_17_r
==> r:  -- Description:       Source: /work/netlab_cicd/Vagrantfile
==> r:  -- Domain type:       kvm
==> r:  -- Cpus:              1
==> r:  -- Feature:           acpi
==> r:  -- Feature:           apic
==> r:  -- Feature:           pae
==> r:  -- Clock offset:      utc
==> r:  -- Memory:            1024M
==> r:  -- Management MAC:    ca:fe:00:84:00:00
==> r:  -- Base box:          netlab/openbsd
==> r:  -- Storage pool:      default
==> r:  -- Image(vda):        /var/lib/libvirt/images/ml_17_r.img, virtio, 2G
==> r:  -- Disk driver opts:  cache='default'
==> r:  -- Graphics Type:     vnc
==> r:  -- Video Type:        cirrus
==> r:  -- Video VRAM:        16384
==> r:  -- Video 3D accel:    false
==> r:  -- Keymap:            en-us
==> r:  -- TPM Backend:       passthrough
==> r:  -- INPUT:             type=mouse, bus=ps2
==> r: Creating shared folders metadata...
==> r: Starting domain.
==> r: Domain launching with graphics connection settings...
==> r:  -- Graphics Port:      5900
==> r:  -- Graphics IP:        127.0.0.1
==> r:  -- Graphics Password:  Not defined
==> r:  -- Graphics Websocket: 5700
==> r: Waiting for domain to get an IP address...
==> r: Waiting for machine to boot. This may take a few minutes...
    r: SSH address: 192.168.17.232:22
    r: SSH username: openbsd
    r: SSH auth method: password
    r: Warning: Connection refused. Retrying...
==> r: Machine booted and ready!
10:08:26 INFO Containerlab started version=0.72.0
10:08:26 INFO Parsing & checking topology file=clab-augment.yml
10:08:26 INFO Removing directory path=/work/netlab_cicd/clab-ml_17
10:08:26 INFO Creating docker network name=nl_mgmt_17 IPv4 subnet=192.168.17.0/24 IPv6 subnet="" MTU=0
10:08:26 INFO Creating lab directory path=/work/netlab_cicd/clab-ml_17
10:08:26 INFO Creating container name=h1
10:08:26 INFO Creating container name=h2
10:08:26 INFO Created link: h1:eth1 в–Әв”„в”„в–Ә virbr1:bni17n1i1
10:08:26 INFO Created link: h2:eth1 в–Әв”„в”„в–Ә virbr2:bni17n2i1
10:08:26 INFO Adding host entries path=/etc/hosts
10:08:26 INFO Adding SSH config for nodes path=/etc/ssh/ssh_config.d/clab-ml_17.conf
[1mв•ӯ[0m[1mв”Җв”Җв”Җв”Җв”Җв”Җв”Җв”Җв”Җв”Җв”Җв”Җв”Җв”Җв”Җ[0m[1mв”¬[0m[1mв”Җв”Җв”Җв”Җв”Җв”Җв”Җв”Җв”Җв”Җв”Җв”Җв”Җв”Җв”Җв”Җв”Җв”Җв”Җв”Җ[0m[1mв”¬[0m[1mв”Җв”Җв”Җв”Җв”Җв”Җв”Җв”Җв”Җ[0m[1mв”¬[0m[1mв”Җв”Җв”Җв”Җв”Җв”Җв”Җв”Җв”Җв”Җв”Җв”Җв”Җв”Җв”Җв”Җ[0m[1mв•®[0m
[1mв”Ӯ[0m[1m      Name     [0m[1mв”Ӯ[0m[1m     Kind/Image     [0m[1mв”Ӯ[0m[1m  State  [0m[1mв”Ӯ[0m[1m IPv4/6 Address [0m[1mв”Ӯ[0m
[1mв”ң[0m[1mв”Җв”Җв”Җв”Җв”Җв”Җв”Җв”Җв”Җв”Җв”Җв”Җв”Җв”Җв”Җ[0m[1mв”ј[0m[1mв”Җв”Җв”Җв”Җв”Җв”Җв”Җв”Җв”Җв”Җв”Җв”Җв”Җв”Җв”Җв”Җв”Җв”Җв”Җв”Җ[0m[1mв”ј[0m[1mв”Җв”Җв”Җв”Җв”Җв”Җв”Җв”Җв”Җ[0m[1mв”ј[0m[1mв”Җв”Җв”Җв”Җв”Җв”Җв”Җв”Җв”Җв”Җв”Җв”Җв”Җв”Җв”Җв”Җ[0m[1mв”Ө[0m
в”Ӯ clab-ml_17-h1 в”Ӯ linux              в”Ӯ running в”Ӯ 192.168.17.101 в”Ӯ
в”Ӯ               в”Ӯ python:3.13-alpine в”Ӯ         в”Ӯ N/A            в”Ӯ
в”ңв”Җв”Җв”Җв”Җв”Җв”Җв”Җв”Җв”Җв”Җв”Җв”Җв”Җв”Җв”Җв”јв”Җв”Җв”Җв”Җв”Җв”Җв”Җв”Җв”Җв”Җв”Җв”Җв”Җв”Җв”Җв”Җв”Җв”Җв”Җв”Җв”јв”Җв”Җв”Җв”Җв”Җв”Җв”Җв”Җв”Җв”јв”Җв”Җв”Җв”Җв”Җв”Җв”Җв”Җв”Җв”Җв”Җв”Җв”Җв”Җв”Җв”Җв”Ө
в”Ӯ clab-ml_17-h2 в”Ӯ linux              в”Ӯ running в”Ӯ 192.168.17.102 в”Ӯ
в”Ӯ               в”Ӯ python:3.13-alpine в”Ӯ         в”Ӯ N/A            в”Ӯ
в•°в”Җв”Җв”Җв”Җв”Җв”Җв”Җв”Җв”Җв”Җв”Җв”Җв”Җв”Җв”Җв”ҙв”Җв”Җв”Җв”Җв”Җв”Җв”Җв”Җв”Җв”Җв”Җв”Җв”Җв”Җв”Җв”Җв”Җв”Җв”Җв”Җв”ҙв”Җв”Җв”Җв”Җв”Җв”Җв”Җв”Җв”Җв”ҙв”Җв”Җв”Җв”Җв”Җв”Җв”Җв”Җв”Җв”Җв”Җв”Җв”Җв”Җв”Җв”Җв•Ҝ
Using transformed lab topology from snapshot file netlab.snapshot.pickle
Checking virtualization provider installation
OK: libvirt installed and working correctly
OK: clab installed and working correctly
Starting libvirt nodes
creating libvirt management network nl_mgmt_17
provider libvirt: executing vagrant up --provider libvirt
Starting clab nodes
Recreating clab-augment.yml configuration file for clab provider
Createdprovider configuration file: clab-augment.yml
provider clab: executing sudo -E containerlab deploy --reconfigure -t clab-augment.yml

Initial configuration skipped, run 'netlab initial' to configure the devices
