Bringing machine 'dut' up with 'libvirt' provider...
Bringing machine 'xr' up with 'libvirt' provider...
==> dut: Checking if box 'dell/os10' version '5.6.6' is up to date...
==> xr: Checking if box 'debian/bookworm64' version '12.20240503.1' is up to date...
[fog][WARNING] Unrecognized arguments: libvirt_ip_command
[fog][WARNING] Unrecognized arguments: libvirt_ip_command
==> dut: Creating image (snapshot of base box volume).
==> xr: Creating image (snapshot of base box volume).
==> dut: Creating domain with the following settings...
==> dut:  -- Name:              ml_17_dut
==> dut:  -- Description:       Source: /work/netlab_cicd/Vagrantfile
==> xr: Creating domain with the following settings...
==> dut:  -- Domain type:       kvm
==> xr:  -- Name:              ml_17_xr
==> dut:  -- Cpus:              2
==> xr:  -- Description:       Source: /work/netlab_cicd/Vagrantfile
==> dut:  -- Feature:           acpi
==> xr:  -- Domain type:       kvm
==> dut:  -- Feature:           apic
==> xr:  -- Cpus:              1
==> dut:  -- Feature:           pae
==> xr:  -- Feature:           acpi
==> dut:  -- Clock offset:      utc
==> xr:  -- Feature:           apic
==> dut:  -- Memory:            4096M
==> xr:  -- Feature:           pae
==> dut:  -- Management MAC:    08:4f:a9:00:00:01
==> xr:  -- Clock offset:      utc
==> dut:  -- Base box:          dell/os10
==> xr:  -- Memory:            1024M
==> dut:  -- Storage pool:      default
==> xr:  -- Management MAC:    08:4f:a9:00:00:02
==> dut:  -- Image(vda):        /var/lib/libvirt/images/ml_17_dut.img, ide, 50G
==> xr:  -- Base box:          debian/bookworm64
==> dut:  -- Disk driver opts:  cache='default'
==> xr:  -- Storage pool:      default
==> dut:  -- Graphics Type:     vnc
==> xr:  -- Image(vda):        /var/lib/libvirt/images/ml_17_xr.img, virtio, 100G
==> dut:  -- Video Type:        cirrus
==> xr:  -- Disk driver opts:  cache='default'
==> dut:  -- Video VRAM:        16384
==> xr:  -- Graphics Type:     vnc
==> dut:  -- Video 3D accel:    false
==> xr:  -- Video Type:        cirrus
==> dut:  -- Keymap:            en-us
==> xr:  -- Video VRAM:        16384
==> dut:  -- TPM Backend:       passthrough
==> xr:  -- Video 3D accel:    false
==> dut:  -- INPUT:             type=mouse, bus=ps2
==> xr:  -- Keymap:            en-us
==> xr:  -- TPM Backend:       passthrough
==> xr:  -- INPUT:             type=mouse, bus=ps2
==> dut: Creating shared folders metadata...
==> xr: Creating shared folders metadata...
==> xr: Starting domain.
==> dut: Starting domain.
==> xr: Domain launching with graphics connection settings...
==> dut: Domain launching with graphics connection settings...
==> xr:  -- Graphics Port:      5900
==> dut:  -- Graphics Port:      5901
==> xr:  -- Graphics IP:        127.0.0.1
==> dut:  -- Graphics IP:        127.0.0.1
==> xr:  -- Graphics Password:  Not defined
==> dut:  -- Graphics Password:  Not defined
==> xr:  -- Graphics Websocket: 5700
==> dut:  -- Graphics Websocket: 5701
==> xr: Waiting for domain to get an IP address...
==> dut: Waiting for domain to get an IP address...
==> xr: Waiting for machine to boot. This may take a few minutes...
    xr: SSH address: 192.168.17.102:22
    xr: SSH username: vagrant
    xr: SSH auth method: private key
    xr: 
    xr: Vagrant insecure key detected. Vagrant will automatically replace
    xr: this with a newly generated keypair for better security.
    xr: 
    xr: Inserting generated public key within guest...
    xr: Removing insecure key from the guest if it's present...
    xr: Key inserted! Disconnecting and reconnecting using new SSH key...
==> xr: Machine booted and ready!
==> xr: Running provisioner: shell...
    xr: Running: inline script
    xr: Setting password for user Vagrant
    xr: Enabling SSH password authentication
    xr: Installing GPG, curl, and iproute2
    xr: Installing FRR -- set 'netlab_quick_start' node variable to True to skip this step
    xr: Installation complete
==> dut: Waiting for machine to boot. This may take a few minutes...
    dut: SSH address: 192.168.17.101:22
    dut: SSH username: vagrant
    dut: SSH auth method: private key
==> dut: Machine booted and ready!

==> xr: Machine 'xr' has a post `vagrant up` message. This is a message
==> xr: from the creator of the Vagrantfile, and not from Vagrant itself:
==> xr: 
==> xr: Vanilla Debian box. See https://app.vagrantup.com/debian for help and bug reports
Using transformed lab topology from snapshot file netlab.snapshot.yml
Checking virtualization provider installation
OK: libvirt installed and working correctly
Starting libvirt nodes
creating libvirt management network nl_mgmt_17
provider libvirt: executing vagrant up --provider libvirt

Initial configuration skipped, run 'netlab initial' to configure the devices
