 [INFO] Creating configuration snippets
[CREATED] h1: initial,routing
[CREATED] h2: initial,routing
[CREATED] dut: normalize,initial,ospf,bgp,mpls
[CREATED] pe2: initial,ospf,bgp,mpls
[CREATED] p1: initial,ospf,mpls
[CREATED] p2: initial,ospf,mpls
 [INFO] Executing initial configuration for node h1 (namespace clab-
          ml-17-h1)
 [INFO] Executing initial configuration for node h2 (namespace clab-
          ml-17-h2)
 [INFO] Executing initial configuration for node pe2
 [INFO] Executing initial configuration for node p1
 [INFO] Executing initial configuration for node p2
 [INFO] Executing routing configuration for node h1 (namespace clab-
          ml-17-h1)
 [INFO] Executing routing configuration for node h2 (namespace clab-
          ml-17-h2)
 [INFO] Executing ospf configuration for node pe2
 [INFO] Executing ospf configuration for node p2
 [INFO] Executing ospf configuration for node p1
 [INFO] Executing mpls configuration for node p1
 [INFO] Executing mpls configuration for node p2
 [INFO] Executing bgp configuration for node pe2
 [INFO] Executing mpls configuration for node pe2

 [INFO] Starting Ansible playbook to deploy the rest of the
          configurations
[WARNING]: Found variable using reserved name: hosts

PLAY [Deploy initial device configuration] *************************************

TASK [Set variables that cannot be set with VARS] ******************************
ok: [dut]

TASK [Generic readiness tests] *************************************************
included: /home/pipi/netlab_gh/netsim/ansible/tasks/readiness-check/ssh.yml for dut => (item=ssh)

TASK [Check if 'sshpass' is installed] *****************************************
ok: [dut -> localhost]

TASK [Check for 'timeout' command] *********************************************
ok: [dut -> localhost]

TASK [Execute local ssh command to check ssh readiness] ************************
FAILED - RETRYING: [dut -> localhost]: Execute local ssh command to check ssh readiness (20 retries left).
ok: [dut -> localhost]

TASK [Confirm dut SSH server works] ********************************************
ok: [dut] => {
    "msg": "Node dut is ready."
}

TASK [Find device readiness script] ********************************************
ok: [dut]

TASK [Wait for device to become ready] *****************************************
skipping: [dut]

TASK [Normalize config on bridge-like devices] *********************************
included: /home/pipi/netlab_gh/netsim/ansible/tasks/deploy-module.yml for dut

TASK [Figure out whether to deploy the module normalize on current device] *****
ok: [dut]

TASK [Find configuration template for normalize] *******************************
ok: [dut]

TASK [fail] ********************************************************************
skipping: [dut]

TASK [Find configuration deployment deploy_script for normalize] ***************
ok: [dut]

TASK [Print deployed configuration when running in verbose mode] ***************
ok: [dut] => {
    "msg": "normalize configuration for dut\n=========================================\n!\ninterface Ethernet1\n shutdown\n!\ninterface Ethernet2\n shutdown\n"
}

TASK [Deploy normalize configuration] ******************************************
included: /home/pipi/netlab_gh/netsim/ansible/tasks/deploy-config/eos.yml for dut

TASK [eos_config: deploying normalize from /work/netlab_cicd/node_files/dut/normalize] ***
[WARNING]: To ensure idempotency and correct diff the input configuration lines
should be similar to how they appear if present in the running configuration on
device including the indentation
changed: [dut]

TASK [Deploy initial configuration] ********************************************
included: /home/pipi/netlab_gh/netsim/ansible/tasks/deploy-module.yml for dut

TASK [Figure out whether to deploy the module initial on current device] *******
ok: [dut]

TASK [Find configuration template for initial] *********************************
ok: [dut]

TASK [fail] ********************************************************************
skipping: [dut]

TASK [Find configuration deployment deploy_script for initial] *****************
ok: [dut]

TASK [Print deployed configuration when running in verbose mode] ***************
ok: [dut] => {
    "msg": "initial configuration for dut\n=========================================\nhostname dut\n!\nlogging monitor debugging\naaa authorization exec default local\n!\nlldp run\nip routing\nno ipv6 unicast-routing\n!\n!\nip host h1 172.16.0.1\nip host h2 172.16.1.2\nip host p1 10.0.0.5 10.1.0.2 10.1.0.5\nip host p2 10.0.0.6 10.1.0.6 10.1.0.9\nip host pe2 10.0.0.4 10.1.0.10 172.16.1.4\n!\ninterface Management0\n no lldp transmit\n no lldp receive\n!\ninterface Loopback0\n ip address 10.0.0.3/32\n!\ninterface Ethernet1\n no switchport\n description dut -> h1 [stub]\n ip address 172.16.0.3/24\n mac-address caf0.0003.0001\n!\n no shutdown\n!\ninterface Ethernet2\n no switchport\n description dut -> p1\n ip address 10.1.0.1/30\n mac-address caf0.0003.0002\n!\n no shutdown\n!\n"
}

TASK [Deploy initial configuration] ********************************************
included: /home/pipi/netlab_gh/netsim/ansible/tasks/deploy-config/eos.yml for dut

TASK [eos_config: deploying initial from /work/netlab_cicd/node_files/dut/initial] ***
changed: [dut]

PLAY [Deploy module-specific configurations] ***********************************

TASK [Set variables that cannot be set with VARS] ******************************
ok: [dut]

TASK [Deploy individual configuration modules] *********************************
included: /home/pipi/netlab_gh/netsim/ansible/tasks/deploy-module.yml for dut => (item=routing)
included: /home/pipi/netlab_gh/netsim/ansible/tasks/deploy-module.yml for dut => (item=ospf)
included: /home/pipi/netlab_gh/netsim/ansible/tasks/deploy-module.yml for dut => (item=bgp)
included: /home/pipi/netlab_gh/netsim/ansible/tasks/deploy-module.yml for dut => (item=mpls)

TASK [Figure out whether to deploy the module routing on current device] *******
ok: [dut]

TASK [Find configuration template for routing] *********************************
skipping: [dut]

TASK [fail] ********************************************************************
skipping: [dut]

TASK [Find configuration deployment deploy_script for routing] *****************
skipping: [dut]

TASK [Print deployed configuration when running in verbose mode] ***************
skipping: [dut]

TASK [Deploy routing configuration] ********************************************
skipping: [dut]

TASK [Figure out whether to deploy the module ospf on current device] **********
ok: [dut]

TASK [Find configuration template for ospf] ************************************
ok: [dut]

TASK [fail] ********************************************************************
skipping: [dut]

TASK [Find configuration deployment deploy_script for ospf] ********************
ok: [dut]

TASK [Print deployed configuration when running in verbose mode] ***************
ok: [dut] => {
    "msg": "ospf configuration for dut\n=========================================\n!\n! OSPFv2 configuration\n!\nrouter ospf 1\n router-id 10.0.0.3\n interface unnumbered hello mask tx 0.0.0.0\n timers spf delay initial 100 200 500\n timers lsa rx min interval 100\n timers lsa tx delay initial 100 200 500\n\n\n!\ninterface Loopback0\n! \n ip ospf area 0.0.0.0\n!\ninterface Ethernet2\n! dut -> p1\n ip ospf area 0.0.0.0\n ip ospf network point-to-point\n!\n\n"
}

TASK [Deploy ospf configuration] ***********************************************
included: /home/pipi/netlab_gh/netsim/ansible/tasks/deploy-config/eos.yml for dut

TASK [eos_config: deploying ospf from /work/netlab_cicd/node_files/dut/ospf] ***
changed: [dut]

TASK [Figure out whether to deploy the module bgp on current device] ***********
ok: [dut]

TASK [Find configuration template for bgp] *************************************
ok: [dut]

TASK [fail] ********************************************************************
skipping: [dut]

TASK [Find configuration deployment deploy_script for bgp] *********************
ok: [dut]

TASK [Print deployed configuration when running in verbose mode] ***************
ok: [dut] => {
    "msg": "bgp configuration for dut\n=========================================\n!\nroute-map next-hop-self-ipv4 permit 10\n   match route-type external\n   set ip next-hop peer-address\n!\nroute-map next-hop-self-ipv4 permit 20\n!\n!\nrouter bgp 65001\n  bgp advertise-inactive\n  bgp log-neighbor-changes\n  no bgp default ipv4-unicast\n  no bgp default ipv6-unicast\n  router-id 10.0.0.3\n!\n  neighbor 10.0.0.4 remote-as 65001\n  neighbor 10.0.0.4 description pe2\n  neighbor 10.0.0.4 update-source Loopback0\n  neighbor 10.0.0.4 send-community standard extended large \n!\n!\n address-family ipv4\n\n!\n!\n! Originate networks from connected subnets\n!\n  network 10.0.0.3/32\n  network 172.16.0.0/24\n!\n!\n  neighbor 10.0.0.4 activate\n  neighbor 10.0.0.4 route-map next-hop-self-ipv4 out\n!\n"
}

TASK [Deploy bgp configuration] ************************************************
included: /home/pipi/netlab_gh/netsim/ansible/tasks/deploy-config/eos.yml for dut

TASK [eos_config: deploying bgp from /work/netlab_cicd/node_files/dut/bgp] *****
changed: [dut]

TASK [Figure out whether to deploy the module mpls on current device] **********
ok: [dut]

TASK [Find configuration template for mpls] ************************************
ok: [dut]

TASK [fail] ********************************************************************
skipping: [dut]

TASK [Find configuration deployment deploy_script for mpls] ********************
ok: [dut]

TASK [Print deployed configuration when running in verbose mode] ***************
ok: [dut] => {
    "msg": "mpls configuration for dut\n=========================================\n!\nmpls ip\nmpls icmp ttl-exceeded tunneling\n!\nmpls ldp\n  router-id 10.0.0.3\n  transport-address interface Loopback0\n  interface disabled default\n  no shutdown\n!\ninterface Loopback0\n  mpls ldp interface\n!\ninterface Ethernet2\n  mpls ip\n  mpls ldp interface\n!\n"
}

TASK [Deploy mpls configuration] ***********************************************
included: /home/pipi/netlab_gh/netsim/ansible/tasks/deploy-config/eos.yml for dut

TASK [eos_config: deploying mpls from /work/netlab_cicd/node_files/dut/mpls] ***
changed: [dut]

PLAY [Deploy custom deployment templates] **************************************
skipping: no hosts matched

PLAY RECAP *********************************************************************
dut                        : ok=45   changed=5    unreachable=0    failed=0    skipped=11   rescued=0    ignored=0   

Results of configuration script deployments
================================================================================
h1                           OK: 2   
h2                           OK: 2   
pe2                          OK: 4   
p1                           OK: 3   
p2                           OK: 3   


The tested device (DUT) is a PE-router. It runs OSPF and LDP with a P-router and an IBGP session with another PE-router. It has to perform IP-to-MPLS encapsulation to get the traffic across the BGP-free MPLS core.
The validation test checks end-to-end connectivity across a BGP-free MPLS core between a set of linux hosts attached to the PE-routers.
