time="2024-08-10T15:04:49Z" level=info msg="Containerlab v0.54.2 started"
time="2024-08-10T15:04:49Z" level=info msg="Parsing & checking topology file: clab.yml"
time="2024-08-10T15:04:49Z" level=info msg="Creating docker network: Name=\"nl_mgmt_17\", IPv4Subnet=\"192.168.17.0/24\", IPv6Subnet=\"\", MTU=1500"
time="2024-08-10T15:04:49Z" level=info msg="Creating lab directory: /work/netlab_cicd/clab-ml_17"
time="2024-08-10T15:04:49Z" level=info msg="Creating container: \"pe2\""
time="2024-08-10T15:04:49Z" level=info msg="Creating container: \"p1\""
time="2024-08-10T15:04:49Z" level=info msg="Creating container: \"p2\""
time="2024-08-10T15:04:49Z" level=info msg="Creating container: \"ce1\""
time="2024-08-10T15:04:49Z" level=info msg="Creating container: \"ce2\""
time="2024-08-10T15:04:49Z" level=info msg="Creating container: \"dut\""
time="2024-08-10T15:04:50Z" level=info msg="Created link: pe2:eth1 <--> p2:eth2"
time="2024-08-10T15:04:51Z" level=info msg="Created link: dut:et1 <--> p1:eth1"
time="2024-08-10T15:04:51Z" level=info msg="Created link: p1:eth2 <--> p2:eth1"
time="2024-08-10T15:04:51Z" level=info msg="Created link: ce2:eth1 <--> pe2:eth2"
time="2024-08-10T15:04:51Z" level=info msg="Created link: ce1:eth1 <--> dut:et2"
time="2024-08-10T15:04:51Z" level=info msg="Running postdeploy actions for Arista cEOS 'dut' node"
time="2024-08-10T15:05:09Z" level=info msg="Adding containerlab host entries to /etc/hosts file"
time="2024-08-10T15:05:09Z" level=info msg="Adding ssh config for containerlab nodes"
time="2024-08-10T15:05:09Z" level=info msg="🎉 New containerlab version 0.56.0 is available! Release notes: https://containerlab.dev/rn/0.56/\nRun 'containerlab version upgrade' to upgrade or go check other installation options at https://containerlab.dev/install/\n"
+---+----------------+--------------+------------------------------+-------+---------+-------------------+--------------+
| # |      Name      | Container ID |            Image             | Kind  |  State  |   IPv4 Address    | IPv6 Address |
+---+----------------+--------------+------------------------------+-------+---------+-------------------+--------------+
| 1 | clab-ml_17-ce1 | 5b51179a33b5 | quay.io/frrouting/frr:10.0.1 | linux | running | 192.168.17.101/24 | N/A          |
| 2 | clab-ml_17-ce2 | feec2e83c807 | quay.io/frrouting/frr:10.0.1 | linux | running | 192.168.17.102/24 | N/A          |
| 3 | clab-ml_17-dut | 25b3e8cca7a6 | ceos:4.32.1F                 | ceos  | running | 192.168.17.103/24 | N/A          |
| 4 | clab-ml_17-p1  | 007ffd1fe30b | quay.io/frrouting/frr:10.0.1 | linux | running | 192.168.17.105/24 | N/A          |
| 5 | clab-ml_17-p2  | dba2748d84ef | quay.io/frrouting/frr:10.0.1 | linux | running | 192.168.17.106/24 | N/A          |
| 6 | clab-ml_17-pe2 | c12c1e52c708 | quay.io/frrouting/frr:10.0.1 | linux | running | 192.168.17.104/24 | N/A          |
+---+----------------+--------------+------------------------------+-------+---------+-------------------+--------------+
Using transformed lab topology from snapshot file netlab.snapshot.yml
Checking virtualization provider installation
OK: clab installed and working correctly
Starting clab nodes
Loading Linux kernel modules mpls-router,mpls-iptunnel required by containers using mpls module
provider clab: executing sudo -E containerlab deploy -t clab.yml

Initial configuration skipped, run 'netlab initial' to configure the devices
