 [INFO] Creating configuration snippets
[CREATED] ce1: initial,bgp
[CREATED] ce2: initial,bgp
[CREATED] dut: normalize,initial,ospf,bgp,mpls,vrf
[CREATED] pe2: normalize,initial,ospf,bgp,mpls,vrf
[CREATED] p1: initial,ospf,mpls
[CREATED] p2: initial,ospf,mpls
 [INFO] Checking SSH servers on dut,pe2
 [INFO] Executing initial configuration for node ce1
 [INFO] Executing initial configuration for node ce2
 [INFO] Executing normalize configuration for node dut
 [INFO] Executing normalize configuration for node pe2
 [INFO] Executing initial configuration for node p1
 [INFO] Executing initial configuration for node p2
 [INFO] Executing bgp configuration for node ce2
 [INFO] Executing bgp configuration for node ce1
 [INFO] Executing ospf configuration for node p2
 [INFO] Executing ospf configuration for node p1
 [INFO] Executing mpls configuration for node p1
 [INFO] Executing mpls configuration for node p2
 [INFO] Executing initial configuration for node pe2
 [INFO] Executing initial configuration for node dut
 [INFO] Executing ospf configuration for node pe2
 [INFO] Executing ospf configuration for node dut
 [INFO] Executing bgp configuration for node pe2
 [INFO] Executing bgp configuration for node dut
 [INFO] Executing mpls configuration for node dut
 [INFO] Executing mpls configuration for node pe2
 [INFO] Executing vrf configuration for node dut
 [INFO] Executing vrf configuration for node pe2

Results of configuration script deployments
================================================================================
ce1                          OK: 2   
ce2                          OK: 2   
dut                          OK: 6   
pe2                          OK: 6   
p1                           OK: 3   
p2                           OK: 3   


The tested device (DUT) is a PE-router running MPLS/VPN with a simple VRF. Two
BGP-speaking CE-routers are attached to the VRF (one per PE-router)

The PE-router has to run OSPF and LDP with a P-router, exchange IPv4 routes
via BGP with the CE-router, convert VRF IPv4 routes into VPNv4 routes, and
pass them to another PE-router.

The validation tests check BGP prefixes on the CE-routers and perform
end-to-end connectivity tests between CE-router loopbacks.

