Bringing machine 'spine' up with 'libvirt' provider...
Bringing machine 'l1' up with 'libvirt' provider...
==> spine: Checking if box 'CumulusCommunity/cumulus-vx' version '4.4.0' is up to date...
==> l1: Checking if box 'CumulusCommunity/cumulus-vx' version '4.4.0' is up to date...
==> spine: Creating image (snapshot of base box volume).
==> l1: Creating image (snapshot of base box volume).
==> l1: Creating domain with the following settings...
==> spine: Creating domain with the following settings...
==> l1:  -- Name:              ml_17_l1
==> l1:  -- Description:       Source: /work/netlab_cicd/Vagrantfile
==> l1:  -- Domain type:       kvm
==> l1:  -- Cpus:              2
==> l1:  -- Feature:           acpi
==> l1:  -- Feature:           apic
==> l1:  -- Feature:           pae
==> spine:  -- Name:              ml_17_spine
==> l1:  -- Clock offset:      utc
==> l1:  -- Memory:            1024M
==> l1:  -- Management MAC:    08:4f:a9:00:00:02
==> spine:  -- Description:       Source: /work/netlab_cicd/Vagrantfile
==> l1:  -- Base box:          CumulusCommunity/cumulus-vx
==> l1:  -- Storage pool:      default
==> l1:  -- Image(vda):        /var/lib/libvirt/images/ml_17_l1.img, virtio, 6G
==> l1:  -- Disk driver opts:  cache='default'
==> spine:  -- Domain type:       kvm
==> l1:  -- Graphics Type:     vnc
==> l1:  -- Video Type:        cirrus
==> l1:  -- Video VRAM:        16384
==> spine:  -- Cpus:              2
==> l1:  -- Video 3D accel:    false
==> l1:  -- Keymap:            en-us
==> l1:  -- TPM Backend:       passthrough
==> l1:  -- INPUT:             type=mouse, bus=ps2
==> spine:  -- Feature:           acpi
==> spine:  -- Feature:           apic
==> spine:  -- Feature:           pae
==> spine:  -- Clock offset:      utc
==> spine:  -- Memory:            1024M
==> spine:  -- Management MAC:    08:4f:a9:00:00:01
==> spine:  -- Base box:          CumulusCommunity/cumulus-vx
==> spine:  -- Storage pool:      default
==> spine:  -- Image(vda):        /var/lib/libvirt/images/ml_17_spine.img, virtio, 6G
==> spine:  -- Disk driver opts:  cache='default'
==> spine:  -- Graphics Type:     vnc
==> spine:  -- Video Type:        cirrus
==> spine:  -- Video VRAM:        16384
==> spine:  -- Video 3D accel:    false
==> spine:  -- Keymap:            en-us
==> spine:  -- TPM Backend:       passthrough
==> spine:  -- INPUT:             type=mouse, bus=ps2
==> l1: Creating shared folders metadata...
==> l1: Starting domain.
==> l1: Domain launching with graphics connection settings...
==> spine: Creating shared folders metadata...
==> l1:  -- Graphics Port:      5900
==> spine: Starting domain.
==> l1:  -- Graphics IP:        127.0.0.1
==> spine: Domain launching with graphics connection settings...
==> l1:  -- Graphics Password:  Not defined
==> spine:  -- Graphics Port:      5901
==> l1:  -- Graphics Websocket: 5700
==> spine:  -- Graphics IP:        127.0.0.1
==> spine:  -- Graphics Password:  Not defined
==> spine:  -- Graphics Websocket: 5701
==> spine: Waiting for domain to get an IP address...
==> l1: Waiting for domain to get an IP address...
==> spine: Waiting for machine to boot. This may take a few minutes...
==> l1: Waiting for machine to boot. This may take a few minutes...
    l1: SSH address: 192.168.17.102:22
    spine: SSH address: 192.168.17.101:22
    l1: SSH username: vagrant
    l1: SSH auth method: private key
    spine: SSH username: vagrant
    spine: SSH auth method: private key
    l1: 
    l1: Vagrant insecure key detected. Vagrant will automatically replace
    l1: this with a newly generated keypair for better security.
    spine: 
    spine: Vagrant insecure key detected. Vagrant will automatically replace
    spine: this with a newly generated keypair for better security.
    l1: 
    l1: Inserting generated public key within guest...
    spine: 
    spine: Inserting generated public key within guest...
    l1: Removing insecure key from the guest if it's present...
    spine: Removing insecure key from the guest if it's present...
    l1: Key inserted! Disconnecting and reconnecting using new SSH key...
    spine: Key inserted! Disconnecting and reconnecting using new SSH key...
==> spine: Machine booted and ready!
==> l1: Machine booted and ready!
Using transformed lab topology from snapshot file netlab.snapshot.yml
Checking virtualization provider installation
OK: libvirt installed and working correctly
OK: clab installed and working correctly
Starting libvirt nodes
creating libvirt management network nl_mgmt_17
provider libvirt: executing vagrant up --provider libvirt
Starting clab nodes
Recreating clab-augment.yml configuration file for clab provider
time="2024-08-18T10:49:04Z" level=info msg="Containerlab v0.54.2 started"
time="2024-08-18T10:49:04Z" level=info msg="Parsing & checking topology file: clab-augment.yml"
time="2024-08-18T10:49:04Z" level=info msg="Creating docker network: Name=\"nl_mgmt_17\", IPv4Subnet=\"192.168.17.0/24\", IPv6Subnet=\"\", MTU=1500"
time="2024-08-18T10:49:04Z" level=info msg="Creating lab directory: /work/netlab_cicd/clab-ml_17"
time="2024-08-18T10:49:04Z" level=info msg="Creating container: \"h1\""
time="2024-08-18T10:49:04Z" level=info msg="Creating container: \"h2\""
time="2024-08-18T10:49:04Z" level=info msg="Creating container: \"l2\""
time="2024-08-18T10:49:05Z" level=info msg="Created link: l2:eth1 <--> virbr2:ml_17_3_1"
time="2024-08-18T10:49:05Z" level=info msg="Created link: h2:eth1 <--> l2:eth2"
time="2024-08-18T10:49:05Z" level=info msg="Created link: h1:eth1 <--> virbr1:ml_17_4_1"
time="2024-08-18T10:49:05Z" level=info msg="Adding containerlab host entries to /etc/hosts file"
time="2024-08-18T10:49:05Z" level=info msg="Adding ssh config for containerlab nodes"
time="2024-08-18T10:49:05Z" level=info msg="🎉 New containerlab version 0.56.0 is available! Release notes: https://containerlab.dev/rn/0.56/\nRun 'containerlab version upgrade' to upgrade or go check other installation options at https://containerlab.dev/install/\n"
+---+---------------+--------------+------------------------------+-------+---------+-------------------+--------------+
| # |     Name      | Container ID |            Image             | Kind  |  State  |   IPv4 Address    | IPv6 Address |
+---+---------------+--------------+------------------------------+-------+---------+-------------------+--------------+
| 1 | clab-ml_17-h1 | 0817c600015b | python:3.9-alpine            | linux | running | 192.168.17.104/24 | N/A          |
| 2 | clab-ml_17-h2 | 74a411610e4c | python:3.9-alpine            | linux | running | 192.168.17.105/24 | N/A          |
| 3 | clab-ml_17-l2 | 52f5816f1e65 | quay.io/frrouting/frr:10.0.1 | linux | running | 192.168.17.103/24 | N/A          |
+---+---------------+--------------+------------------------------+-------+---------+-------------------+--------------+
Created provider configuration file: clab-augment.yml
Mapped clab_files/h1/hosts to h1:/etc/hosts (from templates/provider/clab/linux/hosts.j2)
Mapped clab_files/h2/hosts to h2:/etc/hosts (from templates/provider/clab/linux/hosts.j2)
Mapped clab_files/l2/daemons to l2:/etc/frr/daemons (from templates/provider/clab/frr/daemons.j2)
Mapped clab_files/l2/hosts to l2:/etc/hosts (from templates/provider/clab/frr/hosts.j2)
provider clab: executing sudo -E containerlab deploy -t clab-augment.yml

Initial configuration skipped, run 'netlab initial' to configure the devices
