Warning in ansible: You're using Ansible version 12.x or higher; netlab might not work correctly
... Ansible core version 2.19 introduced breaking changes in templates and playbooks
... We tested netlab core with Ansible version 12.x but not every device template
... You might want to downgrade Ansible to version 11.10 or lower.
... Use 'netlab install ansible' on Ubuntu to do that
... Finally, please open a GitHub issue if you experience errors/crashes
... Set defaults.ansible.warnings.ver12 to False to hide this warning
 [INFO] Checking for updates in configuration templates
 [INFO] Creating configuration snippets
[CREATED] s1: initial,vlan
[CREATED] h1: initial,routing
[CREATED] h2: initial,routing
[CREATED] h3: initial,routing
 [INFO] Executing initial configuration for node h1 (namespace clab-
          ml_17-h1)
 [INFO] Executing routing configuration for node h1 (namespace clab-
          ml_17-h1)
 [INFO] Executing initial configuration for node h2 (namespace clab-
          ml_17-h2)
 [INFO] Executing routing configuration for node h2 (namespace clab-
          ml_17-h2)
 [INFO] Executing initial configuration for node h3 (namespace clab-
          ml_17-h3)
 [INFO] Executing routing configuration for node h3 (namespace clab-
          ml_17-h3)

 [INFO] Starting Ansible playbook to deploy the rest of the
          configurations
[WARNING]: Could not match supplied host pattern, ignoring: unprovisioned
[WARNING]: Found variable using reserved name 'hosts'.
Origin: /work/netlab_cicd/group_vars/all/topology.yml:159:1

157     ipv4: 10.2.0.0/24
158     prefix: 32
159 hosts:
    ^ column 1


PLAY [Deploy initial device configuration] *************************************

TASK [Set variables that cannot be set with VARS] ******************************
ok: [h1]
ok: [h2]
ok: [h3]
ok: [s1]

TASK [Generic readiness tests] *************************************************
skipping: [s1]
skipping: [h1]
skipping: [h2]
skipping: [h3]

TASK [Find device readiness script] ********************************************
ok: [h1]
ok: [h2]
ok: [h3]
ok: [s1]

TASK [Wait for device to become ready] *****************************************
skipping: [s1]
skipping: [h1]
skipping: [h2]
skipping: [h3]

TASK [Normalize config on bridge-like devices] *********************************
included: /home/pipi/netlab_gh/netsim/ansible/tasks/deploy-module.yml for s1
included: /home/pipi/netlab_gh/netsim/ansible/tasks/deploy-module.yml for h1
included: /home/pipi/netlab_gh/netsim/ansible/tasks/deploy-module.yml for h2
included: /home/pipi/netlab_gh/netsim/ansible/tasks/deploy-module.yml for h3

TASK [Figure out whether to deploy the module normalize on current device] *****
ok: [s1]

TASK [Find configuration template for normalize] *******************************
ok: [s1]

TASK [fail] ********************************************************************
skipping: [s1]

TASK [Find configuration deployment deploy_script for normalize] ***************
ok: [s1]

TASK [Print deployed configuration when running in verbose mode] ***************
skipping: [s1]

TASK [Deploy normalize configuration] ******************************************
skipping: [s1]

TASK [Figure out whether to deploy the module normalize on current device] *****
ok: [h1]

TASK [Find configuration template for normalize] *******************************
ok: [h1]

TASK [fail] ********************************************************************
skipping: [h1]

TASK [Find configuration deployment deploy_script for normalize] ***************
ok: [h1]

TASK [Print deployed configuration when running in verbose mode] ***************
skipping: [h1]

TASK [Deploy normalize configuration] ******************************************
skipping: [h1]

TASK [Figure out whether to deploy the module normalize on current device] *****
ok: [h2]

TASK [Find configuration template for normalize] *******************************
ok: [h2]

TASK [fail] ********************************************************************
skipping: [h2]

TASK [Find configuration deployment deploy_script for normalize] ***************
ok: [h2]

TASK [Print deployed configuration when running in verbose mode] ***************
skipping: [h2]

TASK [Deploy normalize configuration] ******************************************
skipping: [h2]

TASK [Figure out whether to deploy the module normalize on current device] *****
ok: [h3]

TASK [Find configuration template for normalize] *******************************
ok: [h3]

TASK [fail] ********************************************************************
skipping: [h3]

TASK [Find configuration deployment deploy_script for normalize] ***************
ok: [h3]

TASK [Print deployed configuration when running in verbose mode] ***************
skipping: [h3]

TASK [Deploy normalize configuration] ******************************************
skipping: [h3]

TASK [Deploy initial configuration] ********************************************
included: /home/pipi/netlab_gh/netsim/ansible/tasks/deploy-module.yml for s1
included: /home/pipi/netlab_gh/netsim/ansible/tasks/deploy-module.yml for h1
included: /home/pipi/netlab_gh/netsim/ansible/tasks/deploy-module.yml for h2
included: /home/pipi/netlab_gh/netsim/ansible/tasks/deploy-module.yml for h3

TASK [Figure out whether to deploy the module initial on current device] *******
ok: [s1]

TASK [Find configuration template for initial] *********************************
ok: [s1]

TASK [fail] ********************************************************************
skipping: [s1]

TASK [Find configuration deployment deploy_script for initial] *****************
ok: [s1]

TASK [Print deployed configuration when running in verbose mode] ***************
ok: [s1] => {
    "msg": "initial configuration for s1\n=========================================\nhostname s1\n!\nlldp\n!\n\n\n!\nvlan 700\n name red\n!\n\n!\n\n!\ninterface mgmt\n    no lldp transmit\n    no lldp receive\n!\n\n\ninterface loopback 0\n    ip address 10.0.0.132/32\n    ipv6 address 2001:db8:e001:84::1/64\n    no ipv6 nd suppress-ra\n    ipv6 nd ra min-interval 3\n    ipv6 nd ra max-interval 4\n    no shutdown\n!\n\ninterface 1/1/1\n    shutdown\n    mtu 9198\n    description s1 -> h3 [stub]\n    ip address 172.16.1.132/24\n    ipv6 address 2001:db8:cafe:1::84/64\n    no ipv6 nd suppress-ra\n    ipv6 nd ra min-interval 3\n    ipv6 nd ra max-interval 4\n    no shutdown\n!\n\ninterface 1/1/2\n    shutdown\n    mtu 9198\n    description [Access VLAN red] s1 -> h1\n    no shutdown\n!\n\ninterface 1/1/3\n    shutdown\n    mtu 9198\n    description [Access VLAN red] s1 -> h2\n    no shutdown\n!\n\ninterface vlan700\n    description VLAN red (700) -> [h1,h2] [stub]\n    ip address 172.16.0.132/24\n    ipv6 address 2001:db8:cafe::84/64\n    no ipv6 nd suppress-ra\n    ipv6 nd ra min-interval 3\n    ipv6 nd ra max-interval 4\n    no shutdown\n!\n!\n"
}

TASK [Deploy initial configuration] ********************************************
included: /home/pipi/netlab_gh/netsim/ansible/tasks/deploy-config/arubacx.yml for s1

TASK [tempfile] ****************************************************************
changed: [s1 -> localhost]

TASK [template] ****************************************************************
changed: [s1 -> localhost]

TASK [aoscx_config: deploying initial from /work/netlab_cicd/node_files/s1/initial] ***
changed: [s1]

TASK [file] ********************************************************************
changed: [s1 -> localhost]

TASK [Figure out whether to deploy the module initial on current device] *******
ok: [h1]

TASK [Find configuration template for initial] *********************************
skipping: [h1]

TASK [fail] ********************************************************************
skipping: [h1]

TASK [Find configuration deployment deploy_script for initial] *****************
skipping: [h1]

TASK [Print deployed configuration when running in verbose mode] ***************
skipping: [h1]

TASK [Deploy initial configuration] ********************************************
skipping: [h1]

TASK [Figure out whether to deploy the module initial on current device] *******
ok: [h2]

TASK [Find configuration template for initial] *********************************
skipping: [h2]

TASK [fail] ********************************************************************
skipping: [h2]

TASK [Find configuration deployment deploy_script for initial] *****************
skipping: [h2]

TASK [Print deployed configuration when running in verbose mode] ***************
skipping: [h2]

TASK [Deploy initial configuration] ********************************************
skipping: [h2]

TASK [Figure out whether to deploy the module initial on current device] *******
ok: [h3]

TASK [Find configuration template for initial] *********************************
skipping: [h3]

TASK [fail] ********************************************************************
skipping: [h3]

TASK [Find configuration deployment deploy_script for initial] *****************
skipping: [h3]

TASK [Print deployed configuration when running in verbose mode] ***************
skipping: [h3]

TASK [Deploy initial configuration] ********************************************
skipping: [h3]

PLAY [Deploy module-specific configurations] ***********************************

TASK [Set variables that cannot be set with VARS] ******************************
ok: [h1]
ok: [h2]
ok: [h3]
ok: [s1]

TASK [Deploy individual configuration modules] *********************************
included: /home/pipi/netlab_gh/netsim/ansible/tasks/deploy-module.yml for s1 => (item=vlan)
included: /home/pipi/netlab_gh/netsim/ansible/tasks/deploy-module.yml for s1 => (item=routing)
included: /home/pipi/netlab_gh/netsim/ansible/tasks/deploy-module.yml for h1 => (item=vlan)
included: /home/pipi/netlab_gh/netsim/ansible/tasks/deploy-module.yml for h1 => (item=routing)
included: /home/pipi/netlab_gh/netsim/ansible/tasks/deploy-module.yml for h2 => (item=vlan)
included: /home/pipi/netlab_gh/netsim/ansible/tasks/deploy-module.yml for h2 => (item=routing)
included: /home/pipi/netlab_gh/netsim/ansible/tasks/deploy-module.yml for h3 => (item=vlan)
included: /home/pipi/netlab_gh/netsim/ansible/tasks/deploy-module.yml for h3 => (item=routing)

TASK [Figure out whether to deploy the module vlan on current device] **********
ok: [s1]

TASK [Find configuration template for vlan] ************************************
ok: [s1]

TASK [fail] ********************************************************************
skipping: [s1]

TASK [Find configuration deployment deploy_script for vlan] ********************
ok: [s1]

TASK [Print deployed configuration when running in verbose mode] ***************
ok: [s1] => {
    "msg": "vlan configuration for s1\n=========================================\n!\n!\ninterface 1/1/2\n no routing\n vlan access 700\n!\ninterface 1/1/3\n no routing\n vlan access 700\n!\ninterface vlan700\n"
}

TASK [Deploy vlan configuration] ***********************************************
included: /home/pipi/netlab_gh/netsim/ansible/tasks/deploy-config/arubacx.yml for s1

TASK [tempfile] ****************************************************************
changed: [s1 -> localhost]

TASK [template] ****************************************************************
changed: [s1 -> localhost]

TASK [aoscx_config: deploying vlan from /work/netlab_cicd/node_files/s1/vlan] ***
changed: [s1]

TASK [file] ********************************************************************
changed: [s1 -> localhost]

TASK [Figure out whether to deploy the module routing on current device] *******
ok: [s1]

TASK [Find configuration template for routing] *********************************
skipping: [s1]

TASK [fail] ********************************************************************
skipping: [s1]

TASK [Find configuration deployment deploy_script for routing] *****************
skipping: [s1]

TASK [Print deployed configuration when running in verbose mode] ***************
skipping: [s1]

TASK [Deploy routing configuration] ********************************************
skipping: [s1]

TASK [Figure out whether to deploy the module vlan on current device] **********
ok: [h1]

TASK [Find configuration template for vlan] ************************************
skipping: [h1]

TASK [fail] ********************************************************************
skipping: [h1]

TASK [Find configuration deployment deploy_script for vlan] ********************
skipping: [h1]

TASK [Print deployed configuration when running in verbose mode] ***************
skipping: [h1]

TASK [Deploy vlan configuration] ***********************************************
skipping: [h1]

TASK [Figure out whether to deploy the module routing on current device] *******
ok: [h1]

TASK [Find configuration template for routing] *********************************
skipping: [h1]

TASK [fail] ********************************************************************
skipping: [h1]

TASK [Find configuration deployment deploy_script for routing] *****************
skipping: [h1]

TASK [Print deployed configuration when running in verbose mode] ***************
skipping: [h1]

TASK [Deploy routing configuration] ********************************************
skipping: [h1]

TASK [Figure out whether to deploy the module vlan on current device] **********
ok: [h2]

TASK [Find configuration template for vlan] ************************************
skipping: [h2]

TASK [fail] ********************************************************************
skipping: [h2]

TASK [Find configuration deployment deploy_script for vlan] ********************
skipping: [h2]

TASK [Print deployed configuration when running in verbose mode] ***************
skipping: [h2]

TASK [Deploy vlan configuration] ***********************************************
skipping: [h2]

TASK [Figure out whether to deploy the module routing on current device] *******
ok: [h2]

TASK [Find configuration template for routing] *********************************
skipping: [h2]

TASK [fail] ********************************************************************
skipping: [h2]

TASK [Find configuration deployment deploy_script for routing] *****************
skipping: [h2]

TASK [Print deployed configuration when running in verbose mode] ***************
skipping: [h2]

TASK [Deploy routing configuration] ********************************************
skipping: [h2]

TASK [Figure out whether to deploy the module vlan on current device] **********
ok: [h3]

TASK [Find configuration template for vlan] ************************************
skipping: [h3]

TASK [fail] ********************************************************************
skipping: [h3]

TASK [Find configuration deployment deploy_script for vlan] ********************
skipping: [h3]

TASK [Print deployed configuration when running in verbose mode] ***************
skipping: [h3]

TASK [Deploy vlan configuration] ***********************************************
skipping: [h3]

TASK [Figure out whether to deploy the module routing on current device] *******
ok: [h3]

TASK [Find configuration template for routing] *********************************
skipping: [h3]

TASK [fail] ********************************************************************
skipping: [h3]

TASK [Find configuration deployment deploy_script for routing] *****************
skipping: [h3]

TASK [Print deployed configuration when running in verbose mode] ***************
skipping: [h3]

TASK [Deploy routing configuration] ********************************************
skipping: [h3]

PLAY [Deploy custom deployment templates] **************************************
skipping: no hosts matched

PLAY RECAP *********************************************************************
h1                         : ok=13   changed=0    unreachable=0    failed=0    skipped=20   rescued=0    ignored=0   
h2                         : ok=13   changed=0    unreachable=0    failed=0    skipped=20   rescued=0    ignored=0   
h3                         : ok=13   changed=0    unreachable=0    failed=0    skipped=20   rescued=0    ignored=0   
s1                         : ok=29   changed=8    unreachable=0    failed=0    skipped=12   rescued=0    ignored=0   


Warning: The following warnings were generated during the 'netlab initial' processing
Warning: ansible: You're using Ansible version 12.x or higher; netlab might not work correctly
Results of configuration script deployments
================================================================================
h1                           OK: 2   
h2                           OK: 2   
h3                           OK: 2   


The device under test is a layer-3 switch bridging VLAN
between ports and having an IP address in the red VLAN

h1 and h2 should be able to ping s1 and each other

