Bringing machine 's1' up with 'libvirt' provider...
==> s1: Checking if box 'aruba/cx' version '10.15' is up to date...
[fog][WARNING] Unrecognized arguments: libvirt_ip_command
==> s1: Creating image (snapshot of base box volume).
==> s1: Creating domain with the following settings...
==> s1:  -- Name:              ml_17_s1
==> s1:  -- Description:       Source: /work/netlab_cicd/Vagrantfile
==> s1:  -- Domain type:       kvm
==> s1:  -- Cpus:              2
==> s1:  -- Feature:           acpi
==> s1:  -- Feature:           apic
==> s1:  -- Feature:           pae
==> s1:  -- Clock offset:      utc
==> s1:  -- Memory:            4096M
==> s1:  -- Management MAC:    ca:fe:00:84:00:00
==> s1:  -- Base box:          aruba/cx
==> s1:  -- Storage pool:      default
==> s1:  -- Image(vda):        /var/lib/libvirt/images/ml_17_s1.img, virtio, 11G
==> s1:  -- Disk driver opts:  cache='default'
==> s1:  -- Graphics Type:     vnc
==> s1:  -- Video Type:        cirrus
==> s1:  -- Video VRAM:        16384
==> s1:  -- Video 3D accel:    false
==> s1:  -- Keymap:            en-us
==> s1:  -- TPM Backend:       passthrough
==> s1:  -- INPUT:             type=mouse, bus=ps2
==> s1: Creating shared folders metadata...
==> s1: Starting domain.
==> s1: Domain launching with graphics connection settings...
==> s1:  -- Graphics Port:      5900
==> s1:  -- Graphics IP:        127.0.0.1
==> s1:  -- Graphics Password:  Not defined
==> s1:  -- Graphics Websocket: 5700
==> s1: Waiting for domain to get an IP address...
==> s1: Waiting for machine to boot. This may take a few minutes...
    s1: SSH address: 192.168.17.232:22
    s1: SSH username: netlab
    s1: SSH auth method: private key
==> s1: Machine booted and ready!
11:06:24 INFO Containerlab started version=0.72.0
11:06:24 INFO Parsing & checking topology file=clab-augment.yml
11:06:24 INFO Removing directory path=/work/netlab_cicd/clab-ml_17
11:06:24 INFO Creating docker network name=nl_mgmt_17 IPv4 subnet=192.168.17.0/24 IPv6 subnet="" MTU=0
11:06:24 INFO Creating lab directory path=/work/netlab_cicd/clab-ml_17
11:06:25 INFO Creating container name=h1
11:06:25 INFO Creating container name=h3
11:06:25 INFO Creating container name=h2
11:06:25 INFO Created link: h3:eth1 в–Әв”„в”„в–Ә virbr1:bni17n3i1
11:06:25 INFO Created link: h1:eth1 в–Әв”„в”„в–Ә virbr2:bni17n1i1
11:06:25 INFO Created link: h2:eth1 в–Әв”„в”„в–Ә virbr3:bni17n2i1
11:06:25 INFO Adding host entries path=/etc/hosts
11:06:25 INFO Adding SSH config for nodes path=/etc/ssh/ssh_config.d/clab-ml_17.conf
[1mв•ӯ[0m[1mв”Җв”Җв”Җв”Җв”Җв”Җв”Җв”Җв”Җв”Җв”Җв”Җв”Җв”Җв”Җ[0m[1mв”¬[0m[1mв”Җв”Җв”Җв”Җв”Җв”Җв”Җв”Җв”Җв”Җв”Җв”Җв”Җв”Җв”Җв”Җв”Җв”Җв”Җв”Җ[0m[1mв”¬[0m[1mв”Җв”Җв”Җв”Җв”Җв”Җв”Җв”Җв”Җ[0m[1mв”¬[0m[1mв”Җв”Җв”Җв”Җв”Җв”Җв”Җв”Җв”Җв”Җв”Җв”Җв”Җв”Җв”Җв”Җ[0m[1mв•®[0m
[1mв”Ӯ[0m[1m      Name     [0m[1mв”Ӯ[0m[1m     Kind/Image     [0m[1mв”Ӯ[0m[1m  State  [0m[1mв”Ӯ[0m[1m IPv4/6 Address [0m[1mв”Ӯ[0m
[1mв”ң[0m[1mв”Җв”Җв”Җв”Җв”Җв”Җв”Җв”Җв”Җв”Җв”Җв”Җв”Җв”Җв”Җ[0m[1mв”ј[0m[1mв”Җв”Җв”Җв”Җв”Җв”Җв”Җв”Җв”Җв”Җв”Җв”Җв”Җв”Җв”Җв”Җв”Җв”Җв”Җв”Җ[0m[1mв”ј[0m[1mв”Җв”Җв”Җв”Җв”Җв”Җв”Җв”Җв”Җ[0m[1mв”ј[0m[1mв”Җв”Җв”Җв”Җв”Җв”Җв”Җв”Җв”Җв”Җв”Җв”Җв”Җв”Җв”Җв”Җ[0m[1mв”Ө[0m
в”Ӯ clab-ml_17-h1 в”Ӯ linux              в”Ӯ running в”Ӯ 192.168.17.101 в”Ӯ
в”Ӯ               в”Ӯ python:3.13-alpine в”Ӯ         в”Ӯ N/A            в”Ӯ
в”ңв”Җв”Җв”Җв”Җв”Җв”Җв”Җв”Җв”Җв”Җв”Җв”Җв”Җв”Җв”Җв”јв”Җв”Җв”Җв”Җв”Җв”Җв”Җв”Җв”Җв”Җв”Җв”Җв”Җв”Җв”Җв”Җв”Җв”Җв”Җв”Җв”јв”Җв”Җв”Җв”Җв”Җв”Җв”Җв”Җв”Җв”јв”Җв”Җв”Җв”Җв”Җв”Җв”Җв”Җв”Җв”Җв”Җв”Җв”Җв”Җв”Җв”Җв”Ө
в”Ӯ clab-ml_17-h2 в”Ӯ linux              в”Ӯ running в”Ӯ 192.168.17.102 в”Ӯ
в”Ӯ               в”Ӯ python:3.13-alpine в”Ӯ         в”Ӯ N/A            в”Ӯ
в”ңв”Җв”Җв”Җв”Җв”Җв”Җв”Җв”Җв”Җв”Җв”Җв”Җв”Җв”Җв”Җв”јв”Җв”Җв”Җв”Җв”Җв”Җв”Җв”Җв”Җв”Җв”Җв”Җв”Җв”Җв”Җв”Җв”Җв”Җв”Җв”Җв”јв”Җв”Җв”Җв”Җв”Җв”Җв”Җв”Җв”Җв”јв”Җв”Җв”Җв”Җв”Җв”Җв”Җв”Җв”Җв”Җв”Җв”Җв”Җв”Җв”Җв”Җв”Ө
в”Ӯ clab-ml_17-h3 в”Ӯ linux              в”Ӯ running в”Ӯ 192.168.17.103 в”Ӯ
в”Ӯ               в”Ӯ python:3.13-alpine в”Ӯ         в”Ӯ N/A            в”Ӯ
в•°в”Җв”Җв”Җв”Җв”Җв”Җв”Җв”Җв”Җв”Җв”Җв”Җв”Җв”Җв”Җв”ҙв”Җв”Җв”Җв”Җв”Җв”Җв”Җв”Җв”Җв”Җв”Җв”Җв”Җв”Җв”Җв”Җв”Җв”Җв”Җв”Җв”ҙв”Җв”Җв”Җв”Җв”Җв”Җв”Җв”Җв”Җв”ҙв”Җв”Җв”Җв”Җв”Җв”Җв”Җв”Җв”Җв”Җв”Җв”Җв”Җв”Җв”Җв”Җв•Ҝ
Using transformed lab topology from snapshot file netlab.snapshot.pickle
Checking virtualization provider installation
OK: libvirt installed and working correctly
OK: clab installed and working correctly
Starting libvirt nodes
creating libvirt management network nl_mgmt_17
provider libvirt: executing vagrant up --provider libvirt
Starting clab nodes
Recreating clab-augment.yml configuration file for clab provider
Createdprovider configuration file: clab-augment.yml
provider clab: executing sudo -E containerlab deploy --reconfigure -t clab-augment.yml

Initial configuration skipped, run 'netlab initial' to configure the devices
