[WARNING]: Could not match supplied host pattern, ignoring: unprovisioned
[WARNING]: Found variable using reserved name: hosts

PLAY [Deploy initial device configuration] *************************************

TASK [Set variables that cannot be set with VARS] ******************************
ok: [h1]
ok: [h2]
ok: [h3]
ok: [s1]
ok: [h4]

TASK [Find device readiness script] ********************************************
ok: [h1]
ok: [h2]
ok: [h3]
ok: [h4]
ok: [s1]

TASK [Wait for device to become ready] *****************************************
skipping: [s1]
skipping: [h1]
skipping: [h2]
skipping: [h3]
skipping: [h4]

TASK [Normalize config on bridge-like devices] *********************************
included: /home/pipi/netlab_gh/netsim/ansible/tasks/deploy-module.yml for s1, h1, h2, h3, h4

TASK [Figure out whether to deploy the module normalize on current device] *****
ok: [h1]
ok: [h2]
ok: [h4]
ok: [h3]
ok: [s1]

TASK [Find configuration template for normalize] *******************************
ok: [h1]
ok: [h2]
ok: [h4]
ok: [h3]
ok: [s1]

TASK [fail] ********************************************************************
skipping: [s1]
skipping: [h1]
skipping: [h2]
skipping: [h3]
skipping: [h4]

TASK [Find configuration deployment deploy_script for normalize] ***************
ok: [h1]
ok: [h2]
ok: [h3]
ok: [s1]
ok: [h4]

TASK [Print deployed configuration when running in verbose mode] ***************
skipping: [s1]
skipping: [h1]
skipping: [h2]
skipping: [h3]
skipping: [h4]

TASK [Deploy normalize configuration] ******************************************
skipping: [s1]
skipping: [h1]
skipping: [h2]
skipping: [h3]
skipping: [h4]

TASK [Deploy initial configuration] ********************************************
included: /home/pipi/netlab_gh/netsim/ansible/tasks/deploy-module.yml for s1, h1, h2, h3, h4

TASK [Figure out whether to deploy the module initial on current device] *******
ok: [h1]
ok: [h2]
ok: [h3]
ok: [s1]
ok: [h4]

TASK [Find configuration template for initial] *********************************
ok: [h1]
ok: [h2]
ok: [h3]
ok: [s1]
ok: [h4]

TASK [fail] ********************************************************************
skipping: [s1]
skipping: [h1]
skipping: [h2]
skipping: [h3]
skipping: [h4]

TASK [Find configuration deployment deploy_script for initial] *****************
ok: [h1]
ok: [h2]
ok: [h3]
ok: [h4]
ok: [s1]

TASK [Print deployed configuration when running in verbose mode] ***************
ok: [h1] => 
  msg: |-
    initial configuration for h1
    =========================================
    #!/bin/bash
    #
    # This script contains the 'ip' commands needed to set up container
    # interfaces and route table. It's executed within the container
    # network namespace on the container host.
    #
    #  /etc/hosts file is generated as a clab bind.
    #
    set -e
  
    ### One-Shot configuration (non-Ubuntu VM or container)
    #
    # Disable IPv4 and IPv6 forwarding
    #
    sysctl -w net.ipv4.ip_forward=0
    sysctl -w net.ipv6.conf.all.forwarding=0
    #
    # Interface addressing, create any bond devices
    #
    ip link set dev eth1 up
    set +e
    ip addr del 172.16.0.1/24 dev eth1 2>/dev/null
    set -e
    ip addr add 172.16.0.1/24 dev eth1
    sysctl -w net.ipv6.conf.eth1.disable_ipv6=0
    set +e
    ip -6 addr del 2001:db8:1::1/64 dev eth1 2>/dev/null
    set -e
    ip -6 addr add 2001:db8:1::1/64 dev eth1
    ip link set dev eth1 mtu 1500
    #
    # Add static routes (usually IPv4 routes pointing to the first usable gateway)
    #
    echo Removing existing IPv4 routes
    while ip route del 172.16.0.0/16 2>/dev/null; do
      : ; done
    while ip route del 10.0.0.0/24 2>/dev/null; do
      : ; done
    while ip route del 10.1.0.0/16 2>/dev/null; do
      : ; done
    while ip route del 10.2.0.0/24 2>/dev/null; do
      : ; done
    #
    #
    echo Adding direct static routes
    ip route add 172.16.0.0/16 via 172.16.0.5 dev eth1 protocol static
    ip route add 10.0.0.0/24 via 172.16.0.5 dev eth1 protocol static
    ip route add 10.1.0.0/16 via 172.16.0.5 dev eth1 protocol static
    ip route add 10.2.0.0/24 via 172.16.0.5 dev eth1 protocol static
    #
    # Print the final routing table
    ip route
ok: [s1] => 
  msg: |-
    initial configuration for s1
    =========================================
    hostname s1
    !
    lldp
    !
  
  
    !
    vlan 701
     name blue
    !
    vlan 700
     name red
    !
  
    !
  
    !
    interface loopback 0
        ip address 10.0.0.5/32
    !
    interface mgmt
        no lldp transmit
        no lldp receive
    !
  
  
  
    interface 1/1/1
        shutdown
        mtu 9198
        description [Access VLAN red] s1 -> h1
        no shutdown
    !
  
  
    interface 1/1/2
        shutdown
        mtu 9198
        description [Access VLAN red] s1 -> h2
        no shutdown
    !
  
  
    interface 1/1/3
        shutdown
        mtu 9198
        description [Access VLAN blue] s1 -> h3
        no shutdown
    !
  
  
    interface 1/1/4
        shutdown
        mtu 9198
        description [Access VLAN blue] s1 -> h4
        no shutdown
    !
  
  
    interface vlan700
        description VLAN red (700) -> [h1,h2] [stub]
        ip address 172.16.0.5/24
        ipv6 address 2001:db8:1::5/64
        no ipv6 nd suppress-ra
        ipv6 nd ra min-interval 3
        ipv6 nd ra max-interval 4
    !
  
  
    interface vlan701
        description VLAN blue (701) -> [h3,h4] [stub]
        ip address 172.16.1.5/24
        ipv6 address 2001:db8:1:1::5/64
        no ipv6 nd suppress-ra
        ipv6 nd ra min-interval 3
        ipv6 nd ra max-interval 4
    !
    !
ok: [h4] => 
  msg: |-
    initial configuration for h4
    =========================================
    #!/bin/bash
    #
    # This script contains the 'ip' commands needed to set up container
    # interfaces and route table. It's executed within the container
    # network namespace on the container host.
    #
    #  /etc/hosts file is generated as a clab bind.
    #
    set -e
  
    ### One-Shot configuration (non-Ubuntu VM or container)
    #
    # Disable IPv4 and IPv6 forwarding
    #
    sysctl -w net.ipv4.ip_forward=0
    sysctl -w net.ipv6.conf.all.forwarding=0
    #
    # Interface addressing, create any bond devices
    #
    ip link set dev eth1 up
    set +e
    ip addr del 172.16.1.4/24 dev eth1 2>/dev/null
    set -e
    ip addr add 172.16.1.4/24 dev eth1
    sysctl -w net.ipv6.conf.eth1.disable_ipv6=0
    set +e
    ip -6 addr del 2001:db8:1:1::4/64 dev eth1 2>/dev/null
    set -e
    ip -6 addr add 2001:db8:1:1::4/64 dev eth1
    ip link set dev eth1 mtu 1500
    #
    # Add static routes (usually IPv4 routes pointing to the first usable gateway)
    #
    echo Removing existing IPv4 routes
    while ip route del 172.16.0.0/16 2>/dev/null; do
      : ; done
    while ip route del 10.0.0.0/24 2>/dev/null; do
      : ; done
    while ip route del 10.1.0.0/16 2>/dev/null; do
      : ; done
    while ip route del 10.2.0.0/24 2>/dev/null; do
      : ; done
    #
    #
    echo Adding direct static routes
    ip route add 172.16.0.0/16 via 172.16.1.5 dev eth1 protocol static
    ip route add 10.0.0.0/24 via 172.16.1.5 dev eth1 protocol static
    ip route add 10.1.0.0/16 via 172.16.1.5 dev eth1 protocol static
    ip route add 10.2.0.0/24 via 172.16.1.5 dev eth1 protocol static
    #
    # Print the final routing table
    ip route
ok: [h2] => 
  msg: |-
    initial configuration for h2
    =========================================
    #!/bin/bash
    #
    # This script contains the 'ip' commands needed to set up container
    # interfaces and route table. It's executed within the container
    # network namespace on the container host.
    #
    #  /etc/hosts file is generated as a clab bind.
    #
    set -e
  
    ### One-Shot configuration (non-Ubuntu VM or container)
    #
    # Disable IPv4 and IPv6 forwarding
    #
    sysctl -w net.ipv4.ip_forward=0
    sysctl -w net.ipv6.conf.all.forwarding=0
    #
    # Interface addressing, create any bond devices
    #
    ip link set dev eth1 up
    set +e
    ip addr del 172.16.0.2/24 dev eth1 2>/dev/null
    set -e
    ip addr add 172.16.0.2/24 dev eth1
    sysctl -w net.ipv6.conf.eth1.disable_ipv6=0
    set +e
    ip -6 addr del 2001:db8:1::2/64 dev eth1 2>/dev/null
    set -e
    ip -6 addr add 2001:db8:1::2/64 dev eth1
    ip link set dev eth1 mtu 1500
    #
    # Add static routes (usually IPv4 routes pointing to the first usable gateway)
    #
    echo Removing existing IPv4 routes
    while ip route del 172.16.0.0/16 2>/dev/null; do
      : ; done
    while ip route del 10.0.0.0/24 2>/dev/null; do
      : ; done
    while ip route del 10.1.0.0/16 2>/dev/null; do
      : ; done
    while ip route del 10.2.0.0/24 2>/dev/null; do
      : ; done
    #
    #
    echo Adding direct static routes
    ip route add 172.16.0.0/16 via 172.16.0.5 dev eth1 protocol static
    ip route add 10.0.0.0/24 via 172.16.0.5 dev eth1 protocol static
    ip route add 10.1.0.0/16 via 172.16.0.5 dev eth1 protocol static
    ip route add 10.2.0.0/24 via 172.16.0.5 dev eth1 protocol static
    #
    # Print the final routing table
    ip route
ok: [h3] => 
  msg: |-
    initial configuration for h3
    =========================================
    #!/bin/bash
    #
    # This script contains the 'ip' commands needed to set up container
    # interfaces and route table. It's executed within the container
    # network namespace on the container host.
    #
    #  /etc/hosts file is generated as a clab bind.
    #
    set -e
  
    ### One-Shot configuration (non-Ubuntu VM or container)
    #
    # Disable IPv4 and IPv6 forwarding
    #
    sysctl -w net.ipv4.ip_forward=0
    sysctl -w net.ipv6.conf.all.forwarding=0
    #
    # Interface addressing, create any bond devices
    #
    ip link set dev eth1 up
    set +e
    ip addr del 172.16.1.3/24 dev eth1 2>/dev/null
    set -e
    ip addr add 172.16.1.3/24 dev eth1
    sysctl -w net.ipv6.conf.eth1.disable_ipv6=0
    set +e
    ip -6 addr del 2001:db8:1:1::3/64 dev eth1 2>/dev/null
    set -e
    ip -6 addr add 2001:db8:1:1::3/64 dev eth1
    ip link set dev eth1 mtu 1500
    #
    # Add static routes (usually IPv4 routes pointing to the first usable gateway)
    #
    echo Removing existing IPv4 routes
    while ip route del 172.16.0.0/16 2>/dev/null; do
      : ; done
    while ip route del 10.0.0.0/24 2>/dev/null; do
      : ; done
    while ip route del 10.1.0.0/16 2>/dev/null; do
      : ; done
    while ip route del 10.2.0.0/24 2>/dev/null; do
      : ; done
    #
    #
    echo Adding direct static routes
    ip route add 172.16.0.0/16 via 172.16.1.5 dev eth1 protocol static
    ip route add 10.0.0.0/24 via 172.16.1.5 dev eth1 protocol static
    ip route add 10.1.0.0/16 via 172.16.1.5 dev eth1 protocol static
    ip route add 10.2.0.0/24 via 172.16.1.5 dev eth1 protocol static
    #
    # Print the final routing table
    ip route

TASK [Deploy initial configuration] ********************************************
included: /home/pipi/netlab_gh/netsim/ansible/tasks/deploy-config/arubacx.yml for s1
included: /home/pipi/netlab_gh/netsim/ansible/tasks/deploy-config/linux-clab.yml for h1, h2, h3, h4

TASK [tempfile] ****************************************************************
changed: [s1 -> localhost]

TASK [template] ****************************************************************
changed: [s1 -> localhost]

TASK [aoscx_config: deploying initial from /home/pipi/netlab_gh/netsim/ansible/templates/initial/arubacx.j2] ***
changed: [s1]

TASK [file] ********************************************************************
changed: [s1 -> localhost]

TASK [Define script filename and determine whether to execute in netns] ********
ok: [h1]
ok: [h2]
ok: [h3]
ok: [h4]

TASK [Create a temporary file for the rendered script] *************************
changed: [h1 -> localhost]
changed: [h4 -> localhost]
changed: [h3 -> localhost]
changed: [h2 -> localhost]

TASK [Create container setup script from /home/pipi/netlab_gh/netsim/ansible/templates/initial/linux-clab.j2] ***
changed: [h1 -> localhost]
changed: [h4 -> localhost]
changed: [h2 -> localhost]
changed: [h3 -> localhost]

TASK [Copy script into running container at /tmp/config-h1_initial.sh] *********
skipping: [h1]
skipping: [h2]
skipping: [h3]
skipping: [h4]

TASK [Execute /tmp/config-h1_initial.sh to deploy initial config based on /home/pipi/netlab_gh/netsim/ansible/templates/initial/linux-clab.j2] ***
skipping: [h1]
skipping: [h2]
skipping: [h3]
skipping: [h4]

TASK [Container configuration for initial based on /home/pipi/netlab_gh/netsim/ansible/templates/initial/linux-clab.j2 executed in netns] ***
changed: [h3 -> localhost]
changed: [h4 -> localhost]
changed: [h1 -> localhost]
changed: [h2 -> localhost]

TASK [Remove temporary file /tmp/h1_initial-gtqm7poc.sh] ***********************
changed: [h1 -> localhost]
changed: [h2 -> localhost]
changed: [h4 -> localhost]
changed: [h3 -> localhost]

PLAY [Deploy module-specific configurations] ***********************************

TASK [Set variables that cannot be set with VARS] ******************************
ok: [s1]

TASK [Deploy individual configuration modules] *********************************
included: /home/pipi/netlab_gh/netsim/ansible/tasks/deploy-module.yml for s1 => (item=vlan)

TASK [Figure out whether to deploy the module vlan on current device] **********
ok: [s1]

TASK [Find configuration template for vlan] ************************************
ok: [s1]

TASK [fail] ********************************************************************
skipping: [s1]

TASK [Find configuration deployment deploy_script for vlan] ********************
ok: [s1]

TASK [Print deployed configuration when running in verbose mode] ***************
ok: [s1] => 
  msg: |-
    vlan configuration for s1
    =========================================
    !
    !
    interface 1/1/1
     no routing
     vlan access 700
    !
    interface 1/1/2
     no routing
     vlan access 700
    !
    interface 1/1/3
     no routing
     vlan access 701
    !
    interface 1/1/4
     no routing
     vlan access 701
    !
    interface vlan700
    !
    interface vlan701

TASK [Deploy vlan configuration] ***********************************************
included: /home/pipi/netlab_gh/netsim/ansible/tasks/deploy-config/arubacx.yml for s1

TASK [tempfile] ****************************************************************
changed: [s1 -> localhost]

TASK [template] ****************************************************************
changed: [s1 -> localhost]

TASK [aoscx_config: deploying vlan from /home/pipi/netlab_gh/netsim/ansible/templates/vlan/arubacx.j2] ***
changed: [s1]

TASK [file] ********************************************************************
changed: [s1 -> localhost]

PLAY [Deploy custom deployment templates] **************************************
skipping: no hosts matched

PLAY RECAP *********************************************************************
h1                         : ok=17   changed=4    unreachable=0    failed=0    skipped=7    rescued=0    ignored=0   
h2                         : ok=17   changed=4    unreachable=0    failed=0    skipped=7    rescued=0    ignored=0   
h3                         : ok=17   changed=4    unreachable=0    failed=0    skipped=7    rescued=0    ignored=0   
h4                         : ok=17   changed=4    unreachable=0    failed=0    skipped=7    rescued=0    ignored=0   
s1                         : ok=27   changed=8    unreachable=0    failed=0    skipped=6    rescued=0    ignored=0   



The device under test is a layer-3 switch bridging VLANs
between ports and having an IP address in each VLAN

All hosts should be able to ping each other using both IPv4 and IPv6

