Creating Device configuration snippets
[CREATED] c1: initial,dhcp
[CREATED] c2: initial,dhcp
[CREATED] server: initial,dhcp,routing
Checking Are lab devices ready to be configured?
 [INFO] Checking SSH server(s) on c1,c2
[SSH]     SSH server on node c2 (device iol) is ready after 27.3 seconds
[SSH]     SSH server on node c1 (device iol) is ready after 27.3 seconds
Config Deploying device configurations
 [INFO] Executing initial configuration for node server (namespace
          clab-ml-17-server)
 [INFO] Executing routing configuration for node server (namespace
          clab-ml-17-server)

Results of configuration script deployments
================================================================================
c1               Startup: initial,dhcp
c2               Startup: initial,dhcp
server           Script:  initial,routing


Use this topology to test the DHCPv4 client on your device. Use 'netlab
validate' to check whether your devices requested DHCP leases from the DHCP
server.

If your client suppors configurable 'router option' requests to generate
a default route, check that C1 has a default route but C2 does not.

