[CONFIG]  relay: initial,dhcp,ifstate
[CONFIG]  c1: initial,dhcp,ifstate
[CONFIG]  c2: initial,dhcp,ifstate
[CONFIG]  c3: initial,dhcp,ifstate
[CONFIG]  c4: initial,dhcp,ifstate
[CONFIG]  s1: initial,dnsmasq,dhcp,hosts
[CONFIG]  s2: initial,dnsmasq,dhcp,hosts (shared)
Created provider configuration file: clab.yml
Created startup configuration for relay
Created startup configuration for c1
Created startup configuration for c2
Created startup configuration for c3
Created startup configuration for c4
Created pickled transformed topology data into netlab.snapshot.pickle
Created group_vars for all
Created group_vars for modules
Created group_vars for iol
Created host_vars for relay, c1, c2, c3, c4
Created group_vars for dnsmasq
Created host_vars for s1, s2
Created minimized Ansible inventory hosts.yml
Created Ansible configuration file: ansible.cfg
Created transformed topology dump in YAML format in netlab.snapshot.yml
