 [INFO] Checking for updates in configuration templates
 [INFO] Creating configuration snippets
[CREATED] relay: normalize,initial,dhcp,ospf
[CREATED] c1: initial,dhcp,ospf
[CREATED] c2: initial,dhcp,ospf
[CREATED] server: initial,dhcp
 [INFO] Executing initial configuration for node server (namespace
          clab-ml_17-server)

 [INFO] Starting Ansible playbook to deploy the rest of the
          configurations
/home/pipi/.local/lib/python3.10/site-packages/paramiko/pkey.py:100: CryptographyDeprecationWarning: TripleDES has been moved to cryptography.hazmat.decrepit.ciphers.algorithms.TripleDES and will be removed from cryptography.hazmat.primitives.ciphers.algorithms in 48.0.0.
  "cipher": algorithms.TripleDES,
/home/pipi/.local/lib/python3.10/site-packages/paramiko/transport.py:259: CryptographyDeprecationWarning: TripleDES has been moved to cryptography.hazmat.decrepit.ciphers.algorithms.TripleDES and will be removed from cryptography.hazmat.primitives.ciphers.algorithms in 48.0.0.
  "class": algorithms.TripleDES,
[WARNING]: Could not match supplied host pattern, ignoring: unprovisioned
[WARNING]: Found variable using reserved name: hosts

PLAY [Deploy initial device configuration] *************************************

TASK [Set variables that cannot be set with VARS] ******************************
ok: [server]
ok: [relay]
ok: [c1]
ok: [c2]

TASK [Generic readiness tests] *************************************************
skipping: [server]
included: /home/pipi/netlab_gh/netsim/ansible/tasks/readiness-check/ssh.yml for relay, c1, c2 => (item=ssh)

TASK [Check if 'sshpass' is installed] *****************************************
ok: [relay -> localhost]

TASK [Check for 'timeout' command] *********************************************
ok: [relay -> localhost]
ok: [c1 -> localhost]
ok: [c2 -> localhost]

TASK [Execute local ssh command to check ssh readiness] ************************
ok: [relay -> localhost]
ok: [c2 -> localhost]
ok: [c1 -> localhost]

TASK [Confirm relay SSH server works] ******************************************
ok: [c1] => {
    "msg": "Node c1 is ready."
}
ok: [relay] => {
    "msg": "Node relay is ready."
}
ok: [c2] => {
    "msg": "Node c2 is ready."
}

TASK [Find device readiness script] ********************************************
ok: [server]
ok: [c1]
ok: [relay]
ok: [c2]

TASK [Wait for device to become ready] *****************************************
skipping: [relay]
skipping: [c1]
skipping: [c2]
skipping: [server]

TASK [Normalize config on bridge-like devices] *********************************
included: /home/pipi/netlab_gh/netsim/ansible/tasks/deploy-module.yml for relay, c1, c2, server

TASK [Figure out whether to deploy the module normalize on current device] *****
ok: [server]
ok: [relay]
ok: [c1]
ok: [c2]

TASK [Find configuration template for normalize] *******************************
ok: [server]
ok: [c1]
ok: [relay]
ok: [c2]

TASK [fail] ********************************************************************
skipping: [relay]
skipping: [c1]
skipping: [c2]
skipping: [server]

TASK [Find configuration deployment deploy_script for normalize] ***************
ok: [server]
ok: [c1]
ok: [relay]
ok: [c2]

TASK [Print deployed configuration when running in verbose mode] ***************
skipping: [c1]
skipping: [c2]
skipping: [server]
ok: [relay] => {
    "msg": "normalize configuration for relay\n=========================================\n!\ninterface Ethernet1\n shutdown\n!\ninterface Ethernet2\n shutdown\n"
}

TASK [Deploy normalize configuration] ******************************************
skipping: [c1]
skipping: [c2]
skipping: [server]
included: /home/pipi/netlab_gh/netsim/ansible/tasks/deploy-config/eos.yml for relay

TASK [eos_config: deploying normalize from /work/netlab_cicd/node_files/relay/normalize] ***
[WARNING]: To ensure idempotency and correct diff the input configuration lines
should be similar to how they appear if present in the running configuration on
device including the indentation
changed: [relay]

TASK [Deploy initial configuration] ********************************************
included: /home/pipi/netlab_gh/netsim/ansible/tasks/deploy-module.yml for relay, c1, c2, server

TASK [Figure out whether to deploy the module initial on current device] *******
ok: [server]
ok: [relay]
ok: [c1]
ok: [c2]

TASK [Find configuration template for initial] *********************************
skipping: [server]
ok: [relay]
ok: [c1]
ok: [c2]

TASK [fail] ********************************************************************
skipping: [relay]
skipping: [c1]
skipping: [c2]
skipping: [server]

TASK [Find configuration deployment deploy_script for initial] *****************
skipping: [server]
ok: [relay]
ok: [c1]
ok: [c2]

TASK [Print deployed configuration when running in verbose mode] ***************
skipping: [server]
ok: [relay] => {
    "msg": "initial configuration for relay\n=========================================\nhostname relay\n!\nlogging monitor debugging\naaa authorization exec default local\n!\nlldp run\nip routing\nipv6 unicast-routing\n!\n!\nip host c1 10.0.0.2\nip host c2 10.0.0.3\nipv6 host server 2001:db8:cafe:1::4\n!\ninterface Management0\n no lldp transmit\n no lldp receive\n!\ninterface Loopback0\n ip address 10.0.0.1/32\n!\ninterface Ethernet1\n no switchport\n description relay -> [c1,c2]\n ipv6 nd ra interval 5\n ipv6 address 2001:db8:cafe::1/64\n mac-address caf0.0001.0001\n!\n no shutdown\n!\ninterface Ethernet2\n no switchport\n description relay -> server\n ipv6 nd ra interval 5\n ipv6 address 2001:db8:cafe:1::1/64\n mac-address caf0.0001.0002\n!\n no shutdown\n!\n"
}
ok: [c1] => {
    "msg": "initial configuration for c1\n=========================================\nhostname c1\n!\nno ip domain lookup\nlogging buffered 256000\n\n!\nlldp run\n!\nip host c2 10.0.0.3\nip host relay 10.0.0.1 2001:db8:cafe::1 2001:db8:cafe:1::1\nip host server 2001:db8:cafe:1::4\n!\nip routing\n!\nipv6 unicast-routing\n!\n!\ninterface Loopback0\n ip address 10.0.0.2 255.255.255.255\n!\ninterface Ethernet0/0\n no lldp transmit\n no lldp receive\n!\ninterface Ethernet0/1\n description c1 -> [c2,relay]\n no shutdown\n!\n!\nline vty 0 4\n exec-timeout 0 0 \n!\nno banner exec\nno banner login\nno banner incoming\n"
}
ok: [c2] => {
    "msg": "initial configuration for c2\n=========================================\nhostname c2\n!\nno ip domain lookup\nlogging buffered 256000\n\n!\nlldp run\n!\nip host c1 10.0.0.2\nip host relay 10.0.0.1 2001:db8:cafe::1 2001:db8:cafe:1::1\nip host server 2001:db8:cafe:1::4\n!\nip routing\n!\nipv6 unicast-routing\n!\n!\ninterface Loopback0\n ip address 10.0.0.3 255.255.255.255\n!\ninterface Ethernet0/0\n no lldp transmit\n no lldp receive\n!\ninterface Ethernet0/1\n description c2 -> [c1,relay]\n no shutdown\n!\n!\nline vty 0 4\n exec-timeout 0 0 \n!\nno banner exec\nno banner login\nno banner incoming\n"
}

TASK [Deploy initial configuration] ********************************************
skipping: [server]
included: /home/pipi/netlab_gh/netsim/ansible/tasks/deploy-config/eos.yml for relay
included: /home/pipi/netlab_gh/netsim/ansible/tasks/deploy-config/ios.yml for c1, c2

TASK [eos_config: deploying initial from /work/netlab_cicd/node_files/relay/initial] ***
changed: [relay]

TASK [ios_config: deploying initial from /work/netlab_cicd/node_files/c1/initial] ***
changed: [c2]
changed: [c1]

PLAY [Deploy module-specific configurations] ***********************************

TASK [Set variables that cannot be set with VARS] ******************************
ok: [server]
ok: [c1]
ok: [relay]
ok: [c2]

TASK [Deploy individual configuration modules] *********************************
included: /home/pipi/netlab_gh/netsim/ansible/tasks/deploy-module.yml for relay, c1, c2, server => (item=dhcp)
included: /home/pipi/netlab_gh/netsim/ansible/tasks/deploy-module.yml for relay, c1, c2, server => (item=ospf)

TASK [Figure out whether to deploy the module dhcp on current device] **********
ok: [server]
ok: [relay]
ok: [c1]
ok: [c2]

TASK [Find configuration template for dhcp] ************************************
skipping: [server]
ok: [relay]
ok: [c1]
ok: [c2]

TASK [fail] ********************************************************************
skipping: [relay]
skipping: [c1]
skipping: [c2]
skipping: [server]

TASK [Find configuration deployment deploy_script for dhcp] ********************
skipping: [server]
ok: [c1]
ok: [relay]
ok: [c2]

TASK [Print deployed configuration when running in verbose mode] ***************
skipping: [server]
ok: [c1] => {
    "msg": "dhcp configuration for c1\n=========================================\ninterface Ethernet0/1\n  ipv6 enable\n  ipv6 address dhcp\n"
}
ok: [relay] => {
    "msg": "dhcp configuration for relay\n=========================================\ninterface Ethernet1\n  ipv6 dhcp relay destination 2001:db8:cafe:1::4\n"
}
ok: [c2] => {
    "msg": "dhcp configuration for c2\n=========================================\ninterface Ethernet0/1\n  ipv6 enable\n  ipv6 address dhcp\n"
}

TASK [Deploy dhcp configuration] ***********************************************
skipping: [server]
included: /home/pipi/netlab_gh/netsim/ansible/tasks/deploy-config/eos.yml for relay
included: /home/pipi/netlab_gh/netsim/ansible/tasks/deploy-config/ios.yml for c1, c2

TASK [eos_config: deploying dhcp from /work/netlab_cicd/node_files/relay/dhcp] ***
changed: [relay]

TASK [ios_config: deploying dhcp from /work/netlab_cicd/node_files/c1/dhcp] ****
changed: [c2]
changed: [c1]

TASK [Figure out whether to deploy the module ospf on current device] **********
ok: [server]
ok: [relay]
ok: [c1]
ok: [c2]

TASK [Find configuration template for ospf] ************************************
skipping: [server]
ok: [relay]
ok: [c1]
ok: [c2]

TASK [fail] ********************************************************************
skipping: [relay]
skipping: [c1]
skipping: [c2]
skipping: [server]

TASK [Find configuration deployment deploy_script for ospf] ********************
skipping: [server]
ok: [c1]
ok: [relay]
ok: [c2]

TASK [Print deployed configuration when running in verbose mode] ***************
skipping: [server]
ok: [c1] => {
    "msg": "ospf configuration for c1\n=========================================\nrouter ospf 1\n router-id 10.0.0.2\n\n!\ninterface Loopback0\n! \n ip ospf 1 area 0.0.0.0\n!\n\nrouter ospfv3 1\n router-id 10.0.0.2\n address-family ipv6 unicast\n!\ninterface Ethernet0/1\n! c1 -> [c2,relay]\n ospfv3 1 ipv6 area 0.0.0.0\n!\n\n"
}
ok: [relay] => {
    "msg": "ospf configuration for relay\n=========================================\n!\n! OSPFv2 configuration\n!\nrouter ospf 1\n router-id 10.0.0.1\n interface unnumbered hello mask tx 0.0.0.0\n timers spf delay initial 100 200 500\n timers lsa rx min interval 100\n timers lsa tx delay initial 100 200 500\n\n\n!\ninterface Loopback0\n! \n ip ospf area 0.0.0.0\n!\n\n!\n! OSPFv3 configuration\n!\ninterface Ethernet1\n! relay -> [c1,c2]\n ipv6 ospf 1 area 0.0.0.0\n!\ninterface Ethernet2\n! relay -> server\n ipv6 ospf 1 area 0.0.0.0\n ipv6 ospf network point-to-point\n!\n!\nipv6 router ospf 1\n router-id 10.0.0.1\n timers spf delay initial 100 200 500\n timers lsa rx min interval 100\n timers lsa tx delay initial 100 200 500\n\n\n\n"
}
ok: [c2] => {
    "msg": "ospf configuration for c2\n=========================================\nrouter ospf 1\n router-id 10.0.0.3\n\n!\ninterface Loopback0\n! \n ip ospf 1 area 0.0.0.0\n!\n\nrouter ospfv3 1\n router-id 10.0.0.3\n address-family ipv6 unicast\n!\ninterface Ethernet0/1\n! c2 -> [c1,relay]\n ospfv3 1 ipv6 area 0.0.0.0\n!\n\n"
}

TASK [Deploy ospf configuration] ***********************************************
skipping: [server]
included: /home/pipi/netlab_gh/netsim/ansible/tasks/deploy-config/eos.yml for relay
included: /home/pipi/netlab_gh/netsim/ansible/tasks/deploy-config/ios.yml for c1, c2

TASK [eos_config: deploying ospf from /work/netlab_cicd/node_files/relay/ospf] ***
changed: [relay]

TASK [ios_config: deploying ospf from /work/netlab_cicd/node_files/c1/ospf] ****
changed: [c2]
changed: [c1]

PLAY [Deploy custom deployment templates] **************************************
skipping: no hosts matched

PLAY RECAP *********************************************************************
c1                         : ok=32   changed=3    unreachable=0    failed=0    skipped=7    rescued=0    ignored=0   
c2                         : ok=32   changed=3    unreachable=0    failed=0    skipped=7    rescued=0    ignored=0   
relay                      : ok=36   changed=4    unreachable=0    failed=0    skipped=5    rescued=0    ignored=0   
server                     : ok=13   changed=0    unreachable=0    failed=0    skipped=20   rescued=0    ignored=0   

Results of configuration script deployments
================================================================================
server                       OK: 1   


Use this topology to test the OSPF over interfaces using dynamic DHCPv6 addresses. Use
'netlab validate' to check whether your devices acquired dynamic IPv6 addresses and whether they
established OSPFv3 adjacency with the DHCP relay.

