 [INFO] Creating configuration snippets
/home/pipi/.local/lib/python3.10/site-packages/paramiko/pkey.py:100: CryptographyDeprecationWarning: TripleDES has been moved to cryptography.hazmat.decrepit.ciphers.algorithms.TripleDES and will be removed from cryptography.hazmat.primitives.ciphers.algorithms in 48.0.0.
  "cipher": algorithms.TripleDES,
/home/pipi/.local/lib/python3.10/site-packages/paramiko/transport.py:259: CryptographyDeprecationWarning: TripleDES has been moved to cryptography.hazmat.decrepit.ciphers.algorithms.TripleDES and will be removed from cryptography.hazmat.primitives.ciphers.algorithms in 48.0.0.
  "class": algorithms.TripleDES,
[WARNING]: Found variable using reserved name: hosts

PLAY [Deploy initial device configuration] *************************************

TASK [Set variables that cannot be set with VARS] ******************************
ok: [dut]
ok: [probe]

TASK [Generic readiness tests] *************************************************
skipping: [dut]
skipping: [probe]

TASK [Find device readiness script] ********************************************
ok: [dut]
ok: [probe]

TASK [Wait for device to become ready] *****************************************
skipping: [dut]
skipping: [probe]

TASK [Normalize config on bridge-like devices] *********************************
included: /home/pipi/net101/tools/netsim/ansible/tasks/deploy-module.yml for dut, probe

TASK [Figure out whether to deploy the module normalize on current device] *****
ok: [dut]
ok: [probe]

TASK [Find configuration template for normalize] *******************************
ok: [dut]
ok: [probe]

TASK [fail] ********************************************************************
skipping: [dut]
skipping: [probe]

TASK [Find configuration deployment deploy_script for normalize] ***************
ok: [dut]
ok: [probe]

TASK [Print deployed configuration when running in verbose mode] ***************
skipping: [dut]
skipping: [probe]

TASK [Deploy normalize configuration] ******************************************
skipping: [dut]
skipping: [probe]

TASK [Deploy initial configuration] ********************************************
included: /home/pipi/net101/tools/netsim/ansible/tasks/deploy-module.yml for dut, probe

TASK [Figure out whether to deploy the module initial on current device] *******
ok: [dut]
ok: [probe]

TASK [Find configuration template for initial] *********************************
ok: [dut]
ok: [probe]

TASK [fail] ********************************************************************
skipping: [dut]
skipping: [probe]

TASK [Find configuration deployment deploy_script for initial] *****************
ok: [dut]
ok: [probe]

TASK [Print deployed configuration when running in verbose mode] ***************
ok: [dut] => {
    "msg": "initial configuration for dut\n=========================================\n#!/bin/bash\n#\nset -e\nset -x\n#\n# Create bash profile script\n#\ncat <<SCRIPT >/root/.bash_profile\n#!/bin/bash\n#\nexport PS1=\"\\h(bash)# \"\necho\necho \"Use vtysh to connect to FRR daemon\"\necho\nSCRIPT\n#\n# This is an artifact of unknown provenance that should be removed in a year or two (= 2026/2027)\n#\n# FRR controls these parameters with 'ip forwarding' and 'ipv6 forwarding' commands\n#\nsysctl -w net.ipv4.ip_forward=1\nsysctl -w net.ipv6.conf.all.forwarding=1\n#\n#\n# Get the current next hop for the default route\n#\ndef_nh=$(ip route list default|awk '{ print $3 }')\n#\n# Create the management VRF and add eth0 to it\n#\nif [ ! -e /sys/devices/virtual/net/mgmt ]; then\n  ip link add mgmt type vrf table 42\nfi\nip link set mgmt up\nsysctl -qw net.ipv6.conf.eth0.keep_addr_on_down=1\nip link set eth0 master mgmt\n#\n# Reinstall the default route if we had it before\n#\nif [[ -n \"$def_nh\" ]]; then\n  ip route add 0.0.0.0/0 vrf mgmt via $def_nh\nfi\n#\n# Enable FRR modules (if not using containerlab bind-mounted /etc/frr/daemons)\n#\n\n# Set system defaults\n#\n# Send ARP requests from a sane source IP address\n#\nsysctl -w net.ipv4.conf.all.arp_announce=2\n\n#\n# Create loopbacks, stub and lag/bond devices\n#\nif [ ! -e /sys/class/net/lo ]; then\n  if [ ! -e /sys/devices/virtual/net/lo ]; then\n    ip link add lo type dummy\n    ip link set dev lo up\n  fi\nfi\n\n# Disable IPv6 (for IPv4-only interfaces) or SLAAC (if the device is a router)\n#\nip link set eth1 down\nsysctl -qw net.ipv6.conf.eth1.autoconf=0\nsysctl -qw net.ipv6.conf.eth1.accept_ra=0\nip link set dev eth1 mtu 1500\nip link set eth1 up\n\n#\n# Add vtysh.conf file\necho \"service integrated-vtysh-config\" >/etc/frr/vtysh.conf\n\n#\n# Rest of initial configuration done through VTYSH\n#\ncat >/tmp/config <<CONFIG\nhostname dut\n!\nlog file /tmp/logging\n\n!\nip forwarding\nipv6 forwarding\nvrf mgmt\n exit-vrf\n!\nfrr defaults datacenter\n!\ninterface lo\n no shutdown\n ip address 10.0.0.42/32\n ipv6 address 2001:db8:42:1::1/128\n!\ninterface eth1\n no shutdown\n description dut -> probe [external]\n ip address 10.0.0.42/32\n ipv6 nd ra-interval 5\n no ipv6 nd suppress-ra\n!\ndo write\nCONFIG\nvtysh -f /tmp/config\n!\nexit 0\n"
}
ok: [probe] => {
    "msg": "initial configuration for probe\n=========================================\n#!/bin/bash\n#\nset -e\nset -x\n#\n# Create bash profile script\n#\ncat <<SCRIPT >/root/.bash_profile\n#!/bin/bash\n#\nexport PS1=\"\\h(bash)# \"\necho\necho \"Use vtysh to connect to FRR daemon\"\necho\nSCRIPT\n#\n# This is an artifact of unknown provenance that should be removed in a year or two (= 2026/2027)\n#\n# FRR controls these parameters with 'ip forwarding' and 'ipv6 forwarding' commands\n#\nsysctl -w net.ipv4.ip_forward=1\nsysctl -w net.ipv6.conf.all.forwarding=1\n#\n#\n# Get the current next hop for the default route\n#\ndef_nh=$(ip route list default|awk '{ print $3 }')\n#\n# Create the management VRF and add eth0 to it\n#\nif [ ! -e /sys/devices/virtual/net/mgmt ]; then\n  ip link add mgmt type vrf table 42\nfi\nip link set mgmt up\nsysctl -qw net.ipv6.conf.eth0.keep_addr_on_down=1\nip link set eth0 master mgmt\n#\n# Reinstall the default route if we had it before\n#\nif [[ -n \"$def_nh\" ]]; then\n  ip route add 0.0.0.0/0 vrf mgmt via $def_nh\nfi\n#\n# Enable FRR modules (if not using containerlab bind-mounted /etc/frr/daemons)\n#\n\n# Set system defaults\n#\n# Send ARP requests from a sane source IP address\n#\nsysctl -w net.ipv4.conf.all.arp_announce=2\n\n#\n# Create loopbacks, stub and lag/bond devices\n#\nif [ ! -e /sys/class/net/lo ]; then\n  if [ ! -e /sys/devices/virtual/net/lo ]; then\n    ip link add lo type dummy\n    ip link set dev lo up\n  fi\nfi\n\n# Disable IPv6 (for IPv4-only interfaces) or SLAAC (if the device is a router)\n#\nip link set eth1 down\nsysctl -qw net.ipv6.conf.eth1.autoconf=0\nsysctl -qw net.ipv6.conf.eth1.accept_ra=0\nip link set dev eth1 mtu 1500\nip link set eth1 up\n\n#\n# Add vtysh.conf file\necho \"service integrated-vtysh-config\" >/etc/frr/vtysh.conf\n\n#\n# Rest of initial configuration done through VTYSH\n#\ncat >/tmp/config <<CONFIG\nhostname probe\n!\nlog file /tmp/logging\n\n!\nip forwarding\nipv6 forwarding\nvrf mgmt\n exit-vrf\n!\nfrr defaults datacenter\n!\ninterface lo\n no shutdown\n ip address 10.0.0.2/32\n ipv6 address 2001:db8:1:2::1/64\n!\ninterface eth1\n no shutdown\n description probe -> dut [external]\n ip address 10.0.0.2/32\n ipv6 nd ra-interval 5\n no ipv6 nd suppress-ra\n!\ndo write\nCONFIG\nvtysh -f /tmp/config\n!\nexit 0\n"
}

TASK [Deploy initial configuration] ********************************************
included: /home/pipi/net101/tools/netsim/ansible/tasks/frr/initial-clab.yml for dut, probe

TASK [Attempt to load VRF kernel module] ***************************************
changed: [dut -> localhost]

TASK [Disable FRR management VRF when modprobe fails] **************************
skipping: [dut]
skipping: [probe]

TASK [include_tasks] ***********************************************************
included: /home/pipi/net101/tools/netsim/ansible/tasks/frr/deploy-config.yml for dut, probe

TASK [template] ****************************************************************
changed: [dut]
changed: [probe]

TASK [set_fact] ****************************************************************
ok: [dut]
ok: [probe]

TASK [run /tmp/config.sh to deploy initial config from /work/netlab_cicd/node_files/dut/initial] ***
changed: [dut]
changed: [probe]

TASK [run vtysh to import initial config from /work/netlab_cicd/node_files/dut/initial] ***
skipping: [dut]
skipping: [probe]

PLAY [Deploy module-specific configurations] ***********************************

TASK [Set variables that cannot be set with VARS] ******************************
ok: [dut]
ok: [probe]

TASK [Deploy individual configuration modules] *********************************
included: /home/pipi/net101/tools/netsim/ansible/tasks/deploy-module.yml for dut, probe => (item=routing)
included: /home/pipi/net101/tools/netsim/ansible/tasks/deploy-module.yml for dut, probe => (item=bgp)

TASK [Figure out whether to deploy the module routing on current device] *******
ok: [dut]
ok: [probe]

TASK [Find configuration template for routing] *********************************
skipping: [probe]
ok: [dut]

TASK [fail] ********************************************************************
skipping: [dut]
skipping: [probe]

TASK [Find configuration deployment deploy_script for routing] *****************
skipping: [probe]
ok: [dut]

TASK [Print deployed configuration when running in verbose mode] ***************
skipping: [probe]
ok: [dut] => {
    "msg": "routing configuration for dut\n=========================================\n!\n!\nroute-map bp-probe-1-out-ipv4 permit 10\n  set metric 42\n\n!\nroute-map bp-probe-1-out-ipv6 permit 10\n  set metric 42\n\n!\n"
}

TASK [Deploy routing configuration] ********************************************
skipping: [probe]
included: /home/pipi/net101/tools/netsim/ansible/tasks/deploy-config/frr.yml for dut

TASK [template] ****************************************************************
changed: [dut]

TASK [set_fact] ****************************************************************
ok: [dut]

TASK [run /tmp/config.sh to deploy routing config from /work/netlab_cicd/node_files/dut/routing] ***
skipping: [dut]

TASK [run vtysh to import routing config from /work/netlab_cicd/node_files/dut/routing] ***
changed: [dut]

TASK [Figure out whether to deploy the module bgp on current device] ***********
ok: [dut]
ok: [probe]

TASK [Find configuration template for bgp] *************************************
ok: [dut]
ok: [probe]

TASK [fail] ********************************************************************
skipping: [dut]
skipping: [probe]

TASK [Find configuration deployment deploy_script for bgp] *********************
ok: [dut]
ok: [probe]

TASK [Print deployed configuration when running in verbose mode] ***************
ok: [dut] => {
    "msg": "bgp configuration for dut\n=========================================\n!\nrouter bgp 65000\n  no bgp ebgp-requires-policy\n  no bgp default ipv4-unicast\n  bgp default show-hostname\n  bgp default show-nexthop-hostname\n  ! Consider AS paths of same length but with different AS as ECMP candidates\n  bgp bestpath as-path multipath-relax\n\n  bgp router-id 10.0.0.42\n!\n  neighbor eth1 interface remote-as 65100\n  neighbor eth1 description probe\n!\n  neighbor eth1 interface remote-as 65100\n  neighbor eth1 description probe\n!\n address-family ipv4 unicast\n!\n\n!\n! Originate networks from connected subnets\n!\n  network 10.0.0.42/32\n!\n  neighbor eth1 activate\n  no neighbor eth1 send-community all\n  neighbor eth1 send-community standard\n  neighbor eth1 send-community large\n!\n address-family ipv6 unicast\n!\n\n!\n! Originate networks from connected subnets\n!\n  network 2001:db8:42:1::1/128\n!\n  neighbor eth1 activate\n  no neighbor eth1 send-community all\n  neighbor eth1 send-community standard\n  neighbor eth1 send-community large\n!\n!\n!\ndo write\n"
}
ok: [probe] => {
    "msg": "bgp configuration for probe\n=========================================\n!\nrouter bgp 65100\n  no bgp ebgp-requires-policy\n  no bgp default ipv4-unicast\n  bgp default show-hostname\n  bgp default show-nexthop-hostname\n  ! Consider AS paths of same length but with different AS as ECMP candidates\n  bgp bestpath as-path multipath-relax\n\n  bgp router-id 10.0.0.2\n!\n  neighbor eth1 interface remote-as 65000\n  neighbor eth1 description dut\n!\n  neighbor eth1 interface remote-as 65000\n  neighbor eth1 description dut\n!\n address-family ipv4 unicast\n!\n\n!\n! Originate networks from connected subnets\n!\n  network 10.0.0.2/32\n!\n  neighbor eth1 activate\n  no neighbor eth1 send-community all\n  neighbor eth1 send-community standard\n  neighbor eth1 send-community large\n!\n address-family ipv6 unicast\n!\n\n!\n! Originate networks from connected subnets\n!\n  network 2001:db8:1:2::/64\n!\n  neighbor eth1 activate\n  no neighbor eth1 send-community all\n  neighbor eth1 send-community standard\n  neighbor eth1 send-community large\n!\n!\n!\ndo write\n"
}

TASK [Deploy bgp configuration] ************************************************
included: /home/pipi/net101/tools/netsim/ansible/tasks/deploy-config/frr.yml for dut, probe

TASK [template] ****************************************************************
changed: [dut]
changed: [probe]

TASK [set_fact] ****************************************************************
ok: [dut]
ok: [probe]

TASK [run /tmp/config.sh to deploy bgp config from /work/netlab_cicd/node_files/dut/bgp] ***
skipping: [dut]
skipping: [probe]

TASK [run vtysh to import bgp config from /work/netlab_cicd/node_files/dut/bgp] ***
changed: [probe]
changed: [dut]

PLAY [Deploy custom deployment templates] **************************************

TASK [Run custom configuration deployment scripts] *****************************
included: /home/pipi/net101/tools/netsim/ansible/tasks/deploy-custom-config.yml for dut => (item=bgp.policy)

TASK [Find configuration template] *********************************************
ok: [dut]

TASK [fail] ********************************************************************
skipping: [dut]

TASK [Check is the configuration template is a file] ***************************
ok: [dut -> localhost]

TASK [fail] ********************************************************************
skipping: [dut]

TASK [Process template /work/netlab_cicd/node_files/dut/bgp.policy for dut] ****
skipping: [dut]

TASK [Find custom configuration deployment script] *****************************
ok: [dut]

TASK [Run the configuration deployment script] *********************************
included: /home/pipi/net101/tools/netsim/ansible/tasks/deploy-config/frr.yml for dut

TASK [template] ****************************************************************
changed: [dut]

TASK [set_fact] ****************************************************************
ok: [dut]

TASK [run /tmp/config.sh to deploy bgp.policy config from /work/netlab_cicd/node_files/dut/bgp.policy] ***
skipping: [dut]

TASK [run vtysh to import bgp.policy config from /work/netlab_cicd/node_files/dut/bgp.policy] ***
changed: [dut]

PLAY RECAP *********************************************************************
dut                        : ok=44   changed=9    unreachable=0    failed=0    skipped=16   rescued=0    ignored=0   
probe                      : ok=28   changed=4    unreachable=0    failed=0    skipped=15   rescued=0    ignored=0   

[CREATED] dut: initial,bgp,routing,bgp.policy
[CREATED] probe: initial,bgp


Use this topology to test BGP MED on IPv4 and IPv6 prefixes. DUT
has to set MED on outgoing EBGP updates.

