 [INFO] Checking for updates in configuration templates
 [INFO] Creating configuration snippets
[CREATED] h1: initial,routing
[CREATED] h2: initial,routing
[CREATED] h3: initial,routing
[CREATED] h4: initial,routing
[CREATED] dut: normalize,initial,vlan,ospf,bgp,vxlan,evpn
[CREATED] s2: initial,vlan,ospf,bgp,vxlan,evpn
 [INFO] Executing initial configuration for node h1 (namespace clab-
          ml_17-h1)
 [INFO] Executing routing configuration for node h1 (namespace clab-
          ml_17-h1)
 [INFO] Executing initial configuration for node h2 (namespace clab-
          ml_17-h2)
 [INFO] Executing routing configuration for node h2 (namespace clab-
          ml_17-h2)
 [INFO] Executing initial configuration for node h3 (namespace clab-
          ml_17-h3)
 [INFO] Executing routing configuration for node h3 (namespace clab-
          ml_17-h3)
 [INFO] Executing initial configuration for node h4 (namespace clab-
          ml_17-h4)
 [INFO] Executing routing configuration for node h4 (namespace clab-
          ml_17-h4)

 [INFO] Starting Ansible playbook to deploy the rest of the
          configurations
[WARNING]: Found variable using reserved name: hosts

PLAY [Deploy initial device configuration] *************************************

TASK [Set variables that cannot be set with VARS] ******************************
ok: [s2]
ok: [dut]

TASK [Generic readiness tests] *************************************************
skipping: [s2]
included: /home/pipi/netlab_gh/netsim/ansible/tasks/readiness-check/ssh.yml for dut => (item=ssh)

TASK [Check if 'sshpass' is installed] *****************************************
ok: [dut -> localhost]

TASK [Check for 'timeout' command] *********************************************
ok: [dut -> localhost]

TASK [Execute local ssh command to check ssh readiness] ************************
FAILED - RETRYING: [dut -> localhost]: Execute local ssh command to check ssh readiness (20 retries left).
ok: [dut -> localhost]

TASK [Confirm dut SSH server works] ********************************************
ok: [dut] => {
    "msg": "Node dut is ready."
}

TASK [Find device readiness script] ********************************************
ok: [s2]
ok: [dut]

TASK [Wait for device to become ready] *****************************************
skipping: [dut]
skipping: [s2]

TASK [Normalize config on bridge-like devices] *********************************
included: /home/pipi/netlab_gh/netsim/ansible/tasks/deploy-module.yml for dut, s2

TASK [Figure out whether to deploy the module normalize on current device] *****
ok: [s2]
ok: [dut]

TASK [Find configuration template for normalize] *******************************
ok: [s2]
ok: [dut]

TASK [fail] ********************************************************************
skipping: [dut]
skipping: [s2]

TASK [Find configuration deployment deploy_script for normalize] ***************
ok: [s2]
ok: [dut]

TASK [Print deployed configuration when running in verbose mode] ***************
skipping: [s2]
ok: [dut] => {
    "msg": "normalize configuration for dut\n=========================================\n!\ninterface Ethernet1\n shutdown\n!\ninterface Ethernet2\n shutdown\n!\ninterface Ethernet3\n shutdown\n!\ninterface Ethernet4\n shutdown\n"
}

TASK [Deploy normalize configuration] ******************************************
skipping: [s2]
included: /home/pipi/netlab_gh/netsim/ansible/tasks/deploy-config/eos.yml for dut

TASK [eos_config: deploying normalize from /work/netlab_cicd/node_files/dut/normalize] ***
[WARNING]: To ensure idempotency and correct diff the input configuration lines
should be similar to how they appear if present in the running configuration on
device including the indentation
changed: [dut]

TASK [Deploy initial configuration] ********************************************
included: /home/pipi/netlab_gh/netsim/ansible/tasks/deploy-module.yml for dut, s2

TASK [Figure out whether to deploy the module initial on current device] *******
ok: [s2]
ok: [dut]

TASK [Find configuration template for initial] *********************************
ok: [s2]
ok: [dut]

TASK [fail] ********************************************************************
skipping: [dut]
skipping: [s2]

TASK [Find configuration deployment deploy_script for initial] *****************
ok: [s2]
ok: [dut]

TASK [Print deployed configuration when running in verbose mode] ***************
ok: [s2] => {
    "msg": "initial configuration for s2\n=========================================\n#!/bin/bash\n#\nset -e\nset -x\n#\n# Create bash profile script\n#\ncat <<SCRIPT >/root/.bash_profile\n#!/bin/bash\n#\nexport PS1=\"\\h(bash)# \"\necho\necho \"Use vtysh to connect to FRR daemon\"\necho\nSCRIPT\n#\n# This is an artifact of unknown provenance that should be removed in a year or two (= 2026/2027)\n#\n# FRR controls these parameters with 'ip forwarding' and 'ipv6 forwarding' commands\n#\nsysctl -w net.ipv4.ip_forward=1\nsysctl -w net.ipv6.conf.all.forwarding=0\n#\n#\n# Get the current next hop for the default route\n#\ndef_nh=$(ip route list default|awk '{ print $3 }')\n#\n# Create the management VRF and add eth0 to it\n#\nif [ ! -e /sys/devices/virtual/net/mgmt ]; then\n  ip link add mgmt type vrf table 42\nfi\nip link set mgmt up\nsysctl -qw net.ipv6.conf.eth0.keep_addr_on_down=1\nip link set eth0 master mgmt\n#\n# Reinstall the default route if we had it before\n#\nif [[ -n \"$def_nh\" ]]; then\n  ip route add 0.0.0.0/0 vrf mgmt via $def_nh\nfi\n#\n# Enable FRR modules (if not using containerlab bind-mounted /etc/frr/daemons)\n#\n\n# Set system defaults\n#\n# Send ARP requests from a sane source IP address\n#\nsysctl -w net.ipv4.conf.all.arp_announce=2\n\n#\n# Create loopbacks, stub and lag/bond devices\n#\nif [ ! -e /sys/class/net/lo ]; then\n  if [ ! -e /sys/devices/virtual/net/lo ]; then\n    ip link add lo type dummy\n    ip link set dev lo up\n  fi\nfi\n\n# Disable IPv6 (for IPv4-only interfaces) or SLAAC (if the device is a router)\n#\nip link set eth1 down\nsysctl -qw net.ipv6.conf.eth1.disable_ipv6=1\nip link set dev eth1 mtu 1600\nip link set eth1 up\nip link set eth2 down\nsysctl -qw net.ipv6.conf.eth2.disable_ipv6=1\nip link set dev eth2 mtu 1500\nip link set eth2 up\n\n#\n# Add vtysh.conf file\necho \"service integrated-vtysh-config\" >/etc/frr/vtysh.conf\n\n#\n# Rest of initial configuration done through VTYSH\n#\ncat >/tmp/config <<CONFIG\nhostname s2\n!\nlog file /tmp/logging\n\n!\nip forwarding\nvrf mgmt\n exit-vrf\n!\nfrr defaults datacenter\n!\ninterface lo\n no shutdown\n ip address 10.0.0.6/32\n!\ninterface eth1\n no shutdown\n description s2 -> dut\n ip address 10.1.0.2/30\n!\ninterface eth2\n no shutdown\n description [Access VLAN blue] s2 -> h4\n ! no ip address\n!\ninterface vlan1001\n no shutdown\n description VLAN blue (1001) -> [h3,dut,h4]\n ! no ip address\n!\ndo write\nCONFIG\nvtysh -f /tmp/config\n!\nexit 0\n"
}
ok: [dut] => {
    "msg": "initial configuration for dut\n=========================================\nhostname dut\n!\nlogging monitor debugging\naaa authorization exec default local\n!\nlldp run\nip routing\nno ipv6 unicast-routing\n!\n!\nip host h1 172.31.1.1\nip host h2 172.31.1.2\nip host h3 172.31.1.3\nip host h4 172.31.1.4\nip host s2 10.0.0.6 10.1.0.2\n!\ninterface Management0\n no lldp transmit\n no lldp receive\n!\ninterface Loopback0\n ip address 10.0.0.5/32\n!\ninterface Ethernet1\n no switchport\n mtu 1600\n description dut -> s2\n ip address 10.1.0.1/30\n mac-address caf0.0005.0001\n!\n no shutdown\n!\ninterface Ethernet2\n no switchport\n description [Access VLAN red] dut -> h1\n!\n no shutdown\n!\ninterface Ethernet3\n no switchport\n description [Access VLAN red] dut -> h2\n!\n no shutdown\n!\ninterface Ethernet4\n no switchport\n description [Access VLAN blue] dut -> h3\n!\n no shutdown\n!\ninterface Vlan1000\n description VLAN red (1000) -> [h1,h2] [stub]\n!\ninterface Vlan1001\n description VLAN blue (1001) -> [h3,h4,s2]\n!\n"
}

TASK [Deploy initial configuration] ********************************************
included: /home/pipi/netlab_gh/netsim/ansible/tasks/deploy-config/eos.yml for dut
included: /home/pipi/netlab_gh/netsim/ansible/tasks/frr/initial-clab.yml for s2

TASK [eos_config: deploying initial from /work/netlab_cicd/node_files/dut/initial] ***
changed: [dut]

TASK [Attempt to load VRF kernel module] ***************************************
changed: [s2 -> localhost]

TASK [Disable FRR management VRF when modprobe fails] **************************
skipping: [s2]

TASK [include_tasks] ***********************************************************
included: /home/pipi/netlab_gh/netsim/ansible/tasks/frr/deploy-config.yml for s2

TASK [template] ****************************************************************
changed: [s2]

TASK [set_fact] ****************************************************************
ok: [s2]

TASK [run /tmp/config.sh to deploy initial config from /work/netlab_cicd/node_files/s2/initial] ***
changed: [s2]

TASK [run vtysh to import initial config from /work/netlab_cicd/node_files/s2/initial] ***
skipping: [s2]

PLAY [Deploy module-specific configurations] ***********************************

TASK [Set variables that cannot be set with VARS] ******************************
ok: [s2]
ok: [dut]

TASK [Deploy individual configuration modules] *********************************
included: /home/pipi/netlab_gh/netsim/ansible/tasks/deploy-module.yml for dut, s2 => (item=vlan)
included: /home/pipi/netlab_gh/netsim/ansible/tasks/deploy-module.yml for dut, s2 => (item=routing)
included: /home/pipi/netlab_gh/netsim/ansible/tasks/deploy-module.yml for dut, s2 => (item=ospf)
included: /home/pipi/netlab_gh/netsim/ansible/tasks/deploy-module.yml for dut, s2 => (item=bgp)
included: /home/pipi/netlab_gh/netsim/ansible/tasks/deploy-module.yml for dut, s2 => (item=vxlan)
included: /home/pipi/netlab_gh/netsim/ansible/tasks/deploy-module.yml for dut, s2 => (item=evpn)

TASK [Figure out whether to deploy the module vlan on current device] **********
ok: [s2]
ok: [dut]

TASK [Find configuration template for vlan] ************************************
ok: [s2]
ok: [dut]

TASK [fail] ********************************************************************
skipping: [dut]
skipping: [s2]

TASK [Find configuration deployment deploy_script for vlan] ********************
ok: [s2]
ok: [dut]

TASK [Print deployed configuration when running in verbose mode] ***************
ok: [s2] => {
    "msg": "vlan configuration for s2\n=========================================\n#!/bin/bash\n#\nset -e # Exit immediately when any command fails\n#\nif [ ! -e /sys/devices/virtual/net/vlan1001 ]; then\n  ip link add vlan1001 type bridge\n  ip link set dev vlan1001 address ca:f4:00:06:00:00\n\n  ip addr flush dev vlan1001\nfi\n\nip link set dev eth2 master vlan1001\n\nip link set dev vlan1001 up\n"
}
ok: [dut] => {
    "msg": "vlan configuration for dut\n=========================================\nvlan 1000\n name red\n!\nvlan 1001\n name blue\n!\n\n!\ninterface Ethernet2\n switchport\n switchport access vlan 1000\n!\ninterface Ethernet3\n switchport\n switchport access vlan 1000\n!\ninterface Ethernet4\n switchport\n switchport access vlan 1001\n!\ninterface Vlan1000\n!\ninterface Vlan1001\n"
}

TASK [Deploy vlan configuration] ***********************************************
included: /home/pipi/netlab_gh/netsim/ansible/tasks/deploy-config/eos.yml for dut
included: /home/pipi/netlab_gh/netsim/ansible/tasks/deploy-config/frr.yml for s2

TASK [eos_config: deploying vlan from /work/netlab_cicd/node_files/dut/vlan] ***
changed: [dut]

TASK [template] ****************************************************************
changed: [s2]

TASK [set_fact] ****************************************************************
ok: [s2]

TASK [run /tmp/config.sh to deploy vlan config from /work/netlab_cicd/node_files/s2/vlan] ***
changed: [s2]

TASK [run vtysh to import vlan config from /work/netlab_cicd/node_files/s2/vlan] ***
skipping: [s2]

TASK [Figure out whether to deploy the module routing on current device] *******
ok: [s2]
ok: [dut]

TASK [Find configuration template for routing] *********************************
skipping: [dut]
skipping: [s2]

TASK [fail] ********************************************************************
skipping: [dut]
skipping: [s2]

TASK [Find configuration deployment deploy_script for routing] *****************
skipping: [dut]
skipping: [s2]

TASK [Print deployed configuration when running in verbose mode] ***************
skipping: [dut]
skipping: [s2]

TASK [Deploy routing configuration] ********************************************
skipping: [dut]
skipping: [s2]

TASK [Figure out whether to deploy the module ospf on current device] **********
ok: [s2]
ok: [dut]

TASK [Find configuration template for ospf] ************************************
ok: [s2]
ok: [dut]

TASK [fail] ********************************************************************
skipping: [dut]
skipping: [s2]

TASK [Find configuration deployment deploy_script for ospf] ********************
ok: [s2]
ok: [dut]

TASK [Print deployed configuration when running in verbose mode] ***************
ok: [s2] => {
    "msg": "ospf configuration for s2\n=========================================\n!\n! OSPFv2 FRR configuration\n!\nrouter ospf\n ospf router-id 10.0.0.6\n timers throttle spf 10 50 500\n timers throttle lsa all 100\n timers lsa min-arrival 100\n\n\nexit\n!\ninterface lo\n! \n ip ospf area 0.0.0.0\n!\ninterface eth1\n! s2 -> dut\n ip ospf area 0.0.0.0\n ip ospf network point-to-point\n!\n\n!\ndo write\n"
}
ok: [dut] => {
    "msg": "ospf configuration for dut\n=========================================\n!\n! OSPFv2 configuration\n!\nrouter ospf 1\n router-id 10.0.0.5\n interface unnumbered hello mask tx 0.0.0.0\n timers spf delay initial 100 200 500\n timers lsa rx min interval 100\n timers lsa tx delay initial 100 200 500\n\n\n!\ninterface Loopback0\n! \n ip ospf area 0.0.0.0\n!\ninterface Ethernet1\n! dut -> s2\n ip ospf area 0.0.0.0\n ip ospf network point-to-point\n!\n\n"
}

TASK [Deploy ospf configuration] ***********************************************
included: /home/pipi/netlab_gh/netsim/ansible/tasks/deploy-config/eos.yml for dut
included: /home/pipi/netlab_gh/netsim/ansible/tasks/deploy-config/frr.yml for s2

TASK [eos_config: deploying ospf from /work/netlab_cicd/node_files/dut/ospf] ***
changed: [dut]

TASK [template] ****************************************************************
changed: [s2]

TASK [set_fact] ****************************************************************
ok: [s2]

TASK [run /tmp/config.sh to deploy ospf config from /work/netlab_cicd/node_files/s2/ospf] ***
skipping: [s2]

TASK [run vtysh to import ospf config from /work/netlab_cicd/node_files/s2/ospf] ***
changed: [s2]

TASK [Figure out whether to deploy the module bgp on current device] ***********
ok: [s2]
ok: [dut]

TASK [Find configuration template for bgp] *************************************
ok: [s2]
ok: [dut]

TASK [fail] ********************************************************************
skipping: [dut]
skipping: [s2]

TASK [Find configuration deployment deploy_script for bgp] *********************
ok: [s2]
ok: [dut]

TASK [Print deployed configuration when running in verbose mode] ***************
ok: [s2] => {
    "msg": "bgp configuration for s2\n=========================================\n!\nrouter bgp 65000\n  no bgp ebgp-requires-policy\n  no bgp default ipv4-unicast\n  bgp default show-hostname\n  bgp default show-nexthop-hostname\n  ! Consider AS paths of same length but with different AS as ECMP candidates\n  bgp bestpath as-path multipath-relax\n\n  bgp router-id 10.0.0.6\n!\n  neighbor 10.0.0.5 remote-as 65000\n  neighbor 10.0.0.5 description dut\n  neighbor 10.0.0.5 update-source lo\n!\n address-family ipv4 unicast\n!\n\n!\n! Originate networks from connected subnets\n!\n  network 10.0.0.6/32\n!\n  neighbor 10.0.0.5 activate\n  neighbor 10.0.0.5 next-hop-self\n  no neighbor 10.0.0.5 send-community all\n  neighbor 10.0.0.5 send-community standard\n  neighbor 10.0.0.5 send-community large\n  neighbor 10.0.0.5 send-community extended\n!\n!\n!\ndo write\n"
}
ok: [dut] => {
    "msg": "bgp configuration for dut\n=========================================\n!\nroute-map next-hop-self-ipv4 permit 10\n   match route-type external\n   set ip next-hop peer-address\n!\nroute-map next-hop-self-ipv4 permit 20\n!\n!\nrouter bgp 65000\n  bgp advertise-inactive\n  bgp log-neighbor-changes\n  no bgp default ipv4-unicast\n  no bgp default ipv6-unicast\n  router-id 10.0.0.5\n!\n  neighbor 10.0.0.6 remote-as 65000\n  neighbor 10.0.0.6 description s2\n  neighbor 10.0.0.6 update-source Loopback0\n  neighbor 10.0.0.6 send-community standard extended large \n!\n!\n address-family ipv4\n\n!\n!\n! Originate networks from connected subnets\n!\n  network 10.0.0.5/32\n!\n!\n  neighbor 10.0.0.6 activate\n  neighbor 10.0.0.6 route-map next-hop-self-ipv4 out\n!\n"
}

TASK [Deploy bgp configuration] ************************************************
included: /home/pipi/netlab_gh/netsim/ansible/tasks/deploy-config/eos.yml for dut
included: /home/pipi/netlab_gh/netsim/ansible/tasks/deploy-config/frr.yml for s2

TASK [eos_config: deploying bgp from /work/netlab_cicd/node_files/dut/bgp] *****
changed: [dut]

TASK [template] ****************************************************************
changed: [s2]

TASK [set_fact] ****************************************************************
ok: [s2]

TASK [run /tmp/config.sh to deploy bgp config from /work/netlab_cicd/node_files/s2/bgp] ***
skipping: [s2]

TASK [run vtysh to import bgp config from /work/netlab_cicd/node_files/s2/bgp] ***
changed: [s2]

TASK [Figure out whether to deploy the module vxlan on current device] *********
ok: [s2]
ok: [dut]

TASK [Find configuration template for vxlan] ***********************************
ok: [s2]
ok: [dut]

TASK [fail] ********************************************************************
skipping: [dut]
skipping: [s2]

TASK [Find configuration deployment deploy_script for vxlan] *******************
ok: [s2]
ok: [dut]

TASK [Print deployed configuration when running in verbose mode] ***************
ok: [s2] => {
    "msg": "vxlan configuration for s2\n=========================================\n#!/bin/bash\n#\nset -e # Exit immediately when any command fails\n#\n\n\n\n# Create L3 VNIs with bridges and add to correct vrf table\n\n# Create VXLAN L2 interface per vni\nip link add vxlan1001 type vxlan \\\n  id 1001 \\\n  dstport 4789 \\\n  local 10.0.0.6 nolearning\n#\n# Add it to the VLAN bridge (create if needed for l3 vnis); disable STP\nif [ ! -e /sys/devices/virtual/net/vlan1001 ]; then\nip link add vlan1001 type bridge\nip link set up dev vlan1001\nfi\nip link set dev vxlan1001 master vlan1001\nip link set vlan1001 type bridge stp_state 0\n\n# Do not generate ipv6 link-local address for VXLAN devices\nip link set mtu 1500 addrgenmode none dev vxlan1001\n# Disable dynamic MAC learning for evpn, see https://docs.frrouting.org/en/latest/evpn.html\nbridge link set dev vxlan1001 learning off\nip link set up dev vxlan1001\n\n\nexit $?\n"
}
ok: [dut] => {
    "msg": "vxlan configuration for dut\n=========================================\ninterface vxlan 1\n  vxlan source-interface Loopback0\n  vxlan vlan 1000 vni 1000\n  vxlan vlan 1001 vni 1001\n"
}

TASK [Deploy vxlan configuration] **********************************************
included: /home/pipi/netlab_gh/netsim/ansible/tasks/deploy-config/eos.yml for dut
included: /home/pipi/netlab_gh/netsim/ansible/tasks/deploy-config/frr.yml for s2

TASK [eos_config: deploying vxlan from /work/netlab_cicd/node_files/dut/vxlan] ***
changed: [dut]

TASK [template] ****************************************************************
changed: [s2]

TASK [set_fact] ****************************************************************
ok: [s2]

TASK [run /tmp/config.sh to deploy vxlan config from /work/netlab_cicd/node_files/s2/vxlan] ***
changed: [s2]

TASK [run vtysh to import vxlan config from /work/netlab_cicd/node_files/s2/vxlan] ***
skipping: [s2]

TASK [Figure out whether to deploy the module evpn on current device] **********
ok: [s2]
ok: [dut]

TASK [Find configuration template for evpn] ************************************
ok: [s2]
ok: [dut]

TASK [fail] ********************************************************************
skipping: [dut]
skipping: [s2]

TASK [Find configuration deployment deploy_script for evpn] ********************
ok: [s2]
ok: [dut]

TASK [Print deployed configuration when running in verbose mode] ***************
ok: [s2] => {
    "msg": "evpn configuration for s2\n=========================================\n#!/bin/bash\n#\nset -e\ncat >/tmp/evpn_config <<CONFIG\nrouter bgp 65000\n address-family l2vpn evpn\n  advertise-all-vni\n  advertise-svi-ip\n  advertise ipv4 unicast\n\n! Configure explicit Route Targets and RD per L2 VNI; auto-derived differs\n  vni 1001\n   rd 10.0.0.6:1001\n   route-target import 65000:1001\n   route-target export 65000:1001\n  exit-vni\n\n  neighbor 10.0.0.5 activate\n#  neighbor 10.0.0.5 soft-reconfiguration inbound\n\n exit-address-family\n!\n \nexit\n\n! L3 VRF EVPN handling\n!\ndo write\nCONFIG\nvtysh -f /tmp/evpn_config\nvtysh -c 'clear bgp *'\n"
}
ok: [dut] => {
    "msg": "evpn configuration for dut\n=========================================\n!\nrouter bgp 65000\n address-family evpn\n!\n  neighbor 10.0.0.6 activate\n!\n vlan 1000\n  rd 10.0.0.5:1000\n  route-target import 65000:1000\n  route-target export 65000:1000\n  redistribute learned\n!\n vlan 1001\n  rd 10.0.0.5:1001\n  route-target import 65000:1001\n  route-target export 65000:1001\n  redistribute learned\n"
}

TASK [Deploy evpn configuration] ***********************************************
included: /home/pipi/netlab_gh/netsim/ansible/tasks/deploy-config/eos.yml for dut
included: /home/pipi/netlab_gh/netsim/ansible/tasks/deploy-config/frr.yml for s2

TASK [eos_config: deploying evpn from /work/netlab_cicd/node_files/dut/evpn] ***
changed: [dut]

TASK [template] ****************************************************************
changed: [s2]

TASK [set_fact] ****************************************************************
ok: [s2]

TASK [run /tmp/config.sh to deploy evpn config from /work/netlab_cicd/node_files/s2/evpn] ***
changed: [s2]

TASK [run vtysh to import evpn config from /work/netlab_cicd/node_files/s2/evpn] ***
skipping: [s2]

PLAY [Deploy custom deployment templates] **************************************
skipping: no hosts matched

PLAY RECAP *********************************************************************
dut                        : ok=59   changed=7    unreachable=0    failed=0    skipped=13   rescued=0    ignored=0   
s2                         : ok=65   changed=13   unreachable=0    failed=0    skipped=23   rescued=0    ignored=0   

Results of configuration script deployments
================================================================================
h1                           OK: 2   
h2                           OK: 2   
h3                           OK: 2   
h4                           OK: 2   


The device under test is an EVPN PE-device bridging two VLANs over VXLAN. The
other EVPN PE-device is an FRR container.

Both VLANs are using the same IP prefix to identify potential inter-VLAN
leaking.

* h1 and h2 should be able to ping each other
* h3 and h4 should be able to ping each other
* h1 should not be able to reach h3 or h4

Please note it might take a while for the lab to work due to STP learning
phase

