19:13:41 INFO Containerlab started version=0.72.0
19:13:41 INFO Parsing & checking topology file=clab.yml
19:13:41 INFO Removing directory path=/work/netlab_cicd/clab-ml-17
19:13:41 INFO Creating docker network name=nl_mgmt_17 IPv4 subnet=192.168.17.0/24 IPv6 subnet="" MTU=0
19:13:41 INFO Creating lab directory path=/work/netlab_cicd/clab-ml-17
19:13:41 INFO Creating container name=h2
19:13:41 INFO Creating container name=s2
19:13:41 INFO Creating container name=h4
19:13:41 INFO Creating container name=h3
19:13:41 INFO Creating container name=h1
19:13:41 INFO Creating container name=dut
19:13:41 INFO Created link: h1:eth1 ▪┄┄▪ dut:et2
19:13:41 INFO Created link: dut:et1 ▪┄┄▪ s2:eth1
19:13:41 INFO Created link: h2:eth1 ▪┄┄▪ s2:eth2
19:13:41 INFO Created link: h3:eth1 ▪┄┄▪ dut:et3
19:13:41 INFO Running postdeploy actions for Arista cEOS 'dut' node
19:13:41 INFO Created link: h4:eth1 ▪┄┄▪ s2:eth3
19:13:55 INFO Adding host entries path=/etc/hosts
19:13:55 INFO Adding SSH config for nodes path=/etc/ssh/ssh_config.d/clab-ml-17.conf
[1m╭[0m[1m────────────────[0m[1m┬[0m[1m──────────────────────────────[0m[1m┬[0m[1m─────────[0m[1m┬[0m[1m────────────────[0m[1m╮[0m
[1m│[0m[1m      Name      [0m[1m│[0m[1m          Kind/Image          [0m[1m│[0m[1m  State  [0m[1m│[0m[1m IPv4/6 Address [0m[1m│[0m
[1m├[0m[1m────────────────[0m[1m┼[0m[1m──────────────────────────────[0m[1m┼[0m[1m─────────[0m[1m┼[0m[1m────────────────[0m[1m┤[0m
│ clab-ml-17-dut │ ceos                         │ running │ 192.168.17.105 │
│                │ ceos:4.34.2F                 │         │ N/A            │
├────────────────┼──────────────────────────────┼─────────┼────────────────┤
│ clab-ml-17-h1  │ linux                        │ running │ 192.168.17.101 │
│                │ python:3.13-alpine           │         │ N/A            │
├────────────────┼──────────────────────────────┼─────────┼────────────────┤
│ clab-ml-17-h2  │ linux                        │ running │ 192.168.17.102 │
│                │ python:3.13-alpine           │         │ N/A            │
├────────────────┼──────────────────────────────┼─────────┼────────────────┤
│ clab-ml-17-h3  │ linux                        │ running │ 192.168.17.103 │
│                │ python:3.13-alpine           │         │ N/A            │
├────────────────┼──────────────────────────────┼─────────┼────────────────┤
│ clab-ml-17-h4  │ linux                        │ running │ 192.168.17.104 │
│                │ python:3.13-alpine           │         │ N/A            │
├────────────────┼──────────────────────────────┼─────────┼────────────────┤
│ clab-ml-17-s2  │ linux                        │ running │ 192.168.17.106 │
│                │ quay.io/frrouting/frr:10.5.1 │         │ N/A            │
╰────────────────┴──────────────────────────────┴─────────┴────────────────╯
Using transformed lab topology from snapshot file netlab.snapshot.pickle
Checking virtualization provider installation
OK: clab installed and working correctly
Starting clab nodes
provider clab: executing sudo -E containerlab deploy --reconfigure -t clab.yml

Initial configuration skipped, run 'netlab initial' to configure the devices
