08:28:25 INFO Containerlab started version=0.72.0
08:28:25 INFO Parsing & checking topology file=clab.yml
08:28:25 INFO Removing directory path=/work/netlab_cicd/clab-ml-17
08:28:25 INFO Creating docker network name=nl_mgmt_17 IPv4 subnet=192.168.17.0/24 IPv6 subnet="" MTU=0
08:28:25 INFO Creating lab directory path=/work/netlab_cicd/clab-ml-17
08:28:25 INFO Creating container name=l2
08:28:25 INFO Creating container name=spine
08:28:25 INFO Creating container name=h1
08:28:25 INFO Creating container name=h2
08:28:25 INFO Creating container name=dut
08:28:25 INFO Created link: spine:eth2 ▪┄┄▪ l2:eth1
08:28:26 INFO Created link: l2:eth2 ▪┄┄▪ h2:eth1
08:28:26 INFO Created link: spine:eth1 ▪┄┄▪ dut:et1
08:28:26 INFO Created link: dut:et2 ▪┄┄▪ h1:eth1
08:28:26 INFO Running postdeploy actions for Arista cEOS 'dut' node
08:28:40 INFO Adding host entries path=/etc/hosts
08:28:40 INFO Adding SSH config for nodes path=/etc/ssh/ssh_config.d/clab-ml-17.conf
[1m╭[0m[1m──────────────────[0m[1m┬[0m[1m──────────────────────────────[0m[1m┬[0m[1m─────────[0m[1m┬[0m[1m────────────────[0m[1m╮[0m
[1m│[0m[1m       Name       [0m[1m│[0m[1m          Kind/Image          [0m[1m│[0m[1m  State  [0m[1m│[0m[1m IPv4/6 Address [0m[1m│[0m
[1m├[0m[1m──────────────────[0m[1m┼[0m[1m──────────────────────────────[0m[1m┼[0m[1m─────────[0m[1m┼[0m[1m────────────────[0m[1m┤[0m
│ clab-ml-17-dut   │ ceos                         │ running │ 192.168.17.102 │
│                  │ ceos:4.34.2F                 │         │ N/A            │
├──────────────────┼──────────────────────────────┼─────────┼────────────────┤
│ clab-ml-17-h1    │ linux                        │ running │ 192.168.17.104 │
│                  │ python:3.13-alpine           │         │ N/A            │
├──────────────────┼──────────────────────────────┼─────────┼────────────────┤
│ clab-ml-17-h2    │ linux                        │ running │ 192.168.17.105 │
│                  │ python:3.13-alpine           │         │ N/A            │
├──────────────────┼──────────────────────────────┼─────────┼────────────────┤
│ clab-ml-17-l2    │ linux                        │ running │ 192.168.17.103 │
│                  │ quay.io/frrouting/frr:10.5.1 │         │ N/A            │
├──────────────────┼──────────────────────────────┼─────────┼────────────────┤
│ clab-ml-17-spine │ linux                        │ running │ 192.168.17.101 │
│                  │ quay.io/frrouting/frr:10.5.1 │         │ N/A            │
╰──────────────────┴──────────────────────────────┴─────────┴────────────────╯
Using transformed lab topology from snapshot file netlab.snapshot.pickle
Checking virtualization provider installation
OK: clab installed and working correctly
Starting clab nodes
provider clab: executing sudo -E containerlab deploy --reconfigure -t clab.yml

Initial configuration skipped, run 'netlab initial' to configure the devices
