13:13:41 INFO Containerlab started version=0.72.0
13:13:41 INFO Parsing & checking topology file=clab.yml
13:13:41 INFO Removing directory path=/work/netlab_cicd/clab-ml-17
13:13:41 INFO Creating docker network name=nl_mgmt_17 IPv4 subnet=192.168.17.0/24 IPv6 subnet="" MTU=0
13:13:41 INFO Creating lab directory path=/work/netlab_cicd/clab-ml-17
13:13:41 INFO Creating container name=h1
13:13:41 INFO Creating container name=h2
13:13:41 INFO Creating container name=l2
13:13:41 INFO Creating container name=spine
13:13:41 INFO Creating container name=l1
13:13:42 INFO Created link: l1:et2 ▪┄┄▪ h1:eth1
13:13:42 INFO Running postdeploy actions for Arista cEOS 'l1' node
13:13:42 INFO Created link: spine:et1 ▪┄┄▪ l1:et1
13:13:42 INFO Running postdeploy actions for Arista cEOS 'spine' node
13:13:42 INFO Created link: spine:et2 ▪┄┄▪ l2:eth1
13:13:42 INFO Created link: l2:eth2 ▪┄┄▪ h2:eth1
13:13:58 INFO Executed command node=l2 command="sleep 1" stdout=""
13:13:58 INFO Adding host entries path=/etc/hosts
13:13:58 INFO Adding SSH config for nodes path=/etc/ssh/ssh_config.d/clab-ml-17.conf
[1m╭[0m[1m──────────────────[0m[1m┬[0m[1m──────────────────────────────[0m[1m┬[0m[1m─────────[0m[1m┬[0m[1m────────────────[0m[1m╮[0m
[1m│[0m[1m       Name       [0m[1m│[0m[1m          Kind/Image          [0m[1m│[0m[1m  State  [0m[1m│[0m[1m IPv4/6 Address [0m[1m│[0m
[1m├[0m[1m──────────────────[0m[1m┼[0m[1m──────────────────────────────[0m[1m┼[0m[1m─────────[0m[1m┼[0m[1m────────────────[0m[1m┤[0m
│ clab-ml-17-h1    │ linux                        │ running │ 192.168.17.104 │
│                  │ python:3.13-alpine           │         │ N/A            │
├──────────────────┼──────────────────────────────┼─────────┼────────────────┤
│ clab-ml-17-h2    │ linux                        │ running │ 192.168.17.105 │
│                  │ python:3.13-alpine           │         │ N/A            │
├──────────────────┼──────────────────────────────┼─────────┼────────────────┤
│ clab-ml-17-l1    │ ceos                         │ running │ 192.168.17.102 │
│                  │ ceos:4.35.0.1F               │         │ N/A            │
├──────────────────┼──────────────────────────────┼─────────┼────────────────┤
│ clab-ml-17-l2    │ linux                        │ running │ 192.168.17.103 │
│                  │ quay.io/frrouting/frr:10.5.1 │         │ N/A            │
├──────────────────┼──────────────────────────────┼─────────┼────────────────┤
│ clab-ml-17-spine │ ceos                         │ running │ 192.168.17.101 │
│                  │ ceos:4.35.0.1F               │         │ N/A            │
╰──────────────────┴──────────────────────────────┴─────────┴────────────────╯
Using transformed lab topology from snapshot file netlab.snapshot.pickle
Checking virtualization provider installation
OK: clab installed and working correctly
Starting clab nodes
provider clab: executing sudo -E containerlab deploy --reconfigure -t clab.yml

Initial configuration skipped, run 'netlab initial' to configure the devices
