 [INFO] Creating configuration snippets
[CREATED] ce1: initial,bgp
[CREATED] ce2: initial,bgp
[CREATED] dut: normalize,initial,vlan,ospf,bgp,vrf,vxlan,evpn
[CREATED] s2: initial,vlan,ospf,bgp,vrf,vxlan,evpn
 [INFO] Executing initial configuration for node ce1
 [INFO] Executing initial configuration for node ce2
 [INFO] Executing normalize configuration for node dut
 [INFO] Executing initial configuration for node s2
 [INFO] Executing bgp configuration for node ce1
 [INFO] Executing bgp configuration for node ce2
 [INFO] Executing vlan configuration for node s2
 [INFO] Executing ospf configuration for node s2
 [INFO] Executing bgp configuration for node s2
 [INFO] Executing vrf configuration for node s2
 [INFO] Executing initial configuration for node dut
 [INFO] Executing vxlan configuration for node s2
 [INFO] Executing evpn configuration for node s2
 [INFO] Executing vlan configuration for node dut
 [INFO] Executing ospf configuration for node dut
 [INFO] Executing bgp configuration for node dut
 [INFO] Executing vrf configuration for node dut
 [INFO] Executing vxlan configuration for node dut
 [INFO] Executing evpn configuration for node dut

Results of configuration script deployments
================================================================================
ce1                          OK: 2   
ce2                          OK: 2   
dut                          OK: 8   
s2                           OK: 7   


The devices under test are layer-3 EVPN/VXLAN routers
running BGP with external devices.

External devices should be able to ping each other

