07:59:25 INFO Parsing & checking topology file=clab.yml
07:59:25 INFO Parsing & checking topology file=clab.yml
07:59:25 INFO Destroying lab name=ml_17
07:59:25 INFO Removed container name=clab-ml_17-h1
07:59:25 INFO Removed container name=clab-ml_17-h2
07:59:25 INFO Removed container name=clab-ml_17-l2
07:59:26 INFO Removed container name=clab-ml_17-spine
07:59:26 INFO Removed container name=clab-ml_17-l1
07:59:26 INFO Removing host entries path=/etc/hosts
07:59:26 INFO Removing SSH config path=/etc/ssh/ssh_config.d/clab-ml_17.conf
Checking virtualization provider installation
OK: clab installed and working correctly
Stopping clab nodes
Cleanup configuration files
... removing clab.yml
... removing ansible.cfg
... removing hosts.yml
... removing directory tree group_vars
... removing directory tree host_vars
... removing directory tree node_files
... removing netlab.snapshot.yml
... removing netlab.snapshot.pickle
