Bringing machine 'dut' up with 'libvirt' provider...
Bringing machine 'dut2' up with 'libvirt' provider...
==> dut2: Checking if box 'cisco/csr1000v' version '17.03.04' is up to date...
==> dut: Checking if box 'cisco/csr1000v' version '17.03.04' is up to date...
==> dut: Creating image (snapshot of base box volume).
==> dut2: Creating image (snapshot of base box volume).
==> dut: Creating domain with the following settings...
==> dut2: Creating domain with the following settings...
==> dut:  -- Name:              ml_17_dut
==> dut2:  -- Name:              ml_17_dut2
==> dut:  -- Description:       Source: /work/netlab_cicd/Vagrantfile
==> dut2:  -- Description:       Source: /work/netlab_cicd/Vagrantfile
==> dut:  -- Domain type:       kvm
==> dut2:  -- Domain type:       kvm
==> dut:  -- Cpus:              2
==> dut2:  -- Cpus:              2
==> dut:  -- Feature:           acpi
==> dut2:  -- Feature:           acpi
==> dut:  -- Feature:           apic
==> dut2:  -- Feature:           apic
==> dut:  -- Feature:           pae
==> dut2:  -- Feature:           pae
==> dut:  -- Clock offset:      utc
==> dut2:  -- Clock offset:      utc
==> dut:  -- Memory:            4096M
==> dut2:  -- Memory:            4096M
==> dut:  -- Management MAC:    08:4f:a9:00:00:01
==> dut2:  -- Management MAC:    08:4f:a9:00:00:02
==> dut:  -- Base box:          cisco/csr1000v
==> dut2:  -- Base box:          cisco/csr1000v
==> dut:  -- Storage pool:      default
==> dut2:  -- Storage pool:      default
==> dut:  -- Image(vda):        /var/lib/libvirt/images/ml_17_dut.img, virtio, 8G
==> dut2:  -- Image(vda):        /var/lib/libvirt/images/ml_17_dut2.img, virtio, 8G
==> dut:  -- Disk driver opts:  cache='default'
==> dut2:  -- Disk driver opts:  cache='default'
==> dut:  -- Graphics Type:     vnc
==> dut2:  -- Graphics Type:     vnc
==> dut:  -- Video Type:        cirrus
==> dut2:  -- Video Type:        cirrus
==> dut:  -- Video VRAM:        16384
==> dut2:  -- Video VRAM:        16384
==> dut:  -- Video 3D accel:    false
==> dut2:  -- Video 3D accel:    false
==> dut:  -- Keymap:            en-us
==> dut2:  -- Keymap:            en-us
==> dut:  -- TPM Backend:       passthrough
==> dut2:  -- TPM Backend:       passthrough
==> dut:  -- INPUT:             type=mouse, bus=ps2
==> dut2:  -- INPUT:             type=mouse, bus=ps2
==> dut: Creating shared folders metadata...
==> dut2: Creating shared folders metadata...
==> dut2: Starting domain.
==> dut: Starting domain.
==> dut2: Domain launching with graphics connection settings...
==> dut: Domain launching with graphics connection settings...
==> dut2:  -- Graphics Port:      5900
==> dut:  -- Graphics Port:      5901
==> dut2:  -- Graphics IP:        127.0.0.1
==> dut:  -- Graphics IP:        127.0.0.1
==> dut2:  -- Graphics Password:  Not defined
==> dut2:  -- Graphics Websocket: 5700
==> dut:  -- Graphics Password:  Not defined
==> dut:  -- Graphics Websocket: 5701
==> dut2: Waiting for domain to get an IP address...
==> dut: Waiting for domain to get an IP address...
==> dut2: Waiting for machine to boot. This may take a few minutes...
    dut2: SSH address: 192.168.17.102:22
    dut2: SSH username: vagrant
    dut2: SSH auth method: private key
==> dut: Waiting for machine to boot. This may take a few minutes...
    dut: SSH address: 192.168.17.101:22
    dut: SSH username: vagrant
    dut: SSH auth method: private key
==> dut2: Machine booted and ready!
==> dut: Machine booted and ready!
Using transformed lab topology from snapshot file netlab.snapshot.yml
Checking virtualization provider installation
OK: libvirt installed and working correctly
OK: clab installed and working correctly
Starting libvirt nodes
creating libvirt management network nl_mgmt_17
provider libvirt: executing vagrant up --provider libvirt
Starting clab nodes
Recreating clab-augment.yml configuration file for clab provider
time="2024-08-17T13:06:17Z" level=info msg="Containerlab v0.54.2 started"
time="2024-08-17T13:06:17Z" level=info msg="Parsing & checking topology file: clab-augment.yml"
time="2024-08-17T13:06:17Z" level=info msg="Creating docker network: Name=\"nl_mgmt_17\", IPv4Subnet=\"192.168.17.0/24\", IPv6Subnet=\"\", MTU=1500"
time="2024-08-17T13:06:17Z" level=info msg="Creating lab directory: /work/netlab_cicd/clab-ml_17"
time="2024-08-17T13:06:17Z" level=info msg="Creating container: \"x2\""
time="2024-08-17T13:06:17Z" level=info msg="Creating container: \"x1\""
time="2024-08-17T13:06:17Z" level=info msg="Created link: x2:eth1 <--> virbr2:ml_17_4_1"
time="2024-08-17T13:06:17Z" level=info msg="Created link: x1:eth1 <--> virbr1:ml_17_3_1"
time="2024-08-17T13:06:17Z" level=info msg="Adding containerlab host entries to /etc/hosts file"
time="2024-08-17T13:06:17Z" level=info msg="Adding ssh config for containerlab nodes"
time="2024-08-17T13:06:17Z" level=info msg="🎉 New containerlab version 0.56.0 is available! Release notes: https://containerlab.dev/rn/0.56/\nRun 'containerlab version upgrade' to upgrade or go check other installation options at https://containerlab.dev/install/\n"
+---+---------------+--------------+------------------------------+-------+---------+-------------------+--------------+
| # |     Name      | Container ID |            Image             | Kind  |  State  |   IPv4 Address    | IPv6 Address |
+---+---------------+--------------+------------------------------+-------+---------+-------------------+--------------+
| 1 | clab-ml_17-x1 | 13c233c8335b | quay.io/frrouting/frr:10.0.1 | linux | running | 192.168.17.103/24 | N/A          |
| 2 | clab-ml_17-x2 | 182462ce3e19 | quay.io/frrouting/frr:10.0.1 | linux | running | 192.168.17.104/24 | N/A          |
+---+---------------+--------------+------------------------------+-------+---------+-------------------+--------------+
Created provider configuration file: clab-augment.yml
Mapped clab_files/x1/daemons to x1:/etc/frr/daemons (from templates/provider/clab/frr/daemons.j2)
Mapped clab_files/x1/hosts to x1:/etc/hosts (from templates/provider/clab/frr/hosts.j2)
Mapped clab_files/x2/daemons to x2:/etc/frr/daemons (from templates/provider/clab/frr/daemons.j2)
Mapped clab_files/x2/hosts to x2:/etc/hosts (from templates/provider/clab/frr/hosts.j2)
provider clab: executing sudo -E containerlab deploy -t clab-augment.yml

Initial configuration skipped, run 'netlab initial' to configure the devices
