14:10:38 INFO Parsing & checking topology file=clab-augment.yml
14:10:38 INFO Parsing & checking topology file=clab-augment.yml
14:10:38 INFO Destroying lab name=ml_30
14:10:38 INFO Removed container name=clab-ml_30-x1
14:10:39 INFO Removed container name=clab-ml_30-r3
14:10:39 INFO Removed container name=clab-ml_30-x2
14:10:39 INFO Removed container name=clab-ml_30-r2
14:10:39 INFO Removing host entries path=/etc/hosts
14:10:39 INFO Removing SSH config path=/etc/ssh/ssh_config.d/clab-ml_30.conf
[fog][WARNING] Unrecognized arguments: libvirt_ip_command
==> dut: Removing domain...
==> dut: Deleting the machine folder
Checking virtualization provider installation
OK: libvirt installed and working correctly
OK: clab installed and working correctly
Stopping clab nodes

Stopping libvirt nodes
Cleanup configuration files
... removing Vagrantfile
... removing directory tree .vagrant
... removing directory tree clab_files
... removing clab-augment.yml
... removing ansible.cfg
... removing hosts.yml
... removing directory tree group_vars
... removing directory tree host_vars
... removing netlab.snapshot.yml
