Warning in ansible: You're using Ansible version 12.x or higher; netlab might not work correctly
... Ansible core version 2.19 introduced breaking changes in templates and playbooks
... We tested netlab core with Ansible version 12.x but not every device template
... You might want to downgrade Ansible to version 11.10 or lower.
... Use 'netlab install ansible' on Ubuntu to do that
... Finally, please open a GitHub issue if you experience errors/crashes
... Set defaults.ansible.warnings.ver12 to False to hide this warning
 [INFO] Checking for updates in configuration templates
 [INFO] Creating configuration snippets
[WARNING]: Could not match supplied host pattern, ignoring: unprovisioned
[WARNING]: Found variable using reserved name 'hosts'.
Origin: /work/netlab_cicd/group_vars/all/topology.yml:160:1

158     ipv4: 10.2.0.0/24
159     prefix: 32
160 hosts:
    ^ column 1


PLAY [Deploy initial device configuration] *************************************

TASK [Set variables that cannot be set with VARS] ******************************
ok: [r1]
ok: [r2]
ok: [r3]
ok: [r4]
ok: [dut]

TASK [Generic readiness tests] *************************************************
skipping: [r1]
skipping: [r2]
skipping: [r3]
skipping: [r4]
included: /home/pipi/netlab_gh/netsim/ansible/tasks/readiness-check/ssh.yml for dut => (item=ssh)

TASK [Check if 'sshpass' is installed] *****************************************
ok: [dut -> localhost]

TASK [Check for 'timeout' command] *********************************************
ok: [dut -> localhost]

TASK [Execute local ssh command to check ssh readiness] ************************
FAILED - RETRYING: [dut -> localhost]: Execute local ssh command to check ssh readiness (50 retries left).
FAILED - RETRYING: [dut -> localhost]: Execute local ssh command to check ssh readiness (49 retries left).
FAILED - RETRYING: [dut -> localhost]: Execute local ssh command to check ssh readiness (48 retries left).
FAILED - RETRYING: [dut -> localhost]: Execute local ssh command to check ssh readiness (47 retries left).
FAILED - RETRYING: [dut -> localhost]: Execute local ssh command to check ssh readiness (46 retries left).
FAILED - RETRYING: [dut -> localhost]: Execute local ssh command to check ssh readiness (45 retries left).
FAILED - RETRYING: [dut -> localhost]: Execute local ssh command to check ssh readiness (44 retries left).
FAILED - RETRYING: [dut -> localhost]: Execute local ssh command to check ssh readiness (43 retries left).
FAILED - RETRYING: [dut -> localhost]: Execute local ssh command to check ssh readiness (42 retries left).
FAILED - RETRYING: [dut -> localhost]: Execute local ssh command to check ssh readiness (41 retries left).
FAILED - RETRYING: [dut -> localhost]: Execute local ssh command to check ssh readiness (40 retries left).
FAILED - RETRYING: [dut -> localhost]: Execute local ssh command to check ssh readiness (39 retries left).
FAILED - RETRYING: [dut -> localhost]: Execute local ssh command to check ssh readiness (38 retries left).
FAILED - RETRYING: [dut -> localhost]: Execute local ssh command to check ssh readiness (37 retries left).
FAILED - RETRYING: [dut -> localhost]: Execute local ssh command to check ssh readiness (36 retries left).
FAILED - RETRYING: [dut -> localhost]: Execute local ssh command to check ssh readiness (35 retries left).
FAILED - RETRYING: [dut -> localhost]: Execute local ssh command to check ssh readiness (34 retries left).
FAILED - RETRYING: [dut -> localhost]: Execute local ssh command to check ssh readiness (33 retries left).
FAILED - RETRYING: [dut -> localhost]: Execute local ssh command to check ssh readiness (32 retries left).
ok: [dut -> localhost]

TASK [Confirm dut SSH server works] ********************************************
ok: [dut] => {
    "msg": "Node dut is ready."
}

TASK [Find device readiness script] ********************************************
ok: [r1]
ok: [r2]
ok: [r3]
ok: [r4]
ok: [dut]

TASK [Wait for device to become ready] *****************************************
skipping: [dut]
skipping: [r1]
skipping: [r2]
skipping: [r3]
skipping: [r4]

TASK [Normalize config on bridge-like devices] *********************************
included: /home/pipi/netlab_gh/netsim/ansible/tasks/deploy-module.yml for dut
included: /home/pipi/netlab_gh/netsim/ansible/tasks/deploy-module.yml for r1
included: /home/pipi/netlab_gh/netsim/ansible/tasks/deploy-module.yml for r2
included: /home/pipi/netlab_gh/netsim/ansible/tasks/deploy-module.yml for r3
included: /home/pipi/netlab_gh/netsim/ansible/tasks/deploy-module.yml for r4

TASK [Figure out whether to deploy the module normalize on current device] *****
ok: [dut]

TASK [Find configuration template for normalize] *******************************
ok: [dut]

TASK [fail] ********************************************************************
skipping: [dut]

TASK [Find configuration deployment deploy_script for normalize] ***************
ok: [dut]

TASK [Print deployed configuration when running in verbose mode] ***************
skipping: [dut]

TASK [Deploy normalize configuration] ******************************************
skipping: [dut]

TASK [Figure out whether to deploy the module normalize on current device] *****
ok: [r1]

TASK [Find configuration template for normalize] *******************************
ok: [r1]

TASK [fail] ********************************************************************
skipping: [r1]

TASK [Find configuration deployment deploy_script for normalize] ***************
ok: [r1]

TASK [Print deployed configuration when running in verbose mode] ***************
skipping: [r1]

TASK [Deploy normalize configuration] ******************************************
skipping: [r1]

TASK [Figure out whether to deploy the module normalize on current device] *****
ok: [r2]

TASK [Find configuration template for normalize] *******************************
ok: [r2]

TASK [fail] ********************************************************************
skipping: [r2]

TASK [Find configuration deployment deploy_script for normalize] ***************
ok: [r2]

TASK [Print deployed configuration when running in verbose mode] ***************
skipping: [r2]

TASK [Deploy normalize configuration] ******************************************
skipping: [r2]

TASK [Figure out whether to deploy the module normalize on current device] *****
ok: [r3]

TASK [Find configuration template for normalize] *******************************
ok: [r3]

TASK [fail] ********************************************************************
skipping: [r3]

TASK [Find configuration deployment deploy_script for normalize] ***************
ok: [r3]

TASK [Print deployed configuration when running in verbose mode] ***************
skipping: [r3]

TASK [Deploy normalize configuration] ******************************************
skipping: [r3]

TASK [Figure out whether to deploy the module normalize on current device] *****
ok: [r4]

TASK [Find configuration template for normalize] *******************************
ok: [r4]

TASK [fail] ********************************************************************
skipping: [r4]

TASK [Find configuration deployment deploy_script for normalize] ***************
ok: [r4]

TASK [Print deployed configuration when running in verbose mode] ***************
skipping: [r4]

TASK [Deploy normalize configuration] ******************************************
skipping: [r4]

TASK [Deploy initial configuration] ********************************************
included: /home/pipi/netlab_gh/netsim/ansible/tasks/deploy-module.yml for dut
included: /home/pipi/netlab_gh/netsim/ansible/tasks/deploy-module.yml for r1
included: /home/pipi/netlab_gh/netsim/ansible/tasks/deploy-module.yml for r2
included: /home/pipi/netlab_gh/netsim/ansible/tasks/deploy-module.yml for r3
included: /home/pipi/netlab_gh/netsim/ansible/tasks/deploy-module.yml for r4

TASK [Figure out whether to deploy the module initial on current device] *******
ok: [dut]

TASK [Find configuration template for initial] *********************************
ok: [dut]

TASK [fail] ********************************************************************
skipping: [dut]

TASK [Find configuration deployment deploy_script for initial] *****************
ok: [dut]

TASK [Print deployed configuration when running in verbose mode] ***************
ok: [dut] => {
    "msg": "initial configuration for dut\n=========================================\nhostname dut\n!\ndomain lookup disable\n!\nlldp\n no management enable\n!\ndomain ipv4 host r1 10.0.0.2\ndomain ipv4 host r2 10.0.0.3\ndomain ipv4 host r3 10.0.0.4\ndomain ipv4 host r4 10.0.0.5\ndomain ipv6 host r1 2001:db8:1:2::1\ndomain ipv6 host r2 2001:db8:1:3::1\ndomain ipv6 host r3 2001:db8:1:4::1\ndomain ipv6 host r4 2001:db8:1:5::1\n!\ninterface Loopback0\n no shutdown\n ipv4 address 10.0.0.1 255.255.255.255\n ipv6 address 2001:db8:1:1::1/64\n!\ninterface FourHundredGigE0/0/0/0\n no shutdown\n description dut -> r1\n ipv4 address 10.1.0.1 255.255.255.252\n ipv6 address 2001:db8:3::1/64\n ipv6 nd ra-interval 5\n!\ninterface FourHundredGigE0/0/0/1\n no shutdown\n description dut -> r2 [external]\n ipv4 address 10.1.0.5 255.255.255.252\n ipv6 address 2001:db8:3:1::1/64\n ipv6 nd ra-interval 5\n!\ninterface FourHundredGigE0/0/0/2\n no shutdown\n description dut -> r3\n ipv4 address 10.1.0.9 255.255.255.252\n ipv6 address 2001:db8:3:2::1/64\n ipv6 nd ra-interval 5\n!\ninterface FourHundredGigE0/0/0/3\n no shutdown\n description dut -> r4 [external]\n ipv4 address 10.1.0.13 255.255.255.252\n ipv6 address 2001:db8:3:3::1/64\n ipv6 nd ra-interval 5\n!\n"
}

TASK [Deploy initial configuration] ********************************************
included: /home/pipi/netlab_gh/netsim/ansible/tasks/deploy-config/iosxr.yml for dut

TASK [iosxr_config: deploying initial from /work/netlab_cicd/node_files/dut/initial] ***
[WARNING]: To ensure idempotency and correct diff the input configuration lines should be similar to how they appear if present in the running configuration on device including the indentation
changed: [dut]

TASK [Figure out whether to deploy the module initial on current device] *******
ok: [r1]

TASK [Find configuration template for initial] *********************************
ok: [r1]

TASK [fail] ********************************************************************
skipping: [r1]

TASK [Find configuration deployment deploy_script for initial] *****************
ok: [r1]

TASK [Print deployed configuration when running in verbose mode] ***************
ok: [r1] => {
    "msg": "initial configuration for r1\n=========================================\n#!/bin/bash\n#\nset -e\nset -x\n#\n# Create bash profile script\n#\ncat <<SCRIPT >/root/.bash_profile\n#!/bin/bash\n#\nexport PS1=\"\\h(bash)# \"\necho\necho \"Use vtysh to connect to FRR daemon\"\necho\nSCRIPT\n#\n# This is an artifact of unknown provenance that should be removed in a year or two (= 2026/2027)\n#\n# FRR controls these parameters with 'ip forwarding' and 'ipv6 forwarding' commands\n#\nsysctl -w net.ipv4.ip_forward=1\nsysctl -w net.ipv6.conf.all.forwarding=1\n#\n#\n# Get the current next hop for the default route\n#\ndef_nh=$(ip route list default|awk '{ print $3 }')\n#\n# Create the management VRF and add eth0 to it\n#\nif [ ! -e /sys/devices/virtual/net/mgmt ]; then\n  ip link add mgmt type vrf table 42\nfi\nip link set mgmt up\nsysctl -qw net.ipv6.conf.eth0.keep_addr_on_down=1\nip link set eth0 master mgmt\n#\n# Reinstall the default route if we had it before\n#\nif [[ -n \"$def_nh\" ]]; then\n  ip route add 0.0.0.0/0 vrf mgmt via $def_nh\nfi\n#\n# Enable FRR modules (if not using containerlab bind-mounted /etc/frr/daemons)\n#\n\n# Set system defaults\n#\n# Send ARP requests from a sane source IP address\n#\nsysctl -w net.ipv4.conf.all.arp_announce=2\n\n#\n# Create loopbacks, stub and lag/bond devices\n#\nif [ ! -e /sys/class/net/lo ]; then\n  if [ ! -e /sys/devices/virtual/net/lo ]; then\n    ip link add lo type dummy\n    ip link set dev lo up\n  fi\nfi\n\n# Disable IPv6 (for IPv4-only interfaces) or SLAAC (if the device is a router)\n#\nip link set eth1 down\nsysctl -qw net.ipv6.conf.eth1.autoconf=0\nsysctl -qw net.ipv6.conf.eth1.accept_ra=0\nip link set dev eth1 mtu 1500\nip link set eth1 up\n\n#\n# Add vtysh.conf file\necho \"service integrated-vtysh-config\" >/etc/frr/vtysh.conf\n\n#\n# Rest of initial configuration done through VTYSH\n#\ncat >/tmp/config <<CONFIG\nhostname r1\n!\nlog file /tmp/logging\n\n!\nip forwarding\nipv6 forwarding\nvrf mgmt\n exit-vrf\n!\nfrr defaults datacenter\n!\ninterface lo\n no shutdown\n ip address 10.0.0.2/32\n ipv6 address 2001:db8:1:2::1/64\n!\ninterface eth1\n no shutdown\n description r1 -> dut\n ip address 10.1.0.2/30\n ipv6 address 2001:db8:3::2/64\n ipv6 nd ra-interval 5\n no ipv6 nd suppress-ra\n!\ndo write\nCONFIG\nvtysh -f /tmp/config\n!\nexit 0\n"
}

TASK [Deploy initial configuration] ********************************************
included: /home/pipi/netlab_gh/netsim/ansible/tasks/frr/initial-clab.yml for r1

TASK [Attempt to load VRF kernel module] ***************************************
changed: [r1 -> localhost]

TASK [Disable FRR management VRF when modprobe fails] **************************
skipping: [r1]

TASK [include_tasks] ***********************************************************
included: /home/pipi/netlab_gh/netsim/ansible/tasks/frr/deploy-config.yml for r1

TASK [template] ****************************************************************
changed: [r1]

TASK [set_fact] ****************************************************************
ok: [r1]

TASK [run /tmp/config.sh to deploy initial config from /work/netlab_cicd/node_files/r1/initial] ***
changed: [r1]

TASK [run vtysh to import initial config from /work/netlab_cicd/node_files/r1/initial] ***
skipping: [r1]

TASK [Figure out whether to deploy the module initial on current device] *******
ok: [r2]

TASK [Find configuration template for initial] *********************************
ok: [r2]

TASK [fail] ********************************************************************
skipping: [r2]

TASK [Find configuration deployment deploy_script for initial] *****************
ok: [r2]

TASK [Print deployed configuration when running in verbose mode] ***************
ok: [r2] => {
    "msg": "initial configuration for r2\n=========================================\n#!/bin/bash\n#\nset -e\nset -x\n#\n# Create bash profile script\n#\ncat <<SCRIPT >/root/.bash_profile\n#!/bin/bash\n#\nexport PS1=\"\\h(bash)# \"\necho\necho \"Use vtysh to connect to FRR daemon\"\necho\nSCRIPT\n#\n# This is an artifact of unknown provenance that should be removed in a year or two (= 2026/2027)\n#\n# FRR controls these parameters with 'ip forwarding' and 'ipv6 forwarding' commands\n#\nsysctl -w net.ipv4.ip_forward=1\nsysctl -w net.ipv6.conf.all.forwarding=1\n#\n#\n# Get the current next hop for the default route\n#\ndef_nh=$(ip route list default|awk '{ print $3 }')\n#\n# Create the management VRF and add eth0 to it\n#\nif [ ! -e /sys/devices/virtual/net/mgmt ]; then\n  ip link add mgmt type vrf table 42\nfi\nip link set mgmt up\nsysctl -qw net.ipv6.conf.eth0.keep_addr_on_down=1\nip link set eth0 master mgmt\n#\n# Reinstall the default route if we had it before\n#\nif [[ -n \"$def_nh\" ]]; then\n  ip route add 0.0.0.0/0 vrf mgmt via $def_nh\nfi\n#\n# Enable FRR modules (if not using containerlab bind-mounted /etc/frr/daemons)\n#\n\n# Set system defaults\n#\n# Send ARP requests from a sane source IP address\n#\nsysctl -w net.ipv4.conf.all.arp_announce=2\n\n#\n# Create loopbacks, stub and lag/bond devices\n#\nif [ ! -e /sys/class/net/lo ]; then\n  if [ ! -e /sys/devices/virtual/net/lo ]; then\n    ip link add lo type dummy\n    ip link set dev lo up\n  fi\nfi\n\n# Disable IPv6 (for IPv4-only interfaces) or SLAAC (if the device is a router)\n#\nip link set eth1 down\nsysctl -qw net.ipv6.conf.eth1.autoconf=0\nsysctl -qw net.ipv6.conf.eth1.accept_ra=0\nip link set dev eth1 mtu 1500\nip link set eth1 up\n\n#\n# Add vtysh.conf file\necho \"service integrated-vtysh-config\" >/etc/frr/vtysh.conf\n\n#\n# Rest of initial configuration done through VTYSH\n#\ncat >/tmp/config <<CONFIG\nhostname r2\n!\nlog file /tmp/logging\n\n!\nip forwarding\nipv6 forwarding\nvrf mgmt\n exit-vrf\n!\nfrr defaults datacenter\n!\ninterface lo\n no shutdown\n ip address 10.0.0.3/32\n ipv6 address 2001:db8:1:3::1/64\n!\ninterface eth1\n no shutdown\n description r2 -> dut [external]\n ip address 10.1.0.6/30\n ipv6 address 2001:db8:3:1::2/64\n ipv6 nd ra-interval 5\n no ipv6 nd suppress-ra\n!\ndo write\nCONFIG\nvtysh -f /tmp/config\n!\nexit 0\n"
}

TASK [Deploy initial configuration] ********************************************
included: /home/pipi/netlab_gh/netsim/ansible/tasks/frr/initial-clab.yml for r2

TASK [Attempt to load VRF kernel module] ***************************************
changed: [r2 -> localhost]

TASK [Disable FRR management VRF when modprobe fails] **************************
skipping: [r2]

TASK [include_tasks] ***********************************************************
included: /home/pipi/netlab_gh/netsim/ansible/tasks/frr/deploy-config.yml for r2

TASK [template] ****************************************************************
changed: [r2]

TASK [set_fact] ****************************************************************
ok: [r2]

TASK [run /tmp/config.sh to deploy initial config from /work/netlab_cicd/node_files/r2/initial] ***
changed: [r2]

TASK [run vtysh to import initial config from /work/netlab_cicd/node_files/r2/initial] ***
skipping: [r2]

TASK [Figure out whether to deploy the module initial on current device] *******
ok: [r3]

TASK [Find configuration template for initial] *********************************
ok: [r3]

TASK [fail] ********************************************************************
skipping: [r3]

TASK [Find configuration deployment deploy_script for initial] *****************
ok: [r3]

TASK [Print deployed configuration when running in verbose mode] ***************
ok: [r3] => {
    "msg": "initial configuration for r3\n=========================================\n#!/bin/bash\n#\nset -e\nset -x\n#\n# Create bash profile script\n#\ncat <<SCRIPT >/root/.bash_profile\n#!/bin/bash\n#\nexport PS1=\"\\h(bash)# \"\necho\necho \"Use vtysh to connect to FRR daemon\"\necho\nSCRIPT\n#\n# This is an artifact of unknown provenance that should be removed in a year or two (= 2026/2027)\n#\n# FRR controls these parameters with 'ip forwarding' and 'ipv6 forwarding' commands\n#\nsysctl -w net.ipv4.ip_forward=1\nsysctl -w net.ipv6.conf.all.forwarding=1\n#\n#\n# Get the current next hop for the default route\n#\ndef_nh=$(ip route list default|awk '{ print $3 }')\n#\n# Create the management VRF and add eth0 to it\n#\nif [ ! -e /sys/devices/virtual/net/mgmt ]; then\n  ip link add mgmt type vrf table 42\nfi\nip link set mgmt up\nsysctl -qw net.ipv6.conf.eth0.keep_addr_on_down=1\nip link set eth0 master mgmt\n#\n# Reinstall the default route if we had it before\n#\nif [[ -n \"$def_nh\" ]]; then\n  ip route add 0.0.0.0/0 vrf mgmt via $def_nh\nfi\n#\n# Enable FRR modules (if not using containerlab bind-mounted /etc/frr/daemons)\n#\n\n# Set system defaults\n#\n# Send ARP requests from a sane source IP address\n#\nsysctl -w net.ipv4.conf.all.arp_announce=2\n\n#\n# Create loopbacks, stub and lag/bond devices\n#\nif [ ! -e /sys/class/net/lo ]; then\n  if [ ! -e /sys/devices/virtual/net/lo ]; then\n    ip link add lo type dummy\n    ip link set dev lo up\n  fi\nfi\n\n# Disable IPv6 (for IPv4-only interfaces) or SLAAC (if the device is a router)\n#\nip link set eth1 down\nsysctl -qw net.ipv6.conf.eth1.autoconf=0\nsysctl -qw net.ipv6.conf.eth1.accept_ra=0\nip link set dev eth1 mtu 1500\nip link set eth1 up\n\n#\n# Add vtysh.conf file\necho \"service integrated-vtysh-config\" >/etc/frr/vtysh.conf\n\n#\n# Rest of initial configuration done through VTYSH\n#\ncat >/tmp/config <<CONFIG\nhostname r3\n!\nlog file /tmp/logging\n\n!\nip forwarding\nipv6 forwarding\nvrf mgmt\n exit-vrf\n!\nfrr defaults datacenter\n!\ninterface lo\n no shutdown\n ip address 10.0.0.4/32\n ipv6 address 2001:db8:1:4::1/64\n!\ninterface eth1\n no shutdown\n description r3 -> dut\n ip address 10.1.0.10/30\n ipv6 address 2001:db8:3:2::2/64\n ipv6 nd ra-interval 5\n no ipv6 nd suppress-ra\n!\ndo write\nCONFIG\nvtysh -f /tmp/config\n!\nexit 0\n"
}

TASK [Deploy initial configuration] ********************************************
included: /home/pipi/netlab_gh/netsim/ansible/tasks/frr/initial-clab.yml for r3

TASK [Attempt to load VRF kernel module] ***************************************
changed: [r3 -> localhost]

TASK [Disable FRR management VRF when modprobe fails] **************************
skipping: [r3]

TASK [include_tasks] ***********************************************************
included: /home/pipi/netlab_gh/netsim/ansible/tasks/frr/deploy-config.yml for r3

TASK [template] ****************************************************************
changed: [r3]

TASK [set_fact] ****************************************************************
ok: [r3]

TASK [run /tmp/config.sh to deploy initial config from /work/netlab_cicd/node_files/r3/initial] ***
changed: [r3]

TASK [run vtysh to import initial config from /work/netlab_cicd/node_files/r3/initial] ***
skipping: [r3]

TASK [Figure out whether to deploy the module initial on current device] *******
ok: [r4]

TASK [Find configuration template for initial] *********************************
ok: [r4]

TASK [fail] ********************************************************************
skipping: [r4]

TASK [Find configuration deployment deploy_script for initial] *****************
ok: [r4]

TASK [Print deployed configuration when running in verbose mode] ***************
ok: [r4] => {
    "msg": "initial configuration for r4\n=========================================\n#!/bin/bash\n#\nset -e\nset -x\n#\n# Create bash profile script\n#\ncat <<SCRIPT >/root/.bash_profile\n#!/bin/bash\n#\nexport PS1=\"\\h(bash)# \"\necho\necho \"Use vtysh to connect to FRR daemon\"\necho\nSCRIPT\n#\n# This is an artifact of unknown provenance that should be removed in a year or two (= 2026/2027)\n#\n# FRR controls these parameters with 'ip forwarding' and 'ipv6 forwarding' commands\n#\nsysctl -w net.ipv4.ip_forward=1\nsysctl -w net.ipv6.conf.all.forwarding=1\n#\n#\n# Get the current next hop for the default route\n#\ndef_nh=$(ip route list default|awk '{ print $3 }')\n#\n# Create the management VRF and add eth0 to it\n#\nif [ ! -e /sys/devices/virtual/net/mgmt ]; then\n  ip link add mgmt type vrf table 42\nfi\nip link set mgmt up\nsysctl -qw net.ipv6.conf.eth0.keep_addr_on_down=1\nip link set eth0 master mgmt\n#\n# Reinstall the default route if we had it before\n#\nif [[ -n \"$def_nh\" ]]; then\n  ip route add 0.0.0.0/0 vrf mgmt via $def_nh\nfi\n#\n# Enable FRR modules (if not using containerlab bind-mounted /etc/frr/daemons)\n#\n\n# Set system defaults\n#\n# Send ARP requests from a sane source IP address\n#\nsysctl -w net.ipv4.conf.all.arp_announce=2\n\n#\n# Create loopbacks, stub and lag/bond devices\n#\nif [ ! -e /sys/class/net/lo ]; then\n  if [ ! -e /sys/devices/virtual/net/lo ]; then\n    ip link add lo type dummy\n    ip link set dev lo up\n  fi\nfi\n\n# Disable IPv6 (for IPv4-only interfaces) or SLAAC (if the device is a router)\n#\nip link set eth1 down\nsysctl -qw net.ipv6.conf.eth1.autoconf=0\nsysctl -qw net.ipv6.conf.eth1.accept_ra=0\nip link set dev eth1 mtu 1500\nip link set eth1 up\n\n#\n# Add vtysh.conf file\necho \"service integrated-vtysh-config\" >/etc/frr/vtysh.conf\n\n#\n# Rest of initial configuration done through VTYSH\n#\ncat >/tmp/config <<CONFIG\nhostname r4\n!\nlog file /tmp/logging\n\n!\nip forwarding\nipv6 forwarding\nvrf mgmt\n exit-vrf\n!\nfrr defaults datacenter\n!\ninterface lo\n no shutdown\n ip address 10.0.0.5/32\n ipv6 address 2001:db8:1:5::1/64\n!\ninterface eth1\n no shutdown\n description r4 -> dut [external]\n ip address 10.1.0.14/30\n ipv6 address 2001:db8:3:3::2/64\n ipv6 nd ra-interval 5\n no ipv6 nd suppress-ra\n!\ndo write\nCONFIG\nvtysh -f /tmp/config\n!\nexit 0\n"
}

TASK [Deploy initial configuration] ********************************************
included: /home/pipi/netlab_gh/netsim/ansible/tasks/frr/initial-clab.yml for r4

TASK [Attempt to load VRF kernel module] ***************************************
changed: [r4 -> localhost]

TASK [Disable FRR management VRF when modprobe fails] **************************
skipping: [r4]

TASK [include_tasks] ***********************************************************
included: /home/pipi/netlab_gh/netsim/ansible/tasks/frr/deploy-config.yml for r4

TASK [template] ****************************************************************
changed: [r4]

TASK [set_fact] ****************************************************************
ok: [r4]

TASK [run /tmp/config.sh to deploy initial config from /work/netlab_cicd/node_files/r4/initial] ***
changed: [r4]

TASK [run vtysh to import initial config from /work/netlab_cicd/node_files/r4/initial] ***
skipping: [r4]

PLAY [Deploy module-specific configurations] ***********************************

TASK [Set variables that cannot be set with VARS] ******************************
ok: [r1]
ok: [r2]
ok: [r3]
ok: [r4]
ok: [dut]

TASK [Deploy individual configuration modules] *********************************
included: /home/pipi/netlab_gh/netsim/ansible/tasks/deploy-module.yml for dut => (item=isis)
included: /home/pipi/netlab_gh/netsim/ansible/tasks/deploy-module.yml for dut => (item=bgp)
included: /home/pipi/netlab_gh/netsim/ansible/tasks/deploy-module.yml for dut => (item=vrf)
included: /home/pipi/netlab_gh/netsim/ansible/tasks/deploy-module.yml for r1 => (item=isis)
included: /home/pipi/netlab_gh/netsim/ansible/tasks/deploy-module.yml for r1 => (item=bgp)
included: /home/pipi/netlab_gh/netsim/ansible/tasks/deploy-module.yml for r1 => (item=vrf)
included: /home/pipi/netlab_gh/netsim/ansible/tasks/deploy-module.yml for r2 => (item=isis)
included: /home/pipi/netlab_gh/netsim/ansible/tasks/deploy-module.yml for r2 => (item=bgp)
included: /home/pipi/netlab_gh/netsim/ansible/tasks/deploy-module.yml for r2 => (item=vrf)
included: /home/pipi/netlab_gh/netsim/ansible/tasks/deploy-module.yml for r3 => (item=isis)
included: /home/pipi/netlab_gh/netsim/ansible/tasks/deploy-module.yml for r3 => (item=bgp)
included: /home/pipi/netlab_gh/netsim/ansible/tasks/deploy-module.yml for r3 => (item=vrf)
included: /home/pipi/netlab_gh/netsim/ansible/tasks/deploy-module.yml for r4 => (item=isis)
included: /home/pipi/netlab_gh/netsim/ansible/tasks/deploy-module.yml for r4 => (item=bgp)
included: /home/pipi/netlab_gh/netsim/ansible/tasks/deploy-module.yml for r4 => (item=vrf)

TASK [Figure out whether to deploy the module isis on current device] **********
ok: [dut]

TASK [Find configuration template for isis] ************************************
ok: [dut]

TASK [fail] ********************************************************************
skipping: [dut]

TASK [Find configuration deployment deploy_script for isis] ********************
ok: [dut]

TASK [Print deployed configuration when running in verbose mode] ***************
ok: [dut] => {
    "msg": "isis configuration for dut\n=========================================\n!\n!\n"
}

TASK [Deploy isis configuration] ***********************************************
included: /home/pipi/netlab_gh/netsim/ansible/tasks/deploy-config/iosxr.yml for dut

TASK [iosxr_config: deploying isis from /work/netlab_cicd/node_files/dut/isis] ***
ok: [dut]

TASK [Figure out whether to deploy the module bgp on current device] ***********
ok: [dut]

TASK [Find configuration template for bgp] *************************************
ok: [dut]

TASK [fail] ********************************************************************
skipping: [dut]

TASK [Find configuration deployment deploy_script for bgp] *********************
ok: [dut]

TASK [Print deployed configuration when running in verbose mode] ***************
ok: [dut] => {
    "msg": "bgp configuration for dut\n=========================================\n!\n!\nrouter bgp 65000\n bgp unsafe-ebgp-policy\n bgp scan-time 5\n bgp update-delay 5\n bgp router-id 10.0.0.1\n\n!\n address-family ipv4 unicast\n  bgp scan-time 5\n!\n  network 10.0.0.1/32\n!\n!\n address-family ipv6 unicast\n  bgp scan-time 5\n!\n  network 2001:db8:1:1::/64\n!\n"
}

TASK [Deploy bgp configuration] ************************************************
included: /home/pipi/netlab_gh/netsim/ansible/tasks/deploy-config/iosxr.yml for dut

TASK [iosxr_config: deploying bgp from /work/netlab_cicd/node_files/dut/bgp] ***
changed: [dut]

TASK [Figure out whether to deploy the module vrf on current device] ***********
ok: [dut]

TASK [Find configuration template for vrf] *************************************
ok: [dut]

TASK [fail] ********************************************************************
skipping: [dut]

TASK [Find configuration deployment deploy_script for vrf] *********************
ok: [dut]

TASK [Print deployed configuration when running in verbose mode] ***************
ok: [dut] => {
    "msg": "vrf configuration for dut\n=========================================\nvrf red\n rd 65000:1\n!\n address-family ipv4 unicast\n  import route-target 65000:1\n  export route-target 65000:1\n!\n address-family ipv6 unicast\n  import route-target 65000:1\n  export route-target 65000:1\n!\nvrf blue\n rd 65000:2\n!\n address-family ipv4 unicast\n  import route-target 65000:2\n  export route-target 65000:2\n!\n address-family ipv6 unicast\n  import route-target 65000:2\n  export route-target 65000:2\n!\ninterface FourHundredGigE0/0/0/0\n vrf red\n!\ninterface FourHundredGigE0/0/0/1\n vrf red\n!\ninterface FourHundredGigE0/0/0/2\n vrf blue\n!\ninterface FourHundredGigE0/0/0/3\n vrf blue\n!\n!\nrouter bgp 65000\n bgp unsafe-ebgp-policy\n bgp scan-time 5\n bgp update-delay 5\n bgp router-id 10.0.0.1\n\n address-family vpnv4 unicast\n  bgp import-delay 0 0\n  bgp scan-time 5\n address-family vpnv6 unicast\n  bgp import-delay 0 0\n  bgp scan-time 5\n vrf red\n  bgp unsafe-ebgp-policy\n!\n  address-family ipv4 unicast\n   redistribute connected\n   redistribute isis isis_red level 1 level 2\n\n!\n  address-family ipv6 unicast\n   redistribute connected\n   redistribute isis isis_red level 1 level 2\n\n !\n  neighbor 10.1.0.6\n   remote-as 65100\n   description r2\n   address-family ipv4 unicast\n    send-community-ebgp\n\n !\n  neighbor 2001:db8:3:1::2\n   remote-as 65100\n   description r2\n   session-open-mode both\n   address-family ipv6 unicast\n    send-community-ebgp\n\n vrf blue\n  bgp unsafe-ebgp-policy\n!\n  address-family ipv4 unicast\n   redistribute connected\n   redistribute isis isis_blue level 1 level 2\n\n!\n  address-family ipv6 unicast\n   redistribute connected\n   redistribute isis isis_blue level 1 level 2\n\n !\n  neighbor 10.1.0.14\n   remote-as 65101\n   description r4\n   address-family ipv4 unicast\n    send-community-ebgp\n\n !\n  neighbor 2001:db8:3:3::2\n   remote-as 65101\n   description r4\n   session-open-mode both\n   address-family ipv6 unicast\n    send-community-ebgp\n\nrouter isis isis_red\n vrf-context red\n\n log adjacency changes\n lsp-gen-interval initial-wait 50 secondary-wait 100 maximum-wait 500\n is-type level-2-only\n net 49.0001.0000.0000.0001.00\n!\n address-family ipv4 unicast\n  metric-style wide\n  spf-interval initial-wait 50 secondary-wait 100 maximum-wait 500\n  redistribute bgp 65000\n  redistribute connected\n\n!\n address-family ipv6 unicast\n  metric-style wide\n  spf-interval initial-wait 50 secondary-wait 100 maximum-wait 500\n  no single-topology\n  redistribute bgp 65000\n  redistribute connected\n\n!\n!\n interface FourHundredGigE0/0/0/0\n  point-to-point\n  address-family ipv4\n  address-family ipv6\n\nrouter isis isis_blue\n vrf-context blue\n\n log adjacency changes\n lsp-gen-interval initial-wait 50 secondary-wait 100 maximum-wait 500\n is-type level-2-only\n net 49.0001.0000.0000.0001.00\n!\n address-family ipv4 unicast\n  metric-style wide\n  spf-interval initial-wait 50 secondary-wait 100 maximum-wait 500\n  redistribute bgp 65000\n  redistribute connected\n\n!\n address-family ipv6 unicast\n  metric-style wide\n  spf-interval initial-wait 50 secondary-wait 100 maximum-wait 500\n  no single-topology\n  redistribute bgp 65000\n  redistribute connected\n\n!\n!\n interface FourHundredGigE0/0/0/2\n  point-to-point\n  address-family ipv4\n  address-family ipv6\n\n"
}

TASK [Deploy vrf configuration] ************************************************
included: /home/pipi/netlab_gh/netsim/ansible/tasks/deploy-config/iosxr.yml for dut

TASK [iosxr_config: deploying vrf from /work/netlab_cicd/node_files/dut/vrf] ***
changed: [dut]

TASK [Figure out whether to deploy the module isis on current device] **********
ok: [r1]

TASK [Find configuration template for isis] ************************************
ok: [r1]

TASK [fail] ********************************************************************
skipping: [r1]

TASK [Find configuration deployment deploy_script for isis] ********************
ok: [r1]

TASK [Print deployed configuration when running in verbose mode] ***************
ok: [r1] => {
    "msg": "isis configuration for r1\n=========================================\n!\n!\nipv6 forwarding\n!\nrouter isis Gandalf\n log-adjacency-changes\n hostname dynamic\n is-type level-2\n metric-style wide\n lsp-timers gen-interval 1 refresh-interval 900 max-lifetime 1800\n net 49.0001.0000.0000.0002.00\n topology ipv6-unicast\n\n\n!\ninterface lo\n! \n ip router isis Gandalf\n ipv6 router isis Gandalf\n!\ninterface eth1\n! r1 -> dut\n ip router isis Gandalf\n ipv6 router isis Gandalf\n isis network point-to-point\n!\n\n!\ndo write\n"
}

TASK [Deploy isis configuration] ***********************************************
included: /home/pipi/netlab_gh/netsim/ansible/tasks/deploy-config/frr.yml for r1

TASK [template] ****************************************************************
changed: [r1]

TASK [set_fact] ****************************************************************
ok: [r1]

TASK [run /tmp/config.sh to deploy isis config from /work/netlab_cicd/node_files/r1/isis] ***
skipping: [r1]

TASK [run vtysh to import isis config from /work/netlab_cicd/node_files/r1/isis] ***
changed: [r1]

TASK [Figure out whether to deploy the module bgp on current device] ***********
ok: [r1]

TASK [Find configuration template for bgp] *************************************
skipping: [r1]

TASK [fail] ********************************************************************
skipping: [r1]

TASK [Find configuration deployment deploy_script for bgp] *********************
skipping: [r1]

TASK [Print deployed configuration when running in verbose mode] ***************
skipping: [r1]

TASK [Deploy bgp configuration] ************************************************
skipping: [r1]

TASK [Figure out whether to deploy the module vrf on current device] ***********
ok: [r1]

TASK [Find configuration template for vrf] *************************************
skipping: [r1]

TASK [fail] ********************************************************************
skipping: [r1]

TASK [Find configuration deployment deploy_script for vrf] *********************
skipping: [r1]

TASK [Print deployed configuration when running in verbose mode] ***************
skipping: [r1]

TASK [Deploy vrf configuration] ************************************************
skipping: [r1]

TASK [Figure out whether to deploy the module isis on current device] **********
ok: [r2]

TASK [Find configuration template for isis] ************************************
skipping: [r2]

TASK [fail] ********************************************************************
skipping: [r2]

TASK [Find configuration deployment deploy_script for isis] ********************
skipping: [r2]

TASK [Print deployed configuration when running in verbose mode] ***************
skipping: [r2]

TASK [Deploy isis configuration] ***********************************************
skipping: [r2]

TASK [Figure out whether to deploy the module bgp on current device] ***********
ok: [r2]

TASK [Find configuration template for bgp] *************************************
ok: [r2]

TASK [fail] ********************************************************************
skipping: [r2]

TASK [Find configuration deployment deploy_script for bgp] *********************
ok: [r2]

TASK [Print deployed configuration when running in verbose mode] ***************
ok: [r2] => {
    "msg": "bgp configuration for r2\n=========================================\n!\nrouter bgp 65100\n  no bgp ebgp-requires-policy\n  no bgp default ipv4-unicast\n  bgp default show-hostname\n  bgp default show-nexthop-hostname\n  ! Consider AS paths of same length but with different AS as ECMP candidates\n  bgp bestpath as-path multipath-relax\n\n  bgp router-id 10.0.0.3\n!\n  neighbor 10.1.0.5 remote-as 65000\n  neighbor 10.1.0.5 description dut\n!\n  neighbor 2001:db8:3:1::1 remote-as 65000\n  neighbor 2001:db8:3:1::1 description dut\n!\n address-family ipv4 unicast\n!\n\n!\n! Originate networks from connected subnets\n!\n  network 10.0.0.3/32\n!\n  neighbor 10.1.0.5 activate\n  no neighbor 10.1.0.5 send-community all\n  neighbor 10.1.0.5 send-community standard\n  neighbor 10.1.0.5 send-community large\n!\n address-family ipv6 unicast\n!\n\n!\n! Originate networks from connected subnets\n!\n  network 2001:db8:1:3::/64\n!\n  neighbor 2001:db8:3:1::1 activate\n  no neighbor 2001:db8:3:1::1 send-community all\n  neighbor 2001:db8:3:1::1 send-community standard\n  neighbor 2001:db8:3:1::1 send-community large\n!\n!\n!\ndo write\n"
}

TASK [Deploy bgp configuration] ************************************************
included: /home/pipi/netlab_gh/netsim/ansible/tasks/deploy-config/frr.yml for r2

TASK [template] ****************************************************************
changed: [r2]

TASK [set_fact] ****************************************************************
ok: [r2]

TASK [run /tmp/config.sh to deploy bgp config from /work/netlab_cicd/node_files/r2/bgp] ***
skipping: [r2]

TASK [run vtysh to import bgp config from /work/netlab_cicd/node_files/r2/bgp] ***
changed: [r2]

TASK [Figure out whether to deploy the module vrf on current device] ***********
ok: [r2]

TASK [Find configuration template for vrf] *************************************
skipping: [r2]

TASK [fail] ********************************************************************
skipping: [r2]

TASK [Find configuration deployment deploy_script for vrf] *********************
skipping: [r2]

TASK [Print deployed configuration when running in verbose mode] ***************
skipping: [r2]

TASK [Deploy vrf configuration] ************************************************
skipping: [r2]

TASK [Figure out whether to deploy the module isis on current device] **********
ok: [r3]

TASK [Find configuration template for isis] ************************************
ok: [r3]

TASK [fail] ********************************************************************
skipping: [r3]

TASK [Find configuration deployment deploy_script for isis] ********************
ok: [r3]

TASK [Print deployed configuration when running in verbose mode] ***************
ok: [r3] => {
    "msg": "isis configuration for r3\n=========================================\n!\n!\nipv6 forwarding\n!\nrouter isis Gandalf\n log-adjacency-changes\n hostname dynamic\n is-type level-2\n metric-style wide\n lsp-timers gen-interval 1 refresh-interval 900 max-lifetime 1800\n net 49.0001.0000.0000.0004.00\n topology ipv6-unicast\n\n\n!\ninterface lo\n! \n ip router isis Gandalf\n ipv6 router isis Gandalf\n!\ninterface eth1\n! r3 -> dut\n ip router isis Gandalf\n ipv6 router isis Gandalf\n isis network point-to-point\n!\n\n!\ndo write\n"
}

TASK [Deploy isis configuration] ***********************************************
included: /home/pipi/netlab_gh/netsim/ansible/tasks/deploy-config/frr.yml for r3

TASK [template] ****************************************************************
changed: [r3]

TASK [set_fact] ****************************************************************
ok: [r3]

TASK [run /tmp/config.sh to deploy isis config from /work/netlab_cicd/node_files/r3/isis] ***
skipping: [r3]

TASK [run vtysh to import isis config from /work/netlab_cicd/node_files/r3/isis] ***
changed: [r3]

TASK [Figure out whether to deploy the module bgp on current device] ***********
ok: [r3]

TASK [Find configuration template for bgp] *************************************
skipping: [r3]

TASK [fail] ********************************************************************
skipping: [r3]

TASK [Find configuration deployment deploy_script for bgp] *********************
skipping: [r3]

TASK [Print deployed configuration when running in verbose mode] ***************
skipping: [r3]

TASK [Deploy bgp configuration] ************************************************
skipping: [r3]

TASK [Figure out whether to deploy the module vrf on current device] ***********
ok: [r3]

TASK [Find configuration template for vrf] *************************************
skipping: [r3]

TASK [fail] ********************************************************************
skipping: [r3]

TASK [Find configuration deployment deploy_script for vrf] *********************
skipping: [r3]

TASK [Print deployed configuration when running in verbose mode] ***************
skipping: [r3]

TASK [Deploy vrf configuration] ************************************************
skipping: [r3]

TASK [Figure out whether to deploy the module isis on current device] **********
ok: [r4]

TASK [Find configuration template for isis] ************************************
skipping: [r4]

TASK [fail] ********************************************************************
skipping: [r4]

TASK [Find configuration deployment deploy_script for isis] ********************
skipping: [r4]

TASK [Print deployed configuration when running in verbose mode] ***************
skipping: [r4]

TASK [Deploy isis configuration] ***********************************************
skipping: [r4]

TASK [Figure out whether to deploy the module bgp on current device] ***********
ok: [r4]

TASK [Find configuration template for bgp] *************************************
ok: [r4]

TASK [fail] ********************************************************************
skipping: [r4]

TASK [Find configuration deployment deploy_script for bgp] *********************
ok: [r4]

TASK [Print deployed configuration when running in verbose mode] ***************
ok: [r4] => {
    "msg": "bgp configuration for r4\n=========================================\n!\nrouter bgp 65101\n  no bgp ebgp-requires-policy\n  no bgp default ipv4-unicast\n  bgp default show-hostname\n  bgp default show-nexthop-hostname\n  ! Consider AS paths of same length but with different AS as ECMP candidates\n  bgp bestpath as-path multipath-relax\n\n  bgp router-id 10.0.0.5\n!\n  neighbor 10.1.0.13 remote-as 65000\n  neighbor 10.1.0.13 description dut\n!\n  neighbor 2001:db8:3:3::1 remote-as 65000\n  neighbor 2001:db8:3:3::1 description dut\n!\n address-family ipv4 unicast\n!\n\n!\n! Originate networks from connected subnets\n!\n  network 10.0.0.5/32\n!\n  neighbor 10.1.0.13 activate\n  no neighbor 10.1.0.13 send-community all\n  neighbor 10.1.0.13 send-community standard\n  neighbor 10.1.0.13 send-community large\n!\n address-family ipv6 unicast\n!\n\n!\n! Originate networks from connected subnets\n!\n  network 2001:db8:1:5::/64\n!\n  neighbor 2001:db8:3:3::1 activate\n  no neighbor 2001:db8:3:3::1 send-community all\n  neighbor 2001:db8:3:3::1 send-community standard\n  neighbor 2001:db8:3:3::1 send-community large\n!\n!\n!\ndo write\n"
}

TASK [Deploy bgp configuration] ************************************************
included: /home/pipi/netlab_gh/netsim/ansible/tasks/deploy-config/frr.yml for r4

TASK [template] ****************************************************************
changed: [r4]

TASK [set_fact] ****************************************************************
ok: [r4]

TASK [run /tmp/config.sh to deploy bgp config from /work/netlab_cicd/node_files/r4/bgp] ***
skipping: [r4]

TASK [run vtysh to import bgp config from /work/netlab_cicd/node_files/r4/bgp] ***
changed: [r4]

TASK [Figure out whether to deploy the module vrf on current device] ***********
ok: [r4]

TASK [Find configuration template for vrf] *************************************
skipping: [r4]

TASK [fail] ********************************************************************
skipping: [r4]

TASK [Find configuration deployment deploy_script for vrf] *********************
skipping: [r4]

TASK [Print deployed configuration when running in verbose mode] ***************
skipping: [r4]

TASK [Deploy vrf configuration] ************************************************
skipping: [r4]

PLAY [Deploy custom deployment templates] **************************************
skipping: no hosts matched

PLAY RECAP *********************************************************************
dut                        : ok=40   changed=3    unreachable=0    failed=0    skipped=8    rescued=0    ignored=0   
r1                         : ok=31   changed=5    unreachable=0    failed=0    skipped=20   rescued=0    ignored=0   
r2                         : ok=31   changed=5    unreachable=0    failed=0    skipped=20   rescued=0    ignored=0   
r3                         : ok=31   changed=5    unreachable=0    failed=0    skipped=20   rescued=0    ignored=0   
r4                         : ok=31   changed=5    unreachable=0    failed=0    skipped=20   rescued=0    ignored=0   


Warning: The following warnings were generated during the 'netlab initial' processing
Warning: ansible: You're using Ansible version 12.x or higher; netlab might not work correctly
[CREATED] dut: initial,isis,bgp,vrf
[CREATED] r1: initial,isis
[CREATED] r2: initial,bgp
[CREATED] r3: initial,isis
[CREATED] r4: initial,bgp


The device under test has two dual-stack VRFs with two interfaces in each VRF.
Routers are attached to those interfaces and run IS-IS and BGP with device
under test.

This scenario tests IS-IS in VRF, redistribution of connected subnets into
IS-IS and two-way IS-IS-to-BGP redistribution.

* r1 and r2 should be able to ping each other
* r3 and r4 should be able to ping each other
* r1 should not be able to reach r3

