16:46:41 INFO Parsing & checking topology file=clab.yml
16:46:41 INFO Parsing & checking topology file=clab.yml
16:46:41 INFO Destroying lab name=ml_17
16:46:42 INFO Removed container name=clab-ml_17-p_vrf
16:46:42 INFO Removed container name=clab-ml_17-dut
16:46:42 INFO Removed container name=clab-ml_17-p_global
16:46:42 INFO Removing host entries path=/etc/hosts
16:46:42 INFO Removing SSH config path=/etc/ssh/ssh_config.d/clab-ml_17.conf
Checking virtualization provider installation
OK: clab installed and working correctly
Stopping clab nodes
Cleanup configuration files
... removing clab.yml
... removing directory tree clab_files
... removing ansible.cfg
... removing hosts.yml
... removing directory tree group_vars
... removing directory tree host_vars
... removing netlab.snapshot.yml
... removing netlab.snapshot.pickle
