Bringing machine 'dut' up with 'libvirt' provider...
Bringing machine 'xr' up with 'libvirt' provider...
==> xr: Checking if box 'debian/bookworm64' version '12.20250126.1' is up to date...
==> dut: Checking if box 'juniper/vptx' version '25.2R1.8' is up to date...
[fog][WARNING] Unrecognized arguments: libvirt_ip_command
[fog][WARNING] Unrecognized arguments: libvirt_ip_command
==> xr: Creating image (snapshot of base box volume).
==> dut: Creating image (snapshot of base box volume).
==> xr: Creating domain with the following settings...
==> dut: Creating domain with the following settings...
==> xr:  -- Name:              ml_23_xr
==> dut:  -- Name:              ml_23_dut
==> xr:  -- Description:       Source: /work/netlab_cicd/hogs/Vagrantfile
==> dut:  -- Description:       Source: /work/netlab_cicd/hogs/Vagrantfile
==> xr:  -- Domain type:       kvm
==> dut:  -- Domain type:       kvm
==> xr:  -- Cpus:              1
==> dut:  -- Cpus:              4
==> xr:  -- Feature:           acpi
==> dut:  -- Feature:           acpi
==> xr:  -- Feature:           apic
==> dut:  -- Feature:           apic
==> xr:  -- Feature:           pae
==> dut:  -- Feature:           pae
==> xr:  -- Clock offset:      utc
==> dut:  -- Clock offset:      utc
==> xr:  -- Memory:            1024M
==> dut:  -- Memory:            8192M
==> xr:  -- Management MAC:    ca:fe:00:04:00:00
==> dut:  -- Management MAC:    ca:fe:00:03:00:00
==> xr:  -- Base box:          debian/bookworm64
==> dut:  -- Loader:            /usr/share/OVMF/OVMF_CODE_4M.fd
==> xr:  -- Storage pool:      default
==> dut:  -- Nvram:             /var/lib/libvirt/qemu/nvram/dut.fd
==> xr:  -- Image(vda):        /var/lib/libvirt/images/ml_23_xr.img, virtio, 100G
==> dut:  -- Base box:          juniper/vptx
==> xr:  -- Disk driver opts:  cache='default'
==> dut:  -- Storage pool:      default
==> xr:  -- Graphics Type:     vnc
==> dut:  -- Image(vda):        /var/lib/libvirt/images/ml_23_dut.img, virtio, 40G
==> xr:  -- Video Type:        cirrus
==> dut:  -- Disk driver opts:  cache='default'
==> xr:  -- Video VRAM:        16384
==> dut:  -- Graphics Type:     none
==> xr:  -- Video 3D accel:    false
==> dut:  -- Video Type:        none
==> xr:  -- Keymap:            en-us
==> dut:  -- Video VRAM:        16384
==> xr:  -- TPM Backend:       passthrough
==> dut:  -- Video 3D accel:    false
==> xr:  -- INPUT:             type=mouse, bus=ps2
==> dut:  -- Keymap:            en-us
==> dut:  -- TPM Backend:       passthrough
==> dut:  -- Sysinfo:
==> dut:    -- BIOS:
==> dut:     -> vendor: Bochs
==> dut:     -> version: Bochs
==> dut:    -- System:
==> dut:     -> manufacturer: Bochs
==> dut:     -> product: Bochs
==> dut:     -> serial: chassis_no=0:slot=0:type=1:assembly_id=0x0D20:platform=251:master=0:channelized=no
==> dut:    -- Chassis:
==> dut:     -> manufacturer: Bochs
==> dut:  -- INPUT:             type=mouse, bus=ps2
==> xr: Creating shared folders metadata...
==> dut: Creating shared folders metadata...
==> xr: Starting domain.
==> dut: Updating domain definition due to configuration change
==> xr: Domain launching with graphics connection settings...
==> dut: Starting domain.
==> xr:  -- Graphics Port:      5900
==> dut: Waiting for domain to get an IP address...
==> xr:  -- Graphics IP:        127.0.0.1
==> xr:  -- Graphics Password:  Not defined
==> xr:  -- Graphics Websocket: 5700
==> xr: Waiting for domain to get an IP address...
==> xr: Waiting for machine to boot. This may take a few minutes...
    xr: SSH address: 192.168.23.104:22
    xr: SSH username: vagrant
    xr: SSH auth method: private key
    xr: Warning: Connection refused. Retrying...
    xr: 
    xr: Vagrant insecure key detected. Vagrant will automatically replace
    xr: this with a newly generated keypair for better security.
    xr: 
    xr: Inserting generated public key within guest...
    xr: Removing insecure key from the guest if it's present...
    xr: Key inserted! Disconnecting and reconnecting using new SSH key...
==> xr: Machine booted and ready!
==> xr: Running provisioner: shell...
    xr: Running: inline script
    xr: Setting password for user Vagrant
    xr: Enabling SSH password authentication
    xr: Installing GPG, curl, and iproute2
    xr: Installing FRR -- set 'netlab_quick_start' node variable to True to skip this step
    xr: Installation complete
==> dut: Waiting for machine to boot. This may take a few minutes...
    dut: SSH address: 192.168.23.103:22
    dut: SSH username: vagrant
    dut: SSH auth method: private key
==> dut: Machine booted and ready!

==> xr: Machine 'xr' has a post `vagrant up` message. This is a message
==> xr: from the creator of the Vagrantfile, and not from Vagrant itself:
==> xr: 
==> xr: Vanilla Debian box. See https://app.vagrantup.com/debian for help and bug reports
02:35:15 INFO Containerlab started version=0.72.0
02:35:15 INFO Parsing & checking topology file=clab-augment.yml
02:35:15 INFO Removing directory path=/work/netlab_cicd/hogs/clab-ml_23
02:35:15 INFO Creating docker network name=nl_mgmt_23 IPv4 subnet=192.168.23.0/24 IPv6 subnet="" MTU=0
02:35:15 INFO Creating lab directory path=/work/netlab_cicd/hogs/clab-ml_23
02:35:15 INFO Creating container name=h1
02:35:15 INFO Creating container name=h2
02:35:16 INFO Created link: h2:eth1 в–Єв”„в”„в–Є virbr1:bni23n2i1
02:35:16 INFO Created link: h1:eth1 в–Єв”„в”„в–Є virbr2:bni23n1i1
02:35:16 INFO Adding host entries path=/etc/hosts
02:35:16 INFO Adding SSH config for nodes path=/etc/ssh/ssh_config.d/clab-ml_23.conf
[1mв•­[0m[1mв”Ђв”Ђв”Ђв”Ђв”Ђв”Ђв”Ђв”Ђв”Ђв”Ђв”Ђв”Ђв”Ђв”Ђв”Ђ[0m[1mв”¬[0m[1mв”Ђв”Ђв”Ђв”Ђв”Ђв”Ђв”Ђв”Ђв”Ђв”Ђв”Ђв”Ђв”Ђв”Ђв”Ђв”Ђв”Ђв”Ђв”Ђв”Ђ[0m[1mв”¬[0m[1mв”Ђв”Ђв”Ђв”Ђв”Ђв”Ђв”Ђв”Ђв”Ђ[0m[1mв”¬[0m[1mв”Ђв”Ђв”Ђв”Ђв”Ђв”Ђв”Ђв”Ђв”Ђв”Ђв”Ђв”Ђв”Ђв”Ђв”Ђв”Ђ[0m[1mв•®[0m
[1mв”‚[0m[1m      Name     [0m[1mв”‚[0m[1m     Kind/Image     [0m[1mв”‚[0m[1m  State  [0m[1mв”‚[0m[1m IPv4/6 Address [0m[1mв”‚[0m
[1mв”њ[0m[1mв”Ђв”Ђв”Ђв”Ђв”Ђв”Ђв”Ђв”Ђв”Ђв”Ђв”Ђв”Ђв”Ђв”Ђв”Ђ[0m[1mв”ј[0m[1mв”Ђв”Ђв”Ђв”Ђв”Ђв”Ђв”Ђв”Ђв”Ђв”Ђв”Ђв”Ђв”Ђв”Ђв”Ђв”Ђв”Ђв”Ђв”Ђв”Ђ[0m[1mв”ј[0m[1mв”Ђв”Ђв”Ђв”Ђв”Ђв”Ђв”Ђв”Ђв”Ђ[0m[1mв”ј[0m[1mв”Ђв”Ђв”Ђв”Ђв”Ђв”Ђв”Ђв”Ђв”Ђв”Ђв”Ђв”Ђв”Ђв”Ђв”Ђв”Ђ[0m[1mв”¤[0m
в”‚ clab-ml_23-h1 в”‚ linux              в”‚ running в”‚ 192.168.23.101 в”‚
в”‚               в”‚ python:3.13-alpine в”‚         в”‚ N/A            в”‚
в”њв”Ђв”Ђв”Ђв”Ђв”Ђв”Ђв”Ђв”Ђв”Ђв”Ђв”Ђв”Ђв”Ђв”Ђв”Ђв”јв”Ђв”Ђв”Ђв”Ђв”Ђв”Ђв”Ђв”Ђв”Ђв”Ђв”Ђв”Ђв”Ђв”Ђв”Ђв”Ђв”Ђв”Ђв”Ђв”Ђв”јв”Ђв”Ђв”Ђв”Ђв”Ђв”Ђв”Ђв”Ђв”Ђв”јв”Ђв”Ђв”Ђв”Ђв”Ђв”Ђв”Ђв”Ђв”Ђв”Ђв”Ђв”Ђв”Ђв”Ђв”Ђв”Ђв”¤
в”‚ clab-ml_23-h2 в”‚ linux              в”‚ running в”‚ 192.168.23.102 в”‚
в”‚               в”‚ python:3.13-alpine в”‚         в”‚ N/A            в”‚
в•°в”Ђв”Ђв”Ђв”Ђв”Ђв”Ђв”Ђв”Ђв”Ђв”Ђв”Ђв”Ђв”Ђв”Ђв”Ђв”ґв”Ђв”Ђв”Ђв”Ђв”Ђв”Ђв”Ђв”Ђв”Ђв”Ђв”Ђв”Ђв”Ђв”Ђв”Ђв”Ђв”Ђв”Ђв”Ђв”Ђв”ґв”Ђв”Ђв”Ђв”Ђв”Ђв”Ђв”Ђв”Ђв”Ђв”ґв”Ђв”Ђв”Ђв”Ђв”Ђв”Ђв”Ђв”Ђв”Ђв”Ђв”Ђв”Ђв”Ђв”Ђв”Ђв”Ђв•Ї
Using transformed lab topology from snapshot file netlab.snapshot.pickle
Checking virtualization provider installation
OK: libvirt installed and working correctly
OK: clab installed and working correctly
Starting libvirt nodes
creating libvirt management network nl_mgmt_23
provider libvirt: executing vagrant up --provider libvirt
Starting clab nodes
Recreating clab-augment.yml configuration file for clab provider
Createdprovider configuration file: clab-augment.yml
provider clab: executing sudo -E containerlab deploy --reconfigure -t clab-augment.yml

Initial configuration skipped, run 'netlab initial' to configure the devices
