[WARNING]: Could not match supplied host pattern, ignoring: unprovisioned
[WARNING]: Found variable using reserved name: hosts

PLAY [Deploy initial device configuration] *************************************

TASK [Set variables that cannot be set with VARS] ******************************
ok: [r]

TASK [Find device readiness script] ********************************************
ok: [r]

TASK [Wait for device to become ready] *****************************************
included: /home/pipi/net101/tools/netsim/ansible/tasks/readiness-check/ioll2-clab.yml for r

TASK [Check if 'sshpass' is installed] *****************************************
ok: [r -> localhost]

TASK [Check for 'timeout' command] *********************************************
ok: [r -> localhost]

TASK [Execute local ssh command to check ioll2 readiness] **********************
FAILED - RETRYING: [r -> localhost]: Execute local ssh command to check ioll2 readiness (20 retries left).
ok: [r -> localhost]

TASK [Confirm r SSH server works] **********************************************
ok: [r] => 
  msg: Node r is ready.

TASK [Normalize config on bridge-like devices] *********************************
included: /home/pipi/net101/tools/netsim/ansible/tasks/deploy-module.yml for r

TASK [Figure out whether to deploy the module normalize on current device] *****
ok: [r]

TASK [Find configuration template for normalize] *******************************
ok: [r]

TASK [fail] ********************************************************************
skipping: [r]

TASK [Find configuration deployment deploy_script for normalize] ***************
ok: [r]

TASK [Print deployed configuration when running in verbose mode] ***************
ok: [r] => 
  msg: |-
    normalize configuration for r
    =========================================
    !
    interface Ethernet0/1
     shutdown
     mac-address 52dc.cafe.0101
    !
    interface Ethernet0/2
     shutdown
     mac-address 52dc.cafe.0102
    !
    interface Ethernet0/3
     shutdown
     mac-address 52dc.cafe.0103
    !
    interface Ethernet1/0
     shutdown
     mac-address 52dc.cafe.0104
    !
    interface Ethernet1/1
     shutdown
     mac-address 52dc.cafe.0105

TASK [Deploy normalize configuration] ******************************************
included: /home/pipi/net101/tools/netsim/ansible/tasks/deploy-config/ios.yml for r

TASK [ios_config: deploying normalize from /home/pipi/net101/tools/netsim/ansible/templates/normalize/ioll2.j2] ***
[WARNING]: To ensure idempotency and correct diff the input configuration lines
should be similar to how they appear if present in the running configuration on
device including the indentation
changed: [r]

TASK [Deploy initial configuration] ********************************************
included: /home/pipi/net101/tools/netsim/ansible/tasks/deploy-module.yml for r

TASK [Figure out whether to deploy the module initial on current device] *******
ok: [r]

TASK [Find configuration template for initial] *********************************
ok: [r]

TASK [fail] ********************************************************************
skipping: [r]

TASK [Find configuration deployment deploy_script for initial] *****************
ok: [r]

TASK [Print deployed configuration when running in verbose mode] ***************
ok: [r] => 
  msg: |-
    initial configuration for r
    =========================================
    hostname r
    !
    no ip domain lookup
    !
    lldp run
    !
    !
    ip routing
    !
    ipv6 unicast-routing
    !
    !
    interface Loopback0
     ip address 10.0.0.1 255.255.255.255
     ipv6 address 2001:DB8:0:1::1/64
    !
    interface Ethernet0/0
     no lldp transmit
     no lldp receive
    !
    interface Ethernet0/1
     no switchport
     description r -> stub [stub]
     ip mtu 1500
     ipv6 mtu 1500
     ip unnumbered Loopback0 poll
     ipv6 enable
     no shutdown
    !
    interface Ethernet0/2
     no switchport
     description r -> stub [stub]
     ip mtu 1500
     ip unnumbered Loopback0 poll
     no shutdown
    !
    interface Ethernet0/3
     no switchport
     description r -> stub [stub]
     ipv6 mtu 1500
     ipv6 enable
     no shutdown
    !
    interface Ethernet1/0
     no switchport
     description r -> stub [stub]
     ip mtu 1500
     ipv6 mtu 1500
     ip unnumbered Loopback0 poll
     ipv6 address 2001:DB8:1:3::1/64
     no shutdown
    !
    interface Ethernet1/1
     no switchport
     description r -> stub [stub]
     ip mtu 1500
     ipv6 mtu 1500
     ip address 172.16.4.1 255.255.255.0
     ipv6 enable
     no shutdown
    !
    !
    line vty 0 4
     exec-timeout 0 0
    !
    no banner exec
    no banner login
    no banner incoming

TASK [Deploy initial configuration] ********************************************
included: /home/pipi/net101/tools/netsim/ansible/tasks/deploy-config/ios.yml for r

TASK [ios_config: deploying initial from /home/pipi/net101/tools/netsim/ansible/templates/initial/ios.j2] ***
changed: [r]

PLAY [Deploy module-specific configurations] ***********************************
skipping: no hosts matched

PLAY [Deploy custom deployment templates] **************************************
skipping: no hosts matched

PLAY RECAP *********************************************************************
r                          : ok=21   changed=2    unreachable=0    failed=0    skipped=2    rescued=0    ignored=0   



This test checks that the initial configuration doesn't crash when dealing
with the all possible combinations of unnumbered interfaces. Use OSPFv2/OSPFv3
integration tests to validate the unnumbered interface functionality.

