Checking virtualization provider installation
OK: clab installed and working correctly
Stopping clab nodes
20:00:34 INFO Parsing & checking topology file=clab.yml
20:00:34 INFO Parsing & checking topology file=clab.yml
20:00:34 INFO Destroying lab name=ml-17
20:00:35 INFO Removed container name=clab-ml-17-h2
20:00:35 INFO Removed container name=clab-ml-17-h1
20:00:35 INFO Removed container name=clab-ml-17-s1
20:00:35 INFO Removed container name=clab-ml-17-hx
20:00:35 INFO Removed container name=clab-ml-17-s2
20:00:35 INFO Removed container name=clab-ml-17-dut
20:00:35 INFO Removing host entries path=/etc/hosts
20:00:35 INFO Removing SSH config path=/etc/ssh/ssh_config.d/clab-ml-17.conf
Cleanup configuration files
... removing clab.yml
... removing ansible.cfg
... removing hosts.yml
... removing directory tree group_vars
... removing directory tree host_vars
... removing directory tree node_files
... removing netlab.snapshot.pickle
