Checking virtualization provider installation
OK: clab installed and working correctly
Stopping clab nodes
09:03:23 INFO Parsing & checking topology file=clab.yml
09:03:23 INFO Parsing & checking topology file=clab.yml
09:03:23 INFO Destroying lab name=ml-17
09:03:24 INFO Removed container name=clab-ml-17-v1
09:03:24 INFO Removed container name=clab-ml-17-v2
09:03:24 INFO Removed container name=clab-ml-17-v3
09:03:25 INFO Removed container name=clab-ml-17-h3
09:03:25 INFO Removed container name=clab-ml-17-h2
09:03:25 INFO Removed container name=clab-ml-17-h1
09:03:25 INFO Removed container name=clab-ml-17-dut
09:03:25 INFO Removing host entries path=/etc/hosts
09:03:25 INFO Removing SSH config path=/etc/ssh/ssh_config.d/clab-ml-17.conf
Cleanup configuration files
... removing clab.yml
... removing ansible.cfg
... removing hosts.yml
... removing directory tree group_vars
... removing directory tree host_vars
... removing directory tree node_files
... removing netlab.snapshot.yml
... removing netlab.snapshot.pickle
