Using transformed lab topology from snapshot file netlab.snapshot.pickle
Checking virtualization provider installation
OK: clab installed and working correctly
Starting clab nodes
provider clab: executing sudo -E containerlab deploy --reconfigure -t clab.yml
20:00:42 INFO Containerlab started version=0.73.0
20:00:42 INFO Parsing & checking topology file=clab.yml
20:00:42 INFO Removing directory path=/work/netlab_cicd/clab-ml-17
20:00:42 INFO Creating docker network name=nl_mgmt_17 IPv4 subnet=192.168.17.0/24 IPv6 subnet="" MTU=0
20:00:42 INFO Creating lab directory path=/work/netlab_cicd/clab-ml-17
20:00:42 INFO Creating container name=h3
20:00:42 INFO Creating container name=x1
20:00:42 INFO Creating container name=h1
20:00:42 INFO Creating container name=h2
20:00:42 INFO Creating container name=th
20:00:42 INFO Creating container name=dut
20:00:43 INFO Created link: dut:eth4 ▪┄┄▪ x1:eth2
20:00:43 INFO Created link: dut:eth2 ▪┄┄▪ h1:eth1
20:00:43 INFO Created link: dut:eth3 ▪┄┄▪ h3:eth1
20:00:43 INFO Created link: dut:eth1 ▪┄┄▪ ml-17_1:bni17n1i0
20:00:43 INFO Created link: x1:eth3 ▪┄┄▪ h2:eth1
20:00:43 INFO Created link: x1:eth1 ▪┄┄▪ ml-17_1:bni17n2i1
20:00:43 INFO Created link: th:eth1 ▪┄┄▪ ml-17_1:bni17n6i1
20:00:44 INFO Executed command node=h2 command="sleep 1" stdout=""
20:00:44 INFO Executed command node=x1 command="sleep 1" stdout=""
20:00:44 INFO Executed command node=h1 command="sleep 1" stdout=""
20:00:44 INFO Executed command node=h3 command="sleep 1" stdout=""
20:00:44 INFO Adding host entries path=/etc/hosts
20:00:44 INFO Adding SSH config for nodes path=/etc/ssh/ssh_config.d/clab-ml-17.conf
[1m╭[0m[1m────────────────[0m[1m┬[0m[1m────────────────────────────────────────────[0m[1m┬[0m[1m────────────────────[0m[1m┬[0m[1m────────────────[0m[1m╮[0m
[1m│[0m[1m      Name      [0m[1m│[0m[1m                 Kind/Image                 [0m[1m│[0m[1m        State       [0m[1m│[0m[1m IPv4/6 Address [0m[1m│[0m
[1m├[0m[1m────────────────[0m[1m┼[0m[1m────────────────────────────────────────────[0m[1m┼[0m[1m────────────────────[0m[1m┼[0m[1m────────────────[0m[1m┤[0m
│ clab-ml-17-dut │ juniper_vjunosrouter                       │ running            │ 192.168.17.101 │
│                │ vrnetlab/juniper_vjunos-router:23.4R2-S2.1 │ (health: starting) │ N/A            │
├────────────────┼────────────────────────────────────────────┼────────────────────┼────────────────┤
│ clab-ml-17-h1  │ linux                                      │ running            │ 192.168.17.103 │
│                │ quay.io/frrouting/frr:10.5.1               │                    │ N/A            │
├────────────────┼────────────────────────────────────────────┼────────────────────┼────────────────┤
│ clab-ml-17-h2  │ linux                                      │ running            │ 192.168.17.104 │
│                │ quay.io/frrouting/frr:10.5.1               │                    │ N/A            │
├────────────────┼────────────────────────────────────────────┼────────────────────┼────────────────┤
│ clab-ml-17-h3  │ linux                                      │ running            │ 192.168.17.105 │
│                │ quay.io/frrouting/frr:10.5.1               │                    │ N/A            │
├────────────────┼────────────────────────────────────────────┼────────────────────┼────────────────┤
│ clab-ml-17-th  │ linux                                      │ running            │ 192.168.17.106 │
│                │ python:3.13-alpine                         │                    │ N/A            │
├────────────────┼────────────────────────────────────────────┼────────────────────┼────────────────┤
│ clab-ml-17-x1  │ linux                                      │ running            │ 192.168.17.102 │
│                │ quay.io/frrouting/frr:10.5.1               │                    │ N/A            │
╰────────────────┴────────────────────────────────────────────┴────────────────────┴────────────────╯

Initial configuration skipped, run 'netlab initial' to configure the devices
