Creating Device configuration snippets
[CREATED] dut: initial,ospf,bgp
[CREATED] dut2: initial,bgp
[CREATED] x1: initial,bgp
[CREATED] x2: initial,bgp
[CREATED] r1: initial,ospf,bgp
Config Deploying device configurations
 [INFO] Executing initial configuration for node x1
 [INFO] Executing initial configuration for node x2
 [INFO] Executing initial configuration for node r1
 [INFO] Executing bgp configuration for node x2
 [INFO] Executing bgp configuration for node x1
 [INFO] Executing ospf configuration for node r1
 [INFO] Executing bgp configuration for node r1
 [INFO] Starting Ansible playbook to deploy the rest of the
          configurations
[WARNING]: Found variable using reserved name: hosts

PLAY [Deploy initial device configuration] *************************************

TASK [Set variables that cannot be set with VARS] ******************************
ok: [dut]
ok: [dut2]

TASK [Normalize config on bridge-like devices] *********************************
included: /home/pipi/net101/tools/netsim/ansible/tasks/deploy-module.yml for dut, dut2

TASK [Figure out whether to deploy the module normalize on current device] *****
ok: [dut]
ok: [dut2]

TASK [Find configuration template for normalize] *******************************
ok: [dut]
ok: [dut2]

TASK [fail] ********************************************************************
skipping: [dut]
skipping: [dut2]

TASK [Find configuration deployment deploy_script for normalize] ***************
ok: [dut]
ok: [dut2]

TASK [Print deployed configuration when running in verbose mode] ***************
skipping: [dut]
skipping: [dut2]

TASK [Deploy normalize configuration] ******************************************
skipping: [dut]
skipping: [dut2]

TASK [Deploy initial configuration] ********************************************
included: /home/pipi/net101/tools/netsim/ansible/tasks/deploy-module.yml for dut, dut2

TASK [Figure out whether to deploy the module initial on current device] *******
ok: [dut]
ok: [dut2]

TASK [Find configuration template for initial] *********************************
ok: [dut]
ok: [dut2]

TASK [fail] ********************************************************************
skipping: [dut]
skipping: [dut2]

TASK [Find configuration deployment deploy_script for initial] *****************
ok: [dut]
ok: [dut2]

TASK [Print deployed configuration when running in verbose mode] ***************
ok: [dut] => {
    "msg": "initial configuration for dut\n=========================================\n\nupdates:\n- path: /system/mtu\n  value:\n   default-port-mtu: 1514\n   default-l2-mtu: 1514\n   default-ip-mtu: 1500\n   _annotate_default-ip-mtu: \"Custom system wide setting, overrides default 1500\"\n\n- path: /interface[name=system0]/subinterface[index=0]\n  value:\n   description: \"No description\"\n   admin-state: enable\n   ipv4:\n    admin-state: enable\n    address:\n    - ip-prefix: \"10.0.0.1/32\"\n\n- path: /interface[name=ethernet-1/1]\n  value:\n   description: \"dut ~ r1\"\n   subinterface:\n    index: 0\n    description: \"dut ~ r1\"\n\n- path: /interface[name=ethernet-1/1]/subinterface[index=0]\n  value:\n   description: \"dut ~ r1\"\n   admin-state: enable\n   ipv4:\n    admin-state: enable\n    address:\n    - ip-prefix: \"10.1.0.1/30\"\n      primary: [null]\n\n- path: /interface[name=ethernet-1/2]\n  value:\n   description: \"dut ~ x1\"\n   subinterface:\n    index: 0\n    description: \"dut ~ x1\"\n\n- path: /interface[name=ethernet-1/2]/subinterface[index=0]\n  value:\n   description: \"dut ~ x1\"\n   admin-state: enable\n   ipv4:\n    admin-state: enable\n    address:\n    - ip-prefix: \"10.1.0.5/30\"\n      primary: [null]\n\n- path: /interface[name=ethernet-1/3]\n  value:\n   description: \"dut ~ x2\"\n   subinterface:\n    index: 0\n    description: \"dut ~ x2\"\n\n- path: /interface[name=ethernet-1/3]/subinterface[index=0]\n  value:\n   description: \"dut ~ x2\"\n   admin-state: enable\n   ipv4:\n    admin-state: enable\n    address:\n    - ip-prefix: \"10.1.0.9/30\"\n      primary: [null]\n\n- path: /interface[name=ethernet-1/4]\n  value:\n   description: \"dut ~ dut2\"\n   subinterface:\n    index: 0\n    description: \"dut ~ dut2\"\n\n- path: /interface[name=ethernet-1/4]/subinterface[index=0]\n  value:\n   description: \"dut ~ dut2\"\n   admin-state: enable\n   ipv4:\n    admin-state: enable\n    address:\n    - ip-prefix: \"172.0.66.1/24\"\n      primary: [null]\n\n- path: /interface[name=ethernet-1/5]\n  value:\n   description: \"dut ~ stub\"\n   subinterface:\n    index: 0\n    description: \"dut ~ stub\"\n\n- path: /interface[name=ethernet-1/5]/subinterface[index=0]\n  value:\n   description: \"dut ~ stub\"\n   admin-state: enable\n   ipv4:\n    admin-state: enable\n    address:\n    - ip-prefix: \"172.0.42.1/24\"\n      primary: [null]\n\n\n\n- path: /network-instance[name=default]\n  value:\n   type: default\n   interface:\n   - name: system0.0\n\n- path: /network-instance[name=default]\n  value:\n   type: default\n   interface:\n   - name: ethernet-1/1.0\n- path: /network-instance[name=default]\n  value:\n   type: default\n   interface:\n   - name: ethernet-1/2.0\n- path: /network-instance[name=default]\n  value:\n   type: default\n   interface:\n   - name: ethernet-1/3.0\n- path: /network-instance[name=default]\n  value:\n   type: default\n   interface:\n   - name: ethernet-1/4.0\n- path: /network-instance[name=default]\n  value:\n   type: default\n   interface:\n   - name: ethernet-1/5.0\n\n\n"
}
ok: [dut2] => {
    "msg": "initial configuration for dut2\n=========================================\n\nupdates:\n- path: /system/mtu\n  value:\n   default-port-mtu: 1514\n   default-l2-mtu: 1514\n   default-ip-mtu: 1500\n   _annotate_default-ip-mtu: \"Custom system wide setting, overrides default 1500\"\n\n- path: /interface[name=system0]/subinterface[index=0]\n  value:\n   description: \"No description\"\n   admin-state: enable\n   ipv4:\n    admin-state: enable\n    address:\n    - ip-prefix: \"10.0.0.2/32\"\n\n- path: /interface[name=ethernet-1/1]\n  value:\n   description: \"dut2 ~ dut\"\n   subinterface:\n    index: 0\n    description: \"dut2 ~ dut\"\n\n- path: /interface[name=ethernet-1/1]/subinterface[index=0]\n  value:\n   description: \"dut2 ~ dut\"\n   admin-state: enable\n   ipv4:\n    admin-state: enable\n    address:\n    - ip-prefix: \"172.0.66.2/24\"\n      primary: [null]\n\n\n\n- path: /network-instance[name=default]\n  value:\n   type: default\n   interface:\n   - name: system0.0\n\n- path: /network-instance[name=default]\n  value:\n   type: default\n   interface:\n   - name: ethernet-1/1.0\n\n\n"
}

TASK [Deploy initial configuration] ********************************************
included: /home/pipi/net101/tools/netsim/ansible/tasks/deploy-config/srlinux.yml for dut, dut2

TASK [Generate JSON-RPC YAML configuration] ************************************
ok: [dut]
ok: [dut2]

TASK [Update SRL initial node configuration (template=/work/netlab_cicd/node_files/dut/initial)] ***
changed: [dut2]
changed: [dut]

TASK [debug] *******************************************************************
skipping: [dut]
skipping: [dut2]

PLAY [Deploy module-specific configurations] ***********************************

TASK [Set variables that cannot be set with VARS] ******************************
ok: [dut]
ok: [dut2]

TASK [Deploy individual configuration modules] *********************************
included: /home/pipi/net101/tools/netsim/ansible/tasks/deploy-module.yml for dut, dut2 => (item=ospf)
included: /home/pipi/net101/tools/netsim/ansible/tasks/deploy-module.yml for dut, dut2 => (item=bgp)

TASK [Figure out whether to deploy the module ospf on current device] **********
ok: [dut]
ok: [dut2]

TASK [Find configuration template for ospf] ************************************
skipping: [dut2]
ok: [dut]

TASK [fail] ********************************************************************
skipping: [dut]
skipping: [dut2]

TASK [Find configuration deployment deploy_script for ospf] ********************
skipping: [dut2]
ok: [dut]

TASK [Print deployed configuration when running in verbose mode] ***************
skipping: [dut2]
ok: [dut] => {
    "msg": "ospf configuration for dut\n=========================================\nupdates:\n\n\n- path: /network-instance[name=default]\n  value:\n    router-id: 10.0.0.1\n    protocols:\n      ospf:\n        instance:\n        - name: \"0\"\n          version: ospf-v2\n          admin-state: enable\n          max-ecmp-paths: 64\n          area:\n          - area-id: 0.0.0.0\n            interface:\n            - interface-name: system0.0\n              passive: True\n          - area-id: 0.0.0.0\n            interface:\n            - interface-name: ethernet-1/1.0\n              interface-type: \"point-to-point\"\n              failure-detection:\n                enable-bfd: False\n       # OSPF not configured on external interface ethernet-1/2\n       # OSPF not configured on external interface ethernet-1/3\n       # OSPF not configured on external interface ethernet-1/4\n          - area-id: 0.0.0.0\n            interface:\n            - interface-name: ethernet-1/5.0\n              passive: True\n              failure-detection:\n                enable-bfd: False\n\n"
}

TASK [Deploy ospf configuration] ***********************************************
skipping: [dut2]
included: /home/pipi/net101/tools/netsim/ansible/tasks/deploy-config/srlinux.yml for dut

TASK [Generate JSON-RPC YAML configuration] ************************************
ok: [dut]

TASK [Update SRL ospf node configuration (template=/work/netlab_cicd/node_files/dut/ospf)] ***
changed: [dut]

TASK [debug] *******************************************************************
skipping: [dut]

TASK [Figure out whether to deploy the module bgp on current device] ***********
ok: [dut]
ok: [dut2]

TASK [Find configuration template for bgp] *************************************
ok: [dut]
ok: [dut2]

TASK [fail] ********************************************************************
skipping: [dut]
skipping: [dut2]

TASK [Find configuration deployment deploy_script for bgp] *********************
ok: [dut]
ok: [dut2]

TASK [Print deployed configuration when running in verbose mode] ***************
ok: [dut] => {
    "msg": "bgp configuration for dut\n=========================================\nupdates:\n\n- path: /routing-policy/policy[name=accept_all]\n  value:\n    default-action:\n      policy-result: accept\n\n- path: /routing-policy/community-set[name=ibgp-mark]\n  value:\n    member: [ \"65536:0:65536\" ]\n\n- path: /routing-policy/policy[name=ibgp-mark]\n  value:\n    default-action:\n      policy-result: reject\n    statement:\n    - name: mark-ibgp-routes\n      action:\n        bgp:\n          communities:\n            add: ibgp-mark\n        policy-result: accept\n\n- path: /routing-policy/prefix-set[name=default_bgp_advertise]\n  value:\n    prefix: [] # Make sure it exists\n\n- path: /routing-policy/policy[name=default_bgp_export]\n  value:\n    default-action:\n      policy-result: reject\n    statement:\n    - name: prefixes\n      match:\n       prefix:\n        prefix-set: default_bgp_advertise\n      action:\n        policy-result: next-policy\n    - name: bgp\n      match:\n        protocol: bgp\n      action:\n        policy-result: next-policy\n        bgp:\n          communities:\n            remove:\n              ibgp-mark\n\n\n- path: /network-instance[name=default]/protocols/bgp\n  value:\n    admin-state: enable\n    autonomous-system: 65000\n    router-id: 10.0.0.1\n    ebgp-default-policy:\n      export-reject-all: False\n      import-reject-all: False\n\n    afi-safi:\n    - afi-safi-name: ipv4-unicast\n      admin-state: enable\n\n\n- path: /routing-policy/prefix-set[name=default_bgp_advertise]\n  value:\n    prefix:\n    - ip-prefix: 172.0.42.0/24\n      mask-length-range: exact\n\n\n- path: /routing-policy/prefix-set[name=default_bgp_advertise]\n  value:\n    prefix:\n    - ip-prefix: 172.42.42.0/24\n      mask-length-range: exact\n\n\n\n- path: /network-instance[name=default]/protocols/bgp/group[group-name=ibgp-ipv4]\n  value:\n    admin-state: enable\n# neighbor: {'name': 'r1', 'as': 65000, 'type': 'ibgp', 'ipv4': '10.0.0.5', '_source_intf': {'type': 'loopback', 'neighbors': [], 'virtual_interface': True, 'ifindex': 0, 'ifname': 'lo0.0', 'ipv4': '10.0.0.1/32'}, 'next_hop_self': 'ebgp', 'activate': {'ipv4': True}}\n# ipv4: True\n# ipv6: True\n    afi-safi:\n    - afi-safi-name: ipv4-unicast\n      admin-state: enable\n      send-community-type: ['standard', 'large', 'extended']\n\n      import-policy: ['accept_all']\n      export-policy: ['default_bgp_export', 'accept_all']\n    - afi-safi-name: ipv6-unicast\n      admin-state: disable\n      send-community-type: ['standard', 'large', 'extended']\n\n      import-policy: ['accept_all']\n      export-policy: ['default_bgp_export', 'accept_all']\n\n    timers:\n      connect-retry: 10\n      _annotate_connect-retry: \"Reduce default 120s to 10s\"\n      minimum-advertisement-interval: 1\n    peer-as: 65000\n    transport:\n      local-address: 10.0.0.1\n    next-hop-self: True\n\n\n- path: /network-instance[name=default]/protocols/bgp\n  value:\n    neighbor:\n    - peer-address: \"10.0.0.5\"\n      description: r1\n      peer-group: ibgp-ipv4\n  # neighbor: {'name': 'r1', 'as': 65000, 'type': 'ibgp', 'ipv4': '10.0.0.5', '_source_intf': {'type': 'loopback', 'neighbors': [], 'virtual_interface': True, 'ifindex': 0, 'ifname': 'lo0.0', 'ipv4': '10.0.0.1/32'}, 'next_hop_self': 'ebgp', 'activate': {'ipv4': True}}\n  # ipv4: True\n  # ipv6: False\n      afi-safi:\n      - afi-safi-name: ipv4-unicast\n        admin-state: enable\n        send-community-type: ['standard', 'large', 'extended']\n\n      - afi-safi-name: ipv6-unicast\n        admin-state: disable\n\n\n- path: /network-instance[name=default]/protocols/bgp/group[group-name=ebgp]\n  value:\n    admin-state: enable\n# neighbor: {'ifindex': 2, 'name': 'x1', 'as': 65100, 'type': 'ebgp', 'ipv4': '10.1.0.6', 'activate': {'ipv4': True}}\n# ipv4: True\n# ipv6: True\n    afi-safi:\n    - afi-safi-name: ipv4-unicast\n      admin-state: enable\n      send-community-type: ['standard', 'large']\n\n      import-policy: ['accept_all']\n      export-policy: ['default_bgp_export', 'accept_all']\n    - afi-safi-name: ipv6-unicast\n      admin-state: disable\n      send-community-type: ['standard', 'large']\n\n      import-policy: ['accept_all']\n      export-policy: ['default_bgp_export', 'accept_all']\n\n    timers:\n      connect-retry: 10\n      _annotate_connect-retry: \"Reduce default 120s to 10s\"\n      minimum-advertisement-interval: 1\n\n\n- path: /network-instance[name=default]/protocols/bgp\n  value:\n    neighbor:\n    - peer-address: \"10.1.0.6\"\n      description: x1\n      peer-group: ebgp\n  # neighbor: {'ifindex': 2, 'name': 'x1', 'as': 65100, 'type': 'ebgp', 'ipv4': '10.1.0.6', 'activate': {'ipv4': True}}\n  # ipv4: True\n  # ipv6: False\n      afi-safi:\n      - afi-safi-name: ipv4-unicast\n        admin-state: enable\n        send-community-type: ['standard', 'large']\n\n      - afi-safi-name: ipv6-unicast\n        admin-state: disable\n\n      peer-as: 65100\n\n- path: /network-instance[name=default]/protocols/bgp/group[group-name=ebgp]\n  value:\n    admin-state: enable\n# neighbor: {'ifindex': 3, 'name': 'x2', 'as': 65101, 'type': 'ebgp', 'ipv4': '10.1.0.10', 'activate': {'ipv4': True}}\n# ipv4: True\n# ipv6: True\n    afi-safi:\n    - afi-safi-name: ipv4-unicast\n      admin-state: enable\n      send-community-type: ['standard', 'large']\n\n      import-policy: ['accept_all']\n      export-policy: ['default_bgp_export', 'accept_all']\n    - afi-safi-name: ipv6-unicast\n      admin-state: disable\n      send-community-type: ['standard', 'large']\n\n      import-policy: ['accept_all']\n      export-policy: ['default_bgp_export', 'accept_all']\n\n    timers:\n      connect-retry: 10\n      _annotate_connect-retry: \"Reduce default 120s to 10s\"\n      minimum-advertisement-interval: 1\n\n\n- path: /network-instance[name=default]/protocols/bgp\n  value:\n    neighbor:\n    - peer-address: \"10.1.0.10\"\n      description: x2\n      peer-group: ebgp\n  # neighbor: {'ifindex': 3, 'name': 'x2', 'as': 65101, 'type': 'ebgp', 'ipv4': '10.1.0.10', 'activate': {'ipv4': True}}\n  # ipv4: True\n  # ipv6: False\n      afi-safi:\n      - afi-safi-name: ipv4-unicast\n        admin-state: enable\n        send-community-type: ['standard', 'large']\n\n      - afi-safi-name: ipv6-unicast\n        admin-state: disable\n\n      peer-as: 65101\n\n- path: /network-instance[name=default]/protocols/bgp/group[group-name=ebgp]\n  value:\n    admin-state: enable\n# neighbor: {'ifindex': 4, 'name': 'dut2', 'as': 65001, 'type': 'ebgp', 'ipv4': '172.0.66.2', 'activate': {'ipv4': True}}\n# ipv4: True\n# ipv6: True\n    afi-safi:\n    - afi-safi-name: ipv4-unicast\n      admin-state: enable\n      send-community-type: ['standard', 'large']\n\n      import-policy: ['accept_all']\n      export-policy: ['default_bgp_export', 'accept_all']\n    - afi-safi-name: ipv6-unicast\n      admin-state: disable\n      send-community-type: ['standard', 'large']\n\n      import-policy: ['accept_all']\n      export-policy: ['default_bgp_export', 'accept_all']\n\n    timers:\n      connect-retry: 10\n      _annotate_connect-retry: \"Reduce default 120s to 10s\"\n      minimum-advertisement-interval: 1\n\n\n- path: /network-instance[name=default]/protocols/bgp\n  value:\n    neighbor:\n    - peer-address: \"172.0.66.2\"\n      description: dut2\n      peer-group: ebgp\n  # neighbor: {'ifindex': 4, 'name': 'dut2', 'as': 65001, 'type': 'ebgp', 'ipv4': '172.0.66.2', 'activate': {'ipv4': True}}\n  # ipv4: True\n  # ipv6: False\n      afi-safi:\n      - afi-safi-name: ipv4-unicast\n        admin-state: enable\n        send-community-type: ['standard', 'large']\n\n      - afi-safi-name: ipv6-unicast\n        admin-state: disable\n\n      peer-as: 65001\n\n- path: /network-instance[name=default]/next-hop-groups/group[name=blackhole]\n  value:\n    blackhole:\n      generate-icmp: True\n- path: /network-instance[name=default]/static-routes\n  value:\n    route:\n    - prefix: \"172.42.42.0/24\"\n      next-hop-group: blackhole\n\n"
}
ok: [dut2] => {
    "msg": "bgp configuration for dut2\n=========================================\nupdates:\n\n- path: /routing-policy/policy[name=accept_all]\n  value:\n    default-action:\n      policy-result: accept\n\n- path: /routing-policy/community-set[name=ibgp-mark]\n  value:\n    member: [ \"65536:0:65536\" ]\n\n- path: /routing-policy/policy[name=ibgp-mark]\n  value:\n    default-action:\n      policy-result: reject\n    statement:\n    - name: mark-ibgp-routes\n      action:\n        bgp:\n          communities:\n            add: ibgp-mark\n        policy-result: accept\n\n- path: /routing-policy/prefix-set[name=default_bgp_advertise]\n  value:\n    prefix: [] # Make sure it exists\n\n- path: /routing-policy/policy[name=default_bgp_export]\n  value:\n    default-action:\n      policy-result: reject\n    statement:\n    - name: prefixes\n      match:\n       prefix:\n        prefix-set: default_bgp_advertise\n      action:\n        policy-result: next-policy\n    - name: bgp\n      match:\n        protocol: bgp\n      action:\n        policy-result: next-policy\n        bgp:\n          communities:\n            remove:\n              ibgp-mark\n\n\n- path: /network-instance[name=default]/protocols/bgp\n  value:\n    admin-state: enable\n    autonomous-system: 65001\n    router-id: 10.0.0.2\n    ebgp-default-policy:\n      export-reject-all: False\n      import-reject-all: False\n\n    afi-safi:\n    - afi-safi-name: ipv4-unicast\n      admin-state: enable\n\n- path: /routing-policy/prefix-set[name=default_bgp_advertise]\n  value:\n    prefix:\n    - ip-prefix: 10.0.0.2/32\n      mask-length-range: exact\n\n\n\n\n\n- path: /network-instance[name=default]/protocols/bgp/group[group-name=ebgp]\n  value:\n    admin-state: enable\n# neighbor: {'ifindex': 1, 'name': 'dut', 'as': 65000, 'type': 'ebgp', 'ipv4': '172.0.66.1', 'activate': {'ipv4': True}}\n# ipv4: True\n# ipv6: True\n    afi-safi:\n    - afi-safi-name: ipv4-unicast\n      admin-state: enable\n      send-community-type: ['standard', 'large']\n\n      import-policy: ['accept_all']\n      export-policy: ['default_bgp_export', 'accept_all']\n    - afi-safi-name: ipv6-unicast\n      admin-state: disable\n      send-community-type: ['standard', 'large']\n\n      import-policy: ['accept_all']\n      export-policy: ['default_bgp_export', 'accept_all']\n\n    timers:\n      connect-retry: 10\n      _annotate_connect-retry: \"Reduce default 120s to 10s\"\n      minimum-advertisement-interval: 1\n\n\n- path: /network-instance[name=default]/protocols/bgp\n  value:\n    neighbor:\n    - peer-address: \"172.0.66.1\"\n      description: dut\n      peer-group: ebgp\n  # neighbor: {'ifindex': 1, 'name': 'dut', 'as': 65000, 'type': 'ebgp', 'ipv4': '172.0.66.1', 'activate': {'ipv4': True}}\n  # ipv4: True\n  # ipv6: False\n      afi-safi:\n      - afi-safi-name: ipv4-unicast\n        admin-state: enable\n        send-community-type: ['standard', 'large']\n\n      - afi-safi-name: ipv6-unicast\n        admin-state: disable\n\n      peer-as: 65000\n\n\n"
}

TASK [Deploy bgp configuration] ************************************************
included: /home/pipi/net101/tools/netsim/ansible/tasks/deploy-config/srlinux.yml for dut, dut2

TASK [Generate JSON-RPC YAML configuration] ************************************
ok: [dut]
ok: [dut2]

TASK [Update SRL bgp node configuration (template=/work/netlab_cicd/node_files/dut/bgp)] ***
changed: [dut]
changed: [dut2]

TASK [debug] *******************************************************************
skipping: [dut]
skipping: [dut2]

PLAY [Deploy custom deployment templates] **************************************
skipping: no hosts matched

PLAY RECAP *********************************************************************
dut                        : ok=30   changed=3    unreachable=0    failed=0    skipped=9    rescued=0    ignored=0   
dut2                       : ok=24   changed=2    unreachable=0    failed=0    skipped=12   rescued=0    ignored=0   

Results of configuration script deployments
================================================================================
x1               Script:  initial,bgp
x2               Script:  initial,bgp
r1               Script:  initial,ospf,bgp


Use this topology to test the origination and propagation
of IPv4 prefixes.

