time="2024-05-30T06:02:16Z" level=info msg="Containerlab v0.54.2 started"
time="2024-05-30T06:02:16Z" level=info msg="Parsing & checking topology file: clab.yml"
time="2024-05-30T06:02:16Z" level=info msg="Creating docker network: Name=\"nl_mgmt_17\", IPv4Subnet=\"192.168.17.0/24\", IPv6Subnet=\"\", MTU=1500"
time="2024-05-30T06:02:16Z" level=info msg="Creating lab directory: /work/netlab_cicd/clab-ml_17"
time="2024-05-30T06:02:16Z" level=info msg="Creating container: \"x2\""
time="2024-05-30T06:02:16Z" level=info msg="Creating container: \"x1\""
time="2024-05-30T06:02:16Z" level=info msg="Creating container: \"dut2\""
time="2024-05-30T06:02:16Z" level=info msg="Creating container: \"dut\""
time="2024-05-30T06:02:17Z" level=info msg="Running postdeploy actions for Nokia SR Linux 'dut2' node"
time="2024-05-30T06:02:17Z" level=info msg="Created link: dut:e1-1 <--> x1:eth1"
time="2024-05-30T06:02:17Z" level=info msg="Created link: dut:e1-2 <--> x2:eth1"
time="2024-05-30T06:02:18Z" level=info msg="Created link: dut:e1-3 <--> dut2:e1-1"
time="2024-05-30T06:02:18Z" level=info msg="Created link: dut:e1-4 <--> ml_17_4:ml_17_1_4"
time="2024-05-30T06:02:18Z" level=info msg="Running postdeploy actions for Nokia SR Linux 'dut' node"
time="2024-05-30T06:02:28Z" level=info msg="Adding containerlab host entries to /etc/hosts file"
time="2024-05-30T06:02:28Z" level=info msg="Adding ssh config for containerlab nodes"
+---+-----------------+--------------+------------------------------+-------+---------+-------------------+--------------+
| # |      Name       | Container ID |            Image             | Kind  |  State  |   IPv4 Address    | IPv6 Address |
+---+-----------------+--------------+------------------------------+-------+---------+-------------------+--------------+
| 1 | clab-ml_17-dut  | badf11937ffe | ghcr.io/nokia/srlinux:24.3.2 | srl   | running | 192.168.17.101/24 | N/A          |
| 2 | clab-ml_17-dut2 | cb8fbbc91a94 | ghcr.io/nokia/srlinux:24.3.2 | srl   | running | 192.168.17.102/24 | N/A          |
| 3 | clab-ml_17-x1   | d962acc67645 | quay.io/frrouting/frr:master | linux | running | 192.168.17.103/24 | N/A          |
| 4 | clab-ml_17-x2   | c33e01cdc074 | quay.io/frrouting/frr:master | linux | running | 192.168.17.104/24 | N/A          |
+---+-----------------+--------------+------------------------------+-------+---------+-------------------+--------------+
Using transformed lab topology from snapshot file netlab.snapshot.yml
Checking virtualization provider installation
OK: clab installed and working correctly
Starting clab nodes
provider clab: executing sudo -E containerlab deploy -t clab.yml

Initial configuration skipped, run 'netlab initial' to configure the devices
