Checking virtualization provider installation
OK: clab installed and working correctly
Stopping clab nodes
10:40:17 INFO Parsing & checking topology file=clab.yml
10:40:17 INFO Parsing & checking topology file=clab.yml
10:40:17 INFO Destroying lab name=ml-17
10:40:17 INFO Removed container name=clab-ml-17-dut
10:40:18 INFO Removed container name=clab-ml-17-r2
10:40:18 INFO Removed container name=clab-ml-17-x1
10:40:18 INFO Removing host entries path=/etc/hosts
10:40:18 INFO Removing SSH config path=/etc/ssh/ssh_config.d/clab-ml-17.conf
Cleanup configuration files
... removing clab.yml
... removing ansible.cfg
... removing hosts.yml
... removing directory tree group_vars
... removing directory tree host_vars
... removing directory tree node_files
... removing netlab.snapshot.yml
... removing netlab.snapshot.pickle
