Creating Device configuration snippets
[CREATED] dut: initial,ospf,vrf,ospf.areas
[CREATED] r11: initial,ospf,ospf.areas
[CREATED] r12: initial,ospf,ospf.areas
[CREATED] r21: initial,ospf,ospf.areas
[CREATED] r22: initial,routing,ospf,ospf.areas
[CREATED] v1: initial,ospf,ospf.areas
[CREATED] v2: initial,ospf,ospf.areas
[CREATED] rb: initial,ospf,ospf.areas
Checking Are lab devices ready to be configured?
 [INFO] Checking SSH server(s) on dut
[SSH]     SSH server on node dut (device vjunos-switch) is ready after 83.9 seconds
 [INFO] Checking lab devices with an Ansible playbook
[WARNING]: Found variable using reserved name: hosts

PLAY [Wait for SSH servers] ****************************************************

PLAY [Wait for device-specific conditions] *************************************

TASK [Set variables that cannot be set with VARS] ******************************
ok: [dut]

TASK [Find device readiness script] ********************************************
ok: [dut]

TASK [Wait for device to become ready] *****************************************
included: /home/pipi/netlab_gh/netsim/ansible/tasks/readiness-check/junos.yml for dut

TASK [set_fact] ****************************************************************
ok: [dut]

TASK [Wait for first interface (ge-0/0/0)] *************************************
ok: [dut]

PLAY RECAP *********************************************************************
dut                        : ok=5    changed=0    unreachable=0    failed=0    skipped=0    rescued=0    ignored=0   

Config Deploying device configurations
 [INFO] Executing initial configuration for node r11
 [INFO] Executing initial configuration for node r12
 [INFO] Executing initial configuration for node r21
 [INFO] Executing initial configuration for node r22
 [INFO] Executing initial configuration for node v1
 [INFO] Executing initial configuration for node v2
 [INFO] Executing initial configuration for node rb
 [INFO] Executing ospf configuration for node r21
 [INFO] Executing ospf configuration for node v1
 [INFO] Executing ospf configuration for node rb
 [INFO] Executing routing configuration for node r22
 [INFO] Executing ospf configuration for node v2
 [INFO] Executing ospf configuration for node r12
 [INFO] Executing ospf configuration for node r11
 [INFO] Executing ospf configuration for node r22
 [INFO] Executing ospf.areas configuration for node v2
 [INFO] Executing ospf.areas configuration for node rb
 [INFO] Executing ospf.areas configuration for node v1
 [INFO] Executing ospf.areas configuration for node r21
 [INFO] Executing ospf.areas configuration for node r12
 [INFO] Executing ospf.areas configuration for node r11
 [INFO] Executing ospf.areas configuration for node r22
 [INFO] Starting Ansible playbook to deploy the rest of the
          configurations
[WARNING]: Found variable using reserved name: hosts

PLAY [Deploy initial device configuration] *************************************

TASK [Set variables that cannot be set with VARS] ******************************
ok: [dut]

TASK [Normalize config on bridge-like devices] *********************************
included: /home/pipi/netlab_gh/netsim/ansible/tasks/deploy-module.yml for dut

TASK [Figure out whether to deploy the module normalize on current device] *****
ok: [dut]

TASK [Find configuration template for normalize] *******************************
ok: [dut]

TASK [fail] ********************************************************************
skipping: [dut]

TASK [Find configuration deployment deploy_script for normalize] ***************
ok: [dut]

TASK [Print deployed configuration when running in verbose mode] ***************
skipping: [dut]

TASK [Deploy normalize configuration] ******************************************
skipping: [dut]

TASK [Deploy initial configuration] ********************************************
included: /home/pipi/netlab_gh/netsim/ansible/tasks/deploy-module.yml for dut

TASK [Figure out whether to deploy the module initial on current device] *******
ok: [dut]

TASK [Find configuration template for initial] *********************************
ok: [dut]

TASK [fail] ********************************************************************
skipping: [dut]

TASK [Find configuration deployment deploy_script for initial] *****************
ok: [dut]

TASK [Print deployed configuration when running in verbose mode] ***************
ok: [dut] => {
    "msg": "initial configuration for dut\n=========================================\nsystem {\n  host-name dut;\n  static-host-mapping {\n  }\n}\n\n\n\n\npolicy-options {\n  community tg_65000_1 members target:65000:1;\n}\n\n\n\npolicy-options {\n  policy-statement vrf-tenant-rt-export {\n    term 1 {\n      then {\n        community add tg_65000_1;\n        accept;\n      }\n    }\n  }\n\n\n  policy-statement vrf-tenant-rt-import {\n    term 1 {\n      from community [ tg_65000_1 ];\n      then accept;\n    }\n    term default {\n      then reject;\n    }\n  }\n}\n\nrouting-instances {\n\n  tenant {\n    instance-type vrf;\n    route-distinguisher 65000:1;\n\n    vrf-import vrf-tenant-rt-import;\n    vrf-export vrf-tenant-rt-export;\n\n    routing-options {\n      auto-export;\n    }\n\n    interface ge-0/0/5.0;\n    interface ge-0/0/6.0;\n\n  }\n\n}\ninterfaces {\n  ge-0/0/0 {\n    mtu 1514;\n  }\n  ge-0/0/1 {\n    mtu 1514;\n  }\n  ge-0/0/2 {\n    mtu 1514;\n  }\n  ge-0/0/3 {\n    mtu 1514;\n  }\n  ge-0/0/4 {\n    mtu 1514;\n  }\n  ge-0/0/5 {\n    mtu 1514;\n  }\n  ge-0/0/6 {\n    mtu 1514;\n  }\n\n  lo0.0 {\n    \n      family inet6 {\n        address 2001:db8:1::1/128;\n      }\n    \n  }\n  ge-0/0/0.0 {\n    description \"dut -> r11\";\n    \n      family inet6 {\n        address 2001:db8:3::1/64;\n      }\n    \n  }\n  ge-0/0/1.0 {\n    description \"dut -> r12\";\n    \n      family inet6 {\n        address 2001:db8:3:1::1/64;\n      }\n    \n  }\n  ge-0/0/2.0 {\n    description \"dut -> r21\";\n    \n      family inet6 {\n        address 2001:db8:3:2::1/64;\n      }\n    \n  }\n  ge-0/0/3.0 {\n    description \"dut -> r22\";\n    \n      family inet6 {\n        address 2001:db8:3:3::1/64;\n      }\n    \n  }\n  ge-0/0/4.0 {\n    description \"dut -> rb\";\n    \n      family inet6 {\n        address 2001:db8:3:4::1/64;\n      }\n    \n  }\n  ge-0/0/5.0 {\n    description \"dut -> v1\";\n    \n      family inet6 {\n        address 2001:db8:3:5::1/64;\n      }\n    \n  }\n  ge-0/0/6.0 {\n    description \"dut -> v2\";\n    \n      family inet6 {\n        address 2001:db8:3:6::1/64;\n      }\n    \n  }\n}\nprotocols {\n  lldp {\n    interface fxp0 {\n      disable;\n    }\n    interface all;\n  }\n  router-advertisement {\n    interface ge-0/0/0.0;\n    interface ge-0/0/1.0;\n    interface ge-0/0/2.0;\n    interface ge-0/0/3.0;\n    interface ge-0/0/4.0;\n    interface ge-0/0/5.0;\n    interface ge-0/0/6.0;\n  }\n}\n"
}

TASK [Deploy initial configuration] ********************************************
included: /home/pipi/netlab_gh/netsim/ansible/tasks/deploy-config/junos.yml for dut

TASK [junos_config: deploying initial from /work/netlab_cicd/node_files/dut/initial] ***
[WARNING]: mgd: statement must contain additional statements
changed: [dut]

PLAY [Deploy module-specific configurations] ***********************************

TASK [Set variables that cannot be set with VARS] ******************************
ok: [dut]

TASK [Deploy individual configuration modules] *********************************
included: /home/pipi/netlab_gh/netsim/ansible/tasks/deploy-module.yml for dut => (item=routing)
included: /home/pipi/netlab_gh/netsim/ansible/tasks/deploy-module.yml for dut => (item=ospf)
included: /home/pipi/netlab_gh/netsim/ansible/tasks/deploy-module.yml for dut => (item=vrf)

TASK [Figure out whether to deploy the module routing on current device] *******
ok: [dut]

TASK [Find configuration template for routing] *********************************
skipping: [dut]

TASK [fail] ********************************************************************
skipping: [dut]

TASK [Find configuration deployment deploy_script for routing] *****************
skipping: [dut]

TASK [Print deployed configuration when running in verbose mode] ***************
skipping: [dut]

TASK [Deploy routing configuration] ********************************************
skipping: [dut]

TASK [Figure out whether to deploy the module ospf on current device] **********
ok: [dut]

TASK [Find configuration template for ospf] ************************************
ok: [dut]

TASK [fail] ********************************************************************
skipping: [dut]

TASK [Find configuration deployment deploy_script for ospf] ********************
ok: [dut]

TASK [Print deployed configuration when running in verbose mode] ***************
ok: [dut] => {
    "msg": "ospf configuration for dut\n=========================================\nrouting-options {\n  router-id 10.0.0.1\n}\nprotocols {\n  delete: ospf3;\n}\n\nprotocols {\n  ospf3 {\n    area 0.0.0.0 {\n      interface lo0.0 {\n      }\n    }\n    area 0.0.0.11 {\n      interface ge-0/0/0.0 {\n        interface-type p2p;\n      }\n    }\n    area 0.0.0.12 {\n      interface ge-0/0/1.0 {\n        interface-type p2p;\n      }\n    }\n    area 0.0.0.21 {\n      interface ge-0/0/2.0 {\n        interface-type p2p;\n      }\n    }\n    area 0.0.0.22 {\n      interface ge-0/0/3.0 {\n        interface-type p2p;\n      }\n    }\n    area 0.0.0.0 {\n      interface ge-0/0/4.0 {\n        interface-type p2p;\n      }\n    }\n  }\n}\n\n"
}

TASK [Deploy ospf configuration] ***********************************************
included: /home/pipi/netlab_gh/netsim/ansible/tasks/deploy-config/junos.yml for dut

TASK [junos_config: deploying ospf from /work/netlab_cicd/node_files/dut/ospf] ***
[WARNING]:  statement not found
changed: [dut]

TASK [Figure out whether to deploy the module vrf on current device] ***********
ok: [dut]

TASK [Find configuration template for vrf] *************************************
ok: [dut]

TASK [fail] ********************************************************************
skipping: [dut]

TASK [Find configuration deployment deploy_script for vrf] *********************
ok: [dut]

TASK [Print deployed configuration when running in verbose mode] ***************
ok: [dut] => {
    "msg": "vrf configuration for dut\n=========================================\n\nrouting-instances {\n  tenant {\n    routing-options {\n      router-id 10.1.0.1\n    }\n  }\n}\n\npolicy-options {\n  policy-statement vrf-tenant-ospf-export {\n    term redis_direct {\n      from {\n        protocol direct;\n      }\n      then accept;\n    }\n    term redis_bgp {\n      from protocol bgp;\n      then {\n        accept;\n      }\n    }\n    term redis_local_target {\n      from community [ tg_65000_1 ];\n      then accept;\n    }\n  }\n}\nrouting-instances {\n  tenant {\nprotocols {\n  delete: ospf3;\n}\n\nprotocols {\n  ospf3 {\n    export vrf-tenant-ospf-export;\n    area 0.0.0.11 {\n      interface ge-0/0/5.0 {\n        interface-type p2p;\n      }\n    }\n    area 0.0.0.21 {\n      interface ge-0/0/6.0 {\n        interface-type p2p;\n      }\n    }\n  }\n}\n} }\n\n"
}

TASK [Deploy vrf configuration] ************************************************
included: /home/pipi/netlab_gh/netsim/ansible/tasks/deploy-config/junos.yml for dut

TASK [junos_config: deploying vrf from /work/netlab_cicd/node_files/dut/vrf] ***
changed: [dut]

PLAY [Deploy custom deployment templates] **************************************

TASK [Run custom configuration deployment scripts] *****************************
included: /home/pipi/netlab_gh/netsim/ansible/tasks/deploy-custom-config.yml for dut => (item=ospf.areas)

TASK [Find configuration template] *********************************************
ok: [dut]

TASK [fail] ********************************************************************
skipping: [dut]

TASK [Check is the configuration template is a file] ***************************
ok: [dut -> localhost]

TASK [fail] ********************************************************************
skipping: [dut]

TASK [Process template /work/netlab_cicd/node_files/dut/ospf.areas for dut] ****
skipping: [dut]

TASK [Find custom configuration deployment script] *****************************
ok: [dut]

TASK [Run the configuration deployment script] *********************************
included: /home/pipi/netlab_gh/netsim/ansible/tasks/deploy-config/junos.yml for dut

TASK [junos_config: deploying ospf.areas from /work/netlab_cicd/node_files/dut/ospf.areas] ***
[WARNING]: mgd: statement has no contents; ignored
changed: [dut]

PLAY RECAP *********************************************************************
dut                        : ok=35   changed=4    unreachable=0    failed=0    skipped=14   rescued=0    ignored=0   

Results of configuration script deployments
================================================================================
r11                          OK: 3   
r12                          OK: 3   
r21                          OK: 3   
r22                          OK: 4   
v1                           OK: 3   
v2                           OK: 3   
rb                           OK: 3   


This lab tests numerous combinations of OSPFv3 area parameters. It currently
tests:

* Stub and NSSA areas
* Insertion of default route into stub/NSSA areas
* Suppression of inter-area routes in stub/NSSA area
* Area ranges (including explicit range cost) and suppressed ranges
* Summarization and suppression of NSSA routes
* Configuration of VRF instances

