07:04:22 INFO Parsing & checking topology file=clab.yml
07:04:22 INFO Parsing & checking topology file=clab.yml
07:04:22 INFO Destroying lab name=ml-17
07:04:23 INFO Removed container name=clab-ml-17-v2
07:04:24 INFO Removed container name=clab-ml-17-rb
07:04:24 INFO Removed container name=clab-ml-17-r21
07:04:24 INFO Removed container name=clab-ml-17-r12
07:04:24 INFO Removed container name=clab-ml-17-v1
07:04:24 INFO Removed container name=clab-ml-17-r22
07:04:24 INFO Removed container name=clab-ml-17-r11
07:04:25 INFO Removed container name=clab-ml-17-dut
07:04:25 INFO Removing host entries path=/etc/hosts
07:04:25 INFO Removing SSH config path=/etc/ssh/ssh_config.d/clab-ml-17.conf
Checking virtualization provider installation
OK: clab installed and working correctly
Stopping clab nodes
Cleanup configuration files
... removing clab.yml
... removing ansible.cfg
... removing hosts.yml
... removing directory tree group_vars
... removing directory tree host_vars
... removing directory tree node_files
... removing netlab.snapshot.yml
... removing netlab.snapshot.pickle
