Creating Device configuration snippets
[CREATED] dut: initial,ospf,bgp
[CREATED] rr2: initial,ospf,bgp
[CREATED] r1: initial,ospf,bgp
[CREATED] r2: initial,ospf,bgp
[CREATED] x1: initial,bgp
Config Deploying device configurations
 [INFO] Executing initial configuration for node rr2
 [INFO] Executing initial configuration for node r1
 [INFO] Executing initial configuration for node r2
 [INFO] Executing initial configuration for node x1
 [INFO] Executing ospf configuration for node rr2
 [INFO] Executing ospf configuration for node r2
 [INFO] Executing bgp configuration for node x1
 [INFO] Executing ospf configuration for node r1
 [INFO] Executing bgp configuration for node r2
 [INFO] Executing bgp configuration for node rr2
 [INFO] Executing bgp configuration for node r1
 [INFO] Starting Ansible playbook to deploy the rest of the
          configurations
[WARNING]: Found variable using reserved name: hosts

PLAY [Deploy initial device configuration] *************************************

TASK [Set variables that cannot be set with VARS] ******************************
ok: [dut]

TASK [Normalize config on bridge-like devices] *********************************
included: /home/pipi/netlab_gh/netsim/ansible/tasks/deploy-module.yml for dut

TASK [Figure out whether to deploy the module normalize on current device] *****
ok: [dut]

TASK [Find configuration template for normalize] *******************************
ok: [dut]

TASK [fail] ********************************************************************
skipping: [dut]

TASK [Find configuration deployment deploy_script for normalize] ***************
ok: [dut]

TASK [Print deployed configuration when running in verbose mode] ***************
skipping: [dut]

TASK [Deploy normalize configuration] ******************************************
skipping: [dut]

TASK [Deploy initial configuration] ********************************************
included: /home/pipi/netlab_gh/netsim/ansible/tasks/deploy-module.yml for dut

TASK [Figure out whether to deploy the module initial on current device] *******
ok: [dut]

TASK [Find configuration template for initial] *********************************
ok: [dut]

TASK [fail] ********************************************************************
skipping: [dut]

TASK [Find configuration deployment deploy_script for initial] *****************
ok: [dut]

TASK [Print deployed configuration when running in verbose mode] ***************
ok: [dut] => {
    "msg": "initial configuration for dut\n=========================================\n#!/bin/sh\n#\nset -e\nset -x\n\nhostname dut\n#\n# Build hosts file\n#\n#\ncat <<'SCRIPT' >/tmp/hosts\n#\n# Created by netlab initial\n#\n2001:db8:1::1 dut\n2001:db8:3::1 vio1.dut\n2001:db8:3:3::1 vio2.dut\n2001:db8:1::a r1\n2001:db8:3::a eth1.r1\n2001:db8:3:1::a eth2.r1\n2001:db8:3:2::a eth3.r1\n2001:db8:cafe:1::a eth4.r1\n2001:db8:1::3 r2\n2001:db8:3:2::3 eth1.r2\n2001:db8:1::2 rr2\n2001:db8:3:1::2 eth1.rr2\n2001:db8:cafe:e::1 x1\n2001:db8:3:3::4 eth1.x1\nSCRIPT\ngrep \"Created by netlab\" /etc/hosts || uniq /tmp/hosts >>/etc/hosts\n\n#\n# Enable forwarding\n#\nsysctl net.inet.ip.forwarding=1\nsysctl net.inet6.ip6.forwarding=1\necho -n > /etc/rad.conf\n\n#\n# Interface configuration\n#\necho interface lo0 >> /etc/rad.conf\nifconfig lo0 inet6 2001:db8:1::1/128\n\nifconfig vio1 -inet\nifconfig vio1 -inet6\necho interface vio1 >> /etc/rad.conf\nifconfig vio1 inet6 2001:db8:3::1/64\nifconfig vio1 mtu 1500\nifconfig vio1 description \"dut -> r1\"\n\nifconfig vio2 -inet\nifconfig vio2 -inet6\necho interface vio2 >> /etc/rad.conf\nifconfig vio2 inet6 2001:db8:3:3::1/64\nifconfig vio2 mtu 1500\nifconfig vio2 description \"dut -> x1\"\n\n\n#\n# (re-)start RA daemon\n#\npkill -q rad || true\nrad\n"
}

TASK [Deploy initial configuration] ********************************************
included: /home/pipi/netlab_gh/netsim/ansible/tasks/deploy-config/openbsd.yml for dut

TASK [template] ****************************************************************
changed: [dut]

TASK [Execute /tmp/config.sh to deploy initial config from /work/netlab_cicd/node_files/dut/initial] ***
changed: [dut]

PLAY [Deploy module-specific configurations] ***********************************

TASK [Set variables that cannot be set with VARS] ******************************
ok: [dut]

TASK [Deploy individual configuration modules] *********************************
included: /home/pipi/netlab_gh/netsim/ansible/tasks/deploy-module.yml for dut => (item=ospf)
included: /home/pipi/netlab_gh/netsim/ansible/tasks/deploy-module.yml for dut => (item=bgp)

TASK [Figure out whether to deploy the module ospf on current device] **********
ok: [dut]

TASK [Find configuration template for ospf] ************************************
ok: [dut]

TASK [fail] ********************************************************************
skipping: [dut]

TASK [Find configuration deployment deploy_script for ospf] ********************
ok: [dut]

TASK [Print deployed configuration when running in verbose mode] ***************
ok: [dut] => {
    "msg": "ospf configuration for dut\n=========================================\n#!/bin/sh\ncat <<'OSPFD_CONF' >/etc/ospf6d.conf\nrouter-id 10.0.0.1\nspf-delay 1\nspf-holdtime 1\n\narea 0.0.0.0 {\n    interface lo0 {\n    }\n    interface vio1 {\n        type p2p\n    }\n}\n \nOSPFD_CONF\n\nchmod 640 /etc/ospf6d.conf\nrcctl enable ospf6d\nrcctl restart ospf6d\n\n"
}

TASK [Deploy ospf configuration] ***********************************************
included: /home/pipi/netlab_gh/netsim/ansible/tasks/deploy-config/openbsd.yml for dut

TASK [template] ****************************************************************
changed: [dut]

TASK [Execute /tmp/config.sh to deploy ospf config from /work/netlab_cicd/node_files/dut/ospf] ***
changed: [dut]

TASK [Figure out whether to deploy the module bgp on current device] ***********
ok: [dut]

TASK [Find configuration template for bgp] *************************************
ok: [dut]

TASK [fail] ********************************************************************
skipping: [dut]

TASK [Find configuration deployment deploy_script for bgp] *********************
ok: [dut]

TASK [Print deployed configuration when running in verbose mode] ***************
ok: [dut] => {
    "msg": "bgp configuration for dut\n=========================================\n#!/bin/sh\n\ncat <<BGPD_CONF >/etc/bgpd.conf\nAS 65000\nrouter-id 10.0.0.1\nlog updates\n\n## network announcements\n\nnetwork 2001:db8:1::1/128\n\n## neighbors and groups\n\nneighbor 2001:db8:1::2 {\n    remote-as 65000\n    descr \"rr2\"\n    local-address 2001:db8:1::1\n}\nneighbor 2001:db8:1::a {\n    remote-as 65000\n    descr \"r1\"\n    local-address 2001:db8:1::1\n    route-reflector 10.0.0.42\n}\nneighbor 2001:db8:1::3 {\n    remote-as 65000\n    descr \"r2\"\n    local-address 2001:db8:1::1\n    route-reflector 10.0.0.42\n}\nneighbor 2001:db8:3:3::4 {\n    remote-as 65101\n    descr \"x1\"\n}\n\n## rules\n\nmatch from ebgp set { nexthop self }\nmatch to ebgp set { ext-community delete * * }\n\nallow from any\nallow to any\n\nBGPD_CONF\n\nchmod 640 /etc/bgpd.conf\nrcctl enable bgpd\nrcctl restart bgpd\n\n"
}

TASK [Deploy bgp configuration] ************************************************
included: /home/pipi/netlab_gh/netsim/ansible/tasks/deploy-config/openbsd.yml for dut

TASK [template] ****************************************************************
changed: [dut]

TASK [Execute /tmp/config.sh to deploy bgp config from /work/netlab_cicd/node_files/dut/bgp] ***
changed: [dut]

PLAY [Deploy custom deployment templates] **************************************
skipping: no hosts matched

PLAY RECAP *********************************************************************
dut                        : ok=30   changed=6    unreachable=0    failed=0    skipped=6    rescued=0    ignored=0   

Results of configuration script deployments
================================================================================
rr2              Script:  initial,ospf,bgp
r1               Script:  initial,ospf,bgp
r2               Script:  initial,ospf,bgp
x1               Script:  initial,bgp


Use this topology to test the IBGP RR implementation (rr-clients and
cluster-id) and next-hop handling (change next hop on EBGP but not on
reflected route) on IPv6 IBGP sessions.

