Creating Device configuration snippets
[CREATED] h1: initial,routing
[CREATED] h2: initial,routing
[CREATED] s1: initial,vlan
[CREATED] s2: initial,vlan
[CREATED] r1: initial
Config Deploying device configurations
 [INFO] Executing initial configuration for node h1 (namespace clab-
          ml-17-h1)
 [INFO] Executing initial configuration for node h2 (namespace clab-
          ml-17-h2)
 [INFO] Executing initial configuration for node r1
 [INFO] Executing routing configuration for node h1 (namespace clab-
          ml-17-h1)
 [INFO] Executing routing configuration for node h2 (namespace clab-
          ml-17-h2)
 [INFO] Starting Ansible playbook to deploy the rest of the
          configurations
[WARNING]: Found variable using reserved name: hosts

PLAY [Deploy initial device configuration] *************************************

TASK [Set variables that cannot be set with VARS] ******************************
ok: [s1]
ok: [s2]

TASK [Normalize config on bridge-like devices] *********************************
included: /home/pipi/net101/tools/netsim/ansible/tasks/deploy-module.yml for s1, s2

TASK [Figure out whether to deploy the module normalize on current device] *****
ok: [s1]
ok: [s2]

TASK [Find configuration template for normalize] *******************************
ok: [s1]
ok: [s2]

TASK [fail] ********************************************************************
skipping: [s1]
skipping: [s2]

TASK [Find configuration deployment deploy_script for normalize] ***************
ok: [s1]
ok: [s2]

TASK [Print deployed configuration when running in verbose mode] ***************
skipping: [s1]
skipping: [s2]

TASK [Deploy normalize configuration] ******************************************
skipping: [s1]
skipping: [s2]

TASK [Deploy initial configuration] ********************************************
included: /home/pipi/net101/tools/netsim/ansible/tasks/deploy-module.yml for s1, s2

TASK [Figure out whether to deploy the module initial on current device] *******
ok: [s1]
ok: [s2]

TASK [Find configuration template for initial] *********************************
ok: [s1]
ok: [s2]

TASK [fail] ********************************************************************
skipping: [s1]
skipping: [s2]

TASK [Find configuration deployment deploy_script for initial] *****************
ok: [s1]
ok: [s2]

TASK [Print deployed configuration when running in verbose mode] ***************
ok: [s1] => {
    "msg": "initial configuration for s1\n=========================================\n\nupdates:\n\n- path: /interface[name=system0]/subinterface[index=0]\n  value:\n   description: \"No description\"\n   admin-state: enable\n   ipv4:\n    admin-state: enable\n    address:\n    - ip-prefix: \"10.0.0.3/32\"\n\n\n\n- path: /network-instance[name=default]\n  value:\n   type: default\n   interface:\n   - name: system0.0\n\n\n\n"
}
ok: [s2] => {
    "msg": "initial configuration for s2\n=========================================\n\nupdates:\n\n- path: /interface[name=system0]/subinterface[index=0]\n  value:\n   description: \"No description\"\n   admin-state: enable\n   ipv4:\n    admin-state: enable\n    address:\n    - ip-prefix: \"10.0.0.4/32\"\n\n\n\n- path: /network-instance[name=default]\n  value:\n   type: default\n   interface:\n   - name: system0.0\n\n\n\n"
}

TASK [Deploy initial configuration] ********************************************
included: /home/pipi/net101/tools/netsim/ansible/tasks/deploy-config/srlinux.yml for s1, s2

TASK [Generate JSON-RPC YAML configuration] ************************************
ok: [s1]
ok: [s2]

TASK [Update SRL initial node configuration (template=/work/netlab_cicd/node_files/s1/initial)] ***
changed: [s1]
changed: [s2]

TASK [debug] *******************************************************************
skipping: [s1]
skipping: [s2]

PLAY [Deploy module-specific configurations] ***********************************

TASK [Set variables that cannot be set with VARS] ******************************
ok: [s1]
ok: [s2]

TASK [Deploy individual configuration modules] *********************************
included: /home/pipi/net101/tools/netsim/ansible/tasks/deploy-module.yml for s1, s2 => (item=vlan)
included: /home/pipi/net101/tools/netsim/ansible/tasks/deploy-module.yml for s1, s2 => (item=routing)

TASK [Figure out whether to deploy the module vlan on current device] **********
ok: [s1]
ok: [s2]

TASK [Find configuration template for vlan] ************************************
ok: [s1]
ok: [s2]

TASK [fail] ********************************************************************
skipping: [s1]
skipping: [s2]

TASK [Find configuration deployment deploy_script for vlan] ********************
ok: [s1]
ok: [s2]

TASK [Print deployed configuration when running in verbose mode] ***************
ok: [s1] => {
    "msg": "vlan configuration for s1\n=========================================\n\nupdates:\n- path: /interface[name=ethernet-1/2]\n  value:\n   subinterface:\n   - index: 700\n     type: bridged\n     description: \"[Access VLAN red] s1 -> h1\"\n\n \n- path: /network-instance[name=vlan700]\n  value:\n   type: mac-vrf\n   description: \"[Access VLAN red] s1 -> h1\"\n   interface:\n   - name: ethernet-1/2.700\n\n\n- path: /interface[name=ethernet-1/3]\n  value:\n   subinterface:\n   - index: 701\n     type: bridged\n     description: \"[Access VLAN blue] s1 -> h2\"\n\n \n- path: /network-instance[name=vlan701]\n  value:\n   type: mac-vrf\n   description: \"[Access VLAN blue] s1 -> h2\"\n   interface:\n   - name: ethernet-1/3.701\n\n\n- path: /interface[name=ethernet-1/1]\n  value:\n   vlan-tagging: True\n   subinterface:\n   - index: 701\n     type: bridged\n     description: \"[SubIf VLAN blue] s1 -> s2\"\n     vlan:\n      encap:\n       single-tagged:\n        vlan-id: \"701\"\n\n \n- path: /network-instance[name=vlan701]\n  value:\n   type: mac-vrf\n   description: \"[SubIf VLAN blue] s1 -> s2\"\n   interface:\n   - name: ethernet-1/1.701\n\n\n- path: /interface[name=ethernet-1/1]\n  value:\n   vlan-tagging: True\n   subinterface:\n   - index: 700\n     type: bridged\n     description: \"[SubIf VLAN red] s1 -> s2\"\n     vlan:\n      encap:\n       single-tagged:\n        vlan-id: \"700\"\n\n \n- path: /network-instance[name=vlan700]\n  value:\n   type: mac-vrf\n   description: \"[SubIf VLAN red] s1 -> s2\"\n   interface:\n   - name: ethernet-1/1.700\n\n\n- path: /interface[name=irb0]\n  value:\n   subinterface:\n   - index: 700\n\n \n\n\n- path: /interface[name=irb0]\n  value:\n   subinterface:\n   - index: 701\n\n \n\n\n \n"
}
ok: [s2] => {
    "msg": "vlan configuration for s2\n=========================================\n\nupdates:\n- path: /interface[name=ethernet-1/2]\n  value:\n   subinterface:\n   - index: 700\n     type: bridged\n     description: \"[Access VLAN red] s2 -> r1\"\n\n \n- path: /network-instance[name=vlan700]\n  value:\n   type: mac-vrf\n   description: \"[Access VLAN red] s2 -> r1\"\n   interface:\n   - name: ethernet-1/2.700\n\n\n- path: /interface[name=ethernet-1/3]\n  value:\n   subinterface:\n   - index: 701\n     type: bridged\n     description: \"[Access VLAN blue] s2 -> r1\"\n\n \n- path: /network-instance[name=vlan701]\n  value:\n   type: mac-vrf\n   description: \"[Access VLAN blue] s2 -> r1\"\n   interface:\n   - name: ethernet-1/3.701\n\n\n- path: /interface[name=ethernet-1/1]\n  value:\n   vlan-tagging: True\n   subinterface:\n   - index: 701\n     type: bridged\n     description: \"[SubIf VLAN blue] s2 -> s1\"\n     vlan:\n      encap:\n       single-tagged:\n        vlan-id: \"701\"\n\n \n- path: /network-instance[name=vlan701]\n  value:\n   type: mac-vrf\n   description: \"[SubIf VLAN blue] s2 -> s1\"\n   interface:\n   - name: ethernet-1/1.701\n\n\n- path: /interface[name=ethernet-1/1]\n  value:\n   vlan-tagging: True\n   subinterface:\n   - index: 700\n     type: bridged\n     description: \"[SubIf VLAN red] s2 -> s1\"\n     vlan:\n      encap:\n       single-tagged:\n        vlan-id: \"700\"\n\n \n- path: /network-instance[name=vlan700]\n  value:\n   type: mac-vrf\n   description: \"[SubIf VLAN red] s2 -> s1\"\n   interface:\n   - name: ethernet-1/1.700\n\n\n- path: /interface[name=irb0]\n  value:\n   subinterface:\n   - index: 700\n\n \n\n\n- path: /interface[name=irb0]\n  value:\n   subinterface:\n   - index: 701\n\n \n\n\n \n"
}

TASK [Deploy vlan configuration] ***********************************************
included: /home/pipi/net101/tools/netsim/ansible/tasks/deploy-config/srlinux.yml for s1, s2

TASK [Generate JSON-RPC YAML configuration] ************************************
ok: [s1]
ok: [s2]

TASK [Update SRL vlan node configuration (template=/work/netlab_cicd/node_files/s1/vlan)] ***
changed: [s2]
changed: [s1]

TASK [debug] *******************************************************************
skipping: [s1]
skipping: [s2]

TASK [Figure out whether to deploy the module routing on current device] *******
ok: [s1]
ok: [s2]

TASK [Find configuration template for routing] *********************************
skipping: [s1]
skipping: [s2]

TASK [fail] ********************************************************************
skipping: [s1]
skipping: [s2]

TASK [Find configuration deployment deploy_script for routing] *****************
skipping: [s1]
skipping: [s2]

TASK [Print deployed configuration when running in verbose mode] ***************
skipping: [s1]
skipping: [s2]

TASK [Deploy routing configuration] ********************************************
skipping: [s1]
skipping: [s2]

PLAY [Deploy custom deployment templates] **************************************
skipping: no hosts matched

PLAY RECAP *********************************************************************
s1                         : ok=24   changed=2    unreachable=0    failed=0    skipped=12   rescued=0    ignored=0   
s2                         : ok=24   changed=2    unreachable=0    failed=0    skipped=12   rescued=0    ignored=0   

Results of configuration script deployments
================================================================================
h1               Script:  initial,routing
h2               Script:  initial,routing
r1               Script:  initial


The devices under test are simple bridges with a VLAN trunk between them.
An external router with two interfaces (one per VLAN) is attached to one of them.

* h1 and h2 should be able to ping each other

Please note it might take a while for the lab to work due to
STP learning phase

