Using transformed lab topology from snapshot file netlab.snapshot.pickle
Checking virtualization provider installation
OK: clab installed and working correctly
Starting clab nodes
provider clab: executing sudo -E containerlab deploy --reconfigure -t clab.yml
11:01:11 INFO Containerlab started version=0.73.0
11:01:11 INFO Parsing & checking topology file=clab.yml
11:01:11 INFO Removing directory path=/work/netlab_cicd/clab-ml-17
11:01:11 INFO Creating docker network name=nl_mgmt_17 IPv4 subnet=192.168.17.0/24 IPv6 subnet="" MTU=0
11:01:11 INFO Creating lab directory path=/work/netlab_cicd/clab-ml-17
11:01:11 INFO Creating container name=r2
11:01:11 INFO Creating container name=s4
11:01:11 INFO Creating container name=r1
11:01:11 INFO Creating container name=s2
11:01:11 INFO Creating container name=d3
11:01:11 INFO Creating container name=d4
11:01:11 INFO Creating container name=d2
11:01:11 INFO Creating container name=d1
11:01:11 INFO Creating container name=s3
11:01:11 INFO Creating container name=s1
11:01:11 INFO Creating container name=r4
11:01:11 INFO Creating container name=r3
11:01:12 INFO Created link: s1:e1-2 ▪┄┄▪ s3:eth1
11:01:12 INFO Created link: s1:e1-4 ▪┄┄▪ r1:eth1
11:01:12 INFO Running postdeploy actions kind=srl node=s1
11:01:12 INFO Created link: s3:eth2 ▪┄┄▪ r3:eth1
11:01:12 INFO Created link: s1:e1-1 ▪┄┄▪ s2:eth1
11:01:13 INFO Created link: s2:eth2 ▪┄┄▪ r2:eth1
11:01:13 INFO Created link: s3:eth3 ▪┄┄▪ d3:eth1
11:01:13 INFO Created link: s2:eth3 ▪┄┄▪ d2:eth1
11:01:13 INFO Created link: s1:e1-3 ▪┄┄▪ s4:eth1
11:01:13 INFO Created link: s4:eth2 ▪┄┄▪ r4:eth1
11:01:13 INFO Created link: s4:eth3 ▪┄┄▪ d4:eth1
11:01:14 INFO Created link: s1:e1-5 ▪┄┄▪ d1:eth1
11:01:24 INFO Executed command node=s4 command="sleep 1" stdout=""
11:01:24 INFO Executed command node=s3 command="sleep 1" stdout=""
11:01:24 INFO Executed command node=s2 command="sleep 1" stdout=""
11:01:24 INFO Adding host entries path=/etc/hosts
11:01:24 INFO Adding SSH config for nodes path=/etc/ssh/ssh_config.d/clab-ml-17.conf
[1m╭[0m[1m───────────────[0m[1m┬[0m[1m───────────────────────────────[0m[1m┬[0m[1m─────────[0m[1m┬[0m[1m────────────────[0m[1m╮[0m
[1m│[0m[1m      Name     [0m[1m│[0m[1m           Kind/Image          [0m[1m│[0m[1m  State  [0m[1m│[0m[1m IPv4/6 Address [0m[1m│[0m
[1m├[0m[1m───────────────[0m[1m┼[0m[1m───────────────────────────────[0m[1m┼[0m[1m─────────[0m[1m┼[0m[1m────────────────[0m[1m┤[0m
│ clab-ml-17-d1 │ linux                         │ running │ 192.168.17.109 │
│               │ python:3.13-alpine            │         │ N/A            │
├───────────────┼───────────────────────────────┼─────────┼────────────────┤
│ clab-ml-17-d2 │ linux                         │ running │ 192.168.17.110 │
│               │ python:3.13-alpine            │         │ N/A            │
├───────────────┼───────────────────────────────┼─────────┼────────────────┤
│ clab-ml-17-d3 │ linux                         │ running │ 192.168.17.111 │
│               │ python:3.13-alpine            │         │ N/A            │
├───────────────┼───────────────────────────────┼─────────┼────────────────┤
│ clab-ml-17-d4 │ linux                         │ running │ 192.168.17.112 │
│               │ python:3.13-alpine            │         │ N/A            │
├───────────────┼───────────────────────────────┼─────────┼────────────────┤
│ clab-ml-17-r1 │ linux                         │ running │ 192.168.17.105 │
│               │ python:3.13-alpine            │         │ N/A            │
├───────────────┼───────────────────────────────┼─────────┼────────────────┤
│ clab-ml-17-r2 │ linux                         │ running │ 192.168.17.106 │
│               │ python:3.13-alpine            │         │ N/A            │
├───────────────┼───────────────────────────────┼─────────┼────────────────┤
│ clab-ml-17-r3 │ linux                         │ running │ 192.168.17.107 │
│               │ python:3.13-alpine            │         │ N/A            │
├───────────────┼───────────────────────────────┼─────────┼────────────────┤
│ clab-ml-17-r4 │ linux                         │ running │ 192.168.17.108 │
│               │ python:3.13-alpine            │         │ N/A            │
├───────────────┼───────────────────────────────┼─────────┼────────────────┤
│ clab-ml-17-s1 │ srl                           │ running │ 192.168.17.101 │
│               │ ghcr.io/nokia/srlinux:25.10.2 │         │ N/A            │
├───────────────┼───────────────────────────────┼─────────┼────────────────┤
│ clab-ml-17-s2 │ linux                         │ running │ 192.168.17.102 │
│               │ quay.io/frrouting/frr:10.5.1  │         │ N/A            │
├───────────────┼───────────────────────────────┼─────────┼────────────────┤
│ clab-ml-17-s3 │ linux                         │ running │ 192.168.17.103 │
│               │ quay.io/frrouting/frr:10.5.1  │         │ N/A            │
├───────────────┼───────────────────────────────┼─────────┼────────────────┤
│ clab-ml-17-s4 │ linux                         │ running │ 192.168.17.104 │
│               │ quay.io/frrouting/frr:10.5.1  │         │ N/A            │
╰───────────────┴───────────────────────────────┴─────────┴────────────────╯

Initial configuration skipped, run 'netlab initial' to configure the devices
