10:08:15 INFO Parsing & checking topology file=clab.yml
10:08:15 INFO Parsing & checking topology file=clab.yml
10:08:15 INFO Destroying lab name=ml_17
10:08:16 INFO Removed container name=clab-ml_17-r2
10:08:16 INFO Removed container name=clab-ml_17-d2
10:08:16 INFO Removed container name=clab-ml_17-s4
10:08:16 INFO Removed container name=clab-ml_17-r3
10:08:16 INFO Removed container name=clab-ml_17-s1
10:08:16 INFO Removed container name=clab-ml_17-d4
10:08:16 INFO Removed container name=clab-ml_17-s2
10:08:17 INFO Removed container name=clab-ml_17-r4
10:08:17 INFO Removed container name=clab-ml_17-d1
10:08:17 INFO Removed container name=clab-ml_17-d3
10:08:17 INFO Removed container name=clab-ml_17-r1
10:08:17 INFO Removed container name=clab-ml_17-s3
10:08:17 INFO Removing host entries path=/etc/hosts
10:08:17 INFO Removing SSH config path=/etc/ssh/ssh_config.d/clab-ml_17.conf
Checking virtualization provider installation
OK: clab installed and working correctly
Stopping clab nodes
Cleanup configuration files
... removing clab.yml
... removing directory tree clab_files
... removing ansible.cfg
... removing hosts.yml
... removing directory tree group_vars
... removing directory tree host_vars
... removing netlab.snapshot.yml
... removing netlab.snapshot.pickle
