13:58:02 INFO Parsing & checking topology file=clab.yml
13:58:02 INFO Parsing & checking topology file=clab.yml
13:58:02 INFO Destroying lab name=ml_17
13:58:03 INFO Removed container name=clab-ml_17-h1
13:58:03 INFO Removed container name=clab-ml_17-h2
13:58:03 INFO Removed container name=clab-ml_17-dut
13:58:04 INFO Removed container name=clab-ml_17-r2
13:58:04 INFO Removing host entries path=/etc/hosts
13:58:04 INFO Removing SSH config path=/etc/ssh/ssh_config.d/clab-ml_17.conf
Checking virtualization provider installation
OK: clab installed and working correctly
Stopping clab nodes
Cleanup configuration files
... removing clab.yml
... removing directory tree clab_files
... removing ansible.cfg
... removing hosts.yml
... removing directory tree group_vars
... removing directory tree host_vars
... removing netlab.snapshot.yml
