[WARNING]: Could not match supplied host pattern, ignoring: unprovisioned

PLAY [Deploy initial device configuration] *************************************

TASK [Set variables that cannot be set with VARS] ******************************
ok: [h1]
ok: [h2]
ok: [r]

TASK [Find device readiness script] ********************************************
ok: [h1]
ok: [h2]
ok: [r]

TASK [Wait for device to become ready] *****************************************
skipping: [h1]
skipping: [h2]
included: /home/pipi/net101/tools/netsim/ansible/tasks/readiness-check/arubacx.yml for r

TASK [Wait for at least 2 minutes for AOS-CX inside CLAB...] *******************
skipping: [r]

TASK [Execute local ssh command to check AOS-CX readiness] *********************
skipping: [r]

TASK [Deploy initial configuration] ********************************************
included: /home/pipi/net101/tools/netsim/ansible/tasks/deploy-module.yml for r, h1, h2

TASK [Figure out whether to deploy the module initial on current device] *******
ok: [h1]
ok: [h2]
ok: [r]

TASK [Find configuration template for initial] *********************************
ok: [h1]
ok: [h2]
ok: [r]

TASK [Print deployed configuration when running in verbose mode] ***************
skipping: [r]
skipping: [h1]
skipping: [h2]

TASK [Find configuration deployment deploy_script for initial] *****************
ok: [h1]
ok: [h2]
ok: [r]

TASK [Deploy initial configuration] ********************************************
included: /home/pipi/net101/tools/netsim/ansible/tasks/deploy-config/arubacx.yml for r
included: /home/pipi/net101/tools/netsim/ansible/tasks/linux/initial-clab.yml for h1, h2

TASK [tempfile] ****************************************************************
changed: [r -> localhost]

TASK [template] ****************************************************************
changed: [r -> localhost]

TASK [aoscx_config: set session auto-confirm for initial] **********************
changed: [r]

TASK [aoscx_config: deploying initial from /home/pipi/net101/tools/netsim/ansible/templates/initial/arubacx.j2] ***
changed: [r]

TASK [file] ********************************************************************
changed: [r -> localhost]

TASK [set_fact] ****************************************************************
ok: [h1]
ok: [h2]

TASK [Create initial container setup from /home/pipi/net101/tools/netsim/ansible/templates/initial/linux-clab.j2] ***
changed: [h1 -> localhost]
changed: [h2 -> localhost]

TASK [Initial container configuration via /tmp/config-dtJZHtWm-h1.sh] **********
changed: [h2 -> localhost]
changed: [h1 -> localhost]

TASK [file] ********************************************************************
changed: [h1 -> localhost]
changed: [h2 -> localhost]

PLAY [Deploy module-specific configurations] ***********************************
skipping: no hosts matched

PLAY [Deploy custom deployment templates] **************************************
skipping: no hosts matched

PLAY RECAP *********************************************************************
h1                         : ok=11   changed=3    unreachable=0    failed=0    skipped=2    rescued=0    ignored=0   
h2                         : ok=11   changed=3    unreachable=0    failed=0    skipped=2    rescued=0    ignored=0   
r                          : ok=13   changed=5    unreachable=0    failed=0    skipped=3    rescued=0    ignored=0   

