Using transformed lab topology from snapshot file netlab.snapshot.pickle
Checking virtualization provider installation
OK: clab installed and working correctly
Starting clab nodes
provider clab: executing sudo -E containerlab deploy --reconfigure -t clab.yml
09:35:33 INFO Containerlab started version=0.73.0
09:35:33 INFO Parsing & checking topology file=clab.yml
09:35:33 INFO Removing directory path=/work/netlab_cicd/clab-ml-17
09:35:33 INFO Creating docker network name=nl_mgmt_17 IPv4 subnet=192.168.17.0/24 IPv6 subnet="" MTU=0
09:35:33 INFO Creating lab directory path=/work/netlab_cicd/clab-ml-17
09:35:33 INFO Creating container name=pe2
09:35:33 INFO Creating container name=c1
09:35:33 WARN node "dut": kind is nokia_srsim but the provided image does not have the correct labels; please use a valid SR-SIM container image or run a more recent version of the SR-SIM container image to suppress this warning
09:35:33 INFO Retrieved SR OS version from image node=dut version=25.7.R1
09:35:33 INFO Creating container name=dut
09:35:33 INFO Created link: c1:eth2 в–Әв”„в”„в–Ә pe2:eth1
09:35:33 INFO Created link: dut:e1-1-c1-1 (1/1/c1/1) в–Әв”„в”„в–Ә c1:eth1
09:35:33 INFO Running postdeploy actions kind=nokia_srsim node=dut
09:35:40 INFO Saving node "clab-ml-17-dut" config as startup...
09:35:41 INFO Saved running configuration node=dut addr=192.168.17.101 config-mode=model-driven
09:35:41 INFO Executed command node=pe2 command="sleep 1" stdout=""
09:35:41 INFO Executed command node=c1 command="sleep 1" stdout=""
09:35:41 INFO Adding host entries path=/etc/hosts
09:35:41 INFO Adding SSH config for nodes path=/etc/ssh/ssh_config.d/clab-ml-17.conf
09:35:41 INFO containerlab version
  рҹҺү=
  в”Ӯ A newer containerlab version (0.74.0) is available!
  в”Ӯ Release notes: https://containerlab.dev/rn/0.74/
  в”Ӯ Run 'clab version upgrade' or see https://containerlab.dev/install/ for other installation options.
[1mв•ӯ[0m[1mв”Җв”Җв”Җв”Җв”Җв”Җв”Җв”Җв”Җв”Җв”Җв”Җв”Җв”Җв”Җв”Җ[0m[1mв”¬[0m[1mв”Җв”Җв”Җв”Җв”Җв”Җв”Җв”Җв”Җв”Җв”Җв”Җв”Җв”Җв”Җв”Җв”Җв”Җв”Җв”Җв”Җв”Җв”Җв”Җв”Җв”Җв”Җв”Җв”Җв”Җ[0m[1mв”¬[0m[1mв”Җв”Җв”Җв”Җв”Җв”Җв”Җв”Җв”Җ[0m[1mв”¬[0m[1mв”Җв”Җв”Җв”Җв”Җв”Җв”Җв”Җв”Җв”Җв”Җв”Җв”Җв”Җв”Җв”Җ[0m[1mв•®[0m
[1mв”Ӯ[0m[1m      Name      [0m[1mв”Ӯ[0m[1m          Kind/Image          [0m[1mв”Ӯ[0m[1m  State  [0m[1mв”Ӯ[0m[1m IPv4/6 Address [0m[1mв”Ӯ[0m
[1mв”ң[0m[1mв”Җв”Җв”Җв”Җв”Җв”Җв”Җв”Җв”Җв”Җв”Җв”Җв”Җв”Җв”Җв”Җ[0m[1mв”ј[0m[1mв”Җв”Җв”Җв”Җв”Җв”Җв”Җв”Җв”Җв”Җв”Җв”Җв”Җв”Җв”Җв”Җв”Җв”Җв”Җв”Җв”Җв”Җв”Җв”Җв”Җв”Җв”Җв”Җв”Җв”Җ[0m[1mв”ј[0m[1mв”Җв”Җв”Җв”Җв”Җв”Җв”Җв”Җв”Җ[0m[1mв”ј[0m[1mв”Җв”Җв”Җв”Җв”Җв”Җв”Җв”Җв”Җв”Җв”Җв”Җв”Җв”Җв”Җв”Җ[0m[1mв”Ө[0m
в”Ӯ clab-ml-17-c1  в”Ӯ linux                        в”Ӯ running в”Ӯ 192.168.17.102 в”Ӯ
в”Ӯ                в”Ӯ quay.io/frrouting/frr:10.5.1 в”Ӯ         в”Ӯ N/A            в”Ӯ
в”ңв”Җв”Җв”Җв”Җв”Җв”Җв”Җв”Җв”Җв”Җв”Җв”Җв”Җв”Җв”Җв”Җв”јв”Җв”Җв”Җв”Җв”Җв”Җв”Җв”Җв”Җв”Җв”Җв”Җв”Җв”Җв”Җв”Җв”Җв”Җв”Җв”Җв”Җв”Җв”Җв”Җв”Җв”Җв”Җв”Җв”Җв”Җв”јв”Җв”Җв”Җв”Җв”Җв”Җв”Җв”Җв”Җв”јв”Җв”Җв”Җв”Җв”Җв”Җв”Җв”Җв”Җв”Җв”Җв”Җв”Җв”Җв”Җв”Җв”Ө
в”Ӯ clab-ml-17-dut в”Ӯ nokia_srsim                  в”Ӯ running в”Ӯ 192.168.17.101 в”Ӯ
в”Ӯ                в”Ӯ nokia_srsim:25.7.R1          в”Ӯ         в”Ӯ N/A            в”Ӯ
в”ңв”Җв”Җв”Җв”Җв”Җв”Җв”Җв”Җв”Җв”Җв”Җв”Җв”Җв”Җв”Җв”Җв”јв”Җв”Җв”Җв”Җв”Җв”Җв”Җв”Җв”Җв”Җв”Җв”Җв”Җв”Җв”Җв”Җв”Җв”Җв”Җв”Җв”Җв”Җв”Җв”Җв”Җв”Җв”Җв”Җв”Җв”Җв”јв”Җв”Җв”Җв”Җв”Җв”Җв”Җв”Җв”Җв”јв”Җв”Җв”Җв”Җв”Җв”Җв”Җв”Җв”Җв”Җв”Җв”Җв”Җв”Җв”Җв”Җв”Ө
в”Ӯ clab-ml-17-pe2 в”Ӯ linux                        в”Ӯ running в”Ӯ 192.168.17.103 в”Ӯ
в”Ӯ                в”Ӯ quay.io/frrouting/frr:10.5.1 в”Ӯ         в”Ӯ N/A            в”Ӯ
в•°в”Җв”Җв”Җв”Җв”Җв”Җв”Җв”Җв”Җв”Җв”Җв”Җв”Җв”Җв”Җв”Җв”ҙв”Җв”Җв”Җв”Җв”Җв”Җв”Җв”Җв”Җв”Җв”Җв”Җв”Җв”Җв”Җв”Җв”Җв”Җв”Җв”Җв”Җв”Җв”Җв”Җв”Җв”Җв”Җв”Җв”Җв”Җв”ҙв”Җв”Җв”Җв”Җв”Җв”Җв”Җв”Җв”Җв”ҙв”Җв”Җв”Җв”Җв”Җв”Җв”Җв”Җв”Җв”Җв”Җв”Җв”Җв”Җв”Җв”Җв•Ҝ

Initial configuration skipped, run 'netlab initial' to configure the devices
