Warning in ansible: You're using Ansible version 12.x or higher; netlab might not work correctly
... Ansible core version 2.19 introduced breaking changes in templates and playbooks
... We tested netlab core with Ansible version 12.x but not every device template
... You might want to downgrade Ansible to version 11.10 or lower.
... Use 'netlab install ansible' on Ubuntu to do that
... Finally, please open a GitHub issue if you experience errors/crashes
... Set defaults.ansible.warnings.ver12 to False to hide this warning
 [INFO] Checking for updates in configuration templates
 [INFO] Creating configuration snippets
[WARNING]: Could not match supplied host pattern, ignoring: unprovisioned
[WARNING]: Found variable using reserved name 'hosts'.
Origin: /work/netlab_cicd/group_vars/all/topology.yml:166:1

164     prefix: 32
165     ipv6: 2001:db8:4::/48
166 hosts:
    ^ column 1


PLAY [Deploy initial device configuration] *************************************

TASK [Set variables that cannot be set with VARS] ******************************
ok: [dut]
ok: [c1]
ok: [pe2]

TASK [Generic readiness tests] *************************************************
skipping: [dut]
skipping: [c1]
skipping: [pe2]

TASK [Find device readiness script] ********************************************
ok: [dut]
ok: [c1]
ok: [pe2]

TASK [Wait for device to become ready] *****************************************
skipping: [c1]
skipping: [pe2]
included: /home/pipi/netlab_gh/netsim/ansible/tasks/readiness-check/srsim.yml for dut

TASK [Common SR-OS checks] *****************************************************
included: /home/pipi/netlab_gh/netsim/ansible/tasks/readiness-check/sros.yml for dut

TASK [Check that required plugin exists, use 'netlab install grpc' to install it] ***
ok: [dut]

TASK [Wait up to 180s for gNMI(TCP 57400) to be ready on 192.168.17.101] *******
ok: [dut -> localhost]

TASK [Update SR-SIM hardware configuration] ************************************
changed: [dut]

TASK [Get port 1/1/c1 status] **************************************************
FAILED - RETRYING: [dut]: Get port 1/1/c1 status (10 retries left).
FAILED - RETRYING: [dut]: Get port 1/1/c1 status (9 retries left).
FAILED - RETRYING: [dut]: Get port 1/1/c1 status (8 retries left).
ok: [dut]

TASK [Normalize config on bridge-like devices] *********************************
included: /home/pipi/netlab_gh/netsim/ansible/tasks/deploy-module.yml for dut
included: /home/pipi/netlab_gh/netsim/ansible/tasks/deploy-module.yml for c1
included: /home/pipi/netlab_gh/netsim/ansible/tasks/deploy-module.yml for pe2

TASK [Figure out whether to deploy the module normalize on current device] *****
ok: [dut]

TASK [Find configuration template for normalize] *******************************
ok: [dut]

TASK [fail] ********************************************************************
skipping: [dut]

TASK [Find configuration deployment deploy_script for normalize] ***************
ok: [dut]

TASK [Print deployed configuration when running in verbose mode] ***************
skipping: [dut]

TASK [Deploy normalize configuration] ******************************************
skipping: [dut]

TASK [Figure out whether to deploy the module normalize on current device] *****
ok: [c1]

TASK [Find configuration template for normalize] *******************************
ok: [c1]

TASK [fail] ********************************************************************
skipping: [c1]

TASK [Find configuration deployment deploy_script for normalize] ***************
ok: [c1]

TASK [Print deployed configuration when running in verbose mode] ***************
skipping: [c1]

TASK [Deploy normalize configuration] ******************************************
skipping: [c1]

TASK [Figure out whether to deploy the module normalize on current device] *****
ok: [pe2]

TASK [Find configuration template for normalize] *******************************
ok: [pe2]

TASK [fail] ********************************************************************
skipping: [pe2]

TASK [Find configuration deployment deploy_script for normalize] ***************
ok: [pe2]

TASK [Print deployed configuration when running in verbose mode] ***************
skipping: [pe2]

TASK [Deploy normalize configuration] ******************************************
skipping: [pe2]

TASK [Deploy initial configuration] ********************************************
included: /home/pipi/netlab_gh/netsim/ansible/tasks/deploy-module.yml for dut
included: /home/pipi/netlab_gh/netsim/ansible/tasks/deploy-module.yml for c1
included: /home/pipi/netlab_gh/netsim/ansible/tasks/deploy-module.yml for pe2

TASK [Figure out whether to deploy the module initial on current device] *******
ok: [dut]

TASK [Find configuration template for initial] *********************************
ok: [dut]

TASK [fail] ********************************************************************
skipping: [dut]

TASK [Find configuration deployment deploy_script for initial] *****************
ok: [dut]

TASK [Print deployed configuration when running in verbose mode] ***************
ok: [dut] => {
    "msg": "initial configuration for dut\n=========================================\n\n\n\n\n\nupdates:\n- path: configure/card[slot-number=1]\n  val:\n    card-type: iom-1\n    mda:\n    - mda-slot: 1\n      mda-type: me12-100gb-qsfp28\n    - mda-slot: 2\n      mda-type: me12-100gb-qsfp28\n    slot-number: 1\n\n- path: configure/router[router-name=Base]\n  val:\n   ecmp: 64\n\n\n\n\n\n\n- path: configure/router[router-name=Base]/interface[interface-name=system]\n\n  val:\n   admin-state: enable\n   description: \"System interface\"\n   ipv4:\n    primary:\n     address: \"10.0.0.1\"\n     prefix-length: 32\n\n   ipv6:\n    address:\n    - ipv6-address: \"2001:db8:1:1::1\"\n      prefix-length: 128\n\n\n\n\n\n- path: configure/port[port-id=1/1/c1]\n  val:\n   admin-state: enable\n   connector:\n    breakout: \"c1-100g\"\n- path: configure/port[port-id=1/1/c1/1]\n  val:\n   admin-state: enable\n   ethernet:\n    mtu: 1514 # max 9800\n    mode: access\n\n\n- path: configure/service/vprn[service-name=tenant]\n  val:\n   customer: \"1\"\n   admin-state: enable\n   service-id: 100\n#   ecmp: 64\n\n- path: configure/service/vprn[service-name=tenant]/interface[interface-name=eth-1/1/c1]\n\n  val:\n   admin-state: enable\n   description: \"dut ~ c1 ()\"\n   ip-mtu: 1500\n   sap:\n   - sap-id: \"1/1/c1/1\"\n   ipv4:\n    primary:\n     address: \"10.1.0.2\"\n     prefix-length: 30\n\n   ipv6:\n    address:\n    - ipv6-address: \"2001:db8:3::2\"\n      prefix-length: 64\n\n\n- path: configure/service/vprn[service-name=tenant]\n  val:\n   customer: \"1\"\n   admin-state: enable\n   service-id: 100\n#   ecmp: 64\n\n- path: configure/service/vprn[service-name=tenant]\n  val:\n    ipv6:\n      router-advertisement:\n        interface:\n        - ip-int-name: eth-1/1/c1\n          admin-state: enable\n          min-advertisement-interval: 3\n          max-advertisement-interval: 5\n\n\n\n\n- path: configure/port[port-id=1/1/c2]\n  val:\n   admin-state: enable\n   connector:\n    breakout: \"c1-100g\"\n- path: configure/port[port-id=1/1/c2/1]\n  val:\n   admin-state: enable\n   ethernet:\n    mtu: 1514 # max 9800\n    mode: access\n\n\n- path: configure/service/vprn[service-name=tenant]\n  val:\n   customer: \"1\"\n   admin-state: enable\n   service-id: 100\n#   ecmp: 64\n\n- path: configure/service/vprn[service-name=tenant]/interface[interface-name=eth-1/1/c2]\n\n  val:\n   admin-state: enable\n   description: \"dut ~ stub (stub)\"\n   ip-mtu: 1500\n   sap:\n   - sap-id: \"1/1/c2/1\"\n   ipv4:\n    primary:\n     address: \"192.168.42.1\"\n     prefix-length: 24\n\n   ipv6:\n    address:\n    - ipv6-address: \"2001:db8:42::1\"\n      prefix-length: 64\n\n\n- path: configure/service/vprn[service-name=tenant]\n  val:\n   customer: \"1\"\n   admin-state: enable\n   service-id: 100\n#   ecmp: 64\n\n- path: configure/service/vprn[service-name=tenant]\n  val:\n    ipv6:\n      router-advertisement:\n        interface:\n        - ip-int-name: eth-1/1/c2\n          admin-state: enable\n          min-advertisement-interval: 3\n          max-advertisement-interval: 5\n\n\n\n\n\n\n- path: configure/service/vprn[service-name=tenant]\n  val:\n   customer: \"1\"\n   admin-state: enable\n   service-id: 100\n#   ecmp: 64\n\n- path: configure/service/vprn[service-name=tenant]/interface[interface-name=loopback.1]\n\n  val:\n   admin-state: enable\n   description: \"Loopback\"\n   loopback: True\n   ipv4:\n    primary:\n     address: \"10.2.0.1\"\n     prefix-length: 32\n\n   ipv6:\n    address:\n    - ipv6-address: \"2001:db8:4::1\"\n      prefix-length: 64\n\n\n\n"
}

TASK [Deploy initial configuration] ********************************************
included: /home/pipi/netlab_gh/netsim/ansible/tasks/deploy-config/sros.yml for dut

TASK [Generate gNMI YAML configuration] ****************************************
ok: [dut]

TASK [Update initial node configuration from gNMI template /work/netlab_cicd/node_files/dut/initial] ***
changed: [dut]

TASK [debug] *******************************************************************
skipping: [dut]

TASK [Figure out whether to deploy the module initial on current device] *******
ok: [c1]

TASK [Find configuration template for initial] *********************************
ok: [c1]

TASK [fail] ********************************************************************
skipping: [c1]

TASK [Find configuration deployment deploy_script for initial] *****************
ok: [c1]

TASK [Print deployed configuration when running in verbose mode] ***************
ok: [c1] => {
    "msg": "initial configuration for c1\n=========================================\n#!/bin/bash\n#\nset -e\nset -x\n#\n# Create bash profile script\n#\ncat <<SCRIPT >/root/.bash_profile\n#!/bin/bash\n#\nexport PS1=\"\\h(bash)# \"\necho\necho \"Use vtysh to connect to FRR daemon\"\necho\nSCRIPT\n#\n# This is an artifact of unknown provenance that should be removed in a year or two (= 2026/2027)\n#\n# FRR controls these parameters with 'ip forwarding' and 'ipv6 forwarding' commands\n#\nsysctl -w net.ipv4.ip_forward=1\nsysctl -w net.ipv6.conf.all.forwarding=1\n#\n#\n# Get the current next hop for the default route\n#\ndef_nh=$(ip route list default|awk '{ print $3 }')\n#\n# Create the management VRF and add eth0 to it\n#\nif [ ! -e /sys/devices/virtual/net/mgmt ]; then\n  ip link add mgmt type vrf table 42\nfi\nip link set mgmt up\nsysctl -qw net.ipv6.conf.eth0.keep_addr_on_down=1\nip link set eth0 master mgmt\n#\n# Reinstall the default route if we had it before\n#\nif [[ -n \"$def_nh\" ]]; then\n  ip route add 0.0.0.0/0 vrf mgmt via $def_nh\nfi\n#\n# Enable FRR modules (if not using containerlab bind-mounted /etc/frr/daemons)\n#\n\n# Set system defaults\n#\n# Send ARP requests from a sane source IP address\n#\nsysctl -w net.ipv4.conf.all.arp_announce=2\n\n#\n# Create loopbacks, stub and lag/bond devices\n#\nif [ ! -e /sys/class/net/lo ]; then\n  if [ ! -e /sys/devices/virtual/net/lo ]; then\n    ip link add lo type dummy\n    ip link set dev lo up\n  fi\nfi\n\n# Disable IPv6 (for IPv4-only interfaces) or SLAAC (if the device is a router)\n#\nip link set eth1 down\nsysctl -qw net.ipv6.conf.eth1.autoconf=0\nsysctl -qw net.ipv6.conf.eth1.accept_ra=0\nip link set dev eth1 mtu 1500\nip link set eth1 up\nip link set eth2 down\nsysctl -qw net.ipv6.conf.eth2.autoconf=0\nsysctl -qw net.ipv6.conf.eth2.accept_ra=0\nip link set dev eth2 mtu 1500\nip link set eth2 up\n\n#\n# Add vtysh.conf file\necho \"service integrated-vtysh-config\" >/etc/frr/vtysh.conf\n\n#\n# Rest of initial configuration done through VTYSH\n#\ncat >/tmp/config <<CONFIG\nhostname c1\n!\nlog file /tmp/logging\n\n!\nip forwarding\nipv6 forwarding\nvrf mgmt\n exit-vrf\n!\nfrr defaults datacenter\n!\ninterface lo\n no shutdown\n ip address 10.0.0.2/32\n ipv6 address 2001:db8:1:2::1/64\n!\ninterface eth1\n no shutdown\n description c1 -> dut\n ip address 10.1.0.1/30\n ipv6 address 2001:db8:3::1/64\n ipv6 nd ra-interval 5\n no ipv6 nd suppress-ra\n!\ninterface eth2\n no shutdown\n description c1 -> pe2\n ip address 10.1.0.5/30\n ipv6 address 2001:db8:3:1::1/64\n ipv6 nd ra-interval 5\n no ipv6 nd suppress-ra\n!\ndo write\nCONFIG\nvtysh -f /tmp/config\n!\nexit 0\n"
}

TASK [Deploy initial configuration] ********************************************
included: /home/pipi/netlab_gh/netsim/ansible/tasks/frr/initial-clab.yml for c1

TASK [Attempt to load VRF kernel module] ***************************************
changed: [c1 -> localhost]

TASK [Disable FRR management VRF when modprobe fails] **************************
skipping: [c1]

TASK [include_tasks] ***********************************************************
included: /home/pipi/netlab_gh/netsim/ansible/tasks/frr/deploy-config.yml for c1

TASK [template] ****************************************************************
changed: [c1]

TASK [set_fact] ****************************************************************
ok: [c1]

TASK [run /tmp/config.sh to deploy initial config from /work/netlab_cicd/node_files/c1/initial] ***
changed: [c1]

TASK [run vtysh to import initial config from /work/netlab_cicd/node_files/c1/initial] ***
skipping: [c1]

TASK [Figure out whether to deploy the module initial on current device] *******
ok: [pe2]

TASK [Find configuration template for initial] *********************************
ok: [pe2]

TASK [fail] ********************************************************************
skipping: [pe2]

TASK [Find configuration deployment deploy_script for initial] *****************
ok: [pe2]

TASK [Print deployed configuration when running in verbose mode] ***************
ok: [pe2] => {
    "msg": "initial configuration for pe2\n=========================================\n#!/bin/bash\n#\nset -e\nset -x\n#\n# Create bash profile script\n#\ncat <<SCRIPT >/root/.bash_profile\n#!/bin/bash\n#\nexport PS1=\"\\h(bash)# \"\necho\necho \"Use vtysh to connect to FRR daemon\"\necho\nSCRIPT\n#\n# This is an artifact of unknown provenance that should be removed in a year or two (= 2026/2027)\n#\n# FRR controls these parameters with 'ip forwarding' and 'ipv6 forwarding' commands\n#\nsysctl -w net.ipv4.ip_forward=1\nsysctl -w net.ipv6.conf.all.forwarding=1\n#\n#\n# Get the current next hop for the default route\n#\ndef_nh=$(ip route list default|awk '{ print $3 }')\n#\n# Create the management VRF and add eth0 to it\n#\nif [ ! -e /sys/devices/virtual/net/mgmt ]; then\n  ip link add mgmt type vrf table 42\nfi\nip link set mgmt up\nsysctl -qw net.ipv6.conf.eth0.keep_addr_on_down=1\nip link set eth0 master mgmt\n#\n# Reinstall the default route if we had it before\n#\nif [[ -n \"$def_nh\" ]]; then\n  ip route add 0.0.0.0/0 vrf mgmt via $def_nh\nfi\n#\n# Enable FRR modules (if not using containerlab bind-mounted /etc/frr/daemons)\n#\n\n# Set system defaults\n#\n# Send ARP requests from a sane source IP address\n#\nsysctl -w net.ipv4.conf.all.arp_announce=2\n\n#\n# Create loopbacks, stub and lag/bond devices\n#\nif [ ! -e /sys/class/net/lo ]; then\n  if [ ! -e /sys/devices/virtual/net/lo ]; then\n    ip link add lo type dummy\n    ip link set dev lo up\n  fi\nfi\n\n# Disable IPv6 (for IPv4-only interfaces) or SLAAC (if the device is a router)\n#\nip link set eth1 down\nsysctl -qw net.ipv6.conf.eth1.autoconf=0\nsysctl -qw net.ipv6.conf.eth1.accept_ra=0\nip link set dev eth1 mtu 1500\nip link set eth1 up\n\n#\n# Add vtysh.conf file\necho \"service integrated-vtysh-config\" >/etc/frr/vtysh.conf\n\n#\n# Rest of initial configuration done through VTYSH\n#\ncat >/tmp/config <<CONFIG\nhostname pe2\n!\nlog file /tmp/logging\n\n!\nip forwarding\nipv6 forwarding\nvrf mgmt\n exit-vrf\n!\nfrr defaults datacenter\n!\ninterface lo\n no shutdown\n ip address 10.0.0.3/32\n ipv6 address 2001:db8:1:3::1/64\n!\ninterface eth1\n no shutdown\n description pe2 -> c1\n ip address 10.1.0.6/30\n ipv6 address 2001:db8:3:1::2/64\n ipv6 nd ra-interval 5\n no ipv6 nd suppress-ra\n!\ndo write\nCONFIG\nvtysh -f /tmp/config\n!\nexit 0\n"
}

TASK [Deploy initial configuration] ********************************************
included: /home/pipi/netlab_gh/netsim/ansible/tasks/frr/initial-clab.yml for pe2

TASK [Attempt to load VRF kernel module] ***************************************
changed: [pe2 -> localhost]

TASK [Disable FRR management VRF when modprobe fails] **************************
skipping: [pe2]

TASK [include_tasks] ***********************************************************
included: /home/pipi/netlab_gh/netsim/ansible/tasks/frr/deploy-config.yml for pe2

TASK [template] ****************************************************************
changed: [pe2]

TASK [set_fact] ****************************************************************
ok: [pe2]

TASK [run /tmp/config.sh to deploy initial config from /work/netlab_cicd/node_files/pe2/initial] ***
changed: [pe2]

TASK [run vtysh to import initial config from /work/netlab_cicd/node_files/pe2/initial] ***
skipping: [pe2]

PLAY [Deploy module-specific configurations] ***********************************

TASK [Set variables that cannot be set with VARS] ******************************
ok: [dut]
ok: [c1]
ok: [pe2]

TASK [Deploy individual configuration modules] *********************************
included: /home/pipi/netlab_gh/netsim/ansible/tasks/deploy-module.yml for dut => (item=ospf)
included: /home/pipi/netlab_gh/netsim/ansible/tasks/deploy-module.yml for dut => (item=bgp)
included: /home/pipi/netlab_gh/netsim/ansible/tasks/deploy-module.yml for dut => (item=vrf)
included: /home/pipi/netlab_gh/netsim/ansible/tasks/deploy-module.yml for c1 => (item=ospf)
included: /home/pipi/netlab_gh/netsim/ansible/tasks/deploy-module.yml for c1 => (item=bgp)
included: /home/pipi/netlab_gh/netsim/ansible/tasks/deploy-module.yml for c1 => (item=vrf)
included: /home/pipi/netlab_gh/netsim/ansible/tasks/deploy-module.yml for pe2 => (item=ospf)
included: /home/pipi/netlab_gh/netsim/ansible/tasks/deploy-module.yml for pe2 => (item=bgp)
included: /home/pipi/netlab_gh/netsim/ansible/tasks/deploy-module.yml for pe2 => (item=vrf)

TASK [Figure out whether to deploy the module ospf on current device] **********
ok: [dut]

TASK [Find configuration template for ospf] ************************************
ok: [dut]

TASK [fail] ********************************************************************
skipping: [dut]

TASK [Find configuration deployment deploy_script for ospf] ********************
ok: [dut]

TASK [Print deployed configuration when running in verbose mode] ***************
ok: [dut] => {
    "msg": "ospf configuration for dut\n=========================================\n\n\n\n\nupdates:\n"
}

TASK [Deploy ospf configuration] ***********************************************
included: /home/pipi/netlab_gh/netsim/ansible/tasks/deploy-config/sros.yml for dut

TASK [Generate gNMI YAML configuration] ****************************************
ok: [dut]

TASK [Update ospf node configuration from gNMI template /work/netlab_cicd/node_files/dut/ospf] ***
skipping: [dut]

TASK [debug] *******************************************************************
skipping: [dut]

TASK [Figure out whether to deploy the module bgp on current device] ***********
ok: [dut]

TASK [Find configuration template for bgp] *************************************
ok: [dut]

TASK [fail] ********************************************************************
skipping: [dut]

TASK [Find configuration deployment deploy_script for bgp] *********************
ok: [dut]

TASK [Print deployed configuration when running in verbose mode] ***************
ok: [dut] => {
    "msg": "bgp configuration for dut\n=========================================\n\nupdates:\n\n- path: configure/policy-options/policy-statement[name=accept_all]\n  val:\n    default-action:\n      action-type: accept\n\n- path: configure/policy-options/policy-statement[name=next-hop-self-ebgp-routes-only]\n  val:\n    entry:\n    - entry-id: 10\n      from:\n        path-type: ebgp\n      action:\n        action-type: accept\n        next-hop: self\n    default-action:\n      action-type: next-policy\n\n\n- path: configure/policy-options/prefix-list[name=bgp_default_advertise]\n  val:\n    prefix: [] # Make sure it exists\n\n- path: configure/policy-options/policy-statement[name=bgp_default_export]\n  val:\n    default-action:\n      action-type: reject\n    entry:\n    - entry-id: 10\n      from:\n        prefix-list: [ \"bgp_default_advertise\" ]\n      action:\n        action-type: accept\n    - entry-id: 20\n      from:\n        protocol:\n          name: [ bgp ]\n      action:\n        action-type: accept\n- path: configure/policy-options/prefix-list[name=bgp_default_advertise]\n  val:\n    prefix:\n    - ip-prefix: 10.0.0.1/32\n      type: exact\n\n\n\n- path: configure/policy-options/prefix-list[name=bgp_default_advertise]\n  val:\n    prefix:\n    - ip-prefix: 2001:db8:1:1::1/128\n      type: exact\n\n\n\n\n- path: configure/router[router-name=Base]\n  val:\n    router-id: \"10.0.0.1\"\n    autonomous-system: 65000\n    bgp:\n      ebgp-default-reject-policy:\n        import: False\n        export: False\n      multipath:\n        ibgp: 64\n        ebgp: 64\n      min-route-advertisement: 1 # Be aggressive about sending updates\n      connect-retry: 5           # Retry frequently, suitable in DC context\n    # family: cannot disable this\n    # ipv4: False # Enabled by default, disable globally and set per group\n\n\n\n\n\n"
}

TASK [Deploy bgp configuration] ************************************************
included: /home/pipi/netlab_gh/netsim/ansible/tasks/deploy-config/sros.yml for dut

TASK [Generate gNMI YAML configuration] ****************************************
ok: [dut]

TASK [Update bgp node configuration from gNMI template /work/netlab_cicd/node_files/dut/bgp] ***
changed: [dut]

TASK [debug] *******************************************************************
skipping: [dut]

TASK [Figure out whether to deploy the module vrf on current device] ***********
ok: [dut]

TASK [Find configuration template for vrf] *************************************
ok: [dut]

TASK [fail] ********************************************************************
skipping: [dut]

TASK [Find configuration deployment deploy_script for vrf] *********************
ok: [dut]

TASK [Print deployed configuration when running in verbose mode] ***************
ok: [dut] => {
    "msg": "vrf configuration for dut\n=========================================\n\nupdates:\n- path: configure/service/vprn[service-name=tenant]\n  val:\n    service-id: 100\n    customer: \"1\"\n    autonomous-system: 65000\n    router-id: 10.0.0.1\n    ecmp: 64\n    admin-state: enable\n\n- path: configure/policy-options/prefix-list[name=bgp_tenant_advertise]\n  val:\n    prefix: [] # Make sure it exists\n\n- path: configure/policy-options/policy-statement[name=bgp_tenant_export]\n  val:\n    default-action:\n      action-type: reject\n    entry:\n    - entry-id: 10\n      from:\n        prefix-list: [ \"bgp_tenant_advertise\" ]\n      action:\n        action-type: accept\n    - entry-id: 20\n      from:\n        protocol:\n          name: [ bgp ]\n      action:\n        action-type: accept\n    - entry-id: 100\n      from:\n        protocol:\n          name: [ direct ]\n      action:\n        action-type: accept\n    - entry-id: 110\n      from:\n        protocol:\n          name: [ ospf ]\n      action:\n        action-type: accept\n    - entry-id: 120\n      from:\n        protocol:\n          name: [ ospf3 ]\n      action:\n        action-type: accept\n\n\n- path: configure/policy-options/prefix-list[name=bgp_tenant_advertise]\n  val:\n    prefix:\n    - ip-prefix: 192.168.42.0/24\n      type: exact\n\n- path: configure/policy-options/prefix-list[name=bgp_tenant_advertise]\n  val:\n    prefix:\n    - ip-prefix: 10.2.0.1/32\n      type: exact\n\n\n\n- path: configure/policy-options/prefix-list[name=bgp_tenant_advertise]\n  val:\n    prefix:\n    - ip-prefix: 2001:db8:42::/64\n      type: exact\n\n- path: configure/policy-options/prefix-list[name=bgp_tenant_advertise]\n  val:\n    prefix:\n    - ip-prefix: 2001:db8:4::/64\n      type: exact\n\n\n\n- path: configure/service/vprn[service-name=tenant]\n  val:\n    router-id: \"10.0.0.1\"\n    autonomous-system: 65000\n    bgp:\n      ebgp-default-reject-policy:\n        import: False\n        export: False\n      multipath:\n        ibgp: 64\n        ebgp: 64\n      min-route-advertisement: 1 # Be aggressive about sending updates\n      connect-retry: 5           # Retry frequently, suitable in DC context\n    # family: cannot disable this\n    # ipv4: False # Enabled by default, disable globally and set per group\n\n\n\n\n- path: configure/service/vprn[service-name=tenant]/bgp/group[group-name=ebgp]\n  val:\n    admin-state: enable\n    family:\n      ipv4: True\n      ipv6: True\n\n    import:\n      policy: [\"accept_all\"]\n    export:\n      policy:\n      - bgp_tenant_export\n    send-communities:\n      extended: False  # True value not allowed, on by default\n\n\n- path: configure/service/vprn[service-name=tenant]/bgp\n  val:\n    neighbor:\n    - ip-address: \"10.0.0.3\"\n      description: \"pe2\"\n      peer-as: 65101\n      group: \"ebgp\"\n      admin-state: enable\n      family:\n        ipv4: True\n        ipv6: False\n\n\n- path: configure/service/vprn[service-name=tenant]/bgp/group[group-name=ebgp]\n  val:\n    admin-state: enable\n    family:\n      ipv4: True\n      ipv6: True\n\n    import:\n      policy: [\"accept_all\"]\n    export:\n      policy:\n      - bgp_tenant_export\n    send-communities:\n      extended: False  # True value not allowed, on by default\n\n\n- path: configure/service/vprn[service-name=tenant]/bgp\n  val:\n    neighbor:\n    - ip-address: \"2001:db8:1:3::1\"\n      description: \"pe2\"\n      peer-as: 65101\n      group: \"ebgp\"\n      admin-state: enable\n      family:\n        ipv4: False\n        ipv6: True\n\n\n\n\n\n- path: configure/policy-options/policy-statement[name=ospf_tenant_export]\n  val:\n    default-action:\n      action-type: reject\n    entry:\n    - entry-id: 100\n      from:\n        protocol:\n          name: [ bgp ]\n      action:\n        action-type: accept\n    - entry-id: 110\n      from:\n        protocol:\n          name: [ direct ]\n      action:\n        action-type: accept\n\n\n\n- path: configure/service/vprn[service-name=tenant]\n  val:\n   customer: \"1\"\n   admin-state: enable\n   service-id: 100\n#   ecmp: 64\n\n- path: configure/service/vprn[service-name=tenant]/ospf[ospf-instance=0]\n\n  val:\n    export-policy: [ ospf_tenant_export ]\n    admin-state: enable\n    router-id: 10.0.0.1\n    area:\n    - area-id: \"0.0.0.0\"\n      interface:\n      - interface-name: \"eth-1/1/c1\"\n        interface-type: \"point-to-point\"\n      - interface-name: \"eth-1/1/c2\"\n        passive: True\n      - interface-name: \"loopback.1\"\n\n- path: configure/policy-options/policy-statement[name=ospf_tenant_export]\n  val:\n    default-action:\n      action-type: reject\n    entry:\n    - entry-id: 100\n      from:\n        protocol:\n          name: [ bgp ]\n      action:\n        action-type: accept\n    - entry-id: 110\n      from:\n        protocol:\n          name: [ direct ]\n      action:\n        action-type: accept\n\n\n\n- path: configure/service/vprn[service-name=tenant]\n  val:\n   customer: \"1\"\n   admin-state: enable\n   service-id: 100\n#   ecmp: 64\n\n- path: configure/service/vprn[service-name=tenant]/ospf3[ospf-instance=0]\n\n  val:\n    export-policy: [ ospf_tenant_export ]\n    admin-state: enable\n    router-id: 10.0.0.1\n    area:\n    - area-id: \"0.0.0.0\"\n      interface:\n      - interface-name: \"eth-1/1/c1\"\n        interface-type: \"point-to-point\"\n      - interface-name: \"eth-1/1/c2\"\n        passive: True\n      - interface-name: \"loopback.1\"\n\n"
}

TASK [Deploy vrf configuration] ************************************************
included: /home/pipi/netlab_gh/netsim/ansible/tasks/deploy-config/sros.yml for dut

TASK [Generate gNMI YAML configuration] ****************************************
ok: [dut]

TASK [Update vrf node configuration from gNMI template /work/netlab_cicd/node_files/dut/vrf] ***
changed: [dut]

TASK [debug] *******************************************************************
skipping: [dut]

TASK [Figure out whether to deploy the module ospf on current device] **********
ok: [c1]

TASK [Find configuration template for ospf] ************************************
ok: [c1]

TASK [fail] ********************************************************************
skipping: [c1]

TASK [Find configuration deployment deploy_script for ospf] ********************
ok: [c1]

TASK [Print deployed configuration when running in verbose mode] ***************
ok: [c1] => {
    "msg": "ospf configuration for c1\n=========================================\n!\n! OSPFv2 FRR configuration\n!\nrouter ospf\n ospf router-id 10.0.0.2\n timers throttle spf 10 50 500\n timers throttle lsa all 100\n timers lsa min-arrival 100\n\n\nexit\n!\ninterface lo\n! \n ip ospf area 0.0.0.0\n!\ninterface eth1\n! c1 -> dut\n ip ospf area 0.0.0.0\n ip ospf network point-to-point\n!\ninterface eth2\n! c1 -> pe2\n ip ospf area 0.0.0.0\n ip ospf network point-to-point\n!\n\n!\n! OSPFv3 FRR configuration\n!\ninterface lo\n! \n ipv6 ospf6 area 0.0.0.0\n!\ninterface eth1\n! c1 -> dut\n ipv6 ospf6 area 0.0.0.0\n ipv6 ospf6 network point-to-point\n!\ninterface eth2\n! c1 -> pe2\n ipv6 ospf6 area 0.0.0.0\n ipv6 ospf6 network point-to-point\n!\n!\nrouter ospf6\n ospf6 router-id 10.0.0.2\n timers lsa min-arrival 100\n timers throttle spf 10 50 500\n\n\nexit\n\n!\ndo write\n"
}

TASK [Deploy ospf configuration] ***********************************************
included: /home/pipi/netlab_gh/netsim/ansible/tasks/deploy-config/frr.yml for c1

TASK [template] ****************************************************************
changed: [c1]

TASK [set_fact] ****************************************************************
ok: [c1]

TASK [run /tmp/config.sh to deploy ospf config from /work/netlab_cicd/node_files/c1/ospf] ***
skipping: [c1]

TASK [run vtysh to import ospf config from /work/netlab_cicd/node_files/c1/ospf] ***
changed: [c1]

TASK [Figure out whether to deploy the module bgp on current device] ***********
ok: [c1]

TASK [Find configuration template for bgp] *************************************
skipping: [c1]

TASK [fail] ********************************************************************
skipping: [c1]

TASK [Find configuration deployment deploy_script for bgp] *********************
skipping: [c1]

TASK [Print deployed configuration when running in verbose mode] ***************
skipping: [c1]

TASK [Deploy bgp configuration] ************************************************
skipping: [c1]

TASK [Figure out whether to deploy the module vrf on current device] ***********
ok: [c1]

TASK [Find configuration template for vrf] *************************************
skipping: [c1]

TASK [fail] ********************************************************************
skipping: [c1]

TASK [Find configuration deployment deploy_script for vrf] *********************
skipping: [c1]

TASK [Print deployed configuration when running in verbose mode] ***************
skipping: [c1]

TASK [Deploy vrf configuration] ************************************************
skipping: [c1]

TASK [Figure out whether to deploy the module ospf on current device] **********
ok: [pe2]

TASK [Find configuration template for ospf] ************************************
ok: [pe2]

TASK [fail] ********************************************************************
skipping: [pe2]

TASK [Find configuration deployment deploy_script for ospf] ********************
ok: [pe2]

TASK [Print deployed configuration when running in verbose mode] ***************
ok: [pe2] => {
    "msg": "ospf configuration for pe2\n=========================================\n!\n! OSPFv2 FRR configuration\n!\nrouter ospf\n ospf router-id 10.0.0.3\n timers throttle spf 10 50 500\n timers throttle lsa all 100\n timers lsa min-arrival 100\n\n\nexit\n!\ninterface lo\n! \n ip ospf area 0.0.0.0\n!\ninterface eth1\n! pe2 -> c1\n ip ospf area 0.0.0.0\n ip ospf network point-to-point\n!\n\n!\n! OSPFv3 FRR configuration\n!\ninterface lo\n! \n ipv6 ospf6 area 0.0.0.0\n!\ninterface eth1\n! pe2 -> c1\n ipv6 ospf6 area 0.0.0.0\n ipv6 ospf6 network point-to-point\n!\n!\nrouter ospf6\n ospf6 router-id 10.0.0.3\n timers lsa min-arrival 100\n timers throttle spf 10 50 500\n\n\nexit\n\n!\ndo write\n"
}

TASK [Deploy ospf configuration] ***********************************************
included: /home/pipi/netlab_gh/netsim/ansible/tasks/deploy-config/frr.yml for pe2

TASK [template] ****************************************************************
changed: [pe2]

TASK [set_fact] ****************************************************************
ok: [pe2]

TASK [run /tmp/config.sh to deploy ospf config from /work/netlab_cicd/node_files/pe2/ospf] ***
skipping: [pe2]

TASK [run vtysh to import ospf config from /work/netlab_cicd/node_files/pe2/ospf] ***
changed: [pe2]

TASK [Figure out whether to deploy the module bgp on current device] ***********
ok: [pe2]

TASK [Find configuration template for bgp] *************************************
ok: [pe2]

TASK [fail] ********************************************************************
skipping: [pe2]

TASK [Find configuration deployment deploy_script for bgp] *********************
ok: [pe2]

TASK [Print deployed configuration when running in verbose mode] ***************
ok: [pe2] => {
    "msg": "bgp configuration for pe2\n=========================================\n!\nrouter bgp 65101\n  no bgp ebgp-requires-policy\n  no bgp default ipv4-unicast\n  bgp default show-hostname\n  bgp default show-nexthop-hostname\n  ! Consider AS paths of same length but with different AS as ECMP candidates\n  bgp bestpath as-path multipath-relax\n\n  bgp router-id 10.0.0.3\n!\n  neighbor 10.2.0.1 remote-as 65000\n  neighbor 10.2.0.1 description dut\n  neighbor 10.2.0.1 update-source lo\n!\n  neighbor 2001:db8:4::1 remote-as 65000\n  neighbor 2001:db8:4::1 description dut\n  neighbor 2001:db8:4::1 update-source lo\n!\n address-family ipv4 unicast\n!\n\n!\n! Originate networks from connected subnets\n!\n  network 10.0.0.3/32\n!\n  neighbor 10.2.0.1 activate\n  no neighbor 10.2.0.1 send-community all\n  neighbor 10.2.0.1 send-community standard\n  neighbor 10.2.0.1 send-community large\n!\n address-family ipv6 unicast\n!\n\n!\n! Originate networks from connected subnets\n!\n  network 2001:db8:1:3::/64\n!\n  neighbor 2001:db8:4::1 activate\n  no neighbor 2001:db8:4::1 send-community all\n  neighbor 2001:db8:4::1 send-community standard\n  neighbor 2001:db8:4::1 send-community large\n!\n!\n!\ndo write\n"
}

TASK [Deploy bgp configuration] ************************************************
included: /home/pipi/netlab_gh/netsim/ansible/tasks/deploy-config/frr.yml for pe2

TASK [template] ****************************************************************
changed: [pe2]

TASK [set_fact] ****************************************************************
ok: [pe2]

TASK [run /tmp/config.sh to deploy bgp config from /work/netlab_cicd/node_files/pe2/bgp] ***
skipping: [pe2]

TASK [run vtysh to import bgp config from /work/netlab_cicd/node_files/pe2/bgp] ***
changed: [pe2]

TASK [Figure out whether to deploy the module vrf on current device] ***********
ok: [pe2]

TASK [Find configuration template for vrf] *************************************
skipping: [pe2]

TASK [fail] ********************************************************************
skipping: [pe2]

TASK [Find configuration deployment deploy_script for vrf] *********************
skipping: [pe2]

TASK [Print deployed configuration when running in verbose mode] ***************
skipping: [pe2]

TASK [Deploy vrf configuration] ************************************************
skipping: [pe2]

PLAY [Deploy custom deployment templates] **************************************

TASK [Run custom configuration deployment scripts] *****************************
skipping: [dut] => (item=bgp.session) 
included: /home/pipi/netlab_gh/netsim/ansible/tasks/deploy-custom-config.yml for dut, pe2 => (item=ebgp.multihop)
included: /home/pipi/netlab_gh/netsim/ansible/tasks/deploy-custom-config.yml for pe2 => (item=bgp.session)

TASK [Find configuration template] *********************************************
ok: [dut]
ok: [pe2]

TASK [fail] ********************************************************************
skipping: [dut]
skipping: [pe2]

TASK [Check is the configuration template is a file] ***************************
ok: [pe2 -> localhost]
ok: [dut -> localhost]

TASK [fail] ********************************************************************
skipping: [dut]
skipping: [pe2]

TASK [Process template /work/netlab_cicd/node_files/dut/ebgp.multihop for dut] ***
skipping: [dut]
skipping: [pe2]

TASK [Find custom configuration deployment script] *****************************
ok: [dut]
ok: [pe2]

TASK [Run the configuration deployment script] *********************************
included: /home/pipi/netlab_gh/netsim/ansible/tasks/deploy-config/sros.yml for dut
included: /home/pipi/netlab_gh/netsim/ansible/tasks/deploy-config/frr.yml for pe2

TASK [Generate gNMI YAML configuration] ****************************************
ok: [dut]

TASK [Update ebgp.multihop node configuration from gNMI template /work/netlab_cicd/node_files/dut/ebgp.multihop] ***
changed: [dut]

TASK [debug] *******************************************************************
skipping: [dut]

TASK [template] ****************************************************************
changed: [pe2]

TASK [set_fact] ****************************************************************
ok: [pe2]

TASK [run /tmp/config.sh to deploy ebgp.multihop config from /work/netlab_cicd/node_files/pe2/ebgp.multihop] ***
skipping: [pe2]

TASK [run vtysh to import ebgp.multihop config from /work/netlab_cicd/node_files/pe2/ebgp.multihop] ***
changed: [pe2]

TASK [Find configuration template] *********************************************
ok: [pe2]

TASK [fail] ********************************************************************
skipping: [pe2]

TASK [Check is the configuration template is a file] ***************************
ok: [pe2 -> localhost]

TASK [fail] ********************************************************************
skipping: [pe2]

TASK [Process template /work/netlab_cicd/node_files/pe2/bgp.session for pe2] ***
skipping: [pe2]

TASK [Find custom configuration deployment script] *****************************
ok: [pe2]

TASK [Run the configuration deployment script] *********************************
included: /home/pipi/netlab_gh/netsim/ansible/tasks/deploy-config/frr.yml for pe2

TASK [template] ****************************************************************
changed: [pe2]

TASK [set_fact] ****************************************************************
ok: [pe2]

TASK [run /tmp/config.sh to deploy bgp.session config from /work/netlab_cicd/node_files/pe2/bgp.session] ***
changed: [pe2]

TASK [run vtysh to import bgp.session config from /work/netlab_cicd/node_files/pe2/bgp.session] ***
skipping: [pe2]

PLAY RECAP *********************************************************************
c1                         : ok=31   changed=5    unreachable=0    failed=0    skipped=20   rescued=0    ignored=0   
dut                        : ok=51   changed=5    unreachable=0    failed=0    skipped=17   rescued=0    ignored=0   
pe2                        : ok=54   changed=11   unreachable=0    failed=0    skipped=25   rescued=0    ignored=0   


Warning: The following warnings were generated during the 'netlab initial' processing
Warning: ansible: You're using Ansible version 12.x or higher; netlab might not work correctly
[CREATED] dut: initial,ospf,bgp,vrf,ebgp.multihop
[CREATED] c1: initial,ospf
[CREATED] pe2: initial,ospf,bgp,bgp.session,ebgp.multihop


Use this topology to test the VRF EBGP multihop implementation

