Using transformed lab topology from snapshot file netlab.snapshot.pickle
Checking virtualization provider installation
OK: clab installed and working correctly
Starting clab nodes
provider clab: executing sudo -E containerlab deploy --reconfigure -t clab.yml
18:36:16 INFO Containerlab started version=0.73.0
18:36:16 INFO Parsing & checking topology file=clab.yml
18:36:16 INFO Removing directory path=/work/netlab_cicd/clab-ml-17
18:36:16 INFO Creating docker network name=nl_mgmt_17 IPv4 subnet=192.168.17.0/24 IPv6 subnet="" MTU=0
18:36:16 INFO Creating lab directory path=/work/netlab_cicd/clab-ml-17
18:36:16 INFO Creating container name=x2
18:36:16 INFO Creating container name=x1
18:36:16 INFO Creating container name=dut
18:36:16 INFO Created link: dut:Gi0-0-0-0 ▪┄┄▪ x1:eth1
18:36:16 INFO Created link: dut:Gi0-0-0-1 ▪┄┄▪ x2:eth1
18:36:16 INFO Running postdeploy actions for Cisco XRd 'dut' node
18:36:17 INFO Executed command node=x1 command="sleep 1" stdout=""
18:36:17 INFO Executed command node=x2 command="sleep 1" stdout=""
18:36:17 INFO Adding host entries path=/etc/hosts
18:36:17 INFO Adding SSH config for nodes path=/etc/ssh/ssh_config.d/clab-ml-17.conf
[1m╭[0m[1m────────────────[0m[1m┬[0m[1m─────────────────────────────────[0m[1m┬[0m[1m─────────[0m[1m┬[0m[1m────────────────[0m[1m╮[0m
[1m│[0m[1m      Name      [0m[1m│[0m[1m            Kind/Image           [0m[1m│[0m[1m  State  [0m[1m│[0m[1m IPv4/6 Address [0m[1m│[0m
[1m├[0m[1m────────────────[0m[1m┼[0m[1m─────────────────────────────────[0m[1m┼[0m[1m─────────[0m[1m┼[0m[1m────────────────[0m[1m┤[0m
│ clab-ml-17-dut │ cisco_xrd                       │ running │ 192.168.17.101 │
│                │ ios-xr/xrd-control-plane:25.2.1 │         │ N/A            │
├────────────────┼─────────────────────────────────┼─────────┼────────────────┤
│ clab-ml-17-x1  │ linux                           │ running │ 192.168.17.102 │
│                │ quay.io/frrouting/frr:10.2.2    │         │ N/A            │
├────────────────┼─────────────────────────────────┼─────────┼────────────────┤
│ clab-ml-17-x2  │ linux                           │ running │ 192.168.17.103 │
│                │ quay.io/frrouting/frr:10.2.2    │         │ N/A            │
╰────────────────┴─────────────────────────────────┴─────────┴────────────────╯

Initial configuration skipped, run 'netlab initial' to configure the devices
