Creating Device configuration snippets
[CREATED] dut: initial,isis
[CREATED] x1: initial,isis
[CREATED] x2: initial,isis
Checking Are lab devices ready to be configured?
 [INFO] Checking SSH server(s) on dut
[SSH]     SSH server on node dut (device iosxr) is ready after 26.0 seconds
Config Deploying device configurations
 [INFO] Executing initial configuration for node x1
 [INFO] Executing initial configuration for node x2
 [INFO] Executing isis configuration for node x1
 [INFO] Executing isis configuration for node x2
 [INFO] Starting Ansible playbook to deploy the rest of the
          configurations
[WARNING]: Found variable using reserved name: hosts

PLAY [Deploy initial device configuration] *************************************

TASK [Set variables that cannot be set with VARS] ******************************
ok: [dut]

TASK [Normalize config on bridge-like devices] *********************************
included: /home/pipi/netlab_gh/netsim/ansible/tasks/deploy-module.yml for dut

TASK [Figure out whether to deploy the module normalize on current device] *****
ok: [dut]

TASK [Find configuration template for normalize] *******************************
ok: [dut]

TASK [fail] ********************************************************************
skipping: [dut]

TASK [Find configuration deployment deploy_script for normalize] ***************
ok: [dut]

TASK [Print deployed configuration when running in verbose mode] ***************
skipping: [dut]

TASK [Deploy normalize configuration] ******************************************
skipping: [dut]

TASK [Deploy initial configuration] ********************************************
included: /home/pipi/netlab_gh/netsim/ansible/tasks/deploy-module.yml for dut

TASK [Figure out whether to deploy the module initial on current device] *******
ok: [dut]

TASK [Find configuration template for initial] *********************************
ok: [dut]

TASK [fail] ********************************************************************
skipping: [dut]

TASK [Find configuration deployment deploy_script for initial] *****************
ok: [dut]

TASK [Print deployed configuration when running in verbose mode] ***************
ok: [dut] => {
    "msg": "initial configuration for dut\n=========================================\nhostname dut\n!\ndomain lookup disable\n!\nlldp\n no management enable\n!\ndomain ipv6 host x1 2001:db8:1:2::1\ndomain ipv6 host x2 2001:db8:1:3::1\n!\ninterface Loopback0\n no shutdown\n ipv6 address 2001:db8:1:1::1/64\n!\ninterface GigabitEthernet0/0/0/0\n no shutdown\n description dut -> x1\n mtu 1514\n ipv6 address 2001:db8:3::1/64\n ipv6 nd ra-interval 5\n!\ninterface GigabitEthernet0/0/0/1\n no shutdown\n description dut -> x2\n mtu 1514\n ipv6 address 2001:db8:3:1::1/64\n ipv6 nd ra-interval 5\n!\n"
}

TASK [Deploy initial configuration] ********************************************
included: /home/pipi/netlab_gh/netsim/ansible/tasks/deploy-config/iosxr.yml for dut

TASK [iosxr_config: deploying initial from /work/netlab_cicd/node_files/dut/initial] ***
[WARNING]: To ensure idempotency and correct diff the input configuration lines
should be similar to how they appear if present in the running configuration on
device including the indentation
changed: [dut]

PLAY [Deploy module-specific configurations] ***********************************

TASK [Set variables that cannot be set with VARS] ******************************
ok: [dut]

TASK [Deploy individual configuration modules] *********************************
included: /home/pipi/netlab_gh/netsim/ansible/tasks/deploy-module.yml for dut => (item=isis)

TASK [Figure out whether to deploy the module isis on current device] **********
ok: [dut]

TASK [Find configuration template for isis] ************************************
ok: [dut]

TASK [fail] ********************************************************************
skipping: [dut]

TASK [Find configuration deployment deploy_script for isis] ********************
ok: [dut]

TASK [Print deployed configuration when running in verbose mode] ***************
ok: [dut] => {
    "msg": "isis configuration for dut\n=========================================\n!\n!\nrouter isis Gandalf\n\n log adjacency changes\n lsp-gen-interval initial-wait 50 secondary-wait 100 maximum-wait 500\n is-type level-2-only\n net 49.0001.0bad.cafe.0001.00\n!\n address-family ipv6 unicast\n  metric-style wide\n  spf-interval initial-wait 50 secondary-wait 100 maximum-wait 500\n  no single-topology\n!\n!\n interface Loopback0\n  address-family ipv6\n!\n interface GigabitEthernet0/0/0/0\n  point-to-point\n  address-family ipv6\n!\n interface GigabitEthernet0/0/0/1\n  point-to-point\n  address-family ipv6\n\n"
}

TASK [Deploy isis configuration] ***********************************************
included: /home/pipi/netlab_gh/netsim/ansible/tasks/deploy-config/iosxr.yml for dut

TASK [iosxr_config: deploying isis from /work/netlab_cicd/node_files/dut/isis] ***
changed: [dut]

PLAY [Deploy custom deployment templates] **************************************
skipping: no hosts matched

PLAY RECAP *********************************************************************
dut                        : ok=20   changed=2    unreachable=0    failed=0    skipped=5    rescued=0    ignored=0   

Results of configuration script deployments
================================================================================
x1               Script:  initial,isis
x2               Script:  initial,isis


This lab tests level-2 IS-IS with IPv6. The device under test is a level-2-only
router with two LAN interfaces connected to adjacent IS-IS routers.

