Creating Device configuration snippets
[CREATED] dut: initial,routing,isis,ospf,bgp
[CREATED] x1: initial,bgp
[CREATED] r2: initial,ospf
[CREATED] r3: initial,isis
Checking Are lab devices ready to be configured?
 [INFO] Checking SSH server(s) on dut
[SSH]     SSH server on node dut (device iosxr) is ready after 26.0 seconds
Config Deploying device configurations
 [INFO] Executing initial configuration for node x1
 [INFO] Executing initial configuration for node r2
 [INFO] Executing initial configuration for node r3
 [INFO] Executing ospf configuration for node r2
 [INFO] Executing bgp configuration for node x1
 [INFO] Executing isis configuration for node r3
 [INFO] Starting Ansible playbook to deploy the rest of the
          configurations
[WARNING]: Found variable using reserved name: hosts

PLAY [Deploy initial device configuration] *************************************

TASK [Set variables that cannot be set with VARS] ******************************
ok: [dut]

TASK [Normalize config on bridge-like devices] *********************************
included: /home/pipi/netlab_gh/netsim/ansible/tasks/deploy-module.yml for dut

TASK [Figure out whether to deploy the module normalize on current device] *****
ok: [dut]

TASK [Find configuration template for normalize] *******************************
ok: [dut]

TASK [fail] ********************************************************************
skipping: [dut]

TASK [Find configuration deployment deploy_script for normalize] ***************
ok: [dut]

TASK [Print deployed configuration when running in verbose mode] ***************
skipping: [dut]

TASK [Deploy normalize configuration] ******************************************
skipping: [dut]

TASK [Deploy initial configuration] ********************************************
included: /home/pipi/netlab_gh/netsim/ansible/tasks/deploy-module.yml for dut

TASK [Figure out whether to deploy the module initial on current device] *******
ok: [dut]

TASK [Find configuration template for initial] *********************************
ok: [dut]

TASK [fail] ********************************************************************
skipping: [dut]

TASK [Find configuration deployment deploy_script for initial] *****************
ok: [dut]

TASK [Print deployed configuration when running in verbose mode] ***************
ok: [dut] => {
    "msg": "initial configuration for dut\n=========================================\nhostname dut\n!\ndomain lookup disable\n!\nlldp\n no management enable\n!\ndomain ipv4 host x1 10.0.0.2\ndomain ipv4 host r2 10.0.0.3\ndomain ipv4 host r3 10.0.0.4\ndomain ipv6 host x1 2001:db8:1:2::1\ndomain ipv6 host r2 2001:db8:1:3::1\ndomain ipv6 host r3 2001:db8:1:4::1\n!\ninterface Loopback0\n no shutdown\n ipv4 address 10.0.0.1 255.255.255.255\n ipv6 address 2001:db8:1:1::1/64\n!\ninterface GigabitEthernet0/0/0/0\n no shutdown\n description dut -> x1 [external]\n mtu 1514\n ipv4 address 10.1.0.1 255.255.255.252\n ipv6 address 2001:db8:3::1/64\n ipv6 nd ra-interval 5\n!\ninterface GigabitEthernet0/0/0/1\n no shutdown\n description dut -> r2\n mtu 1514\n ipv4 address 10.1.0.5 255.255.255.252\n ipv6 address 2001:db8:3:1::1/64\n ipv6 nd ra-interval 5\n!\ninterface GigabitEthernet0/0/0/2\n no shutdown\n description dut -> r3\n mtu 1514\n ipv4 address 10.1.0.9 255.255.255.252\n ipv6 address 2001:db8:3:2::1/64\n ipv6 nd ra-interval 5\n!\n"
}

TASK [Deploy initial configuration] ********************************************
included: /home/pipi/netlab_gh/netsim/ansible/tasks/deploy-config/iosxr.yml for dut

TASK [iosxr_config: deploying initial from /work/netlab_cicd/node_files/dut/initial] ***
[WARNING]: To ensure idempotency and correct diff the input configuration lines
should be similar to how they appear if present in the running configuration on
device including the indentation
changed: [dut]

PLAY [Deploy module-specific configurations] ***********************************

TASK [Set variables that cannot be set with VARS] ******************************
ok: [dut]

TASK [Deploy individual configuration modules] *********************************
included: /home/pipi/netlab_gh/netsim/ansible/tasks/deploy-module.yml for dut => (item=routing)
included: /home/pipi/netlab_gh/netsim/ansible/tasks/deploy-module.yml for dut => (item=isis)
included: /home/pipi/netlab_gh/netsim/ansible/tasks/deploy-module.yml for dut => (item=ospf)
included: /home/pipi/netlab_gh/netsim/ansible/tasks/deploy-module.yml for dut => (item=bgp)

TASK [Figure out whether to deploy the module routing on current device] *******
ok: [dut]

TASK [Find configuration template for routing] *********************************
ok: [dut]

TASK [fail] ********************************************************************
skipping: [dut]

TASK [Find configuration deployment deploy_script for routing] *****************
ok: [dut]

TASK [Print deployed configuration when running in verbose mode] ***************
ok: [dut] => {
    "msg": "routing configuration for dut\n=========================================\n!\n! Static routes\n!\nrouter static\n  address-family ipv4 unicast 10.0.0.42/32 GigabitEthernet0/0/0/1 10.1.0.6\n  address-family ipv6 unicast 2001:db8:42::42/128 GigabitEthernet0/0/0/1 2001:db8:3:1::2\n"
}

TASK [Deploy routing configuration] ********************************************
included: /home/pipi/netlab_gh/netsim/ansible/tasks/deploy-config/iosxr.yml for dut

TASK [iosxr_config: deploying routing from /work/netlab_cicd/node_files/dut/routing] ***
changed: [dut]

TASK [Figure out whether to deploy the module isis on current device] **********
ok: [dut]

TASK [Find configuration template for isis] ************************************
ok: [dut]

TASK [fail] ********************************************************************
skipping: [dut]

TASK [Find configuration deployment deploy_script for isis] ********************
ok: [dut]

TASK [Print deployed configuration when running in verbose mode] ***************
ok: [dut] => {
    "msg": "isis configuration for dut\n=========================================\n!\n!\nrouter isis Gandalf\n\n log adjacency changes\n lsp-gen-interval initial-wait 50 secondary-wait 100 maximum-wait 500\n is-type level-1-2\n net 49.0001.0000.0000.0001.00\n!\n address-family ipv4 unicast\n  metric-style wide\n  spf-interval initial-wait 50 secondary-wait 100 maximum-wait 500\n  redistribute bgp 65000\n  redistribute ospf 1\n  redistribute static\n\n!\n address-family ipv6 unicast\n  metric-style wide\n  spf-interval initial-wait 50 secondary-wait 100 maximum-wait 500\n  no single-topology\n  redistribute bgp 65000\n  redistribute ospf 1\n  redistribute static\n\n!\n!\n interface Loopback0\n  address-family ipv4\n  address-family ipv6\n!\n interface GigabitEthernet0/0/0/1\n  point-to-point\n  address-family ipv4\n  address-family ipv6\n!\n interface GigabitEthernet0/0/0/2\n  point-to-point\n  address-family ipv4\n  address-family ipv6\n\n"
}

TASK [Deploy isis configuration] ***********************************************
included: /home/pipi/netlab_gh/netsim/ansible/tasks/deploy-config/iosxr.yml for dut

TASK [iosxr_config: deploying isis from /work/netlab_cicd/node_files/dut/isis] ***
changed: [dut]

TASK [Figure out whether to deploy the module ospf on current device] **********
ok: [dut]

TASK [Find configuration template for ospf] ************************************
ok: [dut]

TASK [fail] ********************************************************************
skipping: [dut]

TASK [Find configuration deployment deploy_script for ospf] ********************
ok: [dut]

TASK [Print deployed configuration when running in verbose mode] ***************
ok: [dut] => {
    "msg": "ospf configuration for dut\n=========================================\n!\nrouter ospf 1\n!\n! These throttle timers are probably too aggressive for a production network but\n! make labs run better ;)\n!\n timers throttle spf 10 20 100\n timers throttle lsa all 10 20 100\n router-id 10.0.0.1\n\n loopback stub-network enable\n redistribute isis Gandalf level-1-2\n\n area 0.0.0.0\n  interface Loopback0\n  interface GigabitEthernet0/0/0/1\n   network point-to-point\n  interface GigabitEthernet0/0/0/2\n   network point-to-point\n\nrouter ospfv3 1\n!\n! These throttle timers are probably too aggressive for a production network but\n! make labs run better ;)\n!\n timers throttle spf 10 20 100\n timers throttle lsa all 10 20 100\n router-id 10.0.0.1\n\n redistribute isis Gandalf level-1-2\n\n area 0.0.0.0\n  interface Loopback0\n  interface GigabitEthernet0/0/0/1\n   network point-to-point\n  interface GigabitEthernet0/0/0/2\n   network point-to-point\n\n"
}

TASK [Deploy ospf configuration] ***********************************************
included: /home/pipi/netlab_gh/netsim/ansible/tasks/deploy-config/iosxr.yml for dut

TASK [iosxr_config: deploying ospf from /work/netlab_cicd/node_files/dut/ospf] ***
changed: [dut]

TASK [Figure out whether to deploy the module bgp on current device] ***********
ok: [dut]

TASK [Find configuration template for bgp] *************************************
ok: [dut]

TASK [fail] ********************************************************************
skipping: [dut]

TASK [Find configuration deployment deploy_script for bgp] *********************
ok: [dut]

TASK [Print deployed configuration when running in verbose mode] ***************
ok: [dut] => {
    "msg": "bgp configuration for dut\n=========================================\n!\n!\nrouter bgp 65000\n bgp unsafe-ebgp-policy\n bgp scan-time 5\n bgp update-delay 5\n bgp router-id 10.0.0.1\n\n!\n address-family ipv4 unicast\n  bgp scan-time 5\n!\n  network 10.0.0.1/32\n  redistribute isis Gandalf level 1 level 2\n\n!\n!\n address-family ipv6 unicast\n  bgp scan-time 5\n!\n  network 2001:db8:1:1::/64\n  redistribute isis Gandalf level 1 level 2\n\n!\n!\n neighbor 10.1.0.2\n  remote-as 65100\n  description x1\n  address-family ipv4 unicast\n   send-community-ebgp\n\n!\n neighbor 2001:db8:3::2\n  remote-as 65100\n  description x1\n  address-family ipv6 unicast\n   send-community-ebgp\n\n"
}

TASK [Deploy bgp configuration] ************************************************
included: /home/pipi/netlab_gh/netsim/ansible/tasks/deploy-config/iosxr.yml for dut

TASK [iosxr_config: deploying bgp from /work/netlab_cicd/node_files/dut/bgp] ***
changed: [dut]

PLAY [Deploy custom deployment templates] **************************************
skipping: no hosts matched

PLAY RECAP *********************************************************************
dut                        : ok=41   changed=5    unreachable=0    failed=0    skipped=8    rescued=0    ignored=0   

Results of configuration script deployments
================================================================================
x1               Script:  initial,bgp
r2               Script:  initial,ospf
r3               Script:  initial,isis


Use this topology to test the two-way redistribution between ISIS and OSPFv2/OSPFv3/BGP

