20:44:23 INFO Containerlab started version=0.68.0
20:44:23 INFO Parsing & checking topology file=clab.yml
20:44:23 INFO Removing directory path=/work/netlab_cicd/junos/clab-ml_31
20:44:23 INFO Creating docker network name=nl_mgmt_31 IPv4 subnet=192.168.31.0/24 IPv6 subnet="" MTU=0
20:44:23 INFO Creating lab directory path=/work/netlab_cicd/junos/clab-ml_31
20:44:23 INFO Creating container name=r
20:44:23 INFO Adding host entries path=/etc/hosts
20:44:23 INFO Adding SSH config for nodes path=/etc/ssh/ssh_config.d/clab-ml_31.conf
[1m╭[0m[1m──────────────[0m[1m┬[0m[1m────────────────────────────────────────────[0m[1m┬[0m[1m────────────────────[0m[1m┬[0m[1m────────────────[0m[1m╮[0m
[1m│[0m[1m     Name     [0m[1m│[0m[1m                 Kind/Image                 [0m[1m│[0m[1m        State       [0m[1m│[0m[1m IPv4/6 Address [0m[1m│[0m
[1m├[0m[1m──────────────[0m[1m┼[0m[1m────────────────────────────────────────────[0m[1m┼[0m[1m────────────────────[0m[1m┼[0m[1m────────────────[0m[1m┤[0m
│ clab-ml_31-r │ juniper_vjunosswitch                       │ running            │ 192.168.31.101 │
│              │ vrnetlab/juniper_vjunos-switch:23.4R2-S2.1 │ (health: starting) │ N/A            │
╰──────────────┴────────────────────────────────────────────┴────────────────────┴────────────────╯
Using transformed lab topology from snapshot file netlab.snapshot.yml
Checking virtualization provider installation
OK: clab installed and working correctly
Starting clab nodes
provider clab: executing sudo -E containerlab deploy --reconfigure -t clab.yml

Initial configuration skipped, run 'netlab initial' to configure the devices
