04:27:04 INFO Containerlab started version=0.68.0
04:27:04 INFO Parsing & checking topology file=clab.yml
04:27:04 INFO Removing directory path=/work/netlab_cicd/junos/clab-ml_31
04:27:04 INFO Creating docker network name=nl_mgmt_31 IPv4 subnet=192.168.31.0/24 IPv6 subnet="" MTU=0
04:27:04 INFO Creating lab directory path=/work/netlab_cicd/junos/clab-ml_31
04:27:04 INFO Creating container name=h3
04:27:04 INFO Creating container name=h1
04:27:04 INFO Creating container name=h2
04:27:04 INFO Creating container name=h4
04:27:04 INFO Creating container name=s1
04:27:04 INFO Creating container name=s2
04:27:05 INFO Created link: h2:eth1 ▪┄┄▪ s2:et2
04:27:05 INFO Created link: h4:eth1 ▪┄┄▪ s2:et3
04:27:05 INFO Running postdeploy actions for Arista cEOS 's2' node
04:27:05 INFO Created link: s1:eth1 ▪┄┄▪ s2:et1
04:27:05 INFO Created link: h1:eth1 ▪┄┄▪ s1:eth2
04:27:05 INFO Created link: h3:eth1 ▪┄┄▪ s1:eth3
04:27:18 INFO Adding host entries path=/etc/hosts
04:27:18 INFO Adding SSH config for nodes path=/etc/ssh/ssh_config.d/clab-ml_31.conf
[1m╭[0m[1m───────────────[0m[1m┬[0m[1m────────────────────────────────────────────[0m[1m┬[0m[1m────────────────────[0m[1m┬[0m[1m────────────────[0m[1m╮[0m
[1m│[0m[1m      Name     [0m[1m│[0m[1m                 Kind/Image                 [0m[1m│[0m[1m        State       [0m[1m│[0m[1m IPv4/6 Address [0m[1m│[0m
[1m├[0m[1m───────────────[0m[1m┼[0m[1m────────────────────────────────────────────[0m[1m┼[0m[1m────────────────────[0m[1m┼[0m[1m────────────────[0m[1m┤[0m
│ clab-ml_31-h1 │ linux                                      │ running            │ 192.168.31.101 │
│               │ python:3.13-alpine                         │                    │ N/A            │
├───────────────┼────────────────────────────────────────────┼────────────────────┼────────────────┤
│ clab-ml_31-h2 │ linux                                      │ running            │ 192.168.31.102 │
│               │ python:3.13-alpine                         │                    │ N/A            │
├───────────────┼────────────────────────────────────────────┼────────────────────┼────────────────┤
│ clab-ml_31-h3 │ linux                                      │ running            │ 192.168.31.103 │
│               │ python:3.13-alpine                         │                    │ N/A            │
├───────────────┼────────────────────────────────────────────┼────────────────────┼────────────────┤
│ clab-ml_31-h4 │ linux                                      │ running            │ 192.168.31.104 │
│               │ python:3.13-alpine                         │                    │ N/A            │
├───────────────┼────────────────────────────────────────────┼────────────────────┼────────────────┤
│ clab-ml_31-s1 │ juniper_vjunosrouter                       │ running            │ 192.168.31.105 │
│               │ vrnetlab/juniper_vjunos-router:23.4R2-S2.1 │ (health: starting) │ N/A            │
├───────────────┼────────────────────────────────────────────┼────────────────────┼────────────────┤
│ clab-ml_31-s2 │ ceos                                       │ running            │ 192.168.31.106 │
│               │ ceos:4.33.1F                               │                    │ N/A            │
╰───────────────┴────────────────────────────────────────────┴────────────────────┴────────────────╯
Using transformed lab topology from snapshot file netlab.snapshot.yml
Checking virtualization provider installation
OK: clab installed and working correctly
Starting clab nodes
provider clab: executing sudo -E containerlab deploy --reconfigure -t clab.yml

Initial configuration skipped, run 'netlab initial' to configure the devices
