Createdprovider configuration file: clab.yml
Created r2: daemons,hosts
Created h1: initial,routing,hosts (shared)
Created h2: initial,routing,hosts (shared)
Created h3: initial,routing,hosts (shared)
Created h4: initial,routing,hosts (shared)
Created h5: initial,routing,hosts (shared)
Createdtransformed topology dump in YAML format in netlab.snapshot.yml
Createdpickled transformed topology data into netlab.snapshot.pickle
Created group_vars for all
Created group_vars for modules
Created group_vars for frr
Created host_vars for r2
Created group_vars for linux
Created host_vars for h1
Created host_vars for h2
Created host_vars for h3
Created host_vars for h4
Created host_vars for h5
Created group_vars for vjunos_router
Created host_vars for r1
Created host_vars for r3
Createdminimized Ansible inventory hosts.yml
CreatedAnsible configuration file: ansible.cfg
