Bringing machine 'pe1' up with 'libvirt' provider...
Bringing machine 'pe2' up with 'libvirt' provider...
Bringing machine 'dut' up with 'libvirt' provider...
Bringing machine 'p2' up with 'libvirt' provider...
==> dut: Checking if box 'juniper/vptx' version '23.2R2' is up to date...
==> pe2: Checking if box 'arista/veos' version '4.31.2F' is up to date...
==> pe1: Checking if box 'arista/veos' version '4.31.2F' is up to date...
==> p2: Checking if box 'arista/veos' version '4.31.2F' is up to date...
==> p2: Creating image (snapshot of base box volume).
==> dut: Creating image (snapshot of base box volume).
==> pe2: Creating image (snapshot of base box volume).
==> pe1: Creating image (snapshot of base box volume).
==> pe1: Creating domain with the following settings...
==> p2: Creating domain with the following settings...
==> dut: Creating domain with the following settings...
==> pe1:  -- Name:              ml_17_pe1
==> p2:  -- Name:              ml_17_p2
==> p2:  -- Description:       Source: /work/netlab_cicd/Vagrantfile
==> dut:  -- Name:              ml_17_dut
==> p2:  -- Domain type:       kvm
==> dut:  -- Description:       Source: /work/netlab_cicd/Vagrantfile
==> pe1:  -- Description:       Source: /work/netlab_cicd/Vagrantfile
==> dut:  -- Domain type:       kvm
==> p2:  -- Cpus:              2
==> pe2: Creating domain with the following settings...
==> p2:  -- Feature:           acpi
==> dut:  -- Cpus:              4
==> pe1:  -- Domain type:       kvm
==> pe2:  -- Name:              ml_17_pe2
==> p2:  -- Feature:           apic
==> dut:  -- CPU feature:       name=vmx, policy=require
==> pe1:  -- Cpus:              2
==> pe2:  -- Description:       Source: /work/netlab_cicd/Vagrantfile
==> p2:  -- Feature:           pae
==> dut:  -- Feature:           acpi
==> pe1:  -- Feature:           acpi
==> pe2:  -- Domain type:       kvm
==> p2:  -- Clock offset:      utc
==> dut:  -- Feature:           apic
==> pe1:  -- Feature:           apic
==> pe2:  -- Cpus:              2
==> p2:  -- Memory:            2048M
==> dut:  -- Feature:           pae
==> pe1:  -- Feature:           pae
==> pe2:  -- Feature:           acpi
==> p2:  -- Management MAC:    08:4f:a9:00:00:06
==> dut:  -- Clock offset:      utc
==> pe1:  -- Clock offset:      utc
==> dut:  -- Memory:            8192M
==> p2:  -- Base box:          arista/veos
==> pe2:  -- Feature:           apic
==> pe1:  -- Memory:            2048M
==> dut:  -- Management MAC:    08:4f:a9:00:00:05
==> p2:  -- Storage pool:      default
==> p2:  -- Image(vda):        /var/lib/libvirt/images/ml_17_p2.img, ide, 5G
==> p2:  -- Disk driver opts:  cache='default'
==> pe1:  -- Management MAC:    08:4f:a9:00:00:03
==> pe2:  -- Feature:           pae
==> p2:  -- Graphics Type:     vnc
==> dut:  -- Base box:          juniper/vptx
==> pe1:  -- Base box:          arista/veos
==> pe2:  -- Clock offset:      utc
==> pe1:  -- Storage pool:      default
==> p2:  -- Video Type:        cirrus
==> pe2:  -- Memory:            2048M
==> p2:  -- Video VRAM:        16384
==> p2:  -- Video 3D accel:    false
==> pe1:  -- Image(vda):        /var/lib/libvirt/images/ml_17_pe1.img, ide, 5G
==> p2:  -- Keymap:            en-us
==> dut:  -- Storage pool:      default
==> pe2:  -- Management MAC:    08:4f:a9:00:00:04
==> pe1:  -- Disk driver opts:  cache='default'
==> p2:  -- TPM Backend:       passthrough
==> pe2:  -- Base box:          arista/veos
==> pe1:  -- Graphics Type:     vnc
==> pe2:  -- Storage pool:      default
==> pe2:  -- Image(vda):        /var/lib/libvirt/images/ml_17_pe2.img, ide, 5G
==> pe2:  -- Disk driver opts:  cache='default'
==> pe2:  -- Graphics Type:     vnc
==> p2:  -- INPUT:             type=mouse, bus=ps2
==> pe2:  -- Video Type:        cirrus
==> dut:  -- Image(vda):        /var/lib/libvirt/images/ml_17_dut.img, virtio, 40G
==> pe1:  -- Video Type:        cirrus
==> pe2:  -- Video VRAM:        16384
==> pe2:  -- Video 3D accel:    false
==> pe2:  -- Keymap:            en-us
==> pe2:  -- TPM Backend:       passthrough
==> dut:  -- Disk driver opts:  cache='default'
==> pe1:  -- Video VRAM:        16384
==> dut:  -- Graphics Type:     none
==> pe2:  -- INPUT:             type=mouse, bus=ps2
==> pe1:  -- Video 3D accel:    false
==> dut:  -- Video Type:        cirrus
==> pe1:  -- Keymap:            en-us
==> dut:  -- Video VRAM:        16384
==> pe1:  -- TPM Backend:       passthrough
==> pe1:  -- INPUT:             type=mouse, bus=ps2
==> pe2: Creating shared folders metadata...
==> dut:  -- Video 3D accel:    false
==> dut:  -- Keymap:            en-us
==> dut:  -- TPM Backend:       passthrough
==> dut:  -- Sysinfo:
==> dut:    -- BIOS:
==> dut:     -> vendor: Bochs
==> dut:     -> version: Bochs
==> pe2: Starting domain.
==> dut:    -- System:
==> pe2: Domain launching with graphics connection settings...
==> pe2:  -- Graphics Port:      5900
==> pe2:  -- Graphics IP:        127.0.0.1
==> pe2:  -- Graphics Password:  Not defined
==> pe2:  -- Graphics Websocket: 5700
==> pe2: Waiting for domain to get an IP address...
==> dut:     -> manufacturer: Bochs
==> dut:     -> product: Bochs
==> dut:     -> serial: chassis_no=0:slot=0:type=1:assembly_id=0x0D20:platform=251:master=0:channelized=no
==> dut:    -- Chassis:
==> dut:     -> manufacturer: Bochs
==> dut:  -- INPUT:             type=mouse, bus=ps2
==> p2: Creating shared folders metadata...
==> p2: Starting domain.
==> p2: Domain launching with graphics connection settings...
==> p2:  -- Graphics Port:      5901
==> p2:  -- Graphics IP:        127.0.0.1
==> pe1: Creating shared folders metadata...
==> pe1: Starting domain.
==> p2:  -- Graphics Password:  Not defined
==> p2:  -- Graphics Websocket: 5701
==> p2: Waiting for domain to get an IP address...
==> pe1: Domain launching with graphics connection settings...
==> pe1:  -- Graphics Port:      5902
==> pe1:  -- Graphics IP:        127.0.0.1
==> pe1:  -- Graphics Password:  Not defined
==> pe1:  -- Graphics Websocket: 5702
==> pe1: Waiting for domain to get an IP address...
==> dut: Creating shared folders metadata...
==> dut: Updating domain definition due to configuration change
==> dut: Starting domain.
==> dut: Waiting for domain to get an IP address...
==> dut: Waiting for machine to boot. This may take a few minutes...
    dut: SSH address: 192.168.17.105:22
    dut: SSH username: vagrant
    dut: SSH auth method: private key
==> dut: Machine booted and ready!
==> p2: Waiting for machine to boot. This may take a few minutes...
    p2: SSH address: 192.168.17.106:22
    p2: SSH username: vagrant
    p2: SSH auth method: private key
==> pe2: Waiting for machine to boot. This may take a few minutes...
    pe2: SSH address: 192.168.17.104:22
    pe2: SSH username: vagrant
    pe2: SSH auth method: private key
==> pe1: Waiting for machine to boot. This may take a few minutes...
    pe1: SSH address: 192.168.17.103:22
    pe1: SSH username: vagrant
    pe1: SSH auth method: private key
==> p2: Machine booted and ready!
==> pe2: Machine booted and ready!
==> pe1: Machine booted and ready!
Using transformed lab topology from snapshot file netlab.snapshot.yml
Checking virtualization provider installation
OK: libvirt installed and working correctly
OK: clab installed and working correctly
Starting libvirt nodes
creating libvirt management network nl_mgmt_17
provider libvirt: executing vagrant up --provider libvirt
Starting clab nodes
Recreating clab-augment.yml configuration file for clab provider
time="2024-08-03T18:20:35Z" level=info msg="Containerlab v0.54.2 started"
time="2024-08-03T18:20:35Z" level=info msg="Parsing & checking topology file: clab-augment.yml"
time="2024-08-03T18:20:35Z" level=info msg="Creating docker network: Name=\"nl_mgmt_17\", IPv4Subnet=\"192.168.17.0/24\", IPv6Subnet=\"\", MTU=1500"
time="2024-08-03T18:20:35Z" level=info msg="Creating lab directory: /work/netlab_cicd/clab-ml_17"
time="2024-08-03T18:20:36Z" level=info msg="Creating container: \"h1\""
time="2024-08-03T18:20:36Z" level=info msg="Creating container: \"h2\""
time="2024-08-03T18:20:36Z" level=info msg="Created link: h2:eth1 <--> virbr1:ml_17_2_1"
time="2024-08-03T18:20:36Z" level=info msg="Created link: h1:eth1 <--> virbr2:ml_17_1_1"
time="2024-08-03T18:20:36Z" level=info msg="Adding containerlab host entries to /etc/hosts file"
time="2024-08-03T18:20:36Z" level=info msg="Adding ssh config for containerlab nodes"
time="2024-08-03T18:20:36Z" level=info msg="🎉 New containerlab version 0.56.0 is available! Release notes: https://containerlab.dev/rn/0.56/\nRun 'containerlab version upgrade' to upgrade or go check other installation options at https://containerlab.dev/install/\n"
+---+---------------+--------------+-------------------+-------+---------+-------------------+--------------+
| # |     Name      | Container ID |       Image       | Kind  |  State  |   IPv4 Address    | IPv6 Address |
+---+---------------+--------------+-------------------+-------+---------+-------------------+--------------+
| 1 | clab-ml_17-h1 | 1b2cbf8c83a2 | python:3.9-alpine | linux | running | 192.168.17.101/24 | N/A          |
| 2 | clab-ml_17-h2 | 4178bde81957 | python:3.9-alpine | linux | running | 192.168.17.102/24 | N/A          |
+---+---------------+--------------+-------------------+-------+---------+-------------------+--------------+
Created provider configuration file: clab-augment.yml
Mapped clab_files/h1/hosts to h1:/etc/hosts (from templates/provider/clab/linux/hosts.j2)
Mapped clab_files/h2/hosts to h2:/etc/hosts (from templates/provider/clab/linux/hosts.j2)
provider clab: executing sudo -E containerlab deploy -t clab-augment.yml

Initial configuration skipped, run 'netlab initial' to configure the devices
