Bringing machine 'dut' up with 'libvirt' provider...
==> dut: Checking if box 'juniper/vptx' version '25.2R1.8' is up to date...
[fog][WARNING] Unrecognized arguments: libvirt_ip_command
==> dut: Creating image (snapshot of base box volume).
==> dut: Creating domain with the following settings...
==> dut:  -- Name:              ml_23_dut
==> dut:  -- Description:       Source: /work/netlab_cicd/hogs/Vagrantfile
==> dut:  -- Domain type:       kvm
==> dut:  -- Cpus:              4
==> dut:  -- Feature:           acpi
==> dut:  -- Feature:           apic
==> dut:  -- Feature:           pae
==> dut:  -- Clock offset:      utc
==> dut:  -- Memory:            8192M
==> dut:  -- Management MAC:    ca:fe:00:03:00:00
==> dut:  -- Loader:            /usr/share/OVMF/OVMF_CODE_4M.fd
==> dut:  -- Nvram:             /var/lib/libvirt/qemu/nvram/dut.fd
==> dut:  -- Base box:          juniper/vptx
==> dut:  -- Storage pool:      default
==> dut:  -- Image(vda):        /var/lib/libvirt/images/ml_23_dut.img, virtio, 40G
==> dut:  -- Disk driver opts:  cache='default'
==> dut:  -- Graphics Type:     none
==> dut:  -- Video Type:        none
==> dut:  -- Video VRAM:        16384
==> dut:  -- Video 3D accel:    false
==> dut:  -- Keymap:            en-us
==> dut:  -- TPM Backend:       passthrough
==> dut:  -- Sysinfo:
==> dut:    -- BIOS:
==> dut:     -> vendor: Bochs
==> dut:     -> version: Bochs
==> dut:    -- System:
==> dut:     -> manufacturer: Bochs
==> dut:     -> product: Bochs
==> dut:     -> serial: chassis_no=0:slot=0:type=1:assembly_id=0x0D20:platform=251:master=0:channelized=no
==> dut:    -- Chassis:
==> dut:     -> manufacturer: Bochs
==> dut:  -- INPUT:             type=mouse, bus=ps2
==> dut: Creating shared folders metadata...
==> dut: Updating domain definition due to configuration change
==> dut: Starting domain.
==> dut: Waiting for domain to get an IP address...
==> dut: Waiting for machine to boot. This may take a few minutes...
    dut: SSH address: 192.168.23.103:22
    dut: SSH username: vagrant
    dut: SSH auth method: private key
==> dut: Machine booted and ready!
02:17:51 INFO Containerlab started version=0.72.0
02:17:51 INFO Parsing & checking topology file=clab-augment.yml
02:17:51 INFO Removing directory path=/work/netlab_cicd/hogs/clab-ml_23
02:17:51 INFO Creating docker network name=nl_mgmt_23 IPv4 subnet=192.168.23.0/24 IPv6 subnet="" MTU=0
02:17:51 INFO Creating lab directory path=/work/netlab_cicd/hogs/clab-ml_23
02:17:51 INFO Creating container name=p2
02:17:51 INFO Creating container name=h1
02:17:51 INFO Creating container name=h2
02:17:51 INFO Creating container name=p1
02:17:51 INFO Creating container name=pe2
02:17:52 INFO Created link: pe2:eth1 ▪┄┄▪ p2:eth2
02:17:52 INFO Created link: h1:eth1 ▪┄┄▪ virbr1:bni23n1i1
02:17:52 INFO Created link: h2:eth1 ▪┄┄▪ pe2:eth2
02:17:52 INFO Created link: p1:eth1 ▪┄┄▪ virbr2:bni23n5i1
02:17:52 INFO Created link: p1:eth2 ▪┄┄▪ p2:eth1
02:17:52 INFO Adding host entries path=/etc/hosts
02:17:52 INFO Adding SSH config for nodes path=/etc/ssh/ssh_config.d/clab-ml_23.conf
[1m╭[0m[1m────────────────[0m[1m┬[0m[1m──────────────────────────────[0m[1m┬[0m[1m─────────[0m[1m┬[0m[1m────────────────[0m[1m╮[0m
[1m│[0m[1m      Name      [0m[1m│[0m[1m          Kind/Image          [0m[1m│[0m[1m  State  [0m[1m│[0m[1m IPv4/6 Address [0m[1m│[0m
[1m├[0m[1m────────────────[0m[1m┼[0m[1m──────────────────────────────[0m[1m┼[0m[1m─────────[0m[1m┼[0m[1m────────────────[0m[1m┤[0m
│ clab-ml_23-h1  │ linux                        │ running │ 192.168.23.101 │
│                │ python:3.13-alpine           │         │ N/A            │
├────────────────┼──────────────────────────────┼─────────┼────────────────┤
│ clab-ml_23-h2  │ linux                        │ running │ 192.168.23.102 │
│                │ python:3.13-alpine           │         │ N/A            │
├────────────────┼──────────────────────────────┼─────────┼────────────────┤
│ clab-ml_23-p1  │ linux                        │ running │ 192.168.23.105 │
│                │ quay.io/frrouting/frr:10.5.0 │         │ N/A            │
├────────────────┼──────────────────────────────┼─────────┼────────────────┤
│ clab-ml_23-p2  │ linux                        │ running │ 192.168.23.106 │
│                │ quay.io/frrouting/frr:10.5.0 │         │ N/A            │
├────────────────┼──────────────────────────────┼─────────┼────────────────┤
│ clab-ml_23-pe2 │ linux                        │ running │ 192.168.23.104 │
│                │ quay.io/frrouting/frr:10.5.0 │         │ N/A            │
╰────────────────┴──────────────────────────────┴─────────┴────────────────╯
Using transformed lab topology from snapshot file netlab.snapshot.pickle
Checking virtualization provider installation
OK: libvirt installed and working correctly
OK: clab installed and working correctly
Starting libvirt nodes
creating libvirt management network nl_mgmt_23
provider libvirt: executing vagrant up --provider libvirt
Starting clab nodes
Recreating clab-augment.yml configuration file for clab provider
Createdprovider configuration file: clab-augment.yml
Loading Linux kernel modules mpls-router,mpls-iptunnel required by containers using sr module
provider clab: executing sudo -E containerlab deploy --reconfigure -t clab-augment.yml

Initial configuration skipped, run 'netlab initial' to configure the devices
