Creating Device configuration snippets
[CREATED] dut: initial,isis
[CREATED] x1: initial,isis
[CREATED] x2: initial,isis
[CREATED] x3: initial,isis
Config Deploying device configurations
 [INFO] Executing initial configuration for node x1
 [INFO] Executing initial configuration for node x2
 [INFO] Executing initial configuration for node x3
 [INFO] Executing isis configuration for node x3
 [INFO] Executing isis configuration for node x2
 [INFO] Executing isis configuration for node x1
 [INFO] Starting Ansible playbook to deploy the rest of the
          configurations
[WARNING]: Found variable using reserved name: hosts

PLAY [Deploy initial device configuration] *************************************

TASK [Set variables that cannot be set with VARS] ******************************
ok: [dut]

TASK [Normalize config on bridge-like devices] *********************************
included: /home/pipi/netlab_gh/netsim/ansible/tasks/deploy-module.yml for dut

TASK [Figure out whether to deploy the module normalize on current device] *****
ok: [dut]

TASK [Find configuration template for normalize] *******************************
ok: [dut]

TASK [fail] ********************************************************************
skipping: [dut]

TASK [Find configuration deployment deploy_script for normalize] ***************
ok: [dut]

TASK [Print deployed configuration when running in verbose mode] ***************
skipping: [dut]

TASK [Deploy normalize configuration] ******************************************
skipping: [dut]

TASK [Deploy initial configuration] ********************************************
included: /home/pipi/netlab_gh/netsim/ansible/tasks/deploy-module.yml for dut

TASK [Figure out whether to deploy the module initial on current device] *******
ok: [dut]

TASK [Find configuration template for initial] *********************************
ok: [dut]

TASK [fail] ********************************************************************
skipping: [dut]

TASK [Find configuration deployment deploy_script for initial] *****************
ok: [dut]

TASK [Print deployed configuration when running in verbose mode] ***************
ok: [dut] => {
    "msg": "initial configuration for dut\n=========================================\n\nupdates:\n- path: /system/mtu\n  value:\n   default-port-mtu: 1514\n   default-l2-mtu: 1514\n   default-ip-mtu: 1500\n   _annotate_default-ip-mtu: \"Custom system wide setting, overrides default 1500\"\n\n- path: /interface[name=system0]/subinterface[index=0]\n  value:\n   description: \"No description\"\n   admin-state: enable\n   ipv4:\n    admin-state: enable\n    address:\n    - ip-prefix: \"10.0.0.1/32\"\n   ipv6:\n    admin-state: enable\n    address:\n    - ip-prefix: \"2001:db8:1:1::1/64\"\n      type: \"global-unicast\"\n\n- path: /interface[name=ethernet-1/1]\n  value:\n   description: \"dut ~ x1\"\n   subinterface:\n    index: 0\n    description: \"dut ~ x1\"\n\n- path: /interface[name=ethernet-1/1]/subinterface[index=0]\n  value:\n   description: \"dut ~ x1\"\n   admin-state: enable\n   ipv4:\n    admin-state: enable\n    address:\n    - ip-prefix: \"10.1.0.1/30\"\n      primary: [null]\n   ipv6:\n    admin-state: enable\n    address:\n    - ip-prefix: \"2001:db8:3::1/64\"\n      type: \"global-unicast\"\n    neighbor-discovery:\n     learn-unsolicited: link-local\n    router-advertisement:\n     router-role:\n      admin-state: enable             # no ipv6 nd suppress-ra\n      min-advertisement-interval: 4   # Leaving this at platform default 200..600 takes too long at startup\n      _annotate_min-advertisement-interval: \"Reduced from platform default 200s\"\n      max-advertisement-interval: 5\n\n- path: /interface[name=ethernet-1/2]\n  value:\n   description: \"dut ~ x2\"\n   subinterface:\n    index: 0\n    description: \"dut ~ x2\"\n\n- path: /interface[name=ethernet-1/2]/subinterface[index=0]\n  value:\n   description: \"dut ~ x2\"\n   admin-state: enable\n   ipv4:\n    admin-state: enable\n    address:\n    - ip-prefix: \"10.1.0.5/30\"\n      primary: [null]\n   ipv6:\n    admin-state: enable\n    address:\n    - ip-prefix: \"2001:db8:3:1::1/64\"\n      type: \"global-unicast\"\n    neighbor-discovery:\n     learn-unsolicited: link-local\n    router-advertisement:\n     router-role:\n      admin-state: enable             # no ipv6 nd suppress-ra\n      min-advertisement-interval: 4   # Leaving this at platform default 200..600 takes too long at startup\n      _annotate_min-advertisement-interval: \"Reduced from platform default 200s\"\n      max-advertisement-interval: 5\n\n- path: /interface[name=ethernet-1/3]\n  value:\n   description: \"dut ~ x3\"\n   subinterface:\n    index: 0\n    description: \"dut ~ x3\"\n\n- path: /interface[name=ethernet-1/3]/subinterface[index=0]\n  value:\n   description: \"dut ~ x3\"\n   admin-state: enable\n   ipv4:\n    admin-state: enable\n    address:\n    - ip-prefix: \"10.1.0.9/30\"\n      primary: [null]\n   ipv6:\n    admin-state: enable\n    address:\n    - ip-prefix: \"2001:db8:3:2::1/64\"\n      type: \"global-unicast\"\n    neighbor-discovery:\n     learn-unsolicited: link-local\n    router-advertisement:\n     router-role:\n      admin-state: enable             # no ipv6 nd suppress-ra\n      min-advertisement-interval: 4   # Leaving this at platform default 200..600 takes too long at startup\n      _annotate_min-advertisement-interval: \"Reduced from platform default 200s\"\n      max-advertisement-interval: 5\n\n\n\n- path: /network-instance[name=default]\n  value:\n   type: default\n   interface:\n   - name: system0.0\n\n- path: /network-instance[name=default]\n  value:\n   type: default\n   interface:\n   - name: ethernet-1/1.0\n- path: /network-instance[name=default]\n  value:\n   type: default\n   interface:\n   - name: ethernet-1/2.0\n- path: /network-instance[name=default]\n  value:\n   type: default\n   interface:\n   - name: ethernet-1/3.0\n\n\n"
}

TASK [Deploy initial configuration] ********************************************
included: /home/pipi/netlab_gh/netsim/ansible/tasks/deploy-config/srlinux.yml for dut

TASK [Generate JSON-RPC YAML configuration] ************************************
ok: [dut]

TASK [Update SRL initial node configuration (template=/work/netlab_cicd/node_files/dut/initial)] ***
changed: [dut]

TASK [debug] *******************************************************************
skipping: [dut]

PLAY [Deploy module-specific configurations] ***********************************

TASK [Set variables that cannot be set with VARS] ******************************
ok: [dut]

TASK [Deploy individual configuration modules] *********************************
included: /home/pipi/netlab_gh/netsim/ansible/tasks/deploy-module.yml for dut => (item=isis)

TASK [Figure out whether to deploy the module isis on current device] **********
ok: [dut]

TASK [Find configuration template for isis] ************************************
ok: [dut]

TASK [fail] ********************************************************************
skipping: [dut]

TASK [Find configuration deployment deploy_script for isis] ********************
ok: [dut]

TASK [Print deployed configuration when running in verbose mode] ***************
ok: [dut] => {
    "msg": "isis configuration for dut\n=========================================\nupdates:\n\n- path: /network-instance[name=default]/protocols/isis\n  value:\n   instance:\n   - name: Gandalf\n     admin-state: enable\n     net: [ \"49.0001.0000.0000.0001.00\" ]\n     level-capability: \"L1L2\"\n     ipv6-unicast:\n       admin-state: enable\n       multi-topology: True\n     interface:\n     - interface-name: system0.0\n       passive: True\n       ipv4-unicast:\n         admin-state: enable\n       ipv6-unicast:\n         admin-state: enable\n     - interface-name: ethernet-1/1.0\n       circuit-type: point-to-point\n       passive: False\n       ipv4-unicast:\n         admin-state: enable\n         enable-bfd: False\n       ipv6-unicast:\n         admin-state: enable\n         enable-bfd: False\n     - interface-name: ethernet-1/2.0\n       circuit-type: point-to-point\n       passive: False\n       ipv4-unicast:\n         admin-state: enable\n         enable-bfd: False\n       ipv6-unicast:\n         admin-state: enable\n         enable-bfd: False\n     - interface-name: ethernet-1/3.0\n       circuit-type: point-to-point\n       passive: False\n       ipv4-unicast:\n         admin-state: enable\n         enable-bfd: False\n       ipv6-unicast:\n         admin-state: enable\n         enable-bfd: False\n       level:\n       - level-number: 2\n         disable: True\n\n"
}

TASK [Deploy isis configuration] ***********************************************
included: /home/pipi/netlab_gh/netsim/ansible/tasks/deploy-config/srlinux.yml for dut

TASK [Generate JSON-RPC YAML configuration] ************************************
ok: [dut]

TASK [Update SRL isis node configuration (template=/work/netlab_cicd/node_files/dut/isis)] ***
changed: [dut]

TASK [debug] *******************************************************************
skipping: [dut]

PLAY [Deploy custom deployment templates] **************************************
skipping: no hosts matched

PLAY RECAP *********************************************************************
dut                        : ok=22   changed=2    unreachable=0    failed=0    skipped=7    rescued=0    ignored=0   

Results of configuration script deployments
================================================================================
x1                           OK: 2   
x2                           OK: 2   
x3                           OK: 2   


This lab tests IS-IS in dual-stack deployment. The device under test is a
level-1-2 IS-IS router with two LAN interfaces connected to adjacent IS-IS
routers.

