[WARNING]: Could not match supplied host pattern, ignoring: unprovisioned

PLAY [Deploy initial device configuration] *************************************

TASK [Set variables that cannot be set with VARS] ******************************
ok: [x1]
ok: [x2]
ok: [dut]

TASK [Find device readiness script] ********************************************
ok: [x1]
ok: [x2]
ok: [dut]

TASK [Wait for device to become ready] *****************************************
skipping: [x1]
skipping: [x2]
skipping: [dut]

TASK [Deploy initial configuration] ********************************************
included: /home/pipi/net101/tools/netsim/ansible/tasks/deploy-module.yml for x1, x2, dut

TASK [Figure out whether to deploy the module initial on current device] *******
ok: [x1]
ok: [x2]
ok: [dut]

TASK [Find configuration template for initial] *********************************
ok: [x1]
ok: [x2]
ok: [dut]

TASK [Print deployed configuration when running in verbose mode] ***************
skipping: [x1]
skipping: [x2]
skipping: [dut]

TASK [Find configuration deployment deploy_script for initial] *****************
ok: [x1]
ok: [x2]
ok: [dut]

TASK [Deploy initial configuration] ********************************************
included: /home/pipi/net101/tools/netsim/ansible/tasks/deploy-config/frr.yml for x1, x2
included: /home/pipi/net101/tools/netsim/ansible/tasks/deploy-config/srlinux.yml for dut

TASK [template] ****************************************************************
changed: [x2]
changed: [x1]

TASK [set_fact] ****************************************************************
ok: [x1]
ok: [x2]

TASK [run /tmp/config.sh to deploy initial config from /home/pipi/net101/tools/netsim/ansible/templates/initial/frr.j2] ***
changed: [x1]
changed: [x2]

TASK [run vtysh to import initial config from /home/pipi/net101/tools/netsim/ansible/templates/initial/frr.j2] ***
skipping: [x1]
skipping: [x2]

TASK [Check that required plugin exists, use 'netlab install grpc' to install it] ***
ok: [dut]

TASK [tempfile] ****************************************************************
changed: [dut -> localhost]

TASK [template] ****************************************************************
changed: [dut -> localhost]

TASK [Generated gNMI config based on /home/pipi/net101/tools/netsim/ansible/templates/initial/srlinux.j2] ***
skipping: [dut]

TASK [Update SRL initial node configuration (gNMI SET template=/home/pipi/net101/tools/netsim/ansible/templates/initial/srlinux.j2,CA=/work/netlab_cicd/clab-ml_17/.tls/ca/ca.pem)] ***
changed: [dut]

TASK [debug] *******************************************************************
skipping: [dut]

TASK [file] ********************************************************************
changed: [dut -> localhost]

PLAY [Deploy module-specific configurations] ***********************************

TASK [Set variables that cannot be set with VARS] ******************************
ok: [dut]
ok: [x1]
ok: [x2]

TASK [Deploy individual configuration modules] *********************************
included: /home/pipi/net101/tools/netsim/ansible/tasks/deploy-module.yml for dut, x1, x2 => (item=isis)

TASK [Figure out whether to deploy the module isis on current device] **********
ok: [dut]
ok: [x1]
ok: [x2]

TASK [Find configuration template for isis] ************************************
ok: [dut]
ok: [x1]
ok: [x2]

TASK [Print deployed configuration when running in verbose mode] ***************
skipping: [dut]
skipping: [x1]
skipping: [x2]

TASK [Find configuration deployment deploy_script for isis] ********************
ok: [dut]
ok: [x1]
ok: [x2]

TASK [Deploy isis configuration] ***********************************************
included: /home/pipi/net101/tools/netsim/ansible/tasks/deploy-config/srlinux.yml for dut
included: /home/pipi/net101/tools/netsim/ansible/tasks/deploy-config/frr.yml for x1, x2

TASK [Check that required plugin exists, use 'netlab install grpc' to install it] ***
skipping: [dut]

TASK [tempfile] ****************************************************************
changed: [dut -> localhost]

TASK [template] ****************************************************************
changed: [dut -> localhost]

TASK [Generated gNMI config based on /home/pipi/net101/tools/netsim/ansible/templates/isis/srlinux.j2] ***
skipping: [dut]

TASK [Update SRL isis node configuration (gNMI SET template=/home/pipi/net101/tools/netsim/ansible/templates/isis/srlinux.j2,CA=/work/netlab_cicd/clab-ml_17/.tls/ca/ca.pem)] ***
FAILED - RETRYING: [dut]: Update SRL isis node configuration (gNMI SET template=/home/pipi/net101/tools/netsim/ansible/templates/isis/srlinux.j2,CA=/work/netlab_cicd/clab-ml_17/.tls/ca/ca.pem) (2 retries left).
FAILED - RETRYING: [dut]: Update SRL isis node configuration (gNMI SET template=/home/pipi/net101/tools/netsim/ansible/templates/isis/srlinux.j2,CA=/work/netlab_cicd/clab-ml_17/.tls/ca/ca.pem) (1 retries left).
fatal: [dut]: FAILED! => changed=false 
  attempts: 2
  code: -32603
  msg: |-
    <_InactiveRpcError of RPC that terminated with:
            status = StatusCode.NOT_FOUND
            details = "Schema '/network-instance/protocols/isis/instance/interface/level' has no local leaf with the name 'metric-style'. Options are [level-number, disable, ipv6-unicast-metric, metric, priority]: Parse error on line 1: {"instance": [{"name": "Gandalf", "admin-state": "enable", "n...
    Input:
    '{"instance": [{"name": "Gandalf", "admin-state": "enable", "net": ["49.0001.0000.0000.0001.00"], "level-capability": "L1", "interface": [{"interface-name": "system0.0", "passive": true, "ipv4-unicast": {"admin-state": "enable"}, "ipv6-unicast": {"admin-state": "disable"}}, {"interface-name": "ethernet-1/1.0", "circuit-type": "point-to-point", "passive": false, "ipv4-unicast": {"admin-state": "enable", "enable-bfd": false}, "level": [{"level-number": 1, "metric-style": "wide", "metric": 10}, {"level-numbe...'"
            debug_error_string = "UNKNOWN:Error received from peer  {created_time:"2024-05-09T10:14:17.17304554+00:00", grpc_status:5, grpc_message:"Schema \'/network-instance/protocols/isis/instance/interface/level\' has no local leaf with the name \'metric-style\'. Options are [level-number, disable, ipv6-unicast-metric, metric, priority]: Parse error on line 1: {\"instance\": [{\"name\": \"Gandalf\", \"admin-state\": \"enable\", \"n...\nInput:\n\'{\"instance\": [{\"name\": \"Gandalf\", \"admin-state\": \"enable\", \"net\": [\"49.0001.0000.0000.0001.00\"], \"level-capability\": \"L1\", \"interface\": [{\"interface-name\": \"system0.0\", \"passive\": true, \"ipv4-unicast\": {\"admin-state\": \"enable\"}, \"ipv6-unicast\": {\"admin-state\": \"disable\"}}, {\"interface-name\": \"ethernet-1/1.0\", \"circuit-type\": \"point-to-point\", \"passive\": false, \"ipv4-unicast\": {\"admin-state\": \"enable\", \"enable-bfd\": false}, \"level\": [{\"level-number\": 1, \"metric-style\": \"wide\", \"metric\": 10}, {\"level-numbe...\'"}"
    >

TASK [template] ****************************************************************
changed: [x2]
changed: [x1]

TASK [set_fact] ****************************************************************
ok: [x1]
ok: [x2]

TASK [run /tmp/config.sh to deploy isis config from /home/pipi/net101/tools/netsim/ansible/templates/isis/frr.j2] ***
skipping: [x1]
skipping: [x2]

TASK [run vtysh to import isis config from /home/pipi/net101/tools/netsim/ansible/templates/isis/frr.j2] ***
changed: [x2]
changed: [x1]

PLAY [Deploy custom deployment templates] **************************************
skipping: no hosts matched

PLAY RECAP *********************************************************************
dut                        : ok=20   changed=6    unreachable=0    failed=1    skipped=7    rescued=0    ignored=0   
x1                         : ok=19   changed=4    unreachable=0    failed=0    skipped=5    rescued=0    ignored=0   
x2                         : ok=19   changed=4    unreachable=0    failed=0    skipped=5    rescued=0    ignored=0   

Fatal error in netlab: Executing Ansible playbook /home/pipi/net101/tools/netsim/ansible/initial-config.ansible failed
Error executing ansible-playbook /home/pipi/net101/tools/netsim/ansible/initial-config.ansible:
  Command '['ansible-playbook', '/home/pipi/net101/tools/netsim/ansible/initial-config.ansible']' returned non-zero exit status 2.
