Checking virtualization provider installation
OK: clab installed and working correctly
Stopping clab nodes
09:10:44 INFO Parsing & checking topology file=clab.yml
09:10:44 INFO Parsing & checking topology file=clab.yml
09:10:44 INFO Destroying lab name=ml-31
09:10:44 INFO Removed container name=clab-ml-31-h2
09:10:45 INFO Removed container name=clab-ml-31-core
09:10:45 INFO Removed container name=clab-ml-31-h1
09:10:45 INFO Removed container name=clab-ml-31-dut
09:10:45 INFO Removed container name=clab-ml-31-pe2
09:10:45 INFO Removed container name=clab-ml-31-pe1
09:10:45 INFO Removing host entries path=/etc/hosts
09:10:45 INFO Removing SSH config path=/etc/ssh/ssh_config.d/clab-ml-31.conf
Cleanup configuration files
... removing clab.yml
... removing ansible.cfg
... removing hosts.yml
... removing directory tree group_vars
... removing directory tree host_vars
... removing directory tree node_files
... removing netlab.snapshot.pickle
