Warning in ansible: You're using Ansible version 12.x or higher; netlab might not work correctly
... Ansible core version 2.19 introduced breaking changes in templates and playbooks
... We tested netlab core with Ansible version 12.x but not every device template
... You might want to downgrade Ansible to version 11.10 or lower.
... Use 'netlab install ansible' on Ubuntu to do that
... Finally, please open a GitHub issue if you experience errors/crashes
... Set defaults.ansible.warnings.ver12 to False to hide this warning
 [INFO] Checking for updates in configuration templates
 [INFO] Creating configuration snippets
[WARNING]: Could not match supplied host pattern, ignoring: unprovisioned
[WARNING]: Found variable using reserved name 'hosts'.
Origin: /work/netlab_cicd/group_vars/all/topology.yml:164:1

162     ipv4: 10.2.0.0/24
163     prefix: 32
164 hosts:
    ^ column 1


PLAY [Deploy initial device configuration] *************************************

TASK [Set variables that cannot be set with VARS] ******************************
ok: [dut]
ok: [probe]

TASK [Generic readiness tests] *************************************************
skipping: [dut]
skipping: [probe]

TASK [Find device readiness script] ********************************************
ok: [dut]
ok: [probe]

TASK [Wait for device to become ready] *****************************************
skipping: [dut]
skipping: [probe]

TASK [Normalize config on bridge-like devices] *********************************
included: /home/pipi/netlab_gh/netsim/ansible/tasks/deploy-module.yml for dut
included: /home/pipi/netlab_gh/netsim/ansible/tasks/deploy-module.yml for probe

TASK [Figure out whether to deploy the module normalize on current device] *****
ok: [dut]

TASK [Find configuration template for normalize] *******************************
ok: [dut]

TASK [fail] ********************************************************************
skipping: [dut]

TASK [Find configuration deployment deploy_script for normalize] ***************
ok: [dut]

TASK [Print deployed configuration when running in verbose mode] ***************
skipping: [dut]

TASK [Deploy normalize configuration] ******************************************
skipping: [dut]

TASK [Figure out whether to deploy the module normalize on current device] *****
ok: [probe]

TASK [Find configuration template for normalize] *******************************
ok: [probe]

TASK [fail] ********************************************************************
skipping: [probe]

TASK [Find configuration deployment deploy_script for normalize] ***************
ok: [probe]

TASK [Print deployed configuration when running in verbose mode] ***************
skipping: [probe]

TASK [Deploy normalize configuration] ******************************************
skipping: [probe]

TASK [Deploy initial configuration] ********************************************
included: /home/pipi/netlab_gh/netsim/ansible/tasks/deploy-module.yml for dut
included: /home/pipi/netlab_gh/netsim/ansible/tasks/deploy-module.yml for probe

TASK [Figure out whether to deploy the module initial on current device] *******
ok: [dut]

TASK [Find configuration template for initial] *********************************
ok: [dut]

TASK [fail] ********************************************************************
skipping: [dut]

TASK [Find configuration deployment deploy_script for initial] *****************
ok: [dut]

TASK [Print deployed configuration when running in verbose mode] ***************
ok: [dut] => {
    "msg": "initial configuration for dut\n=========================================\n\nupdates:\n\n- path: /interface[name=system0]/subinterface[index=0]\n  value:\n   description: \"No description\"\n   admin-state: enable\n   ipv4:\n    admin-state: enable\n    address:\n    - ip-prefix: \"10.0.0.42/32\"\n   ipv6:\n    admin-state: enable\n    address:\n    - ip-prefix: \"2001:db8:42:1::1/128\"\n      type: \"global-unicast\"\n\n- path: /interface[name=ethernet-1/1]\n  value:\n   description: \"dut ~ probe\"\n   subinterface:\n    index: 0\n    description: \"dut ~ probe\"\n\n- path: /interface[name=ethernet-1/1]/subinterface[index=0]\n  value:\n   description: \"dut ~ probe\"\n   admin-state: enable\n   ipv4:\n    admin-state: enable\n    unnumbered:\n      admin-state: enable\n      interface: \"system0.0\"\n   ipv6:\n    admin-state: enable\n    neighbor-discovery:\n     learn-unsolicited: link-local\n    router-advertisement:\n     router-role:\n      admin-state: enable             # no ipv6 nd suppress-ra\n      min-advertisement-interval: 4   # Leaving this at platform default 200..600 takes too long at startup\n      _annotate_min-advertisement-interval: \"Reduced from platform default 200s\"\n      max-advertisement-interval: 5\n\n\n\n- path: /network-instance[name=default]\n  value:\n   type: default\n   interface:\n   - name: system0.0\n\n- path: /network-instance[name=default]\n  value:\n   type: default\n   interface:\n   - name: ethernet-1/1.0\n\n\n"
}

TASK [Deploy initial configuration] ********************************************
included: /home/pipi/netlab_gh/netsim/ansible/tasks/deploy-config/srlinux.yml for dut

TASK [Generate JSON-RPC YAML configuration] ************************************
ok: [dut]

TASK [Update SRL initial node configuration (template=/work/netlab_cicd/node_files/dut/initial)] ***
changed: [dut]

TASK [debug] *******************************************************************
skipping: [dut]

TASK [Figure out whether to deploy the module initial on current device] *******
ok: [probe]

TASK [Find configuration template for initial] *********************************
ok: [probe]

TASK [fail] ********************************************************************
skipping: [probe]

TASK [Find configuration deployment deploy_script for initial] *****************
ok: [probe]

TASK [Print deployed configuration when running in verbose mode] ***************
ok: [probe] => {
    "msg": "initial configuration for probe\n=========================================\n#!/bin/bash\n#\nset -e\nset -x\n#\n# Create bash profile script\n#\ncat <<SCRIPT >/root/.bash_profile\n#!/bin/bash\n#\nexport PS1=\"\\h(bash)# \"\necho\necho \"Use vtysh to connect to FRR daemon\"\necho\nSCRIPT\n#\n# This is an artifact of unknown provenance that should be removed in a year or two (= 2026/2027)\n#\n# FRR controls these parameters with 'ip forwarding' and 'ipv6 forwarding' commands\n#\nsysctl -w net.ipv4.ip_forward=1\nsysctl -w net.ipv6.conf.all.forwarding=1\n#\n#\n# Get the current next hop for the default route\n#\ndef_nh=$(ip route list default|awk '{ print $3 }')\n#\n# Create the management VRF and add eth0 to it\n#\nif [ ! -e /sys/devices/virtual/net/mgmt ]; then\n  ip link add mgmt type vrf table 42\nfi\nip link set mgmt up\nsysctl -qw net.ipv6.conf.eth0.keep_addr_on_down=1\nip link set eth0 master mgmt\n#\n# Reinstall the default route if we had it before\n#\nif [[ -n \"$def_nh\" ]]; then\n  ip route add 0.0.0.0/0 vrf mgmt via $def_nh\nfi\n#\n# Enable FRR modules (if not using containerlab bind-mounted /etc/frr/daemons)\n#\n\n# Set system defaults\n#\n# Send ARP requests from a sane source IP address\n#\nsysctl -w net.ipv4.conf.all.arp_announce=2\n\n#\n# Create loopbacks, stub and lag/bond devices\n#\nif [ ! -e /sys/class/net/lo ]; then\n  if [ ! -e /sys/devices/virtual/net/lo ]; then\n    ip link add lo type dummy\n    ip link set dev lo up\n  fi\nfi\n\n# Disable IPv6 (for IPv4-only interfaces) or SLAAC (if the device is a router)\n#\nip link set eth1 down\nsysctl -qw net.ipv6.conf.eth1.autoconf=0\nsysctl -qw net.ipv6.conf.eth1.accept_ra=0\nip link set dev eth1 mtu 1500\nip link set eth1 up\n\n#\n# Add vtysh.conf file\necho \"service integrated-vtysh-config\" >/etc/frr/vtysh.conf\n\n#\n# Rest of initial configuration done through VTYSH\n#\ncat >/tmp/config <<CONFIG\nhostname probe\n!\nlog file /tmp/logging\n\n!\nip forwarding\nipv6 forwarding\nvrf mgmt\n exit-vrf\n!\nfrr defaults datacenter\n!\ninterface lo\n no shutdown\n ip address 10.0.0.2/32\n ipv6 address 2001:db8:1:2::1/64\n!\ninterface eth1\n no shutdown\n description probe -> dut [external]\n ip address 10.0.0.2/32\n ipv6 nd ra-interval 5\n no ipv6 nd suppress-ra\n!\ndo write\nCONFIG\nvtysh -f /tmp/config\n!\nexit 0\n"
}

TASK [Deploy initial configuration] ********************************************
included: /home/pipi/netlab_gh/netsim/ansible/tasks/frr/initial-clab.yml for probe

TASK [Attempt to load VRF kernel module] ***************************************
changed: [probe -> localhost]

TASK [Disable FRR management VRF when modprobe fails] **************************
skipping: [probe]

TASK [include_tasks] ***********************************************************
included: /home/pipi/netlab_gh/netsim/ansible/tasks/frr/deploy-config.yml for probe

TASK [template] ****************************************************************
changed: [probe]

TASK [set_fact] ****************************************************************
ok: [probe]

TASK [run /tmp/config.sh to deploy initial config from /work/netlab_cicd/node_files/probe/initial] ***
changed: [probe]

TASK [run vtysh to import initial config from /work/netlab_cicd/node_files/probe/initial] ***
skipping: [probe]

PLAY [Deploy module-specific configurations] ***********************************

TASK [Set variables that cannot be set with VARS] ******************************
ok: [dut]
ok: [probe]

TASK [Deploy individual configuration modules] *********************************
included: /home/pipi/netlab_gh/netsim/ansible/tasks/deploy-module.yml for dut => (item=routing)
included: /home/pipi/netlab_gh/netsim/ansible/tasks/deploy-module.yml for dut => (item=bgp)
included: /home/pipi/netlab_gh/netsim/ansible/tasks/deploy-module.yml for probe => (item=routing)
included: /home/pipi/netlab_gh/netsim/ansible/tasks/deploy-module.yml for probe => (item=bgp)

TASK [Figure out whether to deploy the module routing on current device] *******
ok: [dut]

TASK [Find configuration template for routing] *********************************
ok: [dut]

TASK [fail] ********************************************************************
skipping: [dut]

TASK [Find configuration deployment deploy_script for routing] *****************
ok: [dut]

TASK [Print deployed configuration when running in verbose mode] ***************
ok: [dut] => {
    "msg": "routing configuration for dut\n=========================================\nupdates:\n\n- path: /routing-policy/policy[name=bp-probe-1-in]\n  value:\n    default-action:\n      policy-result: reject\n    statement:\n    - name: rpe_10\n      action:\n        policy-result: accept\n        bgp:\n          local-preference:\n            set: 17\n- path: /routing-policy/policy[name=bp-probe-1-out]\n  value:\n    default-action:\n      policy-result: reject\n    statement:\n    - name: rpe_10\n      action:\n        policy-result: accept\n        bgp:\n          med:\n            operation: set\n            value: 42\n"
}

TASK [Deploy routing configuration] ********************************************
included: /home/pipi/netlab_gh/netsim/ansible/tasks/deploy-config/srlinux.yml for dut

TASK [Generate JSON-RPC YAML configuration] ************************************
ok: [dut]

TASK [Update SRL routing node configuration (template=/work/netlab_cicd/node_files/dut/routing)] ***
changed: [dut]

TASK [debug] *******************************************************************
skipping: [dut]

TASK [Figure out whether to deploy the module bgp on current device] ***********
ok: [dut]

TASK [Find configuration template for bgp] *************************************
ok: [dut]

TASK [fail] ********************************************************************
skipping: [dut]

TASK [Find configuration deployment deploy_script for bgp] *********************
ok: [dut]

TASK [Print deployed configuration when running in verbose mode] ***************
ok: [dut] => {
    "msg": "bgp configuration for dut\n=========================================\nupdates:\n\n- path: /routing-policy/policy[name=accept_all]\n  value:\n    default-action:\n      policy-result: accept\n\n- path: /routing-policy/community-set[name=ibgp-mark]\n  value:\n    member: [ \"65536:0:65536\" ]\n\n- path: /routing-policy/policy[name=ibgp-mark]\n  value:\n    default-action:\n      policy-result: reject\n    statement:\n    - name: mark-ibgp-routes\n      action:\n        bgp:\n          communities:\n            add: ibgp-mark\n        policy-result: accept\n\n- path: /routing-policy/prefix-set[name=default_bgp_advertise]\n  value:\n    prefix: [] # Make sure it exists\n\n- path: /routing-policy/policy[name=default_bgp_export]\n  value:\n    default-action:\n      policy-result: reject\n    statement:\n    - name: prefixes\n      match:\n       prefix:\n        prefix-set: default_bgp_advertise\n      action:\n        policy-result: next-policy\n    - name: bgp\n      match:\n        protocol: bgp\n      action:\n        policy-result: next-policy\n        bgp:\n          communities:\n            remove:\n              ibgp-mark\n\n\n- path: /network-instance[name=default]/protocols/bgp\n  value:\n    admin-state: enable\n    autonomous-system: 65000\n    router-id: 10.0.0.42\n    ebgp-default-policy:\n      export-reject-all: False\n      import-reject-all: False\n\n    afi-safi:\n    - afi-safi-name: ipv4-unicast\n      admin-state: enable\n    afi-safi:\n    - afi-safi-name: ipv6-unicast\n      admin-state: enable\n\n- path: /routing-policy/prefix-set[name=default_bgp_advertise]\n  value:\n    prefix:\n    - ip-prefix: 10.0.0.42/32\n      mask-length-range: exact\n\n\n\n- path: /routing-policy/prefix-set[name=default_bgp_advertise]\n  value:\n    prefix:\n    - ip-prefix: 2001:db8:42:1::1/128\n      mask-length-range: exact\n\n\n\n\n\n- path: /network-instance[name=default]/protocols/bgp/group[group-name=intf-ethernet-1/1]\n  value:\n    admin-state: enable\n# neighbor: {'ifindex': 1, 'local_if': 'ethernet-1/1', 'ipv4_rfc8950': True, 'name': 'probe', 'as': 65100, 'type': 'ebgp', 'ipv4': True, 'ipv6': True, 'activate': {'ipv4': True, 'ipv6': True}, 'locpref': 17, 'med': 42, 'policy': {'in': 'bp-probe-1-in', 'out': 'bp-probe-1-out'}}\n# ipv4: True\n# ipv6: True\n    afi-safi:\n    - afi-safi-name: ipv4-unicast\n      admin-state: enable\n      send-community-type: ['standard', 'large']\n\n      ipv4-unicast:\n        advertise-ipv6-next-hops: True\n        receive-ipv6-next-hops: True\n      import-policy: ['accept_all']\n      export-policy: ['default_bgp_export', 'accept_all']\n    - afi-safi-name: ipv6-unicast\n      admin-state: enable\n      send-community-type: ['standard', 'large']\n\n      import-policy: ['accept_all']\n      export-policy: ['default_bgp_export', 'accept_all']\n\n    timers:\n      connect-retry: 10\n      _annotate_connect-retry: \"Reduce default 120s to 10s\"\n      minimum-advertisement-interval: 1\n\n\n- path: /network-instance[name=default]/ip-forwarding\n  value:\n   receive-ipv4-check: false\n   _annotate_receive-ipv4-check: \"Allow IPv4 on IPv6 unnumbered interfaces\"\n\n- path: /network-instance[name=default]/protocols/bgp/dynamic-neighbors/interface[interface-name=ethernet-1/1.0]\n  value:\n    peer-group: \"intf-ethernet-1/1\"\n    allowed-peer-as: [ 65100..65100 ]\n\n- path: /network-instance[name=default]/protocols/bgp/group[group-name=intf-ethernet-1/1]\n  value:\n    admin-state: enable\n# neighbor: {'ifindex': 1, 'local_if': 'ethernet-1/1', 'ipv4_rfc8950': True, 'name': 'probe', 'as': 65100, 'type': 'ebgp', 'ipv4': True, 'ipv6': True, 'activate': {'ipv4': True, 'ipv6': True}, 'locpref': 17, 'med': 42, 'policy': {'in': 'bp-probe-1-in', 'out': 'bp-probe-1-out'}}\n# ipv4: True\n# ipv6: True\n    afi-safi:\n    - afi-safi-name: ipv4-unicast\n      admin-state: enable\n      send-community-type: ['standard', 'large']\n\n      ipv4-unicast:\n        advertise-ipv6-next-hops: True\n        receive-ipv6-next-hops: True\n      import-policy: ['accept_all']\n      export-policy: ['default_bgp_export', 'accept_all']\n    - afi-safi-name: ipv6-unicast\n      admin-state: enable\n      send-community-type: ['standard', 'large']\n\n      import-policy: ['accept_all']\n      export-policy: ['default_bgp_export', 'accept_all']\n\n    timers:\n      connect-retry: 10\n      _annotate_connect-retry: \"Reduce default 120s to 10s\"\n      minimum-advertisement-interval: 1\n\n\n- path: /network-instance[name=default]/ip-forwarding\n  value:\n   receive-ipv4-check: false\n   _annotate_receive-ipv4-check: \"Allow IPv4 on IPv6 unnumbered interfaces\"\n\n- path: /network-instance[name=default]/protocols/bgp/dynamic-neighbors/interface[interface-name=ethernet-1/1.0]\n  value:\n    peer-group: \"intf-ethernet-1/1\"\n    allowed-peer-as: [ 65100..65100 ]\n\n\n"
}

TASK [Deploy bgp configuration] ************************************************
included: /home/pipi/netlab_gh/netsim/ansible/tasks/deploy-config/srlinux.yml for dut

TASK [Generate JSON-RPC YAML configuration] ************************************
ok: [dut]

TASK [Update SRL bgp node configuration (template=/work/netlab_cicd/node_files/dut/bgp)] ***
[WARNING]: Found duplicate mapping key 'afi-safi'.
Origin: /work/netlab_cicd/node_files/dut/bgp:62:5

60     - afi-safi-name: ipv4-unicast
61       admin-state: enable
62     afi-safi:
       ^ column 5

Using last defined value only.

changed: [dut]

TASK [debug] *******************************************************************
skipping: [dut]

TASK [Figure out whether to deploy the module routing on current device] *******
ok: [probe]

TASK [Find configuration template for routing] *********************************
skipping: [probe]

TASK [fail] ********************************************************************
skipping: [probe]

TASK [Find configuration deployment deploy_script for routing] *****************
skipping: [probe]

TASK [Print deployed configuration when running in verbose mode] ***************
skipping: [probe]

TASK [Deploy routing configuration] ********************************************
skipping: [probe]

TASK [Figure out whether to deploy the module bgp on current device] ***********
ok: [probe]

TASK [Find configuration template for bgp] *************************************
ok: [probe]

TASK [fail] ********************************************************************
skipping: [probe]

TASK [Find configuration deployment deploy_script for bgp] *********************
ok: [probe]

TASK [Print deployed configuration when running in verbose mode] ***************
ok: [probe] => {
    "msg": "bgp configuration for probe\n=========================================\n!\nrouter bgp 65100\n  no bgp ebgp-requires-policy\n  no bgp default ipv4-unicast\n  bgp default show-hostname\n  bgp default show-nexthop-hostname\n  ! Consider AS paths of same length but with different AS as ECMP candidates\n  bgp bestpath as-path multipath-relax\n\n  bgp router-id 10.0.0.2\n!\n  neighbor eth1 interface remote-as 65000\n  neighbor eth1 description dut\n!\n  neighbor eth1 interface remote-as 65000\n  neighbor eth1 description dut\n!\n address-family ipv4 unicast\n!\n\n!\n! Originate networks from connected subnets\n!\n  network 10.0.0.2/32\n!\n  neighbor eth1 activate\n  no neighbor eth1 send-community all\n  neighbor eth1 send-community standard\n  neighbor eth1 send-community large\n!\n address-family ipv6 unicast\n!\n\n!\n! Originate networks from connected subnets\n!\n  network 2001:db8:1:2::/64\n!\n  neighbor eth1 activate\n  no neighbor eth1 send-community all\n  neighbor eth1 send-community standard\n  neighbor eth1 send-community large\n!\n!\n!\ndo write\n"
}

TASK [Deploy bgp configuration] ************************************************
included: /home/pipi/netlab_gh/netsim/ansible/tasks/deploy-config/frr.yml for probe

TASK [template] ****************************************************************
changed: [probe]

TASK [set_fact] ****************************************************************
ok: [probe]

TASK [run /tmp/config.sh to deploy bgp config from /work/netlab_cicd/node_files/probe/bgp] ***
skipping: [probe]

TASK [run vtysh to import bgp config from /work/netlab_cicd/node_files/probe/bgp] ***
changed: [probe]

PLAY [Deploy custom deployment templates] **************************************

TASK [Run custom configuration deployment scripts] *****************************
included: /home/pipi/netlab_gh/netsim/ansible/tasks/deploy-custom-config.yml for dut => (item=bgp.policy)

TASK [Find configuration template] *********************************************
ok: [dut]

TASK [fail] ********************************************************************
skipping: [dut]

TASK [Check is the configuration template is a file] ***************************
ok: [dut -> localhost]

TASK [fail] ********************************************************************
skipping: [dut]

TASK [Process template /work/netlab_cicd/node_files/dut/bgp.policy for dut] ****
skipping: [dut]

TASK [Find custom configuration deployment script] *****************************
ok: [dut]

TASK [Run the configuration deployment script] *********************************
included: /home/pipi/netlab_gh/netsim/ansible/tasks/deploy-config/srlinux.yml for dut

TASK [Generate JSON-RPC YAML configuration] ************************************
ok: [dut]

TASK [Update SRL bgp.policy node configuration (template=/work/netlab_cicd/node_files/dut/bgp.policy)] ***
changed: [dut]

TASK [debug] *******************************************************************
skipping: [dut]

PLAY RECAP *********************************************************************
dut                        : ok=38   changed=4    unreachable=0    failed=0    skipped=15   rescued=0    ignored=0   
probe                      : ok=29   changed=5    unreachable=0    failed=0    skipped=15   rescued=0    ignored=0   


Warning: The following warnings were generated during the 'netlab initial' processing
Warning: ansible: You're using Ansible version 12.x or higher; netlab might not work correctly
[CREATED] dut: initial,bgp,routing,bgp.policy
[CREATED] probe: initial,bgp


Use this topology to test BGP MED on IPv4 and IPv6 prefixes. DUT
has to set MED on outgoing EBGP updates.

