13:08:25 INFO Containerlab started version=0.69.3
13:08:25 INFO Parsing & checking topology file=clab.yml
13:08:25 INFO Removing directory path=/work/netlab_cicd/clab-ml_17
13:08:25 INFO Creating docker network name=nl_mgmt_17 IPv4 subnet=192.168.17.0/24 IPv6 subnet="" MTU=0
13:08:25 INFO Creating lab directory path=/work/netlab_cicd/clab-ml_17
13:08:25 INFO Creating container name=t_1400
13:08:25 INFO Creating container name=t_1300
13:08:25 INFO Creating container name=dut
13:08:25 INFO Creating container name=p1
13:08:26 INFO Running postdeploy actions for Arista cEOS 'p1' node
13:08:26 INFO Created link: dut:FH0_0_0_0 ▪┄┄▪ p1:et1
13:08:26 INFO Created link: dut:FH0_0_0_1 ▪┄┄▪ t_1400:eth1
13:08:26 INFO Created link: dut:FH0_0_0_2 ▪┄┄▪ t_1300:eth1
13:08:41 INFO Adding host entries path=/etc/hosts
13:08:41 INFO Adding SSH config for nodes path=/etc/ssh/ssh_config.d/clab-ml_17.conf
🎉 A newer containerlab version (0.71.1) is available!
Release notes: https://containerlab.dev/rn/0.71/#0711
Run 'sudo clab version upgrade' or see https://containerlab.dev/install/ for installation options.
[1m╭[0m[1m───────────────────[0m[1m┬[0m[1m──────────────────────────────[0m[1m┬[0m[1m─────────[0m[1m┬[0m[1m────────────────[0m[1m╮[0m
[1m│[0m[1m        Name       [0m[1m│[0m[1m          Kind/Image          [0m[1m│[0m[1m  State  [0m[1m│[0m[1m IPv4/6 Address [0m[1m│[0m
[1m├[0m[1m───────────────────[0m[1m┼[0m[1m──────────────────────────────[0m[1m┼[0m[1m─────────[0m[1m┼[0m[1m────────────────[0m[1m┤[0m
│ clab-ml_17-dut    │ cisco_c8000                  │ running │ 192.168.17.101 │
│                   │ cisco/cisco-8201-32fh:24.4.1 │         │ N/A            │
├───────────────────┼──────────────────────────────┼─────────┼────────────────┤
│ clab-ml_17-p1     │ ceos                         │ running │ 192.168.17.102 │
│                   │ ceos:4.34.2F                 │         │ N/A            │
├───────────────────┼──────────────────────────────┼─────────┼────────────────┤
│ clab-ml_17-t_1300 │ linux                        │ running │ 192.168.17.103 │
│                   │ python:3.13-alpine           │         │ N/A            │
├───────────────────┼──────────────────────────────┼─────────┼────────────────┤
│ clab-ml_17-t_1400 │ linux                        │ running │ 192.168.17.104 │
│                   │ python:3.13-alpine           │         │ N/A            │
╰───────────────────┴──────────────────────────────┴─────────┴────────────────╯
Using transformed lab topology from snapshot file netlab.snapshot.pickle
Checking virtualization provider installation
OK: clab installed and working correctly
Starting clab nodes
provider clab: executing sudo -E containerlab deploy --reconfigure -t clab.yml

Initial configuration skipped, run 'netlab initial' to configure the devices
