files:  [INFO] Created make_dot.sh
files:  [INFO] Created make_d2.sh
[CONFIG]  s-1: initial,ospf,bgp,daemons,hosts
[CONFIG]  s-b-2: initial,ospf,bgp,daemons,hosts (shared)
[CONFIG]  l1: initial,ospf,bgp,daemons,hosts (shared)
[CONFIG]  l2: initial,ospf,bgp,daemons,hosts (shared)
[CONFIG]  h1: initial,routing,hosts (shared)
[CONFIG]  h2: initial,routing,hosts (shared)
[CONFIG]  h3: initial,routing,hosts (shared)
[CONFIG]  h4: initial,routing,hosts (shared)
Createdprovider configuration file: clab.yml
Createdpickled transformed topology data into netlab.snapshot.pickle
Created group_vars for all
Created group_vars for modules
Created group_vars for frr
Created host_vars for s-1, s-b-2, l1, l2
Created group_vars for linux
Created host_vars for h1, h2, h3, h4
Createdminimized Ansible inventory hosts.yml
CreatedAnsible configuration file: ansible.cfg
Createdtransformed topology dump in YAML format in netlab.snapshot.yml
