[WARNING]: Could not match supplied host pattern, ignoring: unprovisioned

PLAY [Deploy initial device configuration] *************************************

TASK [Set variables that cannot be set with VARS] ******************************
ok: [x1]
ok: [x2]
ok: [dut]

TASK [Find device readiness script] ********************************************
ok: [x1]
ok: [x2]
ok: [dut]

TASK [Wait for device to become ready] *****************************************
skipping: [x1]
skipping: [x2]
included: /home/pipi/net101/tools/netsim/ansible/tasks/readiness-check/vptx.yml for dut

TASK [Wait for at least 10 minutes for vPTX inside CLAB...] ********************
skipping: [dut]

TASK [Execute local ssh command to check vPTX readiness] ***********************
skipping: [dut]

TASK [Wait one more minute for vPTX inside CLAB...] ****************************
skipping: [dut]

TASK [Deploy initial configuration] ********************************************
included: /home/pipi/net101/tools/netsim/ansible/tasks/deploy-module.yml for dut, x1, x2

TASK [Figure out whether to deploy the module initial on current device] *******
ok: [x2]
ok: [x1]
ok: [dut]

TASK [Find configuration template for initial] *********************************
ok: [x1]
ok: [x2]
ok: [dut]

TASK [Print deployed configuration when running in verbose mode] ***************
skipping: [dut]
skipping: [x1]
skipping: [x2]

TASK [Find configuration deployment deploy_script for initial] *****************
ok: [x1]
ok: [x2]
ok: [dut]

TASK [Deploy initial configuration] ********************************************
included: /home/pipi/net101/tools/netsim/ansible/tasks/deploy-config/junos.yml for dut
included: /home/pipi/net101/tools/netsim/ansible/tasks/deploy-config/frr.yml for x1, x2

TASK [junos_config: deploying initial from /home/pipi/net101/tools/netsim/ansible/templates/initial/junos.j2] ***
changed: [dut]

TASK [template] ****************************************************************
changed: [x2]
changed: [x1]

TASK [set_fact] ****************************************************************
ok: [x1]
ok: [x2]

TASK [run /tmp/config.sh to deploy initial config from /home/pipi/net101/tools/netsim/ansible/templates/initial/frr.j2] ***
changed: [x1]
changed: [x2]

TASK [run vtysh to import initial config from /home/pipi/net101/tools/netsim/ansible/templates/initial/frr.j2] ***
skipping: [x1]
skipping: [x2]

PLAY [Deploy module-specific configurations] ***********************************

TASK [Set variables that cannot be set with VARS] ******************************
ok: [x1]
ok: [x2]
ok: [dut]

TASK [Deploy individual configuration modules] *********************************
included: /home/pipi/net101/tools/netsim/ansible/tasks/deploy-module.yml for dut, x1, x2 => (item=bgp)

TASK [Figure out whether to deploy the module bgp on current device] ***********
ok: [x1]
ok: [x2]
ok: [dut]

TASK [Find configuration template for bgp] *************************************
ok: [x1]
ok: [x2]
ok: [dut]

TASK [Print deployed configuration when running in verbose mode] ***************
skipping: [dut]
skipping: [x1]
skipping: [x2]

TASK [Find configuration deployment deploy_script for bgp] *********************
ok: [x1]
ok: [x2]
ok: [dut]

TASK [Deploy bgp configuration] ************************************************
included: /home/pipi/net101/tools/netsim/ansible/tasks/deploy-config/junos.yml for dut
included: /home/pipi/net101/tools/netsim/ansible/tasks/deploy-config/frr.yml for x1, x2

TASK [junos_config: deploying bgp from /home/pipi/net101/tools/netsim/ansible/templates/bgp/junos.j2] ***
[WARNING]:  statement not found
changed: [dut]

TASK [template] ****************************************************************
changed: [x1]
changed: [x2]

TASK [set_fact] ****************************************************************
ok: [x1]
ok: [x2]

TASK [run /tmp/config.sh to deploy bgp config from /home/pipi/net101/tools/netsim/ansible/templates/bgp/frr.j2] ***
skipping: [x1]
skipping: [x2]

TASK [run vtysh to import bgp config from /home/pipi/net101/tools/netsim/ansible/templates/bgp/frr.j2] ***
changed: [x1]
changed: [x2]

PLAY [Deploy custom deployment templates] **************************************
skipping: no hosts matched

PLAY RECAP *********************************************************************
dut                        : ok=16   changed=2    unreachable=0    failed=0    skipped=5    rescued=0    ignored=0   
x1                         : ok=19   changed=4    unreachable=0    failed=0    skipped=5    rescued=0    ignored=0   
x2                         : ok=19   changed=4    unreachable=0    failed=0    skipped=5    rescued=0    ignored=0   



Use this topology to test the baseline IPv4 EBGP implementation and
propagation of routes between EBGP speakers.

