Warning in routing_check: Device srsim/dut does not support static routes
 [INFO] Removing routing from node dut modules
 [INFO] Removing import of static routes from isis
 [INFO] Removing validation test static_4
 [INFO] Removing validation test static_6
Createdprovider configuration file: clab.yml
Created x1: daemons,hosts
Created r2: daemons,hosts (shared)
Created r3: daemons,hosts (shared)
Createdtransformed topology dump in YAML format in netlab.snapshot.yml
Createdpickled transformed topology data into netlab.snapshot.pickle
Created group_vars for all
Created group_vars for modules
Created group_vars for srsim
Created host_vars for dut
Created group_vars for frr
Created host_vars for x1
Created host_vars for r2
Created host_vars for r3
Createdminimized Ansible inventory hosts.yml
CreatedAnsible configuration file: ansible.cfg
