[WARNING]: Could not match supplied host pattern, ignoring: unprovisioned

PLAY [Deploy initial device configuration] *************************************

TASK [Set variables that cannot be set with VARS] ******************************
ok: [s1]
ok: [s2]
ok: [h1]
ok: [h2]
ok: [h3]
ok: [h4]

TASK [Find device readiness script] ********************************************
ok: [s1]
ok: [s2]
ok: [h1]
ok: [h3]
ok: [h2]
ok: [h4]

TASK [Wait for device to become ready] *****************************************
skipping: [s1]
skipping: [s2]
skipping: [h1]
skipping: [h2]
skipping: [h3]
skipping: [h4]

TASK [Deploy initial configuration] ********************************************
included: /home/pipi/net101/tools/netsim/ansible/tasks/deploy-module.yml for s1, s2, h1, h2, h3, h4

TASK [Figure out whether to deploy the module initial on current device] *******
ok: [s1]
ok: [s2]
ok: [h1]
ok: [h2]
ok: [h3]
ok: [h4]

TASK [Find configuration template for initial] *********************************
ok: [s1]
ok: [s2]
ok: [h1]
ok: [h2]
ok: [h3]
ok: [h4]

TASK [Print deployed configuration when running in verbose mode] ***************
ok: [h1] => 
  msg: |-
    initial configuration for h1
    =========================================
    #!/bin/bash
    #
    # This script contains the 'ip' commands needed to set up container
    # interfaces and route table. It's executed within the container
    # network namespace on the container host.
    #
    #  /etc/hosts file is generated as a clab bind.
    #
    set -e
    ### One-Shot configuration (non-Ubuntu VM or container)
    #
    # Disable IPv4 and IPv6 forwarding
    #
    sysctl -w net.ipv4.ip_forward=0
    sysctl -w net.ipv6.conf.all.forwarding=0
    #
    # Interface addressing
    #
    ip link set dev eth1 up
    set +e
    ip addr del 172.31.1.1/24 dev eth1 2>/dev/null
    set -e
    ip addr add 172.31.1.1/24 dev eth1
    ip link set eth1 mtu 1500
    #
    # Add routes to IPv4 address pools pointing to the first neighbor on the first link
    #
    # If you need anything better, use FRR instead of Linux and start routing (or use IPv6)
    #
    #
    # Print the final routing table
    ip route
ok: [s1] => 
  msg: |-
    initial configuration for s1
    =========================================
    #!/bin/bash
    #
    set -e
    #
    # Create bash profile script
    #
    cat <<SCRIPT >/root/.bash_profile
    #!/bin/bash
    #
    export PS1="\h(bash)#"
    echo "Use vtysh to connect to FRR daemon"
    echo
    SCRIPT
    #
    # Build hosts file
    #
    echo "INIT: setting hostname"
    hostname s1
    #
    #
    # Build hosts file
    #
    #
    cat <<SCRIPT >/tmp/hosts
    #
    # Created by netlab initial
    #
    10.0.0.5 s1
    10.1.0.1 swp1.s1
    10.0.0.6 s2
    10.1.0.2 swp1.s2
    172.31.1.1 h1 eth1.h1
    172.31.1.2 h2 eth1.h2
    172.31.1.3 h3 eth1.h3
    172.31.1.4 h4 eth1.h4
    SCRIPT
    grep "Created by netlab" /etc/hosts || uniq /tmp/hosts >>/etc/hosts
    #
    # Disable ZTP
    #
    ztp --disable
    #
    #
    echo "INIT: creating loopback interface"
    #
    # Create loopback interface entry
    #
    cat >/etc/network/interfaces.d/10-loopback.intf <<CONFIG
    auto lo
    iface lo inet loopback
      address 10.0.0.5/32
  
    CONFIG
    #
    until ifreload -a; do
      sleep 1
    done
    #
    echo "INIT: creating other interface"
    cat >/etc/network/interfaces.d/11-physical.intf <<CONFIG
    auto swp1
  
    iface swp1 inet static
      mtu 1600
      address 10.1.0.1/30
    auto swp2
    auto swp3
    CONFIG
    #
    echo "INIT: executing ifreload"
    until ifreload -a; do
      sleep 1
    done
    #
    # For whatever crazy reason, I had to enable IPv6 in containers
    #
    #
    # Enable FRR modules for ['vlan', 'vxlan', 'ospf']
    #
    #
    # Enable FRR daemons
    #
    echo "ospfd=yes" >>/etc/frr/daemons
    echo "ospf6d=yes" >>/etc/frr/daemons
  
    systemctl enable frr.service
    systemctl start frr.service
    systemctl reload frr.service
    #
    # Rest of initial configuration done through VTYSH
    #
    cat >/tmp/config <<CONFIG
    !
    interface swp1
    ! no shutdown
     description s1 -> s2
    !
    interface swp2
    ! no shutdown
    !
    interface swp3
    ! no shutdown
    !
    interface vlan1000
    ! no shutdown
     description VLAN red (1000) -> [h1,h2,s2]
    !
    interface vlan1001
    ! no shutdown
     description VLAN blue (1001) -> [h3,h4,s2]
    !
    do write
    CONFIG
    vtysh -f /tmp/config
    #
    # Enable LLDP
    #
    echo "INIT: enabling LLDP"
    cat <<CONFIG >/etc/lldpd.d/system.conf
    configure lldp tx-interval 30
    configure lldp tx-hold 3
    configure system interface pattern *,!eth0,swp*
    CONFIG
    service lldpd restart
ok: [s2] => 
  msg: |-
    initial configuration for s2
    =========================================
    #!/bin/bash
    #
    set -e
    #
    # Create bash profile script
    #
    cat <<SCRIPT >/root/.bash_profile
    #!/bin/bash
    #
    export PS1="\h(bash)#"
    echo "Use vtysh to connect to FRR daemon"
    echo
    SCRIPT
    #
    # Build hosts file
    #
    echo "INIT: setting hostname"
    hostname s2
    #
    #
    # Build hosts file
    #
    #
    cat <<SCRIPT >/tmp/hosts
    #
    # Created by netlab initial
    #
    10.0.0.5 s1
    10.1.0.1 swp1.s1
    10.0.0.6 s2
    10.1.0.2 swp1.s2
    172.31.1.1 h1 eth1.h1
    172.31.1.2 h2 eth1.h2
    172.31.1.3 h3 eth1.h3
    172.31.1.4 h4 eth1.h4
    SCRIPT
    grep "Created by netlab" /etc/hosts || uniq /tmp/hosts >>/etc/hosts
    #
    # Disable ZTP
    #
    ztp --disable
    #
    #
    echo "INIT: creating loopback interface"
    #
    # Create loopback interface entry
    #
    cat >/etc/network/interfaces.d/10-loopback.intf <<CONFIG
    auto lo
    iface lo inet loopback
      address 10.0.0.6/32
  
    CONFIG
    #
    until ifreload -a; do
      sleep 1
    done
    #
    echo "INIT: creating other interface"
    cat >/etc/network/interfaces.d/11-physical.intf <<CONFIG
    auto swp1
  
    iface swp1 inet static
      mtu 1600
      address 10.1.0.2/30
    auto swp2
    auto swp3
    CONFIG
    #
    echo "INIT: executing ifreload"
    until ifreload -a; do
      sleep 1
    done
    #
    # For whatever crazy reason, I had to enable IPv6 in containers
    #
    #
    # Enable FRR modules for ['vlan', 'vxlan', 'ospf']
    #
    #
    # Enable FRR daemons
    #
    echo "ospfd=yes" >>/etc/frr/daemons
    echo "ospf6d=yes" >>/etc/frr/daemons
  
    systemctl enable frr.service
    systemctl start frr.service
    systemctl reload frr.service
    #
    # Rest of initial configuration done through VTYSH
    #
    cat >/tmp/config <<CONFIG
    !
    interface swp1
    ! no shutdown
     description s2 -> s1
    !
    interface swp2
    ! no shutdown
    !
    interface swp3
    ! no shutdown
    !
    interface vlan1000
    ! no shutdown
     description VLAN red (1000) -> [h1,s1,h2]
    !
    interface vlan1001
    ! no shutdown
     description VLAN blue (1001) -> [h3,s1,h4]
    !
    do write
    CONFIG
    vtysh -f /tmp/config
    #
    # Enable LLDP
    #
    echo "INIT: enabling LLDP"
    cat <<CONFIG >/etc/lldpd.d/system.conf
    configure lldp tx-interval 30
    configure lldp tx-hold 3
    configure system interface pattern *,!eth0,swp*
    CONFIG
    service lldpd restart
ok: [h2] => 
  msg: |-
    initial configuration for h2
    =========================================
    #!/bin/bash
    #
    # This script contains the 'ip' commands needed to set up container
    # interfaces and route table. It's executed within the container
    # network namespace on the container host.
    #
    #  /etc/hosts file is generated as a clab bind.
    #
    set -e
    ### One-Shot configuration (non-Ubuntu VM or container)
    #
    # Disable IPv4 and IPv6 forwarding
    #
    sysctl -w net.ipv4.ip_forward=0
    sysctl -w net.ipv6.conf.all.forwarding=0
    #
    # Interface addressing
    #
    ip link set dev eth1 up
    set +e
    ip addr del 172.31.1.2/24 dev eth1 2>/dev/null
    set -e
    ip addr add 172.31.1.2/24 dev eth1
    ip link set eth1 mtu 1500
    #
    # Add routes to IPv4 address pools pointing to the first neighbor on the first link
    #
    # If you need anything better, use FRR instead of Linux and start routing (or use IPv6)
    #
    #
    # Print the final routing table
    ip route
ok: [h3] => 
  msg: |-
    initial configuration for h3
    =========================================
    #!/bin/bash
    #
    # This script contains the 'ip' commands needed to set up container
    # interfaces and route table. It's executed within the container
    # network namespace on the container host.
    #
    #  /etc/hosts file is generated as a clab bind.
    #
    set -e
    ### One-Shot configuration (non-Ubuntu VM or container)
    #
    # Disable IPv4 and IPv6 forwarding
    #
    sysctl -w net.ipv4.ip_forward=0
    sysctl -w net.ipv6.conf.all.forwarding=0
    #
    # Interface addressing
    #
    ip link set dev eth1 up
    set +e
    ip addr del 172.31.1.3/24 dev eth1 2>/dev/null
    set -e
    ip addr add 172.31.1.3/24 dev eth1
    ip link set eth1 mtu 1500
    #
    # Add routes to IPv4 address pools pointing to the first neighbor on the first link
    #
    # If you need anything better, use FRR instead of Linux and start routing (or use IPv6)
    #
    #
    # Print the final routing table
    ip route
ok: [h4] => 
  msg: |-
    initial configuration for h4
    =========================================
    #!/bin/bash
    #
    # This script contains the 'ip' commands needed to set up container
    # interfaces and route table. It's executed within the container
    # network namespace on the container host.
    #
    #  /etc/hosts file is generated as a clab bind.
    #
    set -e
    ### One-Shot configuration (non-Ubuntu VM or container)
    #
    # Disable IPv4 and IPv6 forwarding
    #
    sysctl -w net.ipv4.ip_forward=0
    sysctl -w net.ipv6.conf.all.forwarding=0
    #
    # Interface addressing
    #
    ip link set dev eth1 up
    set +e
    ip addr del 172.31.1.4/24 dev eth1 2>/dev/null
    set -e
    ip addr add 172.31.1.4/24 dev eth1
    ip link set eth1 mtu 1500
    #
    # Add routes to IPv4 address pools pointing to the first neighbor on the first link
    #
    # If you need anything better, use FRR instead of Linux and start routing (or use IPv6)
    #
    #
    # Print the final routing table
    ip route

TASK [Find configuration deployment deploy_script for initial] *****************
ok: [s1]
ok: [s2]
ok: [h1]
ok: [h2]
ok: [h4]
ok: [h3]

TASK [Deploy initial configuration] ********************************************
included: /home/pipi/net101/tools/netsim/ansible/tasks/deploy-config/cumulus.yml for s1, s2
included: /home/pipi/net101/tools/netsim/ansible/tasks/linux/initial-clab.yml for h1, h2, h3, h4

TASK [copy cumulus config to /tmp/config.sh] ***********************************
changed: [s1]
changed: [s2]

TASK [set_fact deployed_config] ************************************************
ok: [s1]
ok: [s2]

TASK [run /tmp/config.sh to deploy initial config from /home/pipi/net101/tools/netsim/ansible/templates/initial/cumulus.j2] ***
changed: [s1]
changed: [s2]

TASK [run vtysh to import initial config from /home/pipi/net101/tools/netsim/ansible/templates/initial/cumulus.j2] ***
skipping: [s1]
skipping: [s2]

TASK [set_fact] ****************************************************************
ok: [h1]
ok: [h2]
ok: [h3]
ok: [h4]

TASK [Create initial container setup from /home/pipi/net101/tools/netsim/ansible/templates/initial/linux-clab.j2] ***
changed: [h1 -> localhost]
changed: [h2 -> localhost]
changed: [h3 -> localhost]
changed: [h4 -> localhost]

TASK [Initial container configuration via /tmp/config-HYnZOgdT-h1.sh] **********
changed: [h3 -> localhost]
changed: [h2 -> localhost]
changed: [h1 -> localhost]
changed: [h4 -> localhost]

TASK [file] ********************************************************************
changed: [h2 -> localhost]
changed: [h1 -> localhost]
changed: [h3 -> localhost]
changed: [h4 -> localhost]

PLAY [Deploy module-specific configurations] ***********************************

TASK [Set variables that cannot be set with VARS] ******************************
ok: [s1]
ok: [s2]

TASK [Deploy individual configuration modules] *********************************
included: /home/pipi/net101/tools/netsim/ansible/tasks/deploy-module.yml for s1, s2 => (item=vlan)
included: /home/pipi/net101/tools/netsim/ansible/tasks/deploy-module.yml for s1, s2 => (item=ospf)
included: /home/pipi/net101/tools/netsim/ansible/tasks/deploy-module.yml for s1, s2 => (item=vxlan)

TASK [Figure out whether to deploy the module vlan on current device] **********
ok: [s1]
ok: [s2]

TASK [Find configuration template for vlan] ************************************
ok: [s1]
ok: [s2]

TASK [Print deployed configuration when running in verbose mode] ***************
ok: [s1] => 
  msg: |-
    vlan configuration for s1
    =========================================
    #!/bin/bash
    #
    set -e # Exit immediately when any command fails
    #
    #
    # Create multi-vlan bridge, specify VLANs, and attach interfaces to it
    #
    cat >/etc/network/interfaces.d/50-bridge.intf <<CONFIG
    auto bridge
    iface bridge
        bridge-vlan-aware yes
        bridge-vids 1001
        bridge-vids 1000
        bridge-ports swp2
        bridge-ports swp3
    CONFIG
    #
    # Create VLAN interfaces
    #
    cat >/etc/network/interfaces.d/51-bridge-interfaces.intf <<CONFIG
    iface swp2
        bridge-access 1000
    iface swp3
        bridge-access 1001
    auto vlan1000
    iface vlan1000
  
        vlan-id 1000
        vlan-raw-device bridge
    auto vlan1001
    iface vlan1001
  
        vlan-id 1001
        vlan-raw-device bridge
    CONFIG
    ifreload -a
ok: [s2] => 
  msg: |-
    vlan configuration for s2
    =========================================
    #!/bin/bash
    #
    set -e # Exit immediately when any command fails
    #
    #
    # Create multi-vlan bridge, specify VLANs, and attach interfaces to it
    #
    cat >/etc/network/interfaces.d/50-bridge.intf <<CONFIG
    auto bridge
    iface bridge
        bridge-vlan-aware yes
        bridge-vids 1001
        bridge-vids 1000
        bridge-ports swp2
        bridge-ports swp3
    CONFIG
    #
    # Create VLAN interfaces
    #
    cat >/etc/network/interfaces.d/51-bridge-interfaces.intf <<CONFIG
    iface swp2
        bridge-access 1000
    iface swp3
        bridge-access 1001
    auto vlan1000
    iface vlan1000
  
        vlan-id 1000
        vlan-raw-device bridge
    auto vlan1001
    iface vlan1001
  
        vlan-id 1001
        vlan-raw-device bridge
    CONFIG
    ifreload -a

TASK [Find configuration deployment deploy_script for vlan] ********************
ok: [s1]
ok: [s2]

TASK [Deploy vlan configuration] ***********************************************
included: /home/pipi/net101/tools/netsim/ansible/tasks/deploy-config/cumulus.yml for s1, s2

TASK [copy cumulus config to /tmp/config.sh] ***********************************
changed: [s1]
changed: [s2]

TASK [set_fact deployed_config] ************************************************
ok: [s1]
ok: [s2]

TASK [run /tmp/config.sh to deploy vlan config from /home/pipi/net101/tools/netsim/ansible/templates/vlan/cumulus.j2] ***
changed: [s1]
changed: [s2]

TASK [run vtysh to import vlan config from /home/pipi/net101/tools/netsim/ansible/templates/vlan/cumulus.j2] ***
skipping: [s1]
skipping: [s2]

TASK [Figure out whether to deploy the module ospf on current device] **********
ok: [s1]
ok: [s2]

TASK [Find configuration template for ospf] ************************************
ok: [s1]
ok: [s2]

TASK [Print deployed configuration when running in verbose mode] ***************
ok: [s1] => 
  msg: |-
    ospf configuration for s1
    =========================================
    !
    router ospf
     ospf router-id 10.0.0.5
     timers throttle spf 10 50 500
     timers throttle lsa all 100
     timers lsa min-arrival 100
  
  
    !
    interface lo
     ip ospf area 0.0.0.0
    !
    interface swp1
    ! s1 -> s2
     ip ospf area 0.0.0.0
     ip ospf network point-to-point
    !
  
    do write
ok: [s2] => 
  msg: |-
    ospf configuration for s2
    =========================================
    !
    router ospf
     ospf router-id 10.0.0.6
     timers throttle spf 10 50 500
     timers throttle lsa all 100
     timers lsa min-arrival 100
  
  
    !
    interface lo
     ip ospf area 0.0.0.0
    !
    interface swp1
    ! s2 -> s1
     ip ospf area 0.0.0.0
     ip ospf network point-to-point
    !
  
    do write

TASK [Find configuration deployment deploy_script for ospf] ********************
ok: [s1]
ok: [s2]

TASK [Deploy ospf configuration] ***********************************************
included: /home/pipi/net101/tools/netsim/ansible/tasks/deploy-config/cumulus.yml for s1, s2

TASK [copy cumulus config to /tmp/config.sh] ***********************************
changed: [s1]
changed: [s2]

TASK [set_fact deployed_config] ************************************************
ok: [s1]
ok: [s2]

TASK [run /tmp/config.sh to deploy ospf config from /home/pipi/net101/tools/netsim/ansible/templates/ospf/cumulus.j2] ***
skipping: [s1]
skipping: [s2]

TASK [run vtysh to import ospf config from /home/pipi/net101/tools/netsim/ansible/templates/ospf/cumulus.j2] ***
changed: [s2]
changed: [s1]

TASK [Figure out whether to deploy the module vxlan on current device] *********
ok: [s1]
ok: [s2]

TASK [Find configuration template for vxlan] ***********************************
ok: [s1]
ok: [s2]

TASK [Print deployed configuration when running in verbose mode] ***************
ok: [s1] => 
  msg: |-
    vxlan configuration for s1
    =========================================
    #!/bin/bash
    #
    # Exit immediately when any command fails
    set -e
    ##
    # Create VXLAN interfaces with static flood lists
    #
    cat >/etc/network/interfaces.d/60-vxlan.intf <<CONFIG
    iface lo inet loopback
        vxlan-local-tunnelip 10.0.0.5
    #
    #
    auto vni-101000
    iface vni-101000
        bridge-access 1000
        vxlan-id 101000
        vxlan-learning yes
  
        vxlan-remoteip 10.0.0.6
    #
    auto vni-101001
    iface vni-101001
        bridge-access 1001
        vxlan-id 101001
        vxlan-learning yes
  
        vxlan-remoteip 10.0.0.6
    #
    iface bridge
        bridge-stp no
        bridge-ports vni-101000
        bridge-ports vni-101001
    CONFIG
    ifreload -a
ok: [s2] => 
  msg: |-
    vxlan configuration for s2
    =========================================
    #!/bin/bash
    #
    # Exit immediately when any command fails
    set -e
    ##
    # Create VXLAN interfaces with static flood lists
    #
    cat >/etc/network/interfaces.d/60-vxlan.intf <<CONFIG
    iface lo inet loopback
        vxlan-local-tunnelip 10.0.0.6
    #
    #
    auto vni-101000
    iface vni-101000
        bridge-access 1000
        vxlan-id 101000
        vxlan-learning yes
  
        vxlan-remoteip 10.0.0.5
    #
    auto vni-101001
    iface vni-101001
        bridge-access 1001
        vxlan-id 101001
        vxlan-learning yes
  
        vxlan-remoteip 10.0.0.5
    #
    iface bridge
        bridge-stp no
        bridge-ports vni-101000
        bridge-ports vni-101001
    CONFIG
    ifreload -a

TASK [Find configuration deployment deploy_script for vxlan] *******************
ok: [s1]
ok: [s2]

TASK [Deploy vxlan configuration] **********************************************
included: /home/pipi/net101/tools/netsim/ansible/tasks/deploy-config/cumulus.yml for s1, s2

TASK [copy cumulus config to /tmp/config.sh] ***********************************
changed: [s1]
changed: [s2]

TASK [set_fact deployed_config] ************************************************
ok: [s1]
ok: [s2]

TASK [run /tmp/config.sh to deploy vxlan config from /home/pipi/net101/tools/netsim/ansible/templates/vxlan/cumulus.j2] ***
changed: [s2]
changed: [s1]

TASK [run vtysh to import vxlan config from /home/pipi/net101/tools/netsim/ansible/templates/vxlan/cumulus.j2] ***
skipping: [s1]
skipping: [s2]

PLAY [Deploy custom deployment templates] **************************************
skipping: no hosts matched

PLAY RECAP *********************************************************************
h1                         : ok=12   changed=3    unreachable=0    failed=0    skipped=1    rescued=0    ignored=0   
h2                         : ok=12   changed=3    unreachable=0    failed=0    skipped=1    rescued=0    ignored=0   
h3                         : ok=12   changed=3    unreachable=0    failed=0    skipped=1    rescued=0    ignored=0   
h4                         : ok=12   changed=3    unreachable=0    failed=0    skipped=1    rescued=0    ignored=0   
s1                         : ok=39   changed=8    unreachable=0    failed=0    skipped=5    rescued=0    ignored=0   
s2                         : ok=39   changed=8    unreachable=0    failed=0    skipped=5    rescued=0    ignored=0   



The devices under test are VLAN-to-VXLAN bridges between two access VLANs
and two VXLAN VNIs. Both VLANs are using the same IP prefix to identify
potential inter-VLAN leaking.

* h1, h2 and h3 should be able to ping each other
* h4 and h5 should be able to ping each other
* h1 should not be able to reach h4 or h5

Please note it might take a while for the lab to work due to
STP learning phase

