[WARNING]: Could not match supplied host pattern, ignoring: unprovisioned

PLAY [Deploy initial device configuration] *************************************

TASK [Set variables that cannot be set with VARS] ******************************
ok: [s1]
ok: [s2]
ok: [h1]
ok: [h2]
ok: [h3]
ok: [h4]

TASK [Find device readiness script] ********************************************
ok: [s1]
ok: [s2]
ok: [h1]
ok: [h3]
ok: [h2]
ok: [h4]

TASK [Wait for device to become ready] *****************************************
skipping: [s1]
skipping: [s2]
skipping: [h1]
skipping: [h2]
skipping: [h3]
skipping: [h4]

TASK [Deploy initial configuration] ********************************************
included: /home/pipi/net101/tools/netsim/ansible/tasks/deploy-module.yml for s1, s2, h1, h2, h3, h4

TASK [Figure out whether to deploy the module initial on current device] *******
ok: [s1]
ok: [s2]
ok: [h1]
ok: [h2]
ok: [h3]
ok: [h4]

TASK [Find configuration template for initial] *********************************
ok: [s1]
ok: [s2]
ok: [h1]
ok: [h2]
ok: [h4]
ok: [h3]

TASK [Print deployed configuration when running in verbose mode] ***************
ok: [s1] => 
  msg: |-
    initial configuration for s1
    =========================================
    #!/bin/bash
    #
    set -e
    #
    # Create bash profile script
    #
    cat <<SCRIPT >/root/.bash_profile
    #!/bin/bash
    #
    export PS1="\h(bash)#"
    echo "Use vtysh to connect to FRR daemon"
    echo
    SCRIPT
    #
    # Build hosts file
    #
    echo "INIT: setting hostname"
    hostname s1
    echo "INIT: creating /etc/hosts"
    awk '/127.0.1.1/,/^$/' /etc/hosts >/tmp/hosts
    echo "127.0.0.1 s1" >>/tmp/hosts
    echo "172.16.0.1 h1" >>/tmp/hosts
    echo "172.16.0.2 h2" >>/tmp/hosts
    echo "172.16.1.3 h3" >>/tmp/hosts
    echo "172.16.2.4 h4" >>/tmp/hosts
    echo "172.16.0.5 172.16.1.5 s1-tenant" >>/tmp/hosts
    echo "10.0.0.6 10.1.0.2 s2" >>/tmp/hosts
    echo "172.16.2.6 172.16.0.6 s2-tenant" >>/tmp/hosts
    cat /etc/hosts | awk '/localhost/,/^$/' >/tmp/hosts-start
    mv /tmp/hosts-start /etc/hosts
    sort /tmp/hosts|uniq >>/etc/hosts
    #
    #
    # Disable ZTP
    #
    ztp --disable
    #
    #
    echo "INIT: creating loopback interface"
    #
    # Create loopback interface entry
    #
    cat >/etc/network/interfaces.d/10-loopback.intf <<CONFIG
    auto lo
    iface lo inet loopback
      address 10.0.0.5/32
  
    CONFIG
    #
    until ifreload -a; do
      sleep 1
    done
    #
    echo "INIT: creating other interface"
    cat >/etc/network/interfaces.d/11-physical.intf <<CONFIG
    auto swp1
  
    iface swp1 inet static
      mtu 1600
      address 10.1.0.1/30
    auto swp2
    auto swp3
    CONFIG
    #
    echo "INIT: executing ifreload"
    until ifreload -a; do
      sleep 1
    done
    #
    # For whatever crazy reason, I had to enable IPv6 in containers
    #
    #
    # Enable FRR modules for ['vlan', 'ospf', 'vrf', 'vxlan']
    #
    #
    # Enable FRR daemons
    #
    echo "ospfd=yes" >>/etc/frr/daemons
    echo "ospf6d=yes" >>/etc/frr/daemons
    echo "bgpd=yes" >>/etc/frr/daemons
  
    systemctl enable frr.service
    systemctl start frr.service
    systemctl reload frr.service
    #
    # Rest of initial configuration done through VTYSH
    #
    cat >/tmp/config <<CONFIG
    !
    interface swp1
    ! no shutdown
     description s1 -> s2
     ipv6 nd ra-interval 5
     no ipv6 nd suppress-ra
    !
    interface swp2
    ! no shutdown
     ipv6 nd ra-interval 5
     no ipv6 nd suppress-ra
    !
    interface swp3
    ! no shutdown
     ipv6 nd ra-interval 5
     no ipv6 nd suppress-ra
    !
    interface vlan1000
    ! no shutdown
     description VLAN red (1000) -> [h1,h2,s2]
     ipv6 nd ra-interval 5
     no ipv6 nd suppress-ra
    !
    interface vlan1001
    ! no shutdown
     description VLAN blue (1001) -> [h3] [stub]
     ipv6 nd ra-interval 5
     no ipv6 nd suppress-ra
    !
    do write
    CONFIG
    vtysh -f /tmp/config
    #
    # Enable LLDP
    #
    echo "INIT: enabling LLDP"
    cat <<CONFIG >/etc/lldpd.d/system.conf
    configure lldp tx-interval 30
    configure lldp tx-hold 3
    configure system interface pattern *,!eth0,swp*
    CONFIG
    service lldpd restart
ok: [s2] => 
  msg: |-
    initial configuration for s2
    =========================================
    #!/bin/bash
    #
    set -e
    #
    # Create bash profile script
    #
    cat <<SCRIPT >/root/.bash_profile
    #!/bin/bash
    #
    export PS1="\h(bash)#"
    echo "Use vtysh to connect to FRR daemon"
    echo
    SCRIPT
    #
    # Build hosts file
    #
    echo "INIT: setting hostname"
    hostname s2
    echo "INIT: creating /etc/hosts"
    awk '/127.0.1.1/,/^$/' /etc/hosts >/tmp/hosts
    echo "127.0.0.1 s2" >>/tmp/hosts
    echo "172.16.0.1 h1" >>/tmp/hosts
    echo "172.16.0.2 h2" >>/tmp/hosts
    echo "172.16.1.3 h3" >>/tmp/hosts
    echo "172.16.2.4 h4" >>/tmp/hosts
    echo "10.0.0.5 10.1.0.1 s1" >>/tmp/hosts
    echo "172.16.0.5 172.16.1.5 s1-tenant" >>/tmp/hosts
    echo "172.16.2.6 172.16.0.6 s2-tenant" >>/tmp/hosts
    cat /etc/hosts | awk '/localhost/,/^$/' >/tmp/hosts-start
    mv /tmp/hosts-start /etc/hosts
    sort /tmp/hosts|uniq >>/etc/hosts
    #
    #
    # Disable ZTP
    #
    ztp --disable
    #
    #
    echo "INIT: creating loopback interface"
    #
    # Create loopback interface entry
    #
    cat >/etc/network/interfaces.d/10-loopback.intf <<CONFIG
    auto lo
    iface lo inet loopback
      address 10.0.0.6/32
  
    CONFIG
    #
    until ifreload -a; do
      sleep 1
    done
    #
    echo "INIT: creating other interface"
    cat >/etc/network/interfaces.d/11-physical.intf <<CONFIG
    auto swp1
  
    iface swp1 inet static
      mtu 1600
      address 10.1.0.2/30
    auto swp2
    auto swp3
  
    iface swp3 inet static
      mtu 1500
      address 172.16.2.6/24
    CONFIG
    #
    echo "INIT: executing ifreload"
    until ifreload -a; do
      sleep 1
    done
    #
    # For whatever crazy reason, I had to enable IPv6 in containers
    #
    #
    # Enable FRR modules for ['vlan', 'ospf', 'vrf', 'vxlan']
    #
    #
    # Enable FRR daemons
    #
    echo "ospfd=yes" >>/etc/frr/daemons
    echo "ospf6d=yes" >>/etc/frr/daemons
    echo "bgpd=yes" >>/etc/frr/daemons
  
    systemctl enable frr.service
    systemctl start frr.service
    systemctl reload frr.service
    #
    # Rest of initial configuration done through VTYSH
    #
    cat >/tmp/config <<CONFIG
    !
    interface swp1
    ! no shutdown
     description s2 -> s1
     ipv6 nd ra-interval 5
     no ipv6 nd suppress-ra
    !
    interface swp2
    ! no shutdown
     ipv6 nd ra-interval 5
     no ipv6 nd suppress-ra
    !
    interface swp3
    ! no shutdown
     description s2 -> h4 [stub]
     ipv6 nd ra-interval 5
     no ipv6 nd suppress-ra
    !
    interface vlan1000
    ! no shutdown
     description VLAN red (1000) -> [h1,s1,h2]
     ipv6 nd ra-interval 5
     no ipv6 nd suppress-ra
    !
    do write
    CONFIG
    vtysh -f /tmp/config
    #
    # Enable LLDP
    #
    echo "INIT: enabling LLDP"
    cat <<CONFIG >/etc/lldpd.d/system.conf
    configure lldp tx-interval 30
    configure lldp tx-hold 3
    configure system interface pattern *,!eth0,swp*
    CONFIG
    service lldpd restart
ok: [h1] => 
  msg: |-
    initial configuration for h1
    =========================================
    #!/bin/bash
    #
    set -e
    #
    # Create bash profile script
    #
    cat <<SCRIPT >/root/.bash_profile
    #!/bin/bash
    #
    export PS1="\h(bash)$ "
    SCRIPT
    #
    # Build hosts file
    #
    hostname h1
    #
    cat <<SCRIPT >/tmp/hosts
    #
    # Created by netlab initial
    #
    172.16.0.1 h1
    172.16.0.2 h2
    172.16.1.3 h3
    172.16.2.4 h4
    10.0.0.5 10.1.0.1 s1
    172.16.0.5 172.16.1.5 s1-tenant
    10.0.0.6 10.1.0.2 s2
    172.16.2.6 172.16.0.6 s2-tenant
    SCRIPT
    grep "Created by netlab" /etc/hosts || uniq /tmp/hosts >>/etc/hosts
    # It seems on the Vagrant box for ubuntu 20.04, DNS Servers are hardcoded as 4.2.2.1 & Co.
    # This is annoying on a network with filtered DNS.
    # DNSMasq server used for giving out DHCP addresses on the management network is able to act as a DNS Server.
    # Let's use that.
    #
    # (Overwrite netplan config to remove DNS stuff)
    echo -n 'Starting initial config ' && date
    cat <<SCRIPT >/etc/netplan/01-netcfg.yaml
    network:
      version: 2
      renderer: networkd
      ethernets:
        eth0:
          dhcp4: true
          dhcp6: false
          optional: true
    SCRIPT
    netplan apply
  
    # (Overwrite resolved config to remove DNS stuff)
    cat <<SCRIPT > /etc/systemd/resolved.conf
    [Resolve]
    DNS=
    FallbackDNS=
    Domains=
    DNSOverTLS=no
    Cache=yes
    DNSStubListener=yes
    SCRIPT
  
    systemctl restart systemd-resolved
  
    # Set persistent hostname
    hostnamectl set-hostname h1
  
    NEED_APT_UPDATE=YES
  
    # Sysctl settings: IPv4/IPv6 forwarding, IPv6 LLA
    #
    cat <<SCRIPT > /etc/sysctl.d/10-netsim.conf
    net.ipv4.ip_forward=0
    net.ipv6.conf.all.forwarding=0
  
  
    SCRIPT
    sysctl -p /etc/sysctl.d/10-netsim.conf
  
    # Loopback addressing
  
    # Interface addressing
    cat <<SCRIPT > /etc/netplan/03-eth-eth1.yaml
    network:
      version: 2
      renderer: networkd
      ethernets:
        eth1:
          addresses:
            - 172.16.0.1/24
    SCRIPT
  
    # Add routes to IPv4 address pools pointing to the first neighbor on the first link
    cat <<SCRIPT > /etc/netplan/04-routes-eth1.yaml
    network:
      version: 2
      renderer: networkd
      ethernets:
        eth1:
          routes:
            - to: 172.16.0.0/16
              via: 172.16.0.5
            - to: 10.0.0.0/24
              via: 172.16.0.5
            - to: 10.1.0.0/16
              via: 172.16.0.5
            - to: 10.2.0.0/24
              via: 172.16.0.5
    SCRIPT
  
    echo -n 'Starting netplan generate ' && date
    netplan generate
    echo -n 'Starting netplan apply ' && date
    nohup netplan apply &
ok: [h4] => 
  msg: |-
    initial configuration for h4
    =========================================
    #!/bin/bash
    #
    set -e
    #
    # Create bash profile script
    #
    cat <<SCRIPT >/root/.bash_profile
    #!/bin/bash
    #
    export PS1="\h(bash)$ "
    SCRIPT
    #
    # Build hosts file
    #
    hostname h4
    #
    cat <<SCRIPT >/tmp/hosts
    #
    # Created by netlab initial
    #
    172.16.0.1 h1
    172.16.0.2 h2
    172.16.1.3 h3
    172.16.2.4 h4
    10.0.0.5 10.1.0.1 s1
    172.16.0.5 172.16.1.5 s1-tenant
    10.0.0.6 10.1.0.2 s2
    172.16.2.6 172.16.0.6 s2-tenant
    SCRIPT
    grep "Created by netlab" /etc/hosts || uniq /tmp/hosts >>/etc/hosts
    # It seems on the Vagrant box for ubuntu 20.04, DNS Servers are hardcoded as 4.2.2.1 & Co.
    # This is annoying on a network with filtered DNS.
    # DNSMasq server used for giving out DHCP addresses on the management network is able to act as a DNS Server.
    # Let's use that.
    #
    # (Overwrite netplan config to remove DNS stuff)
    echo -n 'Starting initial config ' && date
    cat <<SCRIPT >/etc/netplan/01-netcfg.yaml
    network:
      version: 2
      renderer: networkd
      ethernets:
        eth0:
          dhcp4: true
          dhcp6: false
          optional: true
    SCRIPT
    netplan apply
  
    # (Overwrite resolved config to remove DNS stuff)
    cat <<SCRIPT > /etc/systemd/resolved.conf
    [Resolve]
    DNS=
    FallbackDNS=
    Domains=
    DNSOverTLS=no
    Cache=yes
    DNSStubListener=yes
    SCRIPT
  
    systemctl restart systemd-resolved
  
    # Set persistent hostname
    hostnamectl set-hostname h4
  
    NEED_APT_UPDATE=YES
  
    # Sysctl settings: IPv4/IPv6 forwarding, IPv6 LLA
    #
    cat <<SCRIPT > /etc/sysctl.d/10-netsim.conf
    net.ipv4.ip_forward=0
    net.ipv6.conf.all.forwarding=0
  
  
    SCRIPT
    sysctl -p /etc/sysctl.d/10-netsim.conf
  
    # Loopback addressing
  
    # Interface addressing
    cat <<SCRIPT > /etc/netplan/03-eth-eth1.yaml
    network:
      version: 2
      renderer: networkd
      ethernets:
        eth1:
          addresses:
            - 172.16.2.4/24
    SCRIPT
  
    # Add routes to IPv4 address pools pointing to the first neighbor on the first link
    cat <<SCRIPT > /etc/netplan/04-routes-eth1.yaml
    network:
      version: 2
      renderer: networkd
      ethernets:
        eth1:
          routes:
            - to: 172.16.0.0/16
              via: 172.16.2.6
            - to: 10.0.0.0/24
              via: 172.16.2.6
            - to: 10.1.0.0/16
              via: 172.16.2.6
            - to: 10.2.0.0/24
              via: 172.16.2.6
    SCRIPT
  
    echo -n 'Starting netplan generate ' && date
    netplan generate
    echo -n 'Starting netplan apply ' && date
    nohup netplan apply &
ok: [h2] => 
  msg: |-
    initial configuration for h2
    =========================================
    #!/bin/bash
    #
    set -e
    #
    # Create bash profile script
    #
    cat <<SCRIPT >/root/.bash_profile
    #!/bin/bash
    #
    export PS1="\h(bash)$ "
    SCRIPT
    #
    # Build hosts file
    #
    hostname h2
    #
    cat <<SCRIPT >/tmp/hosts
    #
    # Created by netlab initial
    #
    172.16.0.1 h1
    172.16.0.2 h2
    172.16.1.3 h3
    172.16.2.4 h4
    10.0.0.5 10.1.0.1 s1
    172.16.0.5 172.16.1.5 s1-tenant
    10.0.0.6 10.1.0.2 s2
    172.16.2.6 172.16.0.6 s2-tenant
    SCRIPT
    grep "Created by netlab" /etc/hosts || uniq /tmp/hosts >>/etc/hosts
    # It seems on the Vagrant box for ubuntu 20.04, DNS Servers are hardcoded as 4.2.2.1 & Co.
    # This is annoying on a network with filtered DNS.
    # DNSMasq server used for giving out DHCP addresses on the management network is able to act as a DNS Server.
    # Let's use that.
    #
    # (Overwrite netplan config to remove DNS stuff)
    echo -n 'Starting initial config ' && date
    cat <<SCRIPT >/etc/netplan/01-netcfg.yaml
    network:
      version: 2
      renderer: networkd
      ethernets:
        eth0:
          dhcp4: true
          dhcp6: false
          optional: true
    SCRIPT
    netplan apply
  
    # (Overwrite resolved config to remove DNS stuff)
    cat <<SCRIPT > /etc/systemd/resolved.conf
    [Resolve]
    DNS=
    FallbackDNS=
    Domains=
    DNSOverTLS=no
    Cache=yes
    DNSStubListener=yes
    SCRIPT
  
    systemctl restart systemd-resolved
  
    # Set persistent hostname
    hostnamectl set-hostname h2
  
    NEED_APT_UPDATE=YES
  
    # Sysctl settings: IPv4/IPv6 forwarding, IPv6 LLA
    #
    cat <<SCRIPT > /etc/sysctl.d/10-netsim.conf
    net.ipv4.ip_forward=0
    net.ipv6.conf.all.forwarding=0
  
  
    SCRIPT
    sysctl -p /etc/sysctl.d/10-netsim.conf
  
    # Loopback addressing
  
    # Interface addressing
    cat <<SCRIPT > /etc/netplan/03-eth-eth1.yaml
    network:
      version: 2
      renderer: networkd
      ethernets:
        eth1:
          addresses:
            - 172.16.0.2/24
    SCRIPT
  
    # Add routes to IPv4 address pools pointing to the first neighbor on the first link
    cat <<SCRIPT > /etc/netplan/04-routes-eth1.yaml
    network:
      version: 2
      renderer: networkd
      ethernets:
        eth1:
          routes:
            - to: 172.16.0.0/16
              via: 172.16.0.6
            - to: 10.0.0.0/24
              via: 172.16.0.6
            - to: 10.1.0.0/16
              via: 172.16.0.6
            - to: 10.2.0.0/24
              via: 172.16.0.6
    SCRIPT
  
    echo -n 'Starting netplan generate ' && date
    netplan generate
    echo -n 'Starting netplan apply ' && date
    nohup netplan apply &
ok: [h3] => 
  msg: |-
    initial configuration for h3
    =========================================
    #!/bin/bash
    #
    set -e
    #
    # Create bash profile script
    #
    cat <<SCRIPT >/root/.bash_profile
    #!/bin/bash
    #
    export PS1="\h(bash)$ "
    SCRIPT
    #
    # Build hosts file
    #
    hostname h3
    #
    cat <<SCRIPT >/tmp/hosts
    #
    # Created by netlab initial
    #
    172.16.0.1 h1
    172.16.0.2 h2
    172.16.1.3 h3
    172.16.2.4 h4
    10.0.0.5 10.1.0.1 s1
    172.16.0.5 172.16.1.5 s1-tenant
    10.0.0.6 10.1.0.2 s2
    172.16.2.6 172.16.0.6 s2-tenant
    SCRIPT
    grep "Created by netlab" /etc/hosts || uniq /tmp/hosts >>/etc/hosts
    # It seems on the Vagrant box for ubuntu 20.04, DNS Servers are hardcoded as 4.2.2.1 & Co.
    # This is annoying on a network with filtered DNS.
    # DNSMasq server used for giving out DHCP addresses on the management network is able to act as a DNS Server.
    # Let's use that.
    #
    # (Overwrite netplan config to remove DNS stuff)
    echo -n 'Starting initial config ' && date
    cat <<SCRIPT >/etc/netplan/01-netcfg.yaml
    network:
      version: 2
      renderer: networkd
      ethernets:
        eth0:
          dhcp4: true
          dhcp6: false
          optional: true
    SCRIPT
    netplan apply
  
    # (Overwrite resolved config to remove DNS stuff)
    cat <<SCRIPT > /etc/systemd/resolved.conf
    [Resolve]
    DNS=
    FallbackDNS=
    Domains=
    DNSOverTLS=no
    Cache=yes
    DNSStubListener=yes
    SCRIPT
  
    systemctl restart systemd-resolved
  
    # Set persistent hostname
    hostnamectl set-hostname h3
  
    NEED_APT_UPDATE=YES
  
    # Sysctl settings: IPv4/IPv6 forwarding, IPv6 LLA
    #
    cat <<SCRIPT > /etc/sysctl.d/10-netsim.conf
    net.ipv4.ip_forward=0
    net.ipv6.conf.all.forwarding=0
  
  
    SCRIPT
    sysctl -p /etc/sysctl.d/10-netsim.conf
  
    # Loopback addressing
  
    # Interface addressing
    cat <<SCRIPT > /etc/netplan/03-eth-eth1.yaml
    network:
      version: 2
      renderer: networkd
      ethernets:
        eth1:
          addresses:
            - 172.16.1.3/24
    SCRIPT
  
    # Add routes to IPv4 address pools pointing to the first neighbor on the first link
    cat <<SCRIPT > /etc/netplan/04-routes-eth1.yaml
    network:
      version: 2
      renderer: networkd
      ethernets:
        eth1:
          routes:
            - to: 172.16.0.0/16
              via: 172.16.1.5
            - to: 10.0.0.0/24
              via: 172.16.1.5
            - to: 10.1.0.0/16
              via: 172.16.1.5
            - to: 10.2.0.0/24
              via: 172.16.1.5
    SCRIPT
  
    echo -n 'Starting netplan generate ' && date
    netplan generate
    echo -n 'Starting netplan apply ' && date
    nohup netplan apply &

TASK [Find configuration deployment deploy_script for initial] *****************
ok: [s1]
ok: [s2]
ok: [h1]
ok: [h2]
ok: [h4]
ok: [h3]

TASK [Deploy initial configuration] ********************************************
included: /home/pipi/net101/tools/netsim/ansible/tasks/deploy-config/cumulus.yml for s1, s2
included: /home/pipi/net101/tools/netsim/ansible/tasks/deploy-config/linux.yml for h1, h2, h3, h4

TASK [copy cumulus config to /tmp/config.sh] ***********************************
changed: [s1]
changed: [s2]

TASK [set_fact deployed_config] ************************************************
ok: [s1]
ok: [s2]

TASK [run /tmp/config.sh to deploy initial config from /home/pipi/net101/tools/netsim/ansible/templates/initial/cumulus.j2] ***
changed: [s2]
changed: [s1]

TASK [run vtysh to import initial config from /home/pipi/net101/tools/netsim/ansible/templates/initial/cumulus.j2] ***
skipping: [s1]
skipping: [s2]

TASK [template] ****************************************************************
changed: [h4]
changed: [h1]
changed: [h3]
changed: [h2]

TASK [Execute /tmp/config.sh to deploy initial config from /home/pipi/net101/tools/netsim/ansible/templates/initial/linux.j2] ***
changed: [h1]
changed: [h3]
changed: [h4]
changed: [h2]

PLAY [Deploy module-specific configurations] ***********************************

TASK [Set variables that cannot be set with VARS] ******************************
ok: [s1]
ok: [s2]

TASK [Deploy individual configuration modules] *********************************
included: /home/pipi/net101/tools/netsim/ansible/tasks/deploy-module.yml for s1, s2 => (item=vlan)
included: /home/pipi/net101/tools/netsim/ansible/tasks/deploy-module.yml for s1, s2 => (item=ospf)
included: /home/pipi/net101/tools/netsim/ansible/tasks/deploy-module.yml for s1, s2 => (item=vrf)
included: /home/pipi/net101/tools/netsim/ansible/tasks/deploy-module.yml for s1, s2 => (item=vxlan)

TASK [Figure out whether to deploy the module vlan on current device] **********
ok: [s1]
ok: [s2]

TASK [Find configuration template for vlan] ************************************
ok: [s1]
ok: [s2]

TASK [Print deployed configuration when running in verbose mode] ***************
ok: [s1] => 
  msg: |-
    vlan configuration for s1
    =========================================
    #!/bin/bash
    #
    set -e # Exit immediately when any command fails
    #
    #
    # Create multi-vlan bridge, specify VLANs, and attach interfaces to it
    #
    cat >/etc/network/interfaces.d/50-bridge.intf <<CONFIG
    auto bridge
    iface bridge
        bridge-vlan-aware yes
        bridge-vids 1001
        bridge-vids 1000
        bridge-ports swp2
        bridge-ports swp3
    CONFIG
    #
    # Create VLAN interfaces
    #
    cat >/etc/network/interfaces.d/51-bridge-interfaces.intf <<CONFIG
    iface swp2
        bridge-access 1000
    iface swp3
        bridge-access 1001
    auto vlan1000
    iface vlan1000
        address 172.16.0.5/24
  
        vlan-id 1000
        vlan-raw-device bridge
    auto vlan1001
    iface vlan1001
        address 172.16.1.5/24
  
        vlan-id 1001
        vlan-raw-device bridge
    CONFIG
    ifreload -a
ok: [s2] => 
  msg: |-
    vlan configuration for s2
    =========================================
    #!/bin/bash
    #
    set -e # Exit immediately when any command fails
    #
    #
    # Create multi-vlan bridge, specify VLANs, and attach interfaces to it
    #
    cat >/etc/network/interfaces.d/50-bridge.intf <<CONFIG
    auto bridge
    iface bridge
        bridge-vlan-aware yes
        bridge-vids 1000
        bridge-ports swp2
    CONFIG
    #
    # Create VLAN interfaces
    #
    cat >/etc/network/interfaces.d/51-bridge-interfaces.intf <<CONFIG
    iface swp2
        bridge-access 1000
    auto vlan1000
    iface vlan1000
        address 172.16.0.6/24
  
        vlan-id 1000
        vlan-raw-device bridge
    CONFIG
    ifreload -a

TASK [Find configuration deployment deploy_script for vlan] ********************
ok: [s1]
ok: [s2]

TASK [Deploy vlan configuration] ***********************************************
included: /home/pipi/net101/tools/netsim/ansible/tasks/deploy-config/cumulus.yml for s1, s2

TASK [copy cumulus config to /tmp/config.sh] ***********************************
changed: [s2]
changed: [s1]

TASK [set_fact deployed_config] ************************************************
ok: [s1]
ok: [s2]

TASK [run /tmp/config.sh to deploy vlan config from /home/pipi/net101/tools/netsim/ansible/templates/vlan/cumulus.j2] ***
changed: [s2]
changed: [s1]

TASK [run vtysh to import vlan config from /home/pipi/net101/tools/netsim/ansible/templates/vlan/cumulus.j2] ***
skipping: [s1]
skipping: [s2]

TASK [Figure out whether to deploy the module ospf on current device] **********
ok: [s1]
ok: [s2]

TASK [Find configuration template for ospf] ************************************
ok: [s1]
ok: [s2]

TASK [Print deployed configuration when running in verbose mode] ***************
ok: [s1] => 
  msg: |-
    ospf configuration for s1
    =========================================
    router ospf
     ospf router-id 10.0.0.5
     timers throttle spf 10 50 500
     timers throttle lsa all 100
     timers lsa min-arrival 100
    !
    interface lo
     ip ospf area 0.0.0.0
    !
    interface swp1
    ! s1 -> s2
     ip ospf area 0.0.0.0
     ip ospf network point-to-point
    !
  
    do write
ok: [s2] => 
  msg: |-
    ospf configuration for s2
    =========================================
    router ospf
     ospf router-id 10.0.0.6
     timers throttle spf 10 50 500
     timers throttle lsa all 100
     timers lsa min-arrival 100
    !
    interface lo
     ip ospf area 0.0.0.0
    !
    interface swp1
    ! s2 -> s1
     ip ospf area 0.0.0.0
     ip ospf network point-to-point
    !
  
    do write

TASK [Find configuration deployment deploy_script for ospf] ********************
ok: [s1]
ok: [s2]

TASK [Deploy ospf configuration] ***********************************************
included: /home/pipi/net101/tools/netsim/ansible/tasks/deploy-config/cumulus.yml for s1, s2

TASK [copy cumulus config to /tmp/config.sh] ***********************************
changed: [s2]
changed: [s1]

TASK [set_fact deployed_config] ************************************************
ok: [s1]
ok: [s2]

TASK [run /tmp/config.sh to deploy ospf config from /home/pipi/net101/tools/netsim/ansible/templates/ospf/cumulus.j2] ***
skipping: [s1]
skipping: [s2]

TASK [run vtysh to import ospf config from /home/pipi/net101/tools/netsim/ansible/templates/ospf/cumulus.j2] ***
changed: [s2]
changed: [s1]

TASK [Figure out whether to deploy the module vrf on current device] ***********
ok: [s1]
ok: [s2]

TASK [Find configuration template for vrf] *************************************
ok: [s1]
ok: [s2]

TASK [Print deployed configuration when running in verbose mode] ***************
ok: [s1] => 
  msg: |-
    vrf configuration for s1
    =========================================
    #!/bin/bash
    #
    set -e # Exit immediately when any command fails
    #
    cat >/etc/network/interfaces.d/70-vrf.intf <<CONFIG
    auto tenant
    iface tenant
        vrf-table 1010
    #
    auto vlan1000
    iface vlan1000
        vrf tenant
    #
    auto vlan1001
    iface vlan1001
        vrf tenant
    #
    CONFIG
    ifreload -a
    #
    cat >/tmp/vrf_config <<CONFIG
    vrf tenant
     exit-vrf
    !
    router bgp 65000
    !
    !
    !
    ! OSPFv2 FRR configuration
    !
    router ospf vrf tenant
     ospf router-id 10.0.0.5
     timers throttle spf 10 50 500
     timers throttle lsa all 100
     timers lsa min-arrival 100
  
     redistribute connected
    exit
    !
    interface vlan1000
    ! VLAN red (1000) -> [h1,h2,s2]
     ip ospf area 0.0.0.0
     ip ospf cost 5
    !
    interface vlan1001
    ! VLAN blue (1001) -> [h3]
     ip ospf area 0.0.0.0
     ip ospf network point-to-point
     ip ospf cost 10
     ip ospf passive
    !
  
    !
    do write
    !
    CONFIG
    vtysh -f /tmp/vrf_config
    exit $?
ok: [s2] => 
  msg: |-
    vrf configuration for s2
    =========================================
    #!/bin/bash
    #
    set -e # Exit immediately when any command fails
    #
    cat >/etc/network/interfaces.d/70-vrf.intf <<CONFIG
    auto tenant
    iface tenant
        vrf-table 1010
    #
    auto swp3
    iface swp3
        vrf tenant
    #
    auto vlan1000
    iface vlan1000
        vrf tenant
    #
    CONFIG
    ifreload -a
    #
    cat >/tmp/vrf_config <<CONFIG
    vrf tenant
     exit-vrf
    !
    router bgp 65000
    !
    !
    !
    ! OSPFv2 FRR configuration
    !
    router ospf vrf tenant
     ospf router-id 10.0.0.6
     timers throttle spf 10 50 500
     timers throttle lsa all 100
     timers lsa min-arrival 100
  
     redistribute connected
    exit
    !
    interface swp3
    ! s2 -> h4
     ip ospf area 0.0.0.0
     ip ospf network point-to-point
     ip ospf passive
    !
    interface vlan1000
    ! VLAN red (1000) -> [h1,s1,h2]
     ip ospf area 0.0.0.0
     ip ospf cost 5
    !
  
    !
    do write
    !
    CONFIG
    vtysh -f /tmp/vrf_config
    exit $?

TASK [Find configuration deployment deploy_script for vrf] *********************
ok: [s1]
ok: [s2]

TASK [Deploy vrf configuration] ************************************************
included: /home/pipi/net101/tools/netsim/ansible/tasks/deploy-config/cumulus.yml for s1, s2

TASK [copy cumulus config to /tmp/config.sh] ***********************************
changed: [s2]
changed: [s1]

TASK [set_fact deployed_config] ************************************************
ok: [s1]
ok: [s2]

TASK [run /tmp/config.sh to deploy vrf config from /home/pipi/net101/tools/netsim/ansible/templates/vrf/cumulus.j2] ***
changed: [s1]
changed: [s2]

TASK [run vtysh to import vrf config from /home/pipi/net101/tools/netsim/ansible/templates/vrf/cumulus.j2] ***
skipping: [s1]
skipping: [s2]

TASK [Figure out whether to deploy the module vxlan on current device] *********
ok: [s1]
ok: [s2]

TASK [Find configuration template for vxlan] ***********************************
ok: [s1]
ok: [s2]

TASK [Print deployed configuration when running in verbose mode] ***************
ok: [s1] => 
  msg: |-
    vxlan configuration for s1
    =========================================
    #!/bin/bash
    #
    # Exit immediately when any command fails
    set -e
    ##
    # Create VXLAN interfaces with static flood lists
    #
    cat >/etc/network/interfaces.d/60-vxlan.intf <<CONFIG
    iface lo inet loopback
        vxlan-local-tunnelip 10.0.0.5
    #
    #
    auto vni-101000
    iface vni-101000
        bridge-access 1000
        vxlan-id 101000
        vxlan-learning yes
  
        vxlan-remoteip 10.0.0.6
    #
    auto vni-101001
    iface vni-101001
        bridge-access 1001
        vxlan-id 101001
        vxlan-learning yes
  
    #
    iface bridge
        bridge-stp no
        bridge-ports vni-101000
        bridge-ports vni-101001
    CONFIG
    ifreload -a
ok: [s2] => 
  msg: |-
    vxlan configuration for s2
    =========================================
    #!/bin/bash
    #
    # Exit immediately when any command fails
    set -e
    ##
    # Create VXLAN interfaces with static flood lists
    #
    cat >/etc/network/interfaces.d/60-vxlan.intf <<CONFIG
    iface lo inet loopback
        vxlan-local-tunnelip 10.0.0.6
    #
    #
    auto vni-101000
    iface vni-101000
        bridge-access 1000
        vxlan-id 101000
        vxlan-learning yes
  
        vxlan-remoteip 10.0.0.5
    #
    iface bridge
        bridge-stp no
        bridge-ports vni-101000
    CONFIG
    ifreload -a

TASK [Find configuration deployment deploy_script for vxlan] *******************
ok: [s1]
ok: [s2]

TASK [Deploy vxlan configuration] **********************************************
included: /home/pipi/net101/tools/netsim/ansible/tasks/deploy-config/cumulus.yml for s1, s2

TASK [copy cumulus config to /tmp/config.sh] ***********************************
changed: [s1]
changed: [s2]

TASK [set_fact deployed_config] ************************************************
ok: [s1]
ok: [s2]

TASK [run /tmp/config.sh to deploy vxlan config from /home/pipi/net101/tools/netsim/ansible/templates/vxlan/cumulus.j2] ***
changed: [s2]
changed: [s1]

TASK [run vtysh to import vxlan config from /home/pipi/net101/tools/netsim/ansible/templates/vxlan/cumulus.j2] ***
skipping: [s1]
skipping: [s2]

PLAY [Deploy custom deployment templates] **************************************
skipping: no hosts matched

PLAY RECAP *********************************************************************
h1                         : ok=10   changed=2    unreachable=0    failed=0    skipped=1    rescued=0    ignored=0   
h2                         : ok=10   changed=2    unreachable=0    failed=0    skipped=1    rescued=0    ignored=0   
h3                         : ok=10   changed=2    unreachable=0    failed=0    skipped=1    rescued=0    ignored=0   
h4                         : ok=10   changed=2    unreachable=0    failed=0    skipped=1    rescued=0    ignored=0   
s1                         : ok=48   changed=10   unreachable=0    failed=0    skipped=6    rescued=0    ignored=0   
s2                         : ok=48   changed=10   unreachable=0    failed=0    skipped=6    rescued=0    ignored=0   



The devices under test are VLAN-to-VXLAN layer-3 switches connecting a VLAN
stretched across VXLAN transport and two edge subnets.

The test case verifies that you can use VXLAN-enabled VLANs in VRFs and that
your device runs OSPF across VXLAN-enabled VLANs.

* All hosts should be able to ping each other.
* Switches should have OSPF adjacencies in the tenant VRF

Notes:

* It might take a while for the lab to work due to STP learning phase.
* The validation tests don't check OSPF adjacencies

