Bringing machine 's1' up with 'libvirt' provider...
Bringing machine 'ros' up with 'libvirt' provider...
==> s1: Checking if box 'CumulusCommunity/cumulus-vx' version '4.4.5' is up to date...
==> ros: Checking if box 'CumulusCommunity/cumulus-vx' version '4.4.5' is up to date...
[fog][WARNING] Unrecognized arguments: libvirt_ip_command
[fog][WARNING] Unrecognized arguments: libvirt_ip_command
==> s1: Creating image (snapshot of base box volume).
==> ros: Creating image (snapshot of base box volume).
==> s1: Creating domain with the following settings...
==> ros: Creating domain with the following settings...
==> s1:  -- Name:              ml_42_s1
==> ros:  -- Name:              ml_42_ros
==> s1:  -- Description:       Source: /work/netlab_cicd/p2/Vagrantfile
==> ros:  -- Description:       Source: /work/netlab_cicd/p2/Vagrantfile
==> s1:  -- Domain type:       kvm
==> ros:  -- Domain type:       kvm
==> s1:  -- Cpus:              2
==> ros:  -- Cpus:              2
==> s1:  -- Feature:           acpi
==> ros:  -- Feature:           acpi
==> s1:  -- Feature:           apic
==> ros:  -- Feature:           apic
==> s1:  -- Feature:           pae
==> ros:  -- Feature:           pae
==> s1:  -- Clock offset:      utc
==> ros:  -- Clock offset:      utc
==> s1:  -- Memory:            1024M
==> ros:  -- Memory:            1024M
==> s1:  -- Management MAC:    08:4f:a9:01:00:00
==> ros:  -- Management MAC:    08:4f:a9:02:00:00
==> s1:  -- Base box:          CumulusCommunity/cumulus-vx
==> ros:  -- Base box:          CumulusCommunity/cumulus-vx
==> s1:  -- Storage pool:      default
==> ros:  -- Storage pool:      default
==> s1:  -- Image(vda):        /var/lib/libvirt/images/ml_42_s1.img, virtio, 6G
==> ros:  -- Image(vda):        /var/lib/libvirt/images/ml_42_ros.img, virtio, 6G
==> s1:  -- Disk driver opts:  cache='default'
==> ros:  -- Disk driver opts:  cache='default'
==> s1:  -- Graphics Type:     vnc
==> ros:  -- Graphics Type:     vnc
==> s1:  -- Video Type:        cirrus
==> ros:  -- Video Type:        cirrus
==> s1:  -- Video VRAM:        16384
==> ros:  -- Video VRAM:        16384
==> s1:  -- Video 3D accel:    false
==> ros:  -- Video 3D accel:    false
==> s1:  -- Keymap:            en-us
==> ros:  -- Keymap:            en-us
==> s1:  -- TPM Backend:       passthrough
==> ros:  -- TPM Backend:       passthrough
==> s1:  -- INPUT:             type=mouse, bus=ps2
==> ros:  -- INPUT:             type=mouse, bus=ps2
==> ros: Creating shared folders metadata...
==> s1: Creating shared folders metadata...
==> ros: Starting domain.
==> ros: Domain launching with graphics connection settings...
==> s1: Starting domain.
==> ros:  -- Graphics Port:      5900
==> s1: Domain launching with graphics connection settings...
==> ros:  -- Graphics IP:        127.0.0.1
==> s1:  -- Graphics Port:      5901
==> ros:  -- Graphics Password:  Not defined
==> s1:  -- Graphics IP:        127.0.0.1
==> ros:  -- Graphics Websocket: 5700
==> s1:  -- Graphics Password:  Not defined
==> ros: Waiting for domain to get an IP address...
==> s1:  -- Graphics Websocket: 5701
==> s1: Waiting for domain to get an IP address...
==> ros: Waiting for machine to boot. This may take a few minutes...
==> s1: Waiting for machine to boot. This may take a few minutes...
    ros: SSH address: 192.168.42.102:22
    s1: SSH address: 192.168.42.101:22
    ros: SSH username: vagrant
    s1: SSH username: vagrant
    s1: SSH auth method: private key
    ros: SSH auth method: private key
    s1: 
    s1: Vagrant insecure key detected. Vagrant will automatically replace
    s1: this with a newly generated keypair for better security.
    ros: 
    ros: Vagrant insecure key detected. Vagrant will automatically replace
    ros: this with a newly generated keypair for better security.
    s1: 
    s1: Inserting generated public key within guest...
    ros: 
    ros: Inserting generated public key within guest...
    s1: Removing insecure key from the guest if it's present...
    ros: Removing insecure key from the guest if it's present...
    s1: Key inserted! Disconnecting and reconnecting using new SSH key...
    ros: Key inserted! Disconnecting and reconnecting using new SSH key...
==> ros: Machine booted and ready!
==> s1: Machine booted and ready!
Using transformed lab topology from snapshot file netlab.snapshot.yml
Checking virtualization provider installation
OK: libvirt installed and working correctly
OK: clab installed and working correctly
Starting libvirt nodes
creating libvirt management network nl_mgmt_42
provider libvirt: executing vagrant up --provider libvirt
Starting clab nodes
Recreating clab-augment.yml configuration file for clab provider
time="2025-05-09T10:16:06Z" level=info msg="Containerlab v0.62.2 started"
time="2025-05-09T10:16:06Z" level=info msg="Parsing & checking topology file: clab-augment.yml"
time="2025-05-09T10:16:06Z" level=info msg="Removing /work/netlab_cicd/p2/clab-ml_42 directory..."
time="2025-05-09T10:16:06Z" level=info msg="Creating docker network: Name=\"nl_mgmt_42\", IPv4Subnet=\"192.168.42.0/24\", IPv6Subnet=\"\", MTU=0"
time="2025-05-09T10:16:06Z" level=info msg="Creating lab directory: /work/netlab_cicd/p2/clab-ml_42"
time="2025-05-09T10:16:06Z" level=info msg="Creating container: \"h1\""
time="2025-05-09T10:16:06Z" level=info msg="Creating container: \"h2\""
time="2025-05-09T10:16:07Z" level=info msg="Created link: h1:eth1 <--> virbr1:ml_42_3_1"
time="2025-05-09T10:16:07Z" level=info msg="Created link: h2:eth1 <--> virbr2:ml_42_4_1"
time="2025-05-09T10:16:07Z" level=info msg="Adding containerlab host entries to /etc/hosts file"
time="2025-05-09T10:16:07Z" level=info msg="Adding ssh config for containerlab nodes"
time="2025-05-09T10:16:07Z" level=info msg="🎉 New containerlab version 0.68.0 is available! Release notes: https://containerlab.dev/rn/0.68/\nRun 'containerlab version upgrade' to upgrade or go check other installation options at https://containerlab.dev/install/\n"
[1m╭[0m[1m───────────────[0m[1m┬[0m[1m────────────────────[0m[1m┬[0m[1m─────────[0m[1m┬[0m[1m────────────────[0m[1m╮[0m
[1m│[0m[1m      Name     [0m[1m│[0m[1m     Kind/Image     [0m[1m│[0m[1m  State  [0m[1m│[0m[1m IPv4/6 Address [0m[1m│[0m
[1m├[0m[1m───────────────[0m[1m┼[0m[1m────────────────────[0m[1m┼[0m[1m─────────[0m[1m┼[0m[1m────────────────[0m[1m┤[0m
│ clab-ml_42-h1 │ linux              │ running │ 192.168.42.103 │
│               │ python:3.13-alpine │         │ N/A            │
├───────────────┼────────────────────┼─────────┼────────────────┤
│ clab-ml_42-h2 │ linux              │ running │ 192.168.42.104 │
│               │ python:3.13-alpine │         │ N/A            │
╰───────────────┴────────────────────┴─────────┴────────────────╯
Createdprovider configuration file: clab-augment.yml
Mapped clab_files/h1/hosts to h1:/etc/hosts (from templates/provider/clab/linux/hosts.j2)
Mapped clab_files/h2/hosts to h2:/etc/hosts (from templates/provider/clab/linux/hosts.j2)
provider clab: executing sudo -E containerlab deploy --reconfigure -t clab-augment.yml

Initial configuration skipped, run 'netlab initial' to configure the devices
