time="2024-10-16T16:54:42Z" level=info msg="Containerlab v0.58.0 started"
time="2024-10-16T16:54:42Z" level=info msg="Parsing & checking topology file: clab.yml"
time="2024-10-16T16:54:42Z" level=info msg="Creating docker network: Name=\"nl_mgmt_17\", IPv4Subnet=\"192.168.17.0/24\", IPv6Subnet=\"\", MTU=0"
time="2024-10-16T16:54:42Z" level=info msg="Creating lab directory: /work/netlab_cicd/clab-ml_17"
time="2024-10-16T16:54:42Z" level=info msg="Creating container: \"h3\""
time="2024-10-16T16:54:42Z" level=info msg="Creating container: \"h4\""
time="2024-10-16T16:54:42Z" level=info msg="Creating container: \"h1\""
time="2024-10-16T16:54:42Z" level=info msg="Creating container: \"h2\""
time="2024-10-16T16:54:42Z" level=info msg="Creating container: \"s1\""
time="2024-10-16T16:54:42Z" level=info msg="Creating container: \"s2\""
time="2024-10-16T16:54:43Z" level=info msg="Created link: s1:eth1 (Ethernet0/1) <--> s2:eth1 (Ethernet0/1)"
time="2024-10-16T16:54:43Z" level=info msg="Created link: h2:eth1 <--> s2:eth2 (Ethernet0/2)"
time="2024-10-16T16:54:43Z" level=info msg="Created link: h1:eth1 <--> s1:eth2 (Ethernet0/2)"
time="2024-10-16T16:54:44Z" level=info msg="Created link: h4:eth1 <--> s2:eth3 (Ethernet0/3)"
time="2024-10-16T16:54:44Z" level=info msg="Running postdeploy actions for Cisco IOL 's2' node"
time="2024-10-16T16:54:44Z" level=info msg="Created link: h3:eth1 <--> s1:eth3 (Ethernet0/3)"
time="2024-10-16T16:54:44Z" level=info msg="Running postdeploy actions for Cisco IOL 's1' node"
time="2024-10-16T16:54:44Z" level=info msg="Adding containerlab host entries to /etc/hosts file"
time="2024-10-16T16:54:44Z" level=info msg="Adding ssh config for containerlab nodes"
+---+---------------+--------------+--------------------------------+-----------+---------+-------------------+--------------+
| # |     Name      | Container ID |             Image              |   Kind    |  State  |   IPv4 Address    | IPv6 Address |
+---+---------------+--------------+--------------------------------+-----------+---------+-------------------+--------------+
| 1 | clab-ml_17-h1 | 5fe145ff133e | python:3.9-alpine              | linux     | running | 192.168.17.101/24 | N/A          |
| 2 | clab-ml_17-h2 | 55015ed63f41 | python:3.9-alpine              | linux     | running | 192.168.17.102/24 | N/A          |
| 3 | clab-ml_17-h3 | be93d99e99c3 | python:3.9-alpine              | linux     | running | 192.168.17.103/24 | N/A          |
| 4 | clab-ml_17-h4 | f3ca6b113ddf | python:3.9-alpine              | linux     | running | 192.168.17.104/24 | N/A          |
| 5 | clab-ml_17-s1 | 75bc8f739fcd | vrnetlab/cisco_iol:L2-17.12.01 | cisco_iol | running | 192.168.17.105/24 | N/A          |
| 6 | clab-ml_17-s2 | a3e14bdc26dc | vrnetlab/cisco_iol:L2-17.12.01 | cisco_iol | running | 192.168.17.106/24 | N/A          |
+---+---------------+--------------+--------------------------------+-----------+---------+-------------------+--------------+
Using transformed lab topology from snapshot file netlab.snapshot.yml
Checking virtualization provider installation
OK: clab installed and working correctly
Starting clab nodes
provider clab: executing sudo -E containerlab deploy -t clab.yml

Initial configuration skipped, run 'netlab initial' to configure the devices
