Creating Device configuration snippets
[CREATED] h1: initial,routing
[CREATED] h2: initial,routing
[CREATED] h3: initial,routing
[CREATED] h4: initial,routing
[CREATED] rtr: normalize,initial,vrf
Checking Are lab devices ready to be configured?
 [INFO] Checking SSH server(s) on rtr
[SSH]     SSH server on node rtr (device ioll2) is ready after 9.3 seconds
Config Deploying device configurations
 [INFO] Executing initial configuration for node h1 (namespace clab-
          ml-17-h1)
 [INFO] Executing initial configuration for node h2 (namespace clab-
          ml-17-h2)
 [INFO] Executing initial configuration for node h3 (namespace clab-
          ml-17-h3)
 [INFO] Executing initial configuration for node h4 (namespace clab-
          ml-17-h4)
 [INFO] Executing routing configuration for node h2 (namespace clab-
          ml-17-h2)
 [INFO] Executing routing configuration for node h1 (namespace clab-
          ml-17-h1)
 [INFO] Executing routing configuration for node h4 (namespace clab-
          ml-17-h4)
 [INFO] Executing routing configuration for node h3 (namespace clab-
          ml-17-h3)

Results of configuration script deployments
================================================================================
h1               Script:  initial,routing
h2               Script:  initial,routing
h3               Script:  initial,routing
h4               Script:  initial,routing
rtr              Startup: normalize,initial,vrf


The lab tests the basic VRF lite functionality in an IPv6-only environment.
The device under test has two VRFs with two interfaces in each VRF.

* h1 and h2 should be able to ping each other
* h3 and h4 should be able to ping each other
* h1 should not be able to reach h3

