Creating Device configuration snippets
[CREATED] dut: normalize,initial,ospf,vrf
[CREATED] r1: initial,ospf
[CREATED] r2: initial,ospf
[CREATED] r3: initial,ospf
[CREATED] r4: initial,ospf
Checking Are lab devices ready to be configured?
 [INFO] Checking SSH server(s) on dut
[SSH]     SSH server on node dut (device ioll2) is ready after 7.3 seconds
Config Deploying device configurations
 [INFO] Executing initial configuration for node r1
 [INFO] Executing initial configuration for node r2
 [INFO] Executing initial configuration for node r3
 [INFO] Executing initial configuration for node r4
 [INFO] Executing ospf configuration for node r2
 [INFO] Executing ospf configuration for node r1
 [INFO] Executing ospf configuration for node r4
 [INFO] Executing ospf configuration for node r3

Results of configuration script deployments
================================================================================
dut              Startup: normalize,initial,ospf,vrf
r1               Script:  initial,ospf
r2               Script:  initial,ospf
r3               Script:  initial,ospf
r4               Script:  initial,ospf


The device under test has two VRFs with two interfaces in each VRF.
Routers are attached to those interfaces and run OSPF with device under test.
Assuming the multi-vrf test case succeeded, this one adds OSPF routing with
CE routers.

* r1 and r2 should be able to ping each other
* r3 and r4 should be able to ping each other
* r1 should not be able to reach r3

