Creating Device configuration snippets
[CREATED] dut: normalize,initial,bgp,vrf
[CREATED] r1: initial,bgp
[CREATED] r2: initial,bgp
[CREATED] r3: initial,bgp
[CREATED] r4: initial,bgp
Checking Are lab devices ready to be configured?
 [INFO] Checking SSH server(s) on dut
[SSH]     SSH server on node dut (device ioll2) is ready after 9.3 seconds
Config Deploying device configurations
 [INFO] Executing initial configuration for node r1
 [INFO] Executing initial configuration for node r2
 [INFO] Executing initial configuration for node r3
 [INFO] Executing initial configuration for node r4
 [INFO] Executing bgp configuration for node r4
 [INFO] Executing bgp configuration for node r1
 [INFO] Executing bgp configuration for node r3
 [INFO] Executing bgp configuration for node r2

Results of configuration script deployments
================================================================================
dut              Startup: normalize,initial,bgp,vrf
r1               Script:  initial,bgp
r2               Script:  initial,bgp
r3               Script:  initial,bgp
r4               Script:  initial,bgp


The device under test has two VRFs with two interfaces in each VRF.
Routers are attached to those interfaces and run BGP with device under test.
Assuming the multi-vrf BGP test case succeeded, this one adds VRF loopback
interfaces advertised into BGP with network statements.

* r1 and r2 should be able to ping each other and rtr VRF loopback
* r3 and r4 should be able to ping each other and rtr VRF loopback
* r1 should not be able to reach r3

