time="2024-10-16T13:49:42Z" level=info msg="Containerlab v0.58.0 started"
time="2024-10-16T13:49:42Z" level=info msg="Parsing & checking topology file: clab.yml"
time="2024-10-16T13:49:42Z" level=info msg="Creating docker network: Name=\"nl_mgmt_17\", IPv4Subnet=\"192.168.17.0/24\", IPv6Subnet=\"\", MTU=0"
time="2024-10-16T13:49:43Z" level=info msg="Creating lab directory: /work/netlab_cicd/clab-ml_17"
time="2024-10-16T13:49:43Z" level=info msg="Creating container: \"r4\""
time="2024-10-16T13:49:43Z" level=info msg="Creating container: \"r1\""
time="2024-10-16T13:49:43Z" level=info msg="Creating container: \"r2\""
time="2024-10-16T13:49:43Z" level=info msg="Creating container: \"dut\""
time="2024-10-16T13:49:43Z" level=info msg="Creating container: \"r3\""
time="2024-10-16T13:49:44Z" level=info msg="Created link: r1:eth1 <--> dut:eth1 (Ethernet0/1)"
time="2024-10-16T13:49:44Z" level=info msg="Created link: r2:eth1 <--> dut:eth2 (Ethernet0/2)"
time="2024-10-16T13:49:44Z" level=info msg="Created link: r3:eth1 <--> dut:eth3 (Ethernet0/3)"
time="2024-10-16T13:49:44Z" level=info msg="Created link: r4:eth1 <--> dut:eth4 (Ethernet1/0)"
time="2024-10-16T13:49:44Z" level=info msg="Running postdeploy actions for Cisco IOL 'dut' node"
time="2024-10-16T13:49:44Z" level=info msg="Adding containerlab host entries to /etc/hosts file"
time="2024-10-16T13:49:44Z" level=info msg="Adding ssh config for containerlab nodes"
+---+----------------+--------------+--------------------------------+-----------+---------+-------------------+--------------+
| # |      Name      | Container ID |             Image              |   Kind    |  State  |   IPv4 Address    | IPv6 Address |
+---+----------------+--------------+--------------------------------+-----------+---------+-------------------+--------------+
| 1 | clab-ml_17-dut | 5c4b487c022e | vrnetlab/cisco_iol:L2-17.12.01 | cisco_iol | running | 192.168.17.105/24 | N/A          |
| 2 | clab-ml_17-r1  | f2e7ce6813a4 | quay.io/frrouting/frr:10.0.1   | linux     | running | 192.168.17.101/24 | N/A          |
| 3 | clab-ml_17-r2  | 53d984f23f88 | quay.io/frrouting/frr:10.0.1   | linux     | running | 192.168.17.102/24 | N/A          |
| 4 | clab-ml_17-r3  | 1a24bca85adc | quay.io/frrouting/frr:10.0.1   | linux     | running | 192.168.17.103/24 | N/A          |
| 5 | clab-ml_17-r4  | 69990424dd96 | quay.io/frrouting/frr:10.0.1   | linux     | running | 192.168.17.104/24 | N/A          |
+---+----------------+--------------+--------------------------------+-----------+---------+-------------------+--------------+
Using transformed lab topology from snapshot file netlab.snapshot.yml
Checking virtualization provider installation
OK: clab installed and working correctly
Starting clab nodes
provider clab: executing sudo -E containerlab deploy -t clab.yml

Initial configuration skipped, run 'netlab initial' to configure the devices
