12:06:16 INFO Containerlab started version=0.72.0
12:06:16 INFO Parsing & checking topology file=clab.yml
12:06:16 INFO Removing directory path=/work/netlab_cicd/clab-ml-17
12:06:16 INFO Creating docker network name=nl_mgmt_17 IPv4 subnet=192.168.17.0/24 IPv6 subnet="" MTU=0
12:06:16 INFO Creating lab directory path=/work/netlab_cicd/clab-ml-17
12:06:16 INFO Creating container name=h2
12:06:16 INFO Creating container name=h1
12:06:16 INFO Creating container name=h3
12:06:16 INFO Creating container name=h4
12:06:16 INFO Creating container name=s1
12:06:17 INFO Created link: h3:eth1 ▪┄┄▪ s1:et3
12:06:17 INFO Created link: h1:eth1 ▪┄┄▪ s1:et1
12:06:17 INFO Created link: h4:eth1 ▪┄┄▪ s1:et4
12:06:17 INFO Running postdeploy actions for Arista cEOS 's1' node
12:06:17 INFO Created link: h2:eth1 ▪┄┄▪ s1:et2
12:06:31 INFO Adding host entries path=/etc/hosts
12:06:31 INFO Adding SSH config for nodes path=/etc/ssh/ssh_config.d/clab-ml-17.conf
[1m╭[0m[1m───────────────[0m[1m┬[0m[1m────────────────────[0m[1m┬[0m[1m─────────[0m[1m┬[0m[1m────────────────[0m[1m╮[0m
[1m│[0m[1m      Name     [0m[1m│[0m[1m     Kind/Image     [0m[1m│[0m[1m  State  [0m[1m│[0m[1m IPv4/6 Address [0m[1m│[0m
[1m├[0m[1m───────────────[0m[1m┼[0m[1m────────────────────[0m[1m┼[0m[1m─────────[0m[1m┼[0m[1m────────────────[0m[1m┤[0m
│ clab-ml-17-h1 │ linux              │ running │ 192.168.17.101 │
│               │ python:3.13-alpine │         │ N/A            │
├───────────────┼────────────────────┼─────────┼────────────────┤
│ clab-ml-17-h2 │ linux              │ running │ 192.168.17.102 │
│               │ python:3.13-alpine │         │ N/A            │
├───────────────┼────────────────────┼─────────┼────────────────┤
│ clab-ml-17-h3 │ linux              │ running │ 192.168.17.103 │
│               │ python:3.13-alpine │         │ N/A            │
├───────────────┼────────────────────┼─────────┼────────────────┤
│ clab-ml-17-h4 │ linux              │ running │ 192.168.17.104 │
│               │ python:3.13-alpine │         │ N/A            │
├───────────────┼────────────────────┼─────────┼────────────────┤
│ clab-ml-17-s1 │ ceos               │ running │ 192.168.17.105 │
│               │ ceos:4.34.2F       │         │ N/A            │
╰───────────────┴────────────────────┴─────────┴────────────────╯
Using transformed lab topology from snapshot file netlab.snapshot.pickle
Checking virtualization provider installation
OK: clab installed and working correctly
Starting clab nodes
provider clab: executing sudo -E containerlab deploy --reconfigure -t clab.yml

Initial configuration skipped, run 'netlab initial' to configure the devices
