time="2024-04-07T08:52:17Z" level=info msg="Containerlab v0.43.0 started"
time="2024-04-07T08:52:17Z" level=info msg="Parsing & checking topology file: clab.yml"
time="2024-04-07T08:52:17Z" level=info msg="Creating lab directory: /tmp/netlab_cicd/clab-ml_17"
time="2024-04-07T08:52:17Z" level=info msg="Creating docker network: Name=\"nl_mgmt_17\", IPv4Subnet=\"192.168.17.0/24\", IPv6Subnet=\"\", MTU=\"1500\""
time="2024-04-07T08:52:17Z" level=info msg="Creating container: \"h1\""
time="2024-04-07T08:52:17Z" level=info msg="Creating container: \"h4\""
time="2024-04-07T08:52:17Z" level=info msg="Creating container: \"h3\""
time="2024-04-07T08:52:17Z" level=info msg="Creating container: \"h2\""
time="2024-04-07T08:52:17Z" level=info msg="Creating container: \"s2\""
time="2024-04-07T08:52:17Z" level=info msg="Creating container: \"s1\""
time="2024-04-07T08:52:18Z" level=info msg="Creating virtual wire: h4:eth1 <--> s2:et3"
time="2024-04-07T08:52:18Z" level=info msg="Creating virtual wire: h2:eth1 <--> s2:et2"
time="2024-04-07T08:52:18Z" level=info msg="Creating virtual wire: s1:et1 <--> s2:et1"
time="2024-04-07T08:52:18Z" level=info msg="Creating virtual wire: h3:eth1 <--> s1:et3"
time="2024-04-07T08:52:19Z" level=info msg="Creating virtual wire: h1:eth1 <--> s1:et2"
time="2024-04-07T08:52:19Z" level=info msg="Running postdeploy actions for Arista cEOS 's2' node"
time="2024-04-07T08:52:19Z" level=info msg="Running postdeploy actions for Arista cEOS 's1' node"
time="2024-04-07T08:52:39Z" level=info msg="Adding containerlab host entries to /etc/hosts file"
time="2024-04-07T08:52:39Z" level=info msg="🎉 New containerlab version 0.54.0 is available! Release notes: https://containerlab.dev/rn/0.54/\nRun 'containerlab version upgrade' to upgrade or go check other installation options at https://containerlab.dev/install/\n"
+---+---------------+--------------+-------------------+-------+---------+-------------------+--------------+
| # |     Name      | Container ID |       Image       | Kind  |  State  |   IPv4 Address    | IPv6 Address |
+---+---------------+--------------+-------------------+-------+---------+-------------------+--------------+
| 1 | clab-ml_17-h1 | 66bdb5dfe7a5 | python:3.9-alpine | linux | running | 192.168.17.101/24 | N/A          |
| 2 | clab-ml_17-h2 | 7094581ab808 | python:3.9-alpine | linux | running | 192.168.17.102/24 | N/A          |
| 3 | clab-ml_17-h3 | 1b7613bd55dc | python:3.9-alpine | linux | running | 192.168.17.103/24 | N/A          |
| 4 | clab-ml_17-h4 | afd981f1ced4 | python:3.9-alpine | linux | running | 192.168.17.104/24 | N/A          |
| 5 | clab-ml_17-s1 | 6ecb15eac76c | ceos:4.31.2F      | ceos  | running | 192.168.17.105/24 | N/A          |
| 6 | clab-ml_17-s2 | 76d1d82117f4 | ceos:4.31.2F      | ceos  | running | 192.168.17.106/24 | N/A          |
+---+---------------+--------------+-------------------+-------+---------+-------------------+--------------+
Using transformed lab topology from snapshot file netlab.snapshot.yml
Checking virtualization provider installation
OK: clab installed and working correctly
Starting clab nodes
provider clab: executing sudo -E containerlab deploy -t clab.yml

Initial configuration skipped, run 'netlab initial' to configure the devices
