18:33:36 INFO Parsing & checking topology file=clab.yml
18:33:36 INFO Parsing & checking topology file=clab.yml
18:33:36 INFO Destroying lab name=ml-17
18:33:36 INFO Removed container name=clab-ml-17-d4
18:33:37 INFO Removed container name=clab-ml-17-s4
18:33:37 INFO Removed container name=clab-ml-17-r2
18:33:37 INFO Removed container name=clab-ml-17-d3
18:33:37 INFO Removed container name=clab-ml-17-d2
18:33:37 INFO Removed container name=clab-ml-17-r1
18:33:37 INFO Removed container name=clab-ml-17-s2
18:33:37 INFO Removed container name=clab-ml-17-r4
18:33:37 INFO Removed container name=clab-ml-17-r3
18:33:37 INFO Removed container name=clab-ml-17-d1
18:33:37 INFO Removed container name=clab-ml-17-s3
18:33:37 INFO Removed container name=clab-ml-17-s1
18:33:37 INFO Removing host entries path=/etc/hosts
18:33:37 INFO Removing SSH config path=/etc/ssh/ssh_config.d/clab-ml-17.conf
Checking virtualization provider installation
OK: clab installed and working correctly
Stopping clab nodes
Cleanup configuration files
... removing clab.yml
... removing ansible.cfg
... removing hosts.yml
... removing directory tree group_vars
... removing directory tree host_vars
... removing directory tree node_files
... removing netlab.snapshot.yml
... removing netlab.snapshot.pickle
