[WARNING]: Could not match supplied host pattern, ignoring: unprovisioned

PLAY [Deploy initial device configuration] *************************************

TASK [Set variables that cannot be set with VARS] ******************************
ok: [dut]
ok: [xr]

TASK [Find device readiness script] ********************************************
ok: [dut]
ok: [xr]

TASK [Wait for device to become ready] *****************************************
skipping: [dut]
skipping: [xr]

TASK [Deploy initial configuration] ********************************************
included: /home/pipi/net101/tools/netsim/ansible/tasks/deploy-module.yml for dut, xr

TASK [Figure out whether to deploy the module initial on current device] *******
ok: [dut]
ok: [xr]

TASK [Find configuration template for initial] *********************************
ok: [dut]
ok: [xr]

TASK [Print deployed configuration when running in verbose mode] ***************
ok: [dut] => 
  msg: |-
    initial configuration for dut
    =========================================
    #!/bin/bash
    #
    set -e
    #
    # Create bash profile script
    #
    cat <<SCRIPT >/root/.bash_profile
    #!/bin/bash
    #
    export PS1="\h(bash)#"
    echo "Use vtysh to connect to FRR daemon"
    echo
    SCRIPT
    #
    # Build hosts file
    #
    echo "INIT: setting hostname"
    hostname dut
    #
    #
    # Build hosts file
    #
    #
    cat <<SCRIPT >/tmp/hosts
    #
    # Created by netlab initial
    #
    10.0.0.1 dut
    10.1.0.1 bond1.dut
    10.0.0.2 xr
    10.1.0.2 bond1.xr
    SCRIPT
    grep "Created by netlab" /etc/hosts || uniq /tmp/hosts >>/etc/hosts
    #
    # Disable ZTP
    #
    ztp --disable
    #
    #
    echo "INIT: creating loopback interface"
    #
    # Create loopback interface entry
    #
    cat >/etc/network/interfaces.d/10-loopback.intf <<CONFIG
    auto lo
    iface lo inet loopback
      address 10.0.0.1/32
  
    CONFIG
    #
    until ifreload -a; do
      sleep 1
    done
    #
    echo "INIT: creating other interface"
    cat >/etc/network/interfaces.d/11-physical.intf <<CONFIG
    auto bond1
  
    iface bond1 inet static
      mtu 1500
      address 10.1.0.1/30
    auto swp1
    auto swp2
    CONFIG
    #
    echo "INIT: executing ifreload"
    until ifreload -a; do
      sleep 1
    done
    #
    # For whatever crazy reason, I had to enable IPv6 in containers
    #
    #
    # Enable FRR modules for ['lag', 'ospf']
    #
    #
    # Enable FRR daemons
    #
    echo "ospfd=yes" >>/etc/frr/daemons
    echo "ospf6d=yes" >>/etc/frr/daemons
  
    systemctl enable frr.service
    systemctl start frr.service
    systemctl reload frr.service
    #
    # Rest of initial configuration done through VTYSH
    #
    cat >/tmp/config <<CONFIG
    !
    interface bond1
    ! no shutdown
     description dut -> xr
    !
    interface swp1
    ! no shutdown
     description dut -> xr
    !
    interface swp2
    ! no shutdown
     description dut -> xr
    !
    do write
    CONFIG
    vtysh -f /tmp/config
    #
    # Enable LLDP
    #
    echo "INIT: enabling LLDP"
    cat <<CONFIG >/etc/lldpd.d/system.conf
    configure lldp tx-interval 30
    configure lldp tx-hold 3
    configure system interface pattern *,!eth0,swp*
    CONFIG
    service lldpd restart
ok: [xr] => 
  msg: |-
    initial configuration for xr
    =========================================
    #!/bin/bash
    #
    set -e
    set -x
    #
    # Create bash profile script
    #
    cat <<SCRIPT >/root/.bash_profile
    #!/bin/bash
    #
    export PS1="\h(bash)#"
    echo "Use vtysh to connect to FRR daemon"
    echo
    SCRIPT
    cat <<SCRIPT >.bash_profile
    #!/bin/bash
    #
    export PS1="\h(bash)#"
    echo "Use sudo vtysh to connect to FRR daemon"
    echo
    SCRIPT
    #
    # Build hosts file
    #
    #
    cat <<SCRIPT >/tmp/hosts
    #
    # Created by netlab initial
    #
    10.0.0.1 dut
    10.1.0.1 bond1.dut
    10.0.0.2 xr
    10.1.0.2 bond1.xr
    SCRIPT
    grep "Created by netlab" /etc/hosts || uniq /tmp/hosts >>/etc/hosts
    #
    # Configure system defaults on Ubuntu
    #
    hostnamectl set-hostname xr
    sysctl -w net.ipv4.ip_forward=1
    sysctl -w net.ipv6.conf.all.forwarding=1
    #
    # Install FRR on a Ubuntu VM if needed
    #
    if which /usr/lib/frr/frrinit.sh; then
      echo "FRR already installed, skipping installation"
    else
      curl -s https://deb.frrouting.org/frr/keys.asc | apt-key add -
      FRRVER="frr-stable"
      echo deb https://deb.frrouting.org/frr $(lsb_release -s -c) $FRRVER > /etc/apt/sources.list.d/frr.list
      apt-get update -qq && apt-get install -qq frr frr-pythontools bridge-utils
    fi
    #
    # Enable FRR modules (if not using containerlab bind-mounted /etc/frr/daemons)
    #
    #
    # Enable FRR daemons
    #
    echo "ospfd=yes" >>/etc/frr/daemons
    echo "ospf6d=yes" >>/etc/frr/daemons
  
    /usr/lib/frr/frrinit.sh restart
  
    #
    # Create loopbacks and stub devices
    #
    if [ ! -e /sys/class/net/lo ]; then
      if [ ! -e /sys/devices/virtual/net/lo ]; then
        ip link add lo type dummy
        ip link set dev lo up
      fi
    fi
  
    # Disable IPv6 (for IPv4-only interfaces) or SLAAC (if the device is a router)
    #
    sysctl -qw net.ipv6.conf.eth1.disable_ipv6=1
    sysctl -qw net.ipv6.conf.eth2.disable_ipv6=1
  
    #
    # Add vtysh.conf file
    echo "service integrated-vtysh-config" >/etc/frr/vtysh.conf
    #
    # Set Ethernet interface MTU
  
    #
    # Rest of initial configuration done through VTYSH
    #
    cat >/tmp/config <<CONFIG
    hostname xr
    !
    frr defaults datacenter
    !
    interface lo
     no shutdown
     ip address 10.0.0.2/32
    !
    interface bond1
     no shutdown
     description xr -> dut
     ip address 10.1.0.2/30
    !
    interface eth1
     no shutdown
     description xr -> dut
     ! no ip address
    !
    interface eth2
     no shutdown
     description xr -> dut
     ! no ip address
    !
    do write
    CONFIG
    vtysh -f /tmp/config
    exit 0

TASK [Find configuration deployment deploy_script for initial] *****************
ok: [dut]
ok: [xr]

TASK [Deploy initial configuration] ********************************************
included: /home/pipi/net101/tools/netsim/ansible/tasks/deploy-config/cumulus.yml for dut
included: /home/pipi/net101/tools/netsim/ansible/tasks/deploy-config/frr.yml for xr

TASK [copy cumulus config to /tmp/config.sh] ***********************************
changed: [dut]

TASK [set_fact deployed_config] ************************************************
ok: [dut]

TASK [run /tmp/config.sh to deploy initial config from /home/pipi/net101/tools/netsim/ansible/templates/initial/cumulus.j2] ***
changed: [dut]

TASK [run vtysh to import initial config from /home/pipi/net101/tools/netsim/ansible/templates/initial/cumulus.j2] ***
skipping: [dut]

TASK [template] ****************************************************************
changed: [xr]

TASK [set_fact] ****************************************************************
ok: [xr]

TASK [run /tmp/config.sh to deploy initial config from /home/pipi/net101/tools/netsim/ansible/templates/initial/frr.j2] ***
changed: [xr]

TASK [run vtysh to import initial config from /home/pipi/net101/tools/netsim/ansible/templates/initial/frr.j2] ***
skipping: [xr]

PLAY [Deploy module-specific configurations] ***********************************

TASK [Set variables that cannot be set with VARS] ******************************
ok: [dut]
ok: [xr]

TASK [Deploy individual configuration modules] *********************************
included: /home/pipi/net101/tools/netsim/ansible/tasks/deploy-module.yml for dut, xr => (item=lag)
included: /home/pipi/net101/tools/netsim/ansible/tasks/deploy-module.yml for dut, xr => (item=ospf)

TASK [Figure out whether to deploy the module lag on current device] ***********
ok: [dut]
ok: [xr]

TASK [Find configuration template for lag] *************************************
ok: [dut]
ok: [xr]

TASK [Print deployed configuration when running in verbose mode] ***************
ok: [dut] => 
  msg: |-
    lag configuration for dut
    =========================================
    #!/bin/bash
    #
    set -e
  
    echo "LAG: creating bond interface(s)"
    #
    # Create bond interface entry
    #
    cat >/etc/network/interfaces.d/20-bond.intf <<CONFIG
    auto bond1
    iface bond1
      pre-up ip link add bond1 type bond
      bond-slaves swp1 swp2
    CONFIG
  
    #
    echo "LAG: executing ifreload"
    #
    until ifreload -a; do
      sleep 1
    done
ok: [xr] => 
  msg: |-
    lag configuration for xr
    =========================================
    #!/bin/bash
    #
    set -e # Exit immediately when any command fails
    #
    modprobe bonding miimon=100 mode=802.3ad lacp_rate=fast
    #
    # Create bonds for LAGs, if any. Requires kernel bonding module loaded
    #
    ip link add dev bond1 type bond mode 802.3ad xmit_hash_policy encap3+4 lacp_rate fast
    ip link set dev bond1 down
    ip link set dev eth1 down
    ip link set dev eth2 down
  
    ethtool -s eth1 autoneg off speed 1000 duplex full
    ip link set dev eth1 master bond1
    ip link set dev eth1 up
    ethtool -s eth2 autoneg off speed 1000 duplex full
    ip link set dev eth2 master bond1
    ip link set dev eth2 up
    ip link set dev bond1 up
    exit 0

TASK [Find configuration deployment deploy_script for lag] *********************
ok: [dut]
ok: [xr]

TASK [Deploy lag configuration] ************************************************
included: /home/pipi/net101/tools/netsim/ansible/tasks/deploy-config/cumulus.yml for dut
included: /home/pipi/net101/tools/netsim/ansible/tasks/deploy-config/frr.yml for xr

TASK [copy cumulus config to /tmp/config.sh] ***********************************
changed: [dut]

TASK [set_fact deployed_config] ************************************************
ok: [dut]

TASK [run /tmp/config.sh to deploy lag config from /home/pipi/net101/tools/netsim/ansible/templates/lag/cumulus.j2] ***
changed: [dut]

TASK [run vtysh to import lag config from /home/pipi/net101/tools/netsim/ansible/templates/lag/cumulus.j2] ***
skipping: [dut]

TASK [template] ****************************************************************
changed: [xr]

TASK [set_fact] ****************************************************************
ok: [xr]

TASK [run /tmp/config.sh to deploy lag config from /home/pipi/net101/tools/netsim/ansible/templates/lag/frr.j2] ***
changed: [xr]

TASK [run vtysh to import lag config from /home/pipi/net101/tools/netsim/ansible/templates/lag/frr.j2] ***
skipping: [xr]

TASK [Figure out whether to deploy the module ospf on current device] **********
ok: [dut]
ok: [xr]

TASK [Find configuration template for ospf] ************************************
ok: [dut]
ok: [xr]

TASK [Print deployed configuration when running in verbose mode] ***************
ok: [dut] => 
  msg: |-
    ospf configuration for dut
    =========================================
    !
    router ospf
     ospf router-id 10.0.0.1
     timers throttle spf 10 50 500
     timers throttle lsa all 100
     timers lsa min-arrival 100
  
  
    !
    interface lo
     ip ospf area 0.0.0.0
    !
    interface bond1
    ! dut -> xr
     ip ospf area 0.0.0.0
     ip ospf network point-to-point
    !
  
    do write
ok: [xr] => 
  msg: |-
    ospf configuration for xr
    =========================================
    !
    ! OSPFv2 FRR configuration
    !
    router ospf
     ospf router-id 10.0.0.2
     timers throttle spf 10 50 500
     timers throttle lsa all 100
     timers lsa min-arrival 100
  
  
    exit
    !
    interface lo
    !
     ip ospf area 0.0.0.0
    !
    interface bond1
    ! xr -> dut
     ip ospf area 0.0.0.0
     ip ospf network point-to-point
    !
  
    !
    do write

TASK [Find configuration deployment deploy_script for ospf] ********************
ok: [dut]
ok: [xr]

TASK [Deploy ospf configuration] ***********************************************
included: /home/pipi/net101/tools/netsim/ansible/tasks/deploy-config/cumulus.yml for dut
included: /home/pipi/net101/tools/netsim/ansible/tasks/deploy-config/frr.yml for xr

TASK [copy cumulus config to /tmp/config.sh] ***********************************
changed: [dut]

TASK [set_fact deployed_config] ************************************************
ok: [dut]

TASK [run /tmp/config.sh to deploy ospf config from /home/pipi/net101/tools/netsim/ansible/templates/ospf/cumulus.j2] ***
skipping: [dut]

TASK [run vtysh to import ospf config from /home/pipi/net101/tools/netsim/ansible/templates/ospf/cumulus.j2] ***
changed: [dut]

TASK [template] ****************************************************************
changed: [xr]

TASK [set_fact] ****************************************************************
ok: [xr]

TASK [run /tmp/config.sh to deploy ospf config from /home/pipi/net101/tools/netsim/ansible/templates/ospf/frr.j2] ***
skipping: [xr]

TASK [run vtysh to import ospf config from /home/pipi/net101/tools/netsim/ansible/templates/ospf/frr.j2] ***
changed: [xr]

PLAY [Deploy custom deployment templates] **************************************
skipping: no hosts matched

PLAY RECAP *********************************************************************
dut                        : ok=30   changed=6    unreachable=0    failed=0    skipped=4    rescued=0    ignored=0   
xr                         : ok=30   changed=6    unreachable=0    failed=0    skipped=4    rescued=0    ignored=0   



The device under is a router with a L3 LAG link connected to a FRR device. The
devices should be able to establish an OSPF adjacency.

