Warning in ansible: You're using Ansible version 12.x or higher; netlab might not work correctly
... Ansible core version 2.19 introduced breaking changes in templates and playbooks
... We tested netlab core with Ansible version 12.x but not every device template
... You might want to downgrade Ansible to version 11.10 or lower.
... Use 'netlab install ansible' on Ubuntu to do that
... Finally, please open a GitHub issue if you experience errors/crashes
... Set defaults.ansible.warnings.ver12 to False to hide this warning
 [INFO] Checking for updates in configuration templates
 [INFO] Creating configuration snippets
[WARNING]: Could not match supplied host pattern, ignoring: unprovisioned
[WARNING]: Found variable using reserved name 'hosts'.
Origin: /work/netlab_cicd/group_vars/all/topology.yml:157:1

155     ipv4: 10.2.0.0/24
156     prefix: 32
157 hosts:
    ^ column 1


PLAY [Deploy initial device configuration] *************************************

TASK [Set variables that cannot be set with VARS] ******************************
ok: [dut]
ok: [p1]
ok: [p2]
ok: [xf]

TASK [Generic readiness tests] *************************************************
skipping: [dut]
skipping: [p1]
skipping: [p2]
skipping: [xf]

TASK [Find device readiness script] ********************************************
ok: [dut]
ok: [p1]
ok: [p2]
ok: [xf]

TASK [Wait for device to become ready] *****************************************
skipping: [dut]
skipping: [p1]
skipping: [p2]
skipping: [xf]

TASK [Normalize config on bridge-like devices] *********************************
included: /home/pipi/netlab_gh/netsim/ansible/tasks/deploy-module.yml for dut
included: /home/pipi/netlab_gh/netsim/ansible/tasks/deploy-module.yml for p1
included: /home/pipi/netlab_gh/netsim/ansible/tasks/deploy-module.yml for p2
included: /home/pipi/netlab_gh/netsim/ansible/tasks/deploy-module.yml for xf

TASK [Figure out whether to deploy the module normalize on current device] *****
ok: [dut]

TASK [Find configuration template for normalize] *******************************
ok: [dut]

TASK [fail] ********************************************************************
skipping: [dut]

TASK [Find configuration deployment deploy_script for normalize] ***************
ok: [dut]

TASK [Print deployed configuration when running in verbose mode] ***************
skipping: [dut]

TASK [Deploy normalize configuration] ******************************************
skipping: [dut]

TASK [Figure out whether to deploy the module normalize on current device] *****
ok: [p1]

TASK [Find configuration template for normalize] *******************************
ok: [p1]

TASK [fail] ********************************************************************
skipping: [p1]

TASK [Find configuration deployment deploy_script for normalize] ***************
ok: [p1]

TASK [Print deployed configuration when running in verbose mode] ***************
skipping: [p1]

TASK [Deploy normalize configuration] ******************************************
skipping: [p1]

TASK [Figure out whether to deploy the module normalize on current device] *****
ok: [p2]

TASK [Find configuration template for normalize] *******************************
ok: [p2]

TASK [fail] ********************************************************************
skipping: [p2]

TASK [Find configuration deployment deploy_script for normalize] ***************
ok: [p2]

TASK [Print deployed configuration when running in verbose mode] ***************
skipping: [p2]

TASK [Deploy normalize configuration] ******************************************
skipping: [p2]

TASK [Figure out whether to deploy the module normalize on current device] *****
ok: [xf]

TASK [Find configuration template for normalize] *******************************
ok: [xf]

TASK [fail] ********************************************************************
skipping: [xf]

TASK [Find configuration deployment deploy_script for normalize] ***************
ok: [xf]

TASK [Print deployed configuration when running in verbose mode] ***************
skipping: [xf]

TASK [Deploy normalize configuration] ******************************************
skipping: [xf]

TASK [Deploy initial configuration] ********************************************
included: /home/pipi/netlab_gh/netsim/ansible/tasks/deploy-module.yml for dut
included: /home/pipi/netlab_gh/netsim/ansible/tasks/deploy-module.yml for p1
included: /home/pipi/netlab_gh/netsim/ansible/tasks/deploy-module.yml for p2
included: /home/pipi/netlab_gh/netsim/ansible/tasks/deploy-module.yml for xf

TASK [Figure out whether to deploy the module initial on current device] *******
ok: [dut]

TASK [Find configuration template for initial] *********************************
ok: [dut]

TASK [fail] ********************************************************************
skipping: [dut]

TASK [Find configuration deployment deploy_script for initial] *****************
ok: [dut]

TASK [Print deployed configuration when running in verbose mode] ***************
ok: [dut] => {
    "msg": "initial configuration for dut\n=========================================\n#!/bin/vbash\nsource /opt/vyatta/etc/functions/script-template\n\nif [ \"$(id -g -n)\" != 'vyattacfg' ] ; then\n    exec sg vyattacfg -c \"/bin/vbash $(readlink -f $0) $@\"\nfi\n\n# Configuration items start here\n\nconfigure\nset system host-name 'dut'\n\nset vrf name d2 table 101\nset vrf name d1 table 100\n\nset interfaces dummy dum0 address 2001:db8:1:1::1/64\n\n\n\nset interfaces ethernet eth1 description 'dut -> p1'\n\n\n\nset interfaces ethernet eth1 address 2001:db8:3::1/64;\n\nset interfaces ethernet eth1 vrf d1\n\n\n\nset interfaces ethernet eth2 description 'dut -> p2'\n\n\n\nset interfaces ethernet eth2 address 2001:db8:3:1::1/64;\n\nset interfaces ethernet eth2 vrf d2\n\n\n\nset interfaces ethernet eth3 description 'dut -> xf [external]'\n\n\n\nset interfaces ethernet eth3 address 2001:db8:3:2::1/64;\n\nset interfaces ethernet eth3 vrf d2\n\n\n\nset interfaces dummy dum1 description 'VRF Loopback d2'\n\n\n\nset interfaces dummy dum1 address 2001:db8:cafe:43::1/64;\n\nset interfaces dummy dum1 vrf d2\n\n\nset service lldp interface all\n>/dev/null 2>/dev/null set service lldp interface eth0 disable\n>/dev/null 2>/dev/null set service lldp interface eth0 mode disable\n\nset service router-advert interface eth1\nset service router-advert interface eth2\nset service router-advert interface eth3\n\n\n# Commit, save and exit from subshell\n\ncommit\nsave\nexit\n\n# Restart FRR to pick up the new hostname\nsudo service frr restart\n"
}

TASK [Deploy initial configuration] ********************************************
included: /home/pipi/netlab_gh/netsim/ansible/tasks/deploy-config/vyos.yml for dut

TASK [set_fact] ****************************************************************
ok: [dut]

TASK [template] ****************************************************************
changed: [dut]

TASK [execute config-initial.sh to deploy initial config from /work/netlab_cicd/node_files/dut/initial] ***
changed: [dut]

TASK [Figure out whether to deploy the module initial on current device] *******
ok: [p1]

TASK [Find configuration template for initial] *********************************
ok: [p1]

TASK [fail] ********************************************************************
skipping: [p1]

TASK [Find configuration deployment deploy_script for initial] *****************
ok: [p1]

TASK [Print deployed configuration when running in verbose mode] ***************
ok: [p1] => {
    "msg": "initial configuration for p1\n=========================================\n#!/bin/bash\n#\nset -e\nset -x\n#\n# Create bash profile script\n#\ncat <<SCRIPT >/root/.bash_profile\n#!/bin/bash\n#\nexport PS1=\"\\h(bash)# \"\necho\necho \"Use vtysh to connect to FRR daemon\"\necho\nSCRIPT\n#\n# This is an artifact of unknown provenance that should be removed in a year or two (= 2026/2027)\n#\n# FRR controls these parameters with 'ip forwarding' and 'ipv6 forwarding' commands\n#\nsysctl -w net.ipv4.ip_forward=0\nsysctl -w net.ipv6.conf.all.forwarding=1\n#\n#\n# Get the current next hop for the default route\n#\ndef_nh=$(ip route list default|awk '{ print $3 }')\n#\n# Create the management VRF and add eth0 to it\n#\nif [ ! -e /sys/devices/virtual/net/mgmt ]; then\n  ip link add mgmt type vrf table 42\nfi\nip link set mgmt up\nsysctl -qw net.ipv6.conf.eth0.keep_addr_on_down=1\nip link set eth0 master mgmt\n#\n# Reinstall the default route if we had it before\n#\nif [[ -n \"$def_nh\" ]]; then\n  ip route add 0.0.0.0/0 vrf mgmt via $def_nh\nfi\n#\n# Enable FRR modules (if not using containerlab bind-mounted /etc/frr/daemons)\n#\n\n# Set system defaults\n#\n# Send ARP requests from a sane source IP address\n#\nsysctl -w net.ipv4.conf.all.arp_announce=2\n\n#\n# Create loopbacks, stub and lag/bond devices\n#\nif [ ! -e /sys/class/net/lo ]; then\n  if [ ! -e /sys/devices/virtual/net/lo ]; then\n    ip link add lo type dummy\n    ip link set dev lo up\n  fi\nfi\n\n# Disable IPv6 (for IPv4-only interfaces) or SLAAC (if the device is a router)\n#\nip link set eth1 down\nsysctl -qw net.ipv6.conf.eth1.autoconf=0\nsysctl -qw net.ipv6.conf.eth1.accept_ra=0\nip link set dev eth1 mtu 1500\nip link set eth1 up\n\n#\n# Add vtysh.conf file\necho \"service integrated-vtysh-config\" >/etc/frr/vtysh.conf\n\n#\n# Rest of initial configuration done through VTYSH\n#\ncat >/tmp/config <<CONFIG\nhostname p1\n!\nlog file /tmp/logging\n\n!\nipv6 forwarding\nvrf mgmt\n exit-vrf\n!\nfrr defaults datacenter\n!\ninterface lo\n no shutdown\n ! no ip address\n ipv6 address 2001:db8:1:2::1/64\n!\ninterface eth1\n no shutdown\n description p1 -> dut\n ! no ip address\n ipv6 address 2001:db8:3::2/64\n ipv6 nd ra-interval 5\n no ipv6 nd suppress-ra\n!\ndo write\nCONFIG\nvtysh -f /tmp/config\n!\nexit 0\n"
}

TASK [Deploy initial configuration] ********************************************
included: /home/pipi/netlab_gh/netsim/ansible/tasks/frr/initial-clab.yml for p1

TASK [Attempt to load VRF kernel module] ***************************************
changed: [p1 -> localhost]

TASK [Disable FRR management VRF when modprobe fails] **************************
skipping: [p1]

TASK [include_tasks] ***********************************************************
included: /home/pipi/netlab_gh/netsim/ansible/tasks/frr/deploy-config.yml for p1

TASK [template] ****************************************************************
changed: [p1]

TASK [set_fact] ****************************************************************
ok: [p1]

TASK [run /tmp/config.sh to deploy initial config from /work/netlab_cicd/node_files/p1/initial] ***
changed: [p1]

TASK [run vtysh to import initial config from /work/netlab_cicd/node_files/p1/initial] ***
skipping: [p1]

TASK [Figure out whether to deploy the module initial on current device] *******
ok: [p2]

TASK [Find configuration template for initial] *********************************
ok: [p2]

TASK [fail] ********************************************************************
skipping: [p2]

TASK [Find configuration deployment deploy_script for initial] *****************
ok: [p2]

TASK [Print deployed configuration when running in verbose mode] ***************
ok: [p2] => {
    "msg": "initial configuration for p2\n=========================================\n#!/bin/bash\n#\nset -e\nset -x\n#\n# Create bash profile script\n#\ncat <<SCRIPT >/root/.bash_profile\n#!/bin/bash\n#\nexport PS1=\"\\h(bash)# \"\necho\necho \"Use vtysh to connect to FRR daemon\"\necho\nSCRIPT\n#\n# This is an artifact of unknown provenance that should be removed in a year or two (= 2026/2027)\n#\n# FRR controls these parameters with 'ip forwarding' and 'ipv6 forwarding' commands\n#\nsysctl -w net.ipv4.ip_forward=0\nsysctl -w net.ipv6.conf.all.forwarding=1\n#\n#\n# Get the current next hop for the default route\n#\ndef_nh=$(ip route list default|awk '{ print $3 }')\n#\n# Create the management VRF and add eth0 to it\n#\nif [ ! -e /sys/devices/virtual/net/mgmt ]; then\n  ip link add mgmt type vrf table 42\nfi\nip link set mgmt up\nsysctl -qw net.ipv6.conf.eth0.keep_addr_on_down=1\nip link set eth0 master mgmt\n#\n# Reinstall the default route if we had it before\n#\nif [[ -n \"$def_nh\" ]]; then\n  ip route add 0.0.0.0/0 vrf mgmt via $def_nh\nfi\n#\n# Enable FRR modules (if not using containerlab bind-mounted /etc/frr/daemons)\n#\n\n# Set system defaults\n#\n# Send ARP requests from a sane source IP address\n#\nsysctl -w net.ipv4.conf.all.arp_announce=2\n\n#\n# Create loopbacks, stub and lag/bond devices\n#\nif [ ! -e /sys/class/net/lo ]; then\n  if [ ! -e /sys/devices/virtual/net/lo ]; then\n    ip link add lo type dummy\n    ip link set dev lo up\n  fi\nfi\n\n# Disable IPv6 (for IPv4-only interfaces) or SLAAC (if the device is a router)\n#\nip link set eth1 down\nsysctl -qw net.ipv6.conf.eth1.autoconf=0\nsysctl -qw net.ipv6.conf.eth1.accept_ra=0\nip link set dev eth1 mtu 1500\nip link set eth1 up\n\n#\n# Add vtysh.conf file\necho \"service integrated-vtysh-config\" >/etc/frr/vtysh.conf\n\n#\n# Rest of initial configuration done through VTYSH\n#\ncat >/tmp/config <<CONFIG\nhostname p2\n!\nlog file /tmp/logging\n\n!\nipv6 forwarding\nvrf mgmt\n exit-vrf\n!\nfrr defaults datacenter\n!\ninterface lo\n no shutdown\n ! no ip address\n ipv6 address 2001:db8:1:3::1/64\n!\ninterface eth1\n no shutdown\n description p2 -> dut\n ! no ip address\n ipv6 address 2001:db8:3:1::3/64\n ipv6 nd ra-interval 5\n no ipv6 nd suppress-ra\n!\ndo write\nCONFIG\nvtysh -f /tmp/config\n!\nexit 0\n"
}

TASK [Deploy initial configuration] ********************************************
included: /home/pipi/netlab_gh/netsim/ansible/tasks/frr/initial-clab.yml for p2

TASK [Attempt to load VRF kernel module] ***************************************
changed: [p2 -> localhost]

TASK [Disable FRR management VRF when modprobe fails] **************************
skipping: [p2]

TASK [include_tasks] ***********************************************************
included: /home/pipi/netlab_gh/netsim/ansible/tasks/frr/deploy-config.yml for p2

TASK [template] ****************************************************************
changed: [p2]

TASK [set_fact] ****************************************************************
ok: [p2]

TASK [run /tmp/config.sh to deploy initial config from /work/netlab_cicd/node_files/p2/initial] ***
changed: [p2]

TASK [run vtysh to import initial config from /work/netlab_cicd/node_files/p2/initial] ***
skipping: [p2]

TASK [Figure out whether to deploy the module initial on current device] *******
ok: [xf]

TASK [Find configuration template for initial] *********************************
ok: [xf]

TASK [fail] ********************************************************************
skipping: [xf]

TASK [Find configuration deployment deploy_script for initial] *****************
ok: [xf]

TASK [Print deployed configuration when running in verbose mode] ***************
ok: [xf] => {
    "msg": "initial configuration for xf\n=========================================\n#!/bin/bash\n#\nset -e\nset -x\n#\n# Create bash profile script\n#\ncat <<SCRIPT >/root/.bash_profile\n#!/bin/bash\n#\nexport PS1=\"\\h(bash)# \"\necho\necho \"Use vtysh to connect to FRR daemon\"\necho\nSCRIPT\n#\n# This is an artifact of unknown provenance that should be removed in a year or two (= 2026/2027)\n#\n# FRR controls these parameters with 'ip forwarding' and 'ipv6 forwarding' commands\n#\nsysctl -w net.ipv4.ip_forward=0\nsysctl -w net.ipv6.conf.all.forwarding=1\n#\n#\n# Get the current next hop for the default route\n#\ndef_nh=$(ip route list default|awk '{ print $3 }')\n#\n# Create the management VRF and add eth0 to it\n#\nif [ ! -e /sys/devices/virtual/net/mgmt ]; then\n  ip link add mgmt type vrf table 42\nfi\nip link set mgmt up\nsysctl -qw net.ipv6.conf.eth0.keep_addr_on_down=1\nip link set eth0 master mgmt\n#\n# Reinstall the default route if we had it before\n#\nif [[ -n \"$def_nh\" ]]; then\n  ip route add 0.0.0.0/0 vrf mgmt via $def_nh\nfi\n#\n# Enable FRR modules (if not using containerlab bind-mounted /etc/frr/daemons)\n#\n\n# Set system defaults\n#\n# Send ARP requests from a sane source IP address\n#\nsysctl -w net.ipv4.conf.all.arp_announce=2\n\n#\n# Create loopbacks, stub and lag/bond devices\n#\nif [ ! -e /sys/class/net/lo ]; then\n  if [ ! -e /sys/devices/virtual/net/lo ]; then\n    ip link add lo type dummy\n    ip link set dev lo up\n  fi\nfi\n\n# Disable IPv6 (for IPv4-only interfaces) or SLAAC (if the device is a router)\n#\nip link set eth1 down\nsysctl -qw net.ipv6.conf.eth1.autoconf=0\nsysctl -qw net.ipv6.conf.eth1.accept_ra=0\nip link set dev eth1 mtu 1500\nip link set eth1 up\n\n#\n# Add vtysh.conf file\necho \"service integrated-vtysh-config\" >/etc/frr/vtysh.conf\n\n#\n# Rest of initial configuration done through VTYSH\n#\ncat >/tmp/config <<CONFIG\nhostname xf\n!\nlog file /tmp/logging\n\n!\nipv6 forwarding\nvrf mgmt\n exit-vrf\n!\nfrr defaults datacenter\n!\ninterface lo\n no shutdown\n ! no ip address\n ipv6 address 2001:db8:1:4::1/64\n!\ninterface eth1\n no shutdown\n description xf -> dut [external]\n ! no ip address\n ipv6 address 2001:db8:3:2::4/64\n ipv6 nd ra-interval 5\n no ipv6 nd suppress-ra\n!\ndo write\nCONFIG\nvtysh -f /tmp/config\n!\nexit 0\n"
}

TASK [Deploy initial configuration] ********************************************
included: /home/pipi/netlab_gh/netsim/ansible/tasks/frr/initial-clab.yml for xf

TASK [Attempt to load VRF kernel module] ***************************************
changed: [xf -> localhost]

TASK [Disable FRR management VRF when modprobe fails] **************************
skipping: [xf]

TASK [include_tasks] ***********************************************************
included: /home/pipi/netlab_gh/netsim/ansible/tasks/frr/deploy-config.yml for xf

TASK [template] ****************************************************************
changed: [xf]

TASK [set_fact] ****************************************************************
ok: [xf]

TASK [run /tmp/config.sh to deploy initial config from /work/netlab_cicd/node_files/xf/initial] ***
changed: [xf]

TASK [run vtysh to import initial config from /work/netlab_cicd/node_files/xf/initial] ***
skipping: [xf]

PLAY [Deploy module-specific configurations] ***********************************

TASK [Set variables that cannot be set with VARS] ******************************
ok: [dut]
ok: [p1]
ok: [p2]
ok: [xf]

TASK [Deploy individual configuration modules] *********************************
included: /home/pipi/netlab_gh/netsim/ansible/tasks/deploy-module.yml for dut => (item=ospf)
included: /home/pipi/netlab_gh/netsim/ansible/tasks/deploy-module.yml for dut => (item=bgp)
included: /home/pipi/netlab_gh/netsim/ansible/tasks/deploy-module.yml for dut => (item=vrf)
included: /home/pipi/netlab_gh/netsim/ansible/tasks/deploy-module.yml for p1 => (item=ospf)
included: /home/pipi/netlab_gh/netsim/ansible/tasks/deploy-module.yml for p1 => (item=bgp)
included: /home/pipi/netlab_gh/netsim/ansible/tasks/deploy-module.yml for p1 => (item=vrf)
included: /home/pipi/netlab_gh/netsim/ansible/tasks/deploy-module.yml for p2 => (item=ospf)
included: /home/pipi/netlab_gh/netsim/ansible/tasks/deploy-module.yml for p2 => (item=bgp)
included: /home/pipi/netlab_gh/netsim/ansible/tasks/deploy-module.yml for p2 => (item=vrf)
included: /home/pipi/netlab_gh/netsim/ansible/tasks/deploy-module.yml for xf => (item=ospf)
included: /home/pipi/netlab_gh/netsim/ansible/tasks/deploy-module.yml for xf => (item=bgp)
included: /home/pipi/netlab_gh/netsim/ansible/tasks/deploy-module.yml for xf => (item=vrf)

TASK [Figure out whether to deploy the module ospf on current device] **********
ok: [dut]

TASK [Find configuration template for ospf] ************************************
ok: [dut]

TASK [fail] ********************************************************************
skipping: [dut]

TASK [Find configuration deployment deploy_script for ospf] ********************
ok: [dut]

TASK [Print deployed configuration when running in verbose mode] ***************
ok: [dut] => {
    "msg": "ospf configuration for dut\n=========================================\n#!/bin/vbash\nsource /opt/vyatta/etc/functions/script-template\n\nif [ \"$(id -g -n)\" != 'vyattacfg' ] ; then\n    exec sg vyattacfg -c \"/bin/vbash $(readlink -f $0) $@\"\nfi\n\n# Configuration items start here\n\nconfigure\n\n\ncommit\nsave\nexit\n"
}

TASK [Deploy ospf configuration] ***********************************************
included: /home/pipi/netlab_gh/netsim/ansible/tasks/deploy-config/vyos.yml for dut

TASK [set_fact] ****************************************************************
ok: [dut]

TASK [template] ****************************************************************
changed: [dut]

TASK [execute config-ospf.sh to deploy ospf config from /work/netlab_cicd/node_files/dut/ospf] ***
changed: [dut]

TASK [Figure out whether to deploy the module bgp on current device] ***********
ok: [dut]

TASK [Find configuration template for bgp] *************************************
ok: [dut]

TASK [fail] ********************************************************************
skipping: [dut]

TASK [Find configuration deployment deploy_script for bgp] *********************
ok: [dut]

TASK [Print deployed configuration when running in verbose mode] ***************
ok: [dut] => {
    "msg": "bgp configuration for dut\n=========================================\n\nset protocols bgp system-as 65000\n\nset protocols bgp parameters router-id 10.0.0.1\n\n\n\n# Work on Family ipv6\n\n\nset protocols bgp address-family ipv6-unicast network 2001:db8:1:1::/64\n\n\n\n\n\n"
}

TASK [Deploy bgp configuration] ************************************************
included: /home/pipi/netlab_gh/netsim/ansible/tasks/deploy-config/vyos.yml for dut

TASK [set_fact] ****************************************************************
ok: [dut]

TASK [template] ****************************************************************
changed: [dut]

TASK [execute config-bgp.sh to deploy bgp config from /work/netlab_cicd/node_files/dut/bgp] ***
changed: [dut]

TASK [Figure out whether to deploy the module vrf on current device] ***********
ok: [dut]

TASK [Find configuration template for vrf] *************************************
ok: [dut]

TASK [fail] ********************************************************************
skipping: [dut]

TASK [Find configuration deployment deploy_script for vrf] *********************
ok: [dut]

TASK [Print deployed configuration when running in verbose mode] ***************
ok: [dut] => {
    "msg": "vrf configuration for dut\n=========================================\n#!/bin/vbash\nsource /opt/vyatta/etc/functions/script-template\n\nif [ \"$(id -g -n)\" != 'vyattacfg' ] ; then\n    exec sg vyattacfg -c \"/bin/vbash $(readlink -f $0) $@\"\nfi\n\n# Configuration items start here\nconfigure\n\nset protocols bgp system-as 65000\n\n# Enter vrf sublevel\nedit vrf name d2\n\n\nset protocols bgp system-as 65000\n\nset protocols bgp parameters router-id 10.0.0.1\n\nset protocols bgp address-family ipv6-unicast rd vpn export 65000:2\nset protocols bgp address-family ipv6-unicast route-target vpn import \"65000:2\"\nset protocols bgp address-family ipv6-unicast route-target vpn export \"65000:2\"\nset protocols bgp address-family ipv6-unicast import vpn\nset protocols bgp address-family ipv6-unicast export vpn\nset protocols bgp address-family ipv6-unicast label vpn export auto\n\n\n\nset protocols bgp address-family ipv6-unicast redistribute connected\nset protocols bgp address-family ipv6-unicast redistribute ospfv3\n\n# Define networks for VRF Loopback\nset protocols bgp address-family ipv6-unicast network 2001:db8:cafe:43::/64\n\n\n\nset protocols bgp neighbor 2001:db8:3:2::4 remote-as 65100\nset protocols bgp neighbor 2001:db8:3:2::4 description 'xf'\n \n\n\n\n\nset protocols bgp neighbor 2001:db8:3:2::4 address-family ipv6-unicast soft-reconfiguration inbound\n\nset protocols bgp neighbor 2001:db8:3:2::4 address-family ipv6-unicast nexthop-self\n\nset protocols bgp neighbor 2001:db8:3:2::4 address-family ipv6-unicast disable-send-community extended\n\n\n\nset protocols ospfv3 parameters router-id 10.0.0.1\n\nset protocols ospfv3 redistribute bgp\nset protocols ospfv3 redistribute connected\n\n\nset protocols ospfv3 default-information originate\n\n\n\n\n\n\n\n\n\nset protocols ospfv3 interface eth2 area 0.0.0.0\n\nset protocols ospfv3 interface eth2 network point-to-point\n\n\nset protocols ospfv3 interface dum1 area 0.0.0.0\n\n\n\n# Back to root level\ntop\nedit vrf name d1\n\n\nset protocols bgp system-as 65000\n\nset protocols bgp parameters router-id 10.0.0.1\n\nset protocols bgp address-family ipv6-unicast rd vpn export 65000:1\nset protocols bgp address-family ipv6-unicast route-target vpn import \"65000:1\"\nset protocols bgp address-family ipv6-unicast route-target vpn export \"65000:1\"\nset protocols bgp address-family ipv6-unicast import vpn\nset protocols bgp address-family ipv6-unicast export vpn\nset protocols bgp address-family ipv6-unicast label vpn export auto\n\n\n\nset protocols bgp address-family ipv6-unicast redistribute connected\nset protocols bgp address-family ipv6-unicast redistribute ospfv3\n\n# Define networks for VRF Loopback\n\n\n\nset protocols ospfv3 parameters router-id 10.0.0.1\n\nset protocols ospfv3 redistribute bgp\nset protocols ospfv3 redistribute connected\n\n\nset protocols ospfv3 default-information originate\n\nset protocols ospfv3 default-information originate always\n\n\n\n\n\n\n\n\nset protocols ospfv3 interface eth1 area 0.0.0.0\n\nset protocols ospfv3 interface eth1 network point-to-point\n\n\n# Back to root level\ntop\n\n# Commit, save and exit from subshell\n\ncommit\nsave\nexit\n"
}

TASK [Deploy vrf configuration] ************************************************
included: /home/pipi/netlab_gh/netsim/ansible/tasks/deploy-config/vyos.yml for dut

TASK [set_fact] ****************************************************************
ok: [dut]

TASK [template] ****************************************************************
changed: [dut]

TASK [execute config-vrf.sh to deploy vrf config from /work/netlab_cicd/node_files/dut/vrf] ***
changed: [dut]

TASK [Figure out whether to deploy the module ospf on current device] **********
ok: [p1]

TASK [Find configuration template for ospf] ************************************
ok: [p1]

TASK [fail] ********************************************************************
skipping: [p1]

TASK [Find configuration deployment deploy_script for ospf] ********************
ok: [p1]

TASK [Print deployed configuration when running in verbose mode] ***************
ok: [p1] => {
    "msg": "ospf configuration for p1\n=========================================\n!\n! OSPFv3 FRR configuration\n!\ninterface lo\n! \n ipv6 ospf6 area 0.0.0.0\n!\ninterface eth1\n! p1 -> dut\n ipv6 ospf6 area 0.0.0.0\n ipv6 ospf6 network point-to-point\n!\n!\nrouter ospf6\n ospf6 router-id 10.0.0.2\n timers lsa min-arrival 100\n timers throttle spf 10 50 500\n\n\nexit\n\n!\ndo write\n"
}

TASK [Deploy ospf configuration] ***********************************************
included: /home/pipi/netlab_gh/netsim/ansible/tasks/deploy-config/frr.yml for p1

TASK [template] ****************************************************************
changed: [p1]

TASK [set_fact] ****************************************************************
ok: [p1]

TASK [run /tmp/config.sh to deploy ospf config from /work/netlab_cicd/node_files/p1/ospf] ***
skipping: [p1]

TASK [run vtysh to import ospf config from /work/netlab_cicd/node_files/p1/ospf] ***
changed: [p1]

TASK [Figure out whether to deploy the module bgp on current device] ***********
ok: [p1]

TASK [Find configuration template for bgp] *************************************
skipping: [p1]

TASK [fail] ********************************************************************
skipping: [p1]

TASK [Find configuration deployment deploy_script for bgp] *********************
skipping: [p1]

TASK [Print deployed configuration when running in verbose mode] ***************
skipping: [p1]

TASK [Deploy bgp configuration] ************************************************
skipping: [p1]

TASK [Figure out whether to deploy the module vrf on current device] ***********
ok: [p1]

TASK [Find configuration template for vrf] *************************************
skipping: [p1]

TASK [fail] ********************************************************************
skipping: [p1]

TASK [Find configuration deployment deploy_script for vrf] *********************
skipping: [p1]

TASK [Print deployed configuration when running in verbose mode] ***************
skipping: [p1]

TASK [Deploy vrf configuration] ************************************************
skipping: [p1]

TASK [Figure out whether to deploy the module ospf on current device] **********
ok: [p2]

TASK [Find configuration template for ospf] ************************************
ok: [p2]

TASK [fail] ********************************************************************
skipping: [p2]

TASK [Find configuration deployment deploy_script for ospf] ********************
ok: [p2]

TASK [Print deployed configuration when running in verbose mode] ***************
ok: [p2] => {
    "msg": "ospf configuration for p2\n=========================================\n!\n! OSPFv3 FRR configuration\n!\ninterface lo\n! \n ipv6 ospf6 area 0.0.0.0\n!\ninterface eth1\n! p2 -> dut\n ipv6 ospf6 area 0.0.0.0\n ipv6 ospf6 network point-to-point\n!\n!\nrouter ospf6\n ospf6 router-id 10.0.0.3\n timers lsa min-arrival 100\n timers throttle spf 10 50 500\n\n\nexit\n\n!\ndo write\n"
}

TASK [Deploy ospf configuration] ***********************************************
included: /home/pipi/netlab_gh/netsim/ansible/tasks/deploy-config/frr.yml for p2

TASK [template] ****************************************************************
changed: [p2]

TASK [set_fact] ****************************************************************
ok: [p2]

TASK [run /tmp/config.sh to deploy ospf config from /work/netlab_cicd/node_files/p2/ospf] ***
skipping: [p2]

TASK [run vtysh to import ospf config from /work/netlab_cicd/node_files/p2/ospf] ***
changed: [p2]

TASK [Figure out whether to deploy the module bgp on current device] ***********
ok: [p2]

TASK [Find configuration template for bgp] *************************************
skipping: [p2]

TASK [fail] ********************************************************************
skipping: [p2]

TASK [Find configuration deployment deploy_script for bgp] *********************
skipping: [p2]

TASK [Print deployed configuration when running in verbose mode] ***************
skipping: [p2]

TASK [Deploy bgp configuration] ************************************************
skipping: [p2]

TASK [Figure out whether to deploy the module vrf on current device] ***********
ok: [p2]

TASK [Find configuration template for vrf] *************************************
skipping: [p2]

TASK [fail] ********************************************************************
skipping: [p2]

TASK [Find configuration deployment deploy_script for vrf] *********************
skipping: [p2]

TASK [Print deployed configuration when running in verbose mode] ***************
skipping: [p2]

TASK [Deploy vrf configuration] ************************************************
skipping: [p2]

TASK [Figure out whether to deploy the module ospf on current device] **********
ok: [xf]

TASK [Find configuration template for ospf] ************************************
skipping: [xf]

TASK [fail] ********************************************************************
skipping: [xf]

TASK [Find configuration deployment deploy_script for ospf] ********************
skipping: [xf]

TASK [Print deployed configuration when running in verbose mode] ***************
skipping: [xf]

TASK [Deploy ospf configuration] ***********************************************
skipping: [xf]

TASK [Figure out whether to deploy the module bgp on current device] ***********
ok: [xf]

TASK [Find configuration template for bgp] *************************************
ok: [xf]

TASK [fail] ********************************************************************
skipping: [xf]

TASK [Find configuration deployment deploy_script for bgp] *********************
ok: [xf]

TASK [Print deployed configuration when running in verbose mode] ***************
ok: [xf] => {
    "msg": "bgp configuration for xf\n=========================================\n!\nrouter bgp 65100\n  no bgp ebgp-requires-policy\n  no bgp default ipv4-unicast\n  bgp default show-hostname\n  bgp default show-nexthop-hostname\n  ! Consider AS paths of same length but with different AS as ECMP candidates\n  bgp bestpath as-path multipath-relax\n\n  bgp router-id 10.0.0.4\n!\n  neighbor 2001:db8:3:2::1 remote-as 65000\n  neighbor 2001:db8:3:2::1 description dut\n!\n address-family ipv6 unicast\n!\n\n!\n! Originate networks from connected subnets\n!\n  network 2001:db8:1:4::/64\n!\n  neighbor 2001:db8:3:2::1 activate\n  no neighbor 2001:db8:3:2::1 send-community all\n  neighbor 2001:db8:3:2::1 send-community standard\n  neighbor 2001:db8:3:2::1 send-community large\n!\n!\n!\ndo write\n"
}

TASK [Deploy bgp configuration] ************************************************
included: /home/pipi/netlab_gh/netsim/ansible/tasks/deploy-config/frr.yml for xf

TASK [template] ****************************************************************
changed: [xf]

TASK [set_fact] ****************************************************************
ok: [xf]

TASK [run /tmp/config.sh to deploy bgp config from /work/netlab_cicd/node_files/xf/bgp] ***
skipping: [xf]

TASK [run vtysh to import bgp config from /work/netlab_cicd/node_files/xf/bgp] ***
changed: [xf]

TASK [Figure out whether to deploy the module vrf on current device] ***********
ok: [xf]

TASK [Find configuration template for vrf] *************************************
skipping: [xf]

TASK [fail] ********************************************************************
skipping: [xf]

TASK [Find configuration deployment deploy_script for vrf] *********************
skipping: [xf]

TASK [Print deployed configuration when running in verbose mode] ***************
skipping: [xf]

TASK [Deploy vrf configuration] ************************************************
skipping: [xf]

PLAY [Deploy custom deployment templates] **************************************
skipping: no hosts matched

PLAY RECAP *********************************************************************
dut                        : ok=43   changed=8    unreachable=0    failed=0    skipped=9    rescued=0    ignored=0   
p1                         : ok=31   changed=5    unreachable=0    failed=0    skipped=20   rescued=0    ignored=0   
p2                         : ok=31   changed=5    unreachable=0    failed=0    skipped=20   rescued=0    ignored=0   
xf                         : ok=31   changed=5    unreachable=0    failed=0    skipped=20   rescued=0    ignored=0   


Warning: The following warnings were generated during the 'netlab initial' processing
Warning: ansible: You're using Ansible version 12.x or higher; netlab might not work correctly
[CREATED] dut: initial,ospf,bgp,vrf
[CREATED] p1: initial,ospf
[CREATED] p2: initial,ospf
[CREATED] xf: initial,bgp


This lab tests the VRF OSPF default route origination. The device under test
should originate the default route in multiple VRFs, one always, the other one
based on BGP default route.

