Creating Device configuration snippets
[CREATED] h1: initial,routing
[CREATED] h2: initial,routing
[CREATED] h3: initial,routing
[CREATED] s1: initial,vlan
Config Deploying device configurations
 [INFO] Executing initial configuration for node h1 (namespace clab-
          ml-17-h1)
 [INFO] Executing initial configuration for node h2 (namespace clab-
          ml-17-h2)
 [INFO] Executing initial configuration for node h3 (namespace clab-
          ml-17-h3)
 [INFO] Executing routing configuration for node h1 (namespace clab-
          ml-17-h1)
 [INFO] Executing routing configuration for node h3 (namespace clab-
          ml-17-h3)
 [INFO] Executing routing configuration for node h2 (namespace clab-
          ml-17-h2)
 [INFO] Starting Ansible playbook to deploy the rest of the
          configurations
[WARNING]: Found variable using reserved name: hosts

PLAY [Deploy initial device configuration] *************************************

TASK [Set variables that cannot be set with VARS] ******************************
ok: [s1]

TASK [Normalize config on bridge-like devices] *********************************
included: /home/pipi/net101/tools/netsim/ansible/tasks/deploy-module.yml for s1

TASK [Figure out whether to deploy the module normalize on current device] *****
ok: [s1]

TASK [Find configuration template for normalize] *******************************
ok: [s1]

TASK [fail] ********************************************************************
skipping: [s1]

TASK [Find configuration deployment deploy_script for normalize] ***************
ok: [s1]

TASK [Print deployed configuration when running in verbose mode] ***************
skipping: [s1]

TASK [Deploy normalize configuration] ******************************************
skipping: [s1]

TASK [Deploy initial configuration] ********************************************
included: /home/pipi/net101/tools/netsim/ansible/tasks/deploy-module.yml for s1

TASK [Figure out whether to deploy the module initial on current device] *******
ok: [s1]

TASK [Find configuration template for initial] *********************************
ok: [s1]

TASK [fail] ********************************************************************
skipping: [s1]

TASK [Find configuration deployment deploy_script for initial] *****************
ok: [s1]

TASK [Print deployed configuration when running in verbose mode] ***************
ok: [s1] => {
    "msg": "initial configuration for s1\n=========================================\nset system host-name 's1'\n\n\nset interfaces bridge br0 description 'Global Switch Bridge'\nset interfaces bridge br0 enable-vlan\n\nset interfaces bridge br0 vif 700\n\nset interfaces dummy dum0 address 10.0.0.4/32\n\n\n\nset interfaces ethernet eth1 description 's1 -> h3 [stub]'\n\n\nset interfaces ethernet eth1 address 172.16.1.4/24\n\n\n\n\n\nset interfaces ethernet eth2 description '[Access VLAN red] s1 -> h1'\n\n\n\n\n\n\n\nset interfaces ethernet eth3 description '[Access VLAN red] s1 -> h2'\n\n\n\n\n\n\n\nset interfaces bridge br0 vif 700 description 'VLAN red (700) -> [h1,h2] [stub]'\n\n\n\n\n\n\nset service lldp interface all\n>/dev/null 2>/dev/null set service lldp interface eth0 disable\n>/dev/null 2>/dev/null set service lldp interface eth0 mode disable\n\n\n\ncommit\n\n# Restart FRR to pick up the new hostname\nsudo service frr restart\n"
}

TASK [Deploy initial configuration] ********************************************
included: /home/pipi/net101/tools/netsim/ansible/tasks/deploy-config/vyos.yml for s1

TASK [set_fact] ****************************************************************
ok: [s1]

TASK [template] ****************************************************************
changed: [s1]

TASK [execute config-initial.sh to deploy initial config from /work/netlab_cicd/node_files/s1/initial] ***
changed: [s1]

PLAY [Deploy module-specific configurations] ***********************************

TASK [Set variables that cannot be set with VARS] ******************************
ok: [s1]

TASK [Deploy individual configuration modules] *********************************
included: /home/pipi/net101/tools/netsim/ansible/tasks/deploy-module.yml for s1 => (item=vlan)
included: /home/pipi/net101/tools/netsim/ansible/tasks/deploy-module.yml for s1 => (item=routing)

TASK [Figure out whether to deploy the module vlan on current device] **********
ok: [s1]

TASK [Find configuration template for vlan] ************************************
ok: [s1]

TASK [fail] ********************************************************************
skipping: [s1]

TASK [Find configuration deployment deploy_script for vlan] ********************
ok: [s1]

TASK [Print deployed configuration when running in verbose mode] ***************
ok: [s1] => {
    "msg": "vlan configuration for s1\n=========================================\nset interfaces bridge br0 member interface eth2 native-vlan 700\nset interfaces bridge br0 member interface eth3 native-vlan 700\n"
}

TASK [Deploy vlan configuration] ***********************************************
included: /home/pipi/net101/tools/netsim/ansible/tasks/deploy-config/vyos.yml for s1

TASK [set_fact] ****************************************************************
ok: [s1]

TASK [template] ****************************************************************
changed: [s1]

TASK [execute config-vlan.sh to deploy vlan config from /work/netlab_cicd/node_files/s1/vlan] ***
changed: [s1]

TASK [Figure out whether to deploy the module routing on current device] *******
ok: [s1]

TASK [Find configuration template for routing] *********************************
skipping: [s1]

TASK [fail] ********************************************************************
skipping: [s1]

TASK [Find configuration deployment deploy_script for routing] *****************
skipping: [s1]

TASK [Print deployed configuration when running in verbose mode] ***************
skipping: [s1]

TASK [Deploy routing configuration] ********************************************
skipping: [s1]

PLAY [Deploy custom deployment templates] **************************************
skipping: no hosts matched

PLAY RECAP *********************************************************************
s1                         : ok=26   changed=4    unreachable=0    failed=0    skipped=10   rescued=0    ignored=0   

Results of configuration script deployments
================================================================================
h1                           OK: 2   
h2                           OK: 2   
h3                           OK: 2   


The device under test is a simple bridge without an IP address
in the red VLAN

h1 and h2 should be able to ping each other

