[WARNING]: Could not match supplied host pattern, ignoring: unprovisioned

PLAY [Deploy initial device configuration] *************************************

TASK [Set variables that cannot be set with VARS] ******************************
ok: [h1]
ok: [h2]
ok: [h3]
ok: [s1]
ok: [h4]

TASK [Find device readiness script] ********************************************
ok: [h1]
ok: [h2]
ok: [h3]
ok: [h4]
ok: [s1]

TASK [Wait for device to become ready] *****************************************
skipping: [h1]
skipping: [h2]
skipping: [h3]
skipping: [h4]
skipping: [s1]

TASK [Deploy initial configuration] ********************************************
included: /home/pipi/net101/tools/netsim/ansible/tasks/deploy-module.yml for h1, h2, h3, h4, s1

TASK [Figure out whether to deploy the module initial on current device] *******
ok: [h1]
ok: [h2]
ok: [h3]
ok: [h4]
ok: [s1]

TASK [Find configuration template for initial] *********************************
ok: [h1]
ok: [h2]
ok: [h3]
ok: [h4]
ok: [s1]

TASK [Print deployed configuration when running in verbose mode] ***************
skipping: [h1]
skipping: [h2]
skipping: [h3]
skipping: [h4]
skipping: [s1]

TASK [Find configuration deployment deploy_script for initial] *****************
ok: [h1]
ok: [h2]
ok: [h3]
ok: [s1]
ok: [h4]

TASK [Deploy initial configuration] ********************************************
included: /home/pipi/net101/tools/netsim/ansible/tasks/linux/initial-clab.yml for h1, h2, h3, h4
included: /home/pipi/net101/tools/netsim/ansible/tasks/deploy-config/vyos.yml for s1

TASK [set_fact] ****************************************************************
ok: [h1]
ok: [h2]
ok: [h3]
ok: [h4]

TASK [Create initial container setup from /home/pipi/net101/tools/netsim/ansible/templates/initial/linux-clab.j2] ***
changed: [h3 -> localhost]
changed: [h1 -> localhost]
changed: [h2 -> localhost]
changed: [h4 -> localhost]

TASK [Initial container configuration via /tmp/config-hPTRkAqa-h1.sh] **********
changed: [h4 -> localhost]
changed: [h2 -> localhost]
changed: [h1 -> localhost]
changed: [h3 -> localhost]

TASK [file] ********************************************************************
changed: [h4 -> localhost]
changed: [h1 -> localhost]
changed: [h3 -> localhost]
changed: [h2 -> localhost]

TASK [wait_for_connection] *****************************************************
skipping: [s1]

TASK [wait_for] ****************************************************************
skipping: [s1]

TASK [set_fact] ****************************************************************
ok: [s1]

TASK [template] ****************************************************************
changed: [s1]

TASK [execute config-initial.sh to deploy initial config from /home/pipi/net101/tools/netsim/ansible/templates/initial/vyos.j2] ***
changed: [s1]

PLAY [Deploy module-specific configurations] ***********************************

TASK [Set variables that cannot be set with VARS] ******************************
ok: [s1]

TASK [Deploy individual configuration modules] *********************************
included: /home/pipi/net101/tools/netsim/ansible/tasks/deploy-module.yml for s1 => (item=vlan)

TASK [Figure out whether to deploy the module vlan on current device] **********
ok: [s1]

TASK [Find configuration template for vlan] ************************************
ok: [s1]

TASK [Print deployed configuration when running in verbose mode] ***************
skipping: [s1]

TASK [Find configuration deployment deploy_script for vlan] ********************
ok: [s1]

TASK [Deploy vlan configuration] ***********************************************
included: /home/pipi/net101/tools/netsim/ansible/tasks/deploy-config/vyos.yml for s1

TASK [wait_for_connection] *****************************************************
skipping: [s1]

TASK [wait_for] ****************************************************************
skipping: [s1]

TASK [set_fact] ****************************************************************
ok: [s1]

TASK [template] ****************************************************************
changed: [s1]

TASK [execute config-vlan.sh to deploy vlan config from /home/pipi/net101/tools/netsim/ansible/templates/vlan/vyos.j2] ***
changed: [s1]

PLAY [Deploy custom deployment templates] **************************************
skipping: no hosts matched

PLAY RECAP *********************************************************************
h1                         : ok=11   changed=3    unreachable=0    failed=0    skipped=2    rescued=0    ignored=0   
h2                         : ok=11   changed=3    unreachable=0    failed=0    skipped=2    rescued=0    ignored=0   
h3                         : ok=11   changed=3    unreachable=0    failed=0    skipped=2    rescued=0    ignored=0   
h4                         : ok=11   changed=3    unreachable=0    failed=0    skipped=2    rescued=0    ignored=0   
s1                         : ok=19   changed=4    unreachable=0    failed=0    skipped=7    rescued=0    ignored=0   



The device under test is a layer-3 switch bridging VLANs
between ports and having an IP address in each VLAN

All hosts should be able to ping each other

