 [INFO] Creating configuration snippets
[CREATED] dut: normalize,initial,ospf,bgp,vrf,ebgp.multihop
[CREATED] c1: initial,ospf
[CREATED] pe2: initial,ospf,bgp,bgp.session,ebgp.multihop
 [INFO] Executing initial configuration for node c1
 [INFO] Executing initial configuration for node pe2
 [INFO] Executing ospf configuration for node pe2
 [INFO] Executing ospf configuration for node c1
 [INFO] Executing bgp configuration for node pe2
 [INFO] Executing bgp.session configuration for node pe2
 [INFO] Executing ebgp.multihop configuration for node pe2

 [INFO] Starting Ansible playbook to deploy the rest of the
          configurations
[WARNING]: Found variable using reserved name: hosts

PLAY [Deploy initial device configuration] *************************************

TASK [Set variables that cannot be set with VARS] ******************************
ok: [dut]

TASK [Generic readiness tests] *************************************************
included: /home/pipi/netlab_gh/netsim/ansible/tasks/readiness-check/ssh.yml for dut => (item=ssh)

TASK [Check if 'sshpass' is installed] *****************************************
ok: [dut -> localhost]

TASK [Check for 'timeout' command] *********************************************
ok: [dut -> localhost]

TASK [Execute local ssh command to check ssh readiness] ************************
FAILED - RETRYING: [dut -> localhost]: Execute local ssh command to check ssh readiness (20 retries left).
ok: [dut -> localhost]

TASK [Confirm dut SSH server works] ********************************************
ok: [dut] => {
    "msg": "Node dut is ready."
}

TASK [Find device readiness script] ********************************************
ok: [dut]

TASK [Wait for device to become ready] *****************************************
skipping: [dut]

TASK [Normalize config on bridge-like devices] *********************************
included: /home/pipi/netlab_gh/netsim/ansible/tasks/deploy-module.yml for dut

TASK [Figure out whether to deploy the module normalize on current device] *****
ok: [dut]

TASK [Find configuration template for normalize] *******************************
ok: [dut]

TASK [fail] ********************************************************************
skipping: [dut]

TASK [Find configuration deployment deploy_script for normalize] ***************
ok: [dut]

TASK [Print deployed configuration when running in verbose mode] ***************
ok: [dut] => {
    "msg": "normalize configuration for dut\n=========================================\n!\ninterface Ethernet1\n shutdown\n!\ninterface Ethernet2\n shutdown\n"
}

TASK [Deploy normalize configuration] ******************************************
included: /home/pipi/netlab_gh/netsim/ansible/tasks/deploy-config/eos.yml for dut

TASK [eos_config: deploying normalize from /work/netlab_cicd/node_files/dut/normalize] ***
[WARNING]: To ensure idempotency and correct diff the input configuration lines
should be similar to how they appear if present in the running configuration on
device including the indentation
changed: [dut]

TASK [Deploy initial configuration] ********************************************
included: /home/pipi/netlab_gh/netsim/ansible/tasks/deploy-module.yml for dut

TASK [Figure out whether to deploy the module initial on current device] *******
ok: [dut]

TASK [Find configuration template for initial] *********************************
ok: [dut]

TASK [fail] ********************************************************************
skipping: [dut]

TASK [Find configuration deployment deploy_script for initial] *****************
ok: [dut]

TASK [Print deployed configuration when running in verbose mode] ***************
ok: [dut] => {
    "msg": "initial configuration for dut\n=========================================\nhostname dut\n!\nlogging monitor debugging\naaa authorization exec default local\n!\nlldp run\nip routing\nipv6 unicast-routing\n!\nvrf instance tenant\n rd 65000:1\n!\nip routing vrf tenant\n!\nipv6 unicast-routing vrf tenant\n!\n!\nip host c1 10.0.0.2 10.1.0.1 10.1.0.5\nip host dut-tenant 10.1.0.2 192.168.42.1 10.2.0.1\nip host pe2 10.0.0.3 10.1.0.6\nipv6 host c1 2001:db8:1:2::1\nipv6 host dut-tenant 2001:db8:3::2\nipv6 host pe2 2001:db8:1:3::1\n!\ninterface Management0\n no lldp transmit\n no lldp receive\n!\ninterface Loopback0\n ip address 10.0.0.1/32\n ipv6 nd ra interval 5\n ipv6 address 2001:db8:1:1::1/64\n!\ninterface Ethernet1\n no switchport\n vrf tenant\n description dut -> c1\n ip address 10.1.0.2/30\n ipv6 nd ra interval 5\n ipv6 address 2001:db8:3::2/64\n mac-address caf0.0001.0001\n!\n no shutdown\n!\ninterface Ethernet2\n no switchport\n vrf tenant\n description dut -> stub [stub]\n ip address 192.168.42.1/24\n ipv6 nd ra interval 5\n ipv6 address 2001:db8:42::1/64\n mac-address caf0.0001.0002\n!\n no shutdown\n!\ninterface Loopback1\n vrf tenant\n description VRF Loopback tenant\n ip address 10.2.0.1/32\n ipv6 nd ra interval 5\n ipv6 address 2001:db8:4::1/64\n!\n"
}

TASK [Deploy initial configuration] ********************************************
included: /home/pipi/netlab_gh/netsim/ansible/tasks/deploy-config/eos.yml for dut

TASK [eos_config: deploying initial from /work/netlab_cicd/node_files/dut/initial] ***
changed: [dut]

PLAY [Deploy module-specific configurations] ***********************************

TASK [Set variables that cannot be set with VARS] ******************************
ok: [dut]

TASK [Deploy individual configuration modules] *********************************
included: /home/pipi/netlab_gh/netsim/ansible/tasks/deploy-module.yml for dut => (item=ospf)
included: /home/pipi/netlab_gh/netsim/ansible/tasks/deploy-module.yml for dut => (item=bgp)
included: /home/pipi/netlab_gh/netsim/ansible/tasks/deploy-module.yml for dut => (item=vrf)

TASK [Figure out whether to deploy the module ospf on current device] **********
ok: [dut]

TASK [Find configuration template for ospf] ************************************
ok: [dut]

TASK [fail] ********************************************************************
skipping: [dut]

TASK [Find configuration deployment deploy_script for ospf] ********************
ok: [dut]

TASK [Print deployed configuration when running in verbose mode] ***************
ok: [dut] => {
    "msg": "ospf configuration for dut\n=========================================\n"
}

TASK [Deploy ospf configuration] ***********************************************
included: /home/pipi/netlab_gh/netsim/ansible/tasks/deploy-config/eos.yml for dut

TASK [eos_config: deploying ospf from /work/netlab_cicd/node_files/dut/ospf] ***
ok: [dut]

TASK [Figure out whether to deploy the module bgp on current device] ***********
ok: [dut]

TASK [Find configuration template for bgp] *************************************
ok: [dut]

TASK [fail] ********************************************************************
skipping: [dut]

TASK [Find configuration deployment deploy_script for bgp] *********************
ok: [dut]

TASK [Print deployed configuration when running in verbose mode] ***************
ok: [dut] => {
    "msg": "bgp configuration for dut\n=========================================\n!\n!\nrouter bgp 65000\n  bgp advertise-inactive\n  bgp log-neighbor-changes\n  no bgp default ipv4-unicast\n  no bgp default ipv6-unicast\n  router-id 10.0.0.1\n!\n!\n address-family ipv4\n\n!\n!\n! Originate networks from connected subnets\n!\n  network 10.0.0.1/32\n!\n!\n!\n address-family ipv6\n\n!\n!\n! Originate networks from connected subnets\n!\n  network 2001:db8:1:1::/64\n!\n!\n!\n"
}

TASK [Deploy bgp configuration] ************************************************
included: /home/pipi/netlab_gh/netsim/ansible/tasks/deploy-config/eos.yml for dut

TASK [eos_config: deploying bgp from /work/netlab_cicd/node_files/dut/bgp] *****
changed: [dut]

TASK [Figure out whether to deploy the module vrf on current device] ***********
ok: [dut]

TASK [Find configuration template for vrf] *************************************
ok: [dut]

TASK [fail] ********************************************************************
skipping: [dut]

TASK [Find configuration deployment deploy_script for vrf] *********************
ok: [dut]

TASK [Print deployed configuration when running in verbose mode] ***************
ok: [dut] => {
    "msg": "vrf configuration for dut\n=========================================\n!\nmpls ip\n!\nrouter bgp 65000\n!\n vrf tenant\n  router-id 10.0.0.1\n  rd 65000:1\n  route-target import vpn-ipv4 65000:1\n  route-target export vpn-ipv4 65000:1\n  route-target import vpn-ipv6 65000:1\n  route-target export vpn-ipv6 65000:1\n!\n  neighbor 10.0.0.3 remote-as 65101\n  neighbor 10.0.0.3 description pe2\n  neighbor 10.0.0.3 update-source Loopback1\n  neighbor 10.0.0.3 send-community standard large \n!\n  neighbor 2001:db8:1:3::1 remote-as 65101\n  neighbor 2001:db8:1:3::1 description pe2\n  neighbor 2001:db8:1:3::1 update-source Loopback1\n  neighbor 2001:db8:1:3::1 send-community standard large \n!\n  address-family ipv4\n    redistribute connected\n    redistribute ospf\n\n    network 10.2.0.1/32\n    neighbor 10.0.0.3 activate\n!\n  address-family ipv6\n    redistribute connected\n    redistribute ospfv3\n\n    network 2001:db8:4::/64\n    neighbor 2001:db8:1:3::1 activate\n!\n! OSPFv2 configuration\n!\nrouter ospf 100 vrf tenant\n router-id 10.0.0.1\n interface unnumbered hello mask tx 0.0.0.0\n timers spf delay initial 100 200 500\n timers lsa rx min interval 100\n timers lsa tx delay initial 100 200 500\n\n  redistribute bgp include leaked\n  redistribute connected include leaked\n\n passive-interface Ethernet2\n!\ninterface Ethernet1\n! dut -> c1\n ip ospf area 0.0.0.0\n ip ospf network point-to-point\n!\ninterface Ethernet2\n! dut -> stub\n ip ospf area 0.0.0.0\n ip ospf network point-to-point\n!\ninterface Loopback1\n! VRF Loopback tenant\n ip ospf area 0.0.0.0\n!\n\n!\n! OSPFv3 configuration\n!\ninterface Ethernet1\n! dut -> c1\n ipv6 ospf 100 area 0.0.0.0\n ipv6 ospf network point-to-point\n!\ninterface Ethernet2\n! dut -> stub\n ipv6 ospf 100 area 0.0.0.0\n ipv6 ospf network point-to-point\n!\ninterface Loopback1\n! VRF Loopback tenant\n ipv6 ospf 100 area 0.0.0.0\n!\n!\n}\nipv6 router ospf 100 vrf tenant\n router-id 10.0.0.1\n timers spf delay initial 100 200 500\n timers lsa rx min interval 100\n timers lsa tx delay initial 100 200 500\n\n  redistribute bgp include leaked\n  redistribute connected include leaked\n\n passive-interface Ethernet2\n\n"
}

TASK [Deploy vrf configuration] ************************************************
included: /home/pipi/netlab_gh/netsim/ansible/tasks/deploy-config/eos.yml for dut

TASK [eos_config: deploying vrf from /work/netlab_cicd/node_files/dut/vrf] *****
changed: [dut]

PLAY [Deploy custom deployment templates] **************************************

TASK [Run custom configuration deployment scripts] *****************************
skipping: [dut] => (item=bgp.session) 
included: /home/pipi/netlab_gh/netsim/ansible/tasks/deploy-custom-config.yml for dut => (item=ebgp.multihop)

TASK [Find configuration template] *********************************************
ok: [dut]

TASK [fail] ********************************************************************
skipping: [dut]

TASK [Check is the configuration template is a file] ***************************
ok: [dut -> localhost]

TASK [fail] ********************************************************************
skipping: [dut]

TASK [Process template /work/netlab_cicd/node_files/dut/ebgp.multihop for dut] ***
skipping: [dut]

TASK [Find custom configuration deployment script] *****************************
ok: [dut]

TASK [Run the configuration deployment script] *********************************
included: /home/pipi/netlab_gh/netsim/ansible/tasks/deploy-config/eos.yml for dut

TASK [eos_config: deploying ebgp.multihop from /work/netlab_cicd/node_files/dut/ebgp.multihop] ***
changed: [dut]

PLAY RECAP *********************************************************************
dut                        : ok=49   changed=5    unreachable=0    failed=0    skipped=9    rescued=0    ignored=0   

Results of configuration script deployments
================================================================================
c1                           OK: 2   
pe2                          OK: 5   


Use this topology to test the VRF EBGP multihop implementation

