Creating Device configuration snippets
[CREATED] r1: normalize,initial,bgp,bgp-xact
[CREATED] r2: normalize,initial,bgp,bgp-xact
[CREATED] r3: normalize,initial,bgp,bgp-xact
[CREATED] r4: normalize,initial,bgp,bgp-xact
[CREATED] dut: initial,bgp,vrf
Checking Are lab devices ready to be configured?
 [INFO] Checking SSH server(s) on r1,r2,r3,r4,dut
[SSH]     SSH server on node r3 (device eos) is ready after 5.4 seconds
Config Deploying device configurations
 [INFO] Executing normalize configuration for node r1
 [INFO] Executing normalize configuration for node r2
 [INFO] Executing normalize configuration for node r3
 [INFO] Executing normalize configuration for node r4
 [INFO] Executing initial configuration for node r2
 [INFO] Executing initial configuration for node r1
 [INFO] Executing bgp configuration for node r2
 [INFO] Executing initial configuration for node r4
 [INFO] Executing initial configuration for node r3
 [INFO] Executing bgp configuration for node r1
 [INFO] Executing bgp configuration for node r4
 [INFO] Executing bgp configuration for node r3
 [INFO] Executing bgp-xact configuration for node r2
 [INFO] Executing bgp-xact configuration for node r1
 [INFO] Executing bgp-xact configuration for node r4
 [INFO] Executing bgp-xact configuration for node r3
 [INFO] Starting Ansible playbook to deploy the rest of the
          configurations
[WARNING]: Found variable using reserved name: hosts

PLAY [Deploy initial device configuration] *************************************

TASK [Set variables that cannot be set with VARS] ******************************
ok: [dut]

TASK [Normalize config on bridge-like devices] *********************************
included: /home/pipi/netlab_gh/netsim/ansible/tasks/deploy-module.yml for dut

TASK [Figure out whether to deploy the module normalize on current device] *****
ok: [dut]

TASK [Find configuration template for normalize] *******************************
ok: [dut]

TASK [fail] ********************************************************************
skipping: [dut]

TASK [Find configuration deployment deploy_script for normalize] ***************
ok: [dut]

TASK [Print deployed configuration when running in verbose mode] ***************
skipping: [dut]

TASK [Deploy normalize configuration] ******************************************
skipping: [dut]

TASK [Deploy initial configuration] ********************************************
included: /home/pipi/netlab_gh/netsim/ansible/tasks/deploy-module.yml for dut

TASK [Figure out whether to deploy the module initial on current device] *******
ok: [dut]

TASK [Find configuration template for initial] *********************************
ok: [dut]

TASK [fail] ********************************************************************
skipping: [dut]

TASK [Find configuration deployment deploy_script for initial] *****************
ok: [dut]

TASK [Print deployed configuration when running in verbose mode] ***************
ok: [dut] => {
    "msg": "initial configuration for dut\n=========================================\nhostname dut\n!\ndomain lookup disable\n!\nlldp\n no management enable\n!\ndomain ipv4 host r1 10.0.0.11\ndomain ipv4 host r2 10.0.0.12\ndomain ipv4 host r3 10.0.0.23\ndomain ipv4 host r4 10.0.0.24\ndomain ipv6 host r1 2001:db8:1:b::1\ndomain ipv6 host r2 2001:db8:1:c::1\ndomain ipv6 host r3 2001:db8:1:17::1\ndomain ipv6 host r4 2001:db8:1:18::1\n!\ninterface Loopback0\n no shutdown\n ipv4 address 10.0.0.1 255.255.255.255\n ipv6 address 2001:db8:1:1::1/64\n!\ninterface GigabitEthernet0/0/0/0\n no shutdown\n description dut -> r1 [external]\n ipv4 address 10.1.0.1 255.255.255.252\n!\ninterface GigabitEthernet0/0/0/1\n no shutdown\n description dut -> r2 [external]\n ipv4 address 10.1.0.5 255.255.255.252\n!\ninterface GigabitEthernet0/0/0/2\n no shutdown\n description dut -> r3 [external]\n ipv4 address 10.1.0.9 255.255.255.252\n!\ninterface GigabitEthernet0/0/0/3\n no shutdown\n description dut -> r4 [external]\n ipv4 address 10.1.0.13 255.255.255.252\n!\n"
}

TASK [Deploy initial configuration] ********************************************
included: /home/pipi/netlab_gh/netsim/ansible/tasks/deploy-config/iosxr.yml for dut

TASK [iosxr_config: deploying initial from /work/netlab_cicd/node_files/dut/initial] ***
[WARNING]: To ensure idempotency and correct diff the input configuration lines
should be similar to how they appear if present in the running configuration on
device including the indentation
changed: [dut]

PLAY [Deploy module-specific configurations] ***********************************

TASK [Set variables that cannot be set with VARS] ******************************
ok: [dut]

TASK [Deploy individual configuration modules] *********************************
included: /home/pipi/netlab_gh/netsim/ansible/tasks/deploy-module.yml for dut => (item=bgp)
included: /home/pipi/netlab_gh/netsim/ansible/tasks/deploy-module.yml for dut => (item=vrf)

TASK [Figure out whether to deploy the module bgp on current device] ***********
ok: [dut]

TASK [Find configuration template for bgp] *************************************
ok: [dut]

TASK [fail] ********************************************************************
skipping: [dut]

TASK [Find configuration deployment deploy_script for bgp] *********************
ok: [dut]

TASK [Print deployed configuration when running in verbose mode] ***************
ok: [dut] => {
    "msg": "bgp configuration for dut\n=========================================\n!\n!\nrouter bgp 65000\n bgp unsafe-ebgp-policy\n bgp scan-time 5\n bgp update-delay 5\n bgp router-id 10.0.0.1\n\n!\n address-family ipv4 unicast\n  bgp scan-time 5\n!\n  network 10.0.0.1/32\n!\n!\n address-family ipv6 unicast\n  bgp scan-time 5\n!\n  network 2001:db8:1:1::/64\n!\n"
}

TASK [Deploy bgp configuration] ************************************************
included: /home/pipi/netlab_gh/netsim/ansible/tasks/deploy-config/iosxr.yml for dut

TASK [iosxr_config: deploying bgp from /work/netlab_cicd/node_files/dut/bgp] ***
changed: [dut]

TASK [Figure out whether to deploy the module vrf on current device] ***********
ok: [dut]

TASK [Find configuration template for vrf] *************************************
ok: [dut]

TASK [fail] ********************************************************************
skipping: [dut]

TASK [Find configuration deployment deploy_script for vrf] *********************
ok: [dut]

TASK [Print deployed configuration when running in verbose mode] ***************
ok: [dut] => {
    "msg": "vrf configuration for dut\n=========================================\nvrf red\n rd 65000:1\n!\n address-family ipv4 unicast\n  import route-target 65000:1\n  export route-target 65000:1\n!\nvrf blue\n rd 65000:2\n!\n address-family ipv4 unicast\n  import route-target 65000:2\n  export route-target 65000:2\n!\ninterface GigabitEthernet0/0/0/0\n vrf red\n!\ninterface GigabitEthernet0/0/0/1\n vrf red\n!\ninterface GigabitEthernet0/0/0/2\n vrf blue\n!\ninterface GigabitEthernet0/0/0/3\n vrf blue\n!\n!\nrouter bgp 65000\n bgp unsafe-ebgp-policy\n bgp scan-time 5\n bgp update-delay 5\n bgp router-id 10.0.0.1\n\n address-family vpnv4 unicast\n  bgp import-delay 0 0\n  bgp scan-time 5\n vrf red\n  bgp unsafe-ebgp-policy\n!\n  address-family ipv4 unicast\n   redistribute connected\n\n !\n  neighbor 10.1.0.2\n   remote-as 65101\n   description r1\n   address-family ipv4 unicast\n    send-community-ebgp\n\n !\n  neighbor 10.1.0.6\n   remote-as 65102\n   description r2\n   address-family ipv4 unicast\n    send-community-ebgp\n\n vrf blue\n  bgp unsafe-ebgp-policy\n!\n  address-family ipv4 unicast\n   redistribute connected\n\n !\n  neighbor 10.1.0.10\n   remote-as 65103\n   description r3\n   address-family ipv4 unicast\n    send-community-ebgp\n\n !\n  neighbor 10.1.0.14\n   remote-as 65104\n   description r4\n   address-family ipv4 unicast\n    send-community-ebgp\n\n"
}

TASK [Deploy vrf configuration] ************************************************
included: /home/pipi/netlab_gh/netsim/ansible/tasks/deploy-config/iosxr.yml for dut

TASK [iosxr_config: deploying vrf from /work/netlab_cicd/node_files/dut/vrf] ***
changed: [dut]

PLAY [Deploy custom deployment templates] **************************************
skipping: no hosts matched

PLAY RECAP *********************************************************************
dut                        : ok=27   changed=3    unreachable=0    failed=0    skipped=6    rescued=0    ignored=0   

Results of configuration script deployments
================================================================================
r1               Script:  normalize,initial,bgp,bgp-xact
r2               Script:  normalize,initial,bgp,bgp-xact
r3               Script:  normalize,initial,bgp,bgp-xact
r4               Script:  normalize,initial,bgp,bgp-xact


The device under test has two VRFs with two interfaces in each VRF.
Routers are attached to those interfaces and run BGP with device under test.
Assuming the multi-vrf test case succeeded, this one adds BGP routing with
CE routers.

* r1 and r2 should be able to ping each other
* r3 and r4 should be able to ping each other
* r1 should not be able to reach r3

The test also checks whether DUT unnecessarily enables IPv6 AF over IPv4
EBGP sessions

