xr:  [INFO] Adjusted wait time in 'session' validation test to 90
xr:  [INFO] Adjusted wait time in 'pfx_red' validation test to 30
xr:  [INFO] Adjusted wait time in 'pfx_blue' validation test to 30
[CONFIG]  dut: initial,bgp,vrf
[CONFIG]  r1: initial,bgp,bgp-xact,daemons,hosts
[CONFIG]  r2: initial,bgp,bgp-xact,daemons,hosts (shared)
[CONFIG]  r3: initial,bgp,bgp-xact,daemons,hosts (shared)
[CONFIG]  r4: initial,bgp,bgp-xact,daemons,hosts (shared)
Created provider configuration file: clab.yml
Created pickled transformed topology data into netlab.snapshot.pickle
Created group_vars for all
Created group_vars for modules
Created group_vars for custom_configs
Created group_vars for iosxr
Created host_vars for dut
Created group_vars for frr
Created host_vars for r1, r2, r3, r4
Created minimized Ansible inventory hosts.yml
Created Ansible configuration file: ansible.cfg
Created transformed topology dump in YAML format in netlab.snapshot.yml
