[WARNING]: Could not match supplied host pattern, ignoring: unprovisioned

PLAY [Deploy initial device configuration] *************************************

TASK [Set variables that cannot be set with VARS] ******************************
ok: [dut]
ok: [x1]

TASK [Find device readiness script] ********************************************
ok: [dut]
ok: [x1]

TASK [Wait for device to become ready] *****************************************
skipping: [dut]
skipping: [x1]

TASK [Deploy initial configuration] ********************************************
included: /home/pipi/net101/tools/netsim/ansible/tasks/deploy-module.yml for dut, x1

TASK [Figure out whether to deploy the module initial on current device] *******
ok: [dut]
ok: [x1]

TASK [Find configuration template for initial] *********************************
ok: [dut]
ok: [x1]

TASK [Print deployed configuration when running in verbose mode] ***************
skipping: [dut]
skipping: [x1]

TASK [Find configuration deployment deploy_script for initial] *****************
ok: [dut]
ok: [x1]

TASK [Deploy initial configuration] ********************************************
included: /home/pipi/net101/tools/netsim/ansible/tasks/deploy-config/vyos.yml for dut
included: /home/pipi/net101/tools/netsim/ansible/tasks/deploy-config/frr.yml for x1

TASK [wait_for_connection] *****************************************************
[WARNING]: Reset is not implemented for this connection
ok: [dut]

TASK [wait_for] ****************************************************************
ok: [dut]

TASK [set_fact] ****************************************************************
ok: [dut]

TASK [template] ****************************************************************
changed: [dut]

TASK [execute config-initial.sh to deploy initial config from /home/pipi/net101/tools/netsim/ansible/templates/initial/vyos.j2] ***
changed: [dut]

TASK [template] ****************************************************************
changed: [x1]

TASK [set_fact] ****************************************************************
ok: [x1]

TASK [run /tmp/config.sh to deploy initial config from /home/pipi/net101/tools/netsim/ansible/templates/initial/frr.j2] ***
changed: [x1]

TASK [run vtysh to import initial config from /home/pipi/net101/tools/netsim/ansible/templates/initial/frr.j2] ***
skipping: [x1]

PLAY [Deploy module-specific configurations] ***********************************

TASK [Set variables that cannot be set with VARS] ******************************
ok: [dut]
ok: [x1]

TASK [Deploy individual configuration modules] *********************************
included: /home/pipi/net101/tools/netsim/ansible/tasks/deploy-module.yml for dut, x1 => (item=bgp)

TASK [Figure out whether to deploy the module bgp on current device] ***********
ok: [dut]
ok: [x1]

TASK [Find configuration template for bgp] *************************************
ok: [dut]
ok: [x1]

TASK [Print deployed configuration when running in verbose mode] ***************
skipping: [dut]
skipping: [x1]

TASK [Find configuration deployment deploy_script for bgp] *********************
ok: [dut]
ok: [x1]

TASK [Deploy bgp configuration] ************************************************
included: /home/pipi/net101/tools/netsim/ansible/tasks/deploy-config/vyos.yml for dut
included: /home/pipi/net101/tools/netsim/ansible/tasks/deploy-config/frr.yml for x1

TASK [wait_for_connection] *****************************************************
skipping: [dut]

TASK [wait_for] ****************************************************************
skipping: [dut]

TASK [set_fact] ****************************************************************
ok: [dut]

TASK [template] ****************************************************************
changed: [dut]

TASK [execute config-bgp.sh to deploy bgp config from /home/pipi/net101/tools/netsim/ansible/templates/bgp/vyos.j2] ***
changed: [dut]

TASK [template] ****************************************************************
changed: [x1]

TASK [set_fact] ****************************************************************
ok: [x1]

TASK [run /tmp/config.sh to deploy bgp config from /home/pipi/net101/tools/netsim/ansible/templates/bgp/frr.j2] ***
skipping: [x1]

TASK [run vtysh to import bgp config from /home/pipi/net101/tools/netsim/ansible/templates/bgp/frr.j2] ***
changed: [x1]

PLAY [Deploy custom deployment templates] **************************************

TASK [Run custom configuration deployment scripts] *****************************
included: /home/pipi/net101/tools/netsim/ansible/tasks/deploy-custom-config.yml for dut, x1 => (item=bgp.session)

TASK [Find configuration template] *********************************************
ok: [dut]
ok: [x1]

TASK [fail] ********************************************************************
skipping: [dut]
skipping: [x1]

TASK [Process template /home/pipi/net101/tools/netsim/extra/bgp.session/vyos.j2 for dut] ***
skipping: [dut]
skipping: [x1]

TASK [Find custom configuration deployment script] *****************************
ok: [dut]
ok: [x1]

TASK [Run the configuration deployment script] *********************************
included: /home/pipi/net101/tools/netsim/ansible/tasks/deploy-config/vyos.yml for dut
included: /home/pipi/net101/tools/netsim/ansible/tasks/deploy-config/frr.yml for x1

TASK [wait_for_connection] *****************************************************
skipping: [dut]

TASK [wait_for] ****************************************************************
skipping: [dut]

TASK [set_fact] ****************************************************************
ok: [dut]

TASK [template] ****************************************************************
changed: [dut]

TASK [execute config-bgp.session.sh to deploy bgp.session config from /home/pipi/net101/tools/netsim/extra/bgp.session/vyos.j2] ***
changed: [dut]

TASK [template] ****************************************************************
changed: [x1]

TASK [set_fact] ****************************************************************
ok: [x1]

TASK [run /tmp/config.sh to deploy bgp.session config from /home/pipi/net101/tools/netsim/extra/bgp.session/frr.j2] ***
changed: [x1]

TASK [run vtysh to import bgp.session config from /home/pipi/net101/tools/netsim/extra/bgp.session/frr.j2] ***
skipping: [x1]

PLAY RECAP *********************************************************************
dut                        : ok=28   changed=6    unreachable=0    failed=0    skipped=9    rescued=0    ignored=0   
x1                         : ok=26   changed=6    unreachable=0    failed=0    skipped=8    rescued=0    ignored=0   



This lab tests the BGP MD5 password functionality. The EBGP session between the probe and the lab device should be established.
