18:51:02 INFO Containerlab started version=0.72.0
18:51:02 INFO Parsing & checking topology file=clab.yml
18:51:02 INFO Removing directory path=/work/netlab_cicd/hogs/clab-ml_23
18:51:02 INFO Creating docker network name=nl_mgmt_23 IPv4 subnet=192.168.23.0/24 IPv6 subnet="" MTU=0
18:51:02 INFO Creating lab directory path=/work/netlab_cicd/hogs/clab-ml_23
18:51:02 INFO Creating container name=h4
18:51:02 INFO Creating container name=h5
18:51:02 INFO Creating container name=h2
18:51:02 INFO Creating container name=r1
18:51:02 INFO Creating container name=r3
18:51:02 INFO Creating container name=h3
18:51:02 INFO Creating container name=r2
18:51:02 INFO Creating container name=h1
18:51:03 INFO Created link: r2:eth2 ▪┄┄▪ r3:eth1
18:51:03 INFO Created link: r3:eth2 ▪┄┄▪ h2:eth1
18:51:03 INFO Created link: r3:eth3 ▪┄┄▪ h4:eth1
18:51:03 INFO Created link: r1:eth1 ▪┄┄▪ r2:eth1
18:51:03 INFO Created link: r1:eth3 ▪┄┄▪ h5:eth1
18:51:03 INFO Created link: r1:eth4 ▪┄┄▪ h3:eth1
18:51:03 INFO Created link: r1:eth2 ▪┄┄▪ h1:eth1
18:51:03 INFO Adding host entries path=/etc/hosts
18:51:03 INFO Adding SSH config for nodes path=/etc/ssh/ssh_config.d/clab-ml_23.conf
[1m╭[0m[1m───────────────[0m[1m┬[0m[1m──────────────────────────────[0m[1m┬[0m[1m────────────────────[0m[1m┬[0m[1m────────────────[0m[1m╮[0m
[1m│[0m[1m      Name     [0m[1m│[0m[1m          Kind/Image          [0m[1m│[0m[1m        State       [0m[1m│[0m[1m IPv4/6 Address [0m[1m│[0m
[1m├[0m[1m───────────────[0m[1m┼[0m[1m──────────────────────────────[0m[1m┼[0m[1m────────────────────[0m[1m┼[0m[1m────────────────[0m[1m┤[0m
│ clab-ml_23-h1 │ linux                        │ running            │ 192.168.23.104 │
│               │ python:3.13-alpine           │                    │ N/A            │
├───────────────┼──────────────────────────────┼────────────────────┼────────────────┤
│ clab-ml_23-h2 │ linux                        │ running            │ 192.168.23.105 │
│               │ python:3.13-alpine           │                    │ N/A            │
├───────────────┼──────────────────────────────┼────────────────────┼────────────────┤
│ clab-ml_23-h3 │ linux                        │ running            │ 192.168.23.106 │
│               │ python:3.13-alpine           │                    │ N/A            │
├───────────────┼──────────────────────────────┼────────────────────┼────────────────┤
│ clab-ml_23-h4 │ linux                        │ running            │ 192.168.23.107 │
│               │ python:3.13-alpine           │                    │ N/A            │
├───────────────┼──────────────────────────────┼────────────────────┼────────────────┤
│ clab-ml_23-h5 │ linux                        │ running            │ 192.168.23.108 │
│               │ python:3.13-alpine           │                    │ N/A            │
├───────────────┼──────────────────────────────┼────────────────────┼────────────────┤
│ clab-ml_23-r1 │ cisco_n9kv                   │ running            │ 192.168.23.101 │
│               │ vrnetlab/vr-n9kv:9.3.10      │ (health: starting) │ N/A            │
├───────────────┼──────────────────────────────┼────────────────────┼────────────────┤
│ clab-ml_23-r2 │ linux                        │ running            │ 192.168.23.102 │
│               │ quay.io/frrouting/frr:10.5.0 │                    │ N/A            │
├───────────────┼──────────────────────────────┼────────────────────┼────────────────┤
│ clab-ml_23-r3 │ cisco_n9kv                   │ running            │ 192.168.23.103 │
│               │ vrnetlab/vr-n9kv:9.3.10      │ (health: starting) │ N/A            │
╰───────────────┴──────────────────────────────┴────────────────────┴────────────────╯
Using transformed lab topology from snapshot file netlab.snapshot.pickle
Checking virtualization provider installation
OK: clab installed and working correctly
Starting clab nodes
provider clab: executing sudo -E containerlab deploy --reconfigure -t clab.yml

Initial configuration skipped, run 'netlab initial' to configure the devices
