Warning in nxos: Cisco Nexus OS cannot configure tagged VLAN 1 in a trunk.
... Changing native VLAN to 3967 (node s1 Ethernet1/1)
... Set defaults.devices.nxos.warnings.vlan.tagged_1 to False to hide this warning
Createdprovider configuration file: clab.yml
Created s2: daemons,hosts
Created s3: daemons,hosts (shared)
Created s4: daemons,hosts (shared)
Created r1: initial,routing,hosts (shared)
Created r2: initial,routing,hosts (shared)
Created r3: initial,routing,hosts (shared)
Created r4: initial,routing,hosts (shared)
Created d1: initial,routing,hosts (shared)
Created d2: initial,routing,hosts (shared)
Created d3: initial,routing,hosts (shared)
Created d4: initial,routing,hosts (shared)
Createdtransformed topology dump in YAML format in netlab.snapshot.yml
Createdpickled transformed topology data into netlab.snapshot.pickle
Created group_vars for all
Created group_vars for modules
Created group_vars for nxos
Created host_vars for s1
Created group_vars for frr
Created host_vars for s2
Created host_vars for s3
Created host_vars for s4
Created group_vars for linux
Created host_vars for r1
Created host_vars for r2
Created host_vars for r3
Created host_vars for r4
Created host_vars for d1
Created host_vars for d2
Created host_vars for d3
Created host_vars for d4
Createdminimized Ansible inventory hosts.yml
CreatedAnsible configuration file: ansible.cfg
