Warning in ansible: You're using Ansible version 12.x or higher; netlab might not work correctly
... Ansible core version 2.19 introduced breaking changes in templates and playbooks
... We tested netlab core with Ansible version 12.x but not every device template
... You might want to downgrade Ansible to version 11.10 or lower.
... Use 'netlab install ansible' on Ubuntu to do that
... Finally, please open a GitHub issue if you experience errors/crashes
... Set defaults.ansible.warnings.ver12 to False to hide this warning
 [INFO] Checking for updates in configuration templates
 [INFO] Creating configuration snippets
[WARNING]: Could not match supplied host pattern, ignoring: unprovisioned
[WARNING]: Found variable using reserved name 'hosts'.
Origin: /work/netlab_cicd/group_vars/all/topology.yml:165:1

163     prefix: 32
164     ipv6: 2001:db8:4::/48
165 hosts:
    ^ column 1


PLAY [Deploy initial device configuration] *************************************

TASK [Set variables that cannot be set with VARS] ******************************
ok: [probe]
ok: [x1]
ok: [x2]
ok: [v1]
ok: [v2]
ok: [vp]
ok: [dut]

TASK [Generic readiness tests] *************************************************
skipping: [probe]
skipping: [x1]
skipping: [x2]
skipping: [v1]
skipping: [v2]
skipping: [vp]
included: /home/pipi/netlab_gh/netsim/ansible/tasks/readiness-check/ssh.yml for dut => (item=ssh)

TASK [Check if 'sshpass' is installed] *****************************************
ok: [dut -> localhost]

TASK [Check for 'timeout' command] *********************************************
ok: [dut -> localhost]

TASK [Execute local ssh command to check ssh readiness] ************************
FAILED - RETRYING: [dut -> localhost]: Execute local ssh command to check ssh readiness (20 retries left).
ok: [dut -> localhost]

TASK [Confirm dut SSH server works] ********************************************
ok: [dut] => {
    "msg": "Node dut is ready."
}

TASK [Find device readiness script] ********************************************
ok: [probe]
ok: [x1]
ok: [x2]
ok: [v1]
ok: [v2]
ok: [vp]
ok: [dut]

TASK [Wait for device to become ready] *****************************************
skipping: [dut]
skipping: [probe]
skipping: [x1]
skipping: [x2]
skipping: [v1]
skipping: [v2]
skipping: [vp]

TASK [Normalize config on bridge-like devices] *********************************
included: /home/pipi/netlab_gh/netsim/ansible/tasks/deploy-module.yml for dut
included: /home/pipi/netlab_gh/netsim/ansible/tasks/deploy-module.yml for probe
included: /home/pipi/netlab_gh/netsim/ansible/tasks/deploy-module.yml for x1
included: /home/pipi/netlab_gh/netsim/ansible/tasks/deploy-module.yml for x2
included: /home/pipi/netlab_gh/netsim/ansible/tasks/deploy-module.yml for v1
included: /home/pipi/netlab_gh/netsim/ansible/tasks/deploy-module.yml for v2
included: /home/pipi/netlab_gh/netsim/ansible/tasks/deploy-module.yml for vp

TASK [Figure out whether to deploy the module normalize on current device] *****
ok: [dut]

TASK [Find configuration template for normalize] *******************************
ok: [dut]

TASK [fail] ********************************************************************
skipping: [dut]

TASK [Find configuration deployment deploy_script for normalize] ***************
ok: [dut]

TASK [Print deployed configuration when running in verbose mode] ***************
ok: [dut] => {
    "msg": "normalize configuration for dut\n=========================================\n!\ninterface Ethernet1\n shutdown\n!\ninterface Ethernet2\n shutdown\n!\ninterface Ethernet3\n shutdown\n!\ninterface Ethernet4\n shutdown\n!\ninterface Ethernet5\n shutdown\n!\ninterface Ethernet6\n shutdown\n"
}

TASK [Deploy normalize configuration] ******************************************
included: /home/pipi/netlab_gh/netsim/ansible/tasks/deploy-config/eos.yml for dut

TASK [eos_config: deploying normalize from /work/netlab_cicd/node_files/dut/normalize] ***
[WARNING]: To ensure idempotency and correct diff the input configuration lines should be similar to how they appear if present in the running configuration on device including the indentation
[WARNING]: Task result `warnings` was <class 'str'> instead of <class 'list'>.
changed: [dut]

TASK [Figure out whether to deploy the module normalize on current device] *****
ok: [probe]

TASK [Find configuration template for normalize] *******************************
ok: [probe]

TASK [fail] ********************************************************************
skipping: [probe]

TASK [Find configuration deployment deploy_script for normalize] ***************
ok: [probe]

TASK [Print deployed configuration when running in verbose mode] ***************
skipping: [probe]

TASK [Deploy normalize configuration] ******************************************
skipping: [probe]

TASK [Figure out whether to deploy the module normalize on current device] *****
ok: [x1]

TASK [Find configuration template for normalize] *******************************
ok: [x1]

TASK [fail] ********************************************************************
skipping: [x1]

TASK [Find configuration deployment deploy_script for normalize] ***************
ok: [x1]

TASK [Print deployed configuration when running in verbose mode] ***************
skipping: [x1]

TASK [Deploy normalize configuration] ******************************************
skipping: [x1]

TASK [Figure out whether to deploy the module normalize on current device] *****
ok: [x2]

TASK [Find configuration template for normalize] *******************************
ok: [x2]

TASK [fail] ********************************************************************
skipping: [x2]

TASK [Find configuration deployment deploy_script for normalize] ***************
ok: [x2]

TASK [Print deployed configuration when running in verbose mode] ***************
skipping: [x2]

TASK [Deploy normalize configuration] ******************************************
skipping: [x2]

TASK [Figure out whether to deploy the module normalize on current device] *****
ok: [v1]

TASK [Find configuration template for normalize] *******************************
ok: [v1]

TASK [fail] ********************************************************************
skipping: [v1]

TASK [Find configuration deployment deploy_script for normalize] ***************
ok: [v1]

TASK [Print deployed configuration when running in verbose mode] ***************
skipping: [v1]

TASK [Deploy normalize configuration] ******************************************
skipping: [v1]

TASK [Figure out whether to deploy the module normalize on current device] *****
ok: [v2]

TASK [Find configuration template for normalize] *******************************
ok: [v2]

TASK [fail] ********************************************************************
skipping: [v2]

TASK [Find configuration deployment deploy_script for normalize] ***************
ok: [v2]

TASK [Print deployed configuration when running in verbose mode] ***************
skipping: [v2]

TASK [Deploy normalize configuration] ******************************************
skipping: [v2]

TASK [Figure out whether to deploy the module normalize on current device] *****
ok: [vp]

TASK [Find configuration template for normalize] *******************************
ok: [vp]

TASK [fail] ********************************************************************
skipping: [vp]

TASK [Find configuration deployment deploy_script for normalize] ***************
ok: [vp]

TASK [Print deployed configuration when running in verbose mode] ***************
skipping: [vp]

TASK [Deploy normalize configuration] ******************************************
skipping: [vp]

TASK [Deploy initial configuration] ********************************************
included: /home/pipi/netlab_gh/netsim/ansible/tasks/deploy-module.yml for dut
included: /home/pipi/netlab_gh/netsim/ansible/tasks/deploy-module.yml for probe
included: /home/pipi/netlab_gh/netsim/ansible/tasks/deploy-module.yml for x1
included: /home/pipi/netlab_gh/netsim/ansible/tasks/deploy-module.yml for x2
included: /home/pipi/netlab_gh/netsim/ansible/tasks/deploy-module.yml for v1
included: /home/pipi/netlab_gh/netsim/ansible/tasks/deploy-module.yml for v2
included: /home/pipi/netlab_gh/netsim/ansible/tasks/deploy-module.yml for vp

TASK [Figure out whether to deploy the module initial on current device] *******
ok: [dut]

TASK [Find configuration template for initial] *********************************
ok: [dut]

TASK [fail] ********************************************************************
skipping: [dut]

TASK [Find configuration deployment deploy_script for initial] *****************
ok: [dut]

TASK [Print deployed configuration when running in verbose mode] ***************
ok: [dut] => {
    "msg": "initial configuration for dut\n=========================================\nhostname dut\n!\nlogging monitor debugging\naaa authorization exec default local\n!\nlldp run\nip routing\nipv6 unicast-routing\n!\nvrf instance customer\n rd 65000:1\n!\nip routing vrf customer\n!\nipv6 unicast-routing vrf customer\n!\n!\nip host dut-customer 10.1.0.13 10.1.0.17 10.1.0.21\nip host probe 10.0.0.2 10.1.0.10\nip host v1 172.42.29.1 10.1.0.14\nip host v2 172.42.29.1 10.1.0.18\nip host vp 10.0.0.7 10.1.0.22\nip host x1 172.42.42.1 10.1.0.2\nip host x2 172.42.43.1 10.1.0.6\nipv6 host dut-customer 2001:db8:3:3::1\nipv6 host probe 2001:db8:1:2::1\nipv6 host v1 2001:db8:1:5::1\nipv6 host v2 2001:db8:1:6::1\nipv6 host vp 2001:db8:1:7::1\nipv6 host x1 2001:db8:cafe:42::1\nipv6 host x2 2001:db8:cafe:43::1\n!\ninterface Management0\n no lldp transmit\n no lldp receive\n!\ninterface Loopback0\n ip address 10.0.0.1/32\n ipv6 nd ra interval 5\n ipv6 address 2001:db8:1:1::1/64\n!\ninterface Ethernet1\n no switchport\n description dut -> x1 [external]\n ip address 10.1.0.1/30\n ipv6 nd ra interval 5\n ipv6 address 2001:db8:3::1/64\n mac-address caf0.0001.0001\n!\n no shutdown\n!\ninterface Ethernet2\n no switchport\n description dut -> x2 [external]\n ip address 10.1.0.5/30\n ipv6 nd ra interval 5\n ipv6 address 2001:db8:3:1::1/64\n mac-address caf0.0001.0002\n!\n no shutdown\n!\ninterface Ethernet3\n no switchport\n description dut -> probe\n ip address 10.1.0.9/30\n ipv6 nd ra interval 5\n ipv6 address 2001:db8:3:2::1/64\n mac-address caf0.0001.0003\n!\n no shutdown\n!\ninterface Ethernet4\n no switchport\n vrf customer\n description dut -> v1 [external]\n ip address 10.1.0.13/30\n ipv6 nd ra interval 5\n ipv6 address 2001:db8:3:3::1/64\n mac-address caf0.0001.0004\n!\n no shutdown\n!\ninterface Ethernet5\n no switchport\n vrf customer\n description dut -> v2 [external]\n ip address 10.1.0.17/30\n ipv6 nd ra interval 5\n ipv6 address 2001:db8:3:4::1/64\n mac-address caf0.0001.0005\n!\n no shutdown\n!\ninterface Ethernet6\n no switchport\n vrf customer\n description dut -> vp [external]\n ip address 10.1.0.21/30\n ipv6 nd ra interval 5\n ipv6 address 2001:db8:3:5::1/64\n mac-address caf0.0001.0006\n!\n no shutdown\n!\n"
}

TASK [Deploy initial configuration] ********************************************
included: /home/pipi/netlab_gh/netsim/ansible/tasks/deploy-config/eos.yml for dut

TASK [eos_config: deploying initial from /work/netlab_cicd/node_files/dut/initial] ***
changed: [dut]

TASK [Figure out whether to deploy the module initial on current device] *******
ok: [probe]

TASK [Find configuration template for initial] *********************************
ok: [probe]

TASK [fail] ********************************************************************
skipping: [probe]

TASK [Find configuration deployment deploy_script for initial] *****************
ok: [probe]

TASK [Print deployed configuration when running in verbose mode] ***************
ok: [probe] => {
    "msg": "initial configuration for probe\n=========================================\n#!/bin/bash\n#\nset -e\nset -x\n#\n# Create bash profile script\n#\ncat <<SCRIPT >/root/.bash_profile\n#!/bin/bash\n#\nexport PS1=\"\\h(bash)# \"\necho\necho \"Use vtysh to connect to FRR daemon\"\necho\nSCRIPT\n#\n# This is an artifact of unknown provenance that should be removed in a year or two (= 2026/2027)\n#\n# FRR controls these parameters with 'ip forwarding' and 'ipv6 forwarding' commands\n#\nsysctl -w net.ipv4.ip_forward=1\nsysctl -w net.ipv6.conf.all.forwarding=1\n#\n#\n# Get the current next hop for the default route\n#\ndef_nh=$(ip route list default|awk '{ print $3 }')\n#\n# Create the management VRF and add eth0 to it\n#\nif [ ! -e /sys/devices/virtual/net/mgmt ]; then\n  ip link add mgmt type vrf table 42\nfi\nip link set mgmt up\nsysctl -qw net.ipv6.conf.eth0.keep_addr_on_down=1\nip link set eth0 master mgmt\n#\n# Reinstall the default route if we had it before\n#\nif [[ -n \"$def_nh\" ]]; then\n  ip route add 0.0.0.0/0 vrf mgmt via $def_nh\nfi\n#\n# Enable FRR modules (if not using containerlab bind-mounted /etc/frr/daemons)\n#\n\n# Set system defaults\n#\n# Send ARP requests from a sane source IP address\n#\nsysctl -w net.ipv4.conf.all.arp_announce=2\n\n#\n# Create loopbacks, stub and lag/bond devices\n#\nif [ ! -e /sys/class/net/lo ]; then\n  if [ ! -e /sys/devices/virtual/net/lo ]; then\n    ip link add lo type dummy\n    ip link set dev lo up\n  fi\nfi\n\n# Disable IPv6 (for IPv4-only interfaces) or SLAAC (if the device is a router)\n#\nip link set eth1 down\nsysctl -qw net.ipv6.conf.eth1.autoconf=0\nsysctl -qw net.ipv6.conf.eth1.accept_ra=0\nip link set dev eth1 mtu 1500\nip link set eth1 up\n\n#\n# Add vtysh.conf file\necho \"service integrated-vtysh-config\" >/etc/frr/vtysh.conf\n\n#\n# Rest of initial configuration done through VTYSH\n#\ncat >/tmp/config <<CONFIG\nhostname probe\n!\nlog file /tmp/logging\n\n!\nip forwarding\nipv6 forwarding\nvrf mgmt\n exit-vrf\n!\nfrr defaults datacenter\n!\ninterface lo\n no shutdown\n ip address 10.0.0.2/32\n ipv6 address 2001:db8:1:2::1/64\n!\ninterface eth1\n no shutdown\n description probe -> dut\n ip address 10.1.0.10/30\n ipv6 address 2001:db8:3:2::2/64\n ipv6 nd ra-interval 5\n no ipv6 nd suppress-ra\n!\ndo write\nCONFIG\nvtysh -f /tmp/config\n!\nexit 0\n"
}

TASK [Deploy initial configuration] ********************************************
included: /home/pipi/netlab_gh/netsim/ansible/tasks/frr/initial-clab.yml for probe

TASK [Attempt to load VRF kernel module] ***************************************
changed: [probe -> localhost]

TASK [Disable FRR management VRF when modprobe fails] **************************
skipping: [probe]

TASK [include_tasks] ***********************************************************
included: /home/pipi/netlab_gh/netsim/ansible/tasks/frr/deploy-config.yml for probe

TASK [template] ****************************************************************
changed: [probe]

TASK [set_fact] ****************************************************************
ok: [probe]

TASK [run /tmp/config.sh to deploy initial config from /work/netlab_cicd/node_files/probe/initial] ***
changed: [probe]

TASK [run vtysh to import initial config from /work/netlab_cicd/node_files/probe/initial] ***
skipping: [probe]

TASK [Figure out whether to deploy the module initial on current device] *******
ok: [x1]

TASK [Find configuration template for initial] *********************************
ok: [x1]

TASK [fail] ********************************************************************
skipping: [x1]

TASK [Find configuration deployment deploy_script for initial] *****************
ok: [x1]

TASK [Print deployed configuration when running in verbose mode] ***************
ok: [x1] => {
    "msg": "initial configuration for x1\n=========================================\n#!/bin/bash\n#\nset -e\nset -x\n#\n# Create bash profile script\n#\ncat <<SCRIPT >/root/.bash_profile\n#!/bin/bash\n#\nexport PS1=\"\\h(bash)# \"\necho\necho \"Use vtysh to connect to FRR daemon\"\necho\nSCRIPT\n#\n# This is an artifact of unknown provenance that should be removed in a year or two (= 2026/2027)\n#\n# FRR controls these parameters with 'ip forwarding' and 'ipv6 forwarding' commands\n#\nsysctl -w net.ipv4.ip_forward=1\nsysctl -w net.ipv6.conf.all.forwarding=1\n#\n#\n# Get the current next hop for the default route\n#\ndef_nh=$(ip route list default|awk '{ print $3 }')\n#\n# Create the management VRF and add eth0 to it\n#\nif [ ! -e /sys/devices/virtual/net/mgmt ]; then\n  ip link add mgmt type vrf table 42\nfi\nip link set mgmt up\nsysctl -qw net.ipv6.conf.eth0.keep_addr_on_down=1\nip link set eth0 master mgmt\n#\n# Reinstall the default route if we had it before\n#\nif [[ -n \"$def_nh\" ]]; then\n  ip route add 0.0.0.0/0 vrf mgmt via $def_nh\nfi\n#\n# Enable FRR modules (if not using containerlab bind-mounted /etc/frr/daemons)\n#\n\n# Set system defaults\n#\n# Send ARP requests from a sane source IP address\n#\nsysctl -w net.ipv4.conf.all.arp_announce=2\n\n#\n# Create loopbacks, stub and lag/bond devices\n#\nif [ ! -e /sys/class/net/lo ]; then\n  if [ ! -e /sys/devices/virtual/net/lo ]; then\n    ip link add lo type dummy\n    ip link set dev lo up\n  fi\nfi\n\n# Disable IPv6 (for IPv4-only interfaces) or SLAAC (if the device is a router)\n#\nip link set eth1 down\nsysctl -qw net.ipv6.conf.eth1.autoconf=0\nsysctl -qw net.ipv6.conf.eth1.accept_ra=0\nip link set dev eth1 mtu 1500\nip link set eth1 up\n\n#\n# Add vtysh.conf file\necho \"service integrated-vtysh-config\" >/etc/frr/vtysh.conf\n\n#\n# Rest of initial configuration done through VTYSH\n#\ncat >/tmp/config <<CONFIG\nhostname x1\n!\nlog file /tmp/logging\n\n!\nip forwarding\nipv6 forwarding\nvrf mgmt\n exit-vrf\n!\nfrr defaults datacenter\n!\ninterface lo\n no shutdown\n ip address 172.42.42.1/24\n ipv6 address 2001:db8:cafe:42::1/64\n!\ninterface eth1\n no shutdown\n description x1 -> dut [external]\n ip address 10.1.0.2/30\n ipv6 address 2001:db8:3::2/64\n ipv6 nd ra-interval 5\n no ipv6 nd suppress-ra\n!\ndo write\nCONFIG\nvtysh -f /tmp/config\n!\nexit 0\n"
}

TASK [Deploy initial configuration] ********************************************
included: /home/pipi/netlab_gh/netsim/ansible/tasks/frr/initial-clab.yml for x1

TASK [Attempt to load VRF kernel module] ***************************************
changed: [x1 -> localhost]

TASK [Disable FRR management VRF when modprobe fails] **************************
skipping: [x1]

TASK [include_tasks] ***********************************************************
included: /home/pipi/netlab_gh/netsim/ansible/tasks/frr/deploy-config.yml for x1

TASK [template] ****************************************************************
changed: [x1]

TASK [set_fact] ****************************************************************
ok: [x1]

TASK [run /tmp/config.sh to deploy initial config from /work/netlab_cicd/node_files/x1/initial] ***
changed: [x1]

TASK [run vtysh to import initial config from /work/netlab_cicd/node_files/x1/initial] ***
skipping: [x1]

TASK [Figure out whether to deploy the module initial on current device] *******
ok: [x2]

TASK [Find configuration template for initial] *********************************
ok: [x2]

TASK [fail] ********************************************************************
skipping: [x2]

TASK [Find configuration deployment deploy_script for initial] *****************
ok: [x2]

TASK [Print deployed configuration when running in verbose mode] ***************
ok: [x2] => {
    "msg": "initial configuration for x2\n=========================================\n#!/bin/bash\n#\nset -e\nset -x\n#\n# Create bash profile script\n#\ncat <<SCRIPT >/root/.bash_profile\n#!/bin/bash\n#\nexport PS1=\"\\h(bash)# \"\necho\necho \"Use vtysh to connect to FRR daemon\"\necho\nSCRIPT\n#\n# This is an artifact of unknown provenance that should be removed in a year or two (= 2026/2027)\n#\n# FRR controls these parameters with 'ip forwarding' and 'ipv6 forwarding' commands\n#\nsysctl -w net.ipv4.ip_forward=1\nsysctl -w net.ipv6.conf.all.forwarding=1\n#\n#\n# Get the current next hop for the default route\n#\ndef_nh=$(ip route list default|awk '{ print $3 }')\n#\n# Create the management VRF and add eth0 to it\n#\nif [ ! -e /sys/devices/virtual/net/mgmt ]; then\n  ip link add mgmt type vrf table 42\nfi\nip link set mgmt up\nsysctl -qw net.ipv6.conf.eth0.keep_addr_on_down=1\nip link set eth0 master mgmt\n#\n# Reinstall the default route if we had it before\n#\nif [[ -n \"$def_nh\" ]]; then\n  ip route add 0.0.0.0/0 vrf mgmt via $def_nh\nfi\n#\n# Enable FRR modules (if not using containerlab bind-mounted /etc/frr/daemons)\n#\n\n# Set system defaults\n#\n# Send ARP requests from a sane source IP address\n#\nsysctl -w net.ipv4.conf.all.arp_announce=2\n\n#\n# Create loopbacks, stub and lag/bond devices\n#\nif [ ! -e /sys/class/net/lo ]; then\n  if [ ! -e /sys/devices/virtual/net/lo ]; then\n    ip link add lo type dummy\n    ip link set dev lo up\n  fi\nfi\n\n# Disable IPv6 (for IPv4-only interfaces) or SLAAC (if the device is a router)\n#\nip link set eth1 down\nsysctl -qw net.ipv6.conf.eth1.autoconf=0\nsysctl -qw net.ipv6.conf.eth1.accept_ra=0\nip link set dev eth1 mtu 1500\nip link set eth1 up\n\n#\n# Add vtysh.conf file\necho \"service integrated-vtysh-config\" >/etc/frr/vtysh.conf\n\n#\n# Rest of initial configuration done through VTYSH\n#\ncat >/tmp/config <<CONFIG\nhostname x2\n!\nlog file /tmp/logging\n\n!\nip forwarding\nipv6 forwarding\nvrf mgmt\n exit-vrf\n!\nfrr defaults datacenter\n!\ninterface lo\n no shutdown\n ip address 172.42.43.1/24\n ipv6 address 2001:db8:cafe:43::1/64\n!\ninterface eth1\n no shutdown\n description x2 -> dut [external]\n ip address 10.1.0.6/30\n ipv6 address 2001:db8:3:1::2/64\n ipv6 nd ra-interval 5\n no ipv6 nd suppress-ra\n!\ndo write\nCONFIG\nvtysh -f /tmp/config\n!\nexit 0\n"
}

TASK [Deploy initial configuration] ********************************************
included: /home/pipi/netlab_gh/netsim/ansible/tasks/frr/initial-clab.yml for x2

TASK [Attempt to load VRF kernel module] ***************************************
changed: [x2 -> localhost]

TASK [Disable FRR management VRF when modprobe fails] **************************
skipping: [x2]

TASK [include_tasks] ***********************************************************
included: /home/pipi/netlab_gh/netsim/ansible/tasks/frr/deploy-config.yml for x2

TASK [template] ****************************************************************
changed: [x2]

TASK [set_fact] ****************************************************************
ok: [x2]

TASK [run /tmp/config.sh to deploy initial config from /work/netlab_cicd/node_files/x2/initial] ***
changed: [x2]

TASK [run vtysh to import initial config from /work/netlab_cicd/node_files/x2/initial] ***
skipping: [x2]

TASK [Figure out whether to deploy the module initial on current device] *******
ok: [v1]

TASK [Find configuration template for initial] *********************************
ok: [v1]

TASK [fail] ********************************************************************
skipping: [v1]

TASK [Find configuration deployment deploy_script for initial] *****************
ok: [v1]

TASK [Print deployed configuration when running in verbose mode] ***************
ok: [v1] => {
    "msg": "initial configuration for v1\n=========================================\n#!/bin/bash\n#\nset -e\nset -x\n#\n# Create bash profile script\n#\ncat <<SCRIPT >/root/.bash_profile\n#!/bin/bash\n#\nexport PS1=\"\\h(bash)# \"\necho\necho \"Use vtysh to connect to FRR daemon\"\necho\nSCRIPT\n#\n# This is an artifact of unknown provenance that should be removed in a year or two (= 2026/2027)\n#\n# FRR controls these parameters with 'ip forwarding' and 'ipv6 forwarding' commands\n#\nsysctl -w net.ipv4.ip_forward=1\nsysctl -w net.ipv6.conf.all.forwarding=1\n#\n#\n# Get the current next hop for the default route\n#\ndef_nh=$(ip route list default|awk '{ print $3 }')\n#\n# Create the management VRF and add eth0 to it\n#\nif [ ! -e /sys/devices/virtual/net/mgmt ]; then\n  ip link add mgmt type vrf table 42\nfi\nip link set mgmt up\nsysctl -qw net.ipv6.conf.eth0.keep_addr_on_down=1\nip link set eth0 master mgmt\n#\n# Reinstall the default route if we had it before\n#\nif [[ -n \"$def_nh\" ]]; then\n  ip route add 0.0.0.0/0 vrf mgmt via $def_nh\nfi\n#\n# Enable FRR modules (if not using containerlab bind-mounted /etc/frr/daemons)\n#\n\n# Set system defaults\n#\n# Send ARP requests from a sane source IP address\n#\nsysctl -w net.ipv4.conf.all.arp_announce=2\n\n#\n# Create loopbacks, stub and lag/bond devices\n#\nif [ ! -e /sys/class/net/lo ]; then\n  if [ ! -e /sys/devices/virtual/net/lo ]; then\n    ip link add lo type dummy\n    ip link set dev lo up\n  fi\nfi\n\n# Disable IPv6 (for IPv4-only interfaces) or SLAAC (if the device is a router)\n#\nip link set eth1 down\nsysctl -qw net.ipv6.conf.eth1.autoconf=0\nsysctl -qw net.ipv6.conf.eth1.accept_ra=0\nip link set dev eth1 mtu 1500\nip link set eth1 up\n\n#\n# Add vtysh.conf file\necho \"service integrated-vtysh-config\" >/etc/frr/vtysh.conf\n\n#\n# Rest of initial configuration done through VTYSH\n#\ncat >/tmp/config <<CONFIG\nhostname v1\n!\nlog file /tmp/logging\n\n!\nip forwarding\nipv6 forwarding\nvrf mgmt\n exit-vrf\n!\nfrr defaults datacenter\n!\ninterface lo\n no shutdown\n ip address 172.42.29.1/24\n ipv6 address 2001:db8:1:5::1/64\n!\ninterface eth1\n no shutdown\n description v1 -> dut [external]\n ip address 10.1.0.14/30\n ipv6 address 2001:db8:3:3::2/64\n ipv6 nd ra-interval 5\n no ipv6 nd suppress-ra\n!\ndo write\nCONFIG\nvtysh -f /tmp/config\n!\nexit 0\n"
}

TASK [Deploy initial configuration] ********************************************
included: /home/pipi/netlab_gh/netsim/ansible/tasks/frr/initial-clab.yml for v1

TASK [Attempt to load VRF kernel module] ***************************************
changed: [v1 -> localhost]

TASK [Disable FRR management VRF when modprobe fails] **************************
skipping: [v1]

TASK [include_tasks] ***********************************************************
included: /home/pipi/netlab_gh/netsim/ansible/tasks/frr/deploy-config.yml for v1

TASK [template] ****************************************************************
changed: [v1]

TASK [set_fact] ****************************************************************
ok: [v1]

TASK [run /tmp/config.sh to deploy initial config from /work/netlab_cicd/node_files/v1/initial] ***
changed: [v1]

TASK [run vtysh to import initial config from /work/netlab_cicd/node_files/v1/initial] ***
skipping: [v1]

TASK [Figure out whether to deploy the module initial on current device] *******
ok: [v2]

TASK [Find configuration template for initial] *********************************
ok: [v2]

TASK [fail] ********************************************************************
skipping: [v2]

TASK [Find configuration deployment deploy_script for initial] *****************
ok: [v2]

TASK [Print deployed configuration when running in verbose mode] ***************
ok: [v2] => {
    "msg": "initial configuration for v2\n=========================================\n#!/bin/bash\n#\nset -e\nset -x\n#\n# Create bash profile script\n#\ncat <<SCRIPT >/root/.bash_profile\n#!/bin/bash\n#\nexport PS1=\"\\h(bash)# \"\necho\necho \"Use vtysh to connect to FRR daemon\"\necho\nSCRIPT\n#\n# This is an artifact of unknown provenance that should be removed in a year or two (= 2026/2027)\n#\n# FRR controls these parameters with 'ip forwarding' and 'ipv6 forwarding' commands\n#\nsysctl -w net.ipv4.ip_forward=1\nsysctl -w net.ipv6.conf.all.forwarding=1\n#\n#\n# Get the current next hop for the default route\n#\ndef_nh=$(ip route list default|awk '{ print $3 }')\n#\n# Create the management VRF and add eth0 to it\n#\nif [ ! -e /sys/devices/virtual/net/mgmt ]; then\n  ip link add mgmt type vrf table 42\nfi\nip link set mgmt up\nsysctl -qw net.ipv6.conf.eth0.keep_addr_on_down=1\nip link set eth0 master mgmt\n#\n# Reinstall the default route if we had it before\n#\nif [[ -n \"$def_nh\" ]]; then\n  ip route add 0.0.0.0/0 vrf mgmt via $def_nh\nfi\n#\n# Enable FRR modules (if not using containerlab bind-mounted /etc/frr/daemons)\n#\n\n# Set system defaults\n#\n# Send ARP requests from a sane source IP address\n#\nsysctl -w net.ipv4.conf.all.arp_announce=2\n\n#\n# Create loopbacks, stub and lag/bond devices\n#\nif [ ! -e /sys/class/net/lo ]; then\n  if [ ! -e /sys/devices/virtual/net/lo ]; then\n    ip link add lo type dummy\n    ip link set dev lo up\n  fi\nfi\n\n# Disable IPv6 (for IPv4-only interfaces) or SLAAC (if the device is a router)\n#\nip link set eth1 down\nsysctl -qw net.ipv6.conf.eth1.autoconf=0\nsysctl -qw net.ipv6.conf.eth1.accept_ra=0\nip link set dev eth1 mtu 1500\nip link set eth1 up\n\n#\n# Add vtysh.conf file\necho \"service integrated-vtysh-config\" >/etc/frr/vtysh.conf\n\n#\n# Rest of initial configuration done through VTYSH\n#\ncat >/tmp/config <<CONFIG\nhostname v2\n!\nlog file /tmp/logging\n\n!\nip forwarding\nipv6 forwarding\nvrf mgmt\n exit-vrf\n!\nfrr defaults datacenter\n!\ninterface lo\n no shutdown\n ip address 172.42.29.1/24\n ipv6 address 2001:db8:1:6::1/64\n!\ninterface eth1\n no shutdown\n description v2 -> dut [external]\n ip address 10.1.0.18/30\n ipv6 address 2001:db8:3:4::2/64\n ipv6 nd ra-interval 5\n no ipv6 nd suppress-ra\n!\ndo write\nCONFIG\nvtysh -f /tmp/config\n!\nexit 0\n"
}

TASK [Deploy initial configuration] ********************************************
included: /home/pipi/netlab_gh/netsim/ansible/tasks/frr/initial-clab.yml for v2

TASK [Attempt to load VRF kernel module] ***************************************
changed: [v2 -> localhost]

TASK [Disable FRR management VRF when modprobe fails] **************************
skipping: [v2]

TASK [include_tasks] ***********************************************************
included: /home/pipi/netlab_gh/netsim/ansible/tasks/frr/deploy-config.yml for v2

TASK [template] ****************************************************************
changed: [v2]

TASK [set_fact] ****************************************************************
ok: [v2]

TASK [run /tmp/config.sh to deploy initial config from /work/netlab_cicd/node_files/v2/initial] ***
changed: [v2]

TASK [run vtysh to import initial config from /work/netlab_cicd/node_files/v2/initial] ***
skipping: [v2]

TASK [Figure out whether to deploy the module initial on current device] *******
ok: [vp]

TASK [Find configuration template for initial] *********************************
ok: [vp]

TASK [fail] ********************************************************************
skipping: [vp]

TASK [Find configuration deployment deploy_script for initial] *****************
ok: [vp]

TASK [Print deployed configuration when running in verbose mode] ***************
ok: [vp] => {
    "msg": "initial configuration for vp\n=========================================\n#!/bin/bash\n#\nset -e\nset -x\n#\n# Create bash profile script\n#\ncat <<SCRIPT >/root/.bash_profile\n#!/bin/bash\n#\nexport PS1=\"\\h(bash)# \"\necho\necho \"Use vtysh to connect to FRR daemon\"\necho\nSCRIPT\n#\n# This is an artifact of unknown provenance that should be removed in a year or two (= 2026/2027)\n#\n# FRR controls these parameters with 'ip forwarding' and 'ipv6 forwarding' commands\n#\nsysctl -w net.ipv4.ip_forward=1\nsysctl -w net.ipv6.conf.all.forwarding=1\n#\n#\n# Get the current next hop for the default route\n#\ndef_nh=$(ip route list default|awk '{ print $3 }')\n#\n# Create the management VRF and add eth0 to it\n#\nif [ ! -e /sys/devices/virtual/net/mgmt ]; then\n  ip link add mgmt type vrf table 42\nfi\nip link set mgmt up\nsysctl -qw net.ipv6.conf.eth0.keep_addr_on_down=1\nip link set eth0 master mgmt\n#\n# Reinstall the default route if we had it before\n#\nif [[ -n \"$def_nh\" ]]; then\n  ip route add 0.0.0.0/0 vrf mgmt via $def_nh\nfi\n#\n# Enable FRR modules (if not using containerlab bind-mounted /etc/frr/daemons)\n#\n\n# Set system defaults\n#\n# Send ARP requests from a sane source IP address\n#\nsysctl -w net.ipv4.conf.all.arp_announce=2\n\n#\n# Create loopbacks, stub and lag/bond devices\n#\nif [ ! -e /sys/class/net/lo ]; then\n  if [ ! -e /sys/devices/virtual/net/lo ]; then\n    ip link add lo type dummy\n    ip link set dev lo up\n  fi\nfi\n\n# Disable IPv6 (for IPv4-only interfaces) or SLAAC (if the device is a router)\n#\nip link set eth1 down\nsysctl -qw net.ipv6.conf.eth1.autoconf=0\nsysctl -qw net.ipv6.conf.eth1.accept_ra=0\nip link set dev eth1 mtu 1500\nip link set eth1 up\n\n#\n# Add vtysh.conf file\necho \"service integrated-vtysh-config\" >/etc/frr/vtysh.conf\n\n#\n# Rest of initial configuration done through VTYSH\n#\ncat >/tmp/config <<CONFIG\nhostname vp\n!\nlog file /tmp/logging\n\n!\nip forwarding\nipv6 forwarding\nvrf mgmt\n exit-vrf\n!\nfrr defaults datacenter\n!\ninterface lo\n no shutdown\n ip address 10.0.0.7/32\n ipv6 address 2001:db8:1:7::1/64\n!\ninterface eth1\n no shutdown\n description vp -> dut [external]\n ip address 10.1.0.22/30\n ipv6 address 2001:db8:3:5::2/64\n ipv6 nd ra-interval 5\n no ipv6 nd suppress-ra\n!\ndo write\nCONFIG\nvtysh -f /tmp/config\n!\nexit 0\n"
}

TASK [Deploy initial configuration] ********************************************
included: /home/pipi/netlab_gh/netsim/ansible/tasks/frr/initial-clab.yml for vp

TASK [Attempt to load VRF kernel module] ***************************************
changed: [vp -> localhost]

TASK [Disable FRR management VRF when modprobe fails] **************************
skipping: [vp]

TASK [include_tasks] ***********************************************************
included: /home/pipi/netlab_gh/netsim/ansible/tasks/frr/deploy-config.yml for vp

TASK [template] ****************************************************************
changed: [vp]

TASK [set_fact] ****************************************************************
ok: [vp]

TASK [run /tmp/config.sh to deploy initial config from /work/netlab_cicd/node_files/vp/initial] ***
changed: [vp]

TASK [run vtysh to import initial config from /work/netlab_cicd/node_files/vp/initial] ***
skipping: [vp]

PLAY [Deploy module-specific configurations] ***********************************

TASK [Set variables that cannot be set with VARS] ******************************
ok: [probe]
ok: [x1]
ok: [x2]
ok: [v1]
ok: [v2]
ok: [vp]
ok: [dut]

TASK [Deploy individual configuration modules] *********************************
included: /home/pipi/netlab_gh/netsim/ansible/tasks/deploy-module.yml for dut => (item=routing)
included: /home/pipi/netlab_gh/netsim/ansible/tasks/deploy-module.yml for dut => (item=ospf)
included: /home/pipi/netlab_gh/netsim/ansible/tasks/deploy-module.yml for dut => (item=bgp)
included: /home/pipi/netlab_gh/netsim/ansible/tasks/deploy-module.yml for dut => (item=vrf)
included: /home/pipi/netlab_gh/netsim/ansible/tasks/deploy-module.yml for probe => (item=routing)
included: /home/pipi/netlab_gh/netsim/ansible/tasks/deploy-module.yml for probe => (item=ospf)
included: /home/pipi/netlab_gh/netsim/ansible/tasks/deploy-module.yml for probe => (item=bgp)
included: /home/pipi/netlab_gh/netsim/ansible/tasks/deploy-module.yml for probe => (item=vrf)
included: /home/pipi/netlab_gh/netsim/ansible/tasks/deploy-module.yml for x1 => (item=routing)
included: /home/pipi/netlab_gh/netsim/ansible/tasks/deploy-module.yml for x1 => (item=ospf)
included: /home/pipi/netlab_gh/netsim/ansible/tasks/deploy-module.yml for x1 => (item=bgp)
included: /home/pipi/netlab_gh/netsim/ansible/tasks/deploy-module.yml for x1 => (item=vrf)
included: /home/pipi/netlab_gh/netsim/ansible/tasks/deploy-module.yml for x2 => (item=routing)
included: /home/pipi/netlab_gh/netsim/ansible/tasks/deploy-module.yml for x2 => (item=ospf)
included: /home/pipi/netlab_gh/netsim/ansible/tasks/deploy-module.yml for x2 => (item=bgp)
included: /home/pipi/netlab_gh/netsim/ansible/tasks/deploy-module.yml for x2 => (item=vrf)
included: /home/pipi/netlab_gh/netsim/ansible/tasks/deploy-module.yml for v1 => (item=routing)
included: /home/pipi/netlab_gh/netsim/ansible/tasks/deploy-module.yml for v1 => (item=ospf)
included: /home/pipi/netlab_gh/netsim/ansible/tasks/deploy-module.yml for v1 => (item=bgp)
included: /home/pipi/netlab_gh/netsim/ansible/tasks/deploy-module.yml for v1 => (item=vrf)
included: /home/pipi/netlab_gh/netsim/ansible/tasks/deploy-module.yml for v2 => (item=routing)
included: /home/pipi/netlab_gh/netsim/ansible/tasks/deploy-module.yml for v2 => (item=ospf)
included: /home/pipi/netlab_gh/netsim/ansible/tasks/deploy-module.yml for v2 => (item=bgp)
included: /home/pipi/netlab_gh/netsim/ansible/tasks/deploy-module.yml for v2 => (item=vrf)
included: /home/pipi/netlab_gh/netsim/ansible/tasks/deploy-module.yml for vp => (item=routing)
included: /home/pipi/netlab_gh/netsim/ansible/tasks/deploy-module.yml for vp => (item=ospf)
included: /home/pipi/netlab_gh/netsim/ansible/tasks/deploy-module.yml for vp => (item=bgp)
included: /home/pipi/netlab_gh/netsim/ansible/tasks/deploy-module.yml for vp => (item=vrf)

TASK [Figure out whether to deploy the module routing on current device] *******
ok: [dut]

TASK [Find configuration template for routing] *********************************
ok: [dut]

TASK [fail] ********************************************************************
skipping: [dut]

TASK [Find configuration deployment deploy_script for routing] *****************
ok: [dut]

TASK [Print deployed configuration when running in verbose mode] ***************
ok: [dut] => {
    "msg": "routing configuration for dut\n=========================================\n!\n!\nroute-map lp_17-ipv4 permit 10\n  set local-preference 17\n\n!\nroute-map lp_17-ipv6 permit 10\n  set local-preference 17\n\n!\nroute-map lp_17-vpnv4 permit 10\n  set local-preference 17\n\n!\nroute-map lp_17-vpnv6 permit 10\n  set local-preference 17\n\n!\nroute-map lp_42-ipv4 permit 10\n  set local-preference 42\n\n!\nroute-map lp_42-ipv6 permit 10\n  set local-preference 42\n\n!\nroute-map lp_42-vpnv4 permit 10\n  set local-preference 42\n\n!\nroute-map lp_42-vpnv6 permit 10\n  set local-preference 42\n\n"
}

TASK [Deploy routing configuration] ********************************************
included: /home/pipi/netlab_gh/netsim/ansible/tasks/deploy-config/eos.yml for dut

TASK [eos_config: deploying routing from /work/netlab_cicd/node_files/dut/routing] ***
changed: [dut]

TASK [Figure out whether to deploy the module ospf on current device] **********
ok: [dut]

TASK [Find configuration template for ospf] ************************************
ok: [dut]

TASK [fail] ********************************************************************
skipping: [dut]

TASK [Find configuration deployment deploy_script for ospf] ********************
ok: [dut]

TASK [Print deployed configuration when running in verbose mode] ***************
ok: [dut] => {
    "msg": "ospf configuration for dut\n=========================================\n!\n! OSPFv2 configuration\n!\nrouter ospf 1\n router-id 10.0.0.1\n interface unnumbered hello mask tx 0.0.0.0\n timers spf delay initial 100 200 500\n timers lsa rx min interval 100\n timers lsa tx delay initial 100 200 500\n\n\n!\ninterface Loopback0\n! \n ip ospf area 0.0.0.0\n!\ninterface Ethernet3\n! dut -> probe\n ip ospf area 0.0.0.0\n ip ospf network point-to-point\n!\n\n!\n! OSPFv3 configuration\n!\ninterface Loopback0\n! \n ipv6 ospf 1 area 0.0.0.0\n!\ninterface Ethernet3\n! dut -> probe\n ipv6 ospf 1 area 0.0.0.0\n ipv6 ospf network point-to-point\n!\n!\nipv6 router ospf 1\n router-id 10.0.0.1\n timers spf delay initial 100 200 500\n timers lsa rx min interval 100\n timers lsa tx delay initial 100 200 500\n\n\n\n"
}

TASK [Deploy ospf configuration] ***********************************************
included: /home/pipi/netlab_gh/netsim/ansible/tasks/deploy-config/eos.yml for dut

TASK [eos_config: deploying ospf from /work/netlab_cicd/node_files/dut/ospf] ***
changed: [dut]

TASK [Figure out whether to deploy the module bgp on current device] ***********
ok: [dut]

TASK [Find configuration template for bgp] *************************************
ok: [dut]

TASK [fail] ********************************************************************
skipping: [dut]

TASK [Find configuration deployment deploy_script for bgp] *********************
ok: [dut]

TASK [Print deployed configuration when running in verbose mode] ***************
ok: [dut] => {
    "msg": "bgp configuration for dut\n=========================================\n!\nroute-map next-hop-self-ipv4 permit 10\n   match route-type external\n   set ip next-hop peer-address\n!\nroute-map next-hop-self-ipv4 permit 20\n!\nroute-map next-hop-self-ipv6 permit 10\n   match route-type external\n   set ipv6 next-hop peer-address\n!\nroute-map next-hop-self-ipv6 permit 20\n!\n!\nrouter bgp 65000\n  bgp advertise-inactive\n  bgp log-neighbor-changes\n  no bgp default ipv4-unicast\n  no bgp default ipv6-unicast\n  router-id 10.0.0.1\n!\n  neighbor 10.0.0.2 remote-as 65000\n  neighbor 10.0.0.2 description probe\n  neighbor 10.0.0.2 update-source Loopback0\n  neighbor 10.0.0.2 send-community standard extended large \n!\n  neighbor 2001:db8:1:2::1 remote-as 65000\n  neighbor 2001:db8:1:2::1 description probe\n  neighbor 2001:db8:1:2::1 update-source Loopback0\n  neighbor 2001:db8:1:2::1 send-community standard extended large \n!\n  neighbor 10.1.0.2 remote-as 65100\n  neighbor 10.1.0.2 description x1\n  neighbor 10.1.0.2 send-community standard large \n!\n  neighbor 2001:db8:3::2 remote-as 65100\n  neighbor 2001:db8:3::2 description x1\n  neighbor 2001:db8:3::2 send-community standard large \n!\n  neighbor 10.1.0.6 remote-as 65101\n  neighbor 10.1.0.6 description x2\n  neighbor 10.1.0.6 send-community standard large \n!\n  neighbor 2001:db8:3:1::2 remote-as 65101\n  neighbor 2001:db8:3:1::2 description x2\n  neighbor 2001:db8:3:1::2 send-community standard large \n!\n!\n address-family ipv4\n\n!\n!\n! Originate networks from connected subnets\n!\n  network 10.0.0.1/32\n!\n!\n  neighbor 10.0.0.2 activate\n  neighbor 10.0.0.2 route-map next-hop-self-ipv4 out\n  neighbor 10.1.0.2 activate\n  neighbor 10.1.0.2 next-hop-self\n  neighbor 10.1.0.6 activate\n  neighbor 10.1.0.6 next-hop-self\n!\n address-family ipv6\n\n!\n!\n! Originate networks from connected subnets\n!\n  network 2001:db8:1:1::/64\n!\n!\n  neighbor 2001:db8:1:2::1 activate\n  neighbor 2001:db8:1:2::1 route-map next-hop-self-ipv6 out\n  neighbor 2001:db8:3::2 activate\n  neighbor 2001:db8:3::2 next-hop-self\n  neighbor 2001:db8:3:1::2 activate\n  neighbor 2001:db8:3:1::2 next-hop-self\n!\n"
}

TASK [Deploy bgp configuration] ************************************************
included: /home/pipi/netlab_gh/netsim/ansible/tasks/deploy-config/eos.yml for dut

TASK [eos_config: deploying bgp from /work/netlab_cicd/node_files/dut/bgp] *****
changed: [dut]

TASK [Figure out whether to deploy the module vrf on current device] ***********
ok: [dut]

TASK [Find configuration template for vrf] *************************************
ok: [dut]

TASK [fail] ********************************************************************
skipping: [dut]

TASK [Find configuration deployment deploy_script for vrf] *********************
ok: [dut]

TASK [Print deployed configuration when running in verbose mode] ***************
ok: [dut] => {
    "msg": "vrf configuration for dut\n=========================================\n!\nmpls ip\n!\nrouter bgp 65000\n!\n vrf customer\n  router-id 10.0.0.1\n  rd 65000:1\n  route-target import vpn-ipv4 65000:1\n  route-target export vpn-ipv4 65000:1\n  route-target import vpn-ipv6 65000:1\n  route-target export vpn-ipv6 65000:1\n!\n  neighbor 10.1.0.14 remote-as 65200\n  neighbor 10.1.0.14 description v1\n  neighbor 10.1.0.14 send-community standard large \n!\n  neighbor 2001:db8:3:3::2 remote-as 65200\n  neighbor 2001:db8:3:3::2 description v1\n  neighbor 2001:db8:3:3::2 send-community standard large \n!\n  neighbor 10.1.0.18 remote-as 65201\n  neighbor 10.1.0.18 description v2\n  neighbor 10.1.0.18 send-community standard large \n!\n  neighbor 2001:db8:3:4::2 remote-as 65201\n  neighbor 2001:db8:3:4::2 description v2\n  neighbor 2001:db8:3:4::2 send-community standard large \n!\n  neighbor 10.1.0.22 remote-as 65202\n  neighbor 10.1.0.22 description vp\n  neighbor 10.1.0.22 send-community standard large \n!\n  neighbor 2001:db8:3:5::2 remote-as 65202\n  neighbor 2001:db8:3:5::2 description vp\n  neighbor 2001:db8:3:5::2 send-community standard large \n!\n  address-family ipv4\n    redistribute connected\n\n    neighbor 10.1.0.14 activate\n    neighbor 10.1.0.18 activate\n    neighbor 10.1.0.22 activate\n!\n  address-family ipv6\n    redistribute connected\n\n    neighbor 2001:db8:3:3::2 activate\n    neighbor 2001:db8:3:4::2 activate\n    neighbor 2001:db8:3:5::2 activate\n"
}

TASK [Deploy vrf configuration] ************************************************
included: /home/pipi/netlab_gh/netsim/ansible/tasks/deploy-config/eos.yml for dut

TASK [eos_config: deploying vrf from /work/netlab_cicd/node_files/dut/vrf] *****
changed: [dut]

TASK [Figure out whether to deploy the module routing on current device] *******
ok: [probe]

TASK [Find configuration template for routing] *********************************
ok: [probe]

TASK [fail] ********************************************************************
skipping: [probe]

TASK [Find configuration deployment deploy_script for routing] *****************
ok: [probe]

TASK [Print deployed configuration when running in verbose mode] ***************
ok: [probe] => {
    "msg": "routing configuration for probe\n=========================================\n!\n!\n"
}

TASK [Deploy routing configuration] ********************************************
included: /home/pipi/netlab_gh/netsim/ansible/tasks/deploy-config/frr.yml for probe

TASK [template] ****************************************************************
changed: [probe]

TASK [set_fact] ****************************************************************
ok: [probe]

TASK [run /tmp/config.sh to deploy routing config from /work/netlab_cicd/node_files/probe/routing] ***
skipping: [probe]

TASK [run vtysh to import routing config from /work/netlab_cicd/node_files/probe/routing] ***
changed: [probe]

TASK [Figure out whether to deploy the module ospf on current device] **********
ok: [probe]

TASK [Find configuration template for ospf] ************************************
ok: [probe]

TASK [fail] ********************************************************************
skipping: [probe]

TASK [Find configuration deployment deploy_script for ospf] ********************
ok: [probe]

TASK [Print deployed configuration when running in verbose mode] ***************
ok: [probe] => {
    "msg": "ospf configuration for probe\n=========================================\n!\n! OSPFv2 FRR configuration\n!\nrouter ospf\n ospf router-id 10.0.0.2\n timers throttle spf 10 50 500\n timers throttle lsa all 100\n timers lsa min-arrival 100\n\n\nexit\n!\ninterface lo\n! \n ip ospf area 0.0.0.0\n!\ninterface eth1\n! probe -> dut\n ip ospf area 0.0.0.0\n ip ospf network point-to-point\n!\n\n!\n! OSPFv3 FRR configuration\n!\ninterface lo\n! \n ipv6 ospf6 area 0.0.0.0\n!\ninterface eth1\n! probe -> dut\n ipv6 ospf6 area 0.0.0.0\n ipv6 ospf6 network point-to-point\n!\n!\nrouter ospf6\n ospf6 router-id 10.0.0.2\n timers lsa min-arrival 100\n timers throttle spf 10 50 500\n\n\nexit\n\n!\ndo write\n"
}

TASK [Deploy ospf configuration] ***********************************************
included: /home/pipi/netlab_gh/netsim/ansible/tasks/deploy-config/frr.yml for probe

TASK [template] ****************************************************************
changed: [probe]

TASK [set_fact] ****************************************************************
ok: [probe]

TASK [run /tmp/config.sh to deploy ospf config from /work/netlab_cicd/node_files/probe/ospf] ***
skipping: [probe]

TASK [run vtysh to import ospf config from /work/netlab_cicd/node_files/probe/ospf] ***
changed: [probe]

TASK [Figure out whether to deploy the module bgp on current device] ***********
ok: [probe]

TASK [Find configuration template for bgp] *************************************
ok: [probe]

TASK [fail] ********************************************************************
skipping: [probe]

TASK [Find configuration deployment deploy_script for bgp] *********************
ok: [probe]

TASK [Print deployed configuration when running in verbose mode] ***************
ok: [probe] => {
    "msg": "bgp configuration for probe\n=========================================\n!\nrouter bgp 65000\n  no bgp ebgp-requires-policy\n  no bgp default ipv4-unicast\n  bgp default show-hostname\n  bgp default show-nexthop-hostname\n  ! Consider AS paths of same length but with different AS as ECMP candidates\n  bgp bestpath as-path multipath-relax\n\n  bgp router-id 10.0.0.2\n!\n  neighbor 10.0.0.1 remote-as 65000\n  neighbor 10.0.0.1 description dut\n  neighbor 10.0.0.1 update-source lo\n!\n  neighbor 2001:db8:1:1::1 remote-as 65000\n  neighbor 2001:db8:1:1::1 description dut\n  neighbor 2001:db8:1:1::1 update-source lo\n!\n address-family ipv4 unicast\n!\n\n!\n! Originate networks from connected subnets\n!\n  network 10.0.0.2/32\n!\n  neighbor 10.0.0.1 activate\n  neighbor 10.0.0.1 next-hop-self\n  no neighbor 10.0.0.1 send-community all\n  neighbor 10.0.0.1 send-community standard\n  neighbor 10.0.0.1 send-community large\n  neighbor 10.0.0.1 send-community extended\n!\n address-family ipv6 unicast\n!\n\n!\n! Originate networks from connected subnets\n!\n  network 2001:db8:1:2::/64\n!\n  neighbor 2001:db8:1:1::1 activate\n  neighbor 2001:db8:1:1::1 next-hop-self\n  no neighbor 2001:db8:1:1::1 send-community all\n  neighbor 2001:db8:1:1::1 send-community standard\n  neighbor 2001:db8:1:1::1 send-community large\n  neighbor 2001:db8:1:1::1 send-community extended\n!\n!\n!\ndo write\n"
}

TASK [Deploy bgp configuration] ************************************************
included: /home/pipi/netlab_gh/netsim/ansible/tasks/deploy-config/frr.yml for probe

TASK [template] ****************************************************************
changed: [probe]

TASK [set_fact] ****************************************************************
ok: [probe]

TASK [run /tmp/config.sh to deploy bgp config from /work/netlab_cicd/node_files/probe/bgp] ***
skipping: [probe]

TASK [run vtysh to import bgp config from /work/netlab_cicd/node_files/probe/bgp] ***
changed: [probe]

TASK [Figure out whether to deploy the module vrf on current device] ***********
ok: [probe]

TASK [Find configuration template for vrf] *************************************
skipping: [probe]

TASK [fail] ********************************************************************
skipping: [probe]

TASK [Find configuration deployment deploy_script for vrf] *********************
skipping: [probe]

TASK [Print deployed configuration when running in verbose mode] ***************
skipping: [probe]

TASK [Deploy vrf configuration] ************************************************
skipping: [probe]

TASK [Figure out whether to deploy the module routing on current device] *******
ok: [x1]

TASK [Find configuration template for routing] *********************************
ok: [x1]

TASK [fail] ********************************************************************
skipping: [x1]

TASK [Find configuration deployment deploy_script for routing] *****************
ok: [x1]

TASK [Print deployed configuration when running in verbose mode] ***************
ok: [x1] => {
    "msg": "routing configuration for x1\n=========================================\n!\n!\n"
}

TASK [Deploy routing configuration] ********************************************
included: /home/pipi/netlab_gh/netsim/ansible/tasks/deploy-config/frr.yml for x1

TASK [template] ****************************************************************
changed: [x1]

TASK [set_fact] ****************************************************************
ok: [x1]

TASK [run /tmp/config.sh to deploy routing config from /work/netlab_cicd/node_files/x1/routing] ***
skipping: [x1]

TASK [run vtysh to import routing config from /work/netlab_cicd/node_files/x1/routing] ***
changed: [x1]

TASK [Figure out whether to deploy the module ospf on current device] **********
ok: [x1]

TASK [Find configuration template for ospf] ************************************
skipping: [x1]

TASK [fail] ********************************************************************
skipping: [x1]

TASK [Find configuration deployment deploy_script for ospf] ********************
skipping: [x1]

TASK [Print deployed configuration when running in verbose mode] ***************
skipping: [x1]

TASK [Deploy ospf configuration] ***********************************************
skipping: [x1]

TASK [Figure out whether to deploy the module bgp on current device] ***********
ok: [x1]

TASK [Find configuration template for bgp] *************************************
ok: [x1]

TASK [fail] ********************************************************************
skipping: [x1]

TASK [Find configuration deployment deploy_script for bgp] *********************
ok: [x1]

TASK [Print deployed configuration when running in verbose mode] ***************
ok: [x1] => {
    "msg": "bgp configuration for x1\n=========================================\n!\nrouter bgp 65100\n  no bgp ebgp-requires-policy\n  no bgp default ipv4-unicast\n  bgp default show-hostname\n  bgp default show-nexthop-hostname\n  ! Consider AS paths of same length but with different AS as ECMP candidates\n  bgp bestpath as-path multipath-relax\n\n  bgp router-id 172.42.42.1\n!\n  neighbor 10.1.0.1 remote-as 65000\n  neighbor 10.1.0.1 description dut\n!\n  neighbor 2001:db8:3::1 remote-as 65000\n  neighbor 2001:db8:3::1 description dut\n!\n address-family ipv4 unicast\n!\n\n!\n! Originate networks from connected subnets\n!\n  network 172.42.42.0/24\n!\n  neighbor 10.1.0.1 activate\n  no neighbor 10.1.0.1 send-community all\n  neighbor 10.1.0.1 send-community standard\n  neighbor 10.1.0.1 send-community large\n!\n address-family ipv6 unicast\n!\n\n!\n! Originate networks from connected subnets\n!\n  network 2001:db8:cafe:42::/64\n!\n  neighbor 2001:db8:3::1 activate\n  no neighbor 2001:db8:3::1 send-community all\n  neighbor 2001:db8:3::1 send-community standard\n  neighbor 2001:db8:3::1 send-community large\n!\n!\n!\ndo write\n"
}

TASK [Deploy bgp configuration] ************************************************
included: /home/pipi/netlab_gh/netsim/ansible/tasks/deploy-config/frr.yml for x1

TASK [template] ****************************************************************
changed: [x1]

TASK [set_fact] ****************************************************************
ok: [x1]

TASK [run /tmp/config.sh to deploy bgp config from /work/netlab_cicd/node_files/x1/bgp] ***
skipping: [x1]

TASK [run vtysh to import bgp config from /work/netlab_cicd/node_files/x1/bgp] ***
changed: [x1]

TASK [Figure out whether to deploy the module vrf on current device] ***********
ok: [x1]

TASK [Find configuration template for vrf] *************************************
skipping: [x1]

TASK [fail] ********************************************************************
skipping: [x1]

TASK [Find configuration deployment deploy_script for vrf] *********************
skipping: [x1]

TASK [Print deployed configuration when running in verbose mode] ***************
skipping: [x1]

TASK [Deploy vrf configuration] ************************************************
skipping: [x1]

TASK [Figure out whether to deploy the module routing on current device] *******
ok: [x2]

TASK [Find configuration template for routing] *********************************
ok: [x2]

TASK [fail] ********************************************************************
skipping: [x2]

TASK [Find configuration deployment deploy_script for routing] *****************
ok: [x2]

TASK [Print deployed configuration when running in verbose mode] ***************
ok: [x2] => {
    "msg": "routing configuration for x2\n=========================================\n!\n!\n"
}

TASK [Deploy routing configuration] ********************************************
included: /home/pipi/netlab_gh/netsim/ansible/tasks/deploy-config/frr.yml for x2

TASK [template] ****************************************************************
changed: [x2]

TASK [set_fact] ****************************************************************
ok: [x2]

TASK [run /tmp/config.sh to deploy routing config from /work/netlab_cicd/node_files/x2/routing] ***
skipping: [x2]

TASK [run vtysh to import routing config from /work/netlab_cicd/node_files/x2/routing] ***
changed: [x2]

TASK [Figure out whether to deploy the module ospf on current device] **********
ok: [x2]

TASK [Find configuration template for ospf] ************************************
skipping: [x2]

TASK [fail] ********************************************************************
skipping: [x2]

TASK [Find configuration deployment deploy_script for ospf] ********************
skipping: [x2]

TASK [Print deployed configuration when running in verbose mode] ***************
skipping: [x2]

TASK [Deploy ospf configuration] ***********************************************
skipping: [x2]

TASK [Figure out whether to deploy the module bgp on current device] ***********
ok: [x2]

TASK [Find configuration template for bgp] *************************************
ok: [x2]

TASK [fail] ********************************************************************
skipping: [x2]

TASK [Find configuration deployment deploy_script for bgp] *********************
ok: [x2]

TASK [Print deployed configuration when running in verbose mode] ***************
ok: [x2] => {
    "msg": "bgp configuration for x2\n=========================================\n!\nrouter bgp 65101\n  no bgp ebgp-requires-policy\n  no bgp default ipv4-unicast\n  bgp default show-hostname\n  bgp default show-nexthop-hostname\n  ! Consider AS paths of same length but with different AS as ECMP candidates\n  bgp bestpath as-path multipath-relax\n\n  bgp router-id 172.42.43.1\n!\n  neighbor 10.1.0.5 remote-as 65000\n  neighbor 10.1.0.5 description dut\n!\n  neighbor 2001:db8:3:1::1 remote-as 65000\n  neighbor 2001:db8:3:1::1 description dut\n!\n address-family ipv4 unicast\n!\n\n!\n! Originate networks from connected subnets\n!\n  network 172.42.43.0/24\n!\n  neighbor 10.1.0.5 activate\n  no neighbor 10.1.0.5 send-community all\n  neighbor 10.1.0.5 send-community standard\n  neighbor 10.1.0.5 send-community large\n!\n address-family ipv6 unicast\n!\n\n!\n! Originate networks from connected subnets\n!\n  network 2001:db8:cafe:43::/64\n!\n  neighbor 2001:db8:3:1::1 activate\n  no neighbor 2001:db8:3:1::1 send-community all\n  neighbor 2001:db8:3:1::1 send-community standard\n  neighbor 2001:db8:3:1::1 send-community large\n!\n!\n!\ndo write\n"
}

TASK [Deploy bgp configuration] ************************************************
included: /home/pipi/netlab_gh/netsim/ansible/tasks/deploy-config/frr.yml for x2

TASK [template] ****************************************************************
changed: [x2]

TASK [set_fact] ****************************************************************
ok: [x2]

TASK [run /tmp/config.sh to deploy bgp config from /work/netlab_cicd/node_files/x2/bgp] ***
skipping: [x2]

TASK [run vtysh to import bgp config from /work/netlab_cicd/node_files/x2/bgp] ***
changed: [x2]

TASK [Figure out whether to deploy the module vrf on current device] ***********
ok: [x2]

TASK [Find configuration template for vrf] *************************************
skipping: [x2]

TASK [fail] ********************************************************************
skipping: [x2]

TASK [Find configuration deployment deploy_script for vrf] *********************
skipping: [x2]

TASK [Print deployed configuration when running in verbose mode] ***************
skipping: [x2]

TASK [Deploy vrf configuration] ************************************************
skipping: [x2]

TASK [Figure out whether to deploy the module routing on current device] *******
ok: [v1]

TASK [Find configuration template for routing] *********************************
ok: [v1]

TASK [fail] ********************************************************************
skipping: [v1]

TASK [Find configuration deployment deploy_script for routing] *****************
ok: [v1]

TASK [Print deployed configuration when running in verbose mode] ***************
ok: [v1] => {
    "msg": "routing configuration for v1\n=========================================\n!\n!\n"
}

TASK [Deploy routing configuration] ********************************************
included: /home/pipi/netlab_gh/netsim/ansible/tasks/deploy-config/frr.yml for v1

TASK [template] ****************************************************************
changed: [v1]

TASK [set_fact] ****************************************************************
ok: [v1]

TASK [run /tmp/config.sh to deploy routing config from /work/netlab_cicd/node_files/v1/routing] ***
skipping: [v1]

TASK [run vtysh to import routing config from /work/netlab_cicd/node_files/v1/routing] ***
changed: [v1]

TASK [Figure out whether to deploy the module ospf on current device] **********
ok: [v1]

TASK [Find configuration template for ospf] ************************************
skipping: [v1]

TASK [fail] ********************************************************************
skipping: [v1]

TASK [Find configuration deployment deploy_script for ospf] ********************
skipping: [v1]

TASK [Print deployed configuration when running in verbose mode] ***************
skipping: [v1]

TASK [Deploy ospf configuration] ***********************************************
skipping: [v1]

TASK [Figure out whether to deploy the module bgp on current device] ***********
ok: [v1]

TASK [Find configuration template for bgp] *************************************
ok: [v1]

TASK [fail] ********************************************************************
skipping: [v1]

TASK [Find configuration deployment deploy_script for bgp] *********************
ok: [v1]

TASK [Print deployed configuration when running in verbose mode] ***************
ok: [v1] => {
    "msg": "bgp configuration for v1\n=========================================\n!\nrouter bgp 65200\n  no bgp ebgp-requires-policy\n  no bgp default ipv4-unicast\n  bgp default show-hostname\n  bgp default show-nexthop-hostname\n  ! Consider AS paths of same length but with different AS as ECMP candidates\n  bgp bestpath as-path multipath-relax\n\n  bgp router-id 10.0.0.200\n!\n  neighbor 10.1.0.13 remote-as 65000\n  neighbor 10.1.0.13 description dut\n!\n  neighbor 2001:db8:3:3::1 remote-as 65000\n  neighbor 2001:db8:3:3::1 description dut\n!\n address-family ipv4 unicast\n!\n\n!\n! Originate networks from connected subnets\n!\n  network 172.42.29.0/24\n!\n  neighbor 10.1.0.13 activate\n  no neighbor 10.1.0.13 send-community all\n  neighbor 10.1.0.13 send-community standard\n  neighbor 10.1.0.13 send-community large\n!\n address-family ipv6 unicast\n!\n\n!\n! Originate networks from connected subnets\n!\n  network 2001:db8:1:5::/64\n!\n  neighbor 2001:db8:3:3::1 activate\n  no neighbor 2001:db8:3:3::1 send-community all\n  neighbor 2001:db8:3:3::1 send-community standard\n  neighbor 2001:db8:3:3::1 send-community large\n!\n!\n!\ndo write\n"
}

TASK [Deploy bgp configuration] ************************************************
included: /home/pipi/netlab_gh/netsim/ansible/tasks/deploy-config/frr.yml for v1

TASK [template] ****************************************************************
changed: [v1]

TASK [set_fact] ****************************************************************
ok: [v1]

TASK [run /tmp/config.sh to deploy bgp config from /work/netlab_cicd/node_files/v1/bgp] ***
skipping: [v1]

TASK [run vtysh to import bgp config from /work/netlab_cicd/node_files/v1/bgp] ***
changed: [v1]

TASK [Figure out whether to deploy the module vrf on current device] ***********
ok: [v1]

TASK [Find configuration template for vrf] *************************************
skipping: [v1]

TASK [fail] ********************************************************************
skipping: [v1]

TASK [Find configuration deployment deploy_script for vrf] *********************
skipping: [v1]

TASK [Print deployed configuration when running in verbose mode] ***************
skipping: [v1]

TASK [Deploy vrf configuration] ************************************************
skipping: [v1]

TASK [Figure out whether to deploy the module routing on current device] *******
ok: [v2]

TASK [Find configuration template for routing] *********************************
ok: [v2]

TASK [fail] ********************************************************************
skipping: [v2]

TASK [Find configuration deployment deploy_script for routing] *****************
ok: [v2]

TASK [Print deployed configuration when running in verbose mode] ***************
ok: [v2] => {
    "msg": "routing configuration for v2\n=========================================\n!\n!\nroute-map prepend-ipv4 permit 10\n  set as-path prepend 65201 \n\n\n!\nroute-map prepend-ipv6 permit 10\n  set as-path prepend 65201 \n\n\n!\n"
}

TASK [Deploy routing configuration] ********************************************
included: /home/pipi/netlab_gh/netsim/ansible/tasks/deploy-config/frr.yml for v2

TASK [template] ****************************************************************
changed: [v2]

TASK [set_fact] ****************************************************************
ok: [v2]

TASK [run /tmp/config.sh to deploy routing config from /work/netlab_cicd/node_files/v2/routing] ***
skipping: [v2]

TASK [run vtysh to import routing config from /work/netlab_cicd/node_files/v2/routing] ***
changed: [v2]

TASK [Figure out whether to deploy the module ospf on current device] **********
ok: [v2]

TASK [Find configuration template for ospf] ************************************
skipping: [v2]

TASK [fail] ********************************************************************
skipping: [v2]

TASK [Find configuration deployment deploy_script for ospf] ********************
skipping: [v2]

TASK [Print deployed configuration when running in verbose mode] ***************
skipping: [v2]

TASK [Deploy ospf configuration] ***********************************************
skipping: [v2]

TASK [Figure out whether to deploy the module bgp on current device] ***********
ok: [v2]

TASK [Find configuration template for bgp] *************************************
ok: [v2]

TASK [fail] ********************************************************************
skipping: [v2]

TASK [Find configuration deployment deploy_script for bgp] *********************
ok: [v2]

TASK [Print deployed configuration when running in verbose mode] ***************
ok: [v2] => {
    "msg": "bgp configuration for v2\n=========================================\n!\nrouter bgp 65201\n  no bgp ebgp-requires-policy\n  no bgp default ipv4-unicast\n  bgp default show-hostname\n  bgp default show-nexthop-hostname\n  ! Consider AS paths of same length but with different AS as ECMP candidates\n  bgp bestpath as-path multipath-relax\n\n  bgp router-id 10.0.0.201\n!\n  neighbor 10.1.0.17 remote-as 65000\n  neighbor 10.1.0.17 description dut\n!\n  neighbor 2001:db8:3:4::1 remote-as 65000\n  neighbor 2001:db8:3:4::1 description dut\n!\n address-family ipv4 unicast\n!\n\n!\n! Originate networks from connected subnets\n!\n  network 172.42.29.0/24\n!\n  neighbor 10.1.0.17 activate\n  no neighbor 10.1.0.17 send-community all\n  neighbor 10.1.0.17 send-community standard\n  neighbor 10.1.0.17 send-community large\n!\n address-family ipv6 unicast\n!\n\n!\n! Originate networks from connected subnets\n!\n  network 2001:db8:1:6::/64\n!\n  neighbor 2001:db8:3:4::1 activate\n  no neighbor 2001:db8:3:4::1 send-community all\n  neighbor 2001:db8:3:4::1 send-community standard\n  neighbor 2001:db8:3:4::1 send-community large\n!\n!\n!\ndo write\n"
}

TASK [Deploy bgp configuration] ************************************************
included: /home/pipi/netlab_gh/netsim/ansible/tasks/deploy-config/frr.yml for v2

TASK [template] ****************************************************************
changed: [v2]

TASK [set_fact] ****************************************************************
ok: [v2]

TASK [run /tmp/config.sh to deploy bgp config from /work/netlab_cicd/node_files/v2/bgp] ***
skipping: [v2]

TASK [run vtysh to import bgp config from /work/netlab_cicd/node_files/v2/bgp] ***
changed: [v2]

TASK [Figure out whether to deploy the module vrf on current device] ***********
ok: [v2]

TASK [Find configuration template for vrf] *************************************
skipping: [v2]

TASK [fail] ********************************************************************
skipping: [v2]

TASK [Find configuration deployment deploy_script for vrf] *********************
skipping: [v2]

TASK [Print deployed configuration when running in verbose mode] ***************
skipping: [v2]

TASK [Deploy vrf configuration] ************************************************
skipping: [v2]

TASK [Figure out whether to deploy the module routing on current device] *******
ok: [vp]

TASK [Find configuration template for routing] *********************************
ok: [vp]

TASK [fail] ********************************************************************
skipping: [vp]

TASK [Find configuration deployment deploy_script for routing] *****************
ok: [vp]

TASK [Print deployed configuration when running in verbose mode] ***************
ok: [vp] => {
    "msg": "routing configuration for vp\n=========================================\n!\n!\n"
}

TASK [Deploy routing configuration] ********************************************
included: /home/pipi/netlab_gh/netsim/ansible/tasks/deploy-config/frr.yml for vp

TASK [template] ****************************************************************
changed: [vp]

TASK [set_fact] ****************************************************************
ok: [vp]

TASK [run /tmp/config.sh to deploy routing config from /work/netlab_cicd/node_files/vp/routing] ***
skipping: [vp]

TASK [run vtysh to import routing config from /work/netlab_cicd/node_files/vp/routing] ***
changed: [vp]

TASK [Figure out whether to deploy the module ospf on current device] **********
ok: [vp]

TASK [Find configuration template for ospf] ************************************
skipping: [vp]

TASK [fail] ********************************************************************
skipping: [vp]

TASK [Find configuration deployment deploy_script for ospf] ********************
skipping: [vp]

TASK [Print deployed configuration when running in verbose mode] ***************
skipping: [vp]

TASK [Deploy ospf configuration] ***********************************************
skipping: [vp]

TASK [Figure out whether to deploy the module bgp on current device] ***********
ok: [vp]

TASK [Find configuration template for bgp] *************************************
ok: [vp]

TASK [fail] ********************************************************************
skipping: [vp]

TASK [Find configuration deployment deploy_script for bgp] *********************
ok: [vp]

TASK [Print deployed configuration when running in verbose mode] ***************
ok: [vp] => {
    "msg": "bgp configuration for vp\n=========================================\n!\nrouter bgp 65202\n  no bgp ebgp-requires-policy\n  no bgp default ipv4-unicast\n  bgp default show-hostname\n  bgp default show-nexthop-hostname\n  ! Consider AS paths of same length but with different AS as ECMP candidates\n  bgp bestpath as-path multipath-relax\n\n  bgp router-id 10.0.0.7\n!\n  neighbor 10.1.0.21 remote-as 65000\n  neighbor 10.1.0.21 description dut\n!\n  neighbor 2001:db8:3:5::1 remote-as 65000\n  neighbor 2001:db8:3:5::1 description dut\n!\n address-family ipv4 unicast\n!\n\n!\n! Originate networks from connected subnets\n!\n  network 10.0.0.7/32\n!\n  neighbor 10.1.0.21 activate\n  no neighbor 10.1.0.21 send-community all\n  neighbor 10.1.0.21 send-community standard\n  neighbor 10.1.0.21 send-community large\n!\n address-family ipv6 unicast\n!\n\n!\n! Originate networks from connected subnets\n!\n  network 2001:db8:1:7::/64\n!\n  neighbor 2001:db8:3:5::1 activate\n  no neighbor 2001:db8:3:5::1 send-community all\n  neighbor 2001:db8:3:5::1 send-community standard\n  neighbor 2001:db8:3:5::1 send-community large\n!\n!\n!\ndo write\n"
}

TASK [Deploy bgp configuration] ************************************************
included: /home/pipi/netlab_gh/netsim/ansible/tasks/deploy-config/frr.yml for vp

TASK [template] ****************************************************************
changed: [vp]

TASK [set_fact] ****************************************************************
ok: [vp]

TASK [run /tmp/config.sh to deploy bgp config from /work/netlab_cicd/node_files/vp/bgp] ***
skipping: [vp]

TASK [run vtysh to import bgp config from /work/netlab_cicd/node_files/vp/bgp] ***
changed: [vp]

TASK [Figure out whether to deploy the module vrf on current device] ***********
ok: [vp]

TASK [Find configuration template for vrf] *************************************
skipping: [vp]

TASK [fail] ********************************************************************
skipping: [vp]

TASK [Find configuration deployment deploy_script for vrf] *********************
skipping: [vp]

TASK [Print deployed configuration when running in verbose mode] ***************
skipping: [vp]

TASK [Deploy vrf configuration] ************************************************
skipping: [vp]

PLAY [Deploy custom deployment templates] **************************************

TASK [Run custom configuration deployment scripts] *****************************
included: /home/pipi/netlab_gh/netsim/ansible/tasks/deploy-custom-config.yml for dut, v2 => (item=bgp.policy)

TASK [Find configuration template] *********************************************
ok: [v2]
ok: [dut]

TASK [fail] ********************************************************************
skipping: [dut]
skipping: [v2]

TASK [Check is the configuration template is a file] ***************************
ok: [dut -> localhost]
ok: [v2 -> localhost]

TASK [fail] ********************************************************************
skipping: [dut]
skipping: [v2]

TASK [Process template /work/netlab_cicd/node_files/dut/bgp.policy for dut] ****
skipping: [v2]
skipping: [dut]

TASK [Find custom configuration deployment script] *****************************
ok: [v2]
ok: [dut]

TASK [Run the configuration deployment script] *********************************
included: /home/pipi/netlab_gh/netsim/ansible/tasks/deploy-config/eos.yml for dut
included: /home/pipi/netlab_gh/netsim/ansible/tasks/deploy-config/frr.yml for v2

TASK [eos_config: deploying bgp.policy from /work/netlab_cicd/node_files/dut/bgp.policy] ***
changed: [dut]

TASK [template] ****************************************************************
changed: [v2]

TASK [set_fact] ****************************************************************
ok: [v2]

TASK [run /tmp/config.sh to deploy bgp.policy config from /work/netlab_cicd/node_files/v2/bgp.policy] ***
skipping: [v2]

TASK [run vtysh to import bgp.policy config from /work/netlab_cicd/node_files/v2/bgp.policy] ***
changed: [v2]

PLAY RECAP *********************************************************************
dut                        : ok=56   changed=7    unreachable=0    failed=0    skipped=10   rescued=0    ignored=0   
probe                      : ok=47   changed=9    unreachable=0    failed=0    skipped=19   rescued=0    ignored=0   
v1                         : ok=40   changed=7    unreachable=0    failed=0    skipped=22   rescued=0    ignored=0   
v2                         : ok=48   changed=9    unreachable=0    failed=0    skipped=26   rescued=0    ignored=0   
vp                         : ok=40   changed=7    unreachable=0    failed=0    skipped=22   rescued=0    ignored=0   
x1                         : ok=40   changed=7    unreachable=0    failed=0    skipped=22   rescued=0    ignored=0   
x2                         : ok=40   changed=7    unreachable=0    failed=0    skipped=22   rescued=0    ignored=0   


Warning: The following warnings were generated during the 'netlab initial' processing
Warning: ansible: You're using Ansible version 12.x or higher; netlab might not work correctly
[CREATED] dut: normalize,initial,routing,ospf,bgp,vrf,bgp.policy
[CREATED] probe: initial,routing,ospf,bgp
[CREATED] x1: initial,routing,bgp
[CREATED] x2: initial,routing,bgp
[CREATED] v1: initial,routing,bgp
[CREATED] v2: initial,routing,bgp,bgp.policy
[CREATED] vp: initial,routing,bgp


Use this topology to test BGP local preference on IPv4 and IPv6 prefixes. DUT
has to set node-wide local preference on prefixes received from X1 and
neighbor-specific local preference on prefixes received from X2.

