19:09:36 INFO Containerlab started version=0.72.0
19:09:36 INFO Parsing & checking topology file=clab.yml
19:09:36 INFO Removing directory path=/work/netlab_cicd/clab-ml-17
19:09:36 INFO Creating docker network name=nl_mgmt_17 IPv4 subnet=192.168.17.0/24 IPv6 subnet="" MTU=0
19:09:36 INFO Creating lab directory path=/work/netlab_cicd/clab-ml-17
19:09:36 INFO Creating container name=x2
19:09:36 INFO Creating container name=x3
19:09:36 INFO Creating container name=x1
19:09:36 INFO Creating container name=dut
19:09:37 INFO Created link: dut:et1 ▪┄┄▪ x3:eth1
19:09:37 INFO Created link: dut:et2 ▪┄┄▪ x1:eth1
19:09:37 INFO Created link: dut:et3 ▪┄┄▪ x2:eth1
19:09:37 INFO Running postdeploy actions for Arista cEOS 'dut' node
19:09:51 INFO Adding host entries path=/etc/hosts
19:09:51 INFO Adding SSH config for nodes path=/etc/ssh/ssh_config.d/clab-ml-17.conf
[1m╭[0m[1m────────────────[0m[1m┬[0m[1m──────────────────────────────[0m[1m┬[0m[1m─────────[0m[1m┬[0m[1m────────────────[0m[1m╮[0m
[1m│[0m[1m      Name      [0m[1m│[0m[1m          Kind/Image          [0m[1m│[0m[1m  State  [0m[1m│[0m[1m IPv4/6 Address [0m[1m│[0m
[1m├[0m[1m────────────────[0m[1m┼[0m[1m──────────────────────────────[0m[1m┼[0m[1m─────────[0m[1m┼[0m[1m────────────────[0m[1m┤[0m
│ clab-ml-17-dut │ ceos                         │ running │ 192.168.17.101 │
│                │ ceos:4.34.2F                 │         │ N/A            │
├────────────────┼──────────────────────────────┼─────────┼────────────────┤
│ clab-ml-17-x1  │ linux                        │ running │ 192.168.17.102 │
│                │ quay.io/frrouting/frr:10.5.1 │         │ N/A            │
├────────────────┼──────────────────────────────┼─────────┼────────────────┤
│ clab-ml-17-x2  │ linux                        │ running │ 192.168.17.103 │
│                │ quay.io/frrouting/frr:10.5.1 │         │ N/A            │
├────────────────┼──────────────────────────────┼─────────┼────────────────┤
│ clab-ml-17-x3  │ linux                        │ running │ 192.168.17.104 │
│                │ quay.io/frrouting/frr:10.5.1 │         │ N/A            │
╰────────────────┴──────────────────────────────┴─────────┴────────────────╯
Using transformed lab topology from snapshot file netlab.snapshot.pickle
Checking virtualization provider installation
OK: clab installed and working correctly
Starting clab nodes
provider clab: executing sudo -E containerlab deploy --reconfigure -t clab.yml

Initial configuration skipped, run 'netlab initial' to configure the devices
