07:26:51 INFO Containerlab started version=0.68.0
07:26:51 INFO Parsing & checking topology file=clab.yml
07:26:51 INFO Removing directory path=/work/netlab_cicd/cisco/clab-ml_30
07:26:51 INFO Creating docker network name=nl_mgmt_30 IPv4 subnet=192.168.30.0/24 IPv6 subnet="" MTU=0
07:26:51 INFO Creating lab directory path=/work/netlab_cicd/cisco/clab-ml_30
07:26:51 INFO Creating container name=x2
07:26:51 INFO Creating container name=x1
07:26:51 INFO Creating container name=dut
07:26:52 INFO Created link: dut:eth1 (Ethernet0/1) ▪┄┄▪ x1:eth1
07:26:52 INFO Created link: dut:eth2 (Ethernet0/2) ▪┄┄▪ x2:eth1
07:26:52 INFO Running postdeploy actions for Cisco IOL 'dut' node
07:26:52 INFO Adding host entries path=/etc/hosts
07:26:52 INFO Adding SSH config for nodes path=/etc/ssh/ssh_config.d/clab-ml_30.conf
[1m╭[0m[1m────────────────[0m[1m┬[0m[1m────────────────────────────────[0m[1m┬[0m[1m─────────[0m[1m┬[0m[1m────────────────[0m[1m╮[0m
[1m│[0m[1m      Name      [0m[1m│[0m[1m           Kind/Image           [0m[1m│[0m[1m  State  [0m[1m│[0m[1m IPv4/6 Address [0m[1m│[0m
[1m├[0m[1m────────────────[0m[1m┼[0m[1m────────────────────────────────[0m[1m┼[0m[1m─────────[0m[1m┼[0m[1m────────────────[0m[1m┤[0m
│ clab-ml_30-dut │ cisco_iol                      │ running │ 192.168.30.101 │
│                │ vrnetlab/cisco_iol:L2-17.15.01 │         │ N/A            │
├────────────────┼────────────────────────────────┼─────────┼────────────────┤
│ clab-ml_30-x1  │ linux                          │ running │ 192.168.30.102 │
│                │ quay.io/frrouting/frr:10.2.2   │         │ N/A            │
├────────────────┼────────────────────────────────┼─────────┼────────────────┤
│ clab-ml_30-x2  │ linux                          │ running │ 192.168.30.103 │
│                │ quay.io/frrouting/frr:10.2.2   │         │ N/A            │
╰────────────────┴────────────────────────────────┴─────────┴────────────────╯
Using transformed lab topology from snapshot file netlab.snapshot.yml
Checking virtualization provider installation
OK: clab installed and working correctly
Starting clab nodes
provider clab: executing sudo -E containerlab deploy --reconfigure -t clab.yml

Initial configuration skipped, run 'netlab initial' to configure the devices
