23:31:05 INFO Parsing & checking topology file=clab.yml
23:31:05 INFO Parsing & checking topology file=clab.yml
23:31:05 INFO Destroying lab name=ml_17
23:31:05 INFO Removed container name=clab-ml_17-x1
23:31:05 INFO Removed container name=clab-ml_17-r3
23:31:05 INFO Removed container name=clab-ml_17-dut
23:31:05 INFO Removed container name=clab-ml_17-r2
23:31:05 INFO Removing host entries path=/etc/hosts
23:31:05 INFO Removing SSH config path=/etc/ssh/ssh_config.d/clab-ml_17.conf
Checking virtualization provider installation
OK: clab installed and working correctly
Stopping clab nodes
Cleanup configuration files
... removing clab.yml
... removing ansible.cfg
... removing hosts.yml
... removing directory tree group_vars
... removing directory tree host_vars
... removing directory tree node_files
... removing netlab.snapshot.yml
... removing netlab.snapshot.pickle
