Creating Device configuration snippets
[CREATED] dut: initial,ospf,bgp,routing,bgp.policy
[CREATED] probe: initial,ospf,bgp
[CREATED] x1: initial,bgp
[CREATED] x2: initial,bgp
Config Deploying device configurations
 [INFO] Executing initial configuration for node probe
 [INFO] Executing initial configuration for node x1
 [INFO] Executing initial configuration for node x2
 [INFO] Executing bgp configuration for node x1
 [INFO] Executing ospf configuration for node probe
 [INFO] Executing bgp configuration for node x2
 [INFO] Executing bgp configuration for node probe
 [INFO] Starting Ansible playbook to deploy the rest of the
          configurations
[WARNING]: Found variable using reserved name: hosts

PLAY [Deploy initial device configuration] *************************************

TASK [Set variables that cannot be set with VARS] ******************************
ok: [dut]

TASK [Normalize config on bridge-like devices] *********************************
included: /home/pipi/netlab_gh/netsim/ansible/tasks/deploy-module.yml for dut

TASK [Figure out whether to deploy the module normalize on current device] *****
ok: [dut]

TASK [Find configuration template for normalize] *******************************
ok: [dut]

TASK [fail] ********************************************************************
skipping: [dut]

TASK [Find configuration deployment deploy_script for normalize] ***************
ok: [dut]

TASK [Print deployed configuration when running in verbose mode] ***************
skipping: [dut]

TASK [Deploy normalize configuration] ******************************************
skipping: [dut]

TASK [Deploy initial configuration] ********************************************
included: /home/pipi/netlab_gh/netsim/ansible/tasks/deploy-module.yml for dut

TASK [Figure out whether to deploy the module initial on current device] *******
ok: [dut]

TASK [Find configuration template for initial] *********************************
ok: [dut]

TASK [fail] ********************************************************************
skipping: [dut]

TASK [Find configuration deployment deploy_script for initial] *****************
ok: [dut]

TASK [Print deployed configuration when running in verbose mode] ***************
ok: [dut] => {
    "msg": "initial configuration for dut\n=========================================\n#!/bin/vbash\nsource /opt/vyatta/etc/functions/script-template\n\nif [ \"$(id -g -n)\" != 'vyattacfg' ] ; then\n    exec sg vyattacfg -c \"/bin/vbash $(readlink -f $0) $@\"\nfi\n\n# Configuration items start here\n\nconfigure\nset system host-name 'dut'\n\n\nset interfaces dummy dum0 address 10.0.0.1/32\nset interfaces dummy dum0 address 2001:db8:1:1::1/64\n\n\n\nset interfaces ethernet eth1 description 'dut -> x1 [external]'\n\n\n# Need to set the same address as loopback (dum0) to make it behave as unnumbered\nset interfaces ethernet eth1 address 10.0.0.1/32\n\nset interfaces ethernet eth1 ipv6\n\n\n\n\nset interfaces ethernet eth2 description 'dut -> x2 [external]'\n\n\n# Need to set the same address as loopback (dum0) to make it behave as unnumbered\nset interfaces ethernet eth2 address 10.0.0.1/32\n\nset interfaces ethernet eth2 ipv6\n\n\n\n\nset interfaces ethernet eth3 description 'dut -> probe'\n\n\nset interfaces ethernet eth3 address 10.1.0.1/30\n\nset interfaces ethernet eth3 address 2001:db8:3::1/64;\n\n\n\nset service lldp interface all\n>/dev/null 2>/dev/null set service lldp interface eth0 disable\n>/dev/null 2>/dev/null set service lldp interface eth0 mode disable\n\nset service router-advert interface eth1\nset service router-advert interface eth2\nset service router-advert interface eth3\n\n\n# Commit, save and exit from subshell\n\ncommit\nsave\nexit\n\n# Restart FRR to pick up the new hostname\nsudo service frr restart\n"
}

TASK [Deploy initial configuration] ********************************************
included: /home/pipi/netlab_gh/netsim/ansible/tasks/deploy-config/vyos.yml for dut

TASK [set_fact] ****************************************************************
ok: [dut]

TASK [template] ****************************************************************
changed: [dut]

TASK [execute config-initial.sh to deploy initial config from /work/netlab_cicd/node_files/dut/initial] ***
changed: [dut]

PLAY [Deploy module-specific configurations] ***********************************

TASK [Set variables that cannot be set with VARS] ******************************
ok: [dut]

TASK [Deploy individual configuration modules] *********************************
included: /home/pipi/netlab_gh/netsim/ansible/tasks/deploy-module.yml for dut => (item=routing)
included: /home/pipi/netlab_gh/netsim/ansible/tasks/deploy-module.yml for dut => (item=ospf)
included: /home/pipi/netlab_gh/netsim/ansible/tasks/deploy-module.yml for dut => (item=bgp)

TASK [Figure out whether to deploy the module routing on current device] *******
ok: [dut]

TASK [Find configuration template for routing] *********************************
ok: [dut]

TASK [fail] ********************************************************************
skipping: [dut]

TASK [Find configuration deployment deploy_script for routing] *****************
ok: [dut]

TASK [Print deployed configuration when running in verbose mode] ***************
ok: [dut] => {
    "msg": "routing configuration for dut\n=========================================\n#!/bin/vbash\nsource /opt/vyatta/etc/functions/script-template\n\nif [ \"$(id -g -n)\" != 'vyattacfg' ] ; then\n    exec sg vyattacfg -c \"/bin/vbash $(readlink -f $0) $@\"\nfi\n\n# Configuration items start here\n\nconfigure\n\n\n\n\nset policy route-map bp-x1-1-in-ipv4 rule 10 action permit\n\nedit policy route-map bp-x1-1-in-ipv4 rule 10\nset set local-preference 17\n\ntop\n\n\nset policy route-map bp-x1-1-in-ipv6 rule 10 action permit\n\nedit policy route-map bp-x1-1-in-ipv6 rule 10\nset set local-preference 17\n\ntop\n\n\nset policy route-map bp-x2-2-in-ipv4 rule 10 action permit\n\nedit policy route-map bp-x2-2-in-ipv4 rule 10\nset set local-preference 42\n\ntop\n\n\nset policy route-map bp-x2-2-in-ipv6 rule 10 action permit\n\nedit policy route-map bp-x2-2-in-ipv6 rule 10\nset set local-preference 42\n\ntop\n\n\n\n\n# Static routing\n\n\ncommit\nsave\nexit\n"
}

TASK [Deploy routing configuration] ********************************************
included: /home/pipi/netlab_gh/netsim/ansible/tasks/deploy-config/vyos.yml for dut

TASK [set_fact] ****************************************************************
ok: [dut]

TASK [template] ****************************************************************
changed: [dut]

TASK [execute config-routing.sh to deploy routing config from /work/netlab_cicd/node_files/dut/routing] ***
changed: [dut]

TASK [Figure out whether to deploy the module ospf on current device] **********
ok: [dut]

TASK [Find configuration template for ospf] ************************************
ok: [dut]

TASK [fail] ********************************************************************
skipping: [dut]

TASK [Find configuration deployment deploy_script for ospf] ********************
ok: [dut]

TASK [Print deployed configuration when running in verbose mode] ***************
ok: [dut] => {
    "msg": "ospf configuration for dut\n=========================================\n#!/bin/vbash\nsource /opt/vyatta/etc/functions/script-template\n\nif [ \"$(id -g -n)\" != 'vyattacfg' ] ; then\n    exec sg vyattacfg -c \"/bin/vbash $(readlink -f $0) $@\"\nfi\n\n# Configuration items start here\n\nconfigure\n\n\nset protocols ospf parameters router-id 10.0.0.1\n\n\n\n\nset protocols ospf interface dum0 passive\nset protocols ospf interface dum0 area 0.0.0.0\n\n\nset protocols ospf interface eth3 area 0.0.0.0\n\nset protocols ospf interface eth3 network point-to-point\n\n\n\nset protocols ospfv3 parameters router-id 10.0.0.1\n\n\n\n\nset protocols ospfv3 interface dum0 passive\nset protocols ospfv3 interface dum0 area 0.0.0.0\n\n\nset protocols ospfv3 interface eth3 area 0.0.0.0\n\nset protocols ospfv3 interface eth3 network point-to-point\n\n\n\ncommit\nsave\nexit\n"
}

TASK [Deploy ospf configuration] ***********************************************
included: /home/pipi/netlab_gh/netsim/ansible/tasks/deploy-config/vyos.yml for dut

TASK [set_fact] ****************************************************************
ok: [dut]

TASK [template] ****************************************************************
changed: [dut]

TASK [execute config-ospf.sh to deploy ospf config from /work/netlab_cicd/node_files/dut/ospf] ***
changed: [dut]

TASK [Figure out whether to deploy the module bgp on current device] ***********
ok: [dut]

TASK [Find configuration template for bgp] *************************************
ok: [dut]

TASK [fail] ********************************************************************
skipping: [dut]

TASK [Find configuration deployment deploy_script for bgp] *********************
ok: [dut]

TASK [Print deployed configuration when running in verbose mode] ***************
ok: [dut] => {
    "msg": "bgp configuration for dut\n=========================================\n\nset protocols bgp system-as 65000\n\nset protocols bgp parameters router-id 10.0.0.1\n\n\n\nset protocols bgp neighbor 10.0.0.2 remote-as 65000\nset protocols bgp neighbor 10.0.0.2 description 'probe'\n \nset protocols bgp neighbor 10.0.0.2 update-source dum0\n\n\n\n\nset protocols bgp neighbor 2001:db8:1:2::1 remote-as 65000\nset protocols bgp neighbor 2001:db8:1:2::1 description 'probe'\n \nset protocols bgp neighbor 2001:db8:1:2::1 update-source dum0\n\n\n\n\nset protocols bgp neighbor eth1 interface remote-as 65100\nset protocols bgp neighbor eth1 description 'x1'\n \n\n\n\n\nset protocols bgp neighbor eth1 interface remote-as 65100\nset protocols bgp neighbor eth1 description 'x1'\n \n\n\n\n\nset protocols bgp neighbor eth2 interface remote-as 65101\nset protocols bgp neighbor eth2 description 'x2'\n \n\n\n\n\nset protocols bgp neighbor eth2 interface remote-as 65101\nset protocols bgp neighbor eth2 description 'x2'\n \n\n\n\n\n# Work on Family ipv4\n\n\nset protocols bgp address-family ipv4-unicast network 10.0.0.1/32\n\n\n\n\n\nset protocols bgp neighbor 10.0.0.2 address-family ipv4-unicast soft-reconfiguration inbound\n\nset protocols bgp neighbor 10.0.0.2 address-family ipv4-unicast nexthop-self\n\n\n\n\nset protocols bgp neighbor eth1 address-family ipv4-unicast soft-reconfiguration inbound\n\nset protocols bgp neighbor eth1 address-family ipv4-unicast nexthop-self\n\nset protocols bgp neighbor eth1 address-family ipv4-unicast disable-send-community extended\n\n\n\nset protocols bgp neighbor eth2 address-family ipv4-unicast soft-reconfiguration inbound\n\nset protocols bgp neighbor eth2 address-family ipv4-unicast nexthop-self\n\nset protocols bgp neighbor eth2 address-family ipv4-unicast disable-send-community extended\n\n\n\n# Work on Family ipv6\n\n\nset protocols bgp address-family ipv6-unicast network 2001:db8:1:1::/64\n\n\n\n\n\nset protocols bgp neighbor 2001:db8:1:2::1 address-family ipv6-unicast soft-reconfiguration inbound\n\nset protocols bgp neighbor 2001:db8:1:2::1 address-family ipv6-unicast nexthop-self\n\n\n\n\nset protocols bgp neighbor eth1 address-family ipv6-unicast soft-reconfiguration inbound\n\nset protocols bgp neighbor eth1 address-family ipv6-unicast nexthop-self\n\nset protocols bgp neighbor eth1 address-family ipv6-unicast disable-send-community extended\n\n\n\nset protocols bgp neighbor eth2 address-family ipv6-unicast soft-reconfiguration inbound\n\nset protocols bgp neighbor eth2 address-family ipv6-unicast nexthop-self\n\nset protocols bgp neighbor eth2 address-family ipv6-unicast disable-send-community extended\n\n\n\n"
}

TASK [Deploy bgp configuration] ************************************************
included: /home/pipi/netlab_gh/netsim/ansible/tasks/deploy-config/vyos.yml for dut

TASK [set_fact] ****************************************************************
ok: [dut]

TASK [template] ****************************************************************
changed: [dut]

TASK [execute config-bgp.sh to deploy bgp config from /work/netlab_cicd/node_files/dut/bgp] ***
changed: [dut]

PLAY [Deploy custom deployment templates] **************************************

TASK [Run custom configuration deployment scripts] *****************************
included: /home/pipi/netlab_gh/netsim/ansible/tasks/deploy-custom-config.yml for dut => (item=bgp.policy)

TASK [Find configuration template] *********************************************
ok: [dut]

TASK [fail] ********************************************************************
skipping: [dut]

TASK [Check is the configuration template is a file] ***************************
ok: [dut -> localhost]

TASK [fail] ********************************************************************
skipping: [dut]

TASK [Process template /work/netlab_cicd/node_files/dut/bgp.policy for dut] ****
skipping: [dut]

TASK [Find custom configuration deployment script] *****************************
ok: [dut]

TASK [Run the configuration deployment script] *********************************
included: /home/pipi/netlab_gh/netsim/ansible/tasks/deploy-config/vyos.yml for dut

TASK [set_fact] ****************************************************************
ok: [dut]

TASK [template] ****************************************************************
changed: [dut]

TASK [execute config-bgp.policy.sh to deploy bgp.policy config from /work/netlab_cicd/node_files/dut/bgp.policy] ***
changed: [dut]

PLAY RECAP *********************************************************************
dut                        : ok=50   changed=10   unreachable=0    failed=0    skipped=10   rescued=0    ignored=0   

Results of configuration script deployments
================================================================================
probe                        OK: 3   
x1                           OK: 2   
x2                           OK: 2   


Use this topology to test BGP local preference on IPv4 and IPv6 prefixes. DUT
has to set node-wide local preference on prefixes received from X1 and
neighbor-specific local preference on prefixes received from X2.

