[WARNING]: Invalid characters were found in group names but not replaced, use
-vvvv to see details
[WARNING]: Could not match supplied host pattern, ignoring: unprovisioned

PLAY [Deploy initial device configuration] *************************************

TASK [Set variables that cannot be set with VARS] ******************************
ok: [x1]
ok: [dut]

TASK [Find device readiness script] ********************************************
ok: [x1]
ok: [dut]

TASK [Wait for device to become ready] *****************************************
skipping: [x1]
included: /home/pipi/net101/tools/netsim/ansible/tasks/readiness-check/vjunos-switch-clab.yml for dut

TASK [Wait for SSH server] *****************************************************
included: /home/pipi/net101/tools/netsim/ansible/tasks/readiness-check/vm-clab-ssh-check.yml for dut

TASK [Execute local ssh command to check vjunos-switch readiness] **************
FAILED - RETRYING: [dut -> localhost]: Execute local ssh command to check vjunos-switch readiness (40 retries left).
changed: [dut -> localhost]

TASK [Confirm dut SSH server works] ********************************************
ok: [dut] => 
  msg: Node dut is ready.

TASK [Wait for ge-0/0/0 interface] *********************************************
included: /home/pipi/net101/tools/netsim/ansible/tasks/readiness-check/vjunos-switch.yml for dut

TASK [Wait for ge-0/0/0 to appear] *********************************************
ok: [dut]

TASK [Deploy initial configuration] ********************************************
included: /home/pipi/net101/tools/netsim/ansible/tasks/deploy-module.yml for dut, x1

TASK [Figure out whether to deploy the module initial on current device] *******
ok: [x1]
ok: [dut]

TASK [Find configuration template for initial] *********************************
ok: [x1]
ok: [dut]

TASK [Print deployed configuration when running in verbose mode] ***************
skipping: [dut]
skipping: [x1]

TASK [Find configuration deployment deploy_script for initial] *****************
ok: [x1]
ok: [dut]

TASK [Deploy initial configuration] ********************************************
included: /home/pipi/net101/tools/netsim/ansible/tasks/deploy-config/junos.yml for dut
included: /home/pipi/net101/tools/netsim/ansible/tasks/frr/initial-clab.yml for x1

TASK [junos_config: deploying initial from /home/pipi/net101/tools/netsim/ansible/templates/initial/junos.j2] ***
changed: [dut]

TASK [Attempt to load VRF kernel module] ***************************************
changed: [x1 -> localhost]

TASK [Disable FRR management VRF when modprobe fails] **************************
skipping: [x1]

TASK [include_tasks] ***********************************************************
included: /home/pipi/net101/tools/netsim/ansible/tasks/frr/deploy-config.yml for x1

TASK [template] ****************************************************************
changed: [x1]

TASK [set_fact] ****************************************************************
ok: [x1]

TASK [run /tmp/config.sh to deploy initial config from /home/pipi/net101/tools/netsim/ansible/templates/initial/frr.j2] ***
changed: [x1]

TASK [run vtysh to import initial config from /home/pipi/net101/tools/netsim/ansible/templates/initial/frr.j2] ***
skipping: [x1]

PLAY [Deploy module-specific configurations] ***********************************

TASK [Set variables that cannot be set with VARS] ******************************
ok: [x1]
ok: [dut]

TASK [Deploy individual configuration modules] *********************************
included: /home/pipi/net101/tools/netsim/ansible/tasks/deploy-module.yml for dut, x1 => (item=bgp)

TASK [Figure out whether to deploy the module bgp on current device] ***********
ok: [x1]
ok: [dut]

TASK [Find configuration template for bgp] *************************************
ok: [x1]
ok: [dut]

TASK [Print deployed configuration when running in verbose mode] ***************
skipping: [dut]
skipping: [x1]

TASK [Find configuration deployment deploy_script for bgp] *********************
ok: [x1]
ok: [dut]

TASK [Deploy bgp configuration] ************************************************
included: /home/pipi/net101/tools/netsim/ansible/tasks/deploy-config/junos.yml for dut
included: /home/pipi/net101/tools/netsim/ansible/tasks/deploy-config/frr.yml for x1

TASK [junos_config: deploying bgp from /home/pipi/net101/tools/netsim/ansible/templates/bgp/junos.j2] ***
[WARNING]:  statement not found
changed: [dut]

TASK [template] ****************************************************************
changed: [x1]

TASK [set_fact] ****************************************************************
ok: [x1]

TASK [run /tmp/config.sh to deploy bgp config from /home/pipi/net101/tools/netsim/ansible/templates/bgp/frr.j2] ***
skipping: [x1]

TASK [run vtysh to import bgp config from /home/pipi/net101/tools/netsim/ansible/templates/bgp/frr.j2] ***
changed: [x1]

PLAY [Deploy custom deployment templates] **************************************

TASK [Run custom configuration deployment scripts] *****************************
included: /home/pipi/net101/tools/netsim/ansible/tasks/deploy-custom-config.yml for dut, x1 => (item=bgp.session)

TASK [Find configuration template] *********************************************
ok: [x1]
ok: [dut]

TASK [fail] ********************************************************************
skipping: [dut]
skipping: [x1]

TASK [Check is the configuration template is a file] ***************************
ok: [dut -> localhost]
ok: [x1 -> localhost]

TASK [fail] ********************************************************************
skipping: [dut]
skipping: [x1]

TASK [Process template /home/pipi/net101/tools/netsim/extra/bgp.session/junos.j2 for dut] ***
skipping: [x1]
skipping: [dut]

TASK [Find custom configuration deployment script] *****************************
ok: [x1]
ok: [dut]

TASK [Run the configuration deployment script] *********************************
included: /home/pipi/net101/tools/netsim/ansible/tasks/deploy-config/junos.yml for dut
included: /home/pipi/net101/tools/netsim/ansible/tasks/deploy-config/frr.yml for x1

TASK [junos_config: deploying bgp.session from /home/pipi/net101/tools/netsim/extra/bgp.session/junos.j2] ***
[WARNING]: mgd: statement has no contents; ignored
changed: [dut]

TASK [template] ****************************************************************
changed: [x1]

TASK [set_fact] ****************************************************************
ok: [x1]

TASK [run /tmp/config.sh to deploy bgp.session config from /home/pipi/net101/tools/netsim/extra/bgp.session/frr.j2] ***
changed: [x1]

TASK [run vtysh to import bgp.session config from /home/pipi/net101/tools/netsim/extra/bgp.session/frr.j2] ***
skipping: [x1]

PLAY RECAP *********************************************************************
dut                        : ok=27   changed=4    unreachable=0    failed=0    skipped=5    rescued=0    ignored=0   
x1                         : ok=29   changed=7    unreachable=0    failed=0    skipped=10   rescued=0    ignored=0   



This lab tests the BGP MD5 password functionality. The EBGP session between the probe and the lab device should be established.
