time="2024-10-16T11:26:36Z" level=info msg="Containerlab v0.58.0 started"
time="2024-10-16T11:26:36Z" level=info msg="Parsing & checking topology file: clab.yml"
time="2024-10-16T11:26:36Z" level=info msg="Creating docker network: Name=\"nl_mgmt_17\", IPv4Subnet=\"192.168.17.0/24\", IPv6Subnet=\"\", MTU=0"
time="2024-10-16T11:26:36Z" level=info msg="Creating lab directory: /work/netlab_cicd/clab-ml_17"
time="2024-10-16T11:26:36Z" level=info msg="Creating container: \"h2\""
time="2024-10-16T11:26:36Z" level=info msg="Creating container: \"s1\""
time="2024-10-16T11:26:36Z" level=info msg="Creating container: \"h1\""
time="2024-10-16T11:26:36Z" level=info msg="Creating container: \"s2\""
time="2024-10-16T11:26:36Z" level=info msg="Creating container: \"h3\""
time="2024-10-16T11:26:36Z" level=info msg="Creating container: \"h4\""
time="2024-10-16T11:26:37Z" level=info msg="Created link: h1:eth1 <--> s1:eth2 (Ethernet0/2)"
time="2024-10-16T11:26:37Z" level=info msg="Created link: h3:eth1 <--> s1:eth3 (Ethernet0/3)"
time="2024-10-16T11:26:37Z" level=info msg="Running postdeploy actions for Cisco IOL 's1' node"
time="2024-10-16T11:26:37Z" level=info msg="Created link: s1:eth1 (Ethernet0/1) <--> s2:eth1 (Ethernet0/1)"
time="2024-10-16T11:26:37Z" level=info msg="Created link: h2:eth1 <--> s2:eth2 (Ethernet0/2)"
time="2024-10-16T11:26:37Z" level=info msg="Created link: h4:eth1 <--> s2:eth3 (Ethernet0/3)"
time="2024-10-16T11:26:37Z" level=info msg="Running postdeploy actions for Cisco IOL 's2' node"
time="2024-10-16T11:26:37Z" level=info msg="Adding containerlab host entries to /etc/hosts file"
time="2024-10-16T11:26:37Z" level=info msg="Adding ssh config for containerlab nodes"
+---+---------------+--------------+-----------------------------+-----------+---------+-------------------+--------------+
| # |     Name      | Container ID |            Image            |   Kind    |  State  |   IPv4 Address    | IPv6 Address |
+---+---------------+--------------+-----------------------------+-----------+---------+-------------------+--------------+
| 1 | clab-ml_17-h1 | f687f7af7b43 | python:3.9-alpine           | linux     | running | 192.168.17.101/24 | N/A          |
| 2 | clab-ml_17-h2 | f80f39147ace | python:3.9-alpine           | linux     | running | 192.168.17.102/24 | N/A          |
| 3 | clab-ml_17-h3 | c721362ad077 | python:3.9-alpine           | linux     | running | 192.168.17.103/24 | N/A          |
| 4 | clab-ml_17-h4 | ca683c8b252d | python:3.9-alpine           | linux     | running | 192.168.17.104/24 | N/A          |
| 5 | clab-ml_17-s1 | 8e2fd3d2d6af | vrnetlab/cisco_iol:17.12.01 | cisco_iol | running | 192.168.17.105/24 | N/A          |
| 6 | clab-ml_17-s2 | 239fe166ea55 | vrnetlab/cisco_iol:17.12.01 | cisco_iol | running | 192.168.17.106/24 | N/A          |
+---+---------------+--------------+-----------------------------+-----------+---------+-------------------+--------------+
Using transformed lab topology from snapshot file netlab.snapshot.yml
Checking virtualization provider installation
OK: clab installed and working correctly
Starting clab nodes
provider clab: executing sudo -E containerlab deploy -t clab.yml

Initial configuration skipped, run 'netlab initial' to configure the devices
