Creating Device configuration snippets
[CREATED] dut_a: initial,ospf
[CREATED] dut_c: initial,ospf,bgp
[CREATED] probe: initial,ospf
[CREATED] xf: initial,bgp
Checking Are lab devices ready to be configured?
 [INFO] Checking SSH server(s) on dut_a,dut_c
[SSH]     SSH server on node dut_a (device iosxr) is ready after 26.0 seconds
[SSH]     SSH server on node dut_c (device iosxr) is ready after 33.0 seconds
Config Deploying device configurations
 [INFO] Executing initial configuration for node probe
 [INFO] Executing initial configuration for node xf
 [INFO] Executing bgp configuration for node xf
 [INFO] Executing ospf configuration for node probe
 [INFO] Starting Ansible playbook to deploy the rest of the
          configurations
[WARNING]: Found variable using reserved name: hosts

PLAY [Deploy initial device configuration] *************************************

TASK [Set variables that cannot be set with VARS] ******************************
ok: [dut_a]
ok: [dut_c]

TASK [Normalize config on bridge-like devices] *********************************
included: /home/pipi/netlab_gh/netsim/ansible/tasks/deploy-module.yml for dut_a, dut_c

TASK [Figure out whether to deploy the module normalize on current device] *****
ok: [dut_a]
ok: [dut_c]

TASK [Find configuration template for normalize] *******************************
ok: [dut_a]
ok: [dut_c]

TASK [fail] ********************************************************************
skipping: [dut_a]
skipping: [dut_c]

TASK [Find configuration deployment deploy_script for normalize] ***************
ok: [dut_a]
ok: [dut_c]

TASK [Print deployed configuration when running in verbose mode] ***************
skipping: [dut_a]
skipping: [dut_c]

TASK [Deploy normalize configuration] ******************************************
skipping: [dut_a]
skipping: [dut_c]

TASK [Deploy initial configuration] ********************************************
included: /home/pipi/netlab_gh/netsim/ansible/tasks/deploy-module.yml for dut_a, dut_c

TASK [Figure out whether to deploy the module initial on current device] *******
ok: [dut_a]
ok: [dut_c]

TASK [Find configuration template for initial] *********************************
ok: [dut_a]
ok: [dut_c]

TASK [fail] ********************************************************************
skipping: [dut_a]
skipping: [dut_c]

TASK [Find configuration deployment deploy_script for initial] *****************
ok: [dut_a]
ok: [dut_c]

TASK [Print deployed configuration when running in verbose mode] ***************
ok: [dut_a] => {
    "msg": "initial configuration for dut_a\n=========================================\nhostname dut_a\n!\ndomain lookup disable\n!\nlldp\n no management enable\n!\ndomain ipv6 host dut_c 2001:db8:1:2::1\ndomain ipv6 host probe 2001:db8:1:3::1\ndomain ipv6 host xf 2001:db8:1:4::1\n!\ninterface Loopback0\n no shutdown\n ipv6 address 2001:db8:1:1::1/64\n!\ninterface GigabitEthernet0/0/0/0\n no shutdown\n description dut_a -> probe\n ipv6 address 2001:db8:3::1/64\n ipv6 nd ra-interval 5\n!\n"
}
ok: [dut_c] => {
    "msg": "initial configuration for dut_c\n=========================================\nhostname dut_c\n!\ndomain lookup disable\n!\nlldp\n no management enable\n!\ndomain ipv6 host dut_a 2001:db8:1:1::1\ndomain ipv6 host probe 2001:db8:1:3::1\ndomain ipv6 host xf 2001:db8:1:4::1\n!\ninterface Loopback0\n no shutdown\n ipv6 address 2001:db8:1:2::1/64\n!\ninterface GigabitEthernet0/0/0/0\n no shutdown\n description dut_c -> probe\n ipv6 address 2001:db8:3:1::1/64\n ipv6 nd ra-interval 5\n!\ninterface GigabitEthernet0/0/0/1\n no shutdown\n description dut_c -> xf [external]\n ipv6 address 2001:db8:3:2::1/64\n ipv6 nd ra-interval 5\n!\n"
}

TASK [Deploy initial configuration] ********************************************
included: /home/pipi/netlab_gh/netsim/ansible/tasks/deploy-config/iosxr.yml for dut_a, dut_c

TASK [iosxr_config: deploying initial from /work/netlab_cicd/node_files/dut_a/initial] ***
[WARNING]: To ensure idempotency and correct diff the input configuration lines
should be similar to how they appear if present in the running configuration on
device including the indentation
changed: [dut_a]
changed: [dut_c]

PLAY [Deploy module-specific configurations] ***********************************

TASK [Set variables that cannot be set with VARS] ******************************
ok: [dut_a]
ok: [dut_c]

TASK [Deploy individual configuration modules] *********************************
included: /home/pipi/netlab_gh/netsim/ansible/tasks/deploy-module.yml for dut_a, dut_c => (item=ospf)
included: /home/pipi/netlab_gh/netsim/ansible/tasks/deploy-module.yml for dut_a, dut_c => (item=bgp)

TASK [Figure out whether to deploy the module ospf on current device] **********
ok: [dut_a]
ok: [dut_c]

TASK [Find configuration template for ospf] ************************************
ok: [dut_a]
ok: [dut_c]

TASK [fail] ********************************************************************
skipping: [dut_a]
skipping: [dut_c]

TASK [Find configuration deployment deploy_script for ospf] ********************
ok: [dut_a]
ok: [dut_c]

TASK [Print deployed configuration when running in verbose mode] ***************
ok: [dut_a] => {
    "msg": "ospf configuration for dut_a\n=========================================\n!\nrouter ospfv3 1\n!\n! These throttle timers are probably too aggressive for a production network but\n! make labs run better ;)\n!\n timers throttle spf 10 20 100\n timers throttle lsa all 10 20 100\n router-id 10.0.0.1\n default-information originate always metric-type 2 metric 40\n\n area 0.0.0.0\n  interface Loopback0\n  interface GigabitEthernet0/0/0/0\n   network point-to-point\n\n"
}
ok: [dut_c] => {
    "msg": "ospf configuration for dut_c\n=========================================\n!\nrouter ospfv3 1\n!\n! These throttle timers are probably too aggressive for a production network but\n! make labs run better ;)\n!\n timers throttle spf 10 20 100\n timers throttle lsa all 10 20 100\n router-id 10.0.0.2\n default-information originate metric-type 1 metric 20\n\n area 0.0.0.0\n  interface Loopback0\n  interface GigabitEthernet0/0/0/0\n   network point-to-point\n   cost 10\n\n"
}

TASK [Deploy ospf configuration] ***********************************************
included: /home/pipi/netlab_gh/netsim/ansible/tasks/deploy-config/iosxr.yml for dut_a, dut_c

TASK [iosxr_config: deploying ospf from /work/netlab_cicd/node_files/dut_a/ospf] ***
changed: [dut_a]
changed: [dut_c]

TASK [Figure out whether to deploy the module bgp on current device] ***********
ok: [dut_a]
ok: [dut_c]

TASK [Find configuration template for bgp] *************************************
skipping: [dut_a]
ok: [dut_c]

TASK [fail] ********************************************************************
skipping: [dut_a]
skipping: [dut_c]

TASK [Find configuration deployment deploy_script for bgp] *********************
skipping: [dut_a]
ok: [dut_c]

TASK [Print deployed configuration when running in verbose mode] ***************
skipping: [dut_a]
ok: [dut_c] => {
    "msg": "bgp configuration for dut_c\n=========================================\n!\n!\nrouter bgp 65000\n bgp unsafe-ebgp-policy\n bgp scan-time 5\n bgp update-delay 5\n bgp router-id 10.0.0.2\n\n!\n address-family ipv6 unicast\n  bgp scan-time 5\n!\n  network 2001:db8:1:2::/64\n!\n!\n neighbor 2001:db8:3:2::2\n  remote-as 65100\n  description xf\n  address-family ipv6 unicast\n   send-community-ebgp\n\n"
}

TASK [Deploy bgp configuration] ************************************************
skipping: [dut_a]
included: /home/pipi/netlab_gh/netsim/ansible/tasks/deploy-config/iosxr.yml for dut_c

TASK [iosxr_config: deploying bgp from /work/netlab_cicd/node_files/dut_c/bgp] ***
changed: [dut_c]

PLAY [Deploy custom deployment templates] **************************************
skipping: no hosts matched

PLAY RECAP *********************************************************************
dut_a                      : ok=22   changed=2    unreachable=0    failed=0    skipped=10   rescued=0    ignored=0   
dut_c                      : ok=27   changed=3    unreachable=0    failed=0    skipped=6    rescued=0    ignored=0   

Results of configuration script deployments
================================================================================
probe            Script:  initial,ospf
xf               Script:  initial,bgp


This lab tests the OSPF default route origination. The devices under test
should originate the default route, one always, the other one based one
BGP default route.

