Warning in ansible: You're using Ansible version 12.x or higher; netlab might not work correctly
... Ansible core version 2.19 introduced breaking changes in templates and playbooks
... We tested netlab core with Ansible version 12.x but not every device template
... You might want to downgrade Ansible to version 11.10 or lower.
... Use 'netlab install ansible' on Ubuntu to do that
... Finally, please open a GitHub issue if you experience errors/crashes
... Set defaults.ansible.warnings.ver12 to False to hide this warning
 [INFO] Checking for updates in configuration templates
 [INFO] Creating configuration snippets
[CREATED] r: initial
[CREATED] h1: initial,routing
[CREATED] h2: initial,routing
[CREATED] h3: initial,routing
 [INFO] Executing initial configuration for node h1 (namespace clab-
          ml_23-h1)
 [INFO] Executing routing configuration for node h1 (namespace clab-
          ml_23-h1)
 [INFO] Executing initial configuration for node h2 (namespace clab-
          ml_23-h2)
 [INFO] Executing routing configuration for node h2 (namespace clab-
          ml_23-h2)
 [INFO] Executing initial configuration for node h3 (namespace clab-
          ml_23-h3)
 [INFO] Executing routing configuration for node h3 (namespace clab-
          ml_23-h3)

 [INFO] Starting Ansible playbook to deploy the rest of the
          configurations
[WARNING]: Could not match supplied host pattern, ignoring: unprovisioned
[WARNING]: Found variable using reserved name 'hosts'.
Origin: /work/netlab_cicd/hogs/group_vars/all/topology.yml:163:1

161     ipv4: 10.2.0.0/24
162     prefix: 32
163 hosts:
    ^ column 1


PLAY [Deploy initial device configuration] *************************************

TASK [Set variables that cannot be set with VARS] ******************************
ok: [h1]
ok: [h2]
ok: [h3]
ok: [r]

TASK [Generic readiness tests] *************************************************
skipping: [h1]
skipping: [h2]
skipping: [h3]
included: /home/pipi/netlab_gh/netsim/ansible/tasks/readiness-check/ssh.yml for r => (item=ssh)

TASK [Check if 'sshpass' is installed] *****************************************
ok: [r -> localhost]

TASK [Check for 'timeout' command] *********************************************
ok: [r -> localhost]

TASK [Execute local ssh command to check ssh readiness] ************************
FAILED - RETRYING: [r -> localhost]: Execute local ssh command to check ssh readiness (60 retries left).
FAILED - RETRYING: [r -> localhost]: Execute local ssh command to check ssh readiness (59 retries left).
FAILED - RETRYING: [r -> localhost]: Execute local ssh command to check ssh readiness (58 retries left).
FAILED - RETRYING: [r -> localhost]: Execute local ssh command to check ssh readiness (57 retries left).
FAILED - RETRYING: [r -> localhost]: Execute local ssh command to check ssh readiness (56 retries left).
FAILED - RETRYING: [r -> localhost]: Execute local ssh command to check ssh readiness (55 retries left).
FAILED - RETRYING: [r -> localhost]: Execute local ssh command to check ssh readiness (54 retries left).
FAILED - RETRYING: [r -> localhost]: Execute local ssh command to check ssh readiness (53 retries left).
FAILED - RETRYING: [r -> localhost]: Execute local ssh command to check ssh readiness (52 retries left).
ok: [r -> localhost]

TASK [Confirm r SSH server works] **********************************************
ok: [r] => {
    "msg": "Node r is ready."
}

TASK [Find device readiness script] ********************************************
ok: [h1]
ok: [h2]
ok: [h3]
ok: [r]

TASK [Wait for device to become ready] *****************************************
skipping: [h1]
skipping: [h2]
skipping: [h3]
included: /home/pipi/netlab_gh/netsim/ansible/tasks/readiness-check/junos.yml for r

TASK [set_fact] ****************************************************************
ok: [r]

TASK [Wait for first interface (ge-0/0/0)] *************************************
ok: [r]

TASK [Normalize config on bridge-like devices] *********************************
included: /home/pipi/netlab_gh/netsim/ansible/tasks/deploy-module.yml for h1
included: /home/pipi/netlab_gh/netsim/ansible/tasks/deploy-module.yml for h2
included: /home/pipi/netlab_gh/netsim/ansible/tasks/deploy-module.yml for h3
included: /home/pipi/netlab_gh/netsim/ansible/tasks/deploy-module.yml for r

TASK [Figure out whether to deploy the module normalize on current device] *****
ok: [h1]

TASK [Find configuration template for normalize] *******************************
ok: [h1]

TASK [fail] ********************************************************************
skipping: [h1]

TASK [Find configuration deployment deploy_script for normalize] ***************
ok: [h1]

TASK [Print deployed configuration when running in verbose mode] ***************
skipping: [h1]

TASK [Deploy normalize configuration] ******************************************
skipping: [h1]

TASK [Figure out whether to deploy the module normalize on current device] *****
ok: [h2]

TASK [Find configuration template for normalize] *******************************
ok: [h2]

TASK [fail] ********************************************************************
skipping: [h2]

TASK [Find configuration deployment deploy_script for normalize] ***************
ok: [h2]

TASK [Print deployed configuration when running in verbose mode] ***************
skipping: [h2]

TASK [Deploy normalize configuration] ******************************************
skipping: [h2]

TASK [Figure out whether to deploy the module normalize on current device] *****
ok: [h3]

TASK [Find configuration template for normalize] *******************************
ok: [h3]

TASK [fail] ********************************************************************
skipping: [h3]

TASK [Find configuration deployment deploy_script for normalize] ***************
ok: [h3]

TASK [Print deployed configuration when running in verbose mode] ***************
skipping: [h3]

TASK [Deploy normalize configuration] ******************************************
skipping: [h3]

TASK [Figure out whether to deploy the module normalize on current device] *****
ok: [r]

TASK [Find configuration template for normalize] *******************************
ok: [r]

TASK [fail] ********************************************************************
skipping: [r]

TASK [Find configuration deployment deploy_script for normalize] ***************
ok: [r]

TASK [Print deployed configuration when running in verbose mode] ***************
skipping: [r]

TASK [Deploy normalize configuration] ******************************************
skipping: [r]

TASK [Deploy initial configuration] ********************************************
included: /home/pipi/netlab_gh/netsim/ansible/tasks/deploy-module.yml for h1
included: /home/pipi/netlab_gh/netsim/ansible/tasks/deploy-module.yml for h2
included: /home/pipi/netlab_gh/netsim/ansible/tasks/deploy-module.yml for h3
included: /home/pipi/netlab_gh/netsim/ansible/tasks/deploy-module.yml for r

TASK [Figure out whether to deploy the module initial on current device] *******
ok: [h1]

TASK [Find configuration template for initial] *********************************
skipping: [h1]

TASK [fail] ********************************************************************
skipping: [h1]

TASK [Find configuration deployment deploy_script for initial] *****************
skipping: [h1]

TASK [Print deployed configuration when running in verbose mode] ***************
skipping: [h1]

TASK [Deploy initial configuration] ********************************************
skipping: [h1]

TASK [Figure out whether to deploy the module initial on current device] *******
ok: [h2]

TASK [Find configuration template for initial] *********************************
skipping: [h2]

TASK [fail] ********************************************************************
skipping: [h2]

TASK [Find configuration deployment deploy_script for initial] *****************
skipping: [h2]

TASK [Print deployed configuration when running in verbose mode] ***************
skipping: [h2]

TASK [Deploy initial configuration] ********************************************
skipping: [h2]

TASK [Figure out whether to deploy the module initial on current device] *******
ok: [h3]

TASK [Find configuration template for initial] *********************************
skipping: [h3]

TASK [fail] ********************************************************************
skipping: [h3]

TASK [Find configuration deployment deploy_script for initial] *****************
skipping: [h3]

TASK [Print deployed configuration when running in verbose mode] ***************
skipping: [h3]

TASK [Deploy initial configuration] ********************************************
skipping: [h3]

TASK [Figure out whether to deploy the module initial on current device] *******
ok: [r]

TASK [Find configuration template for initial] *********************************
ok: [r]

TASK [fail] ********************************************************************
skipping: [r]

TASK [Find configuration deployment deploy_script for initial] *****************
ok: [r]

TASK [Print deployed configuration when running in verbose mode] ***************
ok: [r] => {
    "msg": "initial configuration for r\n=========================================\nsystem {\n  host-name r;\n  static-host-mapping {\n    h1 inet 172.16.0.1;\n    h2 inet 172.16.1.2;\n    h3 inet 172.16.2.3;\n  }\n}\n\n\ninterfaces {\n  ge-0/0/0 {\n    mtu 1514;\n  }\n  ge-0/0/1 {\n    mtu 1514;\n  }\n  ge-0/0/2 {\n    mtu 1514;\n  }\n\n  lo0.0 {\n    \n      family inet {\n        address 10.0.0.132/32;\n      }\n      family inet6 {\n        address 2001:db8:0:84::1/64;\n      }\n    \n  }\n  ge-0/0/0.0 {\n    description \"r -> h1 [stub]\";\n    \n      bandwidth 1000000;\n      family inet {\n        address 172.16.0.132/24;\n      }\n      family inet6 {\n        address 2001:db8:1::84/64;\n      }\n    \n  }\n  ge-0/0/1.0 {\n    description \"r -> h2 [stub]\";\n    \n      bandwidth 2000000;\n      family inet {\n        address 172.16.1.132/24;\n      }\n      family inet6 {\n        address 2001:db8:1:1::84/64;\n      }\n    \n  }\n  ge-0/0/2.0 {\n    description \"r -> h3 [stub]\";\n    \n      disable;\n      family inet {\n        address 172.16.2.132/24;\n      }\n      family inet6 {\n        address 2001:db8:1:2::84/64;\n      }\n    \n  }\n}\nprotocols {\n  lldp {\n    interface fxp0 {\n      disable;\n    }\n    interface all;\n  }\n  router-advertisement {\n    interface ge-0/0/0.0;\n    interface ge-0/0/1.0;\n    interface ge-0/0/2.0;\n  }\n}\n"
}

TASK [Deploy initial configuration] ********************************************
included: /home/pipi/netlab_gh/netsim/ansible/tasks/deploy-config/junos.yml for r

TASK [junos_config: deploying initial from /work/netlab_cicd/hogs/node_files/r/initial] ***
changed: [r]

PLAY [Deploy module-specific configurations] ***********************************

TASK [Set variables that cannot be set with VARS] ******************************
ok: [h1]
ok: [h2]
ok: [h3]

TASK [Deploy individual configuration modules] *********************************
included: /home/pipi/netlab_gh/netsim/ansible/tasks/deploy-module.yml for h1 => (item=routing)
included: /home/pipi/netlab_gh/netsim/ansible/tasks/deploy-module.yml for h2 => (item=routing)
included: /home/pipi/netlab_gh/netsim/ansible/tasks/deploy-module.yml for h3 => (item=routing)

TASK [Figure out whether to deploy the module routing on current device] *******
ok: [h1]

TASK [Find configuration template for routing] *********************************
skipping: [h1]

TASK [fail] ********************************************************************
skipping: [h1]

TASK [Find configuration deployment deploy_script for routing] *****************
skipping: [h1]

TASK [Print deployed configuration when running in verbose mode] ***************
skipping: [h1]

TASK [Deploy routing configuration] ********************************************
skipping: [h1]

TASK [Figure out whether to deploy the module routing on current device] *******
ok: [h2]

TASK [Find configuration template for routing] *********************************
skipping: [h2]

TASK [fail] ********************************************************************
skipping: [h2]

TASK [Find configuration deployment deploy_script for routing] *****************
skipping: [h2]

TASK [Print deployed configuration when running in verbose mode] ***************
skipping: [h2]

TASK [Deploy routing configuration] ********************************************
skipping: [h2]

TASK [Figure out whether to deploy the module routing on current device] *******
ok: [h3]

TASK [Find configuration template for routing] *********************************
skipping: [h3]

TASK [fail] ********************************************************************
skipping: [h3]

TASK [Find configuration deployment deploy_script for routing] *****************
skipping: [h3]

TASK [Print deployed configuration when running in verbose mode] ***************
skipping: [h3]

TASK [Deploy routing configuration] ********************************************
skipping: [h3]

PLAY [Deploy custom deployment templates] **************************************
skipping: no hosts matched

PLAY RECAP *********************************************************************
h1                         : ok=11   changed=0    unreachable=0    failed=0    skipped=15   rescued=0    ignored=0   
h2                         : ok=11   changed=0    unreachable=0    failed=0    skipped=15   rescued=0    ignored=0   
h3                         : ok=11   changed=0    unreachable=0    failed=0    skipped=15   rescued=0    ignored=0   
r                          : ok=21   changed=1    unreachable=0    failed=0    skipped=4    rescued=0    ignored=0   


Warning: The following warnings were generated during the 'netlab initial' processing
Warning: ansible: You're using Ansible version 12.x or higher; netlab might not work correctly
Results of configuration script deployments
================================================================================
h1                           OK: 2   
h2                           OK: 2   
h3                           OK: 2   


This scenario tests basic interface, IPv4, and IPv6 configuration, including generation of IPv6 Router Advertisements
