16:39:38 INFO Containerlab started version=0.69.3
16:39:38 INFO Parsing & checking topology file=clab.yml
16:39:38 INFO Removing directory path=/work/netlab_cicd/clab-ml_17
16:39:38 INFO Creating docker network name=nl_mgmt_17 IPv4 subnet=192.168.17.0/24 IPv6 subnet="" MTU=0
16:39:38 INFO Creating lab directory path=/work/netlab_cicd/clab-ml_17
16:39:38 INFO Creating container name=h3a
16:39:38 INFO Creating container name=h1
16:39:38 INFO Creating container name=h2
16:39:38 INFO Creating container name=h1a
16:39:38 INFO Creating container name=h4
16:39:38 INFO Creating container name=s2
16:39:38 INFO Creating container name=h3
16:39:38 INFO Creating container name=dut
16:39:39 INFO Created link: h4:eth1 ▪┄┄▪ s2:eth3
16:39:39 INFO Created link: h2:eth1 ▪┄┄▪ s2:eth2
16:39:39 INFO Created link: dut:e1-1-c1-1 (1/1/c1/1) ▪┄┄▪ s2:eth1
16:39:39 INFO Created link: h1:eth1 ▪┄┄▪ dut:e1-1-c2-1 (1/1/c2/1)
16:39:40 INFO Created link: h1a:eth1 ▪┄┄▪ dut:e1-1-c3-1 (1/1/c3/1)
16:39:40 INFO Created link: h3:eth1 ▪┄┄▪ dut:e1-1-c4-1 (1/1/c4/1)
16:39:40 INFO Created link: h3a:eth1 ▪┄┄▪ dut:e1-1-c5-1 (1/1/c5/1)
16:39:40 INFO Running postdeploy actions kind=nokia_srsim node=dut
16:39:46 INFO Saved running configuration node=dut addr=192.168.17.107
16:39:46 INFO Adding host entries path=/etc/hosts
16:39:46 INFO Adding SSH config for nodes path=/etc/ssh/ssh_config.d/clab-ml_17.conf
You are on the latest version (0.69.3)
[1m╭[0m[1m────────────────[0m[1m┬[0m[1m──────────────────────────────[0m[1m┬[0m[1m─────────[0m[1m┬[0m[1m────────────────[0m[1m╮[0m
[1m│[0m[1m      Name      [0m[1m│[0m[1m          Kind/Image          [0m[1m│[0m[1m  State  [0m[1m│[0m[1m IPv4/6 Address [0m[1m│[0m
[1m├[0m[1m────────────────[0m[1m┼[0m[1m──────────────────────────────[0m[1m┼[0m[1m─────────[0m[1m┼[0m[1m────────────────[0m[1m┤[0m
│ clab-ml_17-dut │ nokia_srsim                  │ running │ 192.168.17.107 │
│                │ nokia_srsim:25.7.R1          │         │ N/A            │
├────────────────┼──────────────────────────────┼─────────┼────────────────┤
│ clab-ml_17-h1  │ linux                        │ running │ 192.168.17.101 │
│                │ python:3.13-alpine           │         │ N/A            │
├────────────────┼──────────────────────────────┼─────────┼────────────────┤
│ clab-ml_17-h1a │ linux                        │ running │ 192.168.17.102 │
│                │ python:3.13-alpine           │         │ N/A            │
├────────────────┼──────────────────────────────┼─────────┼────────────────┤
│ clab-ml_17-h2  │ linux                        │ running │ 192.168.17.103 │
│                │ python:3.13-alpine           │         │ N/A            │
├────────────────┼──────────────────────────────┼─────────┼────────────────┤
│ clab-ml_17-h3  │ linux                        │ running │ 192.168.17.104 │
│                │ python:3.13-alpine           │         │ N/A            │
├────────────────┼──────────────────────────────┼─────────┼────────────────┤
│ clab-ml_17-h3a │ linux                        │ running │ 192.168.17.105 │
│                │ python:3.13-alpine           │         │ N/A            │
├────────────────┼──────────────────────────────┼─────────┼────────────────┤
│ clab-ml_17-h4  │ linux                        │ running │ 192.168.17.106 │
│                │ python:3.13-alpine           │         │ N/A            │
├────────────────┼──────────────────────────────┼─────────┼────────────────┤
│ clab-ml_17-s2  │ linux                        │ running │ 192.168.17.108 │
│                │ quay.io/frrouting/frr:10.4.1 │         │ N/A            │
╰────────────────┴──────────────────────────────┴─────────┴────────────────╯
Using transformed lab topology from snapshot file netlab.snapshot.pickle
Checking virtualization provider installation
OK: clab installed and working correctly
Starting clab nodes
provider clab: executing sudo -E containerlab deploy --reconfigure -t clab.yml

Initial configuration skipped, run 'netlab initial' to configure the devices
