 [INFO] Creating configuration snippets
[CREATED] h1: initial,routing
[CREATED] h2: initial,routing
[CREATED] pe1: initial,isis,bgp,sr
[CREATED] pe2: initial,isis,bgp,sr
[CREATED] dut: initial,isis,sr
[CREATED] p2: initial,isis,sr
 [INFO] Executing initial configuration for node h1 (namespace clab-
          ml-17-h1)
 [INFO] Executing initial configuration for node h2 (namespace clab-
          ml-17-h2)
 [INFO] Executing initial configuration for node pe1
 [INFO] Executing initial configuration for node pe2
 [INFO] Executing initial configuration for node dut
 [INFO] Executing initial configuration for node p2
 [INFO] Executing routing configuration for node h2 (namespace clab-
          ml-17-h2)
 [INFO] Executing routing configuration for node h1 (namespace clab-
          ml-17-h1)
 [INFO] Executing isis configuration for node dut
 [INFO] Executing isis configuration for node pe2
 [INFO] Executing isis configuration for node pe1
 [INFO] Executing isis configuration for node p2
 [INFO] Executing bgp configuration for node pe2
 [INFO] Executing bgp configuration for node pe1
 [INFO] Executing sr configuration for node dut
 [INFO] Executing sr configuration for node pe2
 [INFO] Executing sr configuration for node pe1
 [INFO] Executing sr configuration for node p2

Results of configuration script deployments
================================================================================
h1                           OK: 2   
h2                           OK: 2   
pe1                          OK: 4   
pe2                          OK: 4   
dut                          OK: 3   
p2                           OK: 3   


The tested device (DUT) is a P-router running IS-IS and SR-MPLS in an
IPv4-only network. The validation test checks end-to-end connectivity across a
BGP-free MPLS core.

