[CONFIG]  h1: initial,routing,hosts
[CONFIG]  h2: initial,routing,hosts (shared)
[CONFIG]  dut: daemons,hosts (shared),initial,isis,bgp,sr
[CONFIG]  pe2: daemons,hosts (shared),initial,isis,bgp,sr
[CONFIG]  p1: daemons,hosts (shared),initial,isis,sr
[CONFIG]  p2: daemons,hosts (shared),initial,isis,sr
Createdprovider configuration file: clab.yml
Createdpickled transformed topology data into netlab.snapshot.pickle
Created group_vars for all
Created group_vars for modules
Created group_vars for linux
Created host_vars for h1
Created host_vars for h2
Created group_vars for frr
Created host_vars for dut
Created host_vars for pe2
Created host_vars for p1
Created host_vars for p2
Createdminimized Ansible inventory hosts.yml
CreatedAnsible configuration file: ansible.cfg
Createdtransformed topology dump in YAML format in netlab.snapshot.yml
