12:11:34 INFO Parsing & checking topology file=clab.yml
12:11:34 INFO Parsing & checking topology file=clab.yml
12:11:34 INFO Destroying lab name=ml-17
12:11:34 INFO Removed container name=clab-ml-17-h2
12:11:34 INFO Removed container name=clab-ml-17-p2
12:11:34 INFO Removed container name=clab-ml-17-pe2
12:11:34 INFO Removed container name=clab-ml-17-dut
12:11:35 INFO Removed container name=clab-ml-17-h1
12:11:35 INFO Removed container name=clab-ml-17-p1
12:11:35 INFO Removing host entries path=/etc/hosts
12:11:35 INFO Removing SSH config path=/etc/ssh/ssh_config.d/clab-ml-17.conf
Checking virtualization provider installation
OK: clab installed and working correctly
Stopping clab nodes
Cleanup configuration files
... removing clab.yml
... removing ansible.cfg
... removing hosts.yml
... removing directory tree group_vars
... removing directory tree host_vars
... removing directory tree node_files
... removing netlab.snapshot.yml
... removing netlab.snapshot.pickle
