 [INFO] Adding native VLAN 1 to interface Ethernet1 on node s2
Warning in csr: Changing Ansible network_cli connection SSH type to 'paramiko'
... The installed version of ansible-pylibssh might not work with Cisco IOS devices
... Set defaults.devices.csr.warnings.paramiko to False to hide this warning
Createdprovider configuration file: Vagrantfile
Creating configuration file for secondary provider clab
Createdprovider configuration file: clab-augment.yml
Created h1: initial,routing,hosts
Created h2: initial,routing,hosts (shared)
Created h3: initial,routing,hosts (shared)
Created h4: initial,routing,hosts (shared)
Created h5: initial,routing,hosts (shared)
Created h6: initial,routing,hosts (shared)
Createdtransformed topology dump in YAML format in netlab.snapshot.yml
Createdpickled transformed topology data into netlab.snapshot.pickle
Created group_vars for all
Created group_vars for modules
Created group_vars for linux
Created host_vars for h1
Created host_vars for h2
Created host_vars for h3
Created host_vars for h4
Created host_vars for h5
Created host_vars for h6
Created group_vars for csr
Created host_vars for s1
Created group_vars for eos
Created host_vars for s2
Createdminimized Ansible inventory hosts.yml
CreatedAnsible configuration file: ansible.cfg
