15:52:25 INFO Parsing & checking topology file=clab-augment.yml
15:52:25 INFO Parsing & checking topology file=clab-augment.yml
15:52:25 INFO Destroying lab name=ml_30
15:52:26 INFO Removed container name=clab-ml_30-d3
15:52:26 INFO Removed container name=clab-ml_30-d1
15:52:26 INFO Removed container name=clab-ml_30-r2
15:52:26 INFO Removed container name=clab-ml_30-r4
15:52:26 INFO Removed container name=clab-ml_30-d2
15:52:26 INFO Removed container name=clab-ml_30-r1
15:52:26 INFO Removed container name=clab-ml_30-r3
15:52:26 INFO Removed container name=clab-ml_30-d4
15:52:26 INFO Removing host entries path=/etc/hosts
15:52:26 INFO Removing SSH config path=/etc/ssh/ssh_config.d/clab-ml_30.conf
[fog][WARNING] Unrecognized arguments: libvirt_ip_command
[fog][WARNING] Unrecognized arguments: libvirt_ip_command
[fog][WARNING] Unrecognized arguments: libvirt_ip_command
[fog][WARNING] Unrecognized arguments: libvirt_ip_command
==> s4: Removing domain...
==> s4: Deleting the machine folder
==> s3: Removing domain...
==> s3: Deleting the machine folder
==> s2: Removing domain...
==> s2: Deleting the machine folder
==> s1: Removing domain...
==> s1: Deleting the machine folder
Checking virtualization provider installation
OK: libvirt installed and working correctly
OK: clab installed and working correctly
Stopping clab nodes

Stopping libvirt nodes
Cleanup configuration files
... removing Vagrantfile
... removing directory tree .vagrant
... removing directory tree clab_files
... removing clab-augment.yml
... removing ansible.cfg
... removing hosts.yml
... removing directory tree group_vars
... removing directory tree host_vars
... removing netlab.snapshot.yml
