[WARNING]: Could not match supplied host pattern, ignoring: unprovisioned

PLAY [Deploy initial device configuration] *************************************

TASK [Set variables that cannot be set with VARS] ******************************
ok: [probe]
ok: [x1]
ok: [dut]

TASK [Find device readiness script] ********************************************
ok: [probe]
ok: [x1]
ok: [dut]

TASK [Wait for device to become ready] *****************************************
skipping: [dut]
skipping: [probe]
skipping: [x1]

TASK [Deploy initial configuration] ********************************************
included: /home/pipi/net101/tools/netsim/ansible/tasks/deploy-module.yml for dut, probe, x1

TASK [Figure out whether to deploy the module initial on current device] *******
ok: [probe]
ok: [x1]
ok: [dut]

TASK [Find configuration template for initial] *********************************
ok: [probe]
ok: [x1]
ok: [dut]

TASK [Print deployed configuration when running in verbose mode] ***************
skipping: [dut]
skipping: [probe]
skipping: [x1]

TASK [Find configuration deployment deploy_script for initial] *****************
ok: [probe]
ok: [x1]
ok: [dut]

TASK [Deploy initial configuration] ********************************************
included: /home/pipi/net101/tools/netsim/ansible/tasks/deploy-config/arubacx.yml for dut
included: /home/pipi/net101/tools/netsim/ansible/tasks/frr/initial-clab.yml for probe, x1

TASK [tempfile] ****************************************************************
changed: [dut -> localhost]

TASK [template] ****************************************************************
changed: [dut -> localhost]

TASK [aoscx_config: set session auto-confirm for initial] **********************
changed: [dut]

TASK [aoscx_config: deploying initial from /home/pipi/net101/tools/netsim/ansible/templates/initial/arubacx.j2] ***
changed: [dut]

TASK [file] ********************************************************************
changed: [dut -> localhost]

TASK [Attempt to load VRF kernel module] ***************************************
changed: [probe -> localhost]
changed: [x1 -> localhost]

TASK [Disable FRR management VRF when modprobe fails] **************************
skipping: [probe]
skipping: [x1]

TASK [include_tasks] ***********************************************************
included: /home/pipi/net101/tools/netsim/ansible/tasks/frr/deploy-config.yml for probe, x1

TASK [template] ****************************************************************
changed: [probe]
changed: [x1]

TASK [set_fact] ****************************************************************
ok: [probe]
ok: [x1]

TASK [run /tmp/config.sh to deploy initial config from /home/pipi/net101/tools/netsim/ansible/templates/initial/frr.j2] ***
changed: [probe]
changed: [x1]

TASK [run vtysh to import initial config from /home/pipi/net101/tools/netsim/ansible/templates/initial/frr.j2] ***
skipping: [probe]
skipping: [x1]

PLAY [Deploy module-specific configurations] ***********************************

TASK [Set variables that cannot be set with VARS] ******************************
ok: [probe]
ok: [x1]
ok: [dut]

TASK [Deploy individual configuration modules] *********************************
included: /home/pipi/net101/tools/netsim/ansible/tasks/deploy-module.yml for dut, probe, x1 => (item=bgp)
included: /home/pipi/net101/tools/netsim/ansible/tasks/deploy-module.yml for dut, probe, x1 => (item=routing)

TASK [Figure out whether to deploy the module bgp on current device] ***********
ok: [probe]
ok: [x1]
ok: [dut]

TASK [Find configuration template for bgp] *************************************
ok: [probe]
ok: [x1]
ok: [dut]

TASK [Print deployed configuration when running in verbose mode] ***************
skipping: [dut]
skipping: [probe]
skipping: [x1]

TASK [Find configuration deployment deploy_script for bgp] *********************
ok: [probe]
ok: [x1]
ok: [dut]

TASK [Deploy bgp configuration] ************************************************
included: /home/pipi/net101/tools/netsim/ansible/tasks/deploy-config/arubacx.yml for dut
included: /home/pipi/net101/tools/netsim/ansible/tasks/deploy-config/frr.yml for probe, x1

TASK [tempfile] ****************************************************************
changed: [dut -> localhost]

TASK [template] ****************************************************************
changed: [dut -> localhost]

TASK [aoscx_config: set session auto-confirm for bgp] **************************
changed: [dut]

TASK [aoscx_config: deploying bgp from /home/pipi/net101/tools/netsim/ansible/templates/bgp/arubacx.j2] ***
changed: [dut]

TASK [file] ********************************************************************
changed: [dut -> localhost]

TASK [template] ****************************************************************
changed: [probe]
changed: [x1]

TASK [set_fact] ****************************************************************
ok: [probe]
ok: [x1]

TASK [run /tmp/config.sh to deploy bgp config from /home/pipi/net101/tools/netsim/ansible/templates/bgp/frr.j2] ***
skipping: [probe]
skipping: [x1]

TASK [run vtysh to import bgp config from /home/pipi/net101/tools/netsim/ansible/templates/bgp/frr.j2] ***
changed: [x1]
changed: [probe]

TASK [Figure out whether to deploy the module routing on current device] *******
ok: [probe]
ok: [x1]
ok: [dut]

TASK [Find configuration template for routing] *********************************
ok: [probe]
ok: [x1]
ok: [dut]

TASK [Print deployed configuration when running in verbose mode] ***************
skipping: [dut]
skipping: [probe]
skipping: [x1]

TASK [Find configuration deployment deploy_script for routing] *****************
ok: [probe]
ok: [x1]
ok: [dut]

TASK [Deploy routing configuration] ********************************************
included: /home/pipi/net101/tools/netsim/ansible/tasks/deploy-config/arubacx.yml for dut
included: /home/pipi/net101/tools/netsim/ansible/tasks/deploy-config/frr.yml for probe, x1

TASK [tempfile] ****************************************************************
changed: [dut -> localhost]

TASK [template] ****************************************************************
changed: [dut -> localhost]

TASK [aoscx_config: set session auto-confirm for routing] **********************
changed: [dut]

TASK [aoscx_config: deploying routing from /home/pipi/net101/tools/netsim/ansible/templates/routing/arubacx.j2] ***
changed: [dut]

TASK [file] ********************************************************************
changed: [dut -> localhost]

TASK [template] ****************************************************************
changed: [probe]
changed: [x1]

TASK [set_fact] ****************************************************************
ok: [probe]
ok: [x1]

TASK [run /tmp/config.sh to deploy routing config from /home/pipi/net101/tools/netsim/ansible/templates/routing/frr.j2] ***
skipping: [probe]
skipping: [x1]

TASK [run vtysh to import routing config from /home/pipi/net101/tools/netsim/ansible/templates/routing/frr.j2] ***
changed: [x1]
changed: [probe]

PLAY [Deploy custom deployment templates] **************************************

TASK [Run custom configuration deployment scripts] *****************************
included: /home/pipi/net101/tools/netsim/ansible/tasks/deploy-custom-config.yml for dut, x1 => (item=bgp.policy)

TASK [Find configuration template] *********************************************
ok: [x1]
ok: [dut]

TASK [fail] ********************************************************************
skipping: [dut]
skipping: [x1]

TASK [Check is the configuration template is a file] ***************************
ok: [dut -> localhost]
ok: [x1 -> localhost]

TASK [fail] ********************************************************************
skipping: [dut]
skipping: [x1]

TASK [Process template /home/pipi/net101/tools/netsim/extra/bgp.policy/arubacx.j2 for dut] ***
skipping: [x1]
skipping: [dut]

TASK [Find custom configuration deployment script] *****************************
ok: [x1]
ok: [dut]

TASK [Run the configuration deployment script] *********************************
included: /home/pipi/net101/tools/netsim/ansible/tasks/deploy-config/arubacx.yml for dut
included: /home/pipi/net101/tools/netsim/ansible/tasks/deploy-config/frr.yml for x1

TASK [tempfile] ****************************************************************
changed: [dut -> localhost]

TASK [template] ****************************************************************
changed: [dut -> localhost]

TASK [aoscx_config: set session auto-confirm for bgp.policy] *******************
changed: [dut]

TASK [aoscx_config: deploying bgp.policy from /home/pipi/net101/tools/netsim/extra/bgp.policy/arubacx.j2] ***
changed: [dut]

TASK [file] ********************************************************************
changed: [dut -> localhost]

TASK [template] ****************************************************************
changed: [x1]

TASK [set_fact] ****************************************************************
ok: [x1]

TASK [run /tmp/config.sh to deploy bgp.policy config from /home/pipi/net101/tools/netsim/extra/bgp.policy/frr.j2] ***
skipping: [x1]

TASK [run vtysh to import bgp.policy config from /home/pipi/net101/tools/netsim/extra/bgp.policy/frr.j2] ***
changed: [x1]

PLAY RECAP *********************************************************************
dut                        : ok=43   changed=20   unreachable=0    failed=0    skipped=7    rescued=0    ignored=0   
probe                      : ok=29   changed=7    unreachable=0    failed=0    skipped=8    rescued=0    ignored=0   
x1                         : ok=37   changed=9    unreachable=0    failed=0    skipped=12   rescued=0    ignored=0   



Use this topology to test 'set.community.append' route-map option.

