Warning in ansible: You're using Ansible version 12.x or higher; netlab might not work correctly
... Ansible core version 2.19 introduced breaking changes in templates and playbooks
... We tested netlab core with Ansible version 12.x but not every device template
... You might want to downgrade Ansible to version 11.10 or lower.
... Use 'netlab install ansible' on Ubuntu to do that
... Finally, please open a GitHub issue if you experience errors/crashes
... Set defaults.ansible.warnings.ver12 to False to hide this warning
 [INFO] Checking for updates in configuration templates
 [INFO] Creating configuration snippets
[CREATED] dut: initial,routing,vrf
[CREATED] h1: initial,routing
[CREATED] h2: initial,routing
[CREATED] h3: initial,routing
[CREATED] v1: initial,routing
[CREATED] v2: initial,routing
[CREATED] v3: initial,routing
 [INFO] Executing initial configuration for node h1 (namespace clab-
          ml_17-h1)
 [INFO] Executing routing configuration for node h1 (namespace clab-
          ml_17-h1)
 [INFO] Executing initial configuration for node h2 (namespace clab-
          ml_17-h2)
 [INFO] Executing routing configuration for node h2 (namespace clab-
          ml_17-h2)
 [INFO] Executing initial configuration for node h3 (namespace clab-
          ml_17-h3)
 [INFO] Executing routing configuration for node h3 (namespace clab-
          ml_17-h3)
 [INFO] Executing initial configuration for node v1 (namespace clab-
          ml_17-v1)
 [INFO] Executing routing configuration for node v1 (namespace clab-
          ml_17-v1)
 [INFO] Executing initial configuration for node v2 (namespace clab-
          ml_17-v2)
 [INFO] Executing routing configuration for node v2 (namespace clab-
          ml_17-v2)
 [INFO] Executing initial configuration for node v3 (namespace clab-
          ml_17-v3)
 [INFO] Executing routing configuration for node v3 (namespace clab-
          ml_17-v3)

 [INFO] Starting Ansible playbook to deploy the rest of the
          configurations
[WARNING]: Could not match supplied host pattern, ignoring: unprovisioned
[WARNING]: Found variable using reserved name 'hosts'.
Origin: /work/netlab_cicd/group_vars/all/topology.yml:169:1

167     prefix: 32
168     ipv6: 2001:db8:4::/48
169 hosts:
    ^ column 1


PLAY [Deploy initial device configuration] *************************************

TASK [Set variables that cannot be set with VARS] ******************************
ok: [h1]
ok: [h2]
ok: [h3]
ok: [v1]
ok: [v2]
ok: [v3]
ok: [dut]

TASK [Generic readiness tests] *************************************************
skipping: [dut]
skipping: [h1]
skipping: [h2]
skipping: [h3]
skipping: [v1]
skipping: [v2]
skipping: [v3]

TASK [Find device readiness script] ********************************************
ok: [h1]
ok: [h2]
ok: [h3]
ok: [v1]
ok: [v2]
ok: [v3]
ok: [dut]

TASK [Wait for device to become ready] *****************************************
skipping: [dut]
skipping: [h1]
skipping: [h2]
skipping: [h3]
skipping: [v1]
skipping: [v2]
skipping: [v3]

TASK [Normalize config on bridge-like devices] *********************************
included: /home/pipi/netlab_gh/netsim/ansible/tasks/deploy-module.yml for dut
included: /home/pipi/netlab_gh/netsim/ansible/tasks/deploy-module.yml for h1
included: /home/pipi/netlab_gh/netsim/ansible/tasks/deploy-module.yml for h2
included: /home/pipi/netlab_gh/netsim/ansible/tasks/deploy-module.yml for h3
included: /home/pipi/netlab_gh/netsim/ansible/tasks/deploy-module.yml for v1
included: /home/pipi/netlab_gh/netsim/ansible/tasks/deploy-module.yml for v2
included: /home/pipi/netlab_gh/netsim/ansible/tasks/deploy-module.yml for v3

TASK [Figure out whether to deploy the module normalize on current device] *****
ok: [dut]

TASK [Find configuration template for normalize] *******************************
ok: [dut]

TASK [fail] ********************************************************************
skipping: [dut]

TASK [Find configuration deployment deploy_script for normalize] ***************
ok: [dut]

TASK [Print deployed configuration when running in verbose mode] ***************
skipping: [dut]

TASK [Deploy normalize configuration] ******************************************
skipping: [dut]

TASK [Figure out whether to deploy the module normalize on current device] *****
ok: [h1]

TASK [Find configuration template for normalize] *******************************
ok: [h1]

TASK [fail] ********************************************************************
skipping: [h1]

TASK [Find configuration deployment deploy_script for normalize] ***************
ok: [h1]

TASK [Print deployed configuration when running in verbose mode] ***************
skipping: [h1]

TASK [Deploy normalize configuration] ******************************************
skipping: [h1]

TASK [Figure out whether to deploy the module normalize on current device] *****
ok: [h2]

TASK [Find configuration template for normalize] *******************************
ok: [h2]

TASK [fail] ********************************************************************
skipping: [h2]

TASK [Find configuration deployment deploy_script for normalize] ***************
ok: [h2]

TASK [Print deployed configuration when running in verbose mode] ***************
skipping: [h2]

TASK [Deploy normalize configuration] ******************************************
skipping: [h2]

TASK [Figure out whether to deploy the module normalize on current device] *****
ok: [h3]

TASK [Find configuration template for normalize] *******************************
ok: [h3]

TASK [fail] ********************************************************************
skipping: [h3]

TASK [Find configuration deployment deploy_script for normalize] ***************
ok: [h3]

TASK [Print deployed configuration when running in verbose mode] ***************
skipping: [h3]

TASK [Deploy normalize configuration] ******************************************
skipping: [h3]

TASK [Figure out whether to deploy the module normalize on current device] *****
ok: [v1]

TASK [Find configuration template for normalize] *******************************
ok: [v1]

TASK [fail] ********************************************************************
skipping: [v1]

TASK [Find configuration deployment deploy_script for normalize] ***************
ok: [v1]

TASK [Print deployed configuration when running in verbose mode] ***************
skipping: [v1]

TASK [Deploy normalize configuration] ******************************************
skipping: [v1]

TASK [Figure out whether to deploy the module normalize on current device] *****
ok: [v2]

TASK [Find configuration template for normalize] *******************************
ok: [v2]

TASK [fail] ********************************************************************
skipping: [v2]

TASK [Find configuration deployment deploy_script for normalize] ***************
ok: [v2]

TASK [Print deployed configuration when running in verbose mode] ***************
skipping: [v2]

TASK [Deploy normalize configuration] ******************************************
skipping: [v2]

TASK [Figure out whether to deploy the module normalize on current device] *****
ok: [v3]

TASK [Find configuration template for normalize] *******************************
ok: [v3]

TASK [fail] ********************************************************************
skipping: [v3]

TASK [Find configuration deployment deploy_script for normalize] ***************
ok: [v3]

TASK [Print deployed configuration when running in verbose mode] ***************
skipping: [v3]

TASK [Deploy normalize configuration] ******************************************
skipping: [v3]

TASK [Deploy initial configuration] ********************************************
included: /home/pipi/netlab_gh/netsim/ansible/tasks/deploy-module.yml for dut
included: /home/pipi/netlab_gh/netsim/ansible/tasks/deploy-module.yml for h1
included: /home/pipi/netlab_gh/netsim/ansible/tasks/deploy-module.yml for h2
included: /home/pipi/netlab_gh/netsim/ansible/tasks/deploy-module.yml for h3
included: /home/pipi/netlab_gh/netsim/ansible/tasks/deploy-module.yml for v1
included: /home/pipi/netlab_gh/netsim/ansible/tasks/deploy-module.yml for v2
included: /home/pipi/netlab_gh/netsim/ansible/tasks/deploy-module.yml for v3

TASK [Figure out whether to deploy the module initial on current device] *******
ok: [dut]

TASK [Find configuration template for initial] *********************************
ok: [dut]

TASK [fail] ********************************************************************
skipping: [dut]

TASK [Find configuration deployment deploy_script for initial] *****************
ok: [dut]

TASK [Print deployed configuration when running in verbose mode] ***************
ok: [dut] => {
    "msg": "initial configuration for dut\n=========================================\nhostname dut\n!\nlldp\n!\n\nvrf tenant\n    rd 65000:1\n!\n\n    address-family ipv4 unicast\n        route-target import 65000:1\n        route-target export 65000:1\n    exit-address-family\n    address-family ipv6 unicast\n        route-target import 65000:1\n        route-target export 65000:1\n    exit-address-family\n\n\n\ninterface mgmt\n    no lldp transmit\n    no lldp receive\n!\n\n\ninterface loopback 0\n    ip address 10.0.0.1/32\n    ipv6 address 2001:db8:1:1::1/64\n    no ipv6 nd suppress-ra\n    ipv6 nd ra min-interval 3\n    ipv6 nd ra max-interval 4\n    no shutdown\n!\n\ninterface 1/1/1\n    shutdown\n    mtu 9198\n    description dut -> h1 [stub]\n    ip address 172.16.0.1/24\n    ipv6 address 2001:db8:2::1/64\n    no ipv6 nd suppress-ra\n    ipv6 nd ra min-interval 3\n    ipv6 nd ra max-interval 4\n    no shutdown\n!\n\ninterface 1/1/2\n    shutdown\n    mtu 9198\n    description dut -> [h2,h3] [stub]\n    ip address 172.16.42.1/24\n    ipv6 address 2001:db8:cafe:42::1/64\n    no ipv6 nd suppress-ra\n    ipv6 nd ra min-interval 3\n    ipv6 nd ra max-interval 4\n    no shutdown\n!\n\ninterface 1/1/3\n    shutdown\n    mtu 9198\n    vrf attach tenant\n    description dut -> v1 [stub]\n    ip address 172.16.1.1/24\n    ipv6 address 2001:db8:2:1::1/64\n    no ipv6 nd suppress-ra\n    ipv6 nd ra min-interval 3\n    ipv6 nd ra max-interval 4\n    no shutdown\n!\n\ninterface 1/1/4\n    shutdown\n    mtu 9198\n    vrf attach tenant\n    description dut -> [v2,v3] [stub]\n    ip address 172.16.42.1/24\n    ipv6 address 2001:db8:cafe:42::1/64\n    no ipv6 nd suppress-ra\n    ipv6 nd ra min-interval 3\n    ipv6 nd ra max-interval 4\n    no shutdown\n!\n!\n"
}

TASK [Deploy initial configuration] ********************************************
included: /home/pipi/netlab_gh/netsim/ansible/tasks/deploy-config/arubacx.yml for dut

TASK [tempfile] ****************************************************************
changed: [dut -> localhost]

TASK [template] ****************************************************************
changed: [dut -> localhost]

TASK [aoscx_config: deploying initial from /work/netlab_cicd/node_files/dut/initial] ***
changed: [dut]

TASK [file] ********************************************************************
changed: [dut -> localhost]

TASK [Figure out whether to deploy the module initial on current device] *******
ok: [h1]

TASK [Find configuration template for initial] *********************************
skipping: [h1]

TASK [fail] ********************************************************************
skipping: [h1]

TASK [Find configuration deployment deploy_script for initial] *****************
skipping: [h1]

TASK [Print deployed configuration when running in verbose mode] ***************
skipping: [h1]

TASK [Deploy initial configuration] ********************************************
skipping: [h1]

TASK [Figure out whether to deploy the module initial on current device] *******
ok: [h2]

TASK [Find configuration template for initial] *********************************
skipping: [h2]

TASK [fail] ********************************************************************
skipping: [h2]

TASK [Find configuration deployment deploy_script for initial] *****************
skipping: [h2]

TASK [Print deployed configuration when running in verbose mode] ***************
skipping: [h2]

TASK [Deploy initial configuration] ********************************************
skipping: [h2]

TASK [Figure out whether to deploy the module initial on current device] *******
ok: [h3]

TASK [Find configuration template for initial] *********************************
skipping: [h3]

TASK [fail] ********************************************************************
skipping: [h3]

TASK [Find configuration deployment deploy_script for initial] *****************
skipping: [h3]

TASK [Print deployed configuration when running in verbose mode] ***************
skipping: [h3]

TASK [Deploy initial configuration] ********************************************
skipping: [h3]

TASK [Figure out whether to deploy the module initial on current device] *******
ok: [v1]

TASK [Find configuration template for initial] *********************************
skipping: [v1]

TASK [fail] ********************************************************************
skipping: [v1]

TASK [Find configuration deployment deploy_script for initial] *****************
skipping: [v1]

TASK [Print deployed configuration when running in verbose mode] ***************
skipping: [v1]

TASK [Deploy initial configuration] ********************************************
skipping: [v1]

TASK [Figure out whether to deploy the module initial on current device] *******
ok: [v2]

TASK [Find configuration template for initial] *********************************
skipping: [v2]

TASK [fail] ********************************************************************
skipping: [v2]

TASK [Find configuration deployment deploy_script for initial] *****************
skipping: [v2]

TASK [Print deployed configuration when running in verbose mode] ***************
skipping: [v2]

TASK [Deploy initial configuration] ********************************************
skipping: [v2]

TASK [Figure out whether to deploy the module initial on current device] *******
ok: [v3]

TASK [Find configuration template for initial] *********************************
skipping: [v3]

TASK [fail] ********************************************************************
skipping: [v3]

TASK [Find configuration deployment deploy_script for initial] *****************
skipping: [v3]

TASK [Print deployed configuration when running in verbose mode] ***************
skipping: [v3]

TASK [Deploy initial configuration] ********************************************
skipping: [v3]

PLAY [Deploy module-specific configurations] ***********************************

TASK [Set variables that cannot be set with VARS] ******************************
ok: [h1]
ok: [h2]
ok: [h3]
ok: [v1]
ok: [v2]
ok: [dut]
ok: [v3]

TASK [Deploy individual configuration modules] *********************************
included: /home/pipi/netlab_gh/netsim/ansible/tasks/deploy-module.yml for dut => (item=routing)
included: /home/pipi/netlab_gh/netsim/ansible/tasks/deploy-module.yml for dut => (item=vrf)
included: /home/pipi/netlab_gh/netsim/ansible/tasks/deploy-module.yml for h1 => (item=routing)
included: /home/pipi/netlab_gh/netsim/ansible/tasks/deploy-module.yml for h1 => (item=vrf)
included: /home/pipi/netlab_gh/netsim/ansible/tasks/deploy-module.yml for h2 => (item=routing)
included: /home/pipi/netlab_gh/netsim/ansible/tasks/deploy-module.yml for h2 => (item=vrf)
included: /home/pipi/netlab_gh/netsim/ansible/tasks/deploy-module.yml for h3 => (item=routing)
included: /home/pipi/netlab_gh/netsim/ansible/tasks/deploy-module.yml for h3 => (item=vrf)
included: /home/pipi/netlab_gh/netsim/ansible/tasks/deploy-module.yml for v1 => (item=routing)
included: /home/pipi/netlab_gh/netsim/ansible/tasks/deploy-module.yml for v1 => (item=vrf)
included: /home/pipi/netlab_gh/netsim/ansible/tasks/deploy-module.yml for v2 => (item=routing)
included: /home/pipi/netlab_gh/netsim/ansible/tasks/deploy-module.yml for v2 => (item=vrf)
included: /home/pipi/netlab_gh/netsim/ansible/tasks/deploy-module.yml for v3 => (item=routing)
included: /home/pipi/netlab_gh/netsim/ansible/tasks/deploy-module.yml for v3 => (item=vrf)

TASK [Figure out whether to deploy the module routing on current device] *******
ok: [dut]

TASK [Find configuration template for routing] *********************************
ok: [dut]

TASK [fail] ********************************************************************
skipping: [dut]

TASK [Find configuration deployment deploy_script for routing] *****************
ok: [dut]

TASK [Print deployed configuration when running in verbose mode] ***************
ok: [dut] => {
    "msg": "routing configuration for dut\n=========================================\n!\n!\n!\n!\n!\n! Static routes\n!\nip route 172.16.42.42 255.255.255.255 nullroute \nipv6 route 2001:db8:cafe:42::2a/128 nullroute \nip route 172.16.42.64 255.255.255.255 nullroute vrf tenant \nipv6 route 2001:db8:cafe:42::40/128 nullroute vrf tenant \n"
}

TASK [Deploy routing configuration] ********************************************
included: /home/pipi/netlab_gh/netsim/ansible/tasks/deploy-config/arubacx.yml for dut

TASK [tempfile] ****************************************************************
changed: [dut -> localhost]

TASK [template] ****************************************************************
changed: [dut -> localhost]

TASK [aoscx_config: deploying routing from /work/netlab_cicd/node_files/dut/routing] ***
changed: [dut]

TASK [file] ********************************************************************
changed: [dut -> localhost]

TASK [Figure out whether to deploy the module vrf on current device] ***********
ok: [dut]

TASK [Find configuration template for vrf] *************************************
ok: [dut]

TASK [fail] ********************************************************************
skipping: [dut]

TASK [Find configuration deployment deploy_script for vrf] *********************
ok: [dut]

TASK [Print deployed configuration when running in verbose mode] ***************
ok: [dut] => {
    "msg": "vrf configuration for dut\n=========================================\n\n"
}

TASK [Deploy vrf configuration] ************************************************
included: /home/pipi/netlab_gh/netsim/ansible/tasks/deploy-config/arubacx.yml for dut

TASK [tempfile] ****************************************************************
changed: [dut -> localhost]

TASK [template] ****************************************************************
changed: [dut -> localhost]

TASK [aoscx_config: deploying vrf from /work/netlab_cicd/node_files/dut/vrf] ***
ok: [dut]

TASK [file] ********************************************************************
changed: [dut -> localhost]

TASK [Figure out whether to deploy the module routing on current device] *******
ok: [h1]

TASK [Find configuration template for routing] *********************************
skipping: [h1]

TASK [fail] ********************************************************************
skipping: [h1]

TASK [Find configuration deployment deploy_script for routing] *****************
skipping: [h1]

TASK [Print deployed configuration when running in verbose mode] ***************
skipping: [h1]

TASK [Deploy routing configuration] ********************************************
skipping: [h1]

TASK [Figure out whether to deploy the module vrf on current device] ***********
ok: [h1]

TASK [Find configuration template for vrf] *************************************
skipping: [h1]

TASK [fail] ********************************************************************
skipping: [h1]

TASK [Find configuration deployment deploy_script for vrf] *********************
skipping: [h1]

TASK [Print deployed configuration when running in verbose mode] ***************
skipping: [h1]

TASK [Deploy vrf configuration] ************************************************
skipping: [h1]

TASK [Figure out whether to deploy the module routing on current device] *******
ok: [h2]

TASK [Find configuration template for routing] *********************************
skipping: [h2]

TASK [fail] ********************************************************************
skipping: [h2]

TASK [Find configuration deployment deploy_script for routing] *****************
skipping: [h2]

TASK [Print deployed configuration when running in verbose mode] ***************
skipping: [h2]

TASK [Deploy routing configuration] ********************************************
skipping: [h2]

TASK [Figure out whether to deploy the module vrf on current device] ***********
ok: [h2]

TASK [Find configuration template for vrf] *************************************
skipping: [h2]

TASK [fail] ********************************************************************
skipping: [h2]

TASK [Find configuration deployment deploy_script for vrf] *********************
skipping: [h2]

TASK [Print deployed configuration when running in verbose mode] ***************
skipping: [h2]

TASK [Deploy vrf configuration] ************************************************
skipping: [h2]

TASK [Figure out whether to deploy the module routing on current device] *******
ok: [h3]

TASK [Find configuration template for routing] *********************************
skipping: [h3]

TASK [fail] ********************************************************************
skipping: [h3]

TASK [Find configuration deployment deploy_script for routing] *****************
skipping: [h3]

TASK [Print deployed configuration when running in verbose mode] ***************
skipping: [h3]

TASK [Deploy routing configuration] ********************************************
skipping: [h3]

TASK [Figure out whether to deploy the module vrf on current device] ***********
ok: [h3]

TASK [Find configuration template for vrf] *************************************
skipping: [h3]

TASK [fail] ********************************************************************
skipping: [h3]

TASK [Find configuration deployment deploy_script for vrf] *********************
skipping: [h3]

TASK [Print deployed configuration when running in verbose mode] ***************
skipping: [h3]

TASK [Deploy vrf configuration] ************************************************
skipping: [h3]

TASK [Figure out whether to deploy the module routing on current device] *******
ok: [v1]

TASK [Find configuration template for routing] *********************************
skipping: [v1]

TASK [fail] ********************************************************************
skipping: [v1]

TASK [Find configuration deployment deploy_script for routing] *****************
skipping: [v1]

TASK [Print deployed configuration when running in verbose mode] ***************
skipping: [v1]

TASK [Deploy routing configuration] ********************************************
skipping: [v1]

TASK [Figure out whether to deploy the module vrf on current device] ***********
ok: [v1]

TASK [Find configuration template for vrf] *************************************
skipping: [v1]

TASK [fail] ********************************************************************
skipping: [v1]

TASK [Find configuration deployment deploy_script for vrf] *********************
skipping: [v1]

TASK [Print deployed configuration when running in verbose mode] ***************
skipping: [v1]

TASK [Deploy vrf configuration] ************************************************
skipping: [v1]

TASK [Figure out whether to deploy the module routing on current device] *******
ok: [v2]

TASK [Find configuration template for routing] *********************************
skipping: [v2]

TASK [fail] ********************************************************************
skipping: [v2]

TASK [Find configuration deployment deploy_script for routing] *****************
skipping: [v2]

TASK [Print deployed configuration when running in verbose mode] ***************
skipping: [v2]

TASK [Deploy routing configuration] ********************************************
skipping: [v2]

TASK [Figure out whether to deploy the module vrf on current device] ***********
ok: [v2]

TASK [Find configuration template for vrf] *************************************
skipping: [v2]

TASK [fail] ********************************************************************
skipping: [v2]

TASK [Find configuration deployment deploy_script for vrf] *********************
skipping: [v2]

TASK [Print deployed configuration when running in verbose mode] ***************
skipping: [v2]

TASK [Deploy vrf configuration] ************************************************
skipping: [v2]

TASK [Figure out whether to deploy the module routing on current device] *******
ok: [v3]

TASK [Find configuration template for routing] *********************************
skipping: [v3]

TASK [fail] ********************************************************************
skipping: [v3]

TASK [Find configuration deployment deploy_script for routing] *****************
skipping: [v3]

TASK [Print deployed configuration when running in verbose mode] ***************
skipping: [v3]

TASK [Deploy routing configuration] ********************************************
skipping: [v3]

TASK [Figure out whether to deploy the module vrf on current device] ***********
ok: [v3]

TASK [Find configuration template for vrf] *************************************
skipping: [v3]

TASK [fail] ********************************************************************
skipping: [v3]

TASK [Find configuration deployment deploy_script for vrf] *********************
skipping: [v3]

TASK [Print deployed configuration when running in verbose mode] ***************
skipping: [v3]

TASK [Deploy vrf configuration] ************************************************
skipping: [v3]

PLAY [Deploy custom deployment templates] **************************************
skipping: no hosts matched

PLAY RECAP *********************************************************************
dut                        : ok=37   changed=11   unreachable=0    failed=0    skipped=8    rescued=0    ignored=0   
h1                         : ok=13   changed=0    unreachable=0    failed=0    skipped=20   rescued=0    ignored=0   
h2                         : ok=13   changed=0    unreachable=0    failed=0    skipped=20   rescued=0    ignored=0   
h3                         : ok=13   changed=0    unreachable=0    failed=0    skipped=20   rescued=0    ignored=0   
v1                         : ok=13   changed=0    unreachable=0    failed=0    skipped=20   rescued=0    ignored=0   
v2                         : ok=13   changed=0    unreachable=0    failed=0    skipped=20   rescued=0    ignored=0   
v3                         : ok=13   changed=0    unreachable=0    failed=0    skipped=20   rescued=0    ignored=0   


Warning: The following warnings were generated during the 'netlab initial' processing
Warning: ansible: You're using Ansible version 12.x or higher; netlab might not work correctly
Results of configuration script deployments
================================================================================
h1                           OK: 2   
h2                           OK: 2   
h3                           OK: 2   
v1                           OK: 2   
v2                           OK: 2   
v3                           OK: 2   


Use this topology to test 'discard' IPv4 and IPv6 static routes.
H1 should be able to reach H2 but not H3 (due to a discard static route)

