06:00:58 INFO Containerlab started version=0.68.0
06:00:58 INFO Parsing & checking topology file=clab.yml
06:00:58 INFO Removing directory path=/work/netlab_cicd/junos/clab-ml_31
06:00:58 INFO Creating docker network name=nl_mgmt_31 IPv4 subnet=192.168.31.0/24 IPv6 subnet="" MTU=0
06:00:58 INFO Creating lab directory path=/work/netlab_cicd/junos/clab-ml_31
06:00:58 INFO Creating container name=p1
06:00:58 INFO Creating container name=h1
06:00:58 INFO Creating container name=h2
06:00:58 INFO Creating container name=h4
06:00:58 INFO Creating container name=p2
06:00:58 INFO Creating container name=h3
06:00:58 INFO Creating container name=dut
06:00:58 INFO Creating container name=pe2
06:00:59 INFO Created link: h2:eth1 ▪┄┄▪ pe2:et2
06:00:59 INFO Created link: h4:eth1 ▪┄┄▪ pe2:et3
06:00:59 INFO Running postdeploy actions for Arista cEOS 'pe2' node
06:00:59 INFO Created link: dut:eth1 ▪┄┄▪ p1:eth1
06:00:59 INFO Created link: h1:eth1 ▪┄┄▪ dut:eth2
06:00:59 INFO Created link: p1:eth2 ▪┄┄▪ p2:eth1
06:00:59 INFO Created link: h3:eth1 ▪┄┄▪ dut:eth3
06:00:59 INFO Created link: pe2:et1 ▪┄┄▪ p2:eth2
06:01:17 INFO Adding host entries path=/etc/hosts
06:01:17 INFO Adding SSH config for nodes path=/etc/ssh/ssh_config.d/clab-ml_31.conf
[1m╭[0m[1m────────────────[0m[1m┬[0m[1m────────────────────────────────────────────[0m[1m┬[0m[1m────────────────────[0m[1m┬[0m[1m────────────────[0m[1m╮[0m
[1m│[0m[1m      Name      [0m[1m│[0m[1m                 Kind/Image                 [0m[1m│[0m[1m        State       [0m[1m│[0m[1m IPv4/6 Address [0m[1m│[0m
[1m├[0m[1m────────────────[0m[1m┼[0m[1m────────────────────────────────────────────[0m[1m┼[0m[1m────────────────────[0m[1m┼[0m[1m────────────────[0m[1m┤[0m
│ clab-ml_31-dut │ juniper_vjunosrouter                       │ running            │ 192.168.31.105 │
│                │ vrnetlab/juniper_vjunos-router:23.4R2-S2.1 │ (health: starting) │ N/A            │
├────────────────┼────────────────────────────────────────────┼────────────────────┼────────────────┤
│ clab-ml_31-h1  │ linux                                      │ running            │ 192.168.31.101 │
│                │ python:3.13-alpine                         │                    │ N/A            │
├────────────────┼────────────────────────────────────────────┼────────────────────┼────────────────┤
│ clab-ml_31-h2  │ linux                                      │ running            │ 192.168.31.102 │
│                │ python:3.13-alpine                         │                    │ N/A            │
├────────────────┼────────────────────────────────────────────┼────────────────────┼────────────────┤
│ clab-ml_31-h3  │ linux                                      │ running            │ 192.168.31.103 │
│                │ python:3.13-alpine                         │                    │ N/A            │
├────────────────┼────────────────────────────────────────────┼────────────────────┼────────────────┤
│ clab-ml_31-h4  │ linux                                      │ running            │ 192.168.31.104 │
│                │ python:3.13-alpine                         │                    │ N/A            │
├────────────────┼────────────────────────────────────────────┼────────────────────┼────────────────┤
│ clab-ml_31-p1  │ linux                                      │ running            │ 192.168.31.107 │
│                │ quay.io/frrouting/frr:10.3.1               │                    │ N/A            │
├────────────────┼────────────────────────────────────────────┼────────────────────┼────────────────┤
│ clab-ml_31-p2  │ linux                                      │ running            │ 192.168.31.108 │
│                │ quay.io/frrouting/frr:10.3.1               │                    │ N/A            │
├────────────────┼────────────────────────────────────────────┼────────────────────┼────────────────┤
│ clab-ml_31-pe2 │ ceos                                       │ running            │ 192.168.31.106 │
│                │ ceos:4.33.1F                               │                    │ N/A            │
╰────────────────┴────────────────────────────────────────────┴────────────────────┴────────────────╯
Using transformed lab topology from snapshot file netlab.snapshot.yml
Checking virtualization provider installation
OK: clab installed and working correctly
Starting clab nodes
Loading Linux kernel modules mpls-router,mpls-iptunnel required by containers using mpls module
provider clab: executing sudo -E containerlab deploy --reconfigure -t clab.yml

Initial configuration skipped, run 'netlab initial' to configure the devices
