Using transformed lab topology from snapshot file netlab.snapshot.pickle
Checking virtualization provider installation
OK: clab installed and working correctly
Starting clab nodes
provider clab: executing sudo -E containerlab deploy --reconfigure -t clab.yml
07:20:00 INFO Containerlab started version=0.73.0
07:20:00 INFO Parsing & checking topology file=clab.yml
07:20:00 INFO Removing directory path=/work/netlab_cicd/clab-ml-17
07:20:00 INFO Creating docker network name=nl_mgmt_17 IPv4 subnet=192.168.17.0/24 IPv6 subnet="" MTU=0
07:20:00 INFO Creating lab directory path=/work/netlab_cicd/clab-ml-17
07:20:00 INFO Creating container name=p
07:20:00 INFO Creating container name=ce2
07:20:00 INFO Creating container name=pe2
07:20:00 INFO Creating container name=ce1
07:20:00 INFO Creating container name=h2
07:20:00 INFO Creating container name=dut
07:20:00 INFO Creating container name=h1
07:20:05 INFO Created link: dut:eth2 (Ethernet0/2) ▪┄┄▪ h1:eth1
07:20:05 INFO Running postdeploy actions for Cisco IOL 'dut' node
07:20:05 INFO Created link: dut:eth1 (Ethernet0/1) ▪┄┄▪ p:eth1
07:20:05 INFO Created link: pe2:eth1 ▪┄┄▪ p:eth2
07:20:05 INFO Created link: pe2:eth2 ▪┄┄▪ h2:eth1
07:20:06 INFO Created link: pe2:eth3 ▪┄┄▪ ce2:eth1
07:20:06 INFO Created link: dut:eth3 (Ethernet0/3) ▪┄┄▪ ce1:eth1
07:20:07 INFO Executed command node=ce2 command="sleep 1" stdout=""
07:20:07 INFO Executed command node=p command="sleep 1" stdout=""
07:20:07 INFO Executed command node=pe2 command="sleep 1" stdout=""
07:20:07 INFO Executed command node=ce1 command="sleep 1" stdout=""
07:20:07 INFO Adding host entries path=/etc/hosts
07:20:07 INFO Adding SSH config for nodes path=/etc/ssh/ssh_config.d/clab-ml-17.conf
[1m╭[0m[1m────────────────[0m[1m┬[0m[1m──────────────────────────────[0m[1m┬[0m[1m─────────[0m[1m┬[0m[1m────────────────[0m[1m╮[0m
[1m│[0m[1m      Name      [0m[1m│[0m[1m          Kind/Image          [0m[1m│[0m[1m  State  [0m[1m│[0m[1m IPv4/6 Address [0m[1m│[0m
[1m├[0m[1m────────────────[0m[1m┼[0m[1m──────────────────────────────[0m[1m┼[0m[1m─────────[0m[1m┼[0m[1m────────────────[0m[1m┤[0m
│ clab-ml-17-ce1 │ linux                        │ running │ 192.168.17.103 │
│                │ quay.io/frrouting/frr:10.5.1 │         │ N/A            │
├────────────────┼──────────────────────────────┼─────────┼────────────────┤
│ clab-ml-17-ce2 │ linux                        │ running │ 192.168.17.104 │
│                │ quay.io/frrouting/frr:10.5.1 │         │ N/A            │
├────────────────┼──────────────────────────────┼─────────┼────────────────┤
│ clab-ml-17-dut │ cisco_iol                    │ running │ 192.168.17.101 │
│                │ vrnetlab/cisco_iol:17.16.01a │         │ N/A            │
├────────────────┼──────────────────────────────┼─────────┼────────────────┤
│ clab-ml-17-h1  │ linux                        │ running │ 192.168.17.105 │
│                │ python:3.13-alpine           │         │ N/A            │
├────────────────┼──────────────────────────────┼─────────┼────────────────┤
│ clab-ml-17-h2  │ linux                        │ running │ 192.168.17.106 │
│                │ python:3.13-alpine           │         │ N/A            │
├────────────────┼──────────────────────────────┼─────────┼────────────────┤
│ clab-ml-17-p   │ linux                        │ running │ 192.168.17.107 │
│                │ quay.io/frrouting/frr:10.5.1 │         │ N/A            │
├────────────────┼──────────────────────────────┼─────────┼────────────────┤
│ clab-ml-17-pe2 │ linux                        │ running │ 192.168.17.102 │
│                │ quay.io/frrouting/frr:10.5.1 │         │ N/A            │
╰────────────────┴──────────────────────────────┴─────────┴────────────────╯

Initial configuration skipped, run 'netlab initial' to configure the devices
