Checking virtualization provider installation
OK: clab installed and working correctly
Stopping clab nodes
07:22:03 INFO Parsing & checking topology file=clab.yml
07:22:03 INFO Parsing & checking topology file=clab.yml
07:22:03 INFO Destroying lab name=ml-17
07:22:04 INFO Removed container name=clab-ml-17-h2
07:22:04 INFO Removed container name=clab-ml-17-ce2
07:22:04 INFO Removed container name=clab-ml-17-p
07:22:04 INFO Removed container name=clab-ml-17-pe2
07:22:04 INFO Removed container name=clab-ml-17-ce1
07:22:04 INFO Removed container name=clab-ml-17-dut
07:22:04 INFO Removed container name=clab-ml-17-h1
07:22:04 INFO Removing host entries path=/etc/hosts
07:22:04 INFO Removing SSH config path=/etc/ssh/ssh_config.d/clab-ml-17.conf
Cleanup configuration files
... removing clab.yml
... removing ansible.cfg
... removing hosts.yml
... removing directory tree group_vars
... removing directory tree host_vars
... removing directory tree node_files
... removing netlab.snapshot.yml
... removing netlab.snapshot.pickle
