Warning in ansible: You're using Ansible version 12.x or higher; netlab might not work correctly
... Ansible core version 2.19 introduced breaking changes in templates and playbooks
... We tested netlab core with Ansible version 12.x but not every device template
... You might want to downgrade Ansible to version 11.10 or lower.
... Use 'netlab install ansible' on Ubuntu to do that
... Finally, please open a GitHub issue if you experience errors/crashes
... Set defaults.ansible.warnings.ver12 to False to hide this warning
 [INFO] Checking for updates in configuration templates
 [INFO] Creating configuration snippets
[CREATED] h1: initial,routing
[CREATED] h2: initial,routing
[CREATED] h3: initial,routing
[CREATED] h4: initial,routing
[CREATED] s1: initial,vlan
 [INFO] Executing initial configuration for node h1 (namespace clab-
          ml_17-h1)
 [INFO] Executing routing configuration for node h1 (namespace clab-
          ml_17-h1)
 [INFO] Executing initial configuration for node h2 (namespace clab-
          ml_17-h2)
 [INFO] Executing routing configuration for node h2 (namespace clab-
          ml_17-h2)
 [INFO] Executing initial configuration for node h3 (namespace clab-
          ml_17-h3)
 [INFO] Executing routing configuration for node h3 (namespace clab-
          ml_17-h3)
 [INFO] Executing initial configuration for node h4 (namespace clab-
          ml_17-h4)
 [INFO] Executing routing configuration for node h4 (namespace clab-
          ml_17-h4)

 [INFO] Starting Ansible playbook to deploy the rest of the
          configurations
[WARNING]: Could not match supplied host pattern, ignoring: unprovisioned
[WARNING]: Found variable using reserved name 'hosts'.
Origin: /work/netlab_cicd/group_vars/all/topology.yml:157:1

155     ipv4: 10.2.0.0/24
156     prefix: 32
157 hosts:
    ^ column 1


PLAY [Deploy initial device configuration] *************************************

TASK [Set variables that cannot be set with VARS] ******************************
ok: [h1]
ok: [h2]
ok: [h3]
ok: [h4]
ok: [s1]

TASK [Generic readiness tests] *************************************************
skipping: [h1]
skipping: [h2]
skipping: [h3]
skipping: [h4]
skipping: [s1]

TASK [Find device readiness script] ********************************************
ok: [h1]
ok: [h2]
ok: [h3]
ok: [h4]
ok: [s1]

TASK [Wait for device to become ready] *****************************************
skipping: [h1]
skipping: [h2]
skipping: [h3]
skipping: [h4]
included: /home/pipi/netlab_gh/netsim/ansible/tasks/readiness-check/srsim.yml for s1

TASK [Common SR-OS checks] *****************************************************
included: /home/pipi/netlab_gh/netsim/ansible/tasks/readiness-check/sros.yml for s1

TASK [Check that required plugin exists, use 'netlab install grpc' to install it] ***
ok: [s1]

TASK [Wait up to 180s for gNMI(TCP 57400) to be ready on 192.168.17.105] *******
ok: [s1 -> localhost]

TASK [Update SR-SIM hardware configuration] ************************************
changed: [s1]

TASK [Get port 1/1/c1 status] **************************************************
FAILED - RETRYING: [s1]: Get port 1/1/c1 status (10 retries left).
FAILED - RETRYING: [s1]: Get port 1/1/c1 status (9 retries left).
FAILED - RETRYING: [s1]: Get port 1/1/c1 status (8 retries left).
ok: [s1]

TASK [Normalize config on bridge-like devices] *********************************
included: /home/pipi/netlab_gh/netsim/ansible/tasks/deploy-module.yml for h1
included: /home/pipi/netlab_gh/netsim/ansible/tasks/deploy-module.yml for h2
included: /home/pipi/netlab_gh/netsim/ansible/tasks/deploy-module.yml for h3
included: /home/pipi/netlab_gh/netsim/ansible/tasks/deploy-module.yml for h4
included: /home/pipi/netlab_gh/netsim/ansible/tasks/deploy-module.yml for s1

TASK [Figure out whether to deploy the module normalize on current device] *****
ok: [h1]

TASK [Find configuration template for normalize] *******************************
ok: [h1]

TASK [fail] ********************************************************************
skipping: [h1]

TASK [Find configuration deployment deploy_script for normalize] ***************
ok: [h1]

TASK [Print deployed configuration when running in verbose mode] ***************
skipping: [h1]

TASK [Deploy normalize configuration] ******************************************
skipping: [h1]

TASK [Figure out whether to deploy the module normalize on current device] *****
ok: [h2]

TASK [Find configuration template for normalize] *******************************
ok: [h2]

TASK [fail] ********************************************************************
skipping: [h2]

TASK [Find configuration deployment deploy_script for normalize] ***************
ok: [h2]

TASK [Print deployed configuration when running in verbose mode] ***************
skipping: [h2]

TASK [Deploy normalize configuration] ******************************************
skipping: [h2]

TASK [Figure out whether to deploy the module normalize on current device] *****
ok: [h3]

TASK [Find configuration template for normalize] *******************************
ok: [h3]

TASK [fail] ********************************************************************
skipping: [h3]

TASK [Find configuration deployment deploy_script for normalize] ***************
ok: [h3]

TASK [Print deployed configuration when running in verbose mode] ***************
skipping: [h3]

TASK [Deploy normalize configuration] ******************************************
skipping: [h3]

TASK [Figure out whether to deploy the module normalize on current device] *****
ok: [h4]

TASK [Find configuration template for normalize] *******************************
ok: [h4]

TASK [fail] ********************************************************************
skipping: [h4]

TASK [Find configuration deployment deploy_script for normalize] ***************
ok: [h4]

TASK [Print deployed configuration when running in verbose mode] ***************
skipping: [h4]

TASK [Deploy normalize configuration] ******************************************
skipping: [h4]

TASK [Figure out whether to deploy the module normalize on current device] *****
ok: [s1]

TASK [Find configuration template for normalize] *******************************
ok: [s1]

TASK [fail] ********************************************************************
skipping: [s1]

TASK [Find configuration deployment deploy_script for normalize] ***************
ok: [s1]

TASK [Print deployed configuration when running in verbose mode] ***************
skipping: [s1]

TASK [Deploy normalize configuration] ******************************************
skipping: [s1]

TASK [Deploy initial configuration] ********************************************
included: /home/pipi/netlab_gh/netsim/ansible/tasks/deploy-module.yml for h1
included: /home/pipi/netlab_gh/netsim/ansible/tasks/deploy-module.yml for h2
included: /home/pipi/netlab_gh/netsim/ansible/tasks/deploy-module.yml for h3
included: /home/pipi/netlab_gh/netsim/ansible/tasks/deploy-module.yml for h4
included: /home/pipi/netlab_gh/netsim/ansible/tasks/deploy-module.yml for s1

TASK [Figure out whether to deploy the module initial on current device] *******
ok: [h1]

TASK [Find configuration template for initial] *********************************
skipping: [h1]

TASK [fail] ********************************************************************
skipping: [h1]

TASK [Find configuration deployment deploy_script for initial] *****************
skipping: [h1]

TASK [Print deployed configuration when running in verbose mode] ***************
skipping: [h1]

TASK [Deploy initial configuration] ********************************************
skipping: [h1]

TASK [Figure out whether to deploy the module initial on current device] *******
ok: [h2]

TASK [Find configuration template for initial] *********************************
skipping: [h2]

TASK [fail] ********************************************************************
skipping: [h2]

TASK [Find configuration deployment deploy_script for initial] *****************
skipping: [h2]

TASK [Print deployed configuration when running in verbose mode] ***************
skipping: [h2]

TASK [Deploy initial configuration] ********************************************
skipping: [h2]

TASK [Figure out whether to deploy the module initial on current device] *******
ok: [h3]

TASK [Find configuration template for initial] *********************************
skipping: [h3]

TASK [fail] ********************************************************************
skipping: [h3]

TASK [Find configuration deployment deploy_script for initial] *****************
skipping: [h3]

TASK [Print deployed configuration when running in verbose mode] ***************
skipping: [h3]

TASK [Deploy initial configuration] ********************************************
skipping: [h3]

TASK [Figure out whether to deploy the module initial on current device] *******
ok: [h4]

TASK [Find configuration template for initial] *********************************
skipping: [h4]

TASK [fail] ********************************************************************
skipping: [h4]

TASK [Find configuration deployment deploy_script for initial] *****************
skipping: [h4]

TASK [Print deployed configuration when running in verbose mode] ***************
skipping: [h4]

TASK [Deploy initial configuration] ********************************************
skipping: [h4]

TASK [Figure out whether to deploy the module initial on current device] *******
ok: [s1]

TASK [Find configuration template for initial] *********************************
ok: [s1]

TASK [fail] ********************************************************************
skipping: [s1]

TASK [Find configuration deployment deploy_script for initial] *****************
ok: [s1]

TASK [Print deployed configuration when running in verbose mode] ***************
ok: [s1] => {
    "msg": "initial configuration for s1\n=========================================\n\n\n\n\n\nupdates:\n- path: configure/card[slot-number=1]\n  val:\n    card-type: iom-1\n    mda:\n    - mda-slot: 1\n      mda-type: me12-100gb-qsfp28\n    - mda-slot: 2\n      mda-type: me12-100gb-qsfp28\n    slot-number: 1\n\n- path: configure/router[router-name=Base]\n  val:\n   ecmp: 64\n\n\n\n\n\n\n- path: configure/router[router-name=Base]/interface[interface-name=system]\n\n  val:\n   admin-state: enable\n   description: \"System interface\"\n   ipv4:\n    primary:\n     address: \"10.0.0.5\"\n     prefix-length: 32\n\n\n\n"
}

TASK [Deploy initial configuration] ********************************************
included: /home/pipi/netlab_gh/netsim/ansible/tasks/deploy-config/sros.yml for s1

TASK [Generate gNMI YAML configuration] ****************************************
ok: [s1]

TASK [Update initial node configuration from gNMI template /work/netlab_cicd/node_files/s1/initial] ***
changed: [s1]

TASK [debug] *******************************************************************
skipping: [s1]

PLAY [Deploy module-specific configurations] ***********************************

TASK [Set variables that cannot be set with VARS] ******************************
ok: [h1]
ok: [h2]
ok: [h3]
ok: [h4]
ok: [s1]

TASK [Deploy individual configuration modules] *********************************
included: /home/pipi/netlab_gh/netsim/ansible/tasks/deploy-module.yml for h1 => (item=vlan)
included: /home/pipi/netlab_gh/netsim/ansible/tasks/deploy-module.yml for h1 => (item=routing)
included: /home/pipi/netlab_gh/netsim/ansible/tasks/deploy-module.yml for h2 => (item=vlan)
included: /home/pipi/netlab_gh/netsim/ansible/tasks/deploy-module.yml for h2 => (item=routing)
included: /home/pipi/netlab_gh/netsim/ansible/tasks/deploy-module.yml for h3 => (item=vlan)
included: /home/pipi/netlab_gh/netsim/ansible/tasks/deploy-module.yml for h3 => (item=routing)
included: /home/pipi/netlab_gh/netsim/ansible/tasks/deploy-module.yml for h4 => (item=vlan)
included: /home/pipi/netlab_gh/netsim/ansible/tasks/deploy-module.yml for h4 => (item=routing)
included: /home/pipi/netlab_gh/netsim/ansible/tasks/deploy-module.yml for s1 => (item=vlan)
included: /home/pipi/netlab_gh/netsim/ansible/tasks/deploy-module.yml for s1 => (item=routing)

TASK [Figure out whether to deploy the module vlan on current device] **********
ok: [h1]

TASK [Find configuration template for vlan] ************************************
skipping: [h1]

TASK [fail] ********************************************************************
skipping: [h1]

TASK [Find configuration deployment deploy_script for vlan] ********************
skipping: [h1]

TASK [Print deployed configuration when running in verbose mode] ***************
skipping: [h1]

TASK [Deploy vlan configuration] ***********************************************
skipping: [h1]

TASK [Figure out whether to deploy the module routing on current device] *******
ok: [h1]

TASK [Find configuration template for routing] *********************************
skipping: [h1]

TASK [fail] ********************************************************************
skipping: [h1]

TASK [Find configuration deployment deploy_script for routing] *****************
skipping: [h1]

TASK [Print deployed configuration when running in verbose mode] ***************
skipping: [h1]

TASK [Deploy routing configuration] ********************************************
skipping: [h1]

TASK [Figure out whether to deploy the module vlan on current device] **********
ok: [h2]

TASK [Find configuration template for vlan] ************************************
skipping: [h2]

TASK [fail] ********************************************************************
skipping: [h2]

TASK [Find configuration deployment deploy_script for vlan] ********************
skipping: [h2]

TASK [Print deployed configuration when running in verbose mode] ***************
skipping: [h2]

TASK [Deploy vlan configuration] ***********************************************
skipping: [h2]

TASK [Figure out whether to deploy the module routing on current device] *******
ok: [h2]

TASK [Find configuration template for routing] *********************************
skipping: [h2]

TASK [fail] ********************************************************************
skipping: [h2]

TASK [Find configuration deployment deploy_script for routing] *****************
skipping: [h2]

TASK [Print deployed configuration when running in verbose mode] ***************
skipping: [h2]

TASK [Deploy routing configuration] ********************************************
skipping: [h2]

TASK [Figure out whether to deploy the module vlan on current device] **********
ok: [h3]

TASK [Find configuration template for vlan] ************************************
skipping: [h3]

TASK [fail] ********************************************************************
skipping: [h3]

TASK [Find configuration deployment deploy_script for vlan] ********************
skipping: [h3]

TASK [Print deployed configuration when running in verbose mode] ***************
skipping: [h3]

TASK [Deploy vlan configuration] ***********************************************
skipping: [h3]

TASK [Figure out whether to deploy the module routing on current device] *******
ok: [h3]

TASK [Find configuration template for routing] *********************************
skipping: [h3]

TASK [fail] ********************************************************************
skipping: [h3]

TASK [Find configuration deployment deploy_script for routing] *****************
skipping: [h3]

TASK [Print deployed configuration when running in verbose mode] ***************
skipping: [h3]

TASK [Deploy routing configuration] ********************************************
skipping: [h3]

TASK [Figure out whether to deploy the module vlan on current device] **********
ok: [h4]

TASK [Find configuration template for vlan] ************************************
skipping: [h4]

TASK [fail] ********************************************************************
skipping: [h4]

TASK [Find configuration deployment deploy_script for vlan] ********************
skipping: [h4]

TASK [Print deployed configuration when running in verbose mode] ***************
skipping: [h4]

TASK [Deploy vlan configuration] ***********************************************
skipping: [h4]

TASK [Figure out whether to deploy the module routing on current device] *******
ok: [h4]

TASK [Find configuration template for routing] *********************************
skipping: [h4]

TASK [fail] ********************************************************************
skipping: [h4]

TASK [Find configuration deployment deploy_script for routing] *****************
skipping: [h4]

TASK [Print deployed configuration when running in verbose mode] ***************
skipping: [h4]

TASK [Deploy routing configuration] ********************************************
skipping: [h4]

TASK [Figure out whether to deploy the module vlan on current device] **********
ok: [s1]

TASK [Find configuration template for vlan] ************************************
ok: [s1]

TASK [fail] ********************************************************************
skipping: [s1]

TASK [Find configuration deployment deploy_script for vlan] ********************
ok: [s1]

TASK [Print deployed configuration when running in verbose mode] ***************
ok: [s1] => {
    "msg": "vlan configuration for s1\n=========================================\n\nupdates:\n\n\n- path: configure/port[port-id=1/1/c1]\n  val:\n   admin-state: enable\n   connector:\n    breakout: \"c1-100g\"\n- path: configure/port[port-id=1/1/c1/1]\n  val:\n   admin-state: enable\n   ethernet:\n    mtu: 1514 # max 9800\n    mode: access\n\n\n- path: configure/service/vpls[service-name=vlan700]\n  val:\n   service-id: 10700\n   customer: \"1\"\n   description: \"[Access VLAN red] s1 -> h1\"\n   sap:\n   - sap-id: 1/1/c1/1\n   admin-state: enable\n\n\n\n- path: configure/port[port-id=1/1/c2]\n  val:\n   admin-state: enable\n   connector:\n    breakout: \"c1-100g\"\n- path: configure/port[port-id=1/1/c2/1]\n  val:\n   admin-state: enable\n   ethernet:\n    mtu: 1514 # max 9800\n    mode: access\n\n\n- path: configure/service/vpls[service-name=vlan700]\n  val:\n   service-id: 10700\n   customer: \"1\"\n   description: \"[Access VLAN red] s1 -> h2\"\n   sap:\n   - sap-id: 1/1/c2/1\n   admin-state: enable\n\n\n\n- path: configure/port[port-id=1/1/c3]\n  val:\n   admin-state: enable\n   connector:\n    breakout: \"c1-100g\"\n- path: configure/port[port-id=1/1/c3/1]\n  val:\n   admin-state: enable\n   ethernet:\n    mtu: 1514 # max 9800\n    mode: access\n\n\n- path: configure/service/vpls[service-name=vlan701]\n  val:\n   service-id: 10701\n   customer: \"1\"\n   description: \"[Access VLAN blue] s1 -> h3\"\n   sap:\n   - sap-id: 1/1/c3/1\n   admin-state: enable\n\n\n\n- path: configure/port[port-id=1/1/c4]\n  val:\n   admin-state: enable\n   connector:\n    breakout: \"c1-100g\"\n- path: configure/port[port-id=1/1/c4/1]\n  val:\n   admin-state: enable\n   ethernet:\n    mtu: 1514 # max 9800\n    mode: access\n\n\n- path: configure/service/vpls[service-name=vlan702]\n  val:\n   service-id: 10702\n   customer: \"1\"\n   description: \"[Access VLAN green] s1 -> h4\"\n   sap:\n   - sap-id: 1/1/c4/1\n   admin-state: enable\n\n\n\n\n\n- path: configure/service/vpls[service-name=vlan700]\n  val:\n   service-id: 10700\n   customer: \"1\"\n   description: \"VLAN red (700) -> [h1,h2]\"\n   admin-state: enable\n\n\n\n\n\n- path: configure/service/ies[service-name=default]\n  val:\n   customer: \"1\"\n   admin-state: enable\n   service-id: 1\n#   ecmp: 64\n\n- path: configure/service/ies[service-name=default]/interface[interface-name=svi.701]\n\n  val:\n   admin-state: enable\n   description: \"VLAN blue (701) ~ [h3] (stub)\"\n   ip-mtu: 1500\n   ipv4:\n    primary:\n     address: \"172.16.1.5\"\n     prefix-length: 24\n\n\n\n- path: configure/service/vpls[service-name=vlan701]\n  val:\n   service-id: 10701\n   customer: \"1\"\n   description: \"VLAN blue (701) -> [h3]\"\n   admin-state: enable\n- path: configure/service/vpls[service-name=vlan701]\n  val:\n   routed-vpls: { }\n\n- path: configure/service/ies[service-name=default]\n  val:\n   interface:\n   - interface-name: svi.701\n     vpls:\n     - vpls-name: vlan701\n\n\n\n\n\n- path: configure/service/ies[service-name=default]\n  val:\n   customer: \"1\"\n   admin-state: enable\n   service-id: 1\n#   ecmp: 64\n\n- path: configure/service/ies[service-name=default]/interface[interface-name=svi.702]\n\n  val:\n   admin-state: enable\n   description: \"VLAN green (702) ~ [h4] (stub)\"\n   ip-mtu: 1500\n   ipv4:\n    primary:\n     address: \"172.16.2.5\"\n     prefix-length: 24\n\n\n\n- path: configure/service/vpls[service-name=vlan702]\n  val:\n   service-id: 10702\n   customer: \"1\"\n   description: \"VLAN green (702) -> [h4]\"\n   admin-state: enable\n- path: configure/service/vpls[service-name=vlan702]\n  val:\n   routed-vpls: { }\n\n- path: configure/service/ies[service-name=default]\n  val:\n   interface:\n   - interface-name: svi.702\n     vpls:\n     - vpls-name: vlan702\n\n \n"
}

TASK [Deploy vlan configuration] ***********************************************
included: /home/pipi/netlab_gh/netsim/ansible/tasks/deploy-config/sros.yml for s1

TASK [Generate gNMI YAML configuration] ****************************************
ok: [s1]

TASK [Update vlan node configuration from gNMI template /work/netlab_cicd/node_files/s1/vlan] ***
changed: [s1]

TASK [debug] *******************************************************************
skipping: [s1]

TASK [Figure out whether to deploy the module routing on current device] *******
ok: [s1]

TASK [Find configuration template for routing] *********************************
skipping: [s1]

TASK [fail] ********************************************************************
skipping: [s1]

TASK [Find configuration deployment deploy_script for routing] *****************
skipping: [s1]

TASK [Print deployed configuration when running in verbose mode] ***************
skipping: [s1]

TASK [Deploy routing configuration] ********************************************
skipping: [s1]

PLAY [Deploy custom deployment templates] **************************************
skipping: no hosts matched

PLAY RECAP *********************************************************************
h1                         : ok=13   changed=0    unreachable=0    failed=0    skipped=20   rescued=0    ignored=0   
h2                         : ok=13   changed=0    unreachable=0    failed=0    skipped=20   rescued=0    ignored=0   
h3                         : ok=13   changed=0    unreachable=0    failed=0    skipped=20   rescued=0    ignored=0   
h4                         : ok=13   changed=0    unreachable=0    failed=0    skipped=20   rescued=0    ignored=0   
s1                         : ok=31   changed=3    unreachable=0    failed=0    skipped=13   rescued=0    ignored=0   


Warning: The following warnings were generated during the 'netlab initial' processing
Warning: ansible: You're using Ansible version 12.x or higher; netlab might not work correctly
Results of configuration script deployments
================================================================================
h1                           OK: 2   
h2                           OK: 2   
h3                           OK: 2   
h4                           OK: 2   


The device under test is a mixed layer-2/layer-3 switch.
Red VLAN is a layer-2-only VLAN, the device acts as a L2/L3
switch on all other VLANs

h1 and h2 should be able to ping each other, but not h3 or h4
h3 and h4 should be able to ping each other, but not h1 or h2

