08:55:55 INFO Containerlab started version=0.72.0
08:55:55 INFO Parsing & checking topology file=clab.yml
08:55:55 INFO Removing directory path=/work/netlab_cicd/clab-ml_17
08:55:55 INFO Creating docker network name=nl_mgmt_17 IPv4 subnet=192.168.17.0/24 IPv6 subnet="" MTU=0
08:55:55 INFO Creating lab directory path=/work/netlab_cicd/clab-ml_17
08:55:55 INFO Creating container name=s2
08:55:55 INFO Creating container name=r2
08:55:55 INFO Creating container name=s1
08:55:55 INFO Creating container name=r1
08:55:55 INFO Retrieved SR OS version from image node=ros version=25.7.R1
08:55:55 INFO Creating container name=ros
08:55:56 INFO Created link: ros:e1-1-c1-1 (1/1/c1/1) ▪┄┄▪ s2:eth2
08:55:56 INFO Running postdeploy actions kind=nokia_srsim node=ros
08:55:56 INFO Created link: s1:eth1 ▪┄┄▪ s2:eth1
08:55:56 INFO Created link: s1:eth3 ▪┄┄▪ r2:eth1
08:55:56 INFO Created link: s1:eth2 ▪┄┄▪ r1:eth1
08:56:02 INFO Saving node "clab-ml_17-ros" config as startup...
08:56:03 INFO Saved running configuration node=ros addr=192.168.17.101 config-mode=model-driven
08:56:03 INFO Adding host entries path=/etc/hosts
08:56:03 INFO Adding SSH config for nodes path=/etc/ssh/ssh_config.d/clab-ml_17.conf
[1m╭[0m[1m────────────────[0m[1m┬[0m[1m──────────────────────────────[0m[1m┬[0m[1m─────────[0m[1m┬[0m[1m────────────────[0m[1m╮[0m
[1m│[0m[1m      Name      [0m[1m│[0m[1m          Kind/Image          [0m[1m│[0m[1m  State  [0m[1m│[0m[1m IPv4/6 Address [0m[1m│[0m
[1m├[0m[1m────────────────[0m[1m┼[0m[1m──────────────────────────────[0m[1m┼[0m[1m─────────[0m[1m┼[0m[1m────────────────[0m[1m┤[0m
│ clab-ml_17-r1  │ linux                        │ running │ 192.168.17.104 │
│                │ quay.io/frrouting/frr:10.5.0 │         │ N/A            │
├────────────────┼──────────────────────────────┼─────────┼────────────────┤
│ clab-ml_17-r2  │ linux                        │ running │ 192.168.17.105 │
│                │ quay.io/frrouting/frr:10.5.0 │         │ N/A            │
├────────────────┼──────────────────────────────┼─────────┼────────────────┤
│ clab-ml_17-ros │ nokia_srsim                  │ running │ 192.168.17.101 │
│                │ nokia_srsim:25.7.R1          │         │ N/A            │
├────────────────┼──────────────────────────────┼─────────┼────────────────┤
│ clab-ml_17-s1  │ linux                        │ running │ 192.168.17.102 │
│                │ quay.io/frrouting/frr:10.5.0 │         │ N/A            │
├────────────────┼──────────────────────────────┼─────────┼────────────────┤
│ clab-ml_17-s2  │ linux                        │ running │ 192.168.17.103 │
│                │ quay.io/frrouting/frr:10.5.0 │         │ N/A            │
╰────────────────┴──────────────────────────────┴─────────┴────────────────╯
Using transformed lab topology from snapshot file netlab.snapshot.pickle
Checking virtualization provider installation
OK: clab installed and working correctly
Starting clab nodes
provider clab: executing sudo -E containerlab deploy --reconfigure -t clab.yml

Initial configuration skipped, run 'netlab initial' to configure the devices
