Creating Device configuration snippets
[CREATED] h1: initial,routing
[CREATED] h2: initial,routing
[CREATED] r1: initial,eigrp
[CREATED] r2: initial,eigrp
Checking Are lab devices ready to be configured?
 [INFO] Checking SSH server(s) on r1,r2
[SSH]     SSH server on node r1 (device iol) is ready after 27.3 seconds
[SSH]     SSH server on node r2 (device iol) is ready after 27.3 seconds
Config Deploying device configurations
 [INFO] Executing initial configuration for node h1 (namespace clab-
          ml-17-h1)
 [INFO] Executing initial configuration for node h2 (namespace clab-
          ml-17-h2)
 [INFO] Executing routing configuration for node h1 (namespace clab-
          ml-17-h1)
 [INFO] Executing routing configuration for node h2 (namespace clab-
          ml-17-h2)

Results of configuration script deployments
================================================================================
h1               Script:  initial,routing
h2               Script:  initial,routing
r1               Startup: initial,eigrp
r2               Startup: initial,eigrp


Use this topology to test basic EIGRP IPv4 implementation and route
propagation. Two routers (r1, r2) run EIGRP AS 2 and should establish
adjacency and exchange routes, enabling end-to-end connectivity between
two Linux hosts connected to the routers.

