Creating Device configuration snippets
[CREATED] h1: initial
[CREATED] h2: initial
[CREATED] r1: initial,eigrp
[CREATED] r2: initial,eigrp
Checking Are lab devices ready to be configured?
 [INFO] Checking SSH server(s) on r1,r2
[SSH]     SSH server on node r2 (device iol) is ready after 27.3 seconds
[SSH]     SSH server on node r1 (device iol) is ready after 27.3 seconds
Config Deploying device configurations
 [INFO] Executing initial configuration for node h1 (namespace clab-
          ml-17-h1)
 [INFO] Executing initial configuration for node h2 (namespace clab-
          ml-17-h2)

Results of configuration script deployments
================================================================================
h1               Script:  initial
h2               Script:  initial
r1               Startup: initial,eigrp
r2               Startup: initial,eigrp


Use this topology to test EIGRP IPv6 implementation and route propagation
in an IPv6-only network. Two routers (r1, r2) run EIGRP AS 2 and should
establish adjacency and exchange routes. Linux hosts should receive IPv6
default routes via router advertisements, enabling end-to-end IPv6
connectivity.

