Using transformed lab topology from snapshot file netlab.snapshot.pickle
Checking virtualization provider installation
OK: libvirt installed and working correctly
OK: clab installed and working correctly
Starting libvirt nodes
creating libvirt management network nl_mgmt_17
provider libvirt: executing vagrant up --provider libvirt
Bringing machine 's1' up with 'libvirt' provider...
Bringing machine 's2' up with 'libvirt' provider...
==> s1: Checking if box 'juniper/vptx' version '25.2R1.8' is up to date...
[fog][WARNING] Unrecognized arguments: libvirt_ip_command
==> s1: Creating image (snapshot of base box volume).
==> s1: Creating domain with the following settings...
==> s1:  -- Name:              ml-17_s1
==> s1:  -- Description:       Source: /work/netlab_cicd/Vagrantfile
==> s2: Checking if box 'juniper/vptx' version '25.2R1.8' is up to date...
==> s1:  -- Domain type:       kvm
[fog][WARNING] Unrecognized arguments: libvirt_ip_command
==> s1:  -- Cpus:              4
==> s2: Creating image (snapshot of base box volume).
==> s1:  -- Feature:           acpi
==> s2: Creating domain with the following settings...
==> s1:  -- Feature:           apic
==> s2:  -- Name:              ml-17_s2
==> s1:  -- Feature:           pae
==> s2:  -- Description:       Source: /work/netlab_cicd/Vagrantfile
==> s1:  -- Clock offset:      utc
==> s2:  -- Domain type:       kvm
==> s1:  -- Memory:            8192M
==> s2:  -- Cpus:              4
==> s1:  -- Management MAC:    ca:fe:00:01:00:00
==> s2:  -- Feature:           acpi
==> s1:  -- Loader:            /usr/share/OVMF/OVMF_CODE_4M.fd
==> s2:  -- Feature:           apic
==> s1:  -- Nvram:             /var/lib/libvirt/qemu/nvram/s1.fd
==> s2:  -- Feature:           pae
==> s1:  -- Base box:          juniper/vptx
==> s2:  -- Clock offset:      utc
==> s1:  -- Storage pool:      default
==> s2:  -- Memory:            8192M
==> s1:  -- Image(vda):        /var/lib/libvirt/images/ml-17_s1.img, virtio, 40G
==> s2:  -- Management MAC:    ca:fe:00:02:00:00
==> s1:  -- Disk driver opts:  cache='default'
==> s2:  -- Loader:            /usr/share/OVMF/OVMF_CODE_4M.fd
==> s1:  -- Graphics Type:     none
==> s2:  -- Nvram:             /var/lib/libvirt/qemu/nvram/s2.fd
==> s1:  -- Video Type:        none
==> s2:  -- Base box:          juniper/vptx
==> s1:  -- Video VRAM:        16384
==> s2:  -- Storage pool:      default
==> s1:  -- Video 3D accel:    false
==> s2:  -- Image(vda):        /var/lib/libvirt/images/ml-17_s2.img, virtio, 40G
==> s1:  -- Keymap:            en-us
==> s2:  -- Disk driver opts:  cache='default'
==> s1:  -- TPM Backend:       passthrough
==> s2:  -- Graphics Type:     none
==> s1:  -- Sysinfo:
==> s2:  -- Video Type:        none
==> s1:    -- BIOS:
==> s2:  -- Video VRAM:        16384
==> s1:     -> vendor: Bochs
==> s2:  -- Video 3D accel:    false
==> s1:     -> version: Bochs
==> s2:  -- Keymap:            en-us
==> s1:    -- System:
==> s2:  -- TPM Backend:       passthrough
==> s1:     -> manufacturer: Bochs
==> s2:  -- Sysinfo:
==> s1:     -> product: Bochs
==> s2:    -- BIOS:
==> s1:     -> serial: chassis_no=0:slot=0:type=1:assembly_id=0x0D20:platform=251:master=0:channelized=no
==> s2:     -> vendor: Bochs
==> s1:    -- Chassis:
==> s2:     -> version: Bochs
==> s1:     -> manufacturer: Bochs
==> s2:    -- System:
==> s1:  -- INPUT:             type=mouse, bus=ps2
==> s2:     -> manufacturer: Bochs
==> s2:     -> product: Bochs
==> s2:     -> serial: chassis_no=0:slot=0:type=1:assembly_id=0x0D20:platform=251:master=0:channelized=no
==> s2:    -- Chassis:
==> s2:     -> manufacturer: Bochs
==> s2:  -- INPUT:             type=mouse, bus=ps2
==> s2: Creating shared folders metadata...
==> s1: Creating shared folders metadata...
==> s2: Updating domain definition due to configuration change
==> s2: Starting domain.
==> s1: Updating domain definition due to configuration change
==> s2: Waiting for domain to get an IP address...
==> s1: Starting domain.
==> s1: Waiting for domain to get an IP address...
==> s2: Waiting for machine to boot. This may take a few minutes...
    s2: SSH address: 192.168.17.102:22
    s2: SSH username: vagrant
    s2: SSH auth method: private key
==> s2: Machine booted and ready!
==> s1: Waiting for machine to boot. This may take a few minutes...
    s1: SSH address: 192.168.17.101:22
    s1: SSH username: vagrant
    s1: SSH auth method: private key
==> s1: Machine booted and ready!
Starting clab nodes
Recreating clab-augment.yml configuration file for clab provider
Created provider configuration file: clab-augment.yml
provider clab: executing sudo -E containerlab deploy --reconfigure -t clab-augment.yml
07:37:32 INFO Containerlab started version=0.73.0
07:37:32 INFO Parsing & checking topology file=clab-augment.yml
07:37:32 INFO Removing directory path=/work/netlab_cicd/clab-ml-17
07:37:32 INFO Creating docker network name=nl_mgmt_17 IPv4 subnet=192.168.17.0/24 IPv6 subnet="" MTU=0
07:37:32 INFO Creating lab directory path=/work/netlab_cicd/clab-ml-17
07:37:32 INFO Creating container name=h4
07:37:32 INFO Creating container name=h1
07:37:32 INFO Creating container name=h2
07:37:32 INFO Creating container name=h3
07:37:33 INFO Created link: h2:eth1 в–Ғв”„в”„в–Ғ virbr4:bni17n4i1
07:37:33 INFO Created link: h4:eth1 в–Ғв”„в”„в–Ғ virbr5:bni17n6i1
07:37:33 INFO Created link: h3:eth1 в–Ғв”„в”„в–Ғ virbr3:bni17n5i1
07:37:33 INFO Created link: h1:eth1 в–Ғв”„в”„в–Ғ virbr2:bni17n3i1
07:37:33 INFO Adding host entries path=/etc/hosts
07:37:33 INFO Adding SSH config for nodes path=/etc/ssh/ssh_config.d/clab-ml-17.conf
[1mв•­[0m[1mв”Ђв”Ђв”Ђв”Ђв”Ђв”Ђв”Ђв”Ђв”Ђв”Ђв”Ђв”Ђв”Ђв”Ђв”Ђ[0m[1mв”¬[0m[1mв”Ђв”Ђв”Ђв”Ђв”Ђв”Ђв”Ђв”Ђв”Ђв”Ђв”Ђв”Ђв”Ђв”Ђв”Ђв”Ђв”Ђв”Ђв”Ђв”Ђ[0m[1mв”¬[0m[1mв”Ђв”Ђв”Ђв”Ђв”Ђв”Ђв”Ђв”Ђв”Ђ[0m[1mв”¬[0m[1mв”Ђв”Ђв”Ђв”Ђв”Ђв”Ђв”Ђв”Ђв”Ђв”Ђв”Ђв”Ђв”Ђв”Ђв”Ђв”Ђ[0m[1mв•®[0m
[1mв”‚[0m[1m      Name     [0m[1mв”‚[0m[1m     Kind/Image     [0m[1mв”‚[0m[1m  State  [0m[1mв”‚[0m[1m IPv4/6 Address [0m[1mв”‚[0m
[1mв”њ[0m[1mв”Ђв”Ђв”Ђв”Ђв”Ђв”Ђв”Ђв”Ђв”Ђв”Ђв”Ђв”Ђв”Ђв”Ђв”Ђ[0m[1mв”ә[0m[1mв”Ђв”Ђв”Ђв”Ђв”Ђв”Ђв”Ђв”Ђв”Ђв”Ђв”Ђв”Ђв”Ђв”Ђв”Ђв”Ђв”Ђв”Ђв”Ђв”Ђ[0m[1mв”ә[0m[1mв”Ђв”Ђв”Ђв”Ђв”Ђв”Ђв”Ђв”Ђв”Ђ[0m[1mв”ә[0m[1mв”Ђв”Ђв”Ђв”Ђв”Ђв”Ђв”Ђв”Ђв”Ђв”Ђв”Ђв”Ђв”Ђв”Ђв”Ђв”Ђ[0m[1mв”¤[0m
в”‚ clab-ml-17-h1 в”‚ linux              в”‚ running в”‚ 192.168.17.103 в”‚
в”‚               в”‚ python:3.13-alpine в”‚         в”‚ N/A            в”‚
в”њв”Ђв”Ђв”Ђв”Ђв”Ђв”Ђв”Ђв”Ђв”Ђв”Ђв”Ђв”Ђв”Ђв”Ђв”Ђв”әв”Ђв”Ђв”Ђв”Ђв”Ђв”Ђв”Ђв”Ђв”Ђв”Ђв”Ђв”Ђв”Ђв”Ђв”Ђв”Ђв”Ђв”Ђв”Ђв”Ђв”әв”Ђв”Ђв”Ђв”Ђв”Ђв”Ђв”Ђв”Ђв”Ђв”әв”Ђв”Ђв”Ђв”Ђв”Ђв”Ђв”Ђв”Ђв”Ђв”Ђв”Ђв”Ђв”Ђв”Ђв”Ђв”Ђв”¤
в”‚ clab-ml-17-h2 в”‚ linux              в”‚ running в”‚ 192.168.17.104 в”‚
в”‚               в”‚ python:3.13-alpine в”‚         в”‚ N/A            в”‚
в”њв”Ђв”Ђв”Ђв”Ђв”Ђв”Ђв”Ђв”Ђв”Ђв”Ђв”Ђв”Ђв”Ђв”Ђв”Ђв”әв”Ђв”Ђв”Ђв”Ђв”Ђв”Ђв”Ђв”Ђв”Ђв”Ђв”Ђв”Ђв”Ђв”Ђв”Ђв”Ђв”Ђв”Ђв”Ђв”Ђв”әв”Ђв”Ђв”Ђв”Ђв”Ђв”Ђв”Ђв”Ђв”Ђв”әв”Ђв”Ђв”Ђв”Ђв”Ђв”Ђв”Ђв”Ђв”Ђв”Ђв”Ђв”Ђв”Ђв”Ђв”Ђв”Ђв”¤
в”‚ clab-ml-17-h3 в”‚ linux              в”‚ running в”‚ 192.168.17.105 в”‚
в”‚               в”‚ python:3.13-alpine в”‚         в”‚ N/A            в”‚
в”њв”Ђв”Ђв”Ђв”Ђв”Ђв”Ђв”Ђв”Ђв”Ђв”Ђв”Ђв”Ђв”Ђв”Ђв”Ђв”әв”Ђв”Ђв”Ђв”Ђв”Ђв”Ђв”Ђв”Ђв”Ђв”Ђв”Ђв”Ђв”Ђв”Ђв”Ђв”Ђв”Ђв”Ђв”Ђв”Ђв”әв”Ђв”Ђв”Ђв”Ђв”Ђв”Ђв”Ђв”Ђв”Ђв”әв”Ђв”Ђв”Ђв”Ђв”Ђв”Ђв”Ђв”Ђв”Ђв”Ђв”Ђв”Ђв”Ђв”Ђв”Ђв”Ђв”¤
в”‚ clab-ml-17-h4 в”‚ linux              в”‚ running в”‚ 192.168.17.106 в”‚
в”‚               в”‚ python:3.13-alpine в”‚         в”‚ N/A            в”‚
в•°в”Ђв”Ђв”Ђв”Ђв”Ђв”Ђв”Ђв”Ђв”Ђв”Ђв”Ђв”Ђв”Ђв”Ђв”Ђв”өв”Ђв”Ђв”Ђв”Ђв”Ђв”Ђв”Ђв”Ђв”Ђв”Ђв”Ђв”Ђв”Ђв”Ђв”Ђв”Ђв”Ђв”Ђв”Ђв”Ђв”өв”Ђв”Ђв”Ђв”Ђв”Ђв”Ђв”Ђв”Ђв”Ђв”өв”Ђв”Ђв”Ђв”Ђв”Ђв”Ђв”Ђв”Ђв”Ђв”Ђв”Ђв”Ђв”Ђв”Ђв”Ђв”Ђв•Ү

Initial configuration skipped, run 'netlab initial' to configure the devices
