Using transformed lab topology from snapshot file netlab.snapshot.pickle
Checking virtualization provider installation
OK: clab installed and working correctly
Starting clab nodes
provider clab: executing sudo -E containerlab deploy --reconfigure -t clab.yml
16:34:56 INFO Containerlab started version=0.73.0
16:34:56 INFO Parsing & checking topology file=clab.yml
16:34:56 INFO Removing directory path=/work/netlab_cicd/clab-ml-17
16:34:56 INFO Creating docker network name=nl_mgmt_17 IPv4 subnet=192.168.17.0/24 IPv6 subnet="" MTU=0
16:34:56 INFO Creating lab directory path=/work/netlab_cicd/clab-ml-17
16:34:57 INFO Creating container name=x2
16:34:57 INFO Creating container name=x1
16:34:57 INFO Creating container name=probe
16:34:57 INFO Creating container name=dut
16:34:57 INFO Created link: x1:eth1 ▪┄┄▪ x2:eth1
16:34:57 INFO Created link: dut:FH0_0_0_0 ▪┄┄▪ x1:eth2
16:34:58 INFO Created link: dut:FH0_0_0_1 ▪┄┄▪ x2:eth2
16:34:58 INFO Created link: dut:FH0_0_0_2 ▪┄┄▪ probe:eth1
16:34:59 INFO Executed command node=x2 command="sleep 1" stdout=""
16:34:59 INFO Executed command node=probe command="sleep 1" stdout=""
16:34:59 INFO Executed command node=x1 command="sleep 1" stdout=""
16:34:59 INFO Adding host entries path=/etc/hosts
16:34:59 INFO Adding SSH config for nodes path=/etc/ssh/ssh_config.d/clab-ml-17.conf
[1m╭[0m[1m──────────────────[0m[1m┬[0m[1m──────────────────────────────[0m[1m┬[0m[1m─────────[0m[1m┬[0m[1m────────────────[0m[1m╮[0m
[1m│[0m[1m       Name       [0m[1m│[0m[1m          Kind/Image          [0m[1m│[0m[1m  State  [0m[1m│[0m[1m IPv4/6 Address [0m[1m│[0m
[1m├[0m[1m──────────────────[0m[1m┼[0m[1m──────────────────────────────[0m[1m┼[0m[1m─────────[0m[1m┼[0m[1m────────────────[0m[1m┤[0m
│ clab-ml-17-dut   │ cisco_c8000                  │ running │ 192.168.17.101 │
│                  │ cisco/cisco-8201-32fh:24.4.1 │         │ N/A            │
├──────────────────┼──────────────────────────────┼─────────┼────────────────┤
│ clab-ml-17-probe │ linux                        │ running │ 192.168.17.102 │
│                  │ quay.io/frrouting/frr:10.5.1 │         │ N/A            │
├──────────────────┼──────────────────────────────┼─────────┼────────────────┤
│ clab-ml-17-x1    │ linux                        │ running │ 192.168.17.103 │
│                  │ quay.io/frrouting/frr:10.5.1 │         │ N/A            │
├──────────────────┼──────────────────────────────┼─────────┼────────────────┤
│ clab-ml-17-x2    │ linux                        │ running │ 192.168.17.104 │
│                  │ quay.io/frrouting/frr:10.5.1 │         │ N/A            │
╰──────────────────┴──────────────────────────────┴─────────┴────────────────╯

Initial configuration skipped, run 'netlab initial' to configure the devices
