Createdprovider configuration file: clab.yml
Mapped clab_files/-shared-hosts to h1:/etc/hosts:ro (from templates/provider/clab/linux/hosts.j2)
Mapped clab_files/-shared-hosts to h2:/etc/hosts:ro (from templates/provider/clab/linux/hosts.j2)
Mapped clab_files/-shared-hosts to h3:/etc/hosts:ro (from templates/provider/clab/linux/hosts.j2)
Mapped clab_files/-shared-hosts to h4:/etc/hosts:ro (from templates/provider/clab/linux/hosts.j2)
Mapped clab_files/l2/daemons to l2:/etc/frr/daemons (from templates/provider/clab/frr/daemons.j2)
Mapped clab_files/-shared-hosts to l2:/etc/hosts:ro (from templates/provider/clab/frr/hosts.j2)
Createdtransformed topology dump in YAML format in netlab.snapshot.yml
Createdpickled transformed topology data into netlab.snapshot.pickle
Created group_vars for all
Created group_vars for modules
Created group_vars for linux
Created host_vars for h1
Created host_vars for h2
Created host_vars for h3
Created host_vars for h4
Created group_vars for srsim
Created host_vars for l1
Created host_vars for spine
Created group_vars for frr
Created host_vars for l2
Createdminimized Ansible inventory hosts.yml
CreatedAnsible configuration file: ansible.cfg
