10:23:07 INFO Parsing & checking topology file=clab.yml
10:23:07 INFO Parsing & checking topology file=clab.yml
10:23:07 INFO Destroying lab name=ml_17
10:23:08 INFO Removed container name=clab-ml_17-h2
10:23:08 INFO Removed container name=clab-ml_17-s1
10:23:08 INFO Removed container name=clab-ml_17-s2
10:23:08 INFO Removed container name=clab-ml_17-h1
10:23:08 INFO Removing host entries path=/etc/hosts
10:23:08 INFO Removing SSH config path=/etc/ssh/ssh_config.d/clab-ml_17.conf
Checking virtualization provider installation
OK: clab installed and working correctly
Stopping clab nodes
Cleanup configuration files
... removing clab.yml
... removing directory tree clab_files
... removing ansible.cfg
... removing hosts.yml
... removing directory tree group_vars
... removing directory tree host_vars
... removing netlab.snapshot.yml
... removing netlab.snapshot.pickle
