Warning in cat8000v: Changing Ansible network_cli connection SSH type to 'paramiko'
... The installed version of ansible-pylibssh might not work with Cisco IOS devices
... Set defaults.devices.cat8000v.warnings.paramiko to False to hide this warning
Createdprovider configuration file: Vagrantfile
Creating configuration file for secondary provider clab
Createdprovider configuration file: clab-augment.yml
Created r2: daemons,hosts
Created h1: initial,routing,hosts (shared)
Created h2: initial,routing,hosts (shared)
Created br_a: initial,vlan,hosts (shared)
Createdtransformed topology dump in YAML format in netlab.snapshot.yml
Createdpickled transformed topology data into netlab.snapshot.pickle
Created group_vars for all
Created group_vars for modules
Created group_vars for cat8000v
Created host_vars for dut
Created group_vars for frr
Created host_vars for r2
Created group_vars for linux
Created host_vars for h1
Created host_vars for h2
Created host_vars for br_a
Createdminimized Ansible inventory hosts.yml
CreatedAnsible configuration file: ansible.cfg
