time="2025-06-03T11:44:52Z" level=info msg="Containerlab v0.62.2 started"
time="2025-06-03T11:44:52Z" level=info msg="Parsing & checking topology file: clab.yml"
time="2025-06-03T11:44:52Z" level=info msg="Removing /work/netlab_cicd/clab-ml_17 directory..."
time="2025-06-03T11:44:52Z" level=info msg="Creating docker network: Name=\"nl_mgmt_17\", IPv4Subnet=\"192.168.17.0/24\", IPv6Subnet=\"\", MTU=0"
time="2025-06-03T11:44:53Z" level=info msg="Creating lab directory: /work/netlab_cicd/clab-ml_17"
time="2025-06-03T11:44:53Z" level=info msg="Creating container: \"x1\""
time="2025-06-03T11:44:53Z" level=info msg="Creating container: \"dut\""
time="2025-06-03T11:44:53Z" level=info msg="Created link: dut:eth1 <--> x1:eth1"
time="2025-06-03T11:44:53Z" level=info msg="Adding containerlab host entries to /etc/hosts file"
time="2025-06-03T11:44:53Z" level=info msg="Adding ssh config for containerlab nodes"
time="2025-06-03T11:44:53Z" level=info msg="🎉 New containerlab version 0.68.0 is available! Release notes: https://containerlab.dev/rn/0.68/\nRun 'containerlab version upgrade' to upgrade or go check other installation options at https://containerlab.dev/install/\n"
[1m╭[0m[1m────────────────[0m[1m┬[0m[1m──────────────────────────────[0m[1m┬[0m[1m─────────[0m[1m┬[0m[1m────────────────[0m[1m╮[0m
[1m│[0m[1m      Name      [0m[1m│[0m[1m          Kind/Image          [0m[1m│[0m[1m  State  [0m[1m│[0m[1m IPv4/6 Address [0m[1m│[0m
[1m├[0m[1m────────────────[0m[1m┼[0m[1m──────────────────────────────[0m[1m┼[0m[1m─────────[0m[1m┼[0m[1m────────────────[0m[1m┤[0m
│ clab-ml_17-dut │ linux                        │ running │ 192.168.17.117 │
│                │ quay.io/frrouting/frr:10.3.1 │         │ N/A            │
├────────────────┼──────────────────────────────┼─────────┼────────────────┤
│ clab-ml_17-x1  │ linux                        │ running │ 192.168.17.101 │
│                │ quay.io/frrouting/frr:10.3.1 │         │ N/A            │
╰────────────────┴──────────────────────────────┴─────────┴────────────────╯
Using transformed lab topology from snapshot file netlab.snapshot.yml
Checking virtualization provider installation
OK: clab installed and working correctly
Starting clab nodes
provider clab: executing sudo -E containerlab deploy --reconfigure -t clab.yml

Initial configuration skipped, run 'netlab initial' to configure the devices
