Creating Device configuration snippets
[CREATED] dut: initial,bgp,bfd,bgp.session
[CREATED] x1: normalize,initial,bgp,bfd,static_bfd
Checking Are lab devices ready to be configured?
 [INFO] Checking SSH server(s) on x1
Config Deploying device configurations
 [INFO] Executing initial configuration for node dut
 [INFO] Executing normalize configuration for node x1
 [INFO] Executing bgp configuration for node dut
 [INFO] Executing bfd configuration for node dut
 [INFO] Executing bgp.session configuration for node dut
 [INFO] Executing initial configuration for node x1
 [INFO] Executing bgp configuration for node x1
 [INFO] Executing bfd configuration for node x1
 [INFO] Executing static_bfd configuration for node x1
Results of configuration script deployments
================================================================================
dut                          OK: 4   
x1                           OK: 5   


This lab tests the BGP BFD functionality. The EBGP session between the probe
and the lab device should trigger a BFD session between them.

