09:02:20 INFO Parsing & checking topology file=clab-augment.yml
09:02:20 INFO Parsing & checking topology file=clab-augment.yml
09:02:20 INFO Destroying lab name=ml_17
09:02:21 INFO Removed container name=clab-ml_17-ce1
09:02:21 INFO Removed container name=clab-ml_17-s2
09:02:21 INFO Removed container name=clab-ml_17-ce2
09:02:21 INFO Removing host entries path=/etc/hosts
09:02:21 INFO Removing SSH config path=/etc/ssh/ssh_config.d/clab-ml_17.conf
[fog][WARNING] Unrecognized arguments: libvirt_ip_command
==> s1: Removing domain...
==> s1: Deleting the machine folder
Checking virtualization provider installation
OK: libvirt installed and working correctly
OK: clab installed and working correctly
Stopping clab nodes

Stopping libvirt nodes
Cleanup configuration files
... removing Vagrantfile
... removing clab-augment.yml
... removing ansible.cfg
... removing hosts.yml
... removing directory tree group_vars
... removing directory tree host_vars
... removing directory tree node_files
... removing netlab.snapshot.yml
... removing netlab.snapshot.pickle
