10:53:57 INFO Containerlab started version=0.72.0
10:53:57 INFO Parsing & checking topology file=clab.yml
10:53:57 INFO Removing directory path=/work/netlab_cicd/clab-ml_17
10:53:57 INFO Creating docker network name=nl_mgmt_17 IPv4 subnet=192.168.17.0/24 IPv6 subnet="" MTU=0
10:53:58 INFO Creating lab directory path=/work/netlab_cicd/clab-ml_17
10:53:58 INFO Creating container name=v2
10:53:58 INFO Creating container name=dut
10:53:58 INFO Creating container name=v1
10:53:58 INFO Creating container name=x2
10:53:58 INFO Creating container name=x1
10:53:58 INFO Created link: dut:et2 ▪┄┄▪ x2:eth1
10:53:58 INFO Created link: dut:et1 ▪┄┄▪ x1:eth1
10:53:58 INFO Created link: dut:et3 ▪┄┄▪ v1:eth1
10:53:58 INFO Created link: dut:et4 ▪┄┄▪ v2:eth1
10:53:58 INFO Running postdeploy actions for Arista cEOS 'dut' node
10:54:13 INFO Adding host entries path=/etc/hosts
10:54:13 INFO Adding SSH config for nodes path=/etc/ssh/ssh_config.d/clab-ml_17.conf
[1m╭[0m[1m────────────────[0m[1m┬[0m[1m──────────────────────────────[0m[1m┬[0m[1m─────────[0m[1m┬[0m[1m────────────────[0m[1m╮[0m
[1m│[0m[1m      Name      [0m[1m│[0m[1m          Kind/Image          [0m[1m│[0m[1m  State  [0m[1m│[0m[1m IPv4/6 Address [0m[1m│[0m
[1m├[0m[1m────────────────[0m[1m┼[0m[1m──────────────────────────────[0m[1m┼[0m[1m─────────[0m[1m┼[0m[1m────────────────[0m[1m┤[0m
│ clab-ml_17-dut │ ceos                         │ running │ 192.168.17.101 │
│                │ ceos:4.34.2F                 │         │ N/A            │
├────────────────┼──────────────────────────────┼─────────┼────────────────┤
│ clab-ml_17-v1  │ linux                        │ running │ 192.168.17.104 │
│                │ quay.io/frrouting/frr:10.5.0 │         │ N/A            │
├────────────────┼──────────────────────────────┼─────────┼────────────────┤
│ clab-ml_17-v2  │ linux                        │ running │ 192.168.17.105 │
│                │ quay.io/frrouting/frr:10.5.0 │         │ N/A            │
├────────────────┼──────────────────────────────┼─────────┼────────────────┤
│ clab-ml_17-x1  │ linux                        │ running │ 192.168.17.102 │
│                │ quay.io/frrouting/frr:10.5.0 │         │ N/A            │
├────────────────┼──────────────────────────────┼─────────┼────────────────┤
│ clab-ml_17-x2  │ linux                        │ running │ 192.168.17.103 │
│                │ quay.io/frrouting/frr:10.5.0 │         │ N/A            │
╰────────────────┴──────────────────────────────┴─────────┴────────────────╯
Using transformed lab topology from snapshot file netlab.snapshot.pickle
Checking virtualization provider installation
OK: clab installed and working correctly
Starting clab nodes
provider clab: executing sudo -E containerlab deploy --reconfigure -t clab.yml

Initial configuration skipped, run 'netlab initial' to configure the devices
