Bringing machine 'c1' up with 'libvirt' provider...
Bringing machine 'c2' up with 'libvirt' provider...
==> c1: Checking if box 'CumulusCommunity/cumulus-vx' version '4.4.5' is up to date...
[fog][WARNING] Unrecognized arguments: libvirt_ip_command
==> c1: Creating image (snapshot of base box volume).
==> c1: Creating domain with the following settings...
==> c1:  -- Name:              ml_17_c1
==> c1:  -- Description:       Source: /work/netlab_cicd/Vagrantfile
==> c1:  -- Domain type:       kvm
==> c1:  -- Cpus:              2
==> c1:  -- Feature:           acpi
==> c1:  -- Feature:           apic
==> c1:  -- Feature:           pae
==> c1:  -- Clock offset:      utc
==> c1:  -- Memory:            1024M
==> c1:  -- Management MAC:    08:4f:a9:00:00:02
==> c1:  -- Base box:          CumulusCommunity/cumulus-vx
==> c1:  -- Storage pool:      default
==> c1:  -- Image(vda):        /var/lib/libvirt/images/ml_17_c1.img, virtio, 6G
==> c1:  -- Disk driver opts:  cache='default'
==> c1:  -- Graphics Type:     vnc
==> c1:  -- Video Type:        cirrus
==> c1:  -- Video VRAM:        16384
==> c1:  -- Video 3D accel:    false
==> c1:  -- Keymap:            en-us
==> c1:  -- TPM Backend:       passthrough
==> c1:  -- INPUT:             type=mouse, bus=ps2
==> c2: Checking if box 'CumulusCommunity/cumulus-vx' version '4.4.5' is up to date...
[fog][WARNING] Unrecognized arguments: libvirt_ip_command
==> c2: Creating image (snapshot of base box volume).
==> c2: Creating domain with the following settings...
==> c2:  -- Name:              ml_17_c2
==> c2:  -- Description:       Source: /work/netlab_cicd/Vagrantfile
==> c2:  -- Domain type:       kvm
==> c2:  -- Cpus:              2
==> c2:  -- Feature:           acpi
==> c2:  -- Feature:           apic
==> c2:  -- Feature:           pae
==> c2:  -- Clock offset:      utc
==> c2:  -- Memory:            1024M
==> c2:  -- Management MAC:    08:4f:a9:00:00:03
==> c2:  -- Base box:          CumulusCommunity/cumulus-vx
==> c2:  -- Storage pool:      default
==> c2:  -- Image(vda):        /var/lib/libvirt/images/ml_17_c2.img, virtio, 6G
==> c2:  -- Disk driver opts:  cache='default'
==> c2:  -- Graphics Type:     vnc
==> c2:  -- Video Type:        cirrus
==> c2:  -- Video VRAM:        16384
==> c2:  -- Video 3D accel:    false
==> c2:  -- Keymap:            en-us
==> c2:  -- TPM Backend:       passthrough
==> c2:  -- INPUT:             type=mouse, bus=ps2
==> c1: Creating shared folders metadata...
==> c1: Starting domain.
==> c1: Domain launching with graphics connection settings...
==> c1:  -- Graphics Port:      5900
==> c1:  -- Graphics IP:        127.0.0.1
==> c1:  -- Graphics Password:  Not defined
==> c1:  -- Graphics Websocket: 5700
==> c1: Waiting for domain to get an IP address...
==> c2: Creating shared folders metadata...
==> c2: Starting domain.
==> c2: Domain launching with graphics connection settings...
==> c2:  -- Graphics Port:      5901
==> c2:  -- Graphics IP:        127.0.0.1
==> c2:  -- Graphics Password:  Not defined
==> c2:  -- Graphics Websocket: 5701
==> c2: Waiting for domain to get an IP address...
==> c1: Waiting for machine to boot. This may take a few minutes...
    c1: SSH address: 192.168.17.102:22
    c1: SSH username: vagrant
    c1: SSH auth method: private key
    c1: 
    c1: Vagrant insecure key detected. Vagrant will automatically replace
    c1: this with a newly generated keypair for better security.
==> c2: Waiting for machine to boot. This may take a few minutes...
    c2: SSH address: 192.168.17.103:22
    c2: SSH username: vagrant
    c2: SSH auth method: private key
    c2: 
    c2: Vagrant insecure key detected. Vagrant will automatically replace
    c2: this with a newly generated keypair for better security.
    c1: 
    c1: Inserting generated public key within guest...
    c1: Removing insecure key from the guest if it's present...
    c2: 
    c2: Inserting generated public key within guest...
    c1: Key inserted! Disconnecting and reconnecting using new SSH key...
    c2: Removing insecure key from the guest if it's present...
==> c1: Machine booted and ready!
    c2: Key inserted! Disconnecting and reconnecting using new SSH key...
==> c2: Machine booted and ready!
Using transformed lab topology from snapshot file netlab.snapshot.yml
Checking virtualization provider installation
OK: libvirt installed and working correctly
OK: clab installed and working correctly
Starting libvirt nodes
creating libvirt management network nl_mgmt_17
provider libvirt: executing vagrant up --provider libvirt
Starting clab nodes
Recreating clab-augment.yml configuration file for clab provider
time="2025-01-25T10:33:34Z" level=info msg="Containerlab v0.62.2 started"
time="2025-01-25T10:33:34Z" level=info msg="Parsing & checking topology file: clab-augment.yml"
time="2025-01-25T10:33:34Z" level=info msg="Removing /work/netlab_cicd/clab-ml_17 directory..."
time="2025-01-25T10:33:34Z" level=info msg="Creating docker network: Name=\"nl_mgmt_17\", IPv4Subnet=\"192.168.17.0/24\", IPv6Subnet=\"\", MTU=0"
time="2025-01-25T10:33:35Z" level=info msg="Creating lab directory: /work/netlab_cicd/clab-ml_17"
time="2025-01-25T10:33:35Z" level=info msg="Creating container: \"server\""
time="2025-01-25T10:33:35Z" level=info msg="Creating container: \"relay\""
time="2025-01-25T10:33:35Z" level=info msg="Created link: relay:eth1 (Ethernet0/1) <--> virbr1:ml_17_1_1"
time="2025-01-25T10:33:35Z" level=info msg="Created link: relay:eth2 (Ethernet0/2) <--> server:eth1"
time="2025-01-25T10:33:35Z" level=info msg="Running postdeploy actions for Cisco IOL 'relay' node"
time="2025-01-25T10:33:35Z" level=info msg="Adding containerlab host entries to /etc/hosts file"
time="2025-01-25T10:33:35Z" level=info msg="Adding ssh config for containerlab nodes"
[1m╭[0m[1m───────────────────[0m[1m┬[0m[1m──────────────────────────────────[0m[1m┬[0m[1m─────────[0m[1m┬[0m[1m────────────────[0m[1m╮[0m
[1m│[0m[1m        Name       [0m[1m│[0m[1m            Kind/Image            [0m[1m│[0m[1m  State  [0m[1m│[0m[1m IPv4/6 Address [0m[1m│[0m
[1m├[0m[1m───────────────────[0m[1m┼[0m[1m──────────────────────────────────[0m[1m┼[0m[1m─────────[0m[1m┼[0m[1m────────────────[0m[1m┤[0m
│ clab-ml_17-relay  │ cisco_iol                        │ running │ 192.168.17.101 │
│                   │ vrnetlab/cisco_iol:L2-17.12.01   │         │ N/A            │
├───────────────────┼──────────────────────────────────┼─────────┼────────────────┤
│ clab-ml_17-server │ cisco_csr1000v                   │ running │ 192.168.17.104 │
│                   │ vrnetlab/cisco_csr1000v:17.03.08 │         │ N/A            │
╰───────────────────┴──────────────────────────────────┴─────────┴────────────────╯
Createdprovider configuration file: clab-augment.yml
provider clab: executing sudo -E containerlab deploy --reconfigure -t clab-augment.yml

Initial configuration skipped, run 'netlab initial' to configure the devices
