Warning in ansible: You're using Ansible version 12.x or higher; netlab might not work correctly
... Ansible core version 2.19 introduced breaking changes in templates and playbooks
... We tested netlab core with Ansible version 12.x but not every device template
... You might want to downgrade Ansible to version 11.10 or lower.
... Use 'netlab install ansible' on Ubuntu to do that
... Finally, please open a GitHub issue if you experience errors/crashes
... Set defaults.ansible.warnings.ver12 to False to hide this warning
 [INFO] Checking for updates in configuration templates
 [INFO] Creating configuration snippets
[WARNING]: Could not match supplied host pattern, ignoring: unprovisioned
[WARNING]: Found variable using reserved name 'hosts'.
Origin: /work/netlab_cicd/group_vars/all/topology.yml:157:1

155     ipv4: 10.2.0.0/24
156     prefix: 32
157 hosts:
    ^ column 1


PLAY [Deploy initial device configuration] *************************************

TASK [Set variables that cannot be set with VARS] ******************************
ok: [ce1]
ok: [ce2]
ok: [p1]
ok: [p2]
ok: [dut]
ok: [pe2]

TASK [Generic readiness tests] *************************************************
skipping: [ce1]
skipping: [ce2]
skipping: [dut]
skipping: [pe2]
skipping: [p1]
skipping: [p2]

TASK [Find device readiness script] ********************************************
ok: [ce1]
ok: [ce2]
ok: [p1]
ok: [p2]
ok: [dut]
ok: [pe2]

TASK [Wait for device to become ready] *****************************************
skipping: [ce1]
skipping: [ce2]
skipping: [dut]
skipping: [pe2]
skipping: [p1]
skipping: [p2]

TASK [Normalize config on bridge-like devices] *********************************
included: /home/pipi/netlab_gh/netsim/ansible/tasks/deploy-module.yml for ce1
included: /home/pipi/netlab_gh/netsim/ansible/tasks/deploy-module.yml for ce2
included: /home/pipi/netlab_gh/netsim/ansible/tasks/deploy-module.yml for dut
included: /home/pipi/netlab_gh/netsim/ansible/tasks/deploy-module.yml for pe2
included: /home/pipi/netlab_gh/netsim/ansible/tasks/deploy-module.yml for p1
included: /home/pipi/netlab_gh/netsim/ansible/tasks/deploy-module.yml for p2

TASK [Figure out whether to deploy the module normalize on current device] *****
ok: [ce1]

TASK [Find configuration template for normalize] *******************************
ok: [ce1]

TASK [fail] ********************************************************************
skipping: [ce1]

TASK [Find configuration deployment deploy_script for normalize] ***************
ok: [ce1]

TASK [Print deployed configuration when running in verbose mode] ***************
skipping: [ce1]

TASK [Deploy normalize configuration] ******************************************
skipping: [ce1]

TASK [Figure out whether to deploy the module normalize on current device] *****
ok: [ce2]

TASK [Find configuration template for normalize] *******************************
ok: [ce2]

TASK [fail] ********************************************************************
skipping: [ce2]

TASK [Find configuration deployment deploy_script for normalize] ***************
ok: [ce2]

TASK [Print deployed configuration when running in verbose mode] ***************
skipping: [ce2]

TASK [Deploy normalize configuration] ******************************************
skipping: [ce2]

TASK [Figure out whether to deploy the module normalize on current device] *****
ok: [dut]

TASK [Find configuration template for normalize] *******************************
ok: [dut]

TASK [fail] ********************************************************************
skipping: [dut]

TASK [Find configuration deployment deploy_script for normalize] ***************
ok: [dut]

TASK [Print deployed configuration when running in verbose mode] ***************
skipping: [dut]

TASK [Deploy normalize configuration] ******************************************
skipping: [dut]

TASK [Figure out whether to deploy the module normalize on current device] *****
ok: [pe2]

TASK [Find configuration template for normalize] *******************************
ok: [pe2]

TASK [fail] ********************************************************************
skipping: [pe2]

TASK [Find configuration deployment deploy_script for normalize] ***************
ok: [pe2]

TASK [Print deployed configuration when running in verbose mode] ***************
ok: [pe2] => {
    "msg": "normalize configuration for pe2\n=========================================\n!\ninterface Ethernet1\n shutdown\n!\ninterface Ethernet2\n shutdown\n"
}

TASK [Deploy normalize configuration] ******************************************
included: /home/pipi/netlab_gh/netsim/ansible/tasks/deploy-config/eos.yml for pe2

TASK [eos_config: deploying normalize from /work/netlab_cicd/node_files/pe2/normalize] ***
[WARNING]: To ensure idempotency and correct diff the input configuration lines should be similar to how they appear if present in the running configuration on device including the indentation
[WARNING]: Task result `warnings` was <class 'str'> instead of <class 'list'>.
changed: [pe2]

TASK [Figure out whether to deploy the module normalize on current device] *****
ok: [p1]

TASK [Find configuration template for normalize] *******************************
ok: [p1]

TASK [fail] ********************************************************************
skipping: [p1]

TASK [Find configuration deployment deploy_script for normalize] ***************
ok: [p1]

TASK [Print deployed configuration when running in verbose mode] ***************
skipping: [p1]

TASK [Deploy normalize configuration] ******************************************
skipping: [p1]

TASK [Figure out whether to deploy the module normalize on current device] *****
ok: [p2]

TASK [Find configuration template for normalize] *******************************
ok: [p2]

TASK [fail] ********************************************************************
skipping: [p2]

TASK [Find configuration deployment deploy_script for normalize] ***************
ok: [p2]

TASK [Print deployed configuration when running in verbose mode] ***************
skipping: [p2]

TASK [Deploy normalize configuration] ******************************************
skipping: [p2]

TASK [Deploy initial configuration] ********************************************
included: /home/pipi/netlab_gh/netsim/ansible/tasks/deploy-module.yml for ce1
included: /home/pipi/netlab_gh/netsim/ansible/tasks/deploy-module.yml for ce2
included: /home/pipi/netlab_gh/netsim/ansible/tasks/deploy-module.yml for dut
included: /home/pipi/netlab_gh/netsim/ansible/tasks/deploy-module.yml for pe2
included: /home/pipi/netlab_gh/netsim/ansible/tasks/deploy-module.yml for p1
included: /home/pipi/netlab_gh/netsim/ansible/tasks/deploy-module.yml for p2

TASK [Figure out whether to deploy the module initial on current device] *******
ok: [ce1]

TASK [Find configuration template for initial] *********************************
ok: [ce1]

TASK [fail] ********************************************************************
skipping: [ce1]

TASK [Find configuration deployment deploy_script for initial] *****************
ok: [ce1]

TASK [Print deployed configuration when running in verbose mode] ***************
ok: [ce1] => {
    "msg": "initial configuration for ce1\n=========================================\n#!/bin/bash\n#\nset -e\nset -x\n#\n# Create bash profile script\n#\ncat <<SCRIPT >/root/.bash_profile\n#!/bin/bash\n#\nexport PS1=\"\\h(bash)# \"\necho\necho \"Use vtysh to connect to FRR daemon\"\necho\nSCRIPT\n#\n# This is an artifact of unknown provenance that should be removed in a year or two (= 2026/2027)\n#\n# FRR controls these parameters with 'ip forwarding' and 'ipv6 forwarding' commands\n#\nsysctl -w net.ipv4.ip_forward=1\nsysctl -w net.ipv6.conf.all.forwarding=0\n#\n#\n# Get the current next hop for the default route\n#\ndef_nh=$(ip route list default|awk '{ print $3 }')\n#\n# Create the management VRF and add eth0 to it\n#\nif [ ! -e /sys/devices/virtual/net/mgmt ]; then\n  ip link add mgmt type vrf table 42\nfi\nip link set mgmt up\nsysctl -qw net.ipv6.conf.eth0.keep_addr_on_down=1\nip link set eth0 master mgmt\n#\n# Reinstall the default route if we had it before\n#\nif [[ -n \"$def_nh\" ]]; then\n  ip route add 0.0.0.0/0 vrf mgmt via $def_nh\nfi\n#\n# Enable FRR modules (if not using containerlab bind-mounted /etc/frr/daemons)\n#\n\n# Set system defaults\n#\n# Send ARP requests from a sane source IP address\n#\nsysctl -w net.ipv4.conf.all.arp_announce=2\n\n#\n# Create loopbacks, stub and lag/bond devices\n#\nif [ ! -e /sys/class/net/lo ]; then\n  if [ ! -e /sys/devices/virtual/net/lo ]; then\n    ip link add lo type dummy\n    ip link set dev lo up\n  fi\nfi\n\n# Disable IPv6 (for IPv4-only interfaces) or SLAAC (if the device is a router)\n#\nip link set eth1 down\nsysctl -qw net.ipv6.conf.eth1.disable_ipv6=1\nip link set dev eth1 mtu 1500\nip link set eth1 up\n\n#\n# Add vtysh.conf file\necho \"service integrated-vtysh-config\" >/etc/frr/vtysh.conf\n\n#\n# Rest of initial configuration done through VTYSH\n#\ncat >/tmp/config <<CONFIG\nhostname ce1\n!\nlog file /tmp/logging\n\n!\nip forwarding\nvrf mgmt\n exit-vrf\n!\nfrr defaults datacenter\n!\ninterface lo\n no shutdown\n ip address 10.0.0.1/32\n!\ninterface eth1\n no shutdown\n description ce1 -> dut [external]\n ip address 10.1.0.13/30\n!\ndo write\nCONFIG\nvtysh -f /tmp/config\n!\nexit 0\n"
}

TASK [Deploy initial configuration] ********************************************
included: /home/pipi/netlab_gh/netsim/ansible/tasks/frr/initial-clab.yml for ce1

TASK [Attempt to load VRF kernel module] ***************************************
changed: [ce1 -> localhost]

TASK [Disable FRR management VRF when modprobe fails] **************************
skipping: [ce1]

TASK [include_tasks] ***********************************************************
included: /home/pipi/netlab_gh/netsim/ansible/tasks/frr/deploy-config.yml for ce1

TASK [template] ****************************************************************
changed: [ce1]

TASK [set_fact] ****************************************************************
ok: [ce1]

TASK [run /tmp/config.sh to deploy initial config from /work/netlab_cicd/node_files/ce1/initial] ***
changed: [ce1]

TASK [run vtysh to import initial config from /work/netlab_cicd/node_files/ce1/initial] ***
skipping: [ce1]

TASK [Figure out whether to deploy the module initial on current device] *******
ok: [ce2]

TASK [Find configuration template for initial] *********************************
ok: [ce2]

TASK [fail] ********************************************************************
skipping: [ce2]

TASK [Find configuration deployment deploy_script for initial] *****************
ok: [ce2]

TASK [Print deployed configuration when running in verbose mode] ***************
ok: [ce2] => {
    "msg": "initial configuration for ce2\n=========================================\n#!/bin/bash\n#\nset -e\nset -x\n#\n# Create bash profile script\n#\ncat <<SCRIPT >/root/.bash_profile\n#!/bin/bash\n#\nexport PS1=\"\\h(bash)# \"\necho\necho \"Use vtysh to connect to FRR daemon\"\necho\nSCRIPT\n#\n# This is an artifact of unknown provenance that should be removed in a year or two (= 2026/2027)\n#\n# FRR controls these parameters with 'ip forwarding' and 'ipv6 forwarding' commands\n#\nsysctl -w net.ipv4.ip_forward=1\nsysctl -w net.ipv6.conf.all.forwarding=0\n#\n#\n# Get the current next hop for the default route\n#\ndef_nh=$(ip route list default|awk '{ print $3 }')\n#\n# Create the management VRF and add eth0 to it\n#\nif [ ! -e /sys/devices/virtual/net/mgmt ]; then\n  ip link add mgmt type vrf table 42\nfi\nip link set mgmt up\nsysctl -qw net.ipv6.conf.eth0.keep_addr_on_down=1\nip link set eth0 master mgmt\n#\n# Reinstall the default route if we had it before\n#\nif [[ -n \"$def_nh\" ]]; then\n  ip route add 0.0.0.0/0 vrf mgmt via $def_nh\nfi\n#\n# Enable FRR modules (if not using containerlab bind-mounted /etc/frr/daemons)\n#\n\n# Set system defaults\n#\n# Send ARP requests from a sane source IP address\n#\nsysctl -w net.ipv4.conf.all.arp_announce=2\n\n#\n# Create loopbacks, stub and lag/bond devices\n#\nif [ ! -e /sys/class/net/lo ]; then\n  if [ ! -e /sys/devices/virtual/net/lo ]; then\n    ip link add lo type dummy\n    ip link set dev lo up\n  fi\nfi\n\n# Disable IPv6 (for IPv4-only interfaces) or SLAAC (if the device is a router)\n#\nip link set eth1 down\nsysctl -qw net.ipv6.conf.eth1.disable_ipv6=1\nip link set dev eth1 mtu 1500\nip link set eth1 up\n\n#\n# Add vtysh.conf file\necho \"service integrated-vtysh-config\" >/etc/frr/vtysh.conf\n\n#\n# Rest of initial configuration done through VTYSH\n#\ncat >/tmp/config <<CONFIG\nhostname ce2\n!\nlog file /tmp/logging\n\n!\nip forwarding\nvrf mgmt\n exit-vrf\n!\nfrr defaults datacenter\n!\ninterface lo\n no shutdown\n ip address 10.0.0.2/32\n!\ninterface eth1\n no shutdown\n description ce2 -> pe2 [external]\n ip address 10.1.0.17/30\n!\ndo write\nCONFIG\nvtysh -f /tmp/config\n!\nexit 0\n"
}

TASK [Deploy initial configuration] ********************************************
included: /home/pipi/netlab_gh/netsim/ansible/tasks/frr/initial-clab.yml for ce2

TASK [Attempt to load VRF kernel module] ***************************************
changed: [ce2 -> localhost]

TASK [Disable FRR management VRF when modprobe fails] **************************
skipping: [ce2]

TASK [include_tasks] ***********************************************************
included: /home/pipi/netlab_gh/netsim/ansible/tasks/frr/deploy-config.yml for ce2

TASK [template] ****************************************************************
changed: [ce2]

TASK [set_fact] ****************************************************************
ok: [ce2]

TASK [run /tmp/config.sh to deploy initial config from /work/netlab_cicd/node_files/ce2/initial] ***
changed: [ce2]

TASK [run vtysh to import initial config from /work/netlab_cicd/node_files/ce2/initial] ***
skipping: [ce2]

TASK [Figure out whether to deploy the module initial on current device] *******
ok: [dut]

TASK [Find configuration template for initial] *********************************
ok: [dut]

TASK [fail] ********************************************************************
skipping: [dut]

TASK [Find configuration deployment deploy_script for initial] *****************
ok: [dut]

TASK [Print deployed configuration when running in verbose mode] ***************
ok: [dut] => {
    "msg": "initial configuration for dut\n=========================================\nhostname dut\n!\nno ip domain lookup\nlogging buffered 256000\n\n!\nlldp run\n!\nip host ce1 10.0.0.1 10.1.0.13\nip host ce2 10.0.0.2 10.1.0.17\nip host dut-tenant 10.1.0.14\nip host p1 10.0.0.5 10.1.0.2 10.1.0.5\nip host p2 10.0.0.6 10.1.0.6 10.1.0.9\nip host pe2 10.0.0.4 10.1.0.10\nip host pe2-tenant 10.1.0.18\n!\nip routing\n!\nno ipv6 unicast-routing\n!\nvrf definition tenant\n rd 65000:1\n route-target import 65000:1\n route-target export 65000:1\n!\n address-family ipv4\n exit-address-family\n!\n\n!\n!\ninterface Loopback0\n ip address 10.0.0.3 255.255.255.255\n!\ninterface GigabitEthernet1\n no lldp transmit\n no lldp receive\n!\ninterface GigabitEthernet2\n description dut -> p1\n ip address 10.1.0.1 255.255.255.252\n no shutdown\n!\ninterface GigabitEthernet3\n vrf forwarding tenant\n description dut -> ce1 [external]\n ip address 10.1.0.14 255.255.255.252\n no shutdown\n!\n!\nline vty 0 4\n exec-timeout 0 0 \n!\nno banner exec\nno banner login\nno banner incoming\n"
}

TASK [Deploy initial configuration] ********************************************
included: /home/pipi/netlab_gh/netsim/ansible/tasks/deploy-config/ios.yml for dut

TASK [ios_config: deploying initial from /work/netlab_cicd/node_files/dut/initial] ***
changed: [dut]

TASK [Figure out whether to deploy the module initial on current device] *******
ok: [pe2]

TASK [Find configuration template for initial] *********************************
ok: [pe2]

TASK [fail] ********************************************************************
skipping: [pe2]

TASK [Find configuration deployment deploy_script for initial] *****************
ok: [pe2]

TASK [Print deployed configuration when running in verbose mode] ***************
ok: [pe2] => {
    "msg": "initial configuration for pe2\n=========================================\nhostname pe2\n!\nlogging monitor debugging\naaa authorization exec default local\n!\nlldp run\nip routing\nno ipv6 unicast-routing\n!\nvrf instance tenant\n rd 65000:1\n!\nip routing vrf tenant\n!\n!\nip host ce1 10.0.0.1 10.1.0.13\nip host ce2 10.0.0.2 10.1.0.17\nip host dut 10.0.0.3 10.1.0.1\nip host dut-tenant 10.1.0.14\nip host p1 10.0.0.5 10.1.0.2 10.1.0.5\nip host p2 10.0.0.6 10.1.0.6 10.1.0.9\nip host pe2-tenant 10.1.0.18\n!\ninterface Management1\n no lldp transmit\n no lldp receive\n!\ninterface Loopback0\n ip address 10.0.0.4/32\n!\ninterface Ethernet1\n no switchport\n description pe2 -> p2\n ip address 10.1.0.10/30\n mac-address caf0.0004.0001\n!\n no shutdown\n!\ninterface Ethernet2\n no switchport\n vrf tenant\n description pe2 -> ce2 [external]\n ip address 10.1.0.18/30\n mac-address caf0.0004.0002\n!\n no shutdown\n!\n"
}

TASK [Deploy initial configuration] ********************************************
included: /home/pipi/netlab_gh/netsim/ansible/tasks/deploy-config/eos.yml for pe2

TASK [eos_config: deploying initial from /work/netlab_cicd/node_files/pe2/initial] ***
changed: [pe2]

TASK [Figure out whether to deploy the module initial on current device] *******
ok: [p1]

TASK [Find configuration template for initial] *********************************
ok: [p1]

TASK [fail] ********************************************************************
skipping: [p1]

TASK [Find configuration deployment deploy_script for initial] *****************
ok: [p1]

TASK [Print deployed configuration when running in verbose mode] ***************
ok: [p1] => {
    "msg": "initial configuration for p1\n=========================================\n#!/bin/bash\n#\nset -e\nset -x\n#\n# Create bash profile script\n#\ncat <<SCRIPT >/root/.bash_profile\n#!/bin/bash\n#\nexport PS1=\"\\h(bash)# \"\necho\necho \"Use vtysh to connect to FRR daemon\"\necho\nSCRIPT\n#\n# This is an artifact of unknown provenance that should be removed in a year or two (= 2026/2027)\n#\n# FRR controls these parameters with 'ip forwarding' and 'ipv6 forwarding' commands\n#\nsysctl -w net.ipv4.ip_forward=1\nsysctl -w net.ipv6.conf.all.forwarding=0\n#\n#\n# Get the current next hop for the default route\n#\ndef_nh=$(ip route list default|awk '{ print $3 }')\n#\n# Create the management VRF and add eth0 to it\n#\nif [ ! -e /sys/devices/virtual/net/mgmt ]; then\n  ip link add mgmt type vrf table 42\nfi\nip link set mgmt up\nsysctl -qw net.ipv6.conf.eth0.keep_addr_on_down=1\nip link set eth0 master mgmt\n#\n# Reinstall the default route if we had it before\n#\nif [[ -n \"$def_nh\" ]]; then\n  ip route add 0.0.0.0/0 vrf mgmt via $def_nh\nfi\n#\n# Enable FRR modules (if not using containerlab bind-mounted /etc/frr/daemons)\n#\n\n# Set system defaults\n#\n# Send ARP requests from a sane source IP address\n#\nsysctl -w net.ipv4.conf.all.arp_announce=2\n\n#\n# Create loopbacks, stub and lag/bond devices\n#\nif [ ! -e /sys/class/net/lo ]; then\n  if [ ! -e /sys/devices/virtual/net/lo ]; then\n    ip link add lo type dummy\n    ip link set dev lo up\n  fi\nfi\n\n# Disable IPv6 (for IPv4-only interfaces) or SLAAC (if the device is a router)\n#\nip link set eth1 down\nsysctl -qw net.ipv6.conf.eth1.disable_ipv6=1\nip link set dev eth1 mtu 1500\nip link set eth1 up\nip link set eth2 down\nsysctl -qw net.ipv6.conf.eth2.disable_ipv6=1\nip link set dev eth2 mtu 1500\nip link set eth2 up\n\n#\n# Add vtysh.conf file\necho \"service integrated-vtysh-config\" >/etc/frr/vtysh.conf\n\n#\n# Rest of initial configuration done through VTYSH\n#\ncat >/tmp/config <<CONFIG\nhostname p1\n!\nlog file /tmp/logging\n\n!\nip forwarding\nvrf mgmt\n exit-vrf\n!\nfrr defaults datacenter\n!\ninterface lo\n no shutdown\n ip address 10.0.0.5/32\n!\ninterface eth1\n no shutdown\n description p1 -> dut\n ip address 10.1.0.2/30\n!\ninterface eth2\n no shutdown\n description p1 -> p2\n ip address 10.1.0.5/30\n!\ndo write\nCONFIG\nvtysh -f /tmp/config\n!\nexit 0\n"
}

TASK [Deploy initial configuration] ********************************************
included: /home/pipi/netlab_gh/netsim/ansible/tasks/frr/initial-clab.yml for p1

TASK [Attempt to load VRF kernel module] ***************************************
changed: [p1 -> localhost]

TASK [Disable FRR management VRF when modprobe fails] **************************
skipping: [p1]

TASK [include_tasks] ***********************************************************
included: /home/pipi/netlab_gh/netsim/ansible/tasks/frr/deploy-config.yml for p1

TASK [template] ****************************************************************
changed: [p1]

TASK [set_fact] ****************************************************************
ok: [p1]

TASK [run /tmp/config.sh to deploy initial config from /work/netlab_cicd/node_files/p1/initial] ***
changed: [p1]

TASK [run vtysh to import initial config from /work/netlab_cicd/node_files/p1/initial] ***
skipping: [p1]

TASK [Figure out whether to deploy the module initial on current device] *******
ok: [p2]

TASK [Find configuration template for initial] *********************************
ok: [p2]

TASK [fail] ********************************************************************
skipping: [p2]

TASK [Find configuration deployment deploy_script for initial] *****************
ok: [p2]

TASK [Print deployed configuration when running in verbose mode] ***************
ok: [p2] => {
    "msg": "initial configuration for p2\n=========================================\n#!/bin/bash\n#\nset -e\nset -x\n#\n# Create bash profile script\n#\ncat <<SCRIPT >/root/.bash_profile\n#!/bin/bash\n#\nexport PS1=\"\\h(bash)# \"\necho\necho \"Use vtysh to connect to FRR daemon\"\necho\nSCRIPT\n#\n# This is an artifact of unknown provenance that should be removed in a year or two (= 2026/2027)\n#\n# FRR controls these parameters with 'ip forwarding' and 'ipv6 forwarding' commands\n#\nsysctl -w net.ipv4.ip_forward=1\nsysctl -w net.ipv6.conf.all.forwarding=0\n#\n#\n# Get the current next hop for the default route\n#\ndef_nh=$(ip route list default|awk '{ print $3 }')\n#\n# Create the management VRF and add eth0 to it\n#\nif [ ! -e /sys/devices/virtual/net/mgmt ]; then\n  ip link add mgmt type vrf table 42\nfi\nip link set mgmt up\nsysctl -qw net.ipv6.conf.eth0.keep_addr_on_down=1\nip link set eth0 master mgmt\n#\n# Reinstall the default route if we had it before\n#\nif [[ -n \"$def_nh\" ]]; then\n  ip route add 0.0.0.0/0 vrf mgmt via $def_nh\nfi\n#\n# Enable FRR modules (if not using containerlab bind-mounted /etc/frr/daemons)\n#\n\n# Set system defaults\n#\n# Send ARP requests from a sane source IP address\n#\nsysctl -w net.ipv4.conf.all.arp_announce=2\n\n#\n# Create loopbacks, stub and lag/bond devices\n#\nif [ ! -e /sys/class/net/lo ]; then\n  if [ ! -e /sys/devices/virtual/net/lo ]; then\n    ip link add lo type dummy\n    ip link set dev lo up\n  fi\nfi\n\n# Disable IPv6 (for IPv4-only interfaces) or SLAAC (if the device is a router)\n#\nip link set eth1 down\nsysctl -qw net.ipv6.conf.eth1.disable_ipv6=1\nip link set dev eth1 mtu 1500\nip link set eth1 up\nip link set eth2 down\nsysctl -qw net.ipv6.conf.eth2.disable_ipv6=1\nip link set dev eth2 mtu 1500\nip link set eth2 up\n\n#\n# Add vtysh.conf file\necho \"service integrated-vtysh-config\" >/etc/frr/vtysh.conf\n\n#\n# Rest of initial configuration done through VTYSH\n#\ncat >/tmp/config <<CONFIG\nhostname p2\n!\nlog file /tmp/logging\n\n!\nip forwarding\nvrf mgmt\n exit-vrf\n!\nfrr defaults datacenter\n!\ninterface lo\n no shutdown\n ip address 10.0.0.6/32\n!\ninterface eth1\n no shutdown\n description p2 -> p1\n ip address 10.1.0.6/30\n!\ninterface eth2\n no shutdown\n description p2 -> pe2\n ip address 10.1.0.9/30\n!\ndo write\nCONFIG\nvtysh -f /tmp/config\n!\nexit 0\n"
}

TASK [Deploy initial configuration] ********************************************
included: /home/pipi/netlab_gh/netsim/ansible/tasks/frr/initial-clab.yml for p2

TASK [Attempt to load VRF kernel module] ***************************************
changed: [p2 -> localhost]

TASK [Disable FRR management VRF when modprobe fails] **************************
skipping: [p2]

TASK [include_tasks] ***********************************************************
included: /home/pipi/netlab_gh/netsim/ansible/tasks/frr/deploy-config.yml for p2

TASK [template] ****************************************************************
changed: [p2]

TASK [set_fact] ****************************************************************
ok: [p2]

TASK [run /tmp/config.sh to deploy initial config from /work/netlab_cicd/node_files/p2/initial] ***
changed: [p2]

TASK [run vtysh to import initial config from /work/netlab_cicd/node_files/p2/initial] ***
skipping: [p2]

PLAY [Deploy module-specific configurations] ***********************************

TASK [Set variables that cannot be set with VARS] ******************************
ok: [ce1]
ok: [ce2]
ok: [p1]
ok: [p2]
ok: [dut]
ok: [pe2]

TASK [Deploy individual configuration modules] *********************************
included: /home/pipi/netlab_gh/netsim/ansible/tasks/deploy-module.yml for ce1 => (item=ospf)
included: /home/pipi/netlab_gh/netsim/ansible/tasks/deploy-module.yml for ce1 => (item=bgp)
included: /home/pipi/netlab_gh/netsim/ansible/tasks/deploy-module.yml for ce1 => (item=mpls)
included: /home/pipi/netlab_gh/netsim/ansible/tasks/deploy-module.yml for ce1 => (item=vrf)
included: /home/pipi/netlab_gh/netsim/ansible/tasks/deploy-module.yml for ce2 => (item=ospf)
included: /home/pipi/netlab_gh/netsim/ansible/tasks/deploy-module.yml for ce2 => (item=bgp)
included: /home/pipi/netlab_gh/netsim/ansible/tasks/deploy-module.yml for ce2 => (item=mpls)
included: /home/pipi/netlab_gh/netsim/ansible/tasks/deploy-module.yml for ce2 => (item=vrf)
included: /home/pipi/netlab_gh/netsim/ansible/tasks/deploy-module.yml for dut => (item=ospf)
included: /home/pipi/netlab_gh/netsim/ansible/tasks/deploy-module.yml for dut => (item=bgp)
included: /home/pipi/netlab_gh/netsim/ansible/tasks/deploy-module.yml for dut => (item=mpls)
included: /home/pipi/netlab_gh/netsim/ansible/tasks/deploy-module.yml for dut => (item=vrf)
included: /home/pipi/netlab_gh/netsim/ansible/tasks/deploy-module.yml for pe2 => (item=ospf)
included: /home/pipi/netlab_gh/netsim/ansible/tasks/deploy-module.yml for pe2 => (item=bgp)
included: /home/pipi/netlab_gh/netsim/ansible/tasks/deploy-module.yml for pe2 => (item=mpls)
included: /home/pipi/netlab_gh/netsim/ansible/tasks/deploy-module.yml for pe2 => (item=vrf)
included: /home/pipi/netlab_gh/netsim/ansible/tasks/deploy-module.yml for p1 => (item=ospf)
included: /home/pipi/netlab_gh/netsim/ansible/tasks/deploy-module.yml for p1 => (item=bgp)
included: /home/pipi/netlab_gh/netsim/ansible/tasks/deploy-module.yml for p1 => (item=mpls)
included: /home/pipi/netlab_gh/netsim/ansible/tasks/deploy-module.yml for p1 => (item=vrf)
included: /home/pipi/netlab_gh/netsim/ansible/tasks/deploy-module.yml for p2 => (item=ospf)
included: /home/pipi/netlab_gh/netsim/ansible/tasks/deploy-module.yml for p2 => (item=bgp)
included: /home/pipi/netlab_gh/netsim/ansible/tasks/deploy-module.yml for p2 => (item=mpls)
included: /home/pipi/netlab_gh/netsim/ansible/tasks/deploy-module.yml for p2 => (item=vrf)

TASK [Figure out whether to deploy the module ospf on current device] **********
ok: [ce1]

TASK [Find configuration template for ospf] ************************************
skipping: [ce1]

TASK [fail] ********************************************************************
skipping: [ce1]

TASK [Find configuration deployment deploy_script for ospf] ********************
skipping: [ce1]

TASK [Print deployed configuration when running in verbose mode] ***************
skipping: [ce1]

TASK [Deploy ospf configuration] ***********************************************
skipping: [ce1]

TASK [Figure out whether to deploy the module bgp on current device] ***********
ok: [ce1]

TASK [Find configuration template for bgp] *************************************
ok: [ce1]

TASK [fail] ********************************************************************
skipping: [ce1]

TASK [Find configuration deployment deploy_script for bgp] *********************
ok: [ce1]

TASK [Print deployed configuration when running in verbose mode] ***************
ok: [ce1] => {
    "msg": "bgp configuration for ce1\n=========================================\n!\nrouter bgp 65100\n  no bgp ebgp-requires-policy\n  no bgp default ipv4-unicast\n  bgp default show-hostname\n  bgp default show-nexthop-hostname\n  ! Consider AS paths of same length but with different AS as ECMP candidates\n  bgp bestpath as-path multipath-relax\n\n  bgp router-id 10.0.0.1\n!\n  neighbor 10.1.0.14 remote-as 65001\n  neighbor 10.1.0.14 description dut\n!\n address-family ipv4 unicast\n!\n\n!\n! Originate networks from connected subnets\n!\n  network 10.0.0.1/32\n!\n  neighbor 10.1.0.14 activate\n  no neighbor 10.1.0.14 send-community all\n  neighbor 10.1.0.14 send-community standard\n  neighbor 10.1.0.14 send-community large\n!\n!\n!\ndo write\n"
}

TASK [Deploy bgp configuration] ************************************************
included: /home/pipi/netlab_gh/netsim/ansible/tasks/deploy-config/frr.yml for ce1

TASK [template] ****************************************************************
changed: [ce1]

TASK [set_fact] ****************************************************************
ok: [ce1]

TASK [run /tmp/config.sh to deploy bgp config from /work/netlab_cicd/node_files/ce1/bgp] ***
skipping: [ce1]

TASK [run vtysh to import bgp config from /work/netlab_cicd/node_files/ce1/bgp] ***
changed: [ce1]

TASK [Figure out whether to deploy the module mpls on current device] **********
ok: [ce1]

TASK [Find configuration template for mpls] ************************************
skipping: [ce1]

TASK [fail] ********************************************************************
skipping: [ce1]

TASK [Find configuration deployment deploy_script for mpls] ********************
skipping: [ce1]

TASK [Print deployed configuration when running in verbose mode] ***************
skipping: [ce1]

TASK [Deploy mpls configuration] ***********************************************
skipping: [ce1]

TASK [Figure out whether to deploy the module vrf on current device] ***********
ok: [ce1]

TASK [Find configuration template for vrf] *************************************
skipping: [ce1]

TASK [fail] ********************************************************************
skipping: [ce1]

TASK [Find configuration deployment deploy_script for vrf] *********************
skipping: [ce1]

TASK [Print deployed configuration when running in verbose mode] ***************
skipping: [ce1]

TASK [Deploy vrf configuration] ************************************************
skipping: [ce1]

TASK [Figure out whether to deploy the module ospf on current device] **********
ok: [ce2]

TASK [Find configuration template for ospf] ************************************
skipping: [ce2]

TASK [fail] ********************************************************************
skipping: [ce2]

TASK [Find configuration deployment deploy_script for ospf] ********************
skipping: [ce2]

TASK [Print deployed configuration when running in verbose mode] ***************
skipping: [ce2]

TASK [Deploy ospf configuration] ***********************************************
skipping: [ce2]

TASK [Figure out whether to deploy the module bgp on current device] ***********
ok: [ce2]

TASK [Find configuration template for bgp] *************************************
ok: [ce2]

TASK [fail] ********************************************************************
skipping: [ce2]

TASK [Find configuration deployment deploy_script for bgp] *********************
ok: [ce2]

TASK [Print deployed configuration when running in verbose mode] ***************
ok: [ce2] => {
    "msg": "bgp configuration for ce2\n=========================================\n!\nrouter bgp 65101\n  no bgp ebgp-requires-policy\n  no bgp default ipv4-unicast\n  bgp default show-hostname\n  bgp default show-nexthop-hostname\n  ! Consider AS paths of same length but with different AS as ECMP candidates\n  bgp bestpath as-path multipath-relax\n\n  bgp router-id 10.0.0.2\n!\n  neighbor 10.1.0.18 remote-as 65001\n  neighbor 10.1.0.18 description pe2\n!\n address-family ipv4 unicast\n!\n\n!\n! Originate networks from connected subnets\n!\n  network 10.0.0.2/32\n!\n  neighbor 10.1.0.18 activate\n  no neighbor 10.1.0.18 send-community all\n  neighbor 10.1.0.18 send-community standard\n  neighbor 10.1.0.18 send-community large\n!\n!\n!\ndo write\n"
}

TASK [Deploy bgp configuration] ************************************************
included: /home/pipi/netlab_gh/netsim/ansible/tasks/deploy-config/frr.yml for ce2

TASK [template] ****************************************************************
changed: [ce2]

TASK [set_fact] ****************************************************************
ok: [ce2]

TASK [run /tmp/config.sh to deploy bgp config from /work/netlab_cicd/node_files/ce2/bgp] ***
skipping: [ce2]

TASK [run vtysh to import bgp config from /work/netlab_cicd/node_files/ce2/bgp] ***
changed: [ce2]

TASK [Figure out whether to deploy the module mpls on current device] **********
ok: [ce2]

TASK [Find configuration template for mpls] ************************************
skipping: [ce2]

TASK [fail] ********************************************************************
skipping: [ce2]

TASK [Find configuration deployment deploy_script for mpls] ********************
skipping: [ce2]

TASK [Print deployed configuration when running in verbose mode] ***************
skipping: [ce2]

TASK [Deploy mpls configuration] ***********************************************
skipping: [ce2]

TASK [Figure out whether to deploy the module vrf on current device] ***********
ok: [ce2]

TASK [Find configuration template for vrf] *************************************
skipping: [ce2]

TASK [fail] ********************************************************************
skipping: [ce2]

TASK [Find configuration deployment deploy_script for vrf] *********************
skipping: [ce2]

TASK [Print deployed configuration when running in verbose mode] ***************
skipping: [ce2]

TASK [Deploy vrf configuration] ************************************************
skipping: [ce2]

TASK [Figure out whether to deploy the module ospf on current device] **********
ok: [dut]

TASK [Find configuration template for ospf] ************************************
ok: [dut]

TASK [fail] ********************************************************************
skipping: [dut]

TASK [Find configuration deployment deploy_script for ospf] ********************
ok: [dut]

TASK [Print deployed configuration when running in verbose mode] ***************
ok: [dut] => {
    "msg": "ospf configuration for dut\n=========================================\nrouter ospf 1\n router-id 10.0.0.3\n\n!\ninterface Loopback0\n! \n ip ospf 1 area 0.0.0.0\n!\ninterface GigabitEthernet2\n! dut -> p1\n ip ospf 1 area 0.0.0.0\n ip ospf network point-to-point\n!\n\n"
}

TASK [Deploy ospf configuration] ***********************************************
included: /home/pipi/netlab_gh/netsim/ansible/tasks/deploy-config/ios.yml for dut

TASK [ios_config: deploying ospf from /work/netlab_cicd/node_files/dut/ospf] ***
changed: [dut]

TASK [Figure out whether to deploy the module bgp on current device] ***********
ok: [dut]

TASK [Find configuration template for bgp] *************************************
ok: [dut]

TASK [fail] ********************************************************************
skipping: [dut]

TASK [Find configuration deployment deploy_script for bgp] *********************
ok: [dut]

TASK [Print deployed configuration when running in verbose mode] ***************
ok: [dut] => {
    "msg": "bgp configuration for dut\n=========================================\n!\nip bgp-community new-format\n!\nrouter bgp 65001\n no bgp default ipv4-unicast\n bgp update-delay 5\n bgp nopeerup-delay cold-boot 1\n bgp nopeerup-delay user-initiated 1\n bgp router-id 10.0.0.3\n  neighbor 10.0.0.4 remote-as 65001\n  neighbor 10.0.0.4 description pe2\n  neighbor 10.0.0.4 update-source Loopback0\n\n!\n address-family ipv4\n  bgp scan-time 5\n!\n!\n! Originate networks from connected subnets\n!\n  network 10.0.0.3 mask 255.255.255.255\n\n!\n  neighbor 10.0.0.4 activate\n  neighbor 10.0.0.4 advertisement-interval 0\n  neighbor 10.0.0.4 next-hop-self\n  neighbor 10.0.0.4 send-community both\n\n!\n"
}

TASK [Deploy bgp configuration] ************************************************
included: /home/pipi/netlab_gh/netsim/ansible/tasks/deploy-config/ios.yml for dut

TASK [ios_config: deploying bgp from /work/netlab_cicd/node_files/dut/bgp] *****
changed: [dut]

TASK [Figure out whether to deploy the module mpls on current device] **********
ok: [dut]

TASK [Find configuration template for mpls] ************************************
ok: [dut]

TASK [fail] ********************************************************************
skipping: [dut]

TASK [Find configuration deployment deploy_script for mpls] ********************
ok: [dut]

TASK [Print deployed configuration when running in verbose mode] ***************
ok: [dut] => {
    "msg": "mpls configuration for dut\n=========================================\n! {'vpn': {'ipv4': ['ibgp']}}\n!\nmpls ldp router-id Loopback0\nmpls ldp logging neighbor-changes\n!\ninterface GigabitEthernet2\n mpls ip\n!\n!\nrouter bgp 65001\n address-family vpnv4\n!\n  neighbor 10.0.0.4 activate\n  neighbor 10.0.0.4 send-community both\n\n"
}

TASK [Deploy mpls configuration] ***********************************************
included: /home/pipi/netlab_gh/netsim/ansible/tasks/deploy-config/ios.yml for dut

TASK [ios_config: deploying mpls from /work/netlab_cicd/node_files/dut/mpls] ***
changed: [dut]

TASK [Figure out whether to deploy the module vrf on current device] ***********
ok: [dut]

TASK [Find configuration template for vrf] *************************************
ok: [dut]

TASK [fail] ********************************************************************
skipping: [dut]

TASK [Find configuration deployment deploy_script for vrf] *********************
ok: [dut]

TASK [Print deployed configuration when running in verbose mode] ***************
ok: [dut] => {
    "msg": "vrf configuration for dut\n=========================================\n!\nrouter bgp 65001\n address-family ipv4 vrf tenant\n  bgp router-id 10.0.0.3\n  redistribute connected\n\n!\n!\n  neighbor 10.1.0.13 remote-as 65100\n  neighbor 10.1.0.13 description ce1\n\n  neighbor 10.1.0.13 activate\n  neighbor 10.1.0.13 advertisement-interval 0\n  neighbor 10.1.0.13 send-community standard\n\n"
}

TASK [Deploy vrf configuration] ************************************************
included: /home/pipi/netlab_gh/netsim/ansible/tasks/deploy-config/ios.yml for dut

TASK [ios_config: deploying vrf from /work/netlab_cicd/node_files/dut/vrf] *****
changed: [dut]

TASK [Figure out whether to deploy the module ospf on current device] **********
ok: [pe2]

TASK [Find configuration template for ospf] ************************************
ok: [pe2]

TASK [fail] ********************************************************************
skipping: [pe2]

TASK [Find configuration deployment deploy_script for ospf] ********************
ok: [pe2]

TASK [Print deployed configuration when running in verbose mode] ***************
ok: [pe2] => {
    "msg": "ospf configuration for pe2\n=========================================\n!\n! OSPFv2 configuration\n!\nrouter ospf 1\n router-id 10.0.0.4\n interface unnumbered hello mask tx 0.0.0.0\n timers spf delay initial 100 200 500\n timers lsa rx min interval 100\n timers lsa tx delay initial 100 200 500\n\n\n!\ninterface Loopback0\n! \n ip ospf area 0.0.0.0\n!\ninterface Ethernet1\n! pe2 -> p2\n ip ospf area 0.0.0.0\n ip ospf network point-to-point\n!\n\n"
}

TASK [Deploy ospf configuration] ***********************************************
included: /home/pipi/netlab_gh/netsim/ansible/tasks/deploy-config/eos.yml for pe2

TASK [eos_config: deploying ospf from /work/netlab_cicd/node_files/pe2/ospf] ***
changed: [pe2]

TASK [Figure out whether to deploy the module bgp on current device] ***********
ok: [pe2]

TASK [Find configuration template for bgp] *************************************
ok: [pe2]

TASK [fail] ********************************************************************
skipping: [pe2]

TASK [Find configuration deployment deploy_script for bgp] *********************
ok: [pe2]

TASK [Print deployed configuration when running in verbose mode] ***************
ok: [pe2] => {
    "msg": "bgp configuration for pe2\n=========================================\n!\nroute-map next-hop-self-ipv4 permit 10\n   match route-type external\n   set ip next-hop peer-address\n!\nroute-map next-hop-self-ipv4 permit 20\n!\n!\nrouter bgp 65001\n  bgp advertise-inactive\n  bgp log-neighbor-changes\n  no bgp default ipv4-unicast\n  no bgp default ipv6-unicast\n  router-id 10.0.0.4\n!\n  neighbor 10.0.0.3 remote-as 65001\n  neighbor 10.0.0.3 description dut\n  neighbor 10.0.0.3 update-source Loopback0\n  neighbor 10.0.0.3 send-community standard extended large \n!\n!\n address-family ipv4\n\n!\n!\n! Originate networks from connected subnets\n!\n  network 10.0.0.4/32\n!\n!\n  neighbor 10.0.0.3 activate\n  neighbor 10.0.0.3 route-map next-hop-self-ipv4 out\n!\n"
}

TASK [Deploy bgp configuration] ************************************************
included: /home/pipi/netlab_gh/netsim/ansible/tasks/deploy-config/eos.yml for pe2

TASK [eos_config: deploying bgp from /work/netlab_cicd/node_files/pe2/bgp] *****
changed: [pe2]

TASK [Figure out whether to deploy the module mpls on current device] **********
ok: [pe2]

TASK [Find configuration template for mpls] ************************************
ok: [pe2]

TASK [fail] ********************************************************************
skipping: [pe2]

TASK [Find configuration deployment deploy_script for mpls] ********************
ok: [pe2]

TASK [Print deployed configuration when running in verbose mode] ***************
ok: [pe2] => {
    "msg": "mpls configuration for pe2\n=========================================\n!\nmpls ip\nmpls icmp ttl-exceeded tunneling\n!\nmpls ldp\n  router-id 10.0.0.4\n  transport-address interface Loopback0\n  interface disabled default\n  no shutdown\n!\ninterface Loopback0\n  mpls ldp interface\n!\ninterface Ethernet1\n  mpls ip\n  mpls ldp interface\n!\n!\nrouter bgp 65001\n\n neighbor 10.0.0.3 send-community add extended\n!\n address-family vpn-ipv4\n!\n  neighbor 10.0.0.3 activate\n  exit\n\n"
}

TASK [Deploy mpls configuration] ***********************************************
included: /home/pipi/netlab_gh/netsim/ansible/tasks/deploy-config/eos.yml for pe2

TASK [eos_config: deploying mpls from /work/netlab_cicd/node_files/pe2/mpls] ***
changed: [pe2]

TASK [Figure out whether to deploy the module vrf on current device] ***********
ok: [pe2]

TASK [Find configuration template for vrf] *************************************
ok: [pe2]

TASK [fail] ********************************************************************
skipping: [pe2]

TASK [Find configuration deployment deploy_script for vrf] *********************
ok: [pe2]

TASK [Print deployed configuration when running in verbose mode] ***************
ok: [pe2] => {
    "msg": "vrf configuration for pe2\n=========================================\n!\nmpls ip\n!\nrouter bgp 65001\n!\n vrf tenant\n  router-id 10.0.0.4\n  rd 65000:1\n  route-target import vpn-ipv4 65000:1\n  route-target export vpn-ipv4 65000:1\n!\n  neighbor 10.1.0.17 remote-as 65101\n  neighbor 10.1.0.17 description ce2\n  neighbor 10.1.0.17 send-community standard large \n!\n  address-family ipv4\n    redistribute connected\n\n    neighbor 10.1.0.17 activate\n"
}

TASK [Deploy vrf configuration] ************************************************
included: /home/pipi/netlab_gh/netsim/ansible/tasks/deploy-config/eos.yml for pe2

TASK [eos_config: deploying vrf from /work/netlab_cicd/node_files/pe2/vrf] *****
changed: [pe2]

TASK [Figure out whether to deploy the module ospf on current device] **********
ok: [p1]

TASK [Find configuration template for ospf] ************************************
ok: [p1]

TASK [fail] ********************************************************************
skipping: [p1]

TASK [Find configuration deployment deploy_script for ospf] ********************
ok: [p1]

TASK [Print deployed configuration when running in verbose mode] ***************
ok: [p1] => {
    "msg": "ospf configuration for p1\n=========================================\n!\n! OSPFv2 FRR configuration\n!\nrouter ospf\n ospf router-id 10.0.0.5\n timers throttle spf 10 50 500\n timers throttle lsa all 100\n timers lsa min-arrival 100\n\n\nexit\n!\ninterface lo\n! \n ip ospf area 0.0.0.0\n!\ninterface eth1\n! p1 -> dut\n ip ospf area 0.0.0.0\n ip ospf network point-to-point\n!\ninterface eth2\n! p1 -> p2\n ip ospf area 0.0.0.0\n ip ospf network point-to-point\n!\n\n!\ndo write\n"
}

TASK [Deploy ospf configuration] ***********************************************
included: /home/pipi/netlab_gh/netsim/ansible/tasks/deploy-config/frr.yml for p1

TASK [template] ****************************************************************
changed: [p1]

TASK [set_fact] ****************************************************************
ok: [p1]

TASK [run /tmp/config.sh to deploy ospf config from /work/netlab_cicd/node_files/p1/ospf] ***
skipping: [p1]

TASK [run vtysh to import ospf config from /work/netlab_cicd/node_files/p1/ospf] ***
changed: [p1]

TASK [Figure out whether to deploy the module bgp on current device] ***********
ok: [p1]

TASK [Find configuration template for bgp] *************************************
skipping: [p1]

TASK [fail] ********************************************************************
skipping: [p1]

TASK [Find configuration deployment deploy_script for bgp] *********************
skipping: [p1]

TASK [Print deployed configuration when running in verbose mode] ***************
skipping: [p1]

TASK [Deploy bgp configuration] ************************************************
skipping: [p1]

TASK [Figure out whether to deploy the module mpls on current device] **********
ok: [p1]

TASK [Find configuration template for mpls] ************************************
ok: [p1]

TASK [fail] ********************************************************************
skipping: [p1]

TASK [Find configuration deployment deploy_script for mpls] ********************
ok: [p1]

TASK [Print deployed configuration when running in verbose mode] ***************
ok: [p1] => {
    "msg": "mpls configuration for p1\n=========================================\n#!/bin/bash\n\nset -e\n\nsysctl -w net.mpls.platform_labels=1048575\nsysctl -w net.mpls.conf.eth1.input=1\nsysctl -w net.mpls.conf.eth2.input=1\n\ncat >/tmp/config <<CONFIG\n!\nmpls ldp\n  router-id 10.0.0.5\n  dual-stack transport-connection prefer ipv4\n  address-family ipv4\n    discovery transport-address 10.0.0.5\n    interface eth1\n    exit\n    interface eth2\n    exit\n  exit\n!\n!\ndo write\nCONFIG\nvtysh -f /tmp/config\n\nexit 0\n"
}

TASK [Deploy mpls configuration] ***********************************************
included: /home/pipi/netlab_gh/netsim/ansible/tasks/deploy-config/frr.yml for p1

TASK [template] ****************************************************************
changed: [p1]

TASK [set_fact] ****************************************************************
ok: [p1]

TASK [run /tmp/config.sh to deploy mpls config from /work/netlab_cicd/node_files/p1/mpls] ***
changed: [p1]

TASK [run vtysh to import mpls config from /work/netlab_cicd/node_files/p1/mpls] ***
skipping: [p1]

TASK [Figure out whether to deploy the module vrf on current device] ***********
ok: [p1]

TASK [Find configuration template for vrf] *************************************
skipping: [p1]

TASK [fail] ********************************************************************
skipping: [p1]

TASK [Find configuration deployment deploy_script for vrf] *********************
skipping: [p1]

TASK [Print deployed configuration when running in verbose mode] ***************
skipping: [p1]

TASK [Deploy vrf configuration] ************************************************
skipping: [p1]

TASK [Figure out whether to deploy the module ospf on current device] **********
ok: [p2]

TASK [Find configuration template for ospf] ************************************
ok: [p2]

TASK [fail] ********************************************************************
skipping: [p2]

TASK [Find configuration deployment deploy_script for ospf] ********************
ok: [p2]

TASK [Print deployed configuration when running in verbose mode] ***************
ok: [p2] => {
    "msg": "ospf configuration for p2\n=========================================\n!\n! OSPFv2 FRR configuration\n!\nrouter ospf\n ospf router-id 10.0.0.6\n timers throttle spf 10 50 500\n timers throttle lsa all 100\n timers lsa min-arrival 100\n\n\nexit\n!\ninterface lo\n! \n ip ospf area 0.0.0.0\n!\ninterface eth1\n! p2 -> p1\n ip ospf area 0.0.0.0\n ip ospf network point-to-point\n!\ninterface eth2\n! p2 -> pe2\n ip ospf area 0.0.0.0\n ip ospf network point-to-point\n!\n\n!\ndo write\n"
}

TASK [Deploy ospf configuration] ***********************************************
included: /home/pipi/netlab_gh/netsim/ansible/tasks/deploy-config/frr.yml for p2

TASK [template] ****************************************************************
changed: [p2]

TASK [set_fact] ****************************************************************
ok: [p2]

TASK [run /tmp/config.sh to deploy ospf config from /work/netlab_cicd/node_files/p2/ospf] ***
skipping: [p2]

TASK [run vtysh to import ospf config from /work/netlab_cicd/node_files/p2/ospf] ***
changed: [p2]

TASK [Figure out whether to deploy the module bgp on current device] ***********
ok: [p2]

TASK [Find configuration template for bgp] *************************************
skipping: [p2]

TASK [fail] ********************************************************************
skipping: [p2]

TASK [Find configuration deployment deploy_script for bgp] *********************
skipping: [p2]

TASK [Print deployed configuration when running in verbose mode] ***************
skipping: [p2]

TASK [Deploy bgp configuration] ************************************************
skipping: [p2]

TASK [Figure out whether to deploy the module mpls on current device] **********
ok: [p2]

TASK [Find configuration template for mpls] ************************************
ok: [p2]

TASK [fail] ********************************************************************
skipping: [p2]

TASK [Find configuration deployment deploy_script for mpls] ********************
ok: [p2]

TASK [Print deployed configuration when running in verbose mode] ***************
ok: [p2] => {
    "msg": "mpls configuration for p2\n=========================================\n#!/bin/bash\n\nset -e\n\nsysctl -w net.mpls.platform_labels=1048575\nsysctl -w net.mpls.conf.eth1.input=1\nsysctl -w net.mpls.conf.eth2.input=1\n\ncat >/tmp/config <<CONFIG\n!\nmpls ldp\n  router-id 10.0.0.6\n  dual-stack transport-connection prefer ipv4\n  address-family ipv4\n    discovery transport-address 10.0.0.6\n    interface eth1\n    exit\n    interface eth2\n    exit\n  exit\n!\n!\ndo write\nCONFIG\nvtysh -f /tmp/config\n\nexit 0\n"
}

TASK [Deploy mpls configuration] ***********************************************
included: /home/pipi/netlab_gh/netsim/ansible/tasks/deploy-config/frr.yml for p2

TASK [template] ****************************************************************
changed: [p2]

TASK [set_fact] ****************************************************************
ok: [p2]

TASK [run /tmp/config.sh to deploy mpls config from /work/netlab_cicd/node_files/p2/mpls] ***
changed: [p2]

TASK [run vtysh to import mpls config from /work/netlab_cicd/node_files/p2/mpls] ***
skipping: [p2]

TASK [Figure out whether to deploy the module vrf on current device] ***********
ok: [p2]

TASK [Find configuration template for vrf] *************************************
skipping: [p2]

TASK [fail] ********************************************************************
skipping: [p2]

TASK [Find configuration deployment deploy_script for vrf] *********************
skipping: [p2]

TASK [Print deployed configuration when running in verbose mode] ***************
skipping: [p2]

TASK [Deploy vrf configuration] ************************************************
skipping: [p2]

PLAY [Deploy custom deployment templates] **************************************
skipping: no hosts matched

PLAY RECAP *********************************************************************
ce1                        : ok=33   changed=5    unreachable=0    failed=0    skipped=25   rescued=0    ignored=0   
ce2                        : ok=33   changed=5    unreachable=0    failed=0    skipped=25   rescued=0    ignored=0   
dut                        : ok=42   changed=5    unreachable=0    failed=0    skipped=10   rescued=0    ignored=0   
p1                         : ok=40   changed=7    unreachable=0    failed=0    skipped=22   rescued=0    ignored=0   
p2                         : ok=40   changed=7    unreachable=0    failed=0    skipped=22   rescued=0    ignored=0   
pe2                        : ok=45   changed=6    unreachable=0    failed=0    skipped=8    rescued=0    ignored=0   


Warning: The following warnings were generated during the 'netlab initial' processing
Warning: ansible: You're using Ansible version 12.x or higher; netlab might not work correctly
[CREATED] ce1: initial,bgp
[CREATED] ce2: initial,bgp
[CREATED] dut: initial,ospf,bgp,mpls,vrf
[CREATED] pe2: normalize,initial,ospf,bgp,mpls,vrf
[CREATED] p1: initial,ospf,mpls
[CREATED] p2: initial,ospf,mpls


The tested device (DUT) is a PE-router running MPLS/VPN with a simple VRF. Two
BGP-speaking CE-routers are attached to the VRF (one per PE-router)

The PE-router has to run OSPF and LDP with a P-router, exchange IPv4 routes
via BGP with the CE-router, convert VRF IPv4 routes into VPNv4 routes, and
pass them to another PE-router.

The validation tests check BGP prefixes on the CE-routers and perform
end-to-end connectivity tests between CE-router loopbacks.

