Using transformed lab topology from snapshot file netlab.snapshot.pickle
Checking virtualization provider installation
OK: clab installed and working correctly
Starting clab nodes
Loading Linux kernel modules mpls-router,mpls-iptunnel required by containers using mpls module
provider clab: executing sudo -E containerlab deploy --reconfigure -t clab.yml
08:53:00 INFO Containerlab started version=0.73.0
08:53:00 INFO Parsing & checking topology file=clab.yml
08:53:00 INFO Removing directory path=/work/netlab_cicd/clab-ml-17
08:53:00 INFO Creating docker network name=nl_mgmt_17 IPv4 subnet=192.168.17.0/24 IPv6 subnet="" MTU=0
08:53:00 INFO Creating lab directory path=/work/netlab_cicd/clab-ml-17
08:53:00 INFO Creating container name=h2
08:53:00 INFO Creating container name=h1
08:53:00 INFO Creating container name=h3
08:53:00 INFO Creating container name=h4
08:53:00 INFO Creating container name=p1
08:53:00 INFO Creating container name=p2
08:53:00 INFO Creating container name=dut
08:53:00 INFO Creating container name=pe2
08:53:01 INFO Running postdeploy actions for Arista cEOS 'pe2' node
08:53:01 INFO Created link: h4:eth1 ▪┄┄▪ pe2:et3
08:53:01 INFO Created link: pe2:et1 ▪┄┄▪ p2:eth2
08:53:01 INFO Created link: p1:eth2 ▪┄┄▪ p2:eth1
08:53:01 INFO Created link: dut:eth1 ▪┄┄▪ p1:eth1
08:53:01 INFO Created link: h1:eth1 ▪┄┄▪ dut:eth2
08:53:02 INFO Created link: h2:eth1 ▪┄┄▪ pe2:et2
08:53:02 INFO Created link: h3:eth1 ▪┄┄▪ dut:eth3
08:53:18 INFO Executed command node=p2 command="sleep 1" stdout=""
08:53:18 INFO Executed command node=p1 command="sleep 1" stdout=""
08:53:18 INFO Adding host entries path=/etc/hosts
08:53:18 INFO Adding SSH config for nodes path=/etc/ssh/ssh_config.d/clab-ml-17.conf
[1m╭[0m[1m────────────────[0m[1m┬[0m[1m──────────────────────────────[0m[1m┬[0m[1m─────────[0m[1m┬[0m[1m────────────────[0m[1m╮[0m
[1m│[0m[1m      Name      [0m[1m│[0m[1m          Kind/Image          [0m[1m│[0m[1m  State  [0m[1m│[0m[1m IPv4/6 Address [0m[1m│[0m
[1m├[0m[1m────────────────[0m[1m┼[0m[1m──────────────────────────────[0m[1m┼[0m[1m─────────[0m[1m┼[0m[1m────────────────[0m[1m┤[0m
│ clab-ml-17-dut │ juniper_crpd                 │ running │ 192.168.17.105 │
│                │ crpd:24.4R1.9                │         │ N/A            │
├────────────────┼──────────────────────────────┼─────────┼────────────────┤
│ clab-ml-17-h1  │ linux                        │ running │ 192.168.17.101 │
│                │ python:3.13-alpine           │         │ N/A            │
├────────────────┼──────────────────────────────┼─────────┼────────────────┤
│ clab-ml-17-h2  │ linux                        │ running │ 192.168.17.102 │
│                │ python:3.13-alpine           │         │ N/A            │
├────────────────┼──────────────────────────────┼─────────┼────────────────┤
│ clab-ml-17-h3  │ linux                        │ running │ 192.168.17.103 │
│                │ python:3.13-alpine           │         │ N/A            │
├────────────────┼──────────────────────────────┼─────────┼────────────────┤
│ clab-ml-17-h4  │ linux                        │ running │ 192.168.17.104 │
│                │ python:3.13-alpine           │         │ N/A            │
├────────────────┼──────────────────────────────┼─────────┼────────────────┤
│ clab-ml-17-p1  │ linux                        │ running │ 192.168.17.107 │
│                │ quay.io/frrouting/frr:10.5.1 │         │ N/A            │
├────────────────┼──────────────────────────────┼─────────┼────────────────┤
│ clab-ml-17-p2  │ linux                        │ running │ 192.168.17.108 │
│                │ quay.io/frrouting/frr:10.5.1 │         │ N/A            │
├────────────────┼──────────────────────────────┼─────────┼────────────────┤
│ clab-ml-17-pe2 │ ceos                         │ running │ 192.168.17.106 │
│                │ ceos:4.35.0.1F               │         │ N/A            │
╰────────────────┴──────────────────────────────┴─────────┴────────────────╯

Initial configuration skipped, run 'netlab initial' to configure the devices
