Bringing machine 's1' up with 'libvirt' provider...
Bringing machine 's2' up with 'libvirt' provider...
==> s1: Checking if box 'juniper/vptx' version '23.2R2' is up to date...
[fog][WARNING] Unrecognized arguments: libvirt_ip_command
==> s1: Creating image (snapshot of base box volume).
==> s1: Creating domain with the following settings...
==> s1:  -- Name:              ml_23_s1
==> s1:  -- Description:       Source: /work/netlab_cicd/hogs/Vagrantfile
==> s1:  -- Domain type:       kvm
==> s1:  -- Cpus:              4
==> s1:  -- CPU feature:       name=vmx, policy=require
==> s1:  -- Feature:           acpi
==> s1:  -- Feature:           apic
==> s1:  -- Feature:           pae
==> s1:  -- Clock offset:      utc
==> s1:  -- Memory:            8192M
==> s1:  -- Management MAC:    08:4f:a9:00:00:05
==> s1:  -- Base box:          juniper/vptx
==> s1:  -- Storage pool:      default
==> s1:  -- Image(vda):        /var/lib/libvirt/images/ml_23_s1.img, virtio, 40G
==> s1:  -- Disk driver opts:  cache='default'
==> s1:  -- Graphics Type:     none
==> s1:  -- Video Type:        cirrus
==> s1:  -- Video VRAM:        16384
==> s1:  -- Video 3D accel:    false
==> s1:  -- Keymap:            en-us
==> s1:  -- TPM Backend:       passthrough
==> s1:  -- Sysinfo:
==> s1:    -- BIOS:
==> s1:     -> vendor: Bochs
==> s1:     -> version: Bochs
==> s1:    -- System:
==> s1:     -> manufacturer: Bochs
==> s1:     -> product: Bochs
==> s1:     -> serial: chassis_no=0:slot=0:type=1:assembly_id=0x0D20:platform=251:master=0:channelized=no
==> s1:    -- Chassis:
==> s1:     -> manufacturer: Bochs
==> s1:  -- INPUT:             type=mouse, bus=ps2
==> s2: Checking if box 'juniper/vptx' version '23.2R2' is up to date...
[fog][WARNING] Unrecognized arguments: libvirt_ip_command
==> s2: Creating image (snapshot of base box volume).
==> s2: Creating domain with the following settings...
==> s2:  -- Name:              ml_23_s2
==> s2:  -- Description:       Source: /work/netlab_cicd/hogs/Vagrantfile
==> s2:  -- Domain type:       kvm
==> s2:  -- Cpus:              4
==> s2:  -- CPU feature:       name=vmx, policy=require
==> s2:  -- Feature:           acpi
==> s2:  -- Feature:           apic
==> s2:  -- Feature:           pae
==> s2:  -- Clock offset:      utc
==> s2:  -- Memory:            8192M
==> s2:  -- Management MAC:    08:4f:a9:00:00:06
==> s2:  -- Base box:          juniper/vptx
==> s2:  -- Storage pool:      default
==> s2:  -- Image(vda):        /var/lib/libvirt/images/ml_23_s2.img, virtio, 40G
==> s2:  -- Disk driver opts:  cache='default'
==> s2:  -- Graphics Type:     none
==> s2:  -- Video Type:        cirrus
==> s2:  -- Video VRAM:        16384
==> s2:  -- Video 3D accel:    false
==> s2:  -- Keymap:            en-us
==> s2:  -- TPM Backend:       passthrough
==> s2:  -- Sysinfo:
==> s2:    -- BIOS:
==> s2:     -> vendor: Bochs
==> s2:     -> version: Bochs
==> s2:    -- System:
==> s2:     -> manufacturer: Bochs
==> s2:     -> product: Bochs
==> s2:     -> serial: chassis_no=0:slot=0:type=1:assembly_id=0x0D20:platform=251:master=0:channelized=no
==> s2:    -- Chassis:
==> s2:     -> manufacturer: Bochs
==> s2:  -- INPUT:             type=mouse, bus=ps2
==> s1: Creating shared folders metadata...
==> s1: Updating domain definition due to configuration change
==> s1: Starting domain.
==> s1: Waiting for domain to get an IP address...
==> s2: Creating shared folders metadata...
==> s2: Updating domain definition due to configuration change
==> s2: Starting domain.
==> s2: Waiting for domain to get an IP address...
==> s1: Waiting for machine to boot. This may take a few minutes...
    s1: SSH address: 192.168.23.105:22
    s1: SSH username: vagrant
    s1: SSH auth method: private key
==> s2: Waiting for machine to boot. This may take a few minutes...
    s2: SSH address: 192.168.23.106:22
    s2: SSH username: vagrant
    s2: SSH auth method: private key
==> s2: Machine booted and ready!
==> s1: Machine booted and ready!
Using transformed lab topology from snapshot file netlab.snapshot.yml
Checking virtualization provider installation
OK: libvirt installed and working correctly
OK: clab installed and working correctly
Starting libvirt nodes
creating libvirt management network nl_mgmt_23
provider libvirt: executing vagrant up --provider libvirt
Starting clab nodes
Recreating clab-augment.yml configuration file for clab provider
time="2025-01-22T19:27:15Z" level=info msg="Containerlab v0.62.2 started"
time="2025-01-22T19:27:15Z" level=info msg="Parsing & checking topology file: clab-augment.yml"
time="2025-01-22T19:27:15Z" level=info msg="Removing /work/netlab_cicd/hogs/clab-ml_23 directory..."
time="2025-01-22T19:27:15Z" level=info msg="Creating docker network: Name=\"nl_mgmt_23\", IPv4Subnet=\"192.168.23.0/24\", IPv6Subnet=\"\", MTU=0"
time="2025-01-22T19:27:15Z" level=info msg="Creating lab directory: /work/netlab_cicd/hogs/clab-ml_23"
time="2025-01-22T19:27:15Z" level=info msg="Creating container: \"h2\""
time="2025-01-22T19:27:15Z" level=info msg="Creating container: \"h1\""
time="2025-01-22T19:27:15Z" level=info msg="Creating container: \"h4\""
time="2025-01-22T19:27:15Z" level=info msg="Creating container: \"h3\""
time="2025-01-22T19:27:16Z" level=info msg="Created link: h4:eth1 <--> virbr5:ml_23_4_1"
time="2025-01-22T19:27:16Z" level=info msg="Created link: h3:eth1 <--> virbr3:ml_23_3_1"
time="2025-01-22T19:27:16Z" level=info msg="Created link: h1:eth1 <--> virbr2:ml_23_1_1"
time="2025-01-22T19:27:16Z" level=info msg="Created link: h2:eth1 <--> virbr4:ml_23_2_1"
time="2025-01-22T19:27:16Z" level=info msg="Adding containerlab host entries to /etc/hosts file"
time="2025-01-22T19:27:16Z" level=info msg="Adding ssh config for containerlab nodes"
[1m╭[0m[1m───────────────[0m[1m┬[0m[1m───────────────────[0m[1m┬[0m[1m─────────[0m[1m┬[0m[1m────────────────[0m[1m╮[0m
[1m│[0m[1m      Name     [0m[1m│[0m[1m     Kind/Image    [0m[1m│[0m[1m  State  [0m[1m│[0m[1m IPv4/6 Address [0m[1m│[0m
[1m├[0m[1m───────────────[0m[1m┼[0m[1m───────────────────[0m[1m┼[0m[1m─────────[0m[1m┼[0m[1m────────────────[0m[1m┤[0m
│ clab-ml_23-h1 │ linux             │ running │ 192.168.23.101 │
│               │ python:3.9-alpine │         │ N/A            │
├───────────────┼───────────────────┼─────────┼────────────────┤
│ clab-ml_23-h2 │ linux             │ running │ 192.168.23.102 │
│               │ python:3.9-alpine │         │ N/A            │
├───────────────┼───────────────────┼─────────┼────────────────┤
│ clab-ml_23-h3 │ linux             │ running │ 192.168.23.103 │
│               │ python:3.9-alpine │         │ N/A            │
├───────────────┼───────────────────┼─────────┼────────────────┤
│ clab-ml_23-h4 │ linux             │ running │ 192.168.23.104 │
│               │ python:3.9-alpine │         │ N/A            │
╰───────────────┴───────────────────┴─────────┴────────────────╯
Createdprovider configuration file: clab-augment.yml
Mapped clab_files/h1/hosts to h1:/etc/hosts (from templates/provider/clab/linux/hosts.j2)
Mapped clab_files/h2/hosts to h2:/etc/hosts (from templates/provider/clab/linux/hosts.j2)
Mapped clab_files/h3/hosts to h3:/etc/hosts (from templates/provider/clab/linux/hosts.j2)
Mapped clab_files/h4/hosts to h4:/etc/hosts (from templates/provider/clab/linux/hosts.j2)
provider clab: executing sudo -E containerlab deploy --reconfigure -t clab-augment.yml

Initial configuration skipped, run 'netlab initial' to configure the devices
