00:18:16 INFO Parsing & checking topology file=clab-augment.yml
00:18:16 INFO Parsing & checking topology file=clab-augment.yml
00:18:16 INFO Destroying lab name=ml_23
00:18:16 INFO Removed container name=clab-ml_23-r2
00:18:16 INFO Removed container name=clab-ml_23-r1
00:18:17 INFO Removed container name=clab-ml_23-d4
00:18:17 INFO Removed container name=clab-ml_23-d1
00:18:17 INFO Removed container name=clab-ml_23-d3
00:18:17 INFO Removed container name=clab-ml_23-r3
00:18:17 INFO Removed container name=clab-ml_23-d2
00:18:17 INFO Removed container name=clab-ml_23-r4
00:18:17 INFO Removing host entries path=/etc/hosts
00:18:17 INFO Removing SSH config path=/etc/ssh/ssh_config.d/clab-ml_23.conf
[fog][WARNING] Unrecognized arguments: libvirt_ip_command
[fog][WARNING] Unrecognized arguments: libvirt_ip_command
[fog][WARNING] Unrecognized arguments: libvirt_ip_command
[fog][WARNING] Unrecognized arguments: libvirt_ip_command
==> s4: Removing domain...
==> s4: Deleting the machine folder
==> s3: Removing domain...
==> s3: Deleting the machine folder
==> s2: Removing domain...
==> s2: Deleting the machine folder
==> s1: Removing domain...
==> s1: Deleting the machine folder
Checking virtualization provider installation
OK: libvirt installed and working correctly
OK: clab installed and working correctly
Stopping clab nodes

Stopping libvirt nodes
Cleanup configuration files
... removing Vagrantfile
... removing clab-augment.yml
... removing ansible.cfg
... removing hosts.yml
... removing directory tree group_vars
... removing directory tree host_vars
... removing directory tree node_files
... removing netlab.snapshot.yml
... removing netlab.snapshot.pickle
