Warning in anycast: Removing anycast gateway from VLAN red
... Device cat8000v does not support anycast gateways
Warning in anycast: Removing anycast gateway from VLAN blue
Warning in gateway: Node dut does not use any FHRP technology, removing 'gateway' from node modules
... Set defaults.gateway.warnings.inactive to False to hide this warning
Warning in gateway: Node s2 does not use any FHRP technology, removing 'gateway' from node modules
[CONFIG]  h1: initial,routing,hosts
[CONFIG]  h2: initial,routing,hosts (shared)
[CONFIG]  h3: initial,routing,hosts (shared)
[CONFIG]  h4: initial,routing,hosts (shared)
[CONFIG]  dut: initial,vlan,ospf,bgp,vxlan,evpn
[CONFIG]  s2: initial,vlan,ospf,bgp,vxlan,evpn,daemons,hosts (shared)
Created provider configuration file: Vagrantfile
Creating configuration file for secondary provider clab
Created provider configuration file: clab-augment.yml
Created pickled transformed topology data into netlab.snapshot.pickle
Created group_vars for all
Created group_vars for modules
Created group_vars for linux
Created host_vars for h1, h2, h3, h4
Created group_vars for cat8000v
Created host_vars for dut
Created group_vars for frr
Created host_vars for s2
Created minimized Ansible inventory hosts.yml
Created Ansible configuration file: ansible.cfg
Created transformed topology dump in YAML format in netlab.snapshot.yml
