19:43:58 INFO Containerlab started version=0.68.0
19:43:58 INFO Parsing & checking topology file=clab.yml
19:43:58 INFO Removing directory path=/work/netlab_cicd/clab-ml_17
19:43:58 INFO Creating docker network name=nl_mgmt_17 IPv4 subnet=192.168.17.0/24 IPv6 subnet="" MTU=0
19:43:58 INFO Creating lab directory path=/work/netlab_cicd/clab-ml_17
19:43:58 INFO Creating container name=h4
19:43:58 INFO Creating container name=h3
19:43:58 INFO Creating container name=dut
19:43:58 INFO Creating container name=h3a
19:43:58 INFO Creating container name=h1a
19:43:58 INFO Creating container name=h2
19:43:58 INFO Creating container name=h1
19:43:58 INFO Creating container name=s2
19:43:58 INFO Created link: dut:eth1 ▪┄┄▪ s2:eth1
19:43:59 INFO Created link: h3a:eth1 ▪┄┄▪ dut:eth5
19:43:59 INFO Created link: h4:eth1 ▪┄┄▪ s2:eth3
19:43:59 INFO Created link: h1a:eth1 ▪┄┄▪ dut:eth3
19:43:59 INFO Created link: h3:eth1 ▪┄┄▪ dut:eth4
19:43:59 INFO Created link: h2:eth1 ▪┄┄▪ s2:eth2
19:43:59 INFO Created link: h1:eth1 ▪┄┄▪ dut:eth2
19:43:59 INFO Adding host entries path=/etc/hosts
19:43:59 INFO Adding SSH config for nodes path=/etc/ssh/ssh_config.d/clab-ml_17.conf
[1m╭[0m[1m────────────────[0m[1m┬[0m[1m──────────────────────────────[0m[1m┬[0m[1m─────────[0m[1m┬[0m[1m────────────────[0m[1m╮[0m
[1m│[0m[1m      Name      [0m[1m│[0m[1m          Kind/Image          [0m[1m│[0m[1m  State  [0m[1m│[0m[1m IPv4/6 Address [0m[1m│[0m
[1m├[0m[1m────────────────[0m[1m┼[0m[1m──────────────────────────────[0m[1m┼[0m[1m─────────[0m[1m┼[0m[1m────────────────[0m[1m┤[0m
│ clab-ml_17-dut │ linux                        │ running │ 192.168.17.107 │
│                │ quay.io/frrouting/frr:10.3.1 │         │ N/A            │
├────────────────┼──────────────────────────────┼─────────┼────────────────┤
│ clab-ml_17-h1  │ linux                        │ running │ 192.168.17.101 │
│                │ python:3.13-alpine           │         │ N/A            │
├────────────────┼──────────────────────────────┼─────────┼────────────────┤
│ clab-ml_17-h1a │ linux                        │ running │ 192.168.17.102 │
│                │ python:3.13-alpine           │         │ N/A            │
├────────────────┼──────────────────────────────┼─────────┼────────────────┤
│ clab-ml_17-h2  │ linux                        │ running │ 192.168.17.103 │
│                │ python:3.13-alpine           │         │ N/A            │
├────────────────┼──────────────────────────────┼─────────┼────────────────┤
│ clab-ml_17-h3  │ linux                        │ running │ 192.168.17.104 │
│                │ python:3.13-alpine           │         │ N/A            │
├────────────────┼──────────────────────────────┼─────────┼────────────────┤
│ clab-ml_17-h3a │ linux                        │ running │ 192.168.17.105 │
│                │ python:3.13-alpine           │         │ N/A            │
├────────────────┼──────────────────────────────┼─────────┼────────────────┤
│ clab-ml_17-h4  │ linux                        │ running │ 192.168.17.106 │
│                │ python:3.13-alpine           │         │ N/A            │
├────────────────┼──────────────────────────────┼─────────┼────────────────┤
│ clab-ml_17-s2  │ linux                        │ running │ 192.168.17.108 │
│                │ quay.io/frrouting/frr:10.3.1 │         │ N/A            │
╰────────────────┴──────────────────────────────┴─────────┴────────────────╯
Using transformed lab topology from snapshot file netlab.snapshot.yml
Checking virtualization provider installation
OK: clab installed and working correctly
Starting clab nodes
provider clab: executing sudo -E containerlab deploy --reconfigure -t clab.yml

Initial configuration skipped, run 'netlab initial' to configure the devices
