Using transformed lab topology from snapshot file netlab.snapshot.pickle
Checking virtualization provider installation
OK: clab installed and working correctly
Starting clab nodes
provider clab: executing sudo -E containerlab deploy --reconfigure -t clab.yml
08:12:43 INFO Containerlab started version=0.73.0
08:12:43 INFO Parsing & checking topology file=clab.yml
08:12:43 INFO Removing directory path=/work/netlab_cicd/clab-ml-17
08:12:43 INFO Creating docker network name=nl_mgmt_17 IPv4 subnet=192.168.17.0/24 IPv6 subnet="" MTU=0
08:12:43 WARN Node name will not resolve via DNS name=clab-ml-17-br_a reason="name contains invalid characters such as '.' and/or '_'"
08:12:43 INFO Creating lab directory path=/work/netlab_cicd/clab-ml-17
08:12:43 INFO Creating container name=r2
08:12:43 INFO Creating container name=h1
08:12:43 INFO Creating container name=br_a
08:12:43 INFO Creating container name=h2
08:12:43 INFO Creating container name=dut
08:12:44 INFO Created link: dut:eth1 ▪┄┄▪ ml-17_2:bni17n1i0
08:12:44 INFO Created link: r2:eth1 ▪┄┄▪ ml-17_2:bni17n2i1
08:12:44 INFO Created link: h1:eth1 ▪┄┄▪ br_a:eth1
08:12:44 INFO Created link: h2:eth1 ▪┄┄▪ ml-17_2:bni17n4i1
08:12:44 INFO Created link: dut:eth2 ▪┄┄▪ br_a:eth2
08:12:44 INFO Created link: r2:eth2 ▪┄┄▪ br_a:eth3
08:12:49 INFO Executed command node=r2 command="sleep 1" stdout=""
08:12:49 INFO Adding host entries path=/etc/hosts
08:12:49 INFO Adding SSH config for nodes path=/etc/ssh/ssh_config.d/clab-ml-17.conf
[1m╭[0m[1m─────────────────[0m[1m┬[0m[1m──────────────────────────────[0m[1m┬[0m[1m─────────[0m[1m┬[0m[1m────────────────[0m[1m╮[0m
[1m│[0m[1m       Name      [0m[1m│[0m[1m          Kind/Image          [0m[1m│[0m[1m  State  [0m[1m│[0m[1m IPv4/6 Address [0m[1m│[0m
[1m├[0m[1m─────────────────[0m[1m┼[0m[1m──────────────────────────────[0m[1m┼[0m[1m─────────[0m[1m┼[0m[1m────────────────[0m[1m┤[0m
│ clab-ml-17-br_a │ linux                        │ running │ 192.168.17.105 │
│                 │ python:3.13-alpine           │         │ N/A            │
├─────────────────┼──────────────────────────────┼─────────┼────────────────┤
│ clab-ml-17-dut  │ juniper_crpd                 │ running │ 192.168.17.101 │
│                 │ crpd:24.4R1.9                │         │ N/A            │
├─────────────────┼──────────────────────────────┼─────────┼────────────────┤
│ clab-ml-17-h1   │ linux                        │ running │ 192.168.17.103 │
│                 │ python:3.13-alpine           │         │ N/A            │
├─────────────────┼──────────────────────────────┼─────────┼────────────────┤
│ clab-ml-17-h2   │ linux                        │ running │ 192.168.17.104 │
│                 │ python:3.13-alpine           │         │ N/A            │
├─────────────────┼──────────────────────────────┼─────────┼────────────────┤
│ clab-ml-17-r2   │ linux                        │ running │ 192.168.17.102 │
│                 │ quay.io/frrouting/frr:10.5.1 │         │ N/A            │
╰─────────────────┴──────────────────────────────┴─────────┴────────────────╯

Initial configuration skipped, run 'netlab initial' to configure the devices
