Checking virtualization provider installation
OK: clab installed and working correctly
Stopping clab nodes
08:13:33 INFO Parsing & checking topology file=clab.yml
08:13:33 INFO Parsing & checking topology file=clab.yml
08:13:33 INFO Destroying lab name=ml-17
08:13:34 INFO Removed container name=clab-ml-17-h1
08:13:34 INFO Removed container name=clab-ml-17-h2
08:13:34 INFO Removed container name=clab-ml-17-dut
08:13:34 INFO Removed container name=clab-ml-17-br_a
08:13:34 INFO Removed container name=clab-ml-17-r2
08:13:34 INFO Removing host entries path=/etc/hosts
08:13:34 INFO Removing SSH config path=/etc/ssh/ssh_config.d/clab-ml-17.conf
Cleanup configuration files
... removing clab.yml
... removing ansible.cfg
... removing hosts.yml
... removing directory tree group_vars
... removing directory tree host_vars
... removing directory tree node_files
... removing netlab.snapshot.yml
... removing netlab.snapshot.pickle
