 [INFO] Checking for updates in configuration templates
 [INFO] Creating configuration snippets
[CREATED] h1: initial,routing
[CREATED] h2: initial,routing
[CREATED] s1: initial,vlan,ospf,bgp,vrf,vxlan,evpn
[CREATED] s2: initial,vlan,ospf,bgp,vrf,vxlan,evpn
 [INFO] Executing initial configuration for node h1 (namespace clab-
          ml_17-h1)
 [INFO] Executing routing configuration for node h1 (namespace clab-
          ml_17-h1)
 [INFO] Executing initial configuration for node h2 (namespace clab-
          ml_17-h2)
 [INFO] Executing routing configuration for node h2 (namespace clab-
          ml_17-h2)

 [INFO] Starting Ansible playbook to deploy the rest of the
          configurations
/home/pipi/.local/lib/python3.10/site-packages/paramiko/pkey.py:100: CryptographyDeprecationWarning: TripleDES has been moved to cryptography.hazmat.decrepit.ciphers.algorithms.TripleDES and will be removed from cryptography.hazmat.primitives.ciphers.algorithms in 48.0.0.
  "cipher": algorithms.TripleDES,
/home/pipi/.local/lib/python3.10/site-packages/paramiko/transport.py:259: CryptographyDeprecationWarning: TripleDES has been moved to cryptography.hazmat.decrepit.ciphers.algorithms.TripleDES and will be removed from cryptography.hazmat.primitives.ciphers.algorithms in 48.0.0.
  "class": algorithms.TripleDES,
[WARNING]: Could not match supplied host pattern, ignoring: unprovisioned
[WARNING]: Found variable using reserved name: hosts

PLAY [Deploy initial device configuration] *************************************

TASK [Set variables that cannot be set with VARS] ******************************
ok: [h1]
ok: [h2]
ok: [s1]
ok: [s2]

TASK [Generic readiness tests] *************************************************
skipping: [h1]
skipping: [h2]
skipping: [s1]
skipping: [s2]

TASK [Find device readiness script] ********************************************
ok: [h1]
ok: [h2]
ok: [s1]
ok: [s2]

TASK [Wait for device to become ready] *****************************************
skipping: [h1]
skipping: [h2]
skipping: [s2]
included: /home/pipi/netlab_gh/netsim/ansible/tasks/readiness-check/cumulus_nvue.yml for s1

TASK [Wait for nvued to start] *************************************************
ok: [s1]

TASK [Normalize config on bridge-like devices] *********************************
included: /home/pipi/netlab_gh/netsim/ansible/tasks/deploy-module.yml for h1, h2, s1, s2

TASK [Figure out whether to deploy the module normalize on current device] *****
ok: [h1]
ok: [h2]
ok: [s1]
ok: [s2]

TASK [Find configuration template for normalize] *******************************
ok: [h1]
ok: [h2]
ok: [s1]
ok: [s2]

TASK [fail] ********************************************************************
skipping: [h1]
skipping: [h2]
skipping: [s1]
skipping: [s2]

TASK [Find configuration deployment deploy_script for normalize] ***************
ok: [h1]
ok: [h2]
ok: [s1]
ok: [s2]

TASK [Print deployed configuration when running in verbose mode] ***************
skipping: [h1]
skipping: [h2]
skipping: [s1]
skipping: [s2]

TASK [Deploy normalize configuration] ******************************************
skipping: [h1]
skipping: [h2]
skipping: [s1]
skipping: [s2]

TASK [Deploy initial configuration] ********************************************
included: /home/pipi/netlab_gh/netsim/ansible/tasks/deploy-module.yml for h1, h2, s1, s2

TASK [Figure out whether to deploy the module initial on current device] *******
ok: [h1]
ok: [h2]
ok: [s1]
ok: [s2]

TASK [Find configuration template for initial] *********************************
skipping: [h1]
skipping: [h2]
ok: [s1]
ok: [s2]

TASK [fail] ********************************************************************
skipping: [h1]
skipping: [h2]
skipping: [s1]
skipping: [s2]

TASK [Find configuration deployment deploy_script for initial] *****************
skipping: [h1]
skipping: [h2]
ok: [s1]
ok: [s2]

TASK [Print deployed configuration when running in verbose mode] ***************
skipping: [h1]
skipping: [h2]
ok: [s1] => {
    "msg": "initial configuration for s1\n=========================================\n\n- set:\n    system:\n      hostname: s1\n      global:\n        system-mac: ca:fe:00:03:00:00\n      config:\n        snippet:\n          system-mtu:\n            file: /etc/network/ifupdown2/policy.d/mtu.json\n            content: |\n              { \"address\": { \"defaults\": { \"mtu\": \"1500\" } } }\n\n    interface:\n      eth0:\n        ip:\n          vrf: mgmt\n          address:\n            dhcp: {}\n        type: eth\n      swp1:\n        type: swp\n        link:\n          state:\n            up : {}\n        description: \"s1 -> h1 [stub]\"\n        ip:\n          address:\n            172.16.0.3/24: {}\n          ipv6:\n            enable: off\n\n      swp2:\n        type: swp\n        link:\n          mtu: 1600\n          state:\n            up : {}\n        description: \"s1 -> s2\"\n        ip:\n          address:\n            10.1.0.1/30: {}\n          ipv6:\n            enable: off\n\n\n- set:\n    interface:\n      lo:\n        type: loopback\n        ip:\n          address:\n            10.0.0.3/32: {}\n          ipv6:\n            enable: off\n"
}
ok: [s2] => {
    "msg": "initial configuration for s2\n=========================================\n#!/bin/bash\n#\nset -e\nset -x\n#\n# Create bash profile script\n#\ncat <<SCRIPT >/root/.bash_profile\n#!/bin/bash\n#\nexport PS1=\"\\h(bash)# \"\necho\necho \"Use vtysh to connect to FRR daemon\"\necho\nSCRIPT\n#\n# This is an artifact of unknown provenance that should be removed in a year or two (= 2026/2027)\n#\n# FRR controls these parameters with 'ip forwarding' and 'ipv6 forwarding' commands\n#\nsysctl -w net.ipv4.ip_forward=1\nsysctl -w net.ipv6.conf.all.forwarding=0\n#\n#\n# Get the current next hop for the default route\n#\ndef_nh=$(ip route list default|awk '{ print $3 }')\n#\n# Create the management VRF and add eth0 to it\n#\nif [ ! -e /sys/devices/virtual/net/mgmt ]; then\n  ip link add mgmt type vrf table 42\nfi\nip link set mgmt up\nsysctl -qw net.ipv6.conf.eth0.keep_addr_on_down=1\nip link set eth0 master mgmt\n#\n# Reinstall the default route if we had it before\n#\nif [[ -n \"$def_nh\" ]]; then\n  ip route add 0.0.0.0/0 vrf mgmt via $def_nh\nfi\n#\n# Enable FRR modules (if not using containerlab bind-mounted /etc/frr/daemons)\n#\n\n# Set system defaults\n#\n# Send ARP requests from a sane source IP address\n#\nsysctl -w net.ipv4.conf.all.arp_announce=2\n\n#\n# Create loopbacks, stub and lag/bond devices\n#\nif [ ! -e /sys/class/net/lo ]; then\n  if [ ! -e /sys/devices/virtual/net/lo ]; then\n    ip link add lo type dummy\n    ip link set dev lo up\n  fi\nfi\n\n# Disable IPv6 (for IPv4-only interfaces) or SLAAC (if the device is a router)\n#\nip link set eth1 down\nsysctl -qw net.ipv6.conf.eth1.disable_ipv6=1\nip link set dev eth1 mtu 1500\nip link set eth1 up\nip link set eth2 down\nsysctl -qw net.ipv6.conf.eth2.disable_ipv6=1\nip link set dev eth2 mtu 1600\nip link set eth2 up\n\n#\n# Add vtysh.conf file\necho \"service integrated-vtysh-config\" >/etc/frr/vtysh.conf\n\n#\n# Rest of initial configuration done through VTYSH\n#\ncat >/tmp/config <<CONFIG\nhostname s2\n!\nlog file /tmp/logging\n\n!\nip forwarding\nvrf mgmt\n exit-vrf\n!\nfrr defaults datacenter\n!\ninterface lo\n no shutdown\n ip address 10.0.0.4/32\n!\ninterface eth1\n no shutdown\n description s2 -> h2 [stub]\n ip address 172.16.1.4/24\n!\ninterface eth2\n no shutdown\n description s2 -> s1\n ip address 10.1.0.2/30\n!\ndo write\nCONFIG\nvtysh -f /tmp/config\n!\nexit 0\n"
}

TASK [Deploy initial configuration] ********************************************
skipping: [h1]
skipping: [h2]
included: /home/pipi/netlab_gh/netsim/ansible/tasks/deploy-config/cumulus_nvue.yml for s1
included: /home/pipi/netlab_gh/netsim/ansible/tasks/frr/initial-clab.yml for s2

TASK [set_fact] ****************************************************************
ok: [s1]

TASK [copy the cumulus nvue YAML initial config file to switch (generated from /work/netlab_cicd/node_files/s1/initial)] ***
changed: [s1]

TASK [execute on cumulus: 'nv config patch' for initial config] ****************
changed: [s1]

TASK [execute on cumulus: 'nv config apply -y' for initial config] *************
changed: [s1]

TASK [Attempt to load VRF kernel module] ***************************************
changed: [s2 -> localhost]

TASK [Disable FRR management VRF when modprobe fails] **************************
skipping: [s2]

TASK [include_tasks] ***********************************************************
included: /home/pipi/netlab_gh/netsim/ansible/tasks/frr/deploy-config.yml for s2

TASK [template] ****************************************************************
changed: [s2]

TASK [set_fact] ****************************************************************
ok: [s2]

TASK [run /tmp/config.sh to deploy initial config from /work/netlab_cicd/node_files/s2/initial] ***
changed: [s2]

TASK [run vtysh to import initial config from /work/netlab_cicd/node_files/s2/initial] ***
skipping: [s2]

PLAY [Deploy module-specific configurations] ***********************************

TASK [Set variables that cannot be set with VARS] ******************************
ok: [h1]
ok: [h2]
ok: [s1]
ok: [s2]

TASK [Deploy individual configuration modules] *********************************
included: /home/pipi/netlab_gh/netsim/ansible/tasks/deploy-module.yml for h1, h2, s1, s2 => (item=vlan)
included: /home/pipi/netlab_gh/netsim/ansible/tasks/deploy-module.yml for h1, h2, s1, s2 => (item=routing)
included: /home/pipi/netlab_gh/netsim/ansible/tasks/deploy-module.yml for h1, h2, s1, s2 => (item=ospf)
included: /home/pipi/netlab_gh/netsim/ansible/tasks/deploy-module.yml for h1, h2, s1, s2 => (item=bgp)
included: /home/pipi/netlab_gh/netsim/ansible/tasks/deploy-module.yml for h1, h2, s1, s2 => (item=vrf)
included: /home/pipi/netlab_gh/netsim/ansible/tasks/deploy-module.yml for h1, h2, s1, s2 => (item=vxlan)
included: /home/pipi/netlab_gh/netsim/ansible/tasks/deploy-module.yml for h1, h2, s1, s2 => (item=evpn)

TASK [Figure out whether to deploy the module vlan on current device] **********
ok: [h1]
ok: [h2]
ok: [s1]
ok: [s2]

TASK [Find configuration template for vlan] ************************************
skipping: [h1]
skipping: [h2]
ok: [s1]
ok: [s2]

TASK [fail] ********************************************************************
skipping: [h1]
skipping: [h2]
skipping: [s1]
skipping: [s2]

TASK [Find configuration deployment deploy_script for vlan] ********************
skipping: [h1]
skipping: [h2]
ok: [s1]
ok: [s2]

TASK [Print deployed configuration when running in verbose mode] ***************
skipping: [h1]
skipping: [h2]
ok: [s1] => {
    "msg": "vlan configuration for s1\n=========================================\n\n\n"
}
ok: [s2] => {
    "msg": "vlan configuration for s2\n=========================================\n#!/bin/bash\n#\nset -e # Exit immediately when any command fails\n#\n\n\n"
}

TASK [Deploy vlan configuration] ***********************************************
skipping: [h1]
skipping: [h2]
included: /home/pipi/netlab_gh/netsim/ansible/tasks/deploy-config/cumulus_nvue.yml for s1
included: /home/pipi/netlab_gh/netsim/ansible/tasks/deploy-config/frr.yml for s2

TASK [set_fact] ****************************************************************
ok: [s1]

TASK [copy the cumulus nvue YAML vlan config file to switch (generated from /work/netlab_cicd/node_files/s1/vlan)] ***
changed: [s1]

TASK [execute on cumulus: 'nv config patch' for vlan config] *******************
changed: [s1]

TASK [execute on cumulus: 'nv config apply -y' for vlan config] ****************
changed: [s1]

TASK [template] ****************************************************************
changed: [s2]

TASK [set_fact] ****************************************************************
ok: [s2]

TASK [run /tmp/config.sh to deploy vlan config from /work/netlab_cicd/node_files/s2/vlan] ***
changed: [s2]

TASK [run vtysh to import vlan config from /work/netlab_cicd/node_files/s2/vlan] ***
skipping: [s2]

TASK [Figure out whether to deploy the module routing on current device] *******
ok: [h1]
ok: [h2]
ok: [s1]
ok: [s2]

TASK [Find configuration template for routing] *********************************
skipping: [h1]
skipping: [h2]
skipping: [s1]
skipping: [s2]

TASK [fail] ********************************************************************
skipping: [h1]
skipping: [h2]
skipping: [s1]
skipping: [s2]

TASK [Find configuration deployment deploy_script for routing] *****************
skipping: [h1]
skipping: [h2]
skipping: [s1]
skipping: [s2]

TASK [Print deployed configuration when running in verbose mode] ***************
skipping: [h1]
skipping: [h2]
skipping: [s1]
skipping: [s2]

TASK [Deploy routing configuration] ********************************************
skipping: [h1]
skipping: [h2]
skipping: [s1]
skipping: [s2]

TASK [Figure out whether to deploy the module ospf on current device] **********
ok: [h1]
ok: [h2]
ok: [s1]
ok: [s2]

TASK [Find configuration template for ospf] ************************************
skipping: [h1]
skipping: [h2]
ok: [s1]
ok: [s2]

TASK [fail] ********************************************************************
skipping: [h1]
skipping: [h2]
skipping: [s1]
skipping: [s2]

TASK [Find configuration deployment deploy_script for ospf] ********************
skipping: [h1]
skipping: [h2]
ok: [s1]
ok: [s2]

TASK [Print deployed configuration when running in verbose mode] ***************
skipping: [h1]
skipping: [h2]
ok: [s1] => {
    "msg": "ospf configuration for s1\n=========================================\n- set:\n    router:\n      ospf:\n        enable: on\n\n\n- set:\n    vrf:\n      default:\n        router:\n          ospf:\n            enable: on\n            area: \n              0.0.0.0: {}\n            router-id: 10.0.0.3\n\n    interface:\n      lo:\n        router:\n          ospf:\n            area: 0.0.0.0\n            network-type: broadcast\n      swp2:\n        router:\n          ospf:\n            area: 0.0.0.0\n            network-type: point-to-point\n\n \n\n"
}
ok: [s2] => {
    "msg": "ospf configuration for s2\n=========================================\n!\n! OSPFv2 FRR configuration\n!\nrouter ospf\n ospf router-id 10.0.0.4\n timers throttle spf 10 50 500\n timers throttle lsa all 100\n timers lsa min-arrival 100\n\n\nexit\n!\ninterface lo\n! \n ip ospf area 0.0.0.0\n!\ninterface eth2\n! s2 -> s1\n ip ospf area 0.0.0.0\n ip ospf network point-to-point\n!\n\n!\ndo write\n"
}

TASK [Deploy ospf configuration] ***********************************************
skipping: [h1]
skipping: [h2]
included: /home/pipi/netlab_gh/netsim/ansible/tasks/deploy-config/cumulus_nvue.yml for s1
included: /home/pipi/netlab_gh/netsim/ansible/tasks/deploy-config/frr.yml for s2

TASK [set_fact] ****************************************************************
ok: [s1]

TASK [copy the cumulus nvue YAML ospf config file to switch (generated from /work/netlab_cicd/node_files/s1/ospf)] ***
changed: [s1]

TASK [execute on cumulus: 'nv config patch' for ospf config] *******************
changed: [s1]

TASK [execute on cumulus: 'nv config apply -y' for ospf config] ****************
changed: [s1]

TASK [template] ****************************************************************
changed: [s2]

TASK [set_fact] ****************************************************************
ok: [s2]

TASK [run /tmp/config.sh to deploy ospf config from /work/netlab_cicd/node_files/s2/ospf] ***
skipping: [s2]

TASK [run vtysh to import ospf config from /work/netlab_cicd/node_files/s2/ospf] ***
changed: [s2]

TASK [Figure out whether to deploy the module bgp on current device] ***********
ok: [h1]
ok: [h2]
ok: [s1]
ok: [s2]

TASK [Find configuration template for bgp] *************************************
skipping: [h1]
skipping: [h2]
ok: [s1]
ok: [s2]

TASK [fail] ********************************************************************
skipping: [h1]
skipping: [h2]
skipping: [s1]
skipping: [s2]

TASK [Find configuration deployment deploy_script for bgp] *********************
skipping: [h1]
skipping: [h2]
ok: [s1]
ok: [s2]

TASK [Print deployed configuration when running in verbose mode] ***************
skipping: [h1]
skipping: [h2]
ok: [s1] => {
    "msg": "bgp configuration for s1\n=========================================\n- set:\n    router:\n      bgp:\n        enable: on\n        autonomous-system: 65000\n        router-id: 10.0.0.3\n- set:\n    vrf:\n      default:\n        router:\n          bgp:\n            enable: on\n            autonomous-system: 65000\n            router-id: 10.0.0.3\n            address-family:\n              ipv4-unicast:\n                enable: on\n                network:\n                  10.0.0.3/32: {}\n            neighbor:\n              10.0.0.4:\n                description: \"s2\"\n                update-source: lo\n                remote-as: internal\n                address-family:\n                  ipv4-unicast:\n                    enable: on\n                    nexthop-setting: self\n                    community-advertise:\n                      regular: on\n                      extended: on\n                      large: off\n\n"
}
ok: [s2] => {
    "msg": "bgp configuration for s2\n=========================================\n!\nrouter bgp 65000\n  no bgp ebgp-requires-policy\n  no bgp default ipv4-unicast\n  bgp default show-hostname\n  bgp default show-nexthop-hostname\n  ! Consider AS paths of same length but with different AS as ECMP candidates\n  bgp bestpath as-path multipath-relax\n\n  bgp router-id 10.0.0.4\n!\n  neighbor 10.0.0.3 remote-as 65000\n  neighbor 10.0.0.3 description s1\n  neighbor 10.0.0.3 update-source lo\n!\n address-family ipv4 unicast\n!\n\n!\n! Originate networks from connected subnets\n!\n  network 10.0.0.4/32\n!\n  neighbor 10.0.0.3 activate\n  neighbor 10.0.0.3 next-hop-self\n  no neighbor 10.0.0.3 send-community all\n  neighbor 10.0.0.3 send-community standard\n  neighbor 10.0.0.3 send-community large\n  neighbor 10.0.0.3 send-community extended\n!\n!\n!\ndo write\n"
}

TASK [Deploy bgp configuration] ************************************************
skipping: [h1]
skipping: [h2]
included: /home/pipi/netlab_gh/netsim/ansible/tasks/deploy-config/cumulus_nvue.yml for s1
included: /home/pipi/netlab_gh/netsim/ansible/tasks/deploy-config/frr.yml for s2

TASK [set_fact] ****************************************************************
ok: [s1]

TASK [copy the cumulus nvue YAML bgp config file to switch (generated from /work/netlab_cicd/node_files/s1/bgp)] ***
changed: [s1]

TASK [execute on cumulus: 'nv config patch' for bgp config] ********************
changed: [s1]

TASK [execute on cumulus: 'nv config apply -y' for bgp config] *****************
changed: [s1]

TASK [template] ****************************************************************
changed: [s2]

TASK [set_fact] ****************************************************************
ok: [s2]

TASK [run /tmp/config.sh to deploy bgp config from /work/netlab_cicd/node_files/s2/bgp] ***
skipping: [s2]

TASK [run vtysh to import bgp config from /work/netlab_cicd/node_files/s2/bgp] ***
changed: [s2]

TASK [Figure out whether to deploy the module vrf on current device] ***********
ok: [h1]
ok: [h2]
ok: [s1]
ok: [s2]

TASK [Find configuration template for vrf] *************************************
skipping: [h1]
skipping: [h2]
ok: [s1]
ok: [s2]

TASK [fail] ********************************************************************
skipping: [h1]
skipping: [h2]
skipping: [s1]
skipping: [s2]

TASK [Find configuration deployment deploy_script for vrf] *********************
skipping: [h1]
skipping: [h2]
ok: [s1]
ok: [s2]

TASK [Print deployed configuration when running in verbose mode] ***************
skipping: [h1]
skipping: [h2]
ok: [s1] => {
    "msg": "vrf configuration for s1\n=========================================\n---\n- set:\n    vrf:\n      customer:\n        table: auto\n\n\n- set:\n    vrf:\n      customer:\n        router:\n          bgp:\n            enable: on\n            autonomous-system: 65000\n            router-id: 10.0.0.3\n            rd: 65000:1\n            address-family:\n              ipv4-unicast:\n                enable: on\n                redistribute:\n                  connected:\n                    enable: on\n\n                network:\n                  172.16.0.0/24: {}\n\n\n\n- set:\n    interface:\n      swp1:\n        ip:\n          vrf: customer\n"
}
ok: [s2] => {
    "msg": "vrf configuration for s2\n=========================================\n#!/bin/bash\n#\nset -e # Exit immediately when any command fails\n#\n\n# Create VRF tables\nif [ ! -e /sys/devices/virtual/net/customer ]; then\nip link add customer type vrf table 100\nfi\nip link set customer up\n\n# Move interfaces and loopbacks to vrfs\nsysctl -qw net.ipv6.conf.eth1.keep_addr_on_down=1\nip link set eth1 master customer\n\ncat >/tmp/vrf_config <<CONFIG\nvrf customer\n exit-vrf\n!\nrouter bgp 65000\n!\n!\nrouter bgp 65000 vrf customer\n no bgp ebgp-requires-policy\n no bgp default ipv4-unicast\n bgp router-id 10.0.0.4\n address-family ipv4 unicast\n  redistribute connected\n\n  label vpn export auto\n  export vpn\n  import vpn\n  rd vpn export 65000:1\n  rt vpn import 65000:1\n  rt vpn export 65000:1\n exit-address-family\n!\n!\ndo write\n!\nCONFIG\nvtysh -f /tmp/vrf_config\nexit $?\n"
}

TASK [Deploy vrf configuration] ************************************************
skipping: [h1]
skipping: [h2]
included: /home/pipi/netlab_gh/netsim/ansible/tasks/deploy-config/cumulus_nvue.yml for s1
included: /home/pipi/netlab_gh/netsim/ansible/tasks/deploy-config/frr.yml for s2

TASK [set_fact] ****************************************************************
ok: [s1]

TASK [copy the cumulus nvue YAML vrf config file to switch (generated from /work/netlab_cicd/node_files/s1/vrf)] ***
changed: [s1]

TASK [execute on cumulus: 'nv config patch' for vrf config] ********************
changed: [s1]

TASK [execute on cumulus: 'nv config apply -y' for vrf config] *****************
changed: [s1]

TASK [template] ****************************************************************
changed: [s2]

TASK [set_fact] ****************************************************************
ok: [s2]

TASK [run /tmp/config.sh to deploy vrf config from /work/netlab_cicd/node_files/s2/vrf] ***
changed: [s2]

TASK [run vtysh to import vrf config from /work/netlab_cicd/node_files/s2/vrf] ***
skipping: [s2]

TASK [Figure out whether to deploy the module vxlan on current device] *********
ok: [h1]
ok: [h2]
ok: [s1]
ok: [s2]

TASK [Find configuration template for vxlan] ***********************************
skipping: [h1]
skipping: [h2]
ok: [s1]
ok: [s2]

TASK [fail] ********************************************************************
skipping: [h1]
skipping: [h2]
skipping: [s1]
skipping: [s2]

TASK [Find configuration deployment deploy_script for vxlan] *******************
skipping: [h1]
skipping: [h2]
ok: [s1]
ok: [s2]

TASK [Print deployed configuration when running in verbose mode] ***************
skipping: [h1]
skipping: [h2]
ok: [s1] => {
    "msg": "vxlan configuration for s1\n=========================================\n- set:\n    nve:\n      vxlan:\n        enable: on\n        mac-learning: off\n        source:\n          address: 10.0.0.3\n\n"
}
ok: [s2] => {
    "msg": "vxlan configuration for s2\n=========================================\n#!/bin/bash\n#\nset -e # Exit immediately when any command fails\n#\n\n\n\n# Create L3 VNIs with bridges and add to correct vrf table\nip link add vxlan5042 type vxlan \\\n  id 5042 \\\n  dstport 4789 \\\n  local 10.0.0.4 nolearning\n#\n# Add it to the VLAN bridge (create if needed for l3 vnis); disable STP\nif [ ! -e /sys/devices/virtual/net/tvni-100 ]; then\nip link add tvni-100 type bridge\nip link set up dev tvni-100\nfi\nip link set dev vxlan5042 master tvni-100\nip link set tvni-100 type bridge stp_state 0\n\n# Do not generate ipv6 link-local address for VXLAN devices\nip link set mtu 1500 addrgenmode none dev vxlan5042\n# Disable dynamic MAC learning for evpn, see https://docs.frrouting.org/en/latest/evpn.html\nbridge link set dev vxlan5042 learning off\nip link set up dev vxlan5042\nip link set tvni-100 master customer\n\n\n\nexit $?\n"
}

TASK [Deploy vxlan configuration] **********************************************
skipping: [h1]
skipping: [h2]
included: /home/pipi/netlab_gh/netsim/ansible/tasks/deploy-config/cumulus_nvue.yml for s1
included: /home/pipi/netlab_gh/netsim/ansible/tasks/deploy-config/frr.yml for s2

TASK [set_fact] ****************************************************************
ok: [s1]

TASK [copy the cumulus nvue YAML vxlan config file to switch (generated from /work/netlab_cicd/node_files/s1/vxlan)] ***
changed: [s1]

TASK [execute on cumulus: 'nv config patch' for vxlan config] ******************
changed: [s1]

TASK [execute on cumulus: 'nv config apply -y' for vxlan config] ***************
changed: [s1]

TASK [template] ****************************************************************
changed: [s2]

TASK [set_fact] ****************************************************************
ok: [s2]

TASK [run /tmp/config.sh to deploy vxlan config from /work/netlab_cicd/node_files/s2/vxlan] ***
changed: [s2]

TASK [run vtysh to import vxlan config from /work/netlab_cicd/node_files/s2/vxlan] ***
skipping: [s2]

TASK [Figure out whether to deploy the module evpn on current device] **********
ok: [h1]
ok: [h2]
ok: [s1]
ok: [s2]

TASK [Find configuration template for evpn] ************************************
skipping: [h1]
skipping: [h2]
ok: [s1]
ok: [s2]

TASK [fail] ********************************************************************
skipping: [h1]
skipping: [h2]
skipping: [s1]
skipping: [s2]

TASK [Find configuration deployment deploy_script for evpn] ********************
skipping: [h1]
skipping: [h2]
ok: [s1]
ok: [s2]

TASK [Print deployed configuration when running in verbose mode] ***************
skipping: [h1]
skipping: [h2]
ok: [s2] => {
    "msg": "evpn configuration for s2\n=========================================\n#!/bin/bash\n#\nset -e\ncat >/tmp/evpn_config <<CONFIG\nrouter bgp 65000\n address-family l2vpn evpn\n  advertise-all-vni\n  advertise-svi-ip\n  advertise ipv4 unicast\n\n! Configure explicit Route Targets and RD per L2 VNI; auto-derived differs\n\n  neighbor 10.0.0.3 activate\n#  neighbor 10.0.0.3 soft-reconfiguration inbound\n\n exit-address-family\n!\n \nexit\n\n! L3 VRF EVPN handling\nvrf customer\n vni 5042\n exit-vrf\n\nrouter bgp 65000 vrf customer\n address-family l2vpn evpn\n  ! This sets the L3 VNI RD/RT for this VRF\n  rd 65000:1\n  route-target export 65000:1\n  route-target import 65000:1\n  ! Enable RT5 advertisements\n  advertise ipv4 unicast\n exit-address-family\nexit\n!\n!\ndo write\nCONFIG\nvtysh -f /tmp/evpn_config\nvtysh -c 'clear bgp *'\n"
}
ok: [s1] => {
    "msg": "evpn configuration for s1\n=========================================\n---\n- set:\n    vrf:\n      default:\n        router:\n          bgp:\n            address-family:\n              l2vpn-evpn:\n                enable: on\n              ipv4-unicast:\n                route-export:\n                  to-evpn:\n                    enable: on\n            neighbor:\n              10.0.0.4:\n                address-family:\n                  l2vpn-evpn:\n                    enable: on\n                    soft-reconfiguration: on\n\n- set:\n    system:\n      config:\n        snippet:\n          frr.conf: |\n            router bgp 65000\n              address-family l2vpn evpn\n                advertise ipv4 unicast\n\n- set:\n    evpn:\n      enable: on\n      # dad                    Duplicate Address Detection (DAD) configuration parameters\n      # mac-vrf-soo            EVPN MAC VRF Site-of-Origin VPN extended community in ASN:NN or IP-ADDRESS:NN format.\n      # multihoming            Multihoming global configuration parameters\n      # route-advertise        Route advertising\n      route-advertise:\n        nexthop-setting: system-ip-mac\n        svi-ip: on\n      # vni                    VNI\n\n\n- set:\n    nve:\n      vxlan:\n        mac-learning: off\n        flooding:\n          enable: on\n          head-end-replication: \n            evpn: {}\n\n- set:\n   vrf:   \n     customer:\n       evpn:\n         enable: on\n         vlan: auto\n         vni: \n           '5042': {}\n       router:\n         bgp:\n           rd: 65000:1\n           route-export:\n             to-evpn:\n               route-target:\n                 65000:1: {}\n           route-import:\n             from-evpn:\n               route-target:\n                 65000:1: {}\n           address-family:\n             ipv4-unicast:\n               route-export:\n                 to-evpn:\n                   enable: on\n"
}

TASK [Deploy evpn configuration] ***********************************************
skipping: [h1]
skipping: [h2]
included: /home/pipi/netlab_gh/netsim/ansible/tasks/deploy-config/cumulus_nvue.yml for s1
included: /home/pipi/netlab_gh/netsim/ansible/tasks/deploy-config/frr.yml for s2

TASK [set_fact] ****************************************************************
ok: [s1]

TASK [copy the cumulus nvue YAML evpn config file to switch (generated from /work/netlab_cicd/node_files/s1/evpn)] ***
changed: [s1]

TASK [execute on cumulus: 'nv config patch' for evpn config] *******************
changed: [s1]

TASK [execute on cumulus: 'nv config apply -y' for evpn config] ****************
changed: [s1]

TASK [template] ****************************************************************
changed: [s2]

TASK [set_fact] ****************************************************************
ok: [s2]

TASK [run /tmp/config.sh to deploy evpn config from /work/netlab_cicd/node_files/s2/evpn] ***
changed: [s2]

TASK [run vtysh to import evpn config from /work/netlab_cicd/node_files/s2/evpn] ***
skipping: [s2]

PLAY [Deploy custom deployment templates] **************************************
skipping: no hosts matched

PLAY RECAP *********************************************************************
h1                         : ok=23   changed=0    unreachable=0    failed=0    skipped=45   rescued=0    ignored=0   
h2                         : ok=23   changed=0    unreachable=0    failed=0    skipped=45   rescued=0    ignored=0   
s1                         : ok=81   changed=21   unreachable=0    failed=0    skipped=16   rescued=0    ignored=0   
s2                         : ok=74   changed=15   unreachable=0    failed=0    skipped=25   rescued=0    ignored=0   

Results of configuration script deployments
================================================================================
h1                           OK: 2   
h2                           OK: 2   


The device under test is a VLAN-to-VXLAN layer-3 switch between an access
interface and an EVPN transit VNI.

Hosts should be able to ping each other.

Please note it might take a while for the lab to work due to STP learning
phase.

