17:13:10 INFO Parsing & checking topology file=clab-augment.yml
17:13:10 INFO Parsing & checking topology file=clab-augment.yml
17:13:10 INFO Destroying lab name=ml_31
17:13:11 INFO Removed container name=clab-ml_31-x1
17:13:11 INFO Removing host entries path=/etc/hosts
17:13:11 INFO Removing SSH config path=/etc/ssh/ssh_config.d/clab-ml_31.conf
[fog][WARNING] Unrecognized arguments: libvirt_ip_command
==> dut: Removing domain...
==> dut: Deleting the machine folder
Checking virtualization provider installation
OK: libvirt installed and working correctly
OK: clab installed and working correctly
Stopping clab nodes

Stopping libvirt nodes
Cleanup configuration files
... removing Vagrantfile
... removing directory tree .vagrant
... removing clab-augment.yml
... removing ansible.cfg
... removing hosts.yml
... removing directory tree group_vars
... removing directory tree host_vars
... removing netlab.snapshot.yml
