Checking virtualization provider installation
OK: clab installed and working correctly
Stopping clab nodes
17:13:57 INFO Parsing & checking topology file=clab.yml
17:13:57 INFO Parsing & checking topology file=clab.yml
17:13:57 INFO Destroying lab name=ml-17
17:13:57 INFO Removed container name=clab-ml-17-r4
17:13:57 INFO Removed container name=clab-ml-17-r2
17:13:58 INFO Removed container name=clab-ml-17-r1
17:13:58 INFO Removed container name=clab-ml-17-r3
17:13:58 INFO Removed container name=clab-ml-17-dut
17:13:58 INFO Removing host entries path=/etc/hosts
17:13:58 INFO Removing SSH config path=/etc/ssh/ssh_config.d/clab-ml-17.conf
Cleanup configuration files
... removing clab.yml
... removing ansible.cfg
... removing hosts.yml
... removing directory tree group_vars
... removing directory tree host_vars
... removing directory tree node_files
... removing netlab.snapshot.pickle
