Created provider configuration file: Vagrantfile
Creating configuration file for secondary provider clab
Created provider configuration file: clab-augment.yml
Mapped clab_files/r2/daemons to r2:/etc/frr/daemons (from templates/provider/clab/frr/daemons.j2)
Mapped clab_files/r2/hosts to r2:/etc/hosts (from templates/provider/clab/frr/hosts.j2)
Mapped clab_files/r3/daemons to r3:/etc/frr/daemons (from templates/provider/clab/frr/daemons.j2)
Mapped clab_files/r3/hosts to r3:/etc/hosts (from templates/provider/clab/frr/hosts.j2)
Mapped clab_files/rs/daemons to rs:/etc/frr/daemons (from templates/provider/clab/frr/daemons.j2)
Mapped clab_files/rs/hosts to rs:/etc/hosts (from templates/provider/clab/frr/hosts.j2)
Created transformed topology dump in YAML format in netlab.snapshot.yml
Created group_vars for all
Created group_vars for modules
Created group_vars for custom_configs
Created group_vars for cat8000v
Created host_vars for dut
Created group_vars for frr
Created host_vars for r2
Created host_vars for r3
Created host_vars for rs
Created minimized Ansible inventory hosts.yml
Created Ansible configuration file: ansible.cfg
