[WARNING]: Could not match supplied host pattern, ignoring: unprovisioned

PLAY [Deploy initial device configuration] *************************************

TASK [Set variables that cannot be set with VARS] ******************************
ok: [r2]
ok: [rs]
ok: [r3]
ok: [dut]

TASK [Find device readiness script] ********************************************
ok: [r2]
ok: [rs]
ok: [r3]
ok: [dut]

TASK [Wait for device to become ready] *****************************************
skipping: [dut]
skipping: [r2]
skipping: [r3]
skipping: [rs]

TASK [Deploy initial configuration] ********************************************
included: /home/pipi/net101/tools/netsim/ansible/tasks/deploy-module.yml for dut, r2, r3, rs

TASK [Figure out whether to deploy the module initial on current device] *******
ok: [r2]
ok: [r3]
ok: [rs]
ok: [dut]

TASK [Find configuration template for initial] *********************************
ok: [r2]
ok: [rs]
ok: [r3]
ok: [dut]

TASK [Print deployed configuration when running in verbose mode] ***************
skipping: [dut]
skipping: [r2]
skipping: [r3]
skipping: [rs]

TASK [Find configuration deployment deploy_script for initial] *****************
ok: [r3]
ok: [rs]
ok: [r2]
ok: [dut]

TASK [Deploy initial configuration] ********************************************
included: /home/pipi/net101/tools/netsim/ansible/tasks/deploy-config/ios.yml for dut
included: /home/pipi/net101/tools/netsim/ansible/tasks/frr/initial-clab.yml for r2, r3, rs

TASK [ios_config: deploying initial from /home/pipi/net101/tools/netsim/ansible/templates/initial/ios.j2] ***
[WARNING]: To ensure idempotency and correct diff the input configuration lines
should be similar to how they appear if present in the running configuration on
device including the indentation
changed: [dut]

TASK [Attempt to load VRF kernel module] ***************************************
changed: [r3 -> localhost]
changed: [rs -> localhost]
changed: [r2 -> localhost]

TASK [Disable FRR management VRF when modprobe fails] **************************
skipping: [r2]
skipping: [r3]
skipping: [rs]

TASK [include_tasks] ***********************************************************
included: /home/pipi/net101/tools/netsim/ansible/tasks/frr/deploy-config.yml for r2, r3, rs

TASK [template] ****************************************************************
changed: [rs]
changed: [r2]
changed: [r3]

TASK [set_fact] ****************************************************************
ok: [r2]
ok: [r3]
ok: [rs]

TASK [run /tmp/config.sh to deploy initial config from /home/pipi/net101/tools/netsim/ansible/templates/initial/frr.j2] ***
changed: [r2]
changed: [rs]
changed: [r3]

TASK [run vtysh to import initial config from /home/pipi/net101/tools/netsim/ansible/templates/initial/frr.j2] ***
skipping: [r2]
skipping: [r3]
skipping: [rs]

PLAY [Deploy module-specific configurations] ***********************************

TASK [Set variables that cannot be set with VARS] ******************************
ok: [r2]
ok: [r3]
ok: [rs]
ok: [dut]

TASK [Deploy individual configuration modules] *********************************
included: /home/pipi/net101/tools/netsim/ansible/tasks/deploy-module.yml for dut, r2, r3, rs => (item=bgp)

TASK [Figure out whether to deploy the module bgp on current device] ***********
ok: [r2]
ok: [r3]
ok: [rs]
ok: [dut]

TASK [Find configuration template for bgp] *************************************
ok: [r2]
ok: [r3]
ok: [rs]
ok: [dut]

TASK [Print deployed configuration when running in verbose mode] ***************
skipping: [dut]
skipping: [r2]
skipping: [r3]
skipping: [rs]

TASK [Find configuration deployment deploy_script for bgp] *********************
ok: [r2]
ok: [r3]
ok: [rs]
ok: [dut]

TASK [Deploy bgp configuration] ************************************************
included: /home/pipi/net101/tools/netsim/ansible/tasks/deploy-config/ios.yml for dut
included: /home/pipi/net101/tools/netsim/ansible/tasks/deploy-config/frr.yml for r2, r3, rs

TASK [ios_config: deploying bgp from /home/pipi/net101/tools/netsim/ansible/templates/bgp/ios.j2] ***
changed: [dut]

TASK [template] ****************************************************************
changed: [r3]
changed: [r2]
changed: [rs]

TASK [set_fact] ****************************************************************
ok: [r2]
ok: [r3]
ok: [rs]

TASK [run /tmp/config.sh to deploy bgp config from /home/pipi/net101/tools/netsim/ansible/templates/bgp/frr.j2] ***
skipping: [r2]
skipping: [r3]
skipping: [rs]

TASK [run vtysh to import bgp config from /home/pipi/net101/tools/netsim/ansible/templates/bgp/frr.j2] ***
changed: [r2]
changed: [r3]
changed: [rs]

PLAY [Deploy custom deployment templates] **************************************

TASK [Run custom configuration deployment scripts] *****************************
included: /home/pipi/net101/tools/netsim/ansible/tasks/deploy-custom-config.yml for dut, r2, rs => (item=bgp.session)

TASK [Find configuration template] *********************************************
ok: [r2]
ok: [rs]
ok: [dut]

TASK [fail] ********************************************************************
skipping: [dut]
skipping: [r2]
skipping: [rs]

TASK [Check is the configuration template is a file] ***************************
ok: [r2 -> localhost]
ok: [dut -> localhost]
ok: [rs -> localhost]

TASK [fail] ********************************************************************
skipping: [dut]
skipping: [r2]
skipping: [rs]

TASK [Process template /home/pipi/net101/tools/netsim/extra/bgp.session/ios.j2 for dut] ***
skipping: [r2]
skipping: [rs]
skipping: [dut]

TASK [Find custom configuration deployment script] *****************************
ok: [r2]
ok: [rs]
ok: [dut]

TASK [Run the configuration deployment script] *********************************
included: /home/pipi/net101/tools/netsim/ansible/tasks/deploy-config/ios.yml for dut
included: /home/pipi/net101/tools/netsim/ansible/tasks/deploy-config/frr.yml for r2, rs

TASK [ios_config: deploying bgp.session from /home/pipi/net101/tools/netsim/extra/bgp.session/ios.j2] ***
changed: [dut]

TASK [template] ****************************************************************
changed: [r2]
changed: [rs]

TASK [set_fact] ****************************************************************
ok: [r2]
ok: [rs]

TASK [run /tmp/config.sh to deploy bgp.session config from /home/pipi/net101/tools/netsim/extra/bgp.session/frr.j2] ***
changed: [r2]
changed: [rs]

TASK [run vtysh to import bgp.session config from /home/pipi/net101/tools/netsim/extra/bgp.session/frr.j2] ***
skipping: [r2]
skipping: [rs]

PLAY RECAP *********************************************************************
dut                        : ok=21   changed=3    unreachable=0    failed=0    skipped=6    rescued=0    ignored=0   
r2                         : ok=29   changed=7    unreachable=0    failed=0    skipped=10   rescued=0    ignored=0   
r3                         : ok=21   changed=5    unreachable=0    failed=0    skipped=6    rescued=0    ignored=0   
rs                         : ok=29   changed=7    unreachable=0    failed=0    skipped=10   rescued=0    ignored=0   



Use this topology to test the 'disable first AS check ' functionality. The DUT has
to accept EBGP updates where the first AS in the AS path is not equal to the neighbor's
AS (the neighbor is a route server).

