Warning in ansible: You're using Ansible version 12.x or higher; netlab might not work correctly
... Ansible core version 2.19 introduced breaking changes in templates and playbooks
... We tested netlab core with Ansible version 12.x but not every device template
... You might want to downgrade Ansible to version 11.10 or lower.
... Use 'netlab install ansible' on Ubuntu to do that
... Finally, please open a GitHub issue if you experience errors/crashes
... Set defaults.ansible.warnings.ver12 to False to hide this warning
 [INFO] Checking for updates in configuration templates
 [INFO] Creating configuration snippets
[WARNING]: Could not match supplied host pattern, ignoring: unprovisioned
[WARNING]: Found variable using reserved name 'hosts'.
Origin: /work/netlab_cicd/group_vars/all/topology.yml:157:1

155     ipv4: 10.2.0.0/24
156     prefix: 32
157 hosts:
    ^ column 1


PLAY [Deploy initial device configuration] *************************************

TASK [Set variables that cannot be set with VARS] ******************************
ok: [r1]
ok: [r2]
ok: [dut]

TASK [Generic readiness tests] *************************************************
skipping: [dut]
skipping: [r1]
skipping: [r2]

TASK [Find device readiness script] ********************************************
ok: [r1]
ok: [r2]
ok: [dut]

TASK [Wait for device to become ready] *****************************************
skipping: [dut]
skipping: [r1]
skipping: [r2]

TASK [Normalize config on bridge-like devices] *********************************
included: /home/pipi/netlab_gh/netsim/ansible/tasks/deploy-module.yml for dut
included: /home/pipi/netlab_gh/netsim/ansible/tasks/deploy-module.yml for r1
included: /home/pipi/netlab_gh/netsim/ansible/tasks/deploy-module.yml for r2

TASK [Figure out whether to deploy the module normalize on current device] *****
ok: [dut]

TASK [Find configuration template for normalize] *******************************
ok: [dut]

TASK [fail] ********************************************************************
skipping: [dut]

TASK [Find configuration deployment deploy_script for normalize] ***************
ok: [dut]

TASK [Print deployed configuration when running in verbose mode] ***************
skipping: [dut]

TASK [Deploy normalize configuration] ******************************************
skipping: [dut]

TASK [Figure out whether to deploy the module normalize on current device] *****
ok: [r1]

TASK [Find configuration template for normalize] *******************************
ok: [r1]

TASK [fail] ********************************************************************
skipping: [r1]

TASK [Find configuration deployment deploy_script for normalize] ***************
ok: [r1]

TASK [Print deployed configuration when running in verbose mode] ***************
skipping: [r1]

TASK [Deploy normalize configuration] ******************************************
skipping: [r1]

TASK [Figure out whether to deploy the module normalize on current device] *****
ok: [r2]

TASK [Find configuration template for normalize] *******************************
ok: [r2]

TASK [fail] ********************************************************************
skipping: [r2]

TASK [Find configuration deployment deploy_script for normalize] ***************
ok: [r2]

TASK [Print deployed configuration when running in verbose mode] ***************
skipping: [r2]

TASK [Deploy normalize configuration] ******************************************
skipping: [r2]

TASK [Deploy initial configuration] ********************************************
included: /home/pipi/netlab_gh/netsim/ansible/tasks/deploy-module.yml for dut
included: /home/pipi/netlab_gh/netsim/ansible/tasks/deploy-module.yml for r1
included: /home/pipi/netlab_gh/netsim/ansible/tasks/deploy-module.yml for r2

TASK [Figure out whether to deploy the module initial on current device] *******
ok: [dut]

TASK [Find configuration template for initial] *********************************
ok: [dut]

TASK [fail] ********************************************************************
skipping: [dut]

TASK [Find configuration deployment deploy_script for initial] *****************
ok: [dut]

TASK [Print deployed configuration when running in verbose mode] ***************
ok: [dut] => {
    "msg": "initial configuration for dut\n=========================================\nhostname dut\n!\nno ip domain lookup\nlogging buffered 256000\n\n!\nlldp run\n!\nip host r1 10.0.0.2 172.16.0.2\nip host r2 10.0.0.10 172.16.0.10\n!\nip routing\n!\nno ipv6 unicast-routing\n!\n!\ninterface Loopback0\n ip address 10.0.0.1 255.255.255.255\n!\ninterface GigabitEthernet1\n no lldp transmit\n no lldp receive\n!\ninterface GigabitEthernet2\n description dut -> [r1,r2] [external]\n ip address 172.16.0.1 255.255.255.0\n no shutdown\n!\n!\nline vty 0 4\n exec-timeout 0 0 \n!\nno banner exec\nno banner login\nno banner incoming\n"
}

TASK [Deploy initial configuration] ********************************************
included: /home/pipi/netlab_gh/netsim/ansible/tasks/deploy-config/ios.yml for dut

TASK [ios_config: deploying initial from /work/netlab_cicd/node_files/dut/initial] ***
[WARNING]: To ensure idempotency and correct diff the input configuration lines should be similar to how they appear if present in the running configuration on device including the indentation
changed: [dut]

TASK [Figure out whether to deploy the module initial on current device] *******
ok: [r1]

TASK [Find configuration template for initial] *********************************
ok: [r1]

TASK [fail] ********************************************************************
skipping: [r1]

TASK [Find configuration deployment deploy_script for initial] *****************
ok: [r1]

TASK [Print deployed configuration when running in verbose mode] ***************
ok: [r1] => {
    "msg": "initial configuration for r1\n=========================================\n#!/bin/bash\n#\nset -e\nset -x\n#\n# Create bash profile script\n#\ncat <<SCRIPT >/root/.bash_profile\n#!/bin/bash\n#\nexport PS1=\"\\h(bash)# \"\necho\necho \"Use vtysh to connect to FRR daemon\"\necho\nSCRIPT\n#\n# This is an artifact of unknown provenance that should be removed in a year or two (= 2026/2027)\n#\n# FRR controls these parameters with 'ip forwarding' and 'ipv6 forwarding' commands\n#\nsysctl -w net.ipv4.ip_forward=1\nsysctl -w net.ipv6.conf.all.forwarding=0\n#\n#\n# Get the current next hop for the default route\n#\ndef_nh=$(ip route list default|awk '{ print $3 }')\n#\n# Create the management VRF and add eth0 to it\n#\nif [ ! -e /sys/devices/virtual/net/mgmt ]; then\n  ip link add mgmt type vrf table 42\nfi\nip link set mgmt up\nsysctl -qw net.ipv6.conf.eth0.keep_addr_on_down=1\nip link set eth0 master mgmt\n#\n# Reinstall the default route if we had it before\n#\nif [[ -n \"$def_nh\" ]]; then\n  ip route add 0.0.0.0/0 vrf mgmt via $def_nh\nfi\n#\n# Enable FRR modules (if not using containerlab bind-mounted /etc/frr/daemons)\n#\n\n# Set system defaults\n#\n# Send ARP requests from a sane source IP address\n#\nsysctl -w net.ipv4.conf.all.arp_announce=2\n\n#\n# Create loopbacks, stub and lag/bond devices\n#\nif [ ! -e /sys/class/net/lo ]; then\n  if [ ! -e /sys/devices/virtual/net/lo ]; then\n    ip link add lo type dummy\n    ip link set dev lo up\n  fi\nfi\n\n# Disable IPv6 (for IPv4-only interfaces) or SLAAC (if the device is a router)\n#\nip link set eth1 down\nsysctl -qw net.ipv6.conf.eth1.disable_ipv6=1\nip link set dev eth1 mtu 1500\nip link set eth1 up\n\n#\n# Add vtysh.conf file\necho \"service integrated-vtysh-config\" >/etc/frr/vtysh.conf\n\n#\n# Rest of initial configuration done through VTYSH\n#\ncat >/tmp/config <<CONFIG\nhostname r1\n!\nlog file /tmp/logging\n\n!\nip forwarding\nvrf mgmt\n exit-vrf\n!\nfrr defaults datacenter\n!\ninterface lo\n no shutdown\n ip address 10.0.0.2/32\n!\ninterface eth1\n no shutdown\n description r1 -> [dut,r2] [external]\n ip address 172.16.0.2/24\n!\ndo write\nCONFIG\nvtysh -f /tmp/config\n!\nexit 0\n"
}

TASK [Deploy initial configuration] ********************************************
included: /home/pipi/netlab_gh/netsim/ansible/tasks/frr/initial-clab.yml for r1

TASK [Attempt to load VRF kernel module] ***************************************
changed: [r1 -> localhost]

TASK [Disable FRR management VRF when modprobe fails] **************************
skipping: [r1]

TASK [include_tasks] ***********************************************************
included: /home/pipi/netlab_gh/netsim/ansible/tasks/frr/deploy-config.yml for r1

TASK [template] ****************************************************************
changed: [r1]

TASK [set_fact] ****************************************************************
ok: [r1]

TASK [run /tmp/config.sh to deploy initial config from /work/netlab_cicd/node_files/r1/initial] ***
changed: [r1]

TASK [run vtysh to import initial config from /work/netlab_cicd/node_files/r1/initial] ***
skipping: [r1]

TASK [Figure out whether to deploy the module initial on current device] *******
ok: [r2]

TASK [Find configuration template for initial] *********************************
ok: [r2]

TASK [fail] ********************************************************************
skipping: [r2]

TASK [Find configuration deployment deploy_script for initial] *****************
ok: [r2]

TASK [Print deployed configuration when running in verbose mode] ***************
ok: [r2] => {
    "msg": "initial configuration for r2\n=========================================\n#!/bin/bash\n#\nset -e\nset -x\n#\n# Create bash profile script\n#\ncat <<SCRIPT >/root/.bash_profile\n#!/bin/bash\n#\nexport PS1=\"\\h(bash)# \"\necho\necho \"Use vtysh to connect to FRR daemon\"\necho\nSCRIPT\n#\n# This is an artifact of unknown provenance that should be removed in a year or two (= 2026/2027)\n#\n# FRR controls these parameters with 'ip forwarding' and 'ipv6 forwarding' commands\n#\nsysctl -w net.ipv4.ip_forward=1\nsysctl -w net.ipv6.conf.all.forwarding=0\n#\n#\n# Get the current next hop for the default route\n#\ndef_nh=$(ip route list default|awk '{ print $3 }')\n#\n# Create the management VRF and add eth0 to it\n#\nif [ ! -e /sys/devices/virtual/net/mgmt ]; then\n  ip link add mgmt type vrf table 42\nfi\nip link set mgmt up\nsysctl -qw net.ipv6.conf.eth0.keep_addr_on_down=1\nip link set eth0 master mgmt\n#\n# Reinstall the default route if we had it before\n#\nif [[ -n \"$def_nh\" ]]; then\n  ip route add 0.0.0.0/0 vrf mgmt via $def_nh\nfi\n#\n# Enable FRR modules (if not using containerlab bind-mounted /etc/frr/daemons)\n#\n\n# Set system defaults\n#\n# Send ARP requests from a sane source IP address\n#\nsysctl -w net.ipv4.conf.all.arp_announce=2\n\n#\n# Create loopbacks, stub and lag/bond devices\n#\nif [ ! -e /sys/class/net/lo ]; then\n  if [ ! -e /sys/devices/virtual/net/lo ]; then\n    ip link add lo type dummy\n    ip link set dev lo up\n  fi\nfi\n\n# Disable IPv6 (for IPv4-only interfaces) or SLAAC (if the device is a router)\n#\nip link set eth1 down\nsysctl -qw net.ipv6.conf.eth1.disable_ipv6=1\nip link set dev eth1 mtu 1500\nip link set eth1 up\n\n#\n# Add vtysh.conf file\necho \"service integrated-vtysh-config\" >/etc/frr/vtysh.conf\n\n#\n# Rest of initial configuration done through VTYSH\n#\ncat >/tmp/config <<CONFIG\nhostname r2\n!\nlog file /tmp/logging\n\n!\nip forwarding\nvrf mgmt\n exit-vrf\n!\nfrr defaults datacenter\n!\ninterface lo\n no shutdown\n ip address 10.0.0.10/32\n!\ninterface eth1\n no shutdown\n description r2 -> [dut,r1] [external]\n ip address 172.16.0.10/24\n!\ndo write\nCONFIG\nvtysh -f /tmp/config\n!\nexit 0\n"
}

TASK [Deploy initial configuration] ********************************************
included: /home/pipi/netlab_gh/netsim/ansible/tasks/frr/initial-clab.yml for r2

TASK [Attempt to load VRF kernel module] ***************************************
changed: [r2 -> localhost]

TASK [Disable FRR management VRF when modprobe fails] **************************
skipping: [r2]

TASK [include_tasks] ***********************************************************
included: /home/pipi/netlab_gh/netsim/ansible/tasks/frr/deploy-config.yml for r2

TASK [template] ****************************************************************
changed: [r2]

TASK [set_fact] ****************************************************************
ok: [r2]

TASK [run /tmp/config.sh to deploy initial config from /work/netlab_cicd/node_files/r2/initial] ***
changed: [r2]

TASK [run vtysh to import initial config from /work/netlab_cicd/node_files/r2/initial] ***
skipping: [r2]

PLAY [Deploy module-specific configurations] ***********************************

TASK [Set variables that cannot be set with VARS] ******************************
ok: [r1]
ok: [r2]
ok: [dut]

TASK [Deploy individual configuration modules] *********************************
included: /home/pipi/netlab_gh/netsim/ansible/tasks/deploy-module.yml for dut => (item=bgp)
included: /home/pipi/netlab_gh/netsim/ansible/tasks/deploy-module.yml for r1 => (item=bgp)
included: /home/pipi/netlab_gh/netsim/ansible/tasks/deploy-module.yml for r2 => (item=bgp)

TASK [Figure out whether to deploy the module bgp on current device] ***********
ok: [dut]

TASK [Find configuration template for bgp] *************************************
ok: [dut]

TASK [fail] ********************************************************************
skipping: [dut]

TASK [Find configuration deployment deploy_script for bgp] *********************
ok: [dut]

TASK [Print deployed configuration when running in verbose mode] ***************
ok: [dut] => {
    "msg": "bgp configuration for dut\n=========================================\n!\nip bgp-community new-format\n!\nrouter bgp 65100\n no bgp default ipv4-unicast\n bgp update-delay 5\n bgp nopeerup-delay cold-boot 1\n bgp nopeerup-delay user-initiated 1\n bgp router-id 10.0.0.1\n  neighbor 172.16.0.2 remote-as 65000\n  neighbor 172.16.0.2 description r1\n\n  neighbor 172.16.0.10 remote-as 65001\n  neighbor 172.16.0.10 description r2\n\n!\n address-family ipv4\n  bgp scan-time 5\n!\n!\n! Originate networks from connected subnets\n!\n  network 10.0.0.1 mask 255.255.255.255\n\n!\n  neighbor 172.16.0.2 activate\n  neighbor 172.16.0.2 advertisement-interval 0\n  neighbor 172.16.0.2 send-community standard\n\n  neighbor 172.16.0.10 activate\n  neighbor 172.16.0.10 advertisement-interval 0\n  neighbor 172.16.0.10 send-community standard\n\n!\n"
}

TASK [Deploy bgp configuration] ************************************************
included: /home/pipi/netlab_gh/netsim/ansible/tasks/deploy-config/ios.yml for dut

TASK [ios_config: deploying bgp from /work/netlab_cicd/node_files/dut/bgp] *****
changed: [dut]

TASK [Figure out whether to deploy the module bgp on current device] ***********
ok: [r1]

TASK [Find configuration template for bgp] *************************************
ok: [r1]

TASK [fail] ********************************************************************
skipping: [r1]

TASK [Find configuration deployment deploy_script for bgp] *********************
ok: [r1]

TASK [Print deployed configuration when running in verbose mode] ***************
ok: [r1] => {
    "msg": "bgp configuration for r1\n=========================================\n!\nrouter bgp 65000\n  no bgp ebgp-requires-policy\n  no bgp default ipv4-unicast\n  bgp default show-hostname\n  bgp default show-nexthop-hostname\n  ! Consider AS paths of same length but with different AS as ECMP candidates\n  bgp bestpath as-path multipath-relax\n\n  bgp router-id 10.0.0.2\n!\n  neighbor 172.16.0.1 remote-as 65100\n  neighbor 172.16.0.1 description dut\n!\n address-family ipv4 unicast\n!\n\n!\n! Originate networks from connected subnets\n!\n  network 10.0.0.2/32\n!\n  neighbor 172.16.0.1 activate\n  no neighbor 172.16.0.1 send-community all\n  neighbor 172.16.0.1 send-community standard\n  neighbor 172.16.0.1 send-community large\n!\n!\n!\ndo write\n"
}

TASK [Deploy bgp configuration] ************************************************
included: /home/pipi/netlab_gh/netsim/ansible/tasks/deploy-config/frr.yml for r1

TASK [template] ****************************************************************
changed: [r1]

TASK [set_fact] ****************************************************************
ok: [r1]

TASK [run /tmp/config.sh to deploy bgp config from /work/netlab_cicd/node_files/r1/bgp] ***
skipping: [r1]

TASK [run vtysh to import bgp config from /work/netlab_cicd/node_files/r1/bgp] ***
changed: [r1]

TASK [Figure out whether to deploy the module bgp on current device] ***********
ok: [r2]

TASK [Find configuration template for bgp] *************************************
ok: [r2]

TASK [fail] ********************************************************************
skipping: [r2]

TASK [Find configuration deployment deploy_script for bgp] *********************
ok: [r2]

TASK [Print deployed configuration when running in verbose mode] ***************
ok: [r2] => {
    "msg": "bgp configuration for r2\n=========================================\n!\nrouter bgp 65001\n  no bgp ebgp-requires-policy\n  no bgp default ipv4-unicast\n  bgp default show-hostname\n  bgp default show-nexthop-hostname\n  ! Consider AS paths of same length but with different AS as ECMP candidates\n  bgp bestpath as-path multipath-relax\n\n  bgp router-id 10.0.0.10\n!\n  neighbor 172.16.0.1 remote-as 65100\n  neighbor 172.16.0.1 description dut\n!\n address-family ipv4 unicast\n!\n\n!\n! Originate networks from connected subnets\n!\n  network 10.0.0.10/32\n!\n  neighbor 172.16.0.1 activate\n  no neighbor 172.16.0.1 send-community all\n  neighbor 172.16.0.1 send-community standard\n  neighbor 172.16.0.1 send-community large\n!\n!\n!\ndo write\n"
}

TASK [Deploy bgp configuration] ************************************************
included: /home/pipi/netlab_gh/netsim/ansible/tasks/deploy-config/frr.yml for r2

TASK [template] ****************************************************************
changed: [r2]

TASK [set_fact] ****************************************************************
ok: [r2]

TASK [run /tmp/config.sh to deploy bgp config from /work/netlab_cicd/node_files/r2/bgp] ***
skipping: [r2]

TASK [run vtysh to import bgp config from /work/netlab_cicd/node_files/r2/bgp] ***
changed: [r2]

PLAY [Deploy custom deployment templates] **************************************

TASK [Run custom configuration deployment scripts] *****************************
included: /home/pipi/netlab_gh/netsim/ansible/tasks/deploy-custom-config.yml for dut, r1, r2 => (item=bgp.session)

TASK [Find configuration template] *********************************************
ok: [r1]
ok: [r2]
ok: [dut]

TASK [fail] ********************************************************************
skipping: [dut]
skipping: [r1]
skipping: [r2]

TASK [Check is the configuration template is a file] ***************************
ok: [dut -> localhost]
ok: [r1 -> localhost]
ok: [r2 -> localhost]

TASK [fail] ********************************************************************
skipping: [dut]
skipping: [r1]
skipping: [r2]

TASK [Process template /work/netlab_cicd/node_files/dut/bgp.session for dut] ***
skipping: [r1]
skipping: [r2]
skipping: [dut]

TASK [Find custom configuration deployment script] *****************************
ok: [r1]
ok: [r2]
ok: [dut]

TASK [Run the configuration deployment script] *********************************
included: /home/pipi/netlab_gh/netsim/ansible/tasks/deploy-config/ios.yml for dut
included: /home/pipi/netlab_gh/netsim/ansible/tasks/deploy-config/frr.yml for r1, r2

TASK [ios_config: deploying bgp.session from /work/netlab_cicd/node_files/dut/bgp.session] ***
changed: [dut]

TASK [template] ****************************************************************
changed: [r1]
changed: [r2]

TASK [set_fact] ****************************************************************
ok: [r1]
ok: [r2]

TASK [run /tmp/config.sh to deploy bgp.session config from /work/netlab_cicd/node_files/r1/bgp.session] ***
changed: [r1]
changed: [r2]

TASK [run vtysh to import bgp.session config from /work/netlab_cicd/node_files/r1/bgp.session] ***
skipping: [r1]
skipping: [r2]

PLAY RECAP *********************************************************************
dut                        : ok=27   changed=3    unreachable=0    failed=0    skipped=10   rescued=0    ignored=0   
r1                         : ok=35   changed=7    unreachable=0    failed=0    skipped=14   rescued=0    ignored=0   
r2                         : ok=35   changed=7    unreachable=0    failed=0    skipped=14   rescued=0    ignored=0   


Warning: The following warnings were generated during the 'netlab initial' processing
Warning: ansible: You're using Ansible version 12.x or higher; netlab might not work correctly
[CREATED] dut: initial,bgp,bgp.session
[CREATED] r1: initial,bgp,bgp.session
[CREATED] r2: initial,bgp,bgp.session


Use this topology to test the 'route server' functionality. The DUT has to act
as a route server, propagating routes without adding its AS number to the AS path.

