/home/pipi/.local/lib/python3.10/site-packages/paramiko/pkey.py:100: CryptographyDeprecationWarning: TripleDES has been moved to cryptography.hazmat.decrepit.ciphers.algorithms.TripleDES and will be removed from cryptography.hazmat.primitives.ciphers.algorithms in 48.0.0.
  "cipher": algorithms.TripleDES,
/home/pipi/.local/lib/python3.10/site-packages/paramiko/transport.py:259: CryptographyDeprecationWarning: TripleDES has been moved to cryptography.hazmat.decrepit.ciphers.algorithms.TripleDES and will be removed from cryptography.hazmat.primitives.ciphers.algorithms in 48.0.0.
  "class": algorithms.TripleDES,
[WARNING]: Could not match supplied host pattern, ignoring: unprovisioned
[WARNING]: Found variable using reserved name: hosts

PLAY [Deploy initial device configuration] *************************************

TASK [Set variables that cannot be set with VARS] ******************************
ok: [h1]
ok: [h2]
ok: [h4]
ok: [h3]
ok: [h5]
ok: [h1a]
ok: [h6]
ok: [h2a]
ok: [h5a]
ok: [h4a]
ok: [s3]
ok: [s2]
ok: [s1]

TASK [Generic readiness tests] *************************************************
skipping: [h1]
skipping: [h2]
skipping: [h3]
skipping: [h4]
skipping: [h5]
skipping: [h6]
skipping: [h1a]
skipping: [h2a]
skipping: [h4a]
skipping: [h5a]
skipping: [s1]
skipping: [s2]
skipping: [s3]

TASK [Find device readiness script] ********************************************
ok: [h1]
ok: [h2]
ok: [h3]
ok: [h4]
ok: [h5]
ok: [h6]
ok: [h2a]
ok: [h1a]
ok: [h5a]
ok: [h4a]
ok: [s3]
ok: [s1]
ok: [s2]

TASK [Wait for device to become ready] *****************************************
skipping: [h1]
skipping: [h2]
skipping: [h3]
skipping: [h4]
skipping: [h5]
skipping: [h6]
skipping: [h1a]
skipping: [h2a]
skipping: [h4a]
skipping: [h5a]
skipping: [s1]
skipping: [s2]
skipping: [s3]

TASK [Normalize config on bridge-like devices] *********************************
included: /home/pipi/netlab_gh/netsim/ansible/tasks/deploy-module.yml for h1, h2, h3, h4, h5, h6, h1a, h2a, h4a, h5a, s1, s2, s3

TASK [Figure out whether to deploy the module normalize on current device] *****
ok: [h1]
ok: [h2]
ok: [h3]
ok: [h5]
ok: [h4]
ok: [h6]
ok: [h1a]
ok: [h2a]
ok: [h5a]
ok: [h4a]
ok: [s3]
ok: [s2]
ok: [s1]

TASK [Find configuration template for normalize] *******************************
ok: [h1]
ok: [h2]
ok: [h3]
ok: [h4]
ok: [h6]
ok: [h5]
ok: [h1a]
ok: [h2a]
ok: [h5a]
ok: [h4a]
ok: [s3]
ok: [s1]
ok: [s2]

TASK [fail] ********************************************************************
skipping: [h1]
skipping: [h2]
skipping: [h3]
skipping: [h4]
skipping: [h5]
skipping: [h6]
skipping: [h1a]
skipping: [h2a]
skipping: [h4a]
skipping: [h5a]
skipping: [s1]
skipping: [s2]
skipping: [s3]

TASK [Find configuration deployment deploy_script for normalize] ***************
ok: [h1]
ok: [h2]
ok: [h3]
ok: [h5]
ok: [h4]
ok: [h6]
ok: [h2a]
ok: [h1a]
ok: [h5a]
ok: [h4a]
ok: [s3]
ok: [s1]
ok: [s2]

TASK [Print deployed configuration when running in verbose mode] ***************
skipping: [h1]
skipping: [h2]
skipping: [h3]
skipping: [h4]
skipping: [h5]
skipping: [h6]
skipping: [h1a]
skipping: [h2a]
skipping: [h4a]
skipping: [h5a]
skipping: [s1]
skipping: [s2]
skipping: [s3]

TASK [Deploy normalize configuration] ******************************************
skipping: [h1]
skipping: [h2]
skipping: [h3]
skipping: [h4]
skipping: [h5]
skipping: [h6]
skipping: [h1a]
skipping: [h2a]
skipping: [h4a]
skipping: [h5a]
skipping: [s1]
skipping: [s2]
skipping: [s3]

TASK [Deploy initial configuration] ********************************************
included: /home/pipi/netlab_gh/netsim/ansible/tasks/deploy-module.yml for h1, h2, h3, h4, h5, h6, h1a, h2a, h4a, h5a, s1, s2, s3

TASK [Figure out whether to deploy the module initial on current device] *******
ok: [h1]
ok: [h2]
ok: [h3]
ok: [h4]
ok: [h5]
ok: [h6]
ok: [h1a]
ok: [h2a]
ok: [h4a]
ok: [h5a]
ok: [s3]
ok: [s1]
ok: [s2]

TASK [Find configuration template for initial] *********************************
ok: [h1]
ok: [h2]
ok: [h3]
ok: [h4]
ok: [h6]
ok: [h5]
ok: [h2a]
ok: [h1a]
ok: [h4a]
ok: [h5a]
ok: [s3]
ok: [s1]
ok: [s2]

TASK [fail] ********************************************************************
skipping: [h1]
skipping: [h2]
skipping: [h3]
skipping: [h4]
skipping: [h5]
skipping: [h6]
skipping: [h1a]
skipping: [h2a]
skipping: [h4a]
skipping: [h5a]
skipping: [s1]
skipping: [s2]
skipping: [s3]

TASK [Find configuration deployment deploy_script for initial] *****************
ok: [h1]
ok: [h2]
ok: [h3]
ok: [h4]
ok: [h5]
ok: [h1a]
ok: [h6]
ok: [h4a]
ok: [h5a]
ok: [h2a]
ok: [s3]
ok: [s2]
ok: [s1]

TASK [Print deployed configuration when running in verbose mode] ***************
ok: [h1] => 
  msg: |-
    initial configuration for h1
    =========================================
    #!/bin/bash
    #
    # This script contains the 'ip' commands needed to set up container
    # interfaces and route table. It's executed within the container
    # network namespace on the container host.
    #
    #  /etc/hosts file is generated as a clab bind.
    #
    set -e
  
    ### One-Shot configuration (non-Ubuntu VM or container)
    #
    # Send ARP requests from a sane source IP address
    sysctl -w net.ipv4.conf.all.arp_announce=2
  
    #
    # Disable IPv4 and IPv6 forwarding
    #
    sysctl -w net.ipv4.ip_forward=0
    sysctl -w net.ipv6.conf.all.forwarding=0
  
    #
    # Interface addressing, create any bond devices
    #
    ip link set dev eth1 up
    set +e
    ip addr del 172.16.0.1/24 dev eth1 2>/dev/null
    set -e
    ip addr add 172.16.0.1/24 dev eth1
    sysctl -w net.ipv6.conf.eth1.disable_ipv6=1
    ip link set dev eth1 mtu 1500
ok: [h2] => 
  msg: |-
    initial configuration for h2
    =========================================
    #!/bin/bash
    #
    # This script contains the 'ip' commands needed to set up container
    # interfaces and route table. It's executed within the container
    # network namespace on the container host.
    #
    #  /etc/hosts file is generated as a clab bind.
    #
    set -e
  
    ### One-Shot configuration (non-Ubuntu VM or container)
    #
    # Send ARP requests from a sane source IP address
    sysctl -w net.ipv4.conf.all.arp_announce=2
  
    #
    # Disable IPv4 and IPv6 forwarding
    #
    sysctl -w net.ipv4.ip_forward=0
    sysctl -w net.ipv6.conf.all.forwarding=0
  
    #
    # Interface addressing, create any bond devices
    #
    ip link set dev eth1 up
    set +e
    ip addr del 172.16.0.2/24 dev eth1 2>/dev/null
    set -e
    ip addr add 172.16.0.2/24 dev eth1
    sysctl -w net.ipv6.conf.eth1.disable_ipv6=1
    ip link set dev eth1 mtu 1500
ok: [h3] => 
  msg: |-
    initial configuration for h3
    =========================================
    #!/bin/bash
    #
    # This script contains the 'ip' commands needed to set up container
    # interfaces and route table. It's executed within the container
    # network namespace on the container host.
    #
    #  /etc/hosts file is generated as a clab bind.
    #
    set -e
  
    ### One-Shot configuration (non-Ubuntu VM or container)
    #
    # Send ARP requests from a sane source IP address
    sysctl -w net.ipv4.conf.all.arp_announce=2
  
    #
    # Disable IPv4 and IPv6 forwarding
    #
    sysctl -w net.ipv4.ip_forward=0
    sysctl -w net.ipv6.conf.all.forwarding=0
  
    #
    # Interface addressing, create any bond devices
    #
    ip link set dev eth1 up
    set +e
    ip addr del 172.16.0.3/24 dev eth1 2>/dev/null
    set -e
    ip addr add 172.16.0.3/24 dev eth1
    sysctl -w net.ipv6.conf.eth1.disable_ipv6=1
    ip link set dev eth1 mtu 1500
ok: [h4] => 
  msg: |-
    initial configuration for h4
    =========================================
    #!/bin/bash
    #
    # This script contains the 'ip' commands needed to set up container
    # interfaces and route table. It's executed within the container
    # network namespace on the container host.
    #
    #  /etc/hosts file is generated as a clab bind.
    #
    set -e
  
    ### One-Shot configuration (non-Ubuntu VM or container)
    #
    # Send ARP requests from a sane source IP address
    sysctl -w net.ipv4.conf.all.arp_announce=2
  
    #
    # Disable IPv4 and IPv6 forwarding
    #
    sysctl -w net.ipv4.ip_forward=0
    sysctl -w net.ipv6.conf.all.forwarding=0
  
    #
    # Interface addressing, create any bond devices
    #
    ip link set dev eth1 up
    set +e
    ip addr del 172.16.1.4/24 dev eth1 2>/dev/null
    set -e
    ip addr add 172.16.1.4/24 dev eth1
    sysctl -w net.ipv6.conf.eth1.disable_ipv6=1
    ip link set dev eth1 mtu 1500
ok: [h5] => 
  msg: |-
    initial configuration for h5
    =========================================
    #!/bin/bash
    #
    # This script contains the 'ip' commands needed to set up container
    # interfaces and route table. It's executed within the container
    # network namespace on the container host.
    #
    #  /etc/hosts file is generated as a clab bind.
    #
    set -e
  
    ### One-Shot configuration (non-Ubuntu VM or container)
    #
    # Send ARP requests from a sane source IP address
    sysctl -w net.ipv4.conf.all.arp_announce=2
  
    #
    # Disable IPv4 and IPv6 forwarding
    #
    sysctl -w net.ipv4.ip_forward=0
    sysctl -w net.ipv6.conf.all.forwarding=0
  
    #
    # Interface addressing, create any bond devices
    #
    ip link set dev eth1 up
    set +e
    ip addr del 172.16.1.5/24 dev eth1 2>/dev/null
    set -e
    ip addr add 172.16.1.5/24 dev eth1
    sysctl -w net.ipv6.conf.eth1.disable_ipv6=1
    ip link set dev eth1 mtu 1500
ok: [h6] => 
  msg: |-
    initial configuration for h6
    =========================================
    #!/bin/bash
    #
    # This script contains the 'ip' commands needed to set up container
    # interfaces and route table. It's executed within the container
    # network namespace on the container host.
    #
    #  /etc/hosts file is generated as a clab bind.
    #
    set -e
  
    ### One-Shot configuration (non-Ubuntu VM or container)
    #
    # Send ARP requests from a sane source IP address
    sysctl -w net.ipv4.conf.all.arp_announce=2
  
    #
    # Disable IPv4 and IPv6 forwarding
    #
    sysctl -w net.ipv4.ip_forward=0
    sysctl -w net.ipv6.conf.all.forwarding=0
  
    #
    # Interface addressing, create any bond devices
    #
    ip link set dev eth1 up
    set +e
    ip addr del 172.16.1.6/24 dev eth1 2>/dev/null
    set -e
    ip addr add 172.16.1.6/24 dev eth1
    sysctl -w net.ipv6.conf.eth1.disable_ipv6=1
    ip link set dev eth1 mtu 1500
ok: [h4a] => 
  msg: |-
    initial configuration for h4a
    =========================================
    #!/bin/bash
    #
    # This script contains the 'ip' commands needed to set up container
    # interfaces and route table. It's executed within the container
    # network namespace on the container host.
    #
    #  /etc/hosts file is generated as a clab bind.
    #
    set -e
  
    ### One-Shot configuration (non-Ubuntu VM or container)
    #
    # Send ARP requests from a sane source IP address
    sysctl -w net.ipv4.conf.all.arp_announce=2
  
    #
    # Disable IPv4 and IPv6 forwarding
    #
    sysctl -w net.ipv4.ip_forward=0
    sysctl -w net.ipv6.conf.all.forwarding=0
  
    #
    # Interface addressing, create any bond devices
    #
    ip link set dev eth1 up
    set +e
    ip addr del 172.16.1.9/24 dev eth1 2>/dev/null
    set -e
    ip addr add 172.16.1.9/24 dev eth1
    sysctl -w net.ipv6.conf.eth1.disable_ipv6=1
    ip link set dev eth1 mtu 1500
ok: [h1a] => 
  msg: |-
    initial configuration for h1a
    =========================================
    #!/bin/bash
    #
    # This script contains the 'ip' commands needed to set up container
    # interfaces and route table. It's executed within the container
    # network namespace on the container host.
    #
    #  /etc/hosts file is generated as a clab bind.
    #
    set -e
  
    ### One-Shot configuration (non-Ubuntu VM or container)
    #
    # Send ARP requests from a sane source IP address
    sysctl -w net.ipv4.conf.all.arp_announce=2
  
    #
    # Disable IPv4 and IPv6 forwarding
    #
    sysctl -w net.ipv4.ip_forward=0
    sysctl -w net.ipv6.conf.all.forwarding=0
  
    #
    # Interface addressing, create any bond devices
    #
    ip link set dev eth1 up
    set +e
    ip addr del 172.16.0.7/24 dev eth1 2>/dev/null
    set -e
    ip addr add 172.16.0.7/24 dev eth1
    sysctl -w net.ipv6.conf.eth1.disable_ipv6=1
    ip link set dev eth1 mtu 1500
ok: [h5a] => 
  msg: |-
    initial configuration for h5a
    =========================================
    #!/bin/bash
    #
    # This script contains the 'ip' commands needed to set up container
    # interfaces and route table. It's executed within the container
    # network namespace on the container host.
    #
    #  /etc/hosts file is generated as a clab bind.
    #
    set -e
  
    ### One-Shot configuration (non-Ubuntu VM or container)
    #
    # Send ARP requests from a sane source IP address
    sysctl -w net.ipv4.conf.all.arp_announce=2
  
    #
    # Disable IPv4 and IPv6 forwarding
    #
    sysctl -w net.ipv4.ip_forward=0
    sysctl -w net.ipv6.conf.all.forwarding=0
  
    #
    # Interface addressing, create any bond devices
    #
    ip link set dev eth1 up
    set +e
    ip addr del 172.16.1.10/24 dev eth1 2>/dev/null
    set -e
    ip addr add 172.16.1.10/24 dev eth1
    sysctl -w net.ipv6.conf.eth1.disable_ipv6=1
    ip link set dev eth1 mtu 1500
ok: [h2a] => 
  msg: |-
    initial configuration for h2a
    =========================================
    #!/bin/bash
    #
    # This script contains the 'ip' commands needed to set up container
    # interfaces and route table. It's executed within the container
    # network namespace on the container host.
    #
    #  /etc/hosts file is generated as a clab bind.
    #
    set -e
  
    ### One-Shot configuration (non-Ubuntu VM or container)
    #
    # Send ARP requests from a sane source IP address
    sysctl -w net.ipv4.conf.all.arp_announce=2
  
    #
    # Disable IPv4 and IPv6 forwarding
    #
    sysctl -w net.ipv4.ip_forward=0
    sysctl -w net.ipv6.conf.all.forwarding=0
  
    #
    # Interface addressing, create any bond devices
    #
    ip link set dev eth1 up
    set +e
    ip addr del 172.16.0.8/24 dev eth1 2>/dev/null
    set -e
    ip addr add 172.16.0.8/24 dev eth1
    sysctl -w net.ipv6.conf.eth1.disable_ipv6=1
    ip link set dev eth1 mtu 1500
ok: [s3] => 
  msg: |-
    initial configuration for s3
    =========================================
    #!/bin/bash
    #
    set -e
    set -x
    #
    # Create bash profile script
    #
    cat <<SCRIPT >/root/.bash_profile
    #!/bin/bash
    #
    export PS1="\h(bash)# "
    echo
    echo "Use vtysh to connect to FRR daemon"
    echo
    SCRIPT
    #
    # This is an artifact of unknown provenance that should be removed in a year or two (= 2026/2027)
    #
    # FRR controls these parameters with 'ip forwarding' and 'ipv6 forwarding' commands
    #
    sysctl -w net.ipv4.ip_forward=1
    sysctl -w net.ipv6.conf.all.forwarding=0
    #
    #
    # Get the current next hop for the default route
    #
    def_nh=$(ip route list default|awk '{ print $3 }')
    #
    # Create the management VRF and add eth0 to it
    #
    if [ ! -e /sys/devices/virtual/net/mgmt ]; then
      ip link add mgmt type vrf table 42
    fi
    ip link set mgmt up
    sysctl -qw net.ipv6.conf.eth0.keep_addr_on_down=1
    ip link set eth0 master mgmt
    #
    # Reinstall the default route if we had it before
    #
    if [[ -n "$def_nh" ]]; then
      ip route add 0.0.0.0/0 vrf mgmt via $def_nh
    fi
    #
    # Enable FRR modules (if not using containerlab bind-mounted /etc/frr/daemons)
    #
  
    # Set system defaults
    #
    # Send ARP requests from a sane source IP address
    #
    sysctl -w net.ipv4.conf.all.arp_announce=2
  
    #
    # Create loopbacks, stub and lag/bond devices
    #
    if [ ! -e /sys/class/net/lo ]; then
      if [ ! -e /sys/devices/virtual/net/lo ]; then
        ip link add lo type dummy
        ip link set dev lo up
      fi
    fi
  
    # Disable IPv6 (for IPv4-only interfaces) or SLAAC (if the device is a router)
    #
    ip link set eth1 down
    sysctl -qw net.ipv6.conf.eth1.disable_ipv6=1
    ip link set dev eth1 mtu 1600
    ip link set eth1 up
    ip link set eth2 down
    sysctl -qw net.ipv6.conf.eth2.disable_ipv6=1
    ip link set dev eth2 mtu 1600
    ip link set eth2 up
    ip link set eth3 down
    sysctl -qw net.ipv6.conf.eth3.disable_ipv6=1
    ip link set dev eth3 mtu 1500
    ip link set eth3 up
    ip link set eth4 down
    sysctl -qw net.ipv6.conf.eth4.disable_ipv6=1
    ip link set dev eth4 mtu 1500
    ip link set eth4 up
  
    #
    # Add vtysh.conf file
    echo "service integrated-vtysh-config" >/etc/frr/vtysh.conf
  
    #
    # Rest of initial configuration done through VTYSH
    #
    cat >/tmp/config <<CONFIG
    hostname s3
    !
    log file /tmp/logging
  
    !
    ip forwarding
    vrf mgmt
     exit-vrf
    !
    frr defaults datacenter
    !
    interface lo
     no shutdown
     ip address 10.0.0.13/32
    !
    interface eth1
     no shutdown
     description s3 -> s2
     ip address 10.1.0.6/30
    !
    interface eth2
     no shutdown
     description s3 -> s1
     ip address 10.1.0.10/30
    !
    interface eth3
     no shutdown
     description [Access VLAN red] s3 -> h3
     ! no ip address
    !
    interface eth4
     no shutdown
     description [Access VLAN blue] s3 -> h6
     ! no ip address
    !
    interface vlan1000
     no shutdown
     description VLAN red (1000) -> [h1,h1a,s1,h2,h2a...]
     ! no ip address
    !
    interface vlan1001
     no shutdown
     description VLAN blue (1001) -> [h4,h4a,s1,h5,h5a...]
     ! no ip address
    !
    do write
    CONFIG
    vtysh -f /tmp/config
    !
    exit 0
ok: [s2] => 
  msg: |-
    initial configuration for s2
    =========================================
    hostname s2
    !
    no ip domain lookup
    logging buffered 256000
  
    !
    lldp run
    !
    ip host h1 172.16.0.1
    ip host h2 172.16.0.2
    ip host h3 172.16.0.3
    ip host h4 172.16.1.4
    ip host h5 172.16.1.5
    ip host h6 172.16.1.6
    ip host h1a 172.16.0.7
    ip host h2a 172.16.0.8
    ip host h4a 172.16.1.9
    ip host h5a 172.16.1.10
    ip host s1 10.0.0.11 10.1.0.1 10.1.0.9
    ip host s3 10.0.0.13 10.1.0.6 10.1.0.10
    !
    ip routing
    !
    no ipv6 unicast-routing
    !
  
    !
    !
    interface Loopback0
     ip address 10.0.0.12 255.255.255.255
    !
    interface GigabitEthernet1
     no lldp transmit
     no lldp receive
    !
    interface GigabitEthernet2
     description s2 -> s1
     mtu 1600
     ip address 10.1.0.2 255.255.255.252
     no shutdown
    !
    interface GigabitEthernet3
     description s2 -> s3
     mtu 1600
     ip address 10.1.0.5 255.255.255.252
     no shutdown
    !
    interface GigabitEthernet4
     description [Access VLAN red] s2 -> h2
     no shutdown
    !
    interface GigabitEthernet5
     description [Access VLAN red] s2 -> h2a
     no shutdown
    !
    interface GigabitEthernet6
     description [Access VLAN blue] s2 -> h5
     no shutdown
    !
    interface GigabitEthernet7
     description [Access VLAN blue] s2 -> h5a
     no shutdown
    !
    interface BDI1000
     description VLAN red (1000) -> [h1,h1a,s1,h2,h2a...]
     no shutdown
    !
    interface BDI1001
     description VLAN blue (1001) -> [h4,h4a,s1,h5,h5a...]
     no shutdown
    !
    !
    line vty 0 4
     exec-timeout 0 0
    !
    no banner exec
    no banner login
    no banner incoming
ok: [s1] => 
  msg: |-
    initial configuration for s1
    =========================================
    hostname s1
    !
    no ip domain lookup
    logging buffered 256000
  
    !
    lldp run
    !
    ip host h1 172.16.0.1
    ip host h2 172.16.0.2
    ip host h3 172.16.0.3
    ip host h4 172.16.1.4
    ip host h5 172.16.1.5
    ip host h6 172.16.1.6
    ip host h1a 172.16.0.7
    ip host h2a 172.16.0.8
    ip host h4a 172.16.1.9
    ip host h5a 172.16.1.10
    ip host s2 10.0.0.12 10.1.0.2 10.1.0.5
    ip host s3 10.0.0.13 10.1.0.6 10.1.0.10
    !
    ip routing
    !
    no ipv6 unicast-routing
    !
  
    !
    !
    interface Loopback0
     ip address 10.0.0.11 255.255.255.255
    !
    interface GigabitEthernet1
     no lldp transmit
     no lldp receive
    !
    interface GigabitEthernet2
     description s1 -> s2
     mtu 1600
     ip address 10.1.0.1 255.255.255.252
     no shutdown
    !
    interface GigabitEthernet3
     description s1 -> s3
     mtu 1600
     ip address 10.1.0.9 255.255.255.252
     no shutdown
    !
    interface GigabitEthernet4
     description [Access VLAN red] s1 -> h1
     no shutdown
    !
    interface GigabitEthernet5
     description [Access VLAN red] s1 -> h1a
     no shutdown
    !
    interface GigabitEthernet6
     description [Access VLAN blue] s1 -> h4
     no shutdown
    !
    interface GigabitEthernet7
     description [Access VLAN blue] s1 -> h4a
     no shutdown
    !
    interface BDI1000
     description VLAN red (1000) -> [h1,h1a,h2,h2a,s2...]
     no shutdown
    !
    interface BDI1001
     description VLAN blue (1001) -> [h4,h4a,h5,h5a,s2...]
     no shutdown
    !
    !
    line vty 0 4
     exec-timeout 0 0
    !
    no banner exec
    no banner login
    no banner incoming

TASK [Deploy initial configuration] ********************************************
included: /home/pipi/netlab_gh/netsim/ansible/tasks/deploy-config/linux-clab.yml for h1, h2, h3, h4, h5, h6, h1a, h2a, h4a, h5a
included: /home/pipi/netlab_gh/netsim/ansible/tasks/deploy-config/ios.yml for s1, s2
included: /home/pipi/netlab_gh/netsim/ansible/tasks/frr/initial-clab.yml for s3

TASK [Define script filename and determine whether to execute in netns] ********
ok: [h1]
ok: [h2]
ok: [h3]
ok: [h5]
ok: [h4]
ok: [h6]
ok: [h1a]
ok: [h4a]
ok: [h2a]
ok: [h5a]

TASK [Create a temporary file for the rendered script] *************************
changed: [h1a -> localhost]
changed: [h3 -> localhost]
changed: [h4a -> localhost]
changed: [h4 -> localhost]
changed: [h2 -> localhost]
changed: [h5 -> localhost]
changed: [h2a -> localhost]
changed: [h5a -> localhost]
changed: [h1 -> localhost]
changed: [h6 -> localhost]

TASK [Create container setup script from /home/pipi/netlab_gh/netsim/ansible/templates/initial/linux-clab.j2] ***
changed: [h5a -> localhost]
changed: [h6 -> localhost]
changed: [h2 -> localhost]
changed: [h3 -> localhost]
changed: [h1 -> localhost]
changed: [h4 -> localhost]
changed: [h2a -> localhost]
changed: [h1a -> localhost]
changed: [h5 -> localhost]
changed: [h4a -> localhost]

TASK [Copy script into running container at /tmp/config-h1_initial.sh] *********
skipping: [h1]
skipping: [h2]
skipping: [h3]
skipping: [h5]
skipping: [h4]
skipping: [h6]
skipping: [h1a]
skipping: [h2a]
skipping: [h4a]
skipping: [h5a]

TASK [Execute /tmp/config-h1_initial.sh to deploy initial config based on /home/pipi/netlab_gh/netsim/ansible/templates/initial/linux-clab.j2] ***
skipping: [h1]
skipping: [h2]
skipping: [h3]
skipping: [h4]
skipping: [h5]
skipping: [h6]
skipping: [h1a]
skipping: [h2a]
skipping: [h4a]
skipping: [h5a]

TASK [Container configuration for initial based on /home/pipi/netlab_gh/netsim/ansible/templates/initial/linux-clab.j2 executed in netns] ***
changed: [h4a -> localhost]
changed: [h5a -> localhost]
changed: [h5 -> localhost]
changed: [h4 -> localhost]
changed: [h6 -> localhost]
changed: [h1a -> localhost]
changed: [h2a -> localhost]
changed: [h1 -> localhost]
changed: [h2 -> localhost]
changed: [h3 -> localhost]

TASK [Remove temporary file /tmp/h1_initial-8xg1igyh.sh] ***********************
changed: [h4 -> localhost]
changed: [h1a -> localhost]
changed: [h5 -> localhost]
changed: [h4a -> localhost]
changed: [h2a -> localhost]
changed: [h1 -> localhost]
changed: [h5a -> localhost]
changed: [h2 -> localhost]
changed: [h3 -> localhost]
changed: [h6 -> localhost]

TASK [ios_config: deploying initial from /home/pipi/netlab_gh/netsim/ansible/templates/initial/ios.j2] ***
[WARNING]: To ensure idempotency and correct diff the input configuration lines
should be similar to how they appear if present in the running configuration on
device including the indentation
changed: [s1]
changed: [s2]

TASK [Attempt to load VRF kernel module] ***************************************
changed: [s3 -> localhost]

TASK [Disable FRR management VRF when modprobe fails] **************************
skipping: [s3]

TASK [include_tasks] ***********************************************************
included: /home/pipi/netlab_gh/netsim/ansible/tasks/frr/deploy-config.yml for s3

TASK [template] ****************************************************************
changed: [s3]

TASK [set_fact] ****************************************************************
ok: [s3]

TASK [run /tmp/config.sh to deploy initial config from /home/pipi/netlab_gh/netsim/ansible/templates/initial/frr.j2] ***
changed: [s3]

TASK [run vtysh to import initial config from /home/pipi/netlab_gh/netsim/ansible/templates/initial/frr.j2] ***
skipping: [s3]

PLAY [Deploy module-specific configurations] ***********************************

TASK [Set variables that cannot be set with VARS] ******************************
ok: [h1]
ok: [h2]
ok: [h3]
ok: [h5]
ok: [h4]
ok: [h6]
ok: [h1a]
ok: [h2a]
ok: [h4a]
ok: [h5a]
ok: [s3]
ok: [s1]
ok: [s2]

TASK [Deploy individual configuration modules] *********************************
included: /home/pipi/netlab_gh/netsim/ansible/tasks/deploy-module.yml for h1, h2, h3, h4, h5, h6, h1a, h2a, h4a, h5a, s1, s2, s3 => (item=vlan)
included: /home/pipi/netlab_gh/netsim/ansible/tasks/deploy-module.yml for h1, h2, h3, h4, h5, h6, h1a, h2a, h4a, h5a, s1, s2, s3 => (item=vxlan)
included: /home/pipi/netlab_gh/netsim/ansible/tasks/deploy-module.yml for h1, h2, h3, h4, h5, h6, h1a, h2a, h4a, h5a, s1, s2, s3 => (item=routing)
included: /home/pipi/netlab_gh/netsim/ansible/tasks/deploy-module.yml for h1, h2, h3, h4, h5, h6, h1a, h2a, h4a, h5a, s1, s2, s3 => (item=ospf)

TASK [Figure out whether to deploy the module vlan on current device] **********
ok: [h1]
ok: [h2]
ok: [h3]
ok: [h4]
ok: [h5]
ok: [h6]
ok: [h1a]
ok: [h2a]
ok: [h4a]
ok: [h5a]
ok: [s3]
ok: [s1]
ok: [s2]

TASK [Find configuration template for vlan] ************************************
skipping: [h1]
skipping: [h2]
skipping: [h3]
skipping: [h4]
skipping: [h5]
skipping: [h6]
skipping: [h1a]
skipping: [h2a]
skipping: [h4a]
skipping: [h5a]
ok: [s3]
ok: [s1]
ok: [s2]

TASK [fail] ********************************************************************
skipping: [h1]
skipping: [h2]
skipping: [h3]
skipping: [h4]
skipping: [h5]
skipping: [h6]
skipping: [h1a]
skipping: [h2a]
skipping: [h4a]
skipping: [h5a]
skipping: [s1]
skipping: [s2]
skipping: [s3]

TASK [Find configuration deployment deploy_script for vlan] ********************
skipping: [h1]
skipping: [h2]
skipping: [h3]
skipping: [h4]
skipping: [h5]
skipping: [h6]
skipping: [h1a]
skipping: [h2a]
skipping: [h4a]
skipping: [h5a]
ok: [s3]
ok: [s1]
ok: [s2]

TASK [Print deployed configuration when running in verbose mode] ***************
skipping: [h1]
skipping: [h2]
skipping: [h3]
skipping: [h4]
skipping: [h5]
skipping: [h6]
skipping: [h1a]
skipping: [h2a]
skipping: [h4a]
skipping: [h5a]
ok: [s1] => 
  msg: |-
    vlan configuration for s1
    =========================================
    !
    bridge-domain 1000
     member GigabitEthernet4 service-instance 1000
     member GigabitEthernet5 service-instance 1000
    !
    bridge-domain 1001
     member GigabitEthernet6 service-instance 1001
     member GigabitEthernet7 service-instance 1001
    !
    interface GigabitEthernet4
     service instance 1000 ethernet
      encapsulation untagged
    !
    interface GigabitEthernet5
     service instance 1000 ethernet
      encapsulation untagged
    !
    interface GigabitEthernet6
     service instance 1001 ethernet
      encapsulation untagged
    !
    interface GigabitEthernet7
     service instance 1001 ethernet
      encapsulation untagged
ok: [s2] => 
  msg: |-
    vlan configuration for s2
    =========================================
    !
    bridge-domain 1000
     member GigabitEthernet4 service-instance 1000
     member GigabitEthernet5 service-instance 1000
    !
    bridge-domain 1001
     member GigabitEthernet6 service-instance 1001
     member GigabitEthernet7 service-instance 1001
    !
    interface GigabitEthernet4
     service instance 1000 ethernet
      encapsulation untagged
    !
    interface GigabitEthernet5
     service instance 1000 ethernet
      encapsulation untagged
    !
    interface GigabitEthernet6
     service instance 1001 ethernet
      encapsulation untagged
    !
    interface GigabitEthernet7
     service instance 1001 ethernet
      encapsulation untagged
ok: [s3] => 
  msg: |-
    vlan configuration for s3
    =========================================
    #!/bin/bash
    #
    set -e # Exit immediately when any command fails
    #
    if [ ! -e /sys/devices/virtual/net/vlan1000 ]; then
      ip link add vlan1000 type bridge
      ip link set dev vlan1000 address ca:f4:00:0d:00:00
  
      ip addr flush dev vlan1000
    fi
    if [ ! -e /sys/devices/virtual/net/vlan1001 ]; then
      ip link add vlan1001 type bridge
      ip link set dev vlan1001 address ca:f4:00:0d:00:01
  
      ip addr flush dev vlan1001
    fi
  
    ip link set dev eth3 master vlan1000
    ip link set dev eth4 master vlan1001
  
    ip link set dev vlan1000 up
    ip link set dev vlan1001 up

TASK [Deploy vlan configuration] ***********************************************
skipping: [h1]
skipping: [h2]
skipping: [h3]
skipping: [h4]
skipping: [h5]
skipping: [h6]
skipping: [h1a]
skipping: [h2a]
skipping: [h4a]
skipping: [h5a]
included: /home/pipi/netlab_gh/netsim/ansible/tasks/deploy-config/ios.yml for s1, s2
included: /home/pipi/netlab_gh/netsim/ansible/tasks/deploy-config/frr.yml for s3

TASK [ios_config: deploying vlan from /home/pipi/netlab_gh/netsim/ansible/templates/vlan/cat8000v.j2] ***
changed: [s1]
changed: [s2]

TASK [template] ****************************************************************
changed: [s3]

TASK [set_fact] ****************************************************************
ok: [s3]

TASK [run /tmp/config.sh to deploy vlan config from /home/pipi/netlab_gh/netsim/ansible/templates/vlan/frr.j2] ***
changed: [s3]

TASK [run vtysh to import vlan config from /home/pipi/netlab_gh/netsim/ansible/templates/vlan/frr.j2] ***
skipping: [s3]

TASK [Figure out whether to deploy the module vxlan on current device] *********
ok: [h1]
ok: [h2]
ok: [h3]
ok: [h4]
ok: [h5]
ok: [h6]
ok: [h1a]
ok: [h2a]
ok: [h4a]
ok: [h5a]
ok: [s3]
ok: [s1]
ok: [s2]

TASK [Find configuration template for vxlan] ***********************************
skipping: [h1]
skipping: [h2]
skipping: [h3]
skipping: [h4]
skipping: [h5]
skipping: [h6]
skipping: [h1a]
skipping: [h2a]
skipping: [h4a]
skipping: [h5a]
ok: [s3]
ok: [s2]
ok: [s1]

TASK [fail] ********************************************************************
skipping: [h1]
skipping: [h2]
skipping: [h3]
skipping: [h4]
skipping: [h5]
skipping: [h6]
skipping: [h1a]
skipping: [h2a]
skipping: [h4a]
skipping: [h5a]
skipping: [s1]
skipping: [s2]
skipping: [s3]

TASK [Find configuration deployment deploy_script for vxlan] *******************
skipping: [h1]
skipping: [h2]
skipping: [h3]
skipping: [h4]
skipping: [h5]
skipping: [h6]
skipping: [h1a]
skipping: [h2a]
skipping: [h4a]
skipping: [h5a]
ok: [s3]
ok: [s2]
ok: [s1]

TASK [Print deployed configuration when running in verbose mode] ***************
skipping: [h1]
skipping: [h2]
skipping: [h3]
skipping: [h4]
skipping: [h5]
skipping: [h6]
skipping: [h1a]
skipping: [h2a]
skipping: [h4a]
skipping: [h5a]
ok: [s1] => 
  msg: |-
    vxlan configuration for s1
    =========================================
    interface nve1
     no shutdown
     source-interface Loopback0
     member vni 5000
      ingress-replication 10.0.0.12
      ingress-replication 10.0.0.13
     member vni 5001
      ingress-replication 10.0.0.12
      ingress-replication 10.0.0.13
    !
    bridge-domain 1000
     member vni 5000
    !
    bridge-domain 1001
     member vni 5001
ok: [s2] => 
  msg: |-
    vxlan configuration for s2
    =========================================
    interface nve1
     no shutdown
     source-interface Loopback0
     member vni 5000
      ingress-replication 10.0.0.11
      ingress-replication 10.0.0.13
     member vni 5001
      ingress-replication 10.0.0.11
      ingress-replication 10.0.0.13
    !
    bridge-domain 1000
     member vni 5000
    !
    bridge-domain 1001
     member vni 5001
ok: [s3] => 
  msg: |-
    vxlan configuration for s3
    =========================================
    #!/bin/bash
    #
    set -e # Exit immediately when any command fails
    #
  
  
  
    # Create L3 VNIs with bridges and add to correct vrf table
  
    # Create VXLAN L2 interface per vni
    ip link add vxlan5000 type vxlan \
      id 5000 \
      dstport 4789 \
      local 10.0.0.13
    #
    # Add it to the VLAN bridge (create if needed for l3 vnis); disable STP
    if [ ! -e /sys/devices/virtual/net/vlan1000 ]; then
    ip link add vlan1000 type bridge
    ip link set up dev vlan1000
    fi
    ip link set dev vxlan5000 master vlan1000
    ip link set vlan1000 type bridge stp_state 0
  
    # Do not generate ipv6 link-local address for VXLAN devices
    ip link set mtu 1500 addrgenmode none dev vxlan5000
    ip link set up dev vxlan5000
  
    bridge fdb append 00:00:00:00:00:00 dev vxlan5000 dst 10.0.0.11
    bridge fdb append 00:00:00:00:00:00 dev vxlan5000 dst 10.0.0.12
    # Create VXLAN L2 interface per vni
    ip link add vxlan5001 type vxlan \
      id 5001 \
      dstport 4789 \
      local 10.0.0.13
    #
    # Add it to the VLAN bridge (create if needed for l3 vnis); disable STP
    if [ ! -e /sys/devices/virtual/net/vlan1001 ]; then
    ip link add vlan1001 type bridge
    ip link set up dev vlan1001
    fi
    ip link set dev vxlan5001 master vlan1001
    ip link set vlan1001 type bridge stp_state 0
  
    # Do not generate ipv6 link-local address for VXLAN devices
    ip link set mtu 1500 addrgenmode none dev vxlan5001
    ip link set up dev vxlan5001
  
    bridge fdb append 00:00:00:00:00:00 dev vxlan5001 dst 10.0.0.11
    bridge fdb append 00:00:00:00:00:00 dev vxlan5001 dst 10.0.0.12
  
    exit $?

TASK [Deploy vxlan configuration] **********************************************
skipping: [h1]
skipping: [h2]
skipping: [h3]
skipping: [h4]
skipping: [h5]
skipping: [h6]
skipping: [h1a]
skipping: [h2a]
skipping: [h4a]
skipping: [h5a]
included: /home/pipi/netlab_gh/netsim/ansible/tasks/deploy-config/ios.yml for s1, s2
included: /home/pipi/netlab_gh/netsim/ansible/tasks/deploy-config/frr.yml for s3

TASK [ios_config: deploying vxlan from /home/pipi/netlab_gh/netsim/ansible/templates/vxlan/cat8000v.j2] ***
changed: [s1]
changed: [s2]

TASK [template] ****************************************************************
changed: [s3]

TASK [set_fact] ****************************************************************
ok: [s3]

TASK [run /tmp/config.sh to deploy vxlan config from /home/pipi/netlab_gh/netsim/ansible/templates/vxlan/frr.j2] ***
changed: [s3]

TASK [run vtysh to import vxlan config from /home/pipi/netlab_gh/netsim/ansible/templates/vxlan/frr.j2] ***
skipping: [s3]

TASK [Figure out whether to deploy the module routing on current device] *******
ok: [h1]
ok: [h2]
ok: [h3]
ok: [h4]
ok: [h5]
ok: [h6]
ok: [h1a]
ok: [h2a]
ok: [h4a]
ok: [h5a]
ok: [s3]
ok: [s2]
ok: [s1]

TASK [Find configuration template for routing] *********************************
ok: [h1]
ok: [h2]
ok: [h3]
ok: [h4]
ok: [h6]
ok: [h5]
ok: [h2a]
ok: [h1a]
skipping: [s1]
skipping: [s2]
ok: [h5a]
ok: [h4a]
skipping: [s3]

TASK [fail] ********************************************************************
skipping: [h1]
skipping: [h2]
skipping: [h3]
skipping: [h4]
skipping: [h5]
skipping: [h6]
skipping: [h1a]
skipping: [h2a]
skipping: [h4a]
skipping: [h5a]
skipping: [s1]
skipping: [s2]
skipping: [s3]

TASK [Find configuration deployment deploy_script for routing] *****************
ok: [h1]
ok: [h3]
ok: [h2]
ok: [h6]
ok: [h4]
ok: [h5]
ok: [h1a]
skipping: [s1]
ok: [h4a]
skipping: [s2]
ok: [h2a]
skipping: [s3]
ok: [h5a]

TASK [Print deployed configuration when running in verbose mode] ***************
ok: [h1] => 
  msg: |-
    routing configuration for h1
    =========================================
    #!/bin/bash
    #
    # Add static routes (usually IPv4 routes pointing to the first usable gateway)
    #
    #
    #
    #
    #
    #
    # Print the final routing table
    ip route
ok: [h2] => 
  msg: |-
    routing configuration for h2
    =========================================
    #!/bin/bash
    #
    # Add static routes (usually IPv4 routes pointing to the first usable gateway)
    #
    #
    #
    #
    #
    #
    # Print the final routing table
    ip route
ok: [h3] => 
  msg: |-
    routing configuration for h3
    =========================================
    #!/bin/bash
    #
    # Add static routes (usually IPv4 routes pointing to the first usable gateway)
    #
    #
    #
    #
    #
    #
    # Print the final routing table
    ip route
ok: [h5] => 
  msg: |-
    routing configuration for h5
    =========================================
    #!/bin/bash
    #
    # Add static routes (usually IPv4 routes pointing to the first usable gateway)
    #
    #
    #
    #
    #
    #
    # Print the final routing table
    ip route
ok: [h4] => 
  msg: |-
    routing configuration for h4
    =========================================
    #!/bin/bash
    #
    # Add static routes (usually IPv4 routes pointing to the first usable gateway)
    #
    #
    #
    #
    #
    #
    # Print the final routing table
    ip route
skipping: [s1]
ok: [h2a] => 
  msg: |-
    routing configuration for h2a
    =========================================
    #!/bin/bash
    #
    # Add static routes (usually IPv4 routes pointing to the first usable gateway)
    #
    #
    #
    #
    #
    #
    # Print the final routing table
    ip route
skipping: [s2]
ok: [h6] => 
  msg: |-
    routing configuration for h6
    =========================================
    #!/bin/bash
    #
    # Add static routes (usually IPv4 routes pointing to the first usable gateway)
    #
    #
    #
    #
    #
    #
    # Print the final routing table
    ip route
ok: [h1a] => 
  msg: |-
    routing configuration for h1a
    =========================================
    #!/bin/bash
    #
    # Add static routes (usually IPv4 routes pointing to the first usable gateway)
    #
    #
    #
    #
    #
    #
    # Print the final routing table
    ip route
skipping: [s3]
ok: [h4a] => 
  msg: |-
    routing configuration for h4a
    =========================================
    #!/bin/bash
    #
    # Add static routes (usually IPv4 routes pointing to the first usable gateway)
    #
    #
    #
    #
    #
    #
    # Print the final routing table
    ip route
ok: [h5a] => 
  msg: |-
    routing configuration for h5a
    =========================================
    #!/bin/bash
    #
    # Add static routes (usually IPv4 routes pointing to the first usable gateway)
    #
    #
    #
    #
    #
    #
    # Print the final routing table
    ip route

TASK [Deploy routing configuration] ********************************************
skipping: [s1]
skipping: [s2]
skipping: [s3]
included: /home/pipi/netlab_gh/netsim/ansible/tasks/deploy-config/linux-clab.yml for h1, h2, h3, h5, h4, h6, h1a, h2a, h4a, h5a

TASK [Define script filename and determine whether to execute in netns] ********
ok: [h1]
ok: [h2]
ok: [h3]
ok: [h5]
ok: [h4]
ok: [h6]
ok: [h1a]
ok: [h2a]
ok: [h4a]
ok: [h5a]

TASK [Create a temporary file for the rendered script] *************************
changed: [h3 -> localhost]
changed: [h6 -> localhost]
changed: [h1 -> localhost]
changed: [h2 -> localhost]
changed: [h5 -> localhost]
changed: [h4 -> localhost]
changed: [h2a -> localhost]
changed: [h1a -> localhost]
changed: [h5a -> localhost]
changed: [h4a -> localhost]

TASK [Create container setup script from /home/pipi/netlab_gh/netsim/ansible/templates/routing/linux-clab.j2] ***
changed: [h1 -> localhost]
changed: [h1a -> localhost]
changed: [h2 -> localhost]
changed: [h3 -> localhost]
changed: [h4 -> localhost]
changed: [h2a -> localhost]
changed: [h5a -> localhost]
changed: [h5 -> localhost]
changed: [h6 -> localhost]
changed: [h4a -> localhost]

TASK [Copy script into running container at /tmp/config-h1_routing.sh] *********
skipping: [h1]
skipping: [h2]
skipping: [h3]
skipping: [h4]
skipping: [h5]
skipping: [h6]
skipping: [h2a]
skipping: [h1a]
skipping: [h4a]
skipping: [h5a]

TASK [Execute /tmp/config-h1_routing.sh to deploy routing config based on /home/pipi/netlab_gh/netsim/ansible/templates/routing/linux-clab.j2] ***
skipping: [h1]
skipping: [h2]
skipping: [h3]
skipping: [h4]
skipping: [h5]
skipping: [h6]
skipping: [h1a]
skipping: [h2a]
skipping: [h4a]
skipping: [h5a]

TASK [Container configuration for routing based on /home/pipi/netlab_gh/netsim/ansible/templates/routing/linux-clab.j2 executed in netns] ***
changed: [h2 -> localhost]
changed: [h5 -> localhost]
changed: [h1 -> localhost]
changed: [h3 -> localhost]
changed: [h4 -> localhost]
changed: [h1a -> localhost]
changed: [h5a -> localhost]
changed: [h2a -> localhost]
changed: [h6 -> localhost]
changed: [h4a -> localhost]

TASK [Remove temporary file /tmp/h1_routing-40bz5rs8.sh] ***********************
changed: [h3 -> localhost]
changed: [h6 -> localhost]
changed: [h1 -> localhost]
changed: [h2 -> localhost]
changed: [h4 -> localhost]
changed: [h5 -> localhost]
changed: [h1a -> localhost]
changed: [h2a -> localhost]
changed: [h4a -> localhost]
changed: [h5a -> localhost]

TASK [Figure out whether to deploy the module ospf on current device] **********
ok: [h1]
ok: [h2]
ok: [h3]
ok: [h4]
ok: [h5]
ok: [h6]
ok: [h1a]
ok: [h2a]
ok: [h4a]
ok: [h5a]
ok: [s3]
ok: [s2]
ok: [s1]

TASK [Find configuration template for ospf] ************************************
skipping: [h1]
skipping: [h2]
skipping: [h3]
skipping: [h4]
skipping: [h5]
skipping: [h6]
skipping: [h1a]
skipping: [h2a]
skipping: [h4a]
skipping: [h5a]
ok: [s3]
ok: [s2]
ok: [s1]

TASK [fail] ********************************************************************
skipping: [h1]
skipping: [h2]
skipping: [h3]
skipping: [h4]
skipping: [h5]
skipping: [h6]
skipping: [h1a]
skipping: [h2a]
skipping: [h4a]
skipping: [h5a]
skipping: [s1]
skipping: [s2]
skipping: [s3]

TASK [Find configuration deployment deploy_script for ospf] ********************
skipping: [h1]
skipping: [h2]
skipping: [h3]
skipping: [h4]
skipping: [h5]
skipping: [h6]
skipping: [h1a]
skipping: [h2a]
skipping: [h4a]
skipping: [h5a]
ok: [s3]
ok: [s1]
ok: [s2]

TASK [Print deployed configuration when running in verbose mode] ***************
skipping: [h1]
skipping: [h2]
skipping: [h3]
skipping: [h4]
skipping: [h5]
skipping: [h6]
skipping: [h1a]
skipping: [h2a]
skipping: [h4a]
skipping: [h5a]
ok: [s1] => 
  msg: |-
    ospf configuration for s1
    =========================================
    router ospf 1
     router-id 10.0.0.11
  
    !
    interface Loopback0
    !
     ip ospf 1 area 0.0.0.0
    !
    interface GigabitEthernet2
    ! s1 -> s2
     ip ospf 1 area 0.0.0.0
     ip ospf network point-to-point
    !
    interface GigabitEthernet3
    ! s1 -> s3
     ip ospf 1 area 0.0.0.0
     ip ospf network point-to-point
    !
ok: [s2] => 
  msg: |-
    ospf configuration for s2
    =========================================
    router ospf 1
     router-id 10.0.0.12
  
    !
    interface Loopback0
    !
     ip ospf 1 area 0.0.0.0
    !
    interface GigabitEthernet2
    ! s2 -> s1
     ip ospf 1 area 0.0.0.0
     ip ospf network point-to-point
    !
    interface GigabitEthernet3
    ! s2 -> s3
     ip ospf 1 area 0.0.0.0
     ip ospf network point-to-point
    !
ok: [s3] => 
  msg: |-
    ospf configuration for s3
    =========================================
    !
    ! OSPFv2 FRR configuration
    !
    router ospf
     ospf router-id 10.0.0.13
     timers throttle spf 10 50 500
     timers throttle lsa all 100
     timers lsa min-arrival 100
  
  
    exit
    !
    interface lo
    !
     ip ospf area 0.0.0.0
    !
    interface eth1
    ! s3 -> s2
     ip ospf area 0.0.0.0
     ip ospf network point-to-point
    !
    interface eth2
    ! s3 -> s1
     ip ospf area 0.0.0.0
     ip ospf network point-to-point
    !
  
    !
    do write

TASK [Deploy ospf configuration] ***********************************************
skipping: [h1]
skipping: [h2]
skipping: [h3]
skipping: [h4]
skipping: [h5]
skipping: [h6]
skipping: [h1a]
skipping: [h2a]
skipping: [h4a]
skipping: [h5a]
included: /home/pipi/netlab_gh/netsim/ansible/tasks/deploy-config/ios.yml for s1, s2
included: /home/pipi/netlab_gh/netsim/ansible/tasks/deploy-config/frr.yml for s3

TASK [ios_config: deploying ospf from /home/pipi/netlab_gh/netsim/ansible/templates/ospf/ios.j2] ***
changed: [s1]
changed: [s2]

TASK [template] ****************************************************************
changed: [s3]

TASK [set_fact] ****************************************************************
ok: [s3]

TASK [run /tmp/config.sh to deploy ospf config from /home/pipi/netlab_gh/netsim/ansible/templates/ospf/frr.j2] ***
skipping: [s3]

TASK [run vtysh to import ospf config from /home/pipi/netlab_gh/netsim/ansible/templates/ospf/frr.j2] ***
changed: [s3]

PLAY [Deploy custom deployment templates] **************************************
skipping: no hosts matched

PLAY RECAP *********************************************************************
h1                         : ok=35   changed=8    unreachable=0    failed=0    skipped=26   rescued=0    ignored=0   
h1a                        : ok=35   changed=8    unreachable=0    failed=0    skipped=26   rescued=0    ignored=0   
h2                         : ok=35   changed=8    unreachable=0    failed=0    skipped=26   rescued=0    ignored=0   
h2a                        : ok=35   changed=8    unreachable=0    failed=0    skipped=26   rescued=0    ignored=0   
h3                         : ok=35   changed=8    unreachable=0    failed=0    skipped=26   rescued=0    ignored=0   
h4                         : ok=35   changed=8    unreachable=0    failed=0    skipped=26   rescued=0    ignored=0   
h4a                        : ok=35   changed=8    unreachable=0    failed=0    skipped=26   rescued=0    ignored=0   
h5                         : ok=35   changed=8    unreachable=0    failed=0    skipped=26   rescued=0    ignored=0   
h5a                        : ok=35   changed=8    unreachable=0    failed=0    skipped=26   rescued=0    ignored=0   
h6                         : ok=35   changed=8    unreachable=0    failed=0    skipped=26   rescued=0    ignored=0   
s1                         : ok=37   changed=4    unreachable=0    failed=0    skipped=14   rescued=0    ignored=0   
s2                         : ok=37   changed=4    unreachable=0    failed=0    skipped=14   rescued=0    ignored=0   
s3                         : ok=47   changed=9    unreachable=0    failed=0    skipped=19   rescued=0    ignored=0   



This is the multi-node version of the vxlan-bridging lab.
Use it to check that you don't have spanning tree problems
in VXLAN overlay

* h1, h2 and h3 should be able to ping each other
* h4, h5 and h6 should be able to ping each other

Please note it might take a while for the lab to work due to
OSPF adjacency establishment and STP learning phase

