Creating Device configuration snippets
[CREATED] dut: initial,vlan,stp
[CREATED] x1: normalize,initial,vlan,stp
Checking Are lab devices ready to be configured?
 [INFO] Checking SSH server(s) on x1
Config Deploying device configurations
 [INFO] Executing initial configuration for node dut
 [INFO] Executing normalize configuration for node x1
 [INFO] Executing vlan configuration for node dut
 [INFO] Executing stp configuration for node dut
 [INFO] Executing initial configuration for node x1
 [INFO] Executing vlan configuration for node x1
 [INFO] Executing stp configuration for node x1

Results of configuration script deployments
================================================================================
dut              Script:  initial,vlan,stp
x1               Script:  normalize,initial,vlan,stp


The devices under test form a loop in the red VLAN.

The link with the lowest port_priority should be forwarding, all other links
should be blocked.

