13:55:00 INFO Containerlab started version=0.68.0
13:55:00 INFO Parsing & checking topology file=clab.yml
13:55:00 INFO Removing directory path=/work/netlab_cicd/clab-ml_17
13:55:00 INFO Creating docker network name=nl_mgmt_17 IPv4 subnet=192.168.17.0/24 IPv6 subnet="" MTU=0
13:55:00 INFO Creating lab directory path=/work/netlab_cicd/clab-ml_17
13:55:00 INFO Creating container name=x2
13:55:00 INFO Creating container name=dut
13:55:00 INFO Creating container name=x1
13:55:01 INFO Running postdeploy actions for Arista cEOS 'x2' node
13:55:01 INFO Running postdeploy actions for Arista cEOS 'x1' node
13:55:01 INFO Created link: dut:et1 ▪┄┄▪ x1:et1
13:55:01 INFO Created link: dut:et2 ▪┄┄▪ x1:et2
13:55:01 INFO Created link: dut:et3 ▪┄┄▪ x2:et1
13:55:01 INFO Created link: dut:et4 ▪┄┄▪ x2:et2
13:55:01 INFO Running postdeploy actions for Arista cEOS 'dut' node
13:55:22 INFO Adding host entries path=/etc/hosts
13:55:22 INFO Adding SSH config for nodes path=/etc/ssh/ssh_config.d/clab-ml_17.conf
[1m╭[0m[1m────────────────[0m[1m┬[0m[1m──────────────[0m[1m┬[0m[1m─────────[0m[1m┬[0m[1m────────────────[0m[1m╮[0m
[1m│[0m[1m      Name      [0m[1m│[0m[1m  Kind/Image  [0m[1m│[0m[1m  State  [0m[1m│[0m[1m IPv4/6 Address [0m[1m│[0m
[1m├[0m[1m────────────────[0m[1m┼[0m[1m──────────────[0m[1m┼[0m[1m─────────[0m[1m┼[0m[1m────────────────[0m[1m┤[0m
│ clab-ml_17-dut │ ceos         │ running │ 192.168.17.101 │
│                │ ceos:4.33.1F │         │ N/A            │
├────────────────┼──────────────┼─────────┼────────────────┤
│ clab-ml_17-x1  │ ceos         │ running │ 192.168.17.102 │
│                │ ceos:4.33.1F │         │ N/A            │
├────────────────┼──────────────┼─────────┼────────────────┤
│ clab-ml_17-x2  │ ceos         │ running │ 192.168.17.103 │
│                │ ceos:4.33.1F │         │ N/A            │
╰────────────────┴──────────────┴─────────┴────────────────╯
Using transformed lab topology from snapshot file netlab.snapshot.yml
Checking virtualization provider installation
OK: clab installed and working correctly
Starting clab nodes
provider clab: executing sudo -E containerlab deploy --reconfigure -t clab.yml

Initial configuration skipped, run 'netlab initial' to configure the devices
