[CONFIG]  s1: normalize,initial,lag,vlan
[CONFIG]  s2: normalize,initial,lag,vlan
[CONFIG]  x1: normalize,initial,lag,vlan
[CONFIG]  h1: initial,routing,hosts
[CONFIG]  h2: initial,routing,hosts (shared)
[CONFIG]  h3: initial,routing,hosts (shared)
Createdprovider configuration file: clab.yml
Createdpickled transformed topology data into netlab.snapshot.pickle
Created group_vars for all
Created group_vars for modules
Created group_vars for eos
Created host_vars for s1
Created host_vars for s2
Created host_vars for x1
Created group_vars for linux
Created host_vars for h1
Created host_vars for h2
Created host_vars for h3
Createdminimized Ansible inventory hosts.yml
CreatedAnsible configuration file: ansible.cfg
Createdtransformed topology dump in YAML format in netlab.snapshot.yml
