time="2024-12-18T07:32:32Z" level=info msg="Containerlab v0.59.0 started"
time="2024-12-18T07:32:32Z" level=info msg="Parsing & checking topology file: clab.yml"
time="2024-12-18T07:32:32Z" level=info msg="Removing /work/netlab_cicd/clab-ml_17 directory..."
time="2024-12-18T07:32:32Z" level=info msg="Creating docker network: Name=\"nl_mgmt_17\", IPv4Subnet=\"192.168.17.0/24\", IPv6Subnet=\"\", MTU=0"
time="2024-12-18T07:32:32Z" level=info msg="Creating lab directory: /work/netlab_cicd/clab-ml_17"
time="2024-12-18T07:32:32Z" level=info msg="Creating container: \"r2\""
time="2024-12-18T07:32:32Z" level=info msg="Creating container: \"dut\""
time="2024-12-18T07:32:32Z" level=info msg="Creating container: \"srv\""
time="2024-12-18T07:32:32Z" level=info msg="Creating container: \"r1\""
time="2024-12-18T07:32:33Z" level=info msg="Created link: dut:eth1 <--> r1:eth1"
time="2024-12-18T07:32:34Z" level=info msg="Created link: dut:eth2 <--> r2:eth1"
time="2024-12-18T07:32:34Z" level=info msg="Created link: dut:eth3 <--> srv:eth1"
time="2024-12-18T07:32:34Z" level=info msg="Adding containerlab host entries to /etc/hosts file"
time="2024-12-18T07:32:34Z" level=info msg="Adding ssh config for containerlab nodes"
time="2024-12-18T07:32:34Z" level=info msg="🎉 New containerlab version 0.60.1 is available! Release notes: https://containerlab.dev/rn/0.60/#0601\nRun 'containerlab version upgrade' to upgrade or go check other installation options at https://containerlab.dev/install/\n"
+---+----------------+--------------+--------------------------------+-------+---------+-------------------+--------------+
| # |      Name      | Container ID |             Image              | Kind  |  State  |   IPv4 Address    | IPv6 Address |
+---+----------------+--------------+--------------------------------+-------+---------+-------------------+--------------+
| 1 | clab-ml_17-dut | e1a3367a5880 | ghcr.io/sysoleg/vyos-container | linux | running | 192.168.17.101/24 | N/A          |
| 2 | clab-ml_17-r1  | ba3f702fd39e | quay.io/frrouting/frr:10.0.1   | linux | running | 192.168.17.102/24 | N/A          |
| 3 | clab-ml_17-r2  | 8a624aa3cc3f | quay.io/frrouting/frr:10.0.1   | linux | running | 192.168.17.103/24 | N/A          |
| 4 | clab-ml_17-srv | 7901490cb056 | quay.io/frrouting/frr:10.0.1   | linux | running | 192.168.17.104/24 | N/A          |
+---+----------------+--------------+--------------------------------+-------+---------+-------------------+--------------+
Using transformed lab topology from snapshot file netlab.snapshot.yml
Checking virtualization provider installation
OK: clab installed and working correctly
Starting clab nodes
provider clab: executing sudo -E containerlab deploy --reconfigure -t clab.yml

Initial configuration skipped, run 'netlab initial' to configure the devices
