[WARNING]: Could not match supplied host pattern, ignoring: unprovisioned

PLAY [Deploy initial device configuration] *************************************

TASK [Set variables that cannot be set with VARS] ******************************
ok: [h1]
ok: [h2]
ok: [r2]
ok: [r1]

TASK [Find device readiness script] ********************************************
ok: [h1]
ok: [h2]
ok: [r2]
ok: [r1]

TASK [Wait for device to become ready] *****************************************
skipping: [h1]
skipping: [h2]
included: /home/pipi/net101/tools/netsim/ansible/tasks/readiness-check/nxos.yml for r1, r2

TASK [Wait for Eth1/1 to appear] ***********************************************
ok: [r2]
ok: [r1]

TASK [Deploy initial configuration] ********************************************
included: /home/pipi/net101/tools/netsim/ansible/tasks/deploy-module.yml for h1, h2, r1, r2

TASK [Figure out whether to deploy the module initial on current device] *******
ok: [h1]
ok: [h2]
ok: [r1]
ok: [r2]

TASK [Find configuration template for initial] *********************************
ok: [h1]
ok: [h2]
ok: [r1]
ok: [r2]

TASK [Print deployed configuration when running in verbose mode] ***************
ok: [h1] => 
  msg: |-
    initial configuration for h1
    =========================================
    #!/bin/bash
    #
    # This script contains the 'ip' commands needed to set up container
    # interfaces and route table. It's executed within the container
    # network namespace on the container host.
    #
    #  /etc/hosts file is generated as a clab bind.
    #
    set -e
    ### One-Shot configuration (non-Ubuntu VM or container)
    #
    # Disable IPv4 and IPv6 forwarding
    #
    sysctl -w net.ipv4.ip_forward=0
    sysctl -w net.ipv6.conf.all.forwarding=0
    #
    # Interface addressing
    #
    ip link set dev eth1 up
    set +e
    ip addr del 172.16.0.1/24 dev eth1 2>/dev/null
    set -e
    ip addr add 172.16.0.1/24 dev eth1
    ip link set eth1 mtu 1500
    #
    # Add routes to IPv4 address pools pointing to the first neighbor on the first link
    #
    # If you need anything better, use FRR instead of Linux and start routing (or use IPv6)
    #
    # lan prefix: 172.16.0.0/16 local subnet: 172.16.0.0/24
    set +e
    ip route del 172.16.0.0/16 2>/dev/null
    set -e
    ip route add 172.16.0.0/16 via 172.16.0.3
    # loopback prefix: 10.0.0.0/24 local subnet: 172.16.0.0/24
    set +e
    ip route del 10.0.0.0/24 2>/dev/null
    set -e
    ip route add 10.0.0.0/24 via 172.16.0.3
    # mgmt prefix: 192.168.17.0/24 local subnet: 172.16.0.0/24
    # p2p prefix: 10.1.0.0/16 local subnet: 172.16.0.0/24
    set +e
    ip route del 10.1.0.0/16 2>/dev/null
    set -e
    ip route add 10.1.0.0/16 via 172.16.0.3
    # router_id prefix: 10.0.0.0/24 local subnet: 172.16.0.0/24
    # vrf_loopback prefix: 10.2.0.0/24 local subnet: 172.16.0.0/24
    set +e
    ip route del 10.2.0.0/24 2>/dev/null
    set -e
    ip route add 10.2.0.0/24 via 172.16.0.3
    #
    # Print the final routing table
    ip route
ok: [h2] => 
  msg: |-
    initial configuration for h2
    =========================================
    #!/bin/bash
    #
    # This script contains the 'ip' commands needed to set up container
    # interfaces and route table. It's executed within the container
    # network namespace on the container host.
    #
    #  /etc/hosts file is generated as a clab bind.
    #
    set -e
    ### One-Shot configuration (non-Ubuntu VM or container)
    #
    # Disable IPv4 and IPv6 forwarding
    #
    sysctl -w net.ipv4.ip_forward=0
    sysctl -w net.ipv6.conf.all.forwarding=0
    #
    # Interface addressing
    #
    ip link set dev eth1 up
    set +e
    ip addr del 172.16.1.2/24 dev eth1 2>/dev/null
    set -e
    ip addr add 172.16.1.2/24 dev eth1
    ip link set eth1 mtu 1500
    #
    # Add routes to IPv4 address pools pointing to the first neighbor on the first link
    #
    # If you need anything better, use FRR instead of Linux and start routing (or use IPv6)
    #
    # lan prefix: 172.16.0.0/16 local subnet: 172.16.1.0/24
    set +e
    ip route del 172.16.0.0/16 2>/dev/null
    set -e
    ip route add 172.16.0.0/16 via 172.16.1.4
    # loopback prefix: 10.0.0.0/24 local subnet: 172.16.1.0/24
    set +e
    ip route del 10.0.0.0/24 2>/dev/null
    set -e
    ip route add 10.0.0.0/24 via 172.16.1.4
    # mgmt prefix: 192.168.17.0/24 local subnet: 172.16.1.0/24
    # p2p prefix: 10.1.0.0/16 local subnet: 172.16.1.0/24
    set +e
    ip route del 10.1.0.0/16 2>/dev/null
    set -e
    ip route add 10.1.0.0/16 via 172.16.1.4
    # router_id prefix: 10.0.0.0/24 local subnet: 172.16.1.0/24
    # vrf_loopback prefix: 10.2.0.0/24 local subnet: 172.16.1.0/24
    set +e
    ip route del 10.2.0.0/24 2>/dev/null
    set -e
    ip route add 10.2.0.0/24 via 172.16.1.4
    #
    # Print the final routing table
    ip route
ok: [r1] => 
  msg: |-
    initial configuration for r1
    =========================================
    hostname r1
    !
    no ip domain-lookup
    !
    feature lldp
    !
    username vagrant password vagrant
    !
    ip host h1 172.16.0.1
    ip host h2 172.16.1.2
    ip host r2 10.0.0.4
    !
    !
    interface mgmt0
     no lldp transmit
     no lldp receive
    !
    interface loopback0
     no shutdown
     ip address 10.0.0.3/32
    !
    interface Ethernet1/1
     no shutdown
     no switchport
     mac-address 52dc.cafe.0301
     description r1 -> h1 [stub]
     ip address 172.16.0.3/24
    !
    interface Ethernet1/2
     no shutdown
     no switchport
     mac-address 52dc.cafe.0302
     description r1 -> r2
     ip address 10.1.0.1/30
    !
ok: [r2] => 
  msg: |-
    initial configuration for r2
    =========================================
    hostname r2
    !
    no ip domain-lookup
    !
    feature lldp
    !
    username vagrant password vagrant
    !
    ip host h1 172.16.0.1
    ip host h2 172.16.1.2
    ip host r1 10.0.0.3
    !
    !
    interface mgmt0
     no lldp transmit
     no lldp receive
    !
    interface loopback0
     no shutdown
     ip address 10.0.0.4/32
    !
    interface Ethernet1/1
     no shutdown
     no switchport
     mac-address 52dc.cafe.0401
     description r2 -> r1
     ip address 10.1.0.2/30
    !
    interface Ethernet1/2
     no shutdown
     no switchport
     mac-address 52dc.cafe.0402
     description r2 -> h2 [stub]
     ip address 172.16.1.4/24
    !

TASK [Find configuration deployment deploy_script for initial] *****************
ok: [h1]
ok: [h2]
ok: [r1]
ok: [r2]

TASK [Deploy initial configuration] ********************************************
included: /home/pipi/net101/tools/netsim/ansible/tasks/linux/initial-clab.yml for h1, h2
included: /home/pipi/net101/tools/netsim/ansible/tasks/deploy-config/nxos.yml for r1, r2

TASK [set_fact] ****************************************************************
ok: [h1]
ok: [h2]

TASK [Create initial container setup from /home/pipi/net101/tools/netsim/ansible/templates/initial/linux-clab.j2] ***
changed: [h1 -> localhost]
changed: [h2 -> localhost]

TASK [Initial container configuration via /tmp/config-JhxuCdLA-h1.sh] **********
changed: [h1 -> localhost]
changed: [h2 -> localhost]

TASK [file] ********************************************************************
changed: [h2 -> localhost]
changed: [h1 -> localhost]

TASK [nxos_config: deploying initial from /home/pipi/net101/tools/netsim/ansible/templates/initial/nxos.j2] ***
[WARNING]: To ensure idempotency and correct diff the input configuration lines
should be similar to how they appear if present in the running configuration on
device including the indentation
changed: [r2]
changed: [r1]

PLAY [Deploy module-specific configurations] ***********************************

TASK [Set variables that cannot be set with VARS] ******************************
ok: [r1]
ok: [r2]

TASK [Deploy individual configuration modules] *********************************
included: /home/pipi/net101/tools/netsim/ansible/tasks/deploy-module.yml for r1, r2 => (item=eigrp)

TASK [Figure out whether to deploy the module eigrp on current device] *********
ok: [r1]
ok: [r2]

TASK [Find configuration template for eigrp] ***********************************
ok: [r1]
ok: [r2]

TASK [Print deployed configuration when running in verbose mode] ***************
ok: [r2] => 
  msg: |-
    eigrp configuration for r2
    =========================================
    feature eigrp
    !
    router eigrp 2
     router-id 10.0.0.4
    !
    interface loopback0
     ip router eigrp 2
    !
    interface Ethernet1/1
     ip router eigrp 2
    !
    interface Ethernet1/2
     ip router eigrp 2
     ip passive-interface eigrp 2
    !
ok: [r1] => 
  msg: |-
    eigrp configuration for r1
    =========================================
    feature eigrp
    !
    router eigrp 2
     router-id 10.0.0.3
    !
    interface loopback0
     ip router eigrp 2
    !
    interface Ethernet1/1
     ip router eigrp 2
     ip passive-interface eigrp 2
    !
    interface Ethernet1/2
     ip router eigrp 2
    !

TASK [Find configuration deployment deploy_script for eigrp] *******************
ok: [r1]
ok: [r2]

TASK [Deploy eigrp configuration] **********************************************
included: /home/pipi/net101/tools/netsim/ansible/tasks/deploy-config/nxos.yml for r1, r2

TASK [nxos_config: deploying eigrp from /home/pipi/net101/tools/netsim/ansible/templates/eigrp/nxos.j2] ***
changed: [r2]
changed: [r1]

PLAY [Deploy custom deployment templates] **************************************
skipping: no hosts matched

PLAY RECAP *********************************************************************
h1                         : ok=12   changed=3    unreachable=0    failed=0    skipped=1    rescued=0    ignored=0   
h2                         : ok=12   changed=3    unreachable=0    failed=0    skipped=1    rescued=0    ignored=0   
r1                         : ok=19   changed=2    unreachable=0    failed=0    skipped=0    rescued=0    ignored=0   
r2                         : ok=19   changed=2    unreachable=0    failed=0    skipped=0    rescued=0    ignored=0   

