Bringing machine 'd1' up with 'libvirt' provider...
Bringing machine 'd2' up with 'libvirt' provider...
==> d1: Checking if box 'CumulusCommunity/cumulus-vx' version '4.4.5' is up to date...
==> d2: Checking if box 'CumulusCommunity/cumulus-vx' version '4.4.5' is up to date...
==> d1: Creating image (snapshot of base box volume).
==> d1: Creating domain with the following settings...
==> d1:  -- Name:              ml_17_d1
==> d1:  -- Description:       Source: /work/netlab_cicd/Vagrantfile
==> d1:  -- Domain type:       kvm
==> d1:  -- Cpus:              2
==> d1:  -- Feature:           acpi
==> d1:  -- Feature:           apic
==> d1:  -- Feature:           pae
==> d1:  -- Clock offset:      utc
==> d1:  -- Memory:            1024M
==> d1:  -- Management MAC:    08:4f:a9:00:00:01
==> d1:  -- Base box:          CumulusCommunity/cumulus-vx
==> d1:  -- Storage pool:      default
==> d1:  -- Image(vda):        /var/lib/libvirt/images/ml_17_d1.img, virtio, 6G
==> d1:  -- Disk driver opts:  cache='default'
==> d1:  -- Graphics Type:     vnc
==> d1:  -- Video Type:        cirrus
==> d1:  -- Video VRAM:        16384
==> d1:  -- Video 3D accel:    false
==> d1:  -- Keymap:            en-us
==> d1:  -- TPM Backend:       passthrough
==> d1:  -- INPUT:             type=mouse, bus=ps2
==> d1: Creating shared folders metadata...
==> d1: Starting domain.
==> d1: Domain launching with graphics connection settings...
==> d2: Creating image (snapshot of base box volume).
==> d1:  -- Graphics Port:      5900
==> d2: Creating domain with the following settings...
==> d1:  -- Graphics IP:        127.0.0.1
==> d2:  -- Name:              ml_17_d2
==> d1:  -- Graphics Password:  Not defined
==> d2:  -- Description:       Source: /work/netlab_cicd/Vagrantfile
==> d1:  -- Graphics Websocket: 5700
==> d2:  -- Domain type:       kvm
==> d1: Waiting for domain to get an IP address...
==> d2:  -- Cpus:              2
==> d2:  -- Feature:           acpi
==> d2:  -- Feature:           apic
==> d2:  -- Feature:           pae
==> d2:  -- Clock offset:      utc
==> d2:  -- Memory:            1024M
==> d2:  -- Management MAC:    08:4f:a9:00:00:02
==> d2:  -- Base box:          CumulusCommunity/cumulus-vx
==> d2:  -- Storage pool:      default
==> d2:  -- Image(vda):        /var/lib/libvirt/images/ml_17_d2.img, virtio, 6G
==> d2:  -- Disk driver opts:  cache='default'
==> d2:  -- Graphics Type:     vnc
==> d2:  -- Video Type:        cirrus
==> d2:  -- Video VRAM:        16384
==> d2:  -- Video 3D accel:    false
==> d2:  -- Keymap:            en-us
==> d2:  -- TPM Backend:       passthrough
==> d2:  -- INPUT:             type=mouse, bus=ps2
==> d2: Creating shared folders metadata...
==> d2: Starting domain.
==> d2: Domain launching with graphics connection settings...
==> d2:  -- Graphics Port:      5901
==> d2:  -- Graphics IP:        127.0.0.1
==> d2:  -- Graphics Password:  Not defined
==> d2:  -- Graphics Websocket: 5701
==> d2: Waiting for domain to get an IP address...
==> d1: Waiting for machine to boot. This may take a few minutes...
    d1: SSH address: 192.168.17.101:22
    d1: SSH username: vagrant
    d1: SSH auth method: private key
    d1: 
    d1: Vagrant insecure key detected. Vagrant will automatically replace
    d1: this with a newly generated keypair for better security.
    d2: SSH address: 192.168.17.102:22
    d2: SSH username: vagrant
    d2: SSH auth method: private key
==> d2: Waiting for machine to boot. This may take a few minutes...
    d2: 
    d2: Vagrant insecure key detected. Vagrant will automatically replace
    d2: this with a newly generated keypair for better security.
    d1: 
    d1: Inserting generated public key within guest...
    d1: Removing insecure key from the guest if it's present...
    d2: 
    d2: Inserting generated public key within guest...
    d1: Key inserted! Disconnecting and reconnecting using new SSH key...
    d2: Removing insecure key from the guest if it's present...
==> d1: Machine booted and ready!
    d2: Key inserted! Disconnecting and reconnecting using new SSH key...
==> d2: Machine booted and ready!
Using transformed lab topology from snapshot file netlab.snapshot.yml
Checking virtualization provider installation
OK: libvirt installed and working correctly
OK: clab installed and working correctly
Starting libvirt nodes
creating libvirt management network nl_mgmt_17
provider libvirt: executing vagrant up --provider libvirt
Starting clab nodes
Recreating clab-augment.yml configuration file for clab provider
time="2024-10-06T06:16:34Z" level=info msg="Containerlab v0.54.2 started"
time="2024-10-06T06:16:34Z" level=info msg="Parsing & checking topology file: clab-augment.yml"
time="2024-10-06T06:16:34Z" level=info msg="Creating docker network: Name=\"nl_mgmt_17\", IPv4Subnet=\"192.168.17.0/24\", IPv6Subnet=\"\", MTU=1500"
time="2024-10-06T06:16:35Z" level=info msg="Creating lab directory: /work/netlab_cicd/clab-ml_17"
time="2024-10-06T06:16:35Z" level=info msg="Creating container: \"h2\""
time="2024-10-06T06:16:35Z" level=info msg="Creating container: \"r2\""
time="2024-10-06T06:16:35Z" level=info msg="Creating container: \"h3\""
time="2024-10-06T06:16:35Z" level=info msg="Creating container: \"r1\""
time="2024-10-06T06:16:35Z" level=info msg="Creating container: \"h1\""
time="2024-10-06T06:16:35Z" level=info msg="Created link: h1:eth1 <--> virbr2:ml_17_5_1"
time="2024-10-06T06:16:35Z" level=info msg="Created link: h2:eth1 <--> virbr5:ml_17_6_1"
time="2024-10-06T06:16:36Z" level=info msg="Created link: h3:eth1 <--> ml_17_3:ml_17_7_1"
time="2024-10-06T06:16:36Z" level=info msg="Created link: r1:eth1 <--> virbr1:ml_17_3_1"
time="2024-10-06T06:16:36Z" level=info msg="Created link: r2:eth1 <--> virbr4:ml_17_4_1"
time="2024-10-06T06:16:36Z" level=info msg="Created link: r1:eth2 <--> ml_17_3:ml_17_3_2"
time="2024-10-06T06:16:36Z" level=info msg="Created link: r2:eth2 <--> ml_17_3:ml_17_4_2"
time="2024-10-06T06:16:36Z" level=info msg="Adding containerlab host entries to /etc/hosts file"
time="2024-10-06T06:16:36Z" level=info msg="Adding ssh config for containerlab nodes"
time="2024-10-06T06:16:36Z" level=info msg="🎉 New containerlab version 0.57.5 is available! Release notes: https://containerlab.dev/rn/0.57/#0575\nRun 'containerlab version upgrade' to upgrade or go check other installation options at https://containerlab.dev/install/\n"
+---+---------------+--------------+------------------------------+-------+---------+-------------------+--------------+
| # |     Name      | Container ID |            Image             | Kind  |  State  |   IPv4 Address    | IPv6 Address |
+---+---------------+--------------+------------------------------+-------+---------+-------------------+--------------+
| 1 | clab-ml_17-h1 | 37c3f00e61eb | python:3.9-alpine            | linux | running | 192.168.17.105/24 | N/A          |
| 2 | clab-ml_17-h2 | f2f94e61ea66 | python:3.9-alpine            | linux | running | 192.168.17.106/24 | N/A          |
| 3 | clab-ml_17-h3 | 4f87a4d3a1ab | python:3.9-alpine            | linux | running | 192.168.17.107/24 | N/A          |
| 4 | clab-ml_17-r1 | 315de11e0deb | quay.io/frrouting/frr:10.0.1 | linux | running | 192.168.17.103/24 | N/A          |
| 5 | clab-ml_17-r2 | a3be8e6a0c5a | quay.io/frrouting/frr:10.0.1 | linux | running | 192.168.17.104/24 | N/A          |
+---+---------------+--------------+------------------------------+-------+---------+-------------------+--------------+
Createdprovider configuration file: clab-augment.yml
Mapped clab_files/h1/hosts to h1:/etc/hosts (from templates/provider/clab/linux/hosts.j2)
Mapped clab_files/h2/hosts to h2:/etc/hosts (from templates/provider/clab/linux/hosts.j2)
Mapped clab_files/h3/hosts to h3:/etc/hosts (from templates/provider/clab/linux/hosts.j2)
Mapped clab_files/r1/daemons to r1:/etc/frr/daemons (from templates/provider/clab/frr/daemons.j2)
Mapped clab_files/r1/hosts to r1:/etc/hosts (from templates/provider/clab/frr/hosts.j2)
Mapped clab_files/r2/daemons to r2:/etc/frr/daemons (from templates/provider/clab/frr/daemons.j2)
Mapped clab_files/r2/hosts to r2:/etc/hosts (from templates/provider/clab/frr/hosts.j2)
provider clab: executing sudo -E containerlab deploy -t clab-augment.yml

Initial configuration skipped, run 'netlab initial' to configure the devices
