[WARNING]: Invalid characters were found in group names but not replaced, use
-vvvv to see details
[WARNING]: Could not match supplied host pattern, ignoring: unprovisioned

PLAY [Deploy initial device configuration] *************************************

TASK [Set variables that cannot be set with VARS] ******************************
ok: [h1]
ok: [h2]
ok: [h3]
ok: [h4]
ok: [dut]

TASK [Find device readiness script] ********************************************
ok: [h1]
ok: [h2]
ok: [h3]
ok: [h4]
ok: [dut]

TASK [Wait for device to become ready] *****************************************
skipping: [h1]
skipping: [h2]
skipping: [h3]
skipping: [h4]
included: /home/pipi/net101/tools/netsim/ansible/tasks/readiness-check/vjunos-switch-clab.yml for dut

TASK [Wait for SSH server] *****************************************************
included: /home/pipi/net101/tools/netsim/ansible/tasks/readiness-check/vm-clab-ssh-check.yml for dut

TASK [Check if 'sshpass' is installed] *****************************************
ok: [dut -> localhost]

TASK [Check for 'timeout' command] *********************************************
ok: [dut -> localhost]

TASK [Execute local ssh command to check vjunos-switch readiness] **************
FAILED - RETRYING: [dut -> localhost]: Execute local ssh command to check vjunos-switch readiness (40 retries left).
FAILED - RETRYING: [dut -> localhost]: Execute local ssh command to check vjunos-switch readiness (39 retries left).
FAILED - RETRYING: [dut -> localhost]: Execute local ssh command to check vjunos-switch readiness (38 retries left).
FAILED - RETRYING: [dut -> localhost]: Execute local ssh command to check vjunos-switch readiness (37 retries left).
FAILED - RETRYING: [dut -> localhost]: Execute local ssh command to check vjunos-switch readiness (36 retries left).
ok: [dut -> localhost]

TASK [Confirm dut SSH server works] ********************************************
ok: [dut] => 
  msg: Node dut is ready.

TASK [Wait for ge-0/0/0 interface] *********************************************
included: /home/pipi/net101/tools/netsim/ansible/tasks/readiness-check/vjunos-switch.yml for dut

TASK [Wait for ge-0/0/0 to appear] *********************************************
ok: [dut]

TASK [Normalize config on bridge-like devices] *********************************
included: /home/pipi/net101/tools/netsim/ansible/tasks/deploy-module.yml for h1, h2, h3, h4, dut

TASK [Figure out whether to deploy the module normalize on current device] *****
ok: [h1]
ok: [h2]
ok: [h3]
ok: [h4]
ok: [dut]

TASK [Find configuration template for normalize] *******************************
ok: [h1]
ok: [h2]
ok: [h3]
ok: [h4]
ok: [dut]

TASK [fail] ********************************************************************
skipping: [h1]
skipping: [h2]
skipping: [h3]
skipping: [h4]
skipping: [dut]

TASK [Print deployed configuration when running in verbose mode] ***************
skipping: [h1]
skipping: [h2]
skipping: [h3]
skipping: [h4]
skipping: [dut]

TASK [Find configuration deployment deploy_script for normalize] ***************
skipping: [h1]
skipping: [h2]
skipping: [h3]
skipping: [h4]
skipping: [dut]

TASK [Deploy normalize configuration] ******************************************
skipping: [h1]
skipping: [h2]
skipping: [h3]
skipping: [h4]
skipping: [dut]

TASK [Deploy initial configuration] ********************************************
included: /home/pipi/net101/tools/netsim/ansible/tasks/deploy-module.yml for h1, h2, h3, h4, dut

TASK [Figure out whether to deploy the module initial on current device] *******
ok: [h1]
ok: [h2]
ok: [h3]
ok: [h4]
ok: [dut]

TASK [Find configuration template for initial] *********************************
ok: [h1]
ok: [h2]
ok: [h3]
ok: [h4]
ok: [dut]

TASK [fail] ********************************************************************
skipping: [h1]
skipping: [h2]
skipping: [h3]
skipping: [h4]
skipping: [dut]

TASK [Print deployed configuration when running in verbose mode] ***************
ok: [h1] => 
  msg: |-
    initial configuration for h1
    =========================================
    #!/bin/bash
    #
    # This script contains the 'ip' commands needed to set up container
    # interfaces and route table. It's executed within the container
    # network namespace on the container host.
    #
    #  /etc/hosts file is generated as a clab bind.
    #
    set -e
  
    ### One-Shot configuration (non-Ubuntu VM or container)
    #
    # Disable IPv4 and IPv6 forwarding
    #
    sysctl -w net.ipv4.ip_forward=0
    sysctl -w net.ipv6.conf.all.forwarding=0
    #
    # Interface addressing, create any bond devices
    #
    ip link set dev eth1 up
    set +e
    ip addr del 172.16.0.1/24 dev eth1 2>/dev/null
    set -e
    ip addr add 172.16.0.1/24 dev eth1
    ip link set dev eth1 mtu 1500
    #
    # Add static routes (usually IPv4 routes pointing to the first usable gateway)
    #
    echo Removing existing IPv4 routes
    while ip route del 172.16.0.0/16 2>/dev/null; do
      : ; done
    while ip route del 10.0.0.0/24 2>/dev/null; do
      : ; done
    while ip route del 10.1.0.0/16 2>/dev/null; do
      : ; done
    while ip route del 10.2.0.0/24 2>/dev/null; do
      : ; done
    #
    #
    echo Adding direct static routes
    ip route add 172.16.0.0/16 via 172.16.0.5 dev eth1 protocol static
    ip route add 10.0.0.0/24 via 172.16.0.5 dev eth1 protocol static
    ip route add 10.1.0.0/16 via 172.16.0.5 dev eth1 protocol static
    ip route add 10.2.0.0/24 via 172.16.0.5 dev eth1 protocol static
    #
    # Print the final routing table
    ip route
ok: [h3] => 
  msg: |-
    initial configuration for h3
    =========================================
    #!/bin/bash
    #
    # This script contains the 'ip' commands needed to set up container
    # interfaces and route table. It's executed within the container
    # network namespace on the container host.
    #
    #  /etc/hosts file is generated as a clab bind.
    #
    set -e
  
    ### One-Shot configuration (non-Ubuntu VM or container)
    #
    # Disable IPv4 and IPv6 forwarding
    #
    sysctl -w net.ipv4.ip_forward=0
    sysctl -w net.ipv6.conf.all.forwarding=0
    #
    # Interface addressing, create any bond devices
    #
    ip link set dev eth1 up
    set +e
    ip addr del 172.16.2.3/24 dev eth1 2>/dev/null
    set -e
    ip addr add 172.16.2.3/24 dev eth1
    ip link set dev eth1 mtu 1500
    #
    # Add static routes (usually IPv4 routes pointing to the first usable gateway)
    #
    echo Removing existing IPv4 routes
    while ip route del 172.16.0.0/16 2>/dev/null; do
      : ; done
    while ip route del 10.0.0.0/24 2>/dev/null; do
      : ; done
    while ip route del 10.1.0.0/16 2>/dev/null; do
      : ; done
    while ip route del 10.2.0.0/24 2>/dev/null; do
      : ; done
    #
    #
    echo Adding direct static routes
    ip route add 172.16.0.0/16 via 172.16.2.5 dev eth1 protocol static
    ip route add 10.0.0.0/24 via 172.16.2.5 dev eth1 protocol static
    ip route add 10.1.0.0/16 via 172.16.2.5 dev eth1 protocol static
    ip route add 10.2.0.0/24 via 172.16.2.5 dev eth1 protocol static
    #
    # Print the final routing table
    ip route
ok: [h2] => 
  msg: |-
    initial configuration for h2
    =========================================
    #!/bin/bash
    #
    # This script contains the 'ip' commands needed to set up container
    # interfaces and route table. It's executed within the container
    # network namespace on the container host.
    #
    #  /etc/hosts file is generated as a clab bind.
    #
    set -e
  
    ### One-Shot configuration (non-Ubuntu VM or container)
    #
    # Disable IPv4 and IPv6 forwarding
    #
    sysctl -w net.ipv4.ip_forward=0
    sysctl -w net.ipv6.conf.all.forwarding=0
    #
    # Interface addressing, create any bond devices
    #
    ip link set dev eth1 up
    set +e
    ip addr del 172.16.1.2/24 dev eth1 2>/dev/null
    set -e
    ip addr add 172.16.1.2/24 dev eth1
    ip link set dev eth1 mtu 1500
    #
    # Add static routes (usually IPv4 routes pointing to the first usable gateway)
    #
    echo Removing existing IPv4 routes
    while ip route del 172.16.0.0/16 2>/dev/null; do
      : ; done
    while ip route del 10.0.0.0/24 2>/dev/null; do
      : ; done
    while ip route del 10.1.0.0/16 2>/dev/null; do
      : ; done
    while ip route del 10.2.0.0/24 2>/dev/null; do
      : ; done
    #
    #
    echo Adding direct static routes
    ip route add 172.16.0.0/16 via 172.16.1.5 dev eth1 protocol static
    ip route add 10.0.0.0/24 via 172.16.1.5 dev eth1 protocol static
    ip route add 10.1.0.0/16 via 172.16.1.5 dev eth1 protocol static
    ip route add 10.2.0.0/24 via 172.16.1.5 dev eth1 protocol static
    #
    # Print the final routing table
    ip route
ok: [h4] => 
  msg: |-
    initial configuration for h4
    =========================================
    #!/bin/bash
    #
    # This script contains the 'ip' commands needed to set up container
    # interfaces and route table. It's executed within the container
    # network namespace on the container host.
    #
    #  /etc/hosts file is generated as a clab bind.
    #
    set -e
  
    ### One-Shot configuration (non-Ubuntu VM or container)
    #
    # Disable IPv4 and IPv6 forwarding
    #
    sysctl -w net.ipv4.ip_forward=0
    sysctl -w net.ipv6.conf.all.forwarding=0
    #
    # Interface addressing, create any bond devices
    #
    ip link set dev eth1 up
    set +e
    ip addr del 172.16.3.4/24 dev eth1 2>/dev/null
    set -e
    ip addr add 172.16.3.4/24 dev eth1
    ip link set dev eth1 mtu 1500
    #
    # Add static routes (usually IPv4 routes pointing to the first usable gateway)
    #
    echo Removing existing IPv4 routes
    while ip route del 172.16.0.0/16 2>/dev/null; do
      : ; done
    while ip route del 10.0.0.0/24 2>/dev/null; do
      : ; done
    while ip route del 10.1.0.0/16 2>/dev/null; do
      : ; done
    while ip route del 10.2.0.0/24 2>/dev/null; do
      : ; done
    #
    #
    echo Adding direct static routes
    ip route add 172.16.0.0/16 via 172.16.3.5 dev eth1 protocol static
    ip route add 10.0.0.0/24 via 172.16.3.5 dev eth1 protocol static
    ip route add 10.1.0.0/16 via 172.16.3.5 dev eth1 protocol static
    ip route add 10.2.0.0/24 via 172.16.3.5 dev eth1 protocol static
    #
    # Print the final routing table
    ip route
ok: [dut] => 
  msg: |-
    initial configuration for dut
    =========================================
    system {
      host-name dut;
      static-host-mapping {
        h1 inet 172.16.0.1;
        h2 inet 172.16.1.2;
        h3 inet 172.16.2.3;
        h4 inet 172.16.3.4;
      }
    }
  
  
  
  
  
  
  
  
    policy-options {
      community tg_65000_2 members target:65000:2;
      community tg_65000_1 members target:65000:1;
    }
  
  
  
    policy-options {
      policy-statement vrf-blue-export {
        term 1 {
          then {
            community add tg_65000_2;
            accept;
          }
        }
      }
  
  
  
      policy-statement vrf-blue-import {
        term 1 {
          from community [ tg_65000_2 ];
          then accept;
        }
        term default {
          then reject;
        }
      }
      policy-statement vrf-red-export {
        term 1 {
          then {
            community add tg_65000_1;
            accept;
          }
        }
      }
  
  
  
      policy-statement vrf-red-import {
        term 1 {
          from community [ tg_65000_1 ];
          then accept;
        }
        term default {
          then reject;
        }
      }
    }
  
    routing-instances {
  
      blue {
        instance-type vrf;
        route-distinguisher 65000:2;
  
        vrf-import vrf-blue-import;
        vrf-export vrf-blue-export;
  
        routing-options {
          auto-export;
        }
  
        interface ge-0/0/2.0;
        interface ge-0/0/3.0;
        interface lo0.2;
  
      }
  
  
      red {
        instance-type vrf;
        route-distinguisher 65000:1;
  
        vrf-import vrf-red-import;
        vrf-export vrf-red-export;
  
        routing-options {
          auto-export;
        }
  
        interface ge-0/0/0.0;
        interface ge-0/0/1.0;
        interface lo0.1;
  
      }
  
    }
    interfaces {
      ge-0/0/0 {
        mtu 1514;
      }
      ge-0/0/1 {
        mtu 1514;
      }
      ge-0/0/2 {
        mtu 1514;
      }
      ge-0/0/3 {
        mtu 1514;
      }
  
      lo0.0 {
  
          family inet {
            address 10.0.0.5/32;
          }
  
      }
      ge-0/0/0.0 {
        description "dut -> h1 [stub]";
  
          family inet {
            address 172.16.0.5/24;
          }
  
      }
      ge-0/0/1.0 {
        description "dut -> h2 [stub]";
  
          family inet {
            address 172.16.1.5/24;
          }
  
      }
      ge-0/0/2.0 {
        description "dut -> h3 [stub]";
  
          family inet {
            address 172.16.2.5/24;
          }
  
      }
      ge-0/0/3.0 {
        description "dut -> h4 [stub]";
  
          family inet {
            address 172.16.3.5/24;
          }
  
      }
      lo0.1 {
        description "VRF Loopback red";
  
          family inet {
            address 10.0.0.42/32;
          }
  
      }
      lo0.2 {
        description "VRF Loopback blue";
  
          family inet {
            address 10.0.0.43/32;
          }
  
      }
    }
    protocols {
      lldp {
        interface fxp0 {
          disable;
        }
        interface all;
      }
    }

TASK [Find configuration deployment deploy_script for initial] *****************
ok: [h1]
ok: [h3]
ok: [h2]
ok: [h4]
ok: [dut]

TASK [Deploy initial configuration] ********************************************
included: /home/pipi/net101/tools/netsim/ansible/tasks/deploy-config/linux-clab.yml for h1, h2, h3, h4
included: /home/pipi/net101/tools/netsim/ansible/tasks/deploy-config/junos.yml for dut

TASK [Define script filename and determine whether to execute in netns] ********
ok: [h1]
ok: [h2]
ok: [h3]
ok: [h4]

TASK [Create a temporary file for the rendered script] *************************
changed: [h1 -> localhost]
changed: [h4 -> localhost]
changed: [h2 -> localhost]
changed: [h3 -> localhost]

TASK [Create container setup script from /home/pipi/net101/tools/netsim/ansible/templates/initial/linux-clab.j2] ***
changed: [h2 -> localhost]
changed: [h3 -> localhost]
changed: [h4 -> localhost]
changed: [h1 -> localhost]

TASK [Copy script into running container at /tmp/config-h1_initial.sh] *********
skipping: [h1]
skipping: [h2]
skipping: [h3]
skipping: [h4]

TASK [Execute /tmp/config-h1_initial.sh to deploy initial config based on /home/pipi/net101/tools/netsim/ansible/templates/initial/linux-clab.j2] ***
skipping: [h1]
skipping: [h2]
skipping: [h3]
skipping: [h4]

TASK [Container configuration for initial based on /home/pipi/net101/tools/netsim/ansible/templates/initial/linux-clab.j2 executed in netns] ***
changed: [h1 -> localhost]
changed: [h2 -> localhost]
changed: [h3 -> localhost]
changed: [h4 -> localhost]

TASK [Remove temporary file /tmp/h1_initial-esdoih7o.sh] ***********************
changed: [h1 -> localhost]
changed: [h3 -> localhost]
changed: [h2 -> localhost]
changed: [h4 -> localhost]

TASK [junos_config: deploying initial from /home/pipi/net101/tools/netsim/ansible/templates/initial/junos.j2] ***
changed: [dut]

PLAY [Deploy module-specific configurations] ***********************************

TASK [Set variables that cannot be set with VARS] ******************************
ok: [dut]

TASK [Deploy individual configuration modules] *********************************
included: /home/pipi/net101/tools/netsim/ansible/tasks/deploy-module.yml for dut => (item=vrf)

TASK [Figure out whether to deploy the module vrf on current device] ***********
ok: [dut]

TASK [Find configuration template for vrf] *************************************
ok: [dut]

TASK [fail] ********************************************************************
skipping: [dut]

TASK [Print deployed configuration when running in verbose mode] ***************
ok: [dut] => 
  msg: |-
    vrf configuration for dut
    =========================================

TASK [Find configuration deployment deploy_script for vrf] *********************
ok: [dut]

TASK [Deploy vrf configuration] ************************************************
included: /home/pipi/net101/tools/netsim/ansible/tasks/deploy-config/junos.yml for dut

TASK [junos_config: deploying vrf from /home/pipi/net101/tools/netsim/ansible/templates/vrf/junos.j2] ***
ok: [dut]

PLAY [Deploy custom deployment templates] **************************************
skipping: no hosts matched

PLAY RECAP *********************************************************************
dut                        : ok=28   changed=1    unreachable=0    failed=0    skipped=6    rescued=0    ignored=0   
h1                         : ok=16   changed=4    unreachable=0    failed=0    skipped=8    rescued=0    ignored=0   
h2                         : ok=16   changed=4    unreachable=0    failed=0    skipped=8    rescued=0    ignored=0   
h3                         : ok=16   changed=4    unreachable=0    failed=0    skipped=8    rescued=0    ignored=0   
h4                         : ok=16   changed=4    unreachable=0    failed=0    skipped=8    rescued=0    ignored=0   



The device under test has two VRFs with two interfaces in each VRF.
Each VRF has a loopback interface.

* h1 and h2 should be able to ping each other and the VRF loopback interface
* h3 and h4 should be able to ping each other and the VRF loopback interface
* h1 should not be able to reach h3

