[WARNING]: Could not match supplied host pattern, ignoring: unprovisioned

PLAY [Deploy initial device configuration] *************************************

TASK [Set variables that cannot be set with VARS] ******************************
ok: [s1]
ok: [s2]
ok: [r1]
ok: [h1]
ok: [h2]

TASK [Find device readiness script] ********************************************
ok: [s1]
ok: [s2]
ok: [r1]
ok: [h1]
ok: [h2]

TASK [Wait for device to become ready] *****************************************
skipping: [s1]
skipping: [s2]
skipping: [r1]
skipping: [h1]
skipping: [h2]

TASK [Normalize config on bridge-like devices] *********************************
included: /home/pipi/net101/tools/netsim/ansible/tasks/deploy-module.yml for s1, s2, r1, h1, h2

TASK [Figure out whether to deploy the module normalize on current device] *****
ok: [s1]
ok: [s2]
ok: [r1]
ok: [h1]
ok: [h2]

TASK [Find configuration template for normalize] *******************************
ok: [s1]
ok: [s2]
ok: [r1]
ok: [h2]
ok: [h1]

TASK [fail] ********************************************************************
skipping: [s1]
skipping: [s2]
skipping: [r1]
skipping: [h1]
skipping: [h2]

TASK [Print deployed configuration when running in verbose mode] ***************
skipping: [s1]
skipping: [s2]
skipping: [r1]
skipping: [h1]
skipping: [h2]

TASK [Find configuration deployment deploy_script for normalize] ***************
skipping: [s1]
skipping: [s2]
skipping: [r1]
skipping: [h1]
skipping: [h2]

TASK [Deploy normalize configuration] ******************************************
skipping: [s1]
skipping: [s2]
skipping: [r1]
skipping: [h1]
skipping: [h2]

TASK [Deploy initial configuration] ********************************************
included: /home/pipi/net101/tools/netsim/ansible/tasks/deploy-module.yml for s1, s2, r1, h1, h2

TASK [Figure out whether to deploy the module initial on current device] *******
ok: [s1]
ok: [s2]
ok: [r1]
ok: [h1]
ok: [h2]

TASK [Find configuration template for initial] *********************************
ok: [s1]
ok: [s2]
ok: [r1]
ok: [h1]
ok: [h2]

TASK [fail] ********************************************************************
skipping: [s1]
skipping: [s2]
skipping: [r1]
skipping: [h1]
skipping: [h2]

TASK [Print deployed configuration when running in verbose mode] ***************
ok: [h1] => 
  msg: |-
    initial configuration for h1
    =========================================
    #!/bin/bash
    #
    # This script contains the 'ip' commands needed to set up container
    # interfaces and route table. It's executed within the container
    # network namespace on the container host.
    #
    #  /etc/hosts file is generated as a clab bind.
    #
    set -e
  
    ### One-Shot configuration (non-Ubuntu VM or container)
    #
    # Disable IPv4 and IPv6 forwarding
    #
    sysctl -w net.ipv4.ip_forward=0
    sysctl -w net.ipv6.conf.all.forwarding=0
    #
    # Interface addressing, create any bond devices
    #
    ip link set dev eth1 up
    set +e
    ip addr del 172.16.0.1/24 dev eth1 2>/dev/null
    set -e
    ip addr add 172.16.0.1/24 dev eth1
    ip link set dev eth1 mtu 1500
    #
    # Add static routes (usually IPv4 routes pointing to the first usable gateway)
    #
    echo Removing existing IPv4 routes
    while ip route del 172.16.0.0/16 2>/dev/null; do
      : ; done
    while ip route del 10.0.0.0/24 2>/dev/null; do
      : ; done
    while ip route del 10.1.0.0/16 2>/dev/null; do
      : ; done
    while ip route del 10.2.0.0/24 2>/dev/null; do
      : ; done
    #
    #
    echo Adding direct static routes
    ip route add 172.16.0.0/16 via 172.16.0.5 dev eth1 protocol static
    ip route add 10.0.0.0/24 via 172.16.0.5 dev eth1 protocol static
    ip route add 10.1.0.0/16 via 172.16.0.5 dev eth1 protocol static
    ip route add 10.2.0.0/24 via 172.16.0.5 dev eth1 protocol static
    #
    # Print the final routing table
    ip route
ok: [s1] => 
  msg: |-
    initial configuration for s1
    =========================================
  
    - set:
        system:
          hostname: s1
          config:
            snippet:
              system-mtu:
                file: /etc/network/ifupdown2/policy.d/mtu.json
                content: |
                  { "address": { "defaults": { "mtu": "1500" } } }
        interface:
          eth0:
            ip:
              vrf: mgmt
              address:
                dhcp: {}
            type: eth
          swp1:
            type: swp
            link:
              state:
                up : {}
            description: "s1 -> s2"
            ip:
              ipv6:
                enable: off
  
          swp2:
            type: swp
            link:
              state:
                up : {}
            description: "[Access VLAN red] s1 -> h1"
            ip:
              ipv6:
                enable: off
  
          swp3:
            type: swp
            link:
              state:
                up : {}
            description: "[Access VLAN blue] s1 -> h2"
            ip:
              ipv6:
                enable: off
  
          vlan700:
            type: svi
            link:
              state:
                up : {}
            description: "VLAN red (700) -> [h1,s2,r1]"
            ip:
              ipv6:
                enable: off
  
          vlan701:
            type: svi
            link:
              state:
                up : {}
            description: "VLAN blue (701) -> [h2,s2,r1]"
            ip:
              ipv6:
                enable: off
  
  
    - set:
        interface:
          lo:
            type: loopback
            ip:
              address:
                10.0.0.3/32: {}
              ipv6:
                enable: off
ok: [s2] => 
  msg: |-
    initial configuration for s2
    =========================================
  
    - set:
        system:
          hostname: s2
          config:
            snippet:
              system-mtu:
                file: /etc/network/ifupdown2/policy.d/mtu.json
                content: |
                  { "address": { "defaults": { "mtu": "1500" } } }
        interface:
          eth0:
            ip:
              vrf: mgmt
              address:
                dhcp: {}
            type: eth
          swp1:
            type: swp
            link:
              state:
                up : {}
            description: "s2 -> s1"
            ip:
              ipv6:
                enable: off
  
          swp2:
            type: swp
            link:
              state:
                up : {}
            description: "[Access VLAN red] s2 -> r1"
            ip:
              ipv6:
                enable: off
  
          swp3:
            type: swp
            link:
              state:
                up : {}
            description: "[Access VLAN blue] s2 -> r1"
            ip:
              ipv6:
                enable: off
  
          vlan700:
            type: svi
            link:
              state:
                up : {}
            description: "VLAN red (700) -> [h1,s1,r1]"
            ip:
              ipv6:
                enable: off
  
          vlan701:
            type: svi
            link:
              state:
                up : {}
            description: "VLAN blue (701) -> [h2,s1,r1]"
            ip:
              ipv6:
                enable: off
  
  
    - set:
        interface:
          lo:
            type: loopback
            ip:
              address:
                10.0.0.4/32: {}
              ipv6:
                enable: off
ok: [h2] => 
  msg: |-
    initial configuration for h2
    =========================================
    #!/bin/bash
    #
    # This script contains the 'ip' commands needed to set up container
    # interfaces and route table. It's executed within the container
    # network namespace on the container host.
    #
    #  /etc/hosts file is generated as a clab bind.
    #
    set -e
  
    ### One-Shot configuration (non-Ubuntu VM or container)
    #
    # Disable IPv4 and IPv6 forwarding
    #
    sysctl -w net.ipv4.ip_forward=0
    sysctl -w net.ipv6.conf.all.forwarding=0
    #
    # Interface addressing, create any bond devices
    #
    ip link set dev eth1 up
    set +e
    ip addr del 172.16.1.2/24 dev eth1 2>/dev/null
    set -e
    ip addr add 172.16.1.2/24 dev eth1
    ip link set dev eth1 mtu 1500
    #
    # Add static routes (usually IPv4 routes pointing to the first usable gateway)
    #
    echo Removing existing IPv4 routes
    while ip route del 172.16.0.0/16 2>/dev/null; do
      : ; done
    while ip route del 10.0.0.0/24 2>/dev/null; do
      : ; done
    while ip route del 10.1.0.0/16 2>/dev/null; do
      : ; done
    while ip route del 10.2.0.0/24 2>/dev/null; do
      : ; done
    #
    #
    echo Adding direct static routes
    ip route add 172.16.0.0/16 via 172.16.1.5 dev eth1 protocol static
    ip route add 10.0.0.0/24 via 172.16.1.5 dev eth1 protocol static
    ip route add 10.1.0.0/16 via 172.16.1.5 dev eth1 protocol static
    ip route add 10.2.0.0/24 via 172.16.1.5 dev eth1 protocol static
    #
    # Print the final routing table
    ip route
ok: [r1] => 
  msg: |-
    initial configuration for r1
    =========================================
    #!/bin/bash
    #
    set -e
    set -x
    #
    # Create bash profile script
    #
    cat <<SCRIPT >/root/.bash_profile
    #!/bin/bash
    #
    export PS1="\h(bash)# "
    echo
    echo "Use vtysh to connect to FRR daemon"
    echo
    SCRIPT
    #
    # Get the current next hop for the default route
    #
    def_nh=$(ip route list default|awk '{ print $3 }')
    #
    # Create the management VRF and add eth0 to it
    #
    if [ ! -e /sys/devices/virtual/net/mgmt ]; then
      ip link add mgmt type vrf table 42
    fi
    ip link set mgmt up
    sysctl -qw net.ipv6.conf.eth0.keep_addr_on_down=1
    ip link set eth0 master mgmt
    #
    # Reinstall the default route if we had it before
    #
    if [[ -n "$def_nh" ]]; then
      ip route add 0.0.0.0/0 vrf mgmt via $def_nh
    fi
    #
    # Enable FRR modules (if not using containerlab bind-mounted /etc/frr/daemons)
    #
  
    #
    # Create loopbacks, stub and lag/bond devices
    #
    if [ ! -e /sys/class/net/lo ]; then
      if [ ! -e /sys/devices/virtual/net/lo ]; then
        ip link add lo type dummy
        ip link set dev lo up
      fi
    fi
  
    # Disable IPv6 (for IPv4-only interfaces) or SLAAC (if the device is a router)
    #
    sysctl -qw net.ipv6.conf.eth1.disable_ipv6=1
    ip link set dev eth1 mtu 1500
    sysctl -qw net.ipv6.conf.eth2.disable_ipv6=1
    ip link set dev eth2 mtu 1500
  
    #
    # Add vtysh.conf file
    echo "service integrated-vtysh-config" >/etc/frr/vtysh.conf
  
    #
    # Rest of initial configuration done through VTYSH
    #
    cat >/tmp/config <<CONFIG
    hostname r1
    !
    vrf mgmt
     exit-vrf
    !
    frr defaults datacenter
    !
    interface lo
     no shutdown
     ip address 10.0.0.5/32
    !
    interface eth1
     no shutdown
     description r1 -> [h1,s1,s2]
     ip address 172.16.0.5/24
    !
    interface eth2
     no shutdown
     description r1 -> [h2,s1,s2]
     ip address 172.16.1.5/24
    !
    do write
    CONFIG
    vtysh -f /tmp/config
    exit 0

TASK [Find configuration deployment deploy_script for initial] *****************
ok: [s1]
ok: [s2]
ok: [r1]
ok: [h1]
ok: [h2]

TASK [Deploy initial configuration] ********************************************
included: /home/pipi/net101/tools/netsim/ansible/tasks/deploy-config/cumulus_nvue.yml for s1, s2
included: /home/pipi/net101/tools/netsim/ansible/tasks/frr/initial-clab.yml for r1
included: /home/pipi/net101/tools/netsim/ansible/tasks/deploy-config/linux-clab.yml for h1, h2

TASK [set_fact] ****************************************************************
ok: [s1]
ok: [s2]

TASK [copy the cumulus nvue YAML initial config file to switch (generated from /home/pipi/net101/tools/netsim/ansible/templates/initial/cumulus_nvue.j2)] ***
changed: [s2]
changed: [s1]

TASK [Wait for nvued to start] *************************************************
ok: [s2]
ok: [s1]

TASK [set_fact] ****************************************************************
ok: [s1]
ok: [s2]

TASK [execute on cumulus: 'nv config patch' for initial config] ****************
changed: [s2]
changed: [s1]

TASK [execute on cumulus: 'nv config apply -y' for initial config] *************
changed: [s1]
changed: [s2]

TASK [Attempt to load VRF kernel module] ***************************************
changed: [r1 -> localhost]

TASK [Disable FRR management VRF when modprobe fails] **************************
skipping: [r1]

TASK [include_tasks] ***********************************************************
included: /home/pipi/net101/tools/netsim/ansible/tasks/frr/deploy-config.yml for r1

TASK [template] ****************************************************************
changed: [r1]

TASK [set_fact] ****************************************************************
ok: [r1]

TASK [run /tmp/config.sh to deploy initial config from /home/pipi/net101/tools/netsim/ansible/templates/initial/frr.j2] ***
changed: [r1]

TASK [run vtysh to import initial config from /home/pipi/net101/tools/netsim/ansible/templates/initial/frr.j2] ***
skipping: [r1]

TASK [Define script filename and determine whether to execute in netns] ********
ok: [h1]
ok: [h2]

TASK [Create a temporary file for the rendered script] *************************
changed: [h1 -> localhost]
changed: [h2 -> localhost]

TASK [Create container setup script from /home/pipi/net101/tools/netsim/ansible/templates/initial/linux-clab.j2] ***
changed: [h1 -> localhost]
changed: [h2 -> localhost]

TASK [Copy script into running container at /tmp/config-h1_initial.sh] *********
skipping: [h1]
skipping: [h2]

TASK [Execute /tmp/config-h1_initial.sh to deploy initial config based on /home/pipi/net101/tools/netsim/ansible/templates/initial/linux-clab.j2] ***
skipping: [h1]
skipping: [h2]

TASK [Container configuration for initial based on /home/pipi/net101/tools/netsim/ansible/templates/initial/linux-clab.j2 executed in netns] ***
changed: [h2 -> localhost]
changed: [h1 -> localhost]

TASK [Remove temporary file /tmp/h1_initial-ykgz2_uw.sh] ***********************
changed: [h1 -> localhost]
changed: [h2 -> localhost]

PLAY [Deploy module-specific configurations] ***********************************

TASK [Set variables that cannot be set with VARS] ******************************
ok: [s1]
ok: [s2]

TASK [Deploy individual configuration modules] *********************************
included: /home/pipi/net101/tools/netsim/ansible/tasks/deploy-module.yml for s1, s2 => (item=vlan)

TASK [Figure out whether to deploy the module vlan on current device] **********
ok: [s1]
ok: [s2]

TASK [Find configuration template for vlan] ************************************
ok: [s1]
ok: [s2]

TASK [fail] ********************************************************************
skipping: [s1]
skipping: [s2]

TASK [Print deployed configuration when running in verbose mode] ***************
ok: [s1] => 
  msg: |-
    vlan configuration for s1
    =========================================
    - set:
        bridge:
          domain:
            br_default:
              type: vlan-aware
              mac-address: "08:4f:c2:a9:00:03" # The default 'auto' setting reads the MAC from the EEPROM, which is the same for all instances
              untagged: none
              vlan:
                '701': {}
                '700': {}
  
  
        interface:
         swp1:
           bridge:
             domain:
               br_default:
  
                 vlan:
                   '700': {}
                   '701': {}
                 untagged: none
         swp2:
           bridge:
             domain:
               br_default:
                 access: 700
         swp3:
           bridge:
             domain:
               br_default:
                 access: 701
ok: [s2] => 
  msg: |-
    vlan configuration for s2
    =========================================
    - set:
        bridge:
          domain:
            br_default:
              type: vlan-aware
              mac-address: "08:4f:c2:a9:00:04" # The default 'auto' setting reads the MAC from the EEPROM, which is the same for all instances
              untagged: none
              vlan:
                '701': {}
                '700': {}
  
  
        interface:
         swp1:
           bridge:
             domain:
               br_default:
  
                 vlan:
                   '700': {}
                   '701': {}
                 untagged: none
         swp2:
           bridge:
             domain:
               br_default:
                 access: 700
         swp3:
           bridge:
             domain:
               br_default:
                 access: 701

TASK [Find configuration deployment deploy_script for vlan] ********************
ok: [s1]
ok: [s2]

TASK [Deploy vlan configuration] ***********************************************
included: /home/pipi/net101/tools/netsim/ansible/tasks/deploy-config/cumulus_nvue.yml for s1, s2

TASK [set_fact] ****************************************************************
ok: [s1]
ok: [s2]

TASK [copy the cumulus nvue YAML vlan config file to switch (generated from /home/pipi/net101/tools/netsim/ansible/templates/vlan/cumulus_nvue.j2)] ***
changed: [s2]
changed: [s1]

TASK [Wait for nvued to start] *************************************************
skipping: [s1]
skipping: [s2]

TASK [set_fact] ****************************************************************
ok: [s1]
ok: [s2]

TASK [execute on cumulus: 'nv config patch' for vlan config] *******************
changed: [s1]
changed: [s2]

TASK [execute on cumulus: 'nv config apply -y' for vlan config] ****************
changed: [s1]
changed: [s2]

PLAY [Deploy custom deployment templates] **************************************
skipping: no hosts matched

PLAY RECAP *********************************************************************
h1                         : ok=16   changed=4    unreachable=0    failed=0    skipped=8    rescued=0    ignored=0   
h2                         : ok=16   changed=4    unreachable=0    failed=0    skipped=8    rescued=0    ignored=0   
r1                         : ok=16   changed=3    unreachable=0    failed=0    skipped=8    rescued=0    ignored=0   
s1                         : ok=29   changed=6    unreachable=0    failed=0    skipped=8    rescued=0    ignored=0   
s2                         : ok=29   changed=6    unreachable=0    failed=0    skipped=8    rescued=0    ignored=0   



The devices under test are simple bridges with a VLAN trunk between them.
An external router with two interfaces (one per VLAN) is attached to one of them.

* h1 and h2 should be able to ping each other

Please note it might take a while for the lab to work due to
STP learning phase

