Warning in ansible: You're using Ansible version 12.x or higher; netlab might not work correctly
... Ansible core version 2.19 introduced breaking changes in templates and playbooks
... We tested netlab core with Ansible version 12.x but not every device template
... You might want to downgrade Ansible to version 11.10 or lower.
... Use 'netlab install ansible' on Ubuntu to do that
... Finally, please open a GitHub issue if you experience errors/crashes
... Set defaults.ansible.warnings.ver12 to False to hide this warning
 [INFO] Checking for updates in configuration templates
 [INFO] Creating configuration snippets
[WARNING]: Could not match supplied host pattern, ignoring: unprovisioned
[WARNING]: Found variable using reserved name 'hosts'.
Origin: /work/netlab_cicd/group_vars/all/topology.yml:157:1

155     ipv4: 10.2.0.0/24
156     prefix: 32
157 hosts:
    ^ column 1


PLAY [Deploy initial device configuration] *************************************

TASK [Set variables that cannot be set with VARS] ******************************
ok: [dut]
ok: [r1]
ok: [r2]
ok: [r3]
ok: [r4]

TASK [Generic readiness tests] *************************************************
skipping: [dut]
skipping: [r1]
skipping: [r2]
skipping: [r3]
skipping: [r4]

TASK [Find device readiness script] ********************************************
ok: [dut]
ok: [r1]
ok: [r2]
ok: [r3]
ok: [r4]

TASK [Wait for device to become ready] *****************************************
skipping: [r1]
skipping: [r2]
skipping: [r3]
skipping: [r4]
included: /home/pipi/netlab_gh/netsim/ansible/tasks/readiness-check/srsim.yml for dut

TASK [Common SR-OS checks] *****************************************************
included: /home/pipi/netlab_gh/netsim/ansible/tasks/readiness-check/sros.yml for dut

TASK [Check that required plugin exists, use 'netlab install grpc' to install it] ***
ok: [dut]

TASK [Wait up to 180s for gNMI(TCP 57400) to be ready on 192.168.17.101] *******
ok: [dut -> localhost]

TASK [Update SR-SIM hardware configuration] ************************************
changed: [dut]

TASK [Get port 1/1/c1 status] **************************************************
FAILED - RETRYING: [dut]: Get port 1/1/c1 status (10 retries left).
FAILED - RETRYING: [dut]: Get port 1/1/c1 status (9 retries left).
FAILED - RETRYING: [dut]: Get port 1/1/c1 status (8 retries left).
FAILED - RETRYING: [dut]: Get port 1/1/c1 status (7 retries left).
ok: [dut]

TASK [Normalize config on bridge-like devices] *********************************
included: /home/pipi/netlab_gh/netsim/ansible/tasks/deploy-module.yml for dut
included: /home/pipi/netlab_gh/netsim/ansible/tasks/deploy-module.yml for r1
included: /home/pipi/netlab_gh/netsim/ansible/tasks/deploy-module.yml for r2
included: /home/pipi/netlab_gh/netsim/ansible/tasks/deploy-module.yml for r3
included: /home/pipi/netlab_gh/netsim/ansible/tasks/deploy-module.yml for r4

TASK [Figure out whether to deploy the module normalize on current device] *****
ok: [dut]

TASK [Find configuration template for normalize] *******************************
ok: [dut]

TASK [fail] ********************************************************************
skipping: [dut]

TASK [Find configuration deployment deploy_script for normalize] ***************
ok: [dut]

TASK [Print deployed configuration when running in verbose mode] ***************
skipping: [dut]

TASK [Deploy normalize configuration] ******************************************
skipping: [dut]

TASK [Figure out whether to deploy the module normalize on current device] *****
ok: [r1]

TASK [Find configuration template for normalize] *******************************
ok: [r1]

TASK [fail] ********************************************************************
skipping: [r1]

TASK [Find configuration deployment deploy_script for normalize] ***************
ok: [r1]

TASK [Print deployed configuration when running in verbose mode] ***************
skipping: [r1]

TASK [Deploy normalize configuration] ******************************************
skipping: [r1]

TASK [Figure out whether to deploy the module normalize on current device] *****
ok: [r2]

TASK [Find configuration template for normalize] *******************************
ok: [r2]

TASK [fail] ********************************************************************
skipping: [r2]

TASK [Find configuration deployment deploy_script for normalize] ***************
ok: [r2]

TASK [Print deployed configuration when running in verbose mode] ***************
skipping: [r2]

TASK [Deploy normalize configuration] ******************************************
skipping: [r2]

TASK [Figure out whether to deploy the module normalize on current device] *****
ok: [r3]

TASK [Find configuration template for normalize] *******************************
ok: [r3]

TASK [fail] ********************************************************************
skipping: [r3]

TASK [Find configuration deployment deploy_script for normalize] ***************
ok: [r3]

TASK [Print deployed configuration when running in verbose mode] ***************
skipping: [r3]

TASK [Deploy normalize configuration] ******************************************
skipping: [r3]

TASK [Figure out whether to deploy the module normalize on current device] *****
ok: [r4]

TASK [Find configuration template for normalize] *******************************
ok: [r4]

TASK [fail] ********************************************************************
skipping: [r4]

TASK [Find configuration deployment deploy_script for normalize] ***************
ok: [r4]

TASK [Print deployed configuration when running in verbose mode] ***************
skipping: [r4]

TASK [Deploy normalize configuration] ******************************************
skipping: [r4]

TASK [Deploy initial configuration] ********************************************
included: /home/pipi/netlab_gh/netsim/ansible/tasks/deploy-module.yml for dut
included: /home/pipi/netlab_gh/netsim/ansible/tasks/deploy-module.yml for r1
included: /home/pipi/netlab_gh/netsim/ansible/tasks/deploy-module.yml for r2
included: /home/pipi/netlab_gh/netsim/ansible/tasks/deploy-module.yml for r3
included: /home/pipi/netlab_gh/netsim/ansible/tasks/deploy-module.yml for r4

TASK [Figure out whether to deploy the module initial on current device] *******
ok: [dut]

TASK [Find configuration template for initial] *********************************
ok: [dut]

TASK [fail] ********************************************************************
skipping: [dut]

TASK [Find configuration deployment deploy_script for initial] *****************
ok: [dut]

TASK [Print deployed configuration when running in verbose mode] ***************
ok: [dut] => {
    "msg": "initial configuration for dut\n=========================================\n\n\n\n\n\nupdates:\n- path: configure/card[slot-number=1]\n  val:\n    card-type: iom-1\n    mda:\n    - mda-slot: 1\n      mda-type: me12-100gb-qsfp28\n    - mda-slot: 2\n      mda-type: me12-100gb-qsfp28\n    slot-number: 1\n\n- path: configure/router[router-name=Base]\n  val:\n   ecmp: 64\n\n\n\n\n\n\n- path: configure/router[router-name=Base]/interface[interface-name=system]\n\n  val:\n   admin-state: enable\n   description: \"System interface\"\n   ipv4:\n    primary:\n     address: \"10.0.0.1\"\n     prefix-length: 32\n\n\n\n\n\n- path: configure/port[port-id=1/1/c1]\n  val:\n   admin-state: enable\n   connector:\n    breakout: \"c1-100g\"\n- path: configure/port[port-id=1/1/c1/1]\n  val:\n   admin-state: enable\n   ethernet:\n    mtu: 1514 # max 9800\n    mode: access\n\n\n- path: configure/service/vprn[service-name=red]\n  val:\n   customer: \"1\"\n   admin-state: enable\n   service-id: 100\n#   ecmp: 64\n\n- path: configure/service/vprn[service-name=red]/interface[interface-name=eth-1/1/c1]\n\n  val:\n   admin-state: enable\n   description: \"dut ~ r1 ()\"\n   ip-mtu: 1500\n   sap:\n   - sap-id: \"1/1/c1/1\"\n   ipv4:\n    primary:\n     address: \"10.1.0.1\"\n     prefix-length: 30\n\n\n\n\n\n- path: configure/port[port-id=1/1/c2]\n  val:\n   admin-state: enable\n   connector:\n    breakout: \"c1-100g\"\n- path: configure/port[port-id=1/1/c2/1]\n  val:\n   admin-state: enable\n   ethernet:\n    mtu: 1514 # max 9800\n    mode: access\n\n\n- path: configure/service/vprn[service-name=red]\n  val:\n   customer: \"1\"\n   admin-state: enable\n   service-id: 100\n#   ecmp: 64\n\n- path: configure/service/vprn[service-name=red]/interface[interface-name=eth-1/1/c2]\n\n  val:\n   admin-state: enable\n   description: \"dut ~ r2 ()\"\n   ip-mtu: 1500\n   sap:\n   - sap-id: \"1/1/c2/1\"\n   ipv4:\n    primary:\n     address: \"10.1.0.5\"\n     prefix-length: 30\n\n\n\n\n\n- path: configure/port[port-id=1/1/c3]\n  val:\n   admin-state: enable\n   connector:\n    breakout: \"c1-100g\"\n- path: configure/port[port-id=1/1/c3/1]\n  val:\n   admin-state: enable\n   ethernet:\n    mtu: 1514 # max 9800\n    mode: access\n\n\n- path: configure/service/vprn[service-name=blue]\n  val:\n   customer: \"1\"\n   admin-state: enable\n   service-id: 101\n#   ecmp: 64\n\n- path: configure/service/vprn[service-name=blue]/interface[interface-name=eth-1/1/c3]\n\n  val:\n   admin-state: enable\n   description: \"dut ~ r3 ()\"\n   ip-mtu: 1500\n   sap:\n   - sap-id: \"1/1/c3/1\"\n   ipv4:\n    primary:\n     address: \"10.1.0.9\"\n     prefix-length: 30\n\n\n\n\n\n- path: configure/port[port-id=1/1/c4]\n  val:\n   admin-state: enable\n   connector:\n    breakout: \"c1-100g\"\n- path: configure/port[port-id=1/1/c4/1]\n  val:\n   admin-state: enable\n   ethernet:\n    mtu: 1514 # max 9800\n    mode: access\n\n\n- path: configure/service/vprn[service-name=blue]\n  val:\n   customer: \"1\"\n   admin-state: enable\n   service-id: 101\n#   ecmp: 64\n\n- path: configure/service/vprn[service-name=blue]/interface[interface-name=eth-1/1/c4]\n\n  val:\n   admin-state: enable\n   description: \"dut ~ r4 ()\"\n   ip-mtu: 1500\n   sap:\n   - sap-id: \"1/1/c4/1\"\n   ipv4:\n    primary:\n     address: \"10.1.0.13\"\n     prefix-length: 30\n\n\n\n\n\n\n\n- path: configure/service/vprn[service-name=red]\n  val:\n   customer: \"1\"\n   admin-state: enable\n   service-id: 100\n#   ecmp: 64\n\n- path: configure/service/vprn[service-name=red]/interface[interface-name=loopback.1]\n\n  val:\n   admin-state: enable\n   description: \"Loopback\"\n   loopback: True\n   ipv4:\n    primary:\n     address: \"10.2.0.1\"\n     prefix-length: 32\n\n\n\n\n\n\n\n- path: configure/service/vprn[service-name=blue]\n  val:\n   customer: \"1\"\n   admin-state: enable\n   service-id: 101\n#   ecmp: 64\n\n- path: configure/service/vprn[service-name=blue]/interface[interface-name=loopback.2]\n\n  val:\n   admin-state: enable\n   description: \"Loopback\"\n   loopback: True\n   ipv4:\n    primary:\n     address: \"10.2.0.2\"\n     prefix-length: 32\n\n\n\n"
}

TASK [Deploy initial configuration] ********************************************
included: /home/pipi/netlab_gh/netsim/ansible/tasks/deploy-config/sros.yml for dut

TASK [Generate gNMI YAML configuration] ****************************************
ok: [dut]

TASK [Update initial node configuration from gNMI template /work/netlab_cicd/node_files/dut/initial] ***
changed: [dut]

TASK [debug] *******************************************************************
skipping: [dut]

TASK [Figure out whether to deploy the module initial on current device] *******
ok: [r1]

TASK [Find configuration template for initial] *********************************
ok: [r1]

TASK [fail] ********************************************************************
skipping: [r1]

TASK [Find configuration deployment deploy_script for initial] *****************
ok: [r1]

TASK [Print deployed configuration when running in verbose mode] ***************
ok: [r1] => {
    "msg": "initial configuration for r1\n=========================================\n#!/bin/bash\n#\nset -e\nset -x\n#\n# Create bash profile script\n#\ncat <<SCRIPT >/root/.bash_profile\n#!/bin/bash\n#\nexport PS1=\"\\h(bash)# \"\necho\necho \"Use vtysh to connect to FRR daemon\"\necho\nSCRIPT\n#\n# This is an artifact of unknown provenance that should be removed in a year or two (= 2026/2027)\n#\n# FRR controls these parameters with 'ip forwarding' and 'ipv6 forwarding' commands\n#\nsysctl -w net.ipv4.ip_forward=1\nsysctl -w net.ipv6.conf.all.forwarding=0\n#\n#\n# Get the current next hop for the default route\n#\ndef_nh=$(ip route list default|awk '{ print $3 }')\n#\n# Create the management VRF and add eth0 to it\n#\nif [ ! -e /sys/devices/virtual/net/mgmt ]; then\n  ip link add mgmt type vrf table 42\nfi\nip link set mgmt up\nsysctl -qw net.ipv6.conf.eth0.keep_addr_on_down=1\nip link set eth0 master mgmt\n#\n# Reinstall the default route if we had it before\n#\nif [[ -n \"$def_nh\" ]]; then\n  ip route add 0.0.0.0/0 vrf mgmt via $def_nh\nfi\n#\n# Enable FRR modules (if not using containerlab bind-mounted /etc/frr/daemons)\n#\n\n# Set system defaults\n#\n# Send ARP requests from a sane source IP address\n#\nsysctl -w net.ipv4.conf.all.arp_announce=2\n\n#\n# Create loopbacks, stub and lag/bond devices\n#\nif [ ! -e /sys/class/net/lo ]; then\n  if [ ! -e /sys/devices/virtual/net/lo ]; then\n    ip link add lo type dummy\n    ip link set dev lo up\n  fi\nfi\n\n# Disable IPv6 (for IPv4-only interfaces) or SLAAC (if the device is a router)\n#\nip link set eth1 down\nsysctl -qw net.ipv6.conf.eth1.disable_ipv6=1\nip link set dev eth1 mtu 1500\nip link set eth1 up\n\n#\n# Add vtysh.conf file\necho \"service integrated-vtysh-config\" >/etc/frr/vtysh.conf\n\n#\n# Rest of initial configuration done through VTYSH\n#\ncat >/tmp/config <<CONFIG\nhostname r1\n!\nlog file /tmp/logging\n\n!\nip forwarding\nvrf mgmt\n exit-vrf\n!\nfrr defaults datacenter\n!\ninterface lo\n no shutdown\n ip address 10.0.0.2/32\n!\ninterface eth1\n no shutdown\n description r1 -> dut\n ip address 10.1.0.2/30\n!\ndo write\nCONFIG\nvtysh -f /tmp/config\n!\nexit 0\n"
}

TASK [Deploy initial configuration] ********************************************
included: /home/pipi/netlab_gh/netsim/ansible/tasks/frr/initial-clab.yml for r1

TASK [Attempt to load VRF kernel module] ***************************************
changed: [r1 -> localhost]

TASK [Disable FRR management VRF when modprobe fails] **************************
skipping: [r1]

TASK [include_tasks] ***********************************************************
included: /home/pipi/netlab_gh/netsim/ansible/tasks/frr/deploy-config.yml for r1

TASK [template] ****************************************************************
changed: [r1]

TASK [set_fact] ****************************************************************
ok: [r1]

TASK [run /tmp/config.sh to deploy initial config from /work/netlab_cicd/node_files/r1/initial] ***
changed: [r1]

TASK [run vtysh to import initial config from /work/netlab_cicd/node_files/r1/initial] ***
skipping: [r1]

TASK [Figure out whether to deploy the module initial on current device] *******
ok: [r2]

TASK [Find configuration template for initial] *********************************
ok: [r2]

TASK [fail] ********************************************************************
skipping: [r2]

TASK [Find configuration deployment deploy_script for initial] *****************
ok: [r2]

TASK [Print deployed configuration when running in verbose mode] ***************
ok: [r2] => {
    "msg": "initial configuration for r2\n=========================================\n#!/bin/bash\n#\nset -e\nset -x\n#\n# Create bash profile script\n#\ncat <<SCRIPT >/root/.bash_profile\n#!/bin/bash\n#\nexport PS1=\"\\h(bash)# \"\necho\necho \"Use vtysh to connect to FRR daemon\"\necho\nSCRIPT\n#\n# This is an artifact of unknown provenance that should be removed in a year or two (= 2026/2027)\n#\n# FRR controls these parameters with 'ip forwarding' and 'ipv6 forwarding' commands\n#\nsysctl -w net.ipv4.ip_forward=1\nsysctl -w net.ipv6.conf.all.forwarding=0\n#\n#\n# Get the current next hop for the default route\n#\ndef_nh=$(ip route list default|awk '{ print $3 }')\n#\n# Create the management VRF and add eth0 to it\n#\nif [ ! -e /sys/devices/virtual/net/mgmt ]; then\n  ip link add mgmt type vrf table 42\nfi\nip link set mgmt up\nsysctl -qw net.ipv6.conf.eth0.keep_addr_on_down=1\nip link set eth0 master mgmt\n#\n# Reinstall the default route if we had it before\n#\nif [[ -n \"$def_nh\" ]]; then\n  ip route add 0.0.0.0/0 vrf mgmt via $def_nh\nfi\n#\n# Enable FRR modules (if not using containerlab bind-mounted /etc/frr/daemons)\n#\n\n# Set system defaults\n#\n# Send ARP requests from a sane source IP address\n#\nsysctl -w net.ipv4.conf.all.arp_announce=2\n\n#\n# Create loopbacks, stub and lag/bond devices\n#\nif [ ! -e /sys/class/net/lo ]; then\n  if [ ! -e /sys/devices/virtual/net/lo ]; then\n    ip link add lo type dummy\n    ip link set dev lo up\n  fi\nfi\n\n# Disable IPv6 (for IPv4-only interfaces) or SLAAC (if the device is a router)\n#\nip link set eth1 down\nsysctl -qw net.ipv6.conf.eth1.disable_ipv6=1\nip link set dev eth1 mtu 1500\nip link set eth1 up\n\n#\n# Add vtysh.conf file\necho \"service integrated-vtysh-config\" >/etc/frr/vtysh.conf\n\n#\n# Rest of initial configuration done through VTYSH\n#\ncat >/tmp/config <<CONFIG\nhostname r2\n!\nlog file /tmp/logging\n\n!\nip forwarding\nvrf mgmt\n exit-vrf\n!\nfrr defaults datacenter\n!\ninterface lo\n no shutdown\n ip address 10.0.0.3/32\n!\ninterface eth1\n no shutdown\n description r2 -> dut\n ip address 10.1.0.6/30\n!\ndo write\nCONFIG\nvtysh -f /tmp/config\n!\nexit 0\n"
}

TASK [Deploy initial configuration] ********************************************
included: /home/pipi/netlab_gh/netsim/ansible/tasks/frr/initial-clab.yml for r2

TASK [Attempt to load VRF kernel module] ***************************************
changed: [r2 -> localhost]

TASK [Disable FRR management VRF when modprobe fails] **************************
skipping: [r2]

TASK [include_tasks] ***********************************************************
included: /home/pipi/netlab_gh/netsim/ansible/tasks/frr/deploy-config.yml for r2

TASK [template] ****************************************************************
changed: [r2]

TASK [set_fact] ****************************************************************
ok: [r2]

TASK [run /tmp/config.sh to deploy initial config from /work/netlab_cicd/node_files/r2/initial] ***
changed: [r2]

TASK [run vtysh to import initial config from /work/netlab_cicd/node_files/r2/initial] ***
skipping: [r2]

TASK [Figure out whether to deploy the module initial on current device] *******
ok: [r3]

TASK [Find configuration template for initial] *********************************
ok: [r3]

TASK [fail] ********************************************************************
skipping: [r3]

TASK [Find configuration deployment deploy_script for initial] *****************
ok: [r3]

TASK [Print deployed configuration when running in verbose mode] ***************
ok: [r3] => {
    "msg": "initial configuration for r3\n=========================================\n#!/bin/bash\n#\nset -e\nset -x\n#\n# Create bash profile script\n#\ncat <<SCRIPT >/root/.bash_profile\n#!/bin/bash\n#\nexport PS1=\"\\h(bash)# \"\necho\necho \"Use vtysh to connect to FRR daemon\"\necho\nSCRIPT\n#\n# This is an artifact of unknown provenance that should be removed in a year or two (= 2026/2027)\n#\n# FRR controls these parameters with 'ip forwarding' and 'ipv6 forwarding' commands\n#\nsysctl -w net.ipv4.ip_forward=1\nsysctl -w net.ipv6.conf.all.forwarding=0\n#\n#\n# Get the current next hop for the default route\n#\ndef_nh=$(ip route list default|awk '{ print $3 }')\n#\n# Create the management VRF and add eth0 to it\n#\nif [ ! -e /sys/devices/virtual/net/mgmt ]; then\n  ip link add mgmt type vrf table 42\nfi\nip link set mgmt up\nsysctl -qw net.ipv6.conf.eth0.keep_addr_on_down=1\nip link set eth0 master mgmt\n#\n# Reinstall the default route if we had it before\n#\nif [[ -n \"$def_nh\" ]]; then\n  ip route add 0.0.0.0/0 vrf mgmt via $def_nh\nfi\n#\n# Enable FRR modules (if not using containerlab bind-mounted /etc/frr/daemons)\n#\n\n# Set system defaults\n#\n# Send ARP requests from a sane source IP address\n#\nsysctl -w net.ipv4.conf.all.arp_announce=2\n\n#\n# Create loopbacks, stub and lag/bond devices\n#\nif [ ! -e /sys/class/net/lo ]; then\n  if [ ! -e /sys/devices/virtual/net/lo ]; then\n    ip link add lo type dummy\n    ip link set dev lo up\n  fi\nfi\n\n# Disable IPv6 (for IPv4-only interfaces) or SLAAC (if the device is a router)\n#\nip link set eth1 down\nsysctl -qw net.ipv6.conf.eth1.disable_ipv6=1\nip link set dev eth1 mtu 1500\nip link set eth1 up\n\n#\n# Add vtysh.conf file\necho \"service integrated-vtysh-config\" >/etc/frr/vtysh.conf\n\n#\n# Rest of initial configuration done through VTYSH\n#\ncat >/tmp/config <<CONFIG\nhostname r3\n!\nlog file /tmp/logging\n\n!\nip forwarding\nvrf mgmt\n exit-vrf\n!\nfrr defaults datacenter\n!\ninterface lo\n no shutdown\n ip address 10.0.0.4/32\n!\ninterface eth1\n no shutdown\n description r3 -> dut\n ip address 10.1.0.10/30\n!\ndo write\nCONFIG\nvtysh -f /tmp/config\n!\nexit 0\n"
}

TASK [Deploy initial configuration] ********************************************
included: /home/pipi/netlab_gh/netsim/ansible/tasks/frr/initial-clab.yml for r3

TASK [Attempt to load VRF kernel module] ***************************************
changed: [r3 -> localhost]

TASK [Disable FRR management VRF when modprobe fails] **************************
skipping: [r3]

TASK [include_tasks] ***********************************************************
included: /home/pipi/netlab_gh/netsim/ansible/tasks/frr/deploy-config.yml for r3

TASK [template] ****************************************************************
changed: [r3]

TASK [set_fact] ****************************************************************
ok: [r3]

TASK [run /tmp/config.sh to deploy initial config from /work/netlab_cicd/node_files/r3/initial] ***
changed: [r3]

TASK [run vtysh to import initial config from /work/netlab_cicd/node_files/r3/initial] ***
skipping: [r3]

TASK [Figure out whether to deploy the module initial on current device] *******
ok: [r4]

TASK [Find configuration template for initial] *********************************
ok: [r4]

TASK [fail] ********************************************************************
skipping: [r4]

TASK [Find configuration deployment deploy_script for initial] *****************
ok: [r4]

TASK [Print deployed configuration when running in verbose mode] ***************
ok: [r4] => {
    "msg": "initial configuration for r4\n=========================================\n#!/bin/bash\n#\nset -e\nset -x\n#\n# Create bash profile script\n#\ncat <<SCRIPT >/root/.bash_profile\n#!/bin/bash\n#\nexport PS1=\"\\h(bash)# \"\necho\necho \"Use vtysh to connect to FRR daemon\"\necho\nSCRIPT\n#\n# This is an artifact of unknown provenance that should be removed in a year or two (= 2026/2027)\n#\n# FRR controls these parameters with 'ip forwarding' and 'ipv6 forwarding' commands\n#\nsysctl -w net.ipv4.ip_forward=1\nsysctl -w net.ipv6.conf.all.forwarding=0\n#\n#\n# Get the current next hop for the default route\n#\ndef_nh=$(ip route list default|awk '{ print $3 }')\n#\n# Create the management VRF and add eth0 to it\n#\nif [ ! -e /sys/devices/virtual/net/mgmt ]; then\n  ip link add mgmt type vrf table 42\nfi\nip link set mgmt up\nsysctl -qw net.ipv6.conf.eth0.keep_addr_on_down=1\nip link set eth0 master mgmt\n#\n# Reinstall the default route if we had it before\n#\nif [[ -n \"$def_nh\" ]]; then\n  ip route add 0.0.0.0/0 vrf mgmt via $def_nh\nfi\n#\n# Enable FRR modules (if not using containerlab bind-mounted /etc/frr/daemons)\n#\n\n# Set system defaults\n#\n# Send ARP requests from a sane source IP address\n#\nsysctl -w net.ipv4.conf.all.arp_announce=2\n\n#\n# Create loopbacks, stub and lag/bond devices\n#\nif [ ! -e /sys/class/net/lo ]; then\n  if [ ! -e /sys/devices/virtual/net/lo ]; then\n    ip link add lo type dummy\n    ip link set dev lo up\n  fi\nfi\n\n# Disable IPv6 (for IPv4-only interfaces) or SLAAC (if the device is a router)\n#\nip link set eth1 down\nsysctl -qw net.ipv6.conf.eth1.disable_ipv6=1\nip link set dev eth1 mtu 1500\nip link set eth1 up\n\n#\n# Add vtysh.conf file\necho \"service integrated-vtysh-config\" >/etc/frr/vtysh.conf\n\n#\n# Rest of initial configuration done through VTYSH\n#\ncat >/tmp/config <<CONFIG\nhostname r4\n!\nlog file /tmp/logging\n\n!\nip forwarding\nvrf mgmt\n exit-vrf\n!\nfrr defaults datacenter\n!\ninterface lo\n no shutdown\n ip address 10.0.0.5/32\n!\ninterface eth1\n no shutdown\n description r4 -> dut\n ip address 10.1.0.14/30\n!\ndo write\nCONFIG\nvtysh -f /tmp/config\n!\nexit 0\n"
}

TASK [Deploy initial configuration] ********************************************
included: /home/pipi/netlab_gh/netsim/ansible/tasks/frr/initial-clab.yml for r4

TASK [Attempt to load VRF kernel module] ***************************************
changed: [r4 -> localhost]

TASK [Disable FRR management VRF when modprobe fails] **************************
skipping: [r4]

TASK [include_tasks] ***********************************************************
included: /home/pipi/netlab_gh/netsim/ansible/tasks/frr/deploy-config.yml for r4

TASK [template] ****************************************************************
changed: [r4]

TASK [set_fact] ****************************************************************
ok: [r4]

TASK [run /tmp/config.sh to deploy initial config from /work/netlab_cicd/node_files/r4/initial] ***
changed: [r4]

TASK [run vtysh to import initial config from /work/netlab_cicd/node_files/r4/initial] ***
skipping: [r4]

PLAY [Deploy module-specific configurations] ***********************************

TASK [Set variables that cannot be set with VARS] ******************************
ok: [dut]
ok: [r1]
ok: [r2]
ok: [r3]
ok: [r4]

TASK [Deploy individual configuration modules] *********************************
included: /home/pipi/netlab_gh/netsim/ansible/tasks/deploy-module.yml for dut => (item=ospf)
included: /home/pipi/netlab_gh/netsim/ansible/tasks/deploy-module.yml for dut => (item=vrf)
included: /home/pipi/netlab_gh/netsim/ansible/tasks/deploy-module.yml for r1 => (item=ospf)
included: /home/pipi/netlab_gh/netsim/ansible/tasks/deploy-module.yml for r1 => (item=vrf)
included: /home/pipi/netlab_gh/netsim/ansible/tasks/deploy-module.yml for r2 => (item=ospf)
included: /home/pipi/netlab_gh/netsim/ansible/tasks/deploy-module.yml for r2 => (item=vrf)
included: /home/pipi/netlab_gh/netsim/ansible/tasks/deploy-module.yml for r3 => (item=ospf)
included: /home/pipi/netlab_gh/netsim/ansible/tasks/deploy-module.yml for r3 => (item=vrf)
included: /home/pipi/netlab_gh/netsim/ansible/tasks/deploy-module.yml for r4 => (item=ospf)
included: /home/pipi/netlab_gh/netsim/ansible/tasks/deploy-module.yml for r4 => (item=vrf)

TASK [Figure out whether to deploy the module ospf on current device] **********
ok: [dut]

TASK [Find configuration template for ospf] ************************************
ok: [dut]

TASK [fail] ********************************************************************
skipping: [dut]

TASK [Find configuration deployment deploy_script for ospf] ********************
ok: [dut]

TASK [Print deployed configuration when running in verbose mode] ***************
ok: [dut] => {
    "msg": "ospf configuration for dut\n=========================================\n\n\n\n\nupdates:\n"
}

TASK [Deploy ospf configuration] ***********************************************
included: /home/pipi/netlab_gh/netsim/ansible/tasks/deploy-config/sros.yml for dut

TASK [Generate gNMI YAML configuration] ****************************************
ok: [dut]

TASK [Update ospf node configuration from gNMI template /work/netlab_cicd/node_files/dut/ospf] ***
skipping: [dut]

TASK [debug] *******************************************************************
skipping: [dut]

TASK [Figure out whether to deploy the module vrf on current device] ***********
ok: [dut]

TASK [Find configuration template for vrf] *************************************
ok: [dut]

TASK [fail] ********************************************************************
skipping: [dut]

TASK [Find configuration deployment deploy_script for vrf] *********************
ok: [dut]

TASK [Print deployed configuration when running in verbose mode] ***************
ok: [dut] => {
    "msg": "vrf configuration for dut\n=========================================\n\nupdates:\n- path: configure/service/vprn[service-name=red]\n  val:\n    service-id: 100\n    customer: \"1\"\n    autonomous-system: 65000\n    ecmp: 64\n    admin-state: enable\n\n- path: configure/policy-options/policy-statement[name=ospf_red_export]\n  val:\n    default-action:\n      action-type: reject\n    entry:\n    - entry-id: 100\n      from:\n        protocol:\n          name: [ direct ]\n      action:\n        action-type: accept\n\n\n\n- path: configure/service/vprn[service-name=red]\n  val:\n   customer: \"1\"\n   admin-state: enable\n   service-id: 100\n#   ecmp: 64\n\n- path: configure/service/vprn[service-name=red]/ospf[ospf-instance=0]\n\n  val:\n    export-policy: [ ospf_red_export ]\n    admin-state: enable\n    router-id: 10.0.0.1\n    area:\n    - area-id: \"0.0.0.2\"\n      interface:\n      - interface-name: \"eth-1/1/c1\"\n        interface-type: \"point-to-point\"\n      - interface-name: \"eth-1/1/c2\"\n        interface-type: \"point-to-point\"\n      - interface-name: \"loopback.1\"\n\n- path: configure/service/vprn[service-name=blue]\n  val:\n    service-id: 101\n    customer: \"1\"\n    autonomous-system: 65000\n    ecmp: 64\n    admin-state: enable\n\n- path: configure/policy-options/policy-statement[name=ospf_blue_export]\n  val:\n    default-action:\n      action-type: reject\n    entry:\n    - entry-id: 100\n      from:\n        protocol:\n          name: [ direct ]\n      action:\n        action-type: accept\n\n\n\n- path: configure/service/vprn[service-name=blue]\n  val:\n   customer: \"1\"\n   admin-state: enable\n   service-id: 101\n#   ecmp: 64\n\n- path: configure/service/vprn[service-name=blue]/ospf[ospf-instance=0]\n\n  val:\n    export-policy: [ ospf_blue_export ]\n    admin-state: enable\n    router-id: 10.0.0.1\n    area:\n    - area-id: \"0.0.0.0\"\n      interface:\n      - interface-name: \"loopback.2\"\n    - area-id: \"0.0.0.3\"\n      interface:\n      - interface-name: \"eth-1/1/c3\"\n        interface-type: \"point-to-point\"\n    - area-id: \"0.0.0.4\"\n      interface:\n      - interface-name: \"eth-1/1/c4\"\n        interface-type: \"point-to-point\"\n\n"
}

TASK [Deploy vrf configuration] ************************************************
included: /home/pipi/netlab_gh/netsim/ansible/tasks/deploy-config/sros.yml for dut

TASK [Generate gNMI YAML configuration] ****************************************
ok: [dut]

TASK [Update vrf node configuration from gNMI template /work/netlab_cicd/node_files/dut/vrf] ***
changed: [dut]

TASK [debug] *******************************************************************
skipping: [dut]

TASK [Figure out whether to deploy the module ospf on current device] **********
ok: [r1]

TASK [Find configuration template for ospf] ************************************
ok: [r1]

TASK [fail] ********************************************************************
skipping: [r1]

TASK [Find configuration deployment deploy_script for ospf] ********************
ok: [r1]

TASK [Print deployed configuration when running in verbose mode] ***************
ok: [r1] => {
    "msg": "ospf configuration for r1\n=========================================\n!\n! OSPFv2 FRR configuration\n!\nrouter ospf\n ospf router-id 10.0.0.2\n timers throttle spf 10 50 500\n timers throttle lsa all 100\n timers lsa min-arrival 100\n\n\nexit\n!\ninterface lo\n! \n ip ospf area 0.0.0.2\n!\ninterface eth1\n! r1 -> dut\n ip ospf area 0.0.0.2\n ip ospf network point-to-point\n!\n\n!\ndo write\n"
}

TASK [Deploy ospf configuration] ***********************************************
included: /home/pipi/netlab_gh/netsim/ansible/tasks/deploy-config/frr.yml for r1

TASK [template] ****************************************************************
changed: [r1]

TASK [set_fact] ****************************************************************
ok: [r1]

TASK [run /tmp/config.sh to deploy ospf config from /work/netlab_cicd/node_files/r1/ospf] ***
skipping: [r1]

TASK [run vtysh to import ospf config from /work/netlab_cicd/node_files/r1/ospf] ***
changed: [r1]

TASK [Figure out whether to deploy the module vrf on current device] ***********
ok: [r1]

TASK [Find configuration template for vrf] *************************************
skipping: [r1]

TASK [fail] ********************************************************************
skipping: [r1]

TASK [Find configuration deployment deploy_script for vrf] *********************
skipping: [r1]

TASK [Print deployed configuration when running in verbose mode] ***************
skipping: [r1]

TASK [Deploy vrf configuration] ************************************************
skipping: [r1]

TASK [Figure out whether to deploy the module ospf on current device] **********
ok: [r2]

TASK [Find configuration template for ospf] ************************************
ok: [r2]

TASK [fail] ********************************************************************
skipping: [r2]

TASK [Find configuration deployment deploy_script for ospf] ********************
ok: [r2]

TASK [Print deployed configuration when running in verbose mode] ***************
ok: [r2] => {
    "msg": "ospf configuration for r2\n=========================================\n!\n! OSPFv2 FRR configuration\n!\nrouter ospf\n ospf router-id 10.0.0.3\n timers throttle spf 10 50 500\n timers throttle lsa all 100\n timers lsa min-arrival 100\n\n\nexit\n!\ninterface lo\n! \n ip ospf area 0.0.0.2\n!\ninterface eth1\n! r2 -> dut\n ip ospf area 0.0.0.2\n ip ospf network point-to-point\n!\n\n!\ndo write\n"
}

TASK [Deploy ospf configuration] ***********************************************
included: /home/pipi/netlab_gh/netsim/ansible/tasks/deploy-config/frr.yml for r2

TASK [template] ****************************************************************
changed: [r2]

TASK [set_fact] ****************************************************************
ok: [r2]

TASK [run /tmp/config.sh to deploy ospf config from /work/netlab_cicd/node_files/r2/ospf] ***
skipping: [r2]

TASK [run vtysh to import ospf config from /work/netlab_cicd/node_files/r2/ospf] ***
changed: [r2]

TASK [Figure out whether to deploy the module vrf on current device] ***********
ok: [r2]

TASK [Find configuration template for vrf] *************************************
skipping: [r2]

TASK [fail] ********************************************************************
skipping: [r2]

TASK [Find configuration deployment deploy_script for vrf] *********************
skipping: [r2]

TASK [Print deployed configuration when running in verbose mode] ***************
skipping: [r2]

TASK [Deploy vrf configuration] ************************************************
skipping: [r2]

TASK [Figure out whether to deploy the module ospf on current device] **********
ok: [r3]

TASK [Find configuration template for ospf] ************************************
ok: [r3]

TASK [fail] ********************************************************************
skipping: [r3]

TASK [Find configuration deployment deploy_script for ospf] ********************
ok: [r3]

TASK [Print deployed configuration when running in verbose mode] ***************
ok: [r3] => {
    "msg": "ospf configuration for r3\n=========================================\n!\n! OSPFv2 FRR configuration\n!\nrouter ospf\n ospf router-id 10.0.0.4\n timers throttle spf 10 50 500\n timers throttle lsa all 100\n timers lsa min-arrival 100\n\n\nexit\n!\ninterface lo\n! \n ip ospf area 0.0.0.3\n!\ninterface eth1\n! r3 -> dut\n ip ospf area 0.0.0.3\n ip ospf network point-to-point\n!\n\n!\ndo write\n"
}

TASK [Deploy ospf configuration] ***********************************************
included: /home/pipi/netlab_gh/netsim/ansible/tasks/deploy-config/frr.yml for r3

TASK [template] ****************************************************************
changed: [r3]

TASK [set_fact] ****************************************************************
ok: [r3]

TASK [run /tmp/config.sh to deploy ospf config from /work/netlab_cicd/node_files/r3/ospf] ***
skipping: [r3]

TASK [run vtysh to import ospf config from /work/netlab_cicd/node_files/r3/ospf] ***
changed: [r3]

TASK [Figure out whether to deploy the module vrf on current device] ***********
ok: [r3]

TASK [Find configuration template for vrf] *************************************
skipping: [r3]

TASK [fail] ********************************************************************
skipping: [r3]

TASK [Find configuration deployment deploy_script for vrf] *********************
skipping: [r3]

TASK [Print deployed configuration when running in verbose mode] ***************
skipping: [r3]

TASK [Deploy vrf configuration] ************************************************
skipping: [r3]

TASK [Figure out whether to deploy the module ospf on current device] **********
ok: [r4]

TASK [Find configuration template for ospf] ************************************
ok: [r4]

TASK [fail] ********************************************************************
skipping: [r4]

TASK [Find configuration deployment deploy_script for ospf] ********************
ok: [r4]

TASK [Print deployed configuration when running in verbose mode] ***************
ok: [r4] => {
    "msg": "ospf configuration for r4\n=========================================\n!\n! OSPFv2 FRR configuration\n!\nrouter ospf\n ospf router-id 10.0.0.5\n timers throttle spf 10 50 500\n timers throttle lsa all 100\n timers lsa min-arrival 100\n\n\nexit\n!\ninterface lo\n! \n ip ospf area 0.0.0.4\n!\ninterface eth1\n! r4 -> dut\n ip ospf area 0.0.0.4\n ip ospf network point-to-point\n!\n\n!\ndo write\n"
}

TASK [Deploy ospf configuration] ***********************************************
included: /home/pipi/netlab_gh/netsim/ansible/tasks/deploy-config/frr.yml for r4

TASK [template] ****************************************************************
changed: [r4]

TASK [set_fact] ****************************************************************
ok: [r4]

TASK [run /tmp/config.sh to deploy ospf config from /work/netlab_cicd/node_files/r4/ospf] ***
skipping: [r4]

TASK [run vtysh to import ospf config from /work/netlab_cicd/node_files/r4/ospf] ***
changed: [r4]

TASK [Figure out whether to deploy the module vrf on current device] ***********
ok: [r4]

TASK [Find configuration template for vrf] *************************************
skipping: [r4]

TASK [fail] ********************************************************************
skipping: [r4]

TASK [Find configuration deployment deploy_script for vrf] *********************
skipping: [r4]

TASK [Print deployed configuration when running in verbose mode] ***************
skipping: [r4]

TASK [Deploy vrf configuration] ************************************************
skipping: [r4]

PLAY [Deploy custom deployment templates] **************************************
skipping: no hosts matched

PLAY RECAP *********************************************************************
dut                        : ok=36   changed=3    unreachable=0    failed=0    skipped=11   rescued=0    ignored=0   
r1                         : ok=29   changed=5    unreachable=0    failed=0    skipped=15   rescued=0    ignored=0   
r2                         : ok=29   changed=5    unreachable=0    failed=0    skipped=15   rescued=0    ignored=0   
r3                         : ok=29   changed=5    unreachable=0    failed=0    skipped=15   rescued=0    ignored=0   
r4                         : ok=29   changed=5    unreachable=0    failed=0    skipped=15   rescued=0    ignored=0   


Warning: The following warnings were generated during the 'netlab initial' processing
Warning: ansible: You're using Ansible version 12.x or higher; netlab might not work correctly
[CREATED] dut: initial,ospf,vrf
[CREATED] r1: initial,ospf
[CREATED] r2: initial,ospf
[CREATED] r3: initial,ospf
[CREATED] r4: initial,ospf


The device under test has two VRFs with two interfaces in each VRF.
Routers are attached to those interfaces and run OSPF with device under test.
Assuming the multi-vrf test case succeeded, this one adds OSPF routing with
CE routers.

* r1 and r2 should be able to ping each other
* r3 and r4 should be able to ping each other
* r1 should not be able to reach r3

