Creating Device configuration snippets
[CREATED] dut: initial,routing,ospf,bgp,bgp.policy
[CREATED] probe: initial,routing,ospf,bgp
[CREATED] x1: initial,bgp
[CREATED] x2: initial,bgp,routing,bgp.policy
Checking Are lab devices ready to be configured?
 [INFO] Checking SSH server(s) on dut
[SSH]     SSH server on node dut (device iosxr) is ready after 26.0 seconds
Config Deploying device configurations
 [INFO] Executing initial configuration for node dut
 [INFO] Executing initial configuration for node probe
 [INFO] Executing initial configuration for node x1
 [INFO] Executing initial configuration for node x2
 [INFO] Executing bgp configuration for node x1
 [INFO] Executing routing configuration for node probe
 [INFO] Executing bgp configuration for node x2
 [INFO] Executing ospf configuration for node probe
 [INFO] Executing routing configuration for node x2
 [INFO] Executing bgp.policy configuration for node x2
 [INFO] Executing bgp configuration for node probe
 [INFO] Executing routing configuration for node dut
 [INFO] Executing ospf configuration for node dut
 [INFO] Executing bgp configuration for node dut
 [INFO] Executing bgp.policy configuration for node dut

Results of configuration script deployments
================================================================================
dut              Script:  initial,routing,ospf,bgp,bgp.policy
probe            Script:  initial,routing,ospf,bgp
x1               Script:  initial,bgp
x2               Script:  initial,bgp,routing,bgp.policy


Use this topology to test BGP weights on IPv4 and IPv6 prefixes. DUT has to
prefer prefixes advertised by X2 (identified by longer AS path).

