Creating Device configuration snippets
[CREATED] dut: initial,routing,vrf
[CREATED] x1: initial,routing
[CREATED] x2: initial,routing
[CREATED] x3: initial,routing
Checking Are lab devices ready to be configured?
 [INFO] Checking SSH server(s) on dut
[SSH]     SSH server on node dut (device iosxr) is ready after 25.6 seconds
Config Deploying device configurations
 [INFO] Executing initial configuration for node x1 (namespace clab-
          ml-17-x1)
 [INFO] Executing initial configuration for node x2 (namespace clab-
          ml-17-x2)
 [INFO] Executing initial configuration for node x3 (namespace clab-
          ml-17-x3)
 [INFO] Executing routing configuration for node x1 (namespace clab-
          ml-17-x1)
 [INFO] Executing routing configuration for node x2 (namespace clab-
          ml-17-x2)
 [INFO] Executing routing configuration for node x3 (namespace clab-
          ml-17-x3)
 [INFO] Starting Ansible playbook to deploy the rest of the
          configurations
[WARNING]: Found variable using reserved name: hosts

PLAY [Deploy initial device configuration] *************************************

TASK [Set variables that cannot be set with VARS] ******************************
ok: [dut]

TASK [Normalize config on bridge-like devices] *********************************
included: /home/pipi/netlab_gh/netsim/ansible/tasks/deploy-module.yml for dut

TASK [Figure out whether to deploy the module normalize on current device] *****
ok: [dut]

TASK [Find configuration template for normalize] *******************************
ok: [dut]

TASK [fail] ********************************************************************
skipping: [dut]

TASK [Find configuration deployment deploy_script for normalize] ***************
ok: [dut]

TASK [Print deployed configuration when running in verbose mode] ***************
skipping: [dut]

TASK [Deploy normalize configuration] ******************************************
skipping: [dut]

TASK [Deploy initial configuration] ********************************************
included: /home/pipi/netlab_gh/netsim/ansible/tasks/deploy-module.yml for dut

TASK [Figure out whether to deploy the module initial on current device] *******
ok: [dut]

TASK [Find configuration template for initial] *********************************
ok: [dut]

TASK [fail] ********************************************************************
skipping: [dut]

TASK [Find configuration deployment deploy_script for initial] *****************
ok: [dut]

TASK [Print deployed configuration when running in verbose mode] ***************
ok: [dut] => {
    "msg": "initial configuration for dut\n=========================================\nhostname dut\n!\ndomain lookup disable\n!\nlldp\n no management enable\n!\ndomain ipv4 host x1 172.16.0.2\ndomain ipv4 host x2 172.16.1.3\ndomain ipv4 host x3 172.16.2.4\ndomain ipv6 host x1 2001:db8:2::2\ndomain ipv6 host x2 2001:db8:2:1::3\ndomain ipv6 host x3 2001:db8:2:2::4\n!\ninterface Loopback0\n no shutdown\n ipv4 address 10.0.0.1 255.255.255.255\n ipv6 address 2001:db8:1:1::1/64\n!\ninterface GigabitEthernet0/0/0/0\n no shutdown\n description dut -> x1 [stub]\n ipv4 address 172.16.0.1 255.255.255.0\n ipv6 address 2001:db8:2::1/64\n ipv6 nd ra-interval 5\n!\ninterface GigabitEthernet0/0/0/1\n no shutdown\n description dut -> x2 [stub]\n ipv4 address 172.16.1.1 255.255.255.0\n ipv6 address 2001:db8:2:1::1/64\n ipv6 nd ra-interval 5\n!\ninterface GigabitEthernet0/0/0/2\n no shutdown\n description dut -> x3 [stub]\n ipv4 address 172.16.2.1 255.255.255.0\n ipv6 address 2001:db8:2:2::1/64\n ipv6 nd ra-interval 5\n!\n"
}

TASK [Deploy initial configuration] ********************************************
included: /home/pipi/netlab_gh/netsim/ansible/tasks/deploy-config/iosxr.yml for dut

TASK [iosxr_config: deploying initial from /work/netlab_cicd/node_files/dut/initial] ***
[WARNING]: To ensure idempotency and correct diff the input configuration lines
should be similar to how they appear if present in the running configuration on
device including the indentation
changed: [dut]

PLAY [Deploy module-specific configurations] ***********************************

TASK [Set variables that cannot be set with VARS] ******************************
ok: [dut]

TASK [Deploy individual configuration modules] *********************************
included: /home/pipi/netlab_gh/netsim/ansible/tasks/deploy-module.yml for dut => (item=routing)
included: /home/pipi/netlab_gh/netsim/ansible/tasks/deploy-module.yml for dut => (item=vrf)

TASK [Figure out whether to deploy the module routing on current device] *******
ok: [dut]

TASK [Find configuration template for routing] *********************************
ok: [dut]

TASK [fail] ********************************************************************
skipping: [dut]

TASK [Find configuration deployment deploy_script for routing] *****************
ok: [dut]

TASK [Print deployed configuration when running in verbose mode] ***************
ok: [dut] => {
    "msg": "routing configuration for dut\n=========================================\n!\n! Static routes\n!\nrouter static\n vrf blue  address-family ipv4 unicast 172.16.41.0/24 vrf red GigabitEthernet0/0/0/0 172.16.0.2\n vrf blue  address-family ipv6 unicast 3fff:cafe:0:1::/64 vrf red GigabitEthernet0/0/0/0 2001:db8:2::2\n vrf red  address-family ipv4 unicast 172.16.42.0/24 vrf blue GigabitEthernet0/0/0/1 172.16.1.3\n vrf red  address-family ipv6 unicast 3fff:cafe:0:2::/64 vrf blue GigabitEthernet0/0/0/1 2001:db8:2:1::3\n  address-family ipv4 unicast 172.16.42.0/24 vrf blue GigabitEthernet0/0/0/1 172.16.1.3\n  address-family ipv6 unicast 3fff:cafe:0:2::/64 vrf blue GigabitEthernet0/0/0/1 2001:db8:2:1::3\n vrf blue  address-family ipv4 unicast 172.16.40.0/24 vrf default GigabitEthernet0/0/0/2 172.16.2.4\n vrf blue  address-family ipv6 unicast 3fff:cafe::/64 vrf default GigabitEthernet0/0/0/2 2001:db8:2:2::4\n"
}

TASK [Deploy routing configuration] ********************************************
included: /home/pipi/netlab_gh/netsim/ansible/tasks/deploy-config/iosxr.yml for dut

TASK [iosxr_config: deploying routing from /work/netlab_cicd/node_files/dut/routing] ***
changed: [dut]

TASK [Figure out whether to deploy the module vrf on current device] ***********
ok: [dut]

TASK [Find configuration template for vrf] *************************************
ok: [dut]

TASK [fail] ********************************************************************
skipping: [dut]

TASK [Find configuration deployment deploy_script for vrf] *********************
ok: [dut]

TASK [Print deployed configuration when running in verbose mode] ***************
ok: [dut] => {
    "msg": "vrf configuration for dut\n=========================================\nvrf red\n rd 65000:1\n!\n address-family ipv4 unicast\n  import route-target 65000:1\n  export route-target 65000:1\n!\n address-family ipv6 unicast\n  import route-target 65000:1\n  export route-target 65000:1\n!\nvrf blue\n rd 65000:2\n!\n address-family ipv4 unicast\n  import route-target 65000:2\n  export route-target 65000:2\n!\n address-family ipv6 unicast\n  import route-target 65000:2\n  export route-target 65000:2\n!\ninterface GigabitEthernet0/0/0/0\n vrf red\n!\ninterface GigabitEthernet0/0/0/1\n vrf blue\n!\n"
}

TASK [Deploy vrf configuration] ************************************************
included: /home/pipi/netlab_gh/netsim/ansible/tasks/deploy-config/iosxr.yml for dut

TASK [iosxr_config: deploying vrf from /work/netlab_cicd/node_files/dut/vrf] ***
changed: [dut]

PLAY [Deploy custom deployment templates] **************************************
skipping: no hosts matched

PLAY RECAP *********************************************************************
dut                        : ok=27   changed=3    unreachable=0    failed=0    skipped=6    rescued=0    ignored=0   

Results of configuration script deployments
================================================================================
x1               Script:  initial,routing
x2               Script:  initial,routing
x3               Script:  initial,routing


Use this topology to test inter- VRF IPv4 and IPv6 static routes. DUT has
to have static routes for loopback addresses of X1 and X2.

