Checking virtualization provider installation
OK: clab installed and working correctly
Stopping clab nodes
17:38:02 INFO Parsing & checking topology file=clab.yml
17:38:02 INFO Parsing & checking topology file=clab.yml
17:38:02 INFO Destroying lab name=ml-17
17:38:03 INFO Removed container name=clab-ml-17-p2
17:38:03 INFO Removed container name=clab-ml-17-x1
17:38:03 INFO Removed container name=clab-ml-17-p1
17:38:04 INFO Removed container name=clab-ml-17-dut
17:38:04 INFO Removing host entries path=/etc/hosts
17:38:04 INFO Removing SSH config path=/etc/ssh/ssh_config.d/clab-ml-17.conf
Cleanup configuration files
... removing clab.yml
... removing ansible.cfg
... removing hosts.yml
... removing directory tree group_vars
... removing directory tree host_vars
... removing directory tree node_files
... removing netlab.snapshot.pickle
