 [INFO] Adding native VLAN 1 to interface Ethernet1 on node s2
Createdprovider configuration file: clab.yml
Mapped clab_files/-shared-hosts to h1:/etc/hosts:ro (from package:templates/provider/clab/linux/hosts.j2)
Mapped existing clab_files/-shared-hosts to h2:/etc/hosts:ro (from package:templates/provider/clab/linux/hosts.j2)
Mapped existing clab_files/-shared-hosts to h3:/etc/hosts:ro (from package:templates/provider/clab/linux/hosts.j2)
Mapped existing clab_files/-shared-hosts to h4:/etc/hosts:ro (from package:templates/provider/clab/linux/hosts.j2)
Mapped existing clab_files/-shared-hosts to h5:/etc/hosts:ro (from package:templates/provider/clab/linux/hosts.j2)
Mapped existing clab_files/-shared-hosts to h6:/etc/hosts:ro (from package:templates/provider/clab/linux/hosts.j2)
Mapped existing clab_files/-shared-hosts to s1:/etc/hosts:ro (from package:templates/provider/clab/linux/hosts.j2)
Mapped clab_files/s1/config to s1:/etc/config/startup.sh (from package:daemons/bird/config.j2)
Mapped clab_files/s1/bird to s1:/etc/bird/bird.conf (from package:daemons/bird/bird.j2)
Mapped clab_files/s1/initial to s1:/etc/config/01-initial.sh (from package:ansible/templates/initial/bird-clab.j2)
Mapped clab_files/s1/vlan to s1:/etc/config/20-vlan.sh (from package:ansible/templates/vlan/linux-clab.j2)
Createdtransformed topology dump in YAML format in netlab.snapshot.yml
Createdpickled transformed topology data into netlab.snapshot.pickle
Created group_vars for all
Created group_vars for modules
Created group_vars for linux
Created host_vars for h1
Created host_vars for h2
Created host_vars for h3
Created host_vars for h4
Created host_vars for h5
Created host_vars for h6
Created group_vars for bird
Created host_vars for s1
Created group_vars for eos
Created host_vars for s2
Createdminimized Ansible inventory hosts.yml
CreatedAnsible configuration file: ansible.cfg
