Createdprovider configuration file: clab.yml
Mapped clab_files/-shared-hosts to h1:/etc/hosts:ro (from templates/provider/clab/linux/hosts.j2)
Mapped clab_files/-shared-hosts to h2:/etc/hosts:ro (from templates/provider/clab/linux/hosts.j2)
Mapped clab_files/-shared-hosts to s1:/etc/hosts:ro (from templates/provider/clab/linux/hosts.j2)
Mapped clab_files/s1/config to s1:/etc/config/startup.sh (from daemons/bird/config.j2)
Mapped clab_files/s1/bird to s1:/etc/bird/bird.conf (from daemons/bird/bird.j2)
Mapped clab_files/s1/initial to s1:/etc/config/01-initial.sh (from daemons/bird/initial.j2)
Mapped clab_files/s1/vlan to s1:/etc/config/20-vlan.sh (from daemons/bird/vlan.j2)
Mapped clab_files/-shared-hosts to s2:/etc/hosts:ro (from templates/provider/clab/linux/hosts.j2)
Mapped clab_files/s2/config to s2:/etc/config/startup.sh (from daemons/bird/config.j2)
Mapped clab_files/s2/bird to s2:/etc/bird/bird.conf (from daemons/bird/bird.j2)
Mapped clab_files/s2/initial to s2:/etc/config/01-initial.sh (from daemons/bird/initial.j2)
Mapped clab_files/s2/vlan to s2:/etc/config/20-vlan.sh (from daemons/bird/vlan.j2)
Mapped clab_files/r1/daemons to r1:/etc/frr/daemons (from templates/provider/clab/frr/daemons.j2)
Mapped clab_files/-shared-hosts to r1:/etc/hosts:ro (from templates/provider/clab/frr/hosts.j2)
Createdtransformed topology dump in YAML format in netlab.snapshot.yml
Createdpickled transformed topology data into netlab.snapshot.pickle
Created group_vars for all
Created group_vars for modules
Created group_vars for linux
Created host_vars for h1
Created host_vars for h2
Created group_vars for bird
Created host_vars for s1
Created host_vars for s2
Created group_vars for frr
Created host_vars for r1
Createdminimized Ansible inventory hosts.yml
CreatedAnsible configuration file: ansible.cfg
