13:46:48 INFO Containerlab started version=0.72.0
13:46:48 INFO Parsing & checking topology file=clab.yml
13:46:48 INFO Removing directory path=/work/netlab_cicd/clab-ml-17
13:46:48 INFO Creating docker network name=nl_mgmt_17 IPv4 subnet=192.168.17.0/24 IPv6 subnet="" MTU=0
13:46:48 INFO Creating lab directory path=/work/netlab_cicd/clab-ml-17
13:46:49 INFO Creating container name=h1
13:46:49 INFO Creating container name=r1
13:46:49 INFO Creating container name=h2
13:46:49 INFO Creating container name=s1
13:46:49 INFO Creating container name=s2
13:46:49 INFO Created link: s2:eth2 ▪┄┄▪ r1:eth1
13:46:49 INFO Created link: s1:eth1 ▪┄┄▪ s2:eth1
13:46:49 INFO Created link: h1:eth1 ▪┄┄▪ s1:eth2
13:46:49 INFO Created link: s2:eth3 ▪┄┄▪ r1:eth2
13:46:49 INFO Created link: h2:eth1 ▪┄┄▪ s1:eth3
13:46:49 INFO Adding host entries path=/etc/hosts
13:46:49 INFO Adding SSH config for nodes path=/etc/ssh/ssh_config.d/clab-ml-17.conf
[1m╭[0m[1m───────────────[0m[1m┬[0m[1m──────────────────────────────[0m[1m┬[0m[1m─────────[0m[1m┬[0m[1m────────────────[0m[1m╮[0m
[1m│[0m[1m      Name     [0m[1m│[0m[1m          Kind/Image          [0m[1m│[0m[1m  State  [0m[1m│[0m[1m IPv4/6 Address [0m[1m│[0m
[1m├[0m[1m───────────────[0m[1m┼[0m[1m──────────────────────────────[0m[1m┼[0m[1m─────────[0m[1m┼[0m[1m────────────────[0m[1m┤[0m
│ clab-ml-17-h1 │ linux                        │ running │ 192.168.17.101 │
│               │ python:3.13-alpine           │         │ N/A            │
├───────────────┼──────────────────────────────┼─────────┼────────────────┤
│ clab-ml-17-h2 │ linux                        │ running │ 192.168.17.102 │
│               │ python:3.13-alpine           │         │ N/A            │
├───────────────┼──────────────────────────────┼─────────┼────────────────┤
│ clab-ml-17-r1 │ linux                        │ running │ 192.168.17.105 │
│               │ quay.io/frrouting/frr:10.5.1 │         │ N/A            │
├───────────────┼──────────────────────────────┼─────────┼────────────────┤
│ clab-ml-17-s1 │ linux                        │ running │ 192.168.17.103 │
│               │ netlab/bird:latest           │         │ N/A            │
├───────────────┼──────────────────────────────┼─────────┼────────────────┤
│ clab-ml-17-s2 │ linux                        │ running │ 192.168.17.104 │
│               │ netlab/bird:latest           │         │ N/A            │
╰───────────────┴──────────────────────────────┴─────────┴────────────────╯
Using transformed lab topology from snapshot file netlab.snapshot.pickle
Checking virtualization provider installation
OK: clab installed and working correctly
Starting clab nodes
provider clab: executing sudo -E containerlab deploy --reconfigure -t clab.yml

Initial configuration skipped, run 'netlab initial' to configure the devices
