Createdprovider configuration file: clab.yml
Mapped clab_files/-shared-hosts to s1:/etc/hosts:ro (from templates/provider/clab/linux/hosts.j2)
Mapped clab_files/s1/config to s1:/etc/config/startup.sh (from daemons/bird/config.j2)
Mapped clab_files/s1/bird to s1:/etc/bird/bird.conf (from daemons/bird/bird.j2)
Mapped clab_files/s1/initial to s1:/etc/config/01-initial.sh (from daemons/bird/initial.j2)
Mapped clab_files/s1/vlan to s1:/etc/config/20-vlan.sh (from daemons/bird/vlan.j2)
Mapped clab_files/s1/routing to s1:/etc/bird/routing.mod.conf (from daemons/bird/routing.j2)
Mapped clab_files/s2/daemons to s2:/etc/frr/daemons (from templates/provider/clab/frr/daemons.j2)
Mapped clab_files/-shared-hosts to s2:/etc/hosts:ro (from templates/provider/clab/frr/hosts.j2)
Mapped clab_files/s3/daemons to s3:/etc/frr/daemons (from templates/provider/clab/frr/daemons.j2)
Mapped clab_files/-shared-hosts to s3:/etc/hosts:ro (from templates/provider/clab/frr/hosts.j2)
Mapped clab_files/s4/daemons to s4:/etc/frr/daemons (from templates/provider/clab/frr/daemons.j2)
Mapped clab_files/-shared-hosts to s4:/etc/hosts:ro (from templates/provider/clab/frr/hosts.j2)
Mapped clab_files/-shared-hosts to r1:/etc/hosts:ro (from templates/provider/clab/linux/hosts.j2)
Mapped clab_files/-shared-hosts to r2:/etc/hosts:ro (from templates/provider/clab/linux/hosts.j2)
Mapped clab_files/-shared-hosts to r3:/etc/hosts:ro (from templates/provider/clab/linux/hosts.j2)
Mapped clab_files/-shared-hosts to r4:/etc/hosts:ro (from templates/provider/clab/linux/hosts.j2)
Mapped clab_files/-shared-hosts to d1:/etc/hosts:ro (from templates/provider/clab/linux/hosts.j2)
Mapped clab_files/-shared-hosts to d2:/etc/hosts:ro (from templates/provider/clab/linux/hosts.j2)
Mapped clab_files/-shared-hosts to d3:/etc/hosts:ro (from templates/provider/clab/linux/hosts.j2)
Mapped clab_files/-shared-hosts to d4:/etc/hosts:ro (from templates/provider/clab/linux/hosts.j2)
Createdtransformed topology dump in YAML format in netlab.snapshot.yml
Createdpickled transformed topology data into netlab.snapshot.pickle
Created group_vars for all
Created group_vars for modules
Created group_vars for bird
Created host_vars for s1
Created group_vars for frr
Created host_vars for s2
Created host_vars for s3
Created host_vars for s4
Created group_vars for linux
Created host_vars for r1
Created host_vars for r2
Created host_vars for r3
Created host_vars for r4
Created host_vars for d1
Created host_vars for d2
Created host_vars for d3
Created host_vars for d4
Createdminimized Ansible inventory hosts.yml
CreatedAnsible configuration file: ansible.cfg
