17:58:57 INFO Containerlab started version=0.72.0
17:58:57 INFO Parsing & checking topology file=clab.yml
17:58:57 INFO Removing directory path=/work/netlab_cicd/clab-ml_17
17:58:57 INFO Creating docker network name=nl_mgmt_17 IPv4 subnet=192.168.17.0/24 IPv6 subnet="" MTU=0
17:58:57 INFO Creating lab directory path=/work/netlab_cicd/clab-ml_17
17:58:58 INFO Creating container name=r
17:58:58 INFO Running postdeploy actions for Arista cEOS 'r' node
17:59:13 INFO Adding host entries path=/etc/hosts
17:59:13 INFO Adding SSH config for nodes path=/etc/ssh/ssh_config.d/clab-ml_17.conf
[1m╭[0m[1m──────────────[0m[1m┬[0m[1m──────────────[0m[1m┬[0m[1m─────────[0m[1m┬[0m[1m────────────────[0m[1m╮[0m
[1m│[0m[1m     Name     [0m[1m│[0m[1m  Kind/Image  [0m[1m│[0m[1m  State  [0m[1m│[0m[1m IPv4/6 Address [0m[1m│[0m
[1m├[0m[1m──────────────[0m[1m┼[0m[1m──────────────[0m[1m┼[0m[1m─────────[0m[1m┼[0m[1m────────────────[0m[1m┤[0m
│ clab-ml_17-r │ ceos         │ running │ 192.168.17.101 │
│              │ ceos:4.34.2F │         │ N/A            │
╰──────────────┴──────────────┴─────────┴────────────────╯
Using transformed lab topology from snapshot file netlab.snapshot.pickle
Checking virtualization provider installation
OK: clab installed and working correctly
Starting clab nodes
provider clab: executing sudo -E containerlab deploy --reconfigure -t clab.yml

Initial configuration skipped, run 'netlab initial' to configure the devices
