Checking virtualization provider installation
OK: clab installed and working correctly
Stopping clab nodes
14:41:25 INFO Parsing & checking topology file=clab.yml
14:41:25 INFO Parsing & checking topology file=clab.yml
14:41:25 INFO Destroying lab name=ml-17
14:41:25 INFO Removed container name=clab-ml-17-h2
14:41:25 INFO Removed container name=clab-ml-17-h4
14:41:26 INFO Removed container name=clab-ml-17-h1
14:41:26 INFO Removed container name=clab-ml-17-h3
14:41:26 INFO Removed container name=clab-ml-17-rtr
14:41:26 INFO Removed container name=clab-ml-17-dut
14:41:26 INFO Removing host entries path=/etc/hosts
14:41:26 INFO Removing SSH config path=/etc/ssh/ssh_config.d/clab-ml-17.conf
Cleanup configuration files
... removing clab.yml
... removing ansible.cfg
... removing hosts.yml
... removing directory tree group_vars
... removing directory tree host_vars
... removing directory tree node_files
... removing netlab.snapshot.pickle
