02:45:43 INFO Parsing & checking topology file=clab.yml
02:45:43 INFO Parsing & checking topology file=clab.yml
02:45:43 INFO Destroying lab name=ml_31
02:45:44 INFO Removed container name=clab-ml_31-r22
02:45:45 INFO Removed container name=clab-ml_31-r12
02:45:45 INFO Removed container name=clab-ml_31-r21
02:45:45 INFO Removed container name=clab-ml_31-v2
02:45:45 INFO Removed container name=clab-ml_31-v1
02:45:45 INFO Removed container name=clab-ml_31-rb
02:45:45 INFO Removed container name=clab-ml_31-r11
02:45:45 INFO Removed container name=clab-ml_31-dut
02:45:45 INFO Removing host entries path=/etc/hosts
02:45:45 INFO Removing SSH config path=/etc/ssh/ssh_config.d/clab-ml_31.conf
Checking virtualization provider installation
OK: clab installed and working correctly
Stopping clab nodes
Cleanup configuration files
... removing clab.yml
... removing directory tree clab_files
... removing ansible.cfg
... removing hosts.yml
... removing directory tree group_vars
... removing directory tree host_vars
... removing netlab.snapshot.yml
