[CONFIG]  dut: daemons,hosts,initial,isis,bgp,vrf,srv6
[CONFIG]  pe2: daemons,hosts (shared),initial,isis,bgp,vrf,srv6
[CONFIG]  ce1: daemons,hosts (shared),initial,bgp
[CONFIG]  ce2: daemons,hosts (shared),initial,bgp
[CONFIG]  h1: initial,routing,hosts (shared)
[CONFIG]  h2: initial,routing,hosts (shared)
[CONFIG]  p: daemons,hosts (shared),initial,isis
Createdprovider configuration file: clab.yml
Createdpickled transformed topology data into netlab.snapshot.pickle
Created group_vars for all
Created group_vars for modules
Created group_vars for frr
Created host_vars for dut
Created host_vars for pe2
Created host_vars for ce1
Created host_vars for ce2
Created host_vars for p
Created group_vars for linux
Created host_vars for h1
Created host_vars for h2
Createdminimized Ansible inventory hosts.yml
CreatedAnsible configuration file: ansible.cfg
Createdtransformed topology dump in YAML format in netlab.snapshot.yml
