Creating Device configuration snippets
[CREATED] dut: initial,isis,bgp,vrf,srv6
[CREATED] pe2: initial,isis,bgp,vrf,srv6
[CREATED] ce1: initial,bgp
[CREATED] ce2: initial,bgp
[CREATED] h1: initial
[CREATED] h2: initial
[CREATED] p: initial,isis
Config Deploying device configurations
 [INFO] Executing initial configuration for node dut
 [INFO] Executing initial configuration for node pe2
 [INFO] Executing initial configuration for node ce1
 [INFO] Executing initial configuration for node ce2
 [INFO] Executing initial configuration for node h1 (namespace clab-
          ml-17-h1)
 [INFO] Executing initial configuration for node h2 (namespace clab-
          ml-17-h2)
 [INFO] Executing initial configuration for node p
 [INFO] Executing bgp configuration for node ce1
 [INFO] Executing isis configuration for node p
 [INFO] Executing isis configuration for node pe2
 [INFO] Executing isis configuration for node dut
 [INFO] Executing bgp configuration for node ce2
 [INFO] Executing bgp configuration for node dut
 [INFO] Executing bgp configuration for node pe2
 [INFO] Executing vrf configuration for node dut
 [INFO] Executing vrf configuration for node pe2
 [INFO] Executing srv6 configuration for node dut
 [INFO] Executing srv6 configuration for node pe2

Results of configuration script deployments
================================================================================
dut              Script:  initial,isis,bgp,vrf,srv6
pe2              Script:  initial,isis,bgp,vrf,srv6
ce1              Script:  initial,bgp
ce2              Script:  initial,bgp
h1               Script:  initial
h2               Script:  initial
p                Script:  initial,isis


The tested device (DUT) is a PE-router running IS-IS, BGP L3VPN and SRv6
across an IPv6-only network to interconnect two IPv6-only networks. The
validation test checks end-to-end L3VPN IPv6 connectivity across a SRv6 core.

