Bringing machine 's3' up with 'libvirt' provider...
Bringing machine 'h1' up with 'libvirt' provider...
Bringing machine 'h2' up with 'libvirt' provider...
Bringing machine 'h3' up with 'libvirt' provider...
Bringing machine 'h4' up with 'libvirt' provider...
Bringing machine 'h5' up with 'libvirt' provider...
Bringing machine 'h6' up with 'libvirt' provider...
Bringing machine 's1' up with 'libvirt' provider...
Bringing machine 's2' up with 'libvirt' provider...
==> h3: Checking if box 'generic/ubuntu2004' version '4.3.8' is up to date...
==> h6: Checking if box 'generic/ubuntu2004' version '4.3.8' is up to date...
==> h5: Checking if box 'generic/ubuntu2004' version '4.3.8' is up to date...
==> s1: Checking if box 'juniper/vptx' version '23.1S1.8' is up to date...
==> s1: There was a problem while downloading the metadata for your box
==> s1: to check for updates. This is not an error, since it is usually due
==> s1: to temporary network problems. This is just a warning. The problem
==> s1: encountered was:
==> s1: 
==> s1: Couldn't open file /tmp/box.json
==> s1: 
==> s1: If you want to check for box updates, verify your network connection
==> s1: is valid and try again.
==> h2: Checking if box 'generic/ubuntu2004' version '4.3.8' is up to date...
==> h6: Creating image (snapshot of base box volume).
==> s1: Creating image (snapshot of base box volume).
==> h5: Creating image (snapshot of base box volume).
==> s1: Creating domain with the following settings...
==> s1:  -- Name:              ml_17_s1
==> h2: Creating image (snapshot of base box volume).
==> h3: Creating image (snapshot of base box volume).
==> h5: Creating domain with the following settings...
==> s1:  -- Description:       Source: /tmp/netlab_cicd/Vagrantfile
==> h2: Creating domain with the following settings...
==> s1:  -- Domain type:       kvm
==> h4: Checking if box 'generic/ubuntu2004' version '4.3.8' is up to date...
==> h3: Creating domain with the following settings...
==> h5:  -- Name:              ml_17_h5
==> h3:  -- Name:              ml_17_h3
==> h2:  -- Name:              ml_17_h2
==> s1:  -- Cpus:              4
==> h4: Creating image (snapshot of base box volume).
==> h3:  -- Description:       Source: /tmp/netlab_cicd/Vagrantfile
==> h3:  -- Domain type:       kvm
==> h3:  -- Cpus:              1
==> h5:  -- Description:       Source: /tmp/netlab_cicd/Vagrantfile
==> h4: Creating domain with the following settings...
==> h2:  -- Description:       Source: /tmp/netlab_cicd/Vagrantfile
==> h2:  -- Domain type:       kvm
==> s3: Checking if box 'CumulusCommunity/cumulus-vx' version '4.4.0' is up to date...
==> s1:  -- CPU feature:       name=vmx, policy=require
==> h2:  -- Cpus:              1
==> s1:  -- Feature:           acpi
==> h2:  -- Feature:           acpi
==> s2: Checking if box 'juniper/vptx' version '23.1S1.8' is up to date...
==> h6: Creating domain with the following settings...
==> h3:  -- Feature:           acpi
==> s2: Creating image (snapshot of base box volume).
==> s2: Creating domain with the following settings...
==> s1:  -- Feature:           apic
==> h4:  -- Name:              ml_17_h4
==> h6:  -- Name:              ml_17_h6
==> h6:  -- Description:       Source: /tmp/netlab_cicd/Vagrantfile
==> h5:  -- Domain type:       kvm
==> h6:  -- Domain type:       kvm
==> s2:  -- Name:              ml_17_s2
==> h4:  -- Description:       Source: /tmp/netlab_cicd/Vagrantfile
==> h5:  -- Cpus:              1
==> s1:  -- Feature:           pae
==> h2:  -- Feature:           apic
==> h2:  -- Feature:           pae
==> s2:  -- Description:       Source: /tmp/netlab_cicd/Vagrantfile
==> h4:  -- Domain type:       kvm
==> s2:  -- Domain type:       kvm
==> s2:  -- Cpus:              4
==> s2:  -- CPU feature:       name=vmx, policy=require
==> s2:  -- Feature:           acpi
==> h4:  -- Cpus:              1
==> s1:  -- Clock offset:      utc
==> s1:  -- Memory:            8192M
==> s1:  -- Management MAC:    08:4f:a9:00:00:08
==> s1:  -- Base box:          juniper/vptx
==> h3:  -- Feature:           apic
==> h6:  -- Cpus:              1
==> h3:  -- Feature:           pae
==> h5:  -- Feature:           acpi
==> s2:  -- Feature:           apic
==> s1:  -- Storage pool:      default
==> s2:  -- Feature:           pae
==> h4:  -- Feature:           acpi
==> s2:  -- Clock offset:      utc
==> h3:  -- Clock offset:      utc
==> h5:  -- Feature:           apic
==> h2:  -- Clock offset:      utc
==> s1:  -- Image(vda):        /var/lib/libvirt/images/ml_17_s1.img, virtio, 40G
==> h6:  -- Feature:           acpi
==> h4:  -- Feature:           apic
==> s2:  -- Memory:            8192M
==> h6:  -- Feature:           apic
==> h4:  -- Feature:           pae
==> h6:  -- Feature:           pae
==> s1:  -- Disk driver opts:  cache='default'
==> s2:  -- Management MAC:    08:4f:a9:00:00:09
==> s2:  -- Base box:          juniper/vptx
==> h2:  -- Memory:            1024M
==> h5:  -- Feature:           pae
==> h2:  -- Management MAC:    08:4f:a9:00:00:03
==> h6:  -- Clock offset:      utc
==> h6:  -- Memory:            1024M
==> h3:  -- Memory:            1024M
==> s2:  -- Storage pool:      default
==> h4:  -- Clock offset:      utc
==> h2:  -- Base box:          generic/ubuntu2004
==> h4:  -- Memory:            1024M
==> s1:  -- Graphics Type:     none
==> h6:  -- Management MAC:    08:4f:a9:00:00:07
==> h6:  -- Base box:          generic/ubuntu2004
==> s2:  -- Image(vda):        /var/lib/libvirt/images/ml_17_s2.img, virtio, 40G
==> h2:  -- Storage pool:      default
==> h2:  -- Image(vda):        /var/lib/libvirt/images/ml_17_h2.img, virtio, 128G
==> h2:  -- Disk driver opts:  cache='default'
==> h2:  -- Graphics Type:     vnc
==> h5:  -- Clock offset:      utc
==> h6:  -- Storage pool:      default
==> s1:  -- Video Type:        cirrus
==> h3:  -- Management MAC:    08:4f:a9:00:00:04
==> s2:  -- Disk driver opts:  cache='default'
==> s2:  -- Graphics Type:     none
==> s1:  -- Video VRAM:        16384
==> h5:  -- Memory:            1024M
==> s2:  -- Video Type:        cirrus
==> h5:  -- Management MAC:    08:4f:a9:00:00:06
==> h3:  -- Base box:          generic/ubuntu2004
==> h2:  -- Video Type:        cirrus
==> h4:  -- Management MAC:    08:4f:a9:00:00:05
==> h2:  -- Video VRAM:        256
==> s1:  -- Video 3D accel:    false
==> s2:  -- Video VRAM:        16384
==> h5:  -- Base box:          generic/ubuntu2004
==> s2:  -- Video 3D accel:    false
==> h6:  -- Image(vda):        /var/lib/libvirt/images/ml_17_h6.img, virtio, 128G
==> h4:  -- Base box:          generic/ubuntu2004
==> h4:  -- Storage pool:      default
==> s1:  -- Keymap:            en-us
==> h3:  -- Storage pool:      default
==> h3:  -- Image(vda):        /var/lib/libvirt/images/ml_17_h3.img, virtio, 128G
==> h3:  -- Disk driver opts:  cache='default'
==> h2:  -- Video 3D accel:    false
==> h6:  -- Disk driver opts:  cache='default'
==> s1:  -- TPM Backend:       passthrough
==> h4:  -- Image(vda):        /var/lib/libvirt/images/ml_17_h4.img, virtio, 128G
==> s2:  -- Keymap:            en-us
==> h3:  -- Graphics Type:     vnc
==> h2:  -- Keymap:            en-us
==> h4:  -- Disk driver opts:  cache='default'
==> h5:  -- Storage pool:      default
==> s1:  -- Sysinfo:
==> h6:  -- Graphics Type:     vnc
==> s2:  -- TPM Backend:       passthrough
==> h3:  -- Video Type:        cirrus
==> s2:  -- Sysinfo:
==> h4:  -- Graphics Type:     vnc
==> h3:  -- Video VRAM:        256
==> h6:  -- Video Type:        cirrus
==> s1:    -- BIOS:
==> h2:  -- TPM Backend:       passthrough
==> s2:    -- BIOS:
==> h4:  -- Video Type:        cirrus
==> s1:     -> vendor: Bochs
==> s1:     -> version: Bochs
==> h6:  -- Video VRAM:        256
==> h2:  -- INPUT:             type=mouse, bus=ps2
==> h5:  -- Image(vda):        /var/lib/libvirt/images/ml_17_h5.img, virtio, 128G
==> s2:     -> vendor: Bochs
==> h4:  -- Video VRAM:        256
==> s2:     -> version: Bochs
==> s1:    -- System:
==> h6:  -- Video 3D accel:    false
==> h5:  -- Disk driver opts:  cache='default'
==> h3:  -- Video 3D accel:    false
==> h4:  -- Video 3D accel:    false
==> h4:  -- Keymap:            en-us
==> h4:  -- TPM Backend:       passthrough
==> h4:  -- INPUT:             type=mouse, bus=ps2
==> h6:  -- Keymap:            en-us
==> s1:     -> manufacturer: Bochs
==> h3:  -- Keymap:            en-us
==> h3:  -- TPM Backend:       passthrough
==> h3:  -- INPUT:             type=mouse, bus=ps2
==> s1:     -> product: Bochs
==> h1: Checking if box 'generic/ubuntu2004' version '4.3.8' is up to date...
==> h5:  -- Graphics Type:     vnc
==> s1:     -> serial: chassis_no=0:slot=0:type=1:assembly_id=0x0D20:platform=251:master=0:channelized=no
==> s1:    -- Chassis:
==> h5:  -- Video Type:        cirrus
==> s2:    -- System:
==> h5:  -- Video VRAM:        256
==> h1: Creating image (snapshot of base box volume).
==> s2:     -> manufacturer: Bochs
==> s2:     -> product: Bochs
==> s2:     -> serial: chassis_no=0:slot=0:type=1:assembly_id=0x0D20:platform=251:master=0:channelized=no
==> s2:    -- Chassis:
==> s1:     -> manufacturer: Bochs
==> s1:  -- INPUT:             type=mouse, bus=ps2
==> h1: Creating domain with the following settings...
==> h4: Creating shared folders metadata...
==> h6:  -- TPM Backend:       passthrough
==> s2:     -> manufacturer: Bochs
==> h5:  -- Video 3D accel:    false
==> h1:  -- Name:              ml_17_h1
==> h6:  -- INPUT:             type=mouse, bus=ps2
==> h4: Starting domain.
==> s2:  -- INPUT:             type=mouse, bus=ps2
==> h5:  -- Keymap:            en-us
==> h1:  -- Description:       Source: /tmp/netlab_cicd/Vagrantfile
==> h5:  -- TPM Backend:       passthrough
==> h4: Domain launching with graphics connection settings...
==> h1:  -- Domain type:       kvm
==> h4:  -- Graphics Port:      5900
==> h5:  -- INPUT:             type=mouse, bus=ps2
==> h1:  -- Cpus:              1
==> h4:  -- Graphics IP:        127.0.0.1
==> h1:  -- Feature:           acpi
==> h4:  -- Graphics Password:  Not defined
==> h4:  -- Graphics Websocket: 5700
==> h3: Creating shared folders metadata...
==> h3: Starting domain.
==> h1:  -- Feature:           apic
==> h4: Waiting for domain to get an IP address...
==> h3: Domain launching with graphics connection settings...
==> h3:  -- Graphics Port:      5901
==> h1:  -- Feature:           pae
==> s3: Creating image (snapshot of base box volume).
==> h3:  -- Graphics IP:        127.0.0.1
==> h3:  -- Graphics Password:  Not defined
==> h3:  -- Graphics Websocket: 5701
==> h1:  -- Clock offset:      utc
==> s3: Creating domain with the following settings...
==> h3: Waiting for domain to get an IP address...
==> s3:  -- Name:              ml_17_s3
==> s3:  -- Description:       Source: /tmp/netlab_cicd/Vagrantfile
==> s3:  -- Domain type:       kvm
==> h1:  -- Memory:            1024M
==> h2: Creating shared folders metadata...
==> s3:  -- Cpus:              2
==> h2: Starting domain.
==> h1:  -- Management MAC:    08:4f:a9:00:00:02
==> s3:  -- Feature:           acpi
==> h1:  -- Base box:          generic/ubuntu2004
==> h2: Domain launching with graphics connection settings...
==> s3:  -- Feature:           apic
==> h1:  -- Storage pool:      default
==> h2:  -- Graphics Port:      5902
==> s3:  -- Feature:           pae
==> h1:  -- Image(vda):        /var/lib/libvirt/images/ml_17_h1.img, virtio, 128G
==> h2:  -- Graphics IP:        127.0.0.1
==> s3:  -- Clock offset:      utc
==> h1:  -- Disk driver opts:  cache='default'
==> h2:  -- Graphics Password:  Not defined
==> s3:  -- Memory:            1024M
==> h2:  -- Graphics Websocket: 5702
==> s3:  -- Management MAC:    08:4f:a9:00:00:01
==> h1:  -- Graphics Type:     vnc
==> h2: Waiting for domain to get an IP address...
==> s3:  -- Base box:          CumulusCommunity/cumulus-vx
==> h1:  -- Video Type:        cirrus
==> s3:  -- Storage pool:      default
==> h1:  -- Video VRAM:        256
==> s3:  -- Image(vda):        /var/lib/libvirt/images/ml_17_s3.img, virtio, 6G
==> h1:  -- Video 3D accel:    false
==> s3:  -- Disk driver opts:  cache='default'
==> s3:  -- Graphics Type:     vnc
==> h1:  -- Keymap:            en-us
==> s3:  -- Video Type:        cirrus
==> h1:  -- TPM Backend:       passthrough
==> s3:  -- Video VRAM:        16384
==> s3:  -- Video 3D accel:    false
==> s3:  -- Keymap:            en-us
==> h1:  -- INPUT:             type=mouse, bus=ps2
==> s3:  -- TPM Backend:       passthrough
==> s3:  -- INPUT:             type=mouse, bus=ps2
==> h6: Creating shared folders metadata...
==> h6: Starting domain.
==> h6: Domain launching with graphics connection settings...
==> h6:  -- Graphics Port:      5903
==> h6:  -- Graphics IP:        127.0.0.1
==> h6:  -- Graphics Password:  Not defined
==> h6:  -- Graphics Websocket: 5703
==> h6: Waiting for domain to get an IP address...
==> s2: Creating shared folders metadata...
==> s2: Updating domain definition due to configuration change
==> s2: Starting domain.
==> s2: Waiting for domain to get an IP address...
==> s3: Creating shared folders metadata...
==> s3: Starting domain.
==> s3: Domain launching with graphics connection settings...
==> s3:  -- Graphics Port:      5904
==> s3:  -- Graphics IP:        127.0.0.1
==> s3:  -- Graphics Password:  Not defined
==> s3:  -- Graphics Websocket: 5704
==> s3: Waiting for domain to get an IP address...
==> s1: Creating shared folders metadata...
==> s1: Updating domain definition due to configuration change
==> s1: Starting domain.
==> s1: Waiting for domain to get an IP address...
==> h1: Creating shared folders metadata...
==> h1: Starting domain.
==> h4: Waiting for machine to boot. This may take a few minutes...
==> h3: Waiting for machine to boot. This may take a few minutes...
==> h1: Domain launching with graphics connection settings...
==> h1:  -- Graphics Port:      5905
==> h1:  -- Graphics IP:        127.0.0.1
==> h1:  -- Graphics Password:  Not defined
==> h1:  -- Graphics Websocket: 5705
==> h1: Waiting for domain to get an IP address...
==> h5: Creating shared folders metadata...
==> h5: Starting domain.
==> h2: Waiting for machine to boot. This may take a few minutes...
==> h5: Domain launching with graphics connection settings...
==> h5:  -- Graphics Port:      5906
==> h5:  -- Graphics IP:        127.0.0.1
==> h5:  -- Graphics Password:  Not defined
==> h5:  -- Graphics Websocket: 5706
==> h5: Waiting for domain to get an IP address...
    h3: SSH address: 192.168.17.104:22
    h2: SSH address: 192.168.17.103:22
    h3: SSH username: vagrant
    h2: SSH username: vagrant
    h3: SSH auth method: private key
    h2: SSH auth method: private key
    h4: SSH address: 192.168.17.105:22
    h4: SSH username: vagrant
    h4: SSH auth method: private key
    h2: Warning: Connection refused. Retrying...
    h3: Warning: Connection refused. Retrying...
    h4: Warning: Connection refused. Retrying...
==> h6: Waiting for machine to boot. This may take a few minutes...
    h6: SSH address: 192.168.17.107:22
    h6: SSH username: vagrant
    h6: SSH auth method: private key
    h6: Warning: Connection refused. Retrying...
    h4: 
    h4: Vagrant insecure key detected. Vagrant will automatically replace
    h4: this with a newly generated keypair for better security.
    h3: 
    h3: Vagrant insecure key detected. Vagrant will automatically replace
    h3: this with a newly generated keypair for better security.
    h2: 
    h2: Vagrant insecure key detected. Vagrant will automatically replace
    h2: this with a newly generated keypair for better security.
==> h1: Waiting for machine to boot. This may take a few minutes...
    h4: 
    h4: Inserting generated public key within guest...
    h1: SSH address: 192.168.17.102:22
    h1: SSH username: vagrant
    h1: SSH auth method: private key
    h1: Warning: Connection refused. Retrying...
    h4: Removing insecure key from the guest if it's present...
==> h5: Waiting for machine to boot. This may take a few minutes...
    h5: SSH address: 192.168.17.106:22
    h5: SSH username: vagrant
    h5: SSH auth method: private key
    h5: Warning: Connection refused. Retrying...
    h3: 
    h3: Inserting generated public key within guest...
    h6: 
    h6: Vagrant insecure key detected. Vagrant will automatically replace
    h6: this with a newly generated keypair for better security.
    h4: Key inserted! Disconnecting and reconnecting using new SSH key...
    h2: 
    h2: Inserting generated public key within guest...
    h3: Removing insecure key from the guest if it's present...
    h2: Removing insecure key from the guest if it's present...
==> h4: Machine booted and ready!
    h3: Key inserted! Disconnecting and reconnecting using new SSH key...
    h2: Key inserted! Disconnecting and reconnecting using new SSH key...
==> h3: Machine booted and ready!
    h6: 
    h6: Inserting generated public key within guest...
    h6: Removing insecure key from the guest if it's present...
    h6: Key inserted! Disconnecting and reconnecting using new SSH key...
    h1: 
    h1: Vagrant insecure key detected. Vagrant will automatically replace
    h1: this with a newly generated keypair for better security.
==> h2: Machine booted and ready!
    h5: 
    h5: Vagrant insecure key detected. Vagrant will automatically replace
    h5: this with a newly generated keypair for better security.
==> h6: Machine booted and ready!
    h1: 
    h1: Inserting generated public key within guest...
    h1: Removing insecure key from the guest if it's present...
    h5: 
    h5: Inserting generated public key within guest...
    h1: Key inserted! Disconnecting and reconnecting using new SSH key...
    h5: Removing insecure key from the guest if it's present...
    h5: Key inserted! Disconnecting and reconnecting using new SSH key...
==> h1: Machine booted and ready!
==> s3: Waiting for machine to boot. This may take a few minutes...
    s3: SSH address: 192.168.17.101:22
    s3: SSH username: vagrant
    s3: SSH auth method: private key
==> h5: Machine booted and ready!
    s3: 
    s3: Vagrant insecure key detected. Vagrant will automatically replace
    s3: this with a newly generated keypair for better security.
    s3: 
    s3: Inserting generated public key within guest...
    s3: Removing insecure key from the guest if it's present...
    s3: Key inserted! Disconnecting and reconnecting using new SSH key...
==> s3: Machine booted and ready!
==> s2: Waiting for machine to boot. This may take a few minutes...
    s2: SSH address: 192.168.17.109:22
    s2: SSH username: vagrant
    s2: SSH auth method: private key
==> s1: Waiting for machine to boot. This may take a few minutes...
    s1: SSH address: 192.168.17.108:22
    s1: SSH username: vagrant
    s1: SSH auth method: private key
==> s1: Machine booted and ready!
==> s2: Machine booted and ready!
Using transformed lab topology from snapshot file netlab.snapshot.yml
Checking virtualization provider installation
OK: libvirt installed and working correctly
Starting libvirt nodes
creating libvirt management network nl_mgmt_17
provider libvirt: executing vagrant up --provider libvirt

Initial configuration skipped, run 'netlab initial' to configure the devices
