Checking virtualization provider installation
OK: libvirt installed and working correctly
OK: clab installed and working correctly
Stopping clab nodes
11:21:04 INFO Parsing & checking topology file=clab-augment.yml
11:21:04 INFO Parsing & checking topology file=clab-augment.yml
11:21:04 INFO Destroying lab name=ml-17
11:21:05 INFO Removed container name=clab-ml-17-h2
11:21:05 INFO Removed container name=clab-ml-17-h1
11:21:05 INFO Removed container name=clab-ml-17-pe2
11:21:05 INFO Removed container name=clab-ml-17-p1
11:21:05 INFO Removed container name=clab-ml-17-p2
11:21:05 INFO Removing host entries path=/etc/hosts
11:21:05 INFO Removing SSH config path=/etc/ssh/ssh_config.d/clab-ml-17.conf

Stopping libvirt nodes
[fog][WARNING] Unrecognized arguments: libvirt_ip_command
==> dut: Removing domain...
==> dut: Deleting the machine folder
Cleanup configuration files
... removing Vagrantfile
... removing clab-augment.yml
... removing ansible.cfg
... removing hosts.yml
... removing directory tree group_vars
... removing directory tree host_vars
... removing directory tree node_files
... removing netlab.snapshot.yml
... removing netlab.snapshot.pickle
