Bringing machine 'dut' up with 'libvirt' provider...
Bringing machine 'x2' up with 'libvirt' provider...
Bringing machine 'x1' up with 'libvirt' provider...
==> dut: Checking if box 'dell/os10' version '5.6.6' is up to date...
[fog][WARNING] Unrecognized arguments: libvirt_ip_command
==> dut: Creating image (snapshot of base box volume).
==> dut: Creating domain with the following settings...
==> dut:  -- Name:              ml_17_dut
==> dut:  -- Description:       Source: /work/netlab_cicd/Vagrantfile
==> dut:  -- Domain type:       kvm
==> dut:  -- Cpus:              2
==> dut:  -- Feature:           acpi
==> dut:  -- Feature:           apic
==> dut:  -- Feature:           pae
==> dut:  -- Clock offset:      utc
==> dut:  -- Memory:            4096M
==> dut:  -- Management MAC:    08:4f:a9:01:00:00
==> dut:  -- Base box:          dell/os10
==> dut:  -- Storage pool:      default
==> dut:  -- Image(vda):        /var/lib/libvirt/images/ml_17_dut.img, ide, 50G
==> dut:  -- Disk driver opts:  cache='default'
==> dut:  -- Graphics Type:     vnc
==> dut:  -- Video Type:        cirrus
==> dut:  -- Video VRAM:        16384
==> dut:  -- Video 3D accel:    false
==> dut:  -- Keymap:            en-us
==> dut:  -- TPM Backend:       passthrough
==> dut:  -- INPUT:             type=mouse, bus=ps2
==> x1: Checking if box 'arista/veos' version '4.31.2F' is up to date...
[fog][WARNING] Unrecognized arguments: libvirt_ip_command
==> x1: Creating image (snapshot of base box volume).
==> x1: Creating domain with the following settings...
==> x1:  -- Name:              ml_17_x1
==> x1:  -- Description:       Source: /work/netlab_cicd/Vagrantfile
==> x1:  -- Domain type:       kvm
==> x1:  -- Cpus:              2
==> x1:  -- Feature:           acpi
==> x1:  -- Feature:           apic
==> x1:  -- Feature:           pae
==> x1:  -- Clock offset:      utc
==> x1:  -- Memory:            2048M
==> x1:  -- Management MAC:    08:4f:a9:03:00:00
==> x1:  -- Base box:          arista/veos
==> x1:  -- Storage pool:      default
==> x1:  -- Image(vda):        /var/lib/libvirt/images/ml_17_x1.img, ide, 5G
==> x1:  -- Disk driver opts:  cache='default'
==> x1:  -- Graphics Type:     vnc
==> x1:  -- Video Type:        cirrus
==> x1:  -- Video VRAM:        16384
==> x1:  -- Video 3D accel:    false
==> x1:  -- Keymap:            en-us
==> x1:  -- TPM Backend:       passthrough
==> x1:  -- INPUT:             type=mouse, bus=ps2
==> x2: Checking if box 'arista/veos' version '4.31.2F' is up to date...
[fog][WARNING] Unrecognized arguments: libvirt_ip_command
==> x2: Creating image (snapshot of base box volume).
==> x2: Creating domain with the following settings...
==> x2:  -- Name:              ml_17_x2
==> x2:  -- Description:       Source: /work/netlab_cicd/Vagrantfile
==> x2:  -- Domain type:       kvm
==> x2:  -- Cpus:              2
==> x2:  -- Feature:           acpi
==> x2:  -- Feature:           apic
==> x2:  -- Feature:           pae
==> x2:  -- Clock offset:      utc
==> x2:  -- Memory:            2048M
==> dut: Creating shared folders metadata...
==> x2:  -- Management MAC:    08:4f:a9:02:00:00
==> dut: Starting domain.
==> x2:  -- Base box:          arista/veos
==> dut: Domain launching with graphics connection settings...
==> x2:  -- Storage pool:      default
==> x2:  -- Image(vda):        /var/lib/libvirt/images/ml_17_x2.img, ide, 5G
==> dut:  -- Graphics Port:      5900
==> x2:  -- Disk driver opts:  cache='default'
==> x2:  -- Graphics Type:     vnc
==> dut:  -- Graphics IP:        127.0.0.1
==> x2:  -- Video Type:        cirrus
==> dut:  -- Graphics Password:  Not defined
==> x2:  -- Video VRAM:        16384
==> x1: Creating shared folders metadata...
==> dut:  -- Graphics Websocket: 5700
==> x1: Starting domain.
==> dut: Waiting for domain to get an IP address...
==> x1: Domain launching with graphics connection settings...
==> x2:  -- Video 3D accel:    false
==> x1:  -- Graphics Port:      5901
==> x1:  -- Graphics IP:        127.0.0.1
==> x2:  -- Keymap:            en-us
==> x1:  -- Graphics Password:  Not defined
==> x2:  -- TPM Backend:       passthrough
==> x1:  -- Graphics Websocket: 5701
==> x2:  -- INPUT:             type=mouse, bus=ps2
==> x1: Waiting for domain to get an IP address...
==> x2: Creating shared folders metadata...
==> x2: Starting domain.
==> x2: Domain launching with graphics connection settings...
==> x2:  -- Graphics Port:      5902
==> x2:  -- Graphics IP:        127.0.0.1
==> x2:  -- Graphics Password:  Not defined
==> x2:  -- Graphics Websocket: 5702
==> x2: Waiting for domain to get an IP address...
==> dut: Waiting for machine to boot. This may take a few minutes...
    dut: SSH address: 192.168.17.101:22
    dut: SSH username: vagrant
    dut: SSH auth method: private key
==> dut: Machine booted and ready!
==> x1: Waiting for machine to boot. This may take a few minutes...
    x1: SSH address: 192.168.17.103:22
    x1: SSH username: vagrant
    x1: SSH auth method: private key
==> x2: Waiting for machine to boot. This may take a few minutes...
    x2: SSH address: 192.168.17.102:22
    x2: SSH username: vagrant
    x2: SSH auth method: private key
    x2: Warning: Connection refused. Retrying...
==> x1: Machine booted and ready!
==> x2: Machine booted and ready!
Using transformed lab topology from snapshot file netlab.snapshot.yml
Checking virtualization provider installation
OK: libvirt installed and working correctly
Starting libvirt nodes
creating libvirt management network nl_mgmt_17
provider libvirt: executing vagrant up --provider libvirt

Initial configuration skipped, run 'netlab initial' to configure the devices
