Bringing machine 'dut_a' up with 'libvirt' provider...
Bringing machine 'dut_b' up with 'libvirt' provider...
Bringing machine 'x1' up with 'libvirt' provider...
Bringing machine 'x2' up with 'libvirt' provider...
==> dut_a: Checking if box 'dell/os10' version '5.6.6' is up to date...
[fog][WARNING] Unrecognized arguments: libvirt_ip_command
==> dut_a: Creating image (snapshot of base box volume).
==> dut_a: Creating domain with the following settings...
==> dut_a:  -- Name:              ml_17_dut_a
==> dut_a:  -- Description:       Source: /work/netlab_cicd/Vagrantfile
==> dut_a:  -- Domain type:       kvm
==> dut_a:  -- Cpus:              2
==> dut_a:  -- Feature:           acpi
==> dut_a:  -- Feature:           apic
==> dut_a:  -- Feature:           pae
==> dut_a:  -- Clock offset:      utc
==> dut_a:  -- Memory:            4096M
==> dut_a:  -- Management MAC:    08:4f:a9:00:00:01
==> dut_a:  -- Base box:          dell/os10
==> dut_a:  -- Storage pool:      default
==> dut_a:  -- Image(vda):        /var/lib/libvirt/images/ml_17_dut_a.img, ide, 50G
==> dut_a:  -- Disk driver opts:  cache='default'
==> dut_a:  -- Graphics Type:     vnc
==> dut_a:  -- Video Type:        cirrus
==> dut_a:  -- Video VRAM:        16384
==> dut_a:  -- Video 3D accel:    false
==> dut_a:  -- Keymap:            en-us
==> dut_a:  -- TPM Backend:       passthrough
==> dut_a:  -- INPUT:             type=mouse, bus=ps2
==> x1: Checking if box 'arista/veos' version '4.31.2F' is up to date...
[fog][WARNING] Unrecognized arguments: libvirt_ip_command
==> x1: Creating image (snapshot of base box volume).
==> x1: Creating domain with the following settings...
==> x1:  -- Name:              ml_17_x1
==> x1:  -- Description:       Source: /work/netlab_cicd/Vagrantfile
==> x1:  -- Domain type:       kvm
==> x1:  -- Cpus:              2
==> x1:  -- Feature:           acpi
==> x1:  -- Feature:           apic
==> x1:  -- Feature:           pae
==> x1:  -- Clock offset:      utc
==> x1:  -- Memory:            2048M
==> x1:  -- Management MAC:    08:4f:a9:00:00:03
==> x1:  -- Base box:          arista/veos
==> x1:  -- Storage pool:      default
==> x1:  -- Image(vda):        /var/lib/libvirt/images/ml_17_x1.img, ide, 5G
==> x1:  -- Disk driver opts:  cache='default'
==> x1:  -- Graphics Type:     vnc
==> x1:  -- Video Type:        cirrus
==> x1:  -- Video VRAM:        16384
==> x1:  -- Video 3D accel:    false
==> x1:  -- Keymap:            en-us
==> x1:  -- TPM Backend:       passthrough
==> x1:  -- INPUT:             type=mouse, bus=ps2
==> dut_b: Checking if box 'dell/os10' version '5.6.6' is up to date...
[fog][WARNING] Unrecognized arguments: libvirt_ip_command
==> dut_b: Creating image (snapshot of base box volume).
==> dut_b: Creating domain with the following settings...
==> dut_b:  -- Name:              ml_17_dut_b
==> dut_b:  -- Description:       Source: /work/netlab_cicd/Vagrantfile
==> dut_b:  -- Domain type:       kvm
==> dut_b:  -- Cpus:              2
==> dut_b:  -- Feature:           acpi
==> dut_b:  -- Feature:           apic
==> dut_b:  -- Feature:           pae
==> dut_b:  -- Clock offset:      utc
==> dut_b:  -- Memory:            4096M
==> x2: Checking if box 'arista/veos' version '4.31.2F' is up to date...
==> dut_b:  -- Management MAC:    08:4f:a9:00:00:02
==> dut_b:  -- Base box:          dell/os10
==> dut_b:  -- Storage pool:      default
[fog][WARNING] Unrecognized arguments: libvirt_ip_command
==> dut_b:  -- Image(vda):        /var/lib/libvirt/images/ml_17_dut_b.img, ide, 50G
==> dut_a: Creating shared folders metadata...
==> dut_b:  -- Disk driver opts:  cache='default'
==> dut_a: Starting domain.
==> dut_b:  -- Graphics Type:     vnc
==> dut_a: Domain launching with graphics connection settings...
==> dut_b:  -- Video Type:        cirrus
==> dut_a:  -- Graphics Port:      5900
==> dut_b:  -- Video VRAM:        16384
==> dut_a:  -- Graphics IP:        127.0.0.1
==> dut_b:  -- Video 3D accel:    false
==> dut_a:  -- Graphics Password:  Not defined
==> dut_b:  -- Keymap:            en-us
==> dut_a:  -- Graphics Websocket: 5700
==> dut_b:  -- TPM Backend:       passthrough
==> dut_a: Waiting for domain to get an IP address...
==> dut_b:  -- INPUT:             type=mouse, bus=ps2
==> x2: Creating image (snapshot of base box volume).
==> x2: Creating domain with the following settings...
==> x1: Creating shared folders metadata...
==> x2:  -- Name:              ml_17_x2
==> x1: Starting domain.
==> x2:  -- Description:       Source: /work/netlab_cicd/Vagrantfile
==> x1: Domain launching with graphics connection settings...
==> x2:  -- Domain type:       kvm
==> x1:  -- Graphics Port:      5901
==> x2:  -- Cpus:              2
==> x1:  -- Graphics IP:        127.0.0.1
==> x2:  -- Feature:           acpi
==> x1:  -- Graphics Password:  Not defined
==> x2:  -- Feature:           apic
==> x1:  -- Graphics Websocket: 5701
==> x2:  -- Feature:           pae
==> x1: Waiting for domain to get an IP address...
==> x2:  -- Clock offset:      utc
==> x2:  -- Memory:            2048M
==> x2:  -- Management MAC:    08:4f:a9:00:00:04
==> x2:  -- Base box:          arista/veos
==> x2:  -- Storage pool:      default
==> x2:  -- Image(vda):        /var/lib/libvirt/images/ml_17_x2.img, ide, 5G
==> x2:  -- Disk driver opts:  cache='default'
==> x2:  -- Graphics Type:     vnc
==> x2:  -- Video Type:        cirrus
==> x2:  -- Video VRAM:        16384
==> x2:  -- Video 3D accel:    false
==> x2:  -- Keymap:            en-us
==> x2:  -- TPM Backend:       passthrough
==> x2:  -- INPUT:             type=mouse, bus=ps2
==> dut_b: Creating shared folders metadata...
==> dut_b: Starting domain.
==> dut_b: Domain launching with graphics connection settings...
==> dut_b:  -- Graphics Port:      5902
==> dut_b:  -- Graphics IP:        127.0.0.1
==> dut_b:  -- Graphics Password:  Not defined
==> dut_b:  -- Graphics Websocket: 5702
==> dut_b: Waiting for domain to get an IP address...
==> x2: Creating shared folders metadata...
==> x2: Starting domain.
==> x2: Domain launching with graphics connection settings...
==> x2:  -- Graphics Port:      5903
==> x2:  -- Graphics IP:        127.0.0.1
==> x2:  -- Graphics Password:  Not defined
==> x2:  -- Graphics Websocket: 5703
==> x2: Waiting for domain to get an IP address...
==> dut_a: Waiting for machine to boot. This may take a few minutes...
    dut_a: SSH address: 192.168.17.101:22
    dut_a: SSH username: vagrant
    dut_a: SSH auth method: private key
==> dut_b: Waiting for machine to boot. This may take a few minutes...
    dut_b: SSH address: 192.168.17.102:22
    dut_b: SSH username: vagrant
    dut_b: SSH auth method: private key
==> dut_a: Machine booted and ready!
==> dut_b: Machine booted and ready!
==> x2: Waiting for machine to boot. This may take a few minutes...
    x2: SSH address: 192.168.17.104:22
    x2: SSH username: vagrant
    x2: SSH auth method: private key
==> x1: Waiting for machine to boot. This may take a few minutes...
    x1: SSH address: 192.168.17.103:22
    x1: SSH username: vagrant
    x1: SSH auth method: private key
==> x2: Machine booted and ready!
==> x1: Machine booted and ready!
Using transformed lab topology from snapshot file netlab.snapshot.yml
Checking virtualization provider installation
OK: libvirt installed and working correctly
Starting libvirt nodes
creating libvirt management network nl_mgmt_17
provider libvirt: executing vagrant up --provider libvirt

Initial configuration skipped, run 'netlab initial' to configure the devices
