 [INFO] Executing initial configuration for node x1 (namespace clab-
          ml_17-x1)
 [INFO] Executing routing configuration for node x1 (namespace clab-
          ml_17-x1)
 [INFO] Executing initial configuration for node x2 (namespace clab-
          ml_17-x2)
 [INFO] Executing routing configuration for node x2 (namespace clab-
          ml_17-x2)
 [INFO] Executing initial configuration for node x3 (namespace clab-
          ml_17-x3)
 [INFO] Executing routing configuration for node x3 (namespace clab-
          ml_17-x3)

 [INFO] Starting Ansible playbook to deploy the rest of the
          configurations
/home/pipi/.local/lib/python3.10/site-packages/paramiko/pkey.py:100: CryptographyDeprecationWarning: TripleDES has been moved to cryptography.hazmat.decrepit.ciphers.algorithms.TripleDES and will be removed from cryptography.hazmat.primitives.ciphers.algorithms in 48.0.0.
  "cipher": algorithms.TripleDES,
/home/pipi/.local/lib/python3.10/site-packages/paramiko/transport.py:259: CryptographyDeprecationWarning: TripleDES has been moved to cryptography.hazmat.decrepit.ciphers.algorithms.TripleDES and will be removed from cryptography.hazmat.primitives.ciphers.algorithms in 48.0.0.
  "class": algorithms.TripleDES,
[WARNING]: Could not match supplied host pattern, ignoring: unprovisioned
[WARNING]: Found variable using reserved name: hosts

PLAY [Deploy initial device configuration] *************************************

TASK [Set variables that cannot be set with VARS] ******************************
ok: [dut]
ok: [x1]
ok: [x2]
ok: [x3]

TASK [Generic readiness tests] *************************************************
skipping: [dut]
skipping: [x1]
skipping: [x2]
skipping: [x3]

TASK [Find device readiness script] ********************************************
ok: [dut]
ok: [x1]
ok: [x2]
ok: [x3]

TASK [Wait for device to become ready] *****************************************
skipping: [x1]
skipping: [x2]
skipping: [x3]
included: /home/pipi/netlab_gh/netsim/ansible/tasks/readiness-check/cumulus_nvue.yml for dut

TASK [Wait for nvued to start] *************************************************
ok: [dut]

TASK [Normalize config on bridge-like devices] *********************************
included: /home/pipi/netlab_gh/netsim/ansible/tasks/deploy-module.yml for dut, x1, x2, x3

TASK [Figure out whether to deploy the module normalize on current device] *****
ok: [dut]
ok: [x1]
ok: [x2]
ok: [x3]

TASK [Find configuration template for normalize] *******************************
ok: [dut]
ok: [x1]
ok: [x2]
ok: [x3]

TASK [fail] ********************************************************************
skipping: [dut]
skipping: [x1]
skipping: [x2]
skipping: [x3]

TASK [Find configuration deployment deploy_script for normalize] ***************
ok: [dut]
ok: [x1]
ok: [x2]
ok: [x3]

TASK [Print deployed configuration when running in verbose mode] ***************
skipping: [dut]
skipping: [x1]
skipping: [x2]
skipping: [x3]

TASK [Deploy normalize configuration] ******************************************
skipping: [dut]
skipping: [x1]
skipping: [x2]
skipping: [x3]

TASK [Deploy initial configuration] ********************************************
included: /home/pipi/netlab_gh/netsim/ansible/tasks/deploy-module.yml for dut, x1, x2, x3

TASK [Figure out whether to deploy the module initial on current device] *******
ok: [dut]
ok: [x1]
ok: [x2]
ok: [x3]

TASK [Find configuration template for initial] *********************************
skipping: [x1]
skipping: [x2]
ok: [dut]
skipping: [x3]

TASK [fail] ********************************************************************
skipping: [dut]
skipping: [x1]
skipping: [x2]
skipping: [x3]

TASK [Find configuration deployment deploy_script for initial] *****************
skipping: [x1]
skipping: [x2]
skipping: [x3]
ok: [dut]

TASK [Print deployed configuration when running in verbose mode] ***************
skipping: [x1]
skipping: [x2]
skipping: [x3]
ok: [dut] => 
  msg: |-
    initial configuration for dut
    =========================================
  
    - set:
        system:
          hostname: dut
          global:
            system-mac: ca:fe:00:01:00:00
          config:
            snippet:
              system-mtu:
                file: /etc/network/ifupdown2/policy.d/mtu.json
                content: |
                  { "address": { "defaults": { "mtu": "1500" } } }
  
        interface:
          eth0:
            ip:
              vrf: mgmt
              address:
                dhcp: {}
            type: eth
          swp1:
            type: swp
            link:
              state:
                up : {}
            description: "dut -> x1 [stub]"
            ip:
              address:
                172.16.0.1/24: {}
                2001:db8:2::1/64: {}
              ipv6:
                forward: on
              neighbor-discovery:
                enable: on
                router-advertisement:
                  enable: on
                  interval: 5000
  
          swp2:
            type: swp
            link:
              state:
                up : {}
            description: "dut -> x2 [stub]"
            ip:
              address:
                172.16.1.1/24: {}
                2001:db8:2:1::1/64: {}
              ipv6:
                forward: on
              neighbor-discovery:
                enable: on
                router-advertisement:
                  enable: on
                  interval: 5000
  
          swp3:
            type: swp
            link:
              state:
                up : {}
            description: "dut -> x3 [stub]"
            ip:
              address:
                172.16.2.1/24: {}
                2001:db8:2:2::1/64: {}
              ipv6:
                forward: on
              neighbor-discovery:
                enable: on
                router-advertisement:
                  enable: on
                  interval: 5000
  
  
    - set:
        interface:
          lo:
            type: loopback
            ip:
              address:
                10.0.0.1/32: {}
                2001:db8:1:1::1/64: {}

TASK [Deploy initial configuration] ********************************************
skipping: [x1]
skipping: [x2]
skipping: [x3]
included: /home/pipi/netlab_gh/netsim/ansible/tasks/deploy-config/cumulus_nvue.yml for dut

TASK [set_fact] ****************************************************************
ok: [dut]

TASK [copy the cumulus nvue YAML initial config file to switch (generated from /home/pipi/netlab_gh/netsim/ansible/templates/initial/cumulus_nvue.j2)] ***
changed: [dut]

TASK [execute on cumulus: 'nv config patch' for initial config] ****************
changed: [dut]

TASK [execute on cumulus: 'nv config apply -y' for initial config] *************
changed: [dut]

PLAY [Deploy module-specific configurations] ***********************************

TASK [Set variables that cannot be set with VARS] ******************************
ok: [dut]
ok: [x1]
ok: [x2]
ok: [x3]

TASK [Deploy individual configuration modules] *********************************
included: /home/pipi/netlab_gh/netsim/ansible/tasks/deploy-module.yml for dut, x1, x2, x3 => (item=routing)
included: /home/pipi/netlab_gh/netsim/ansible/tasks/deploy-module.yml for dut, x1, x2, x3 => (item=vrf)

TASK [Figure out whether to deploy the module routing on current device] *******
ok: [dut]
ok: [x1]
ok: [x2]
ok: [x3]

TASK [Find configuration template for routing] *********************************
skipping: [x1]
skipping: [x2]
ok: [dut]
skipping: [x3]

TASK [fail] ********************************************************************
skipping: [dut]
skipping: [x1]
skipping: [x2]
skipping: [x3]

TASK [Find configuration deployment deploy_script for routing] *****************
skipping: [x1]
skipping: [x2]
skipping: [x3]
ok: [dut]

TASK [Print deployed configuration when running in verbose mode] ***************
skipping: [x1]
skipping: [x2]
skipping: [x3]
ok: [dut] => 
  msg: |-
    routing configuration for dut
    =========================================
    ---
    - set:
        vrf:
          blue:
            router:
              static:
                172.16.41.0/24:
                  address-family: ipv4-unicast
                  via:
                    172.16.0.2:
                      type: ipv4-address
                      vrf: red
    - set:
        vrf:
          blue:
            router:
              static:
                3fff:cafe:0:1::/64:
                  address-family: ipv6-unicast
                  via:
                    2001:db8:2::2:
                      type: ipv6-address
                      vrf: red
    - set:
        vrf:
          red:
            router:
              static:
                172.16.42.0/24:
                  address-family: ipv4-unicast
                  via:
                    172.16.1.3:
                      type: ipv4-address
                      vrf: blue
    - set:
        vrf:
          red:
            router:
              static:
                3fff:cafe:0:2::/64:
                  address-family: ipv6-unicast
                  via:
                    2001:db8:2:1::3:
                      type: ipv6-address
                      vrf: blue
    - set:
        vrf:
          default:
            router:
              static:
                172.16.42.0/24:
                  address-family: ipv4-unicast
                  via:
                    172.16.1.3:
                      type: ipv4-address
                      vrf: blue
    - set:
        vrf:
          default:
            router:
              static:
                3fff:cafe:0:2::/64:
                  address-family: ipv6-unicast
                  via:
                    2001:db8:2:1::3:
                      type: ipv6-address
                      vrf: blue
    - set:
        vrf:
          blue:
            router:
              static:
                172.16.40.0/24:
                  address-family: ipv4-unicast
                  via:
                    172.16.2.4:
                      type: ipv4-address
                      vrf: default
    - set:
        vrf:
          blue:
            router:
              static:
                3fff:cafe::/64:
                  address-family: ipv6-unicast
                  via:
                    2001:db8:2:2::4:
                      type: ipv6-address
                      vrf: default

TASK [Deploy routing configuration] ********************************************
skipping: [x1]
skipping: [x2]
skipping: [x3]
included: /home/pipi/netlab_gh/netsim/ansible/tasks/deploy-config/cumulus_nvue.yml for dut

TASK [set_fact] ****************************************************************
ok: [dut]

TASK [copy the cumulus nvue YAML routing config file to switch (generated from /home/pipi/netlab_gh/netsim/ansible/templates/routing/cumulus_nvue.j2)] ***
changed: [dut]

TASK [execute on cumulus: 'nv config patch' for routing config] ****************
changed: [dut]

TASK [execute on cumulus: 'nv config apply -y' for routing config] *************
changed: [dut]

TASK [Figure out whether to deploy the module vrf on current device] ***********
ok: [dut]
ok: [x1]
ok: [x2]
ok: [x3]

TASK [Find configuration template for vrf] *************************************
skipping: [x1]
skipping: [x2]
ok: [dut]
skipping: [x3]

TASK [fail] ********************************************************************
skipping: [dut]
skipping: [x1]
skipping: [x2]
skipping: [x3]

TASK [Find configuration deployment deploy_script for vrf] *********************
skipping: [x1]
skipping: [x2]
skipping: [x3]
ok: [dut]

TASK [Print deployed configuration when running in verbose mode] ***************
skipping: [x1]
skipping: [x2]
skipping: [x3]
ok: [dut] => 
  msg: |-
    vrf configuration for dut
    =========================================
    ---
    - set:
        vrf:
          red:
            table: auto
          blue:
            table: auto
  
  
  
  
    - set:
        interface:
          swp1:
            ip:
              vrf: red
    - set:
        interface:
          swp2:
            ip:
              vrf: blue

TASK [Deploy vrf configuration] ************************************************
skipping: [x1]
skipping: [x2]
skipping: [x3]
included: /home/pipi/netlab_gh/netsim/ansible/tasks/deploy-config/cumulus_nvue.yml for dut

TASK [set_fact] ****************************************************************
ok: [dut]

TASK [copy the cumulus nvue YAML vrf config file to switch (generated from /home/pipi/netlab_gh/netsim/ansible/templates/vrf/cumulus_nvue.j2)] ***
changed: [dut]

TASK [execute on cumulus: 'nv config patch' for vrf config] ********************
changed: [dut]

TASK [execute on cumulus: 'nv config apply -y' for vrf config] *****************
changed: [dut]

PLAY [Deploy custom deployment templates] **************************************
skipping: no hosts matched

PLAY RECAP *********************************************************************
dut                        : ok=39   changed=9    unreachable=0    failed=0    skipped=7    rescued=0    ignored=0   
x1                         : ok=13   changed=0    unreachable=0    failed=0    skipped=20   rescued=0    ignored=0   
x2                         : ok=13   changed=0    unreachable=0    failed=0    skipped=20   rescued=0    ignored=0   
x3                         : ok=13   changed=0    unreachable=0    failed=0    skipped=20   rescued=0    ignored=0   

Results of configuration script deployments
================================================================================
x1                           OK=2    
x2                           OK=2    
x3                           OK=2    

Use this topology to test inter- VRF IPv4 and IPv6 static routes. DUT has
to have static routes for loopback addresses of X1 and X2.

