 [INFO] Executing initial configuration for node h1 (namespace clab-
          ml_17-h1)
 [INFO] Executing routing configuration for node h1 (namespace clab-
          ml_17-h1)
 [INFO] Executing initial configuration for node h2 (namespace clab-
          ml_17-h2)
 [INFO] Executing routing configuration for node h2 (namespace clab-
          ml_17-h2)
 [INFO] Executing initial configuration for node h3 (namespace clab-
          ml_17-h3)
 [INFO] Executing routing configuration for node h3 (namespace clab-
          ml_17-h3)
 [INFO] Executing initial configuration for node v1 (namespace clab-
          ml_17-v1)
 [INFO] Executing routing configuration for node v1 (namespace clab-
          ml_17-v1)
 [INFO] Executing initial configuration for node v2 (namespace clab-
          ml_17-v2)
 [INFO] Executing routing configuration for node v2 (namespace clab-
          ml_17-v2)
 [INFO] Executing initial configuration for node v3 (namespace clab-
          ml_17-v3)
 [INFO] Executing routing configuration for node v3 (namespace clab-
          ml_17-v3)

 [INFO] Starting Ansible playbook to deploy the rest of the
          configurations
/home/pipi/.local/lib/python3.10/site-packages/paramiko/pkey.py:100: CryptographyDeprecationWarning: TripleDES has been moved to cryptography.hazmat.decrepit.ciphers.algorithms.TripleDES and will be removed from cryptography.hazmat.primitives.ciphers.algorithms in 48.0.0.
  "cipher": algorithms.TripleDES,
/home/pipi/.local/lib/python3.10/site-packages/paramiko/transport.py:259: CryptographyDeprecationWarning: TripleDES has been moved to cryptography.hazmat.decrepit.ciphers.algorithms.TripleDES and will be removed from cryptography.hazmat.primitives.ciphers.algorithms in 48.0.0.
  "class": algorithms.TripleDES,
[WARNING]: Could not match supplied host pattern, ignoring: unprovisioned
[WARNING]: Found variable using reserved name: hosts

PLAY [Deploy initial device configuration] *************************************

TASK [Set variables that cannot be set with VARS] ******************************
ok: [dut]
ok: [h1]
ok: [h2]
ok: [h3]
ok: [v1]
ok: [v2]
ok: [v3]

TASK [Generic readiness tests] *************************************************
skipping: [dut]
skipping: [h1]
skipping: [h2]
skipping: [h3]
skipping: [v1]
skipping: [v2]
skipping: [v3]

TASK [Find device readiness script] ********************************************
ok: [dut]
ok: [h1]
ok: [h2]
ok: [h3]
ok: [v1]
ok: [v2]
ok: [v3]

TASK [Wait for device to become ready] *****************************************
skipping: [h1]
skipping: [h2]
skipping: [h3]
skipping: [v1]
skipping: [v2]
skipping: [v3]
included: /home/pipi/netlab_gh/netsim/ansible/tasks/readiness-check/cumulus_nvue.yml for dut

TASK [Wait for nvued to start] *************************************************
ok: [dut]

TASK [Normalize config on bridge-like devices] *********************************
included: /home/pipi/netlab_gh/netsim/ansible/tasks/deploy-module.yml for dut, h1, h2, h3, v1, v2, v3

TASK [Figure out whether to deploy the module normalize on current device] *****
ok: [dut]
ok: [h1]
ok: [h2]
ok: [v1]
ok: [h3]
ok: [v2]
ok: [v3]

TASK [Find configuration template for normalize] *******************************
ok: [dut]
ok: [h1]
ok: [h2]
ok: [h3]
ok: [v1]
ok: [v2]
ok: [v3]

TASK [fail] ********************************************************************
skipping: [dut]
skipping: [h1]
skipping: [h2]
skipping: [h3]
skipping: [v1]
skipping: [v2]
skipping: [v3]

TASK [Find configuration deployment deploy_script for normalize] ***************
ok: [dut]
ok: [h1]
ok: [h2]
ok: [h3]
ok: [v1]
ok: [v2]
ok: [v3]

TASK [Print deployed configuration when running in verbose mode] ***************
skipping: [dut]
skipping: [h1]
skipping: [h2]
skipping: [h3]
skipping: [v1]
skipping: [v2]
skipping: [v3]

TASK [Deploy normalize configuration] ******************************************
skipping: [dut]
skipping: [h1]
skipping: [h2]
skipping: [h3]
skipping: [v1]
skipping: [v2]
skipping: [v3]

TASK [Deploy initial configuration] ********************************************
included: /home/pipi/netlab_gh/netsim/ansible/tasks/deploy-module.yml for dut, h1, h2, h3, v1, v2, v3

TASK [Figure out whether to deploy the module initial on current device] *******
ok: [dut]
ok: [h1]
ok: [h2]
ok: [h3]
ok: [v1]
ok: [v2]
ok: [v3]

TASK [Find configuration template for initial] *********************************
skipping: [h1]
skipping: [h2]
ok: [dut]
skipping: [h3]
skipping: [v1]
skipping: [v2]
skipping: [v3]

TASK [fail] ********************************************************************
skipping: [dut]
skipping: [h1]
skipping: [h2]
skipping: [h3]
skipping: [v1]
skipping: [v2]
skipping: [v3]

TASK [Find configuration deployment deploy_script for initial] *****************
skipping: [h1]
skipping: [h2]
skipping: [h3]
ok: [dut]
skipping: [v1]
skipping: [v2]
skipping: [v3]

TASK [Print deployed configuration when running in verbose mode] ***************
skipping: [h1]
skipping: [h2]
skipping: [h3]
skipping: [v1]
skipping: [v2]
skipping: [v3]
ok: [dut] => 
  msg: |-
    initial configuration for dut
    =========================================
  
    - set:
        system:
          hostname: dut
          global:
            system-mac: ca:fe:00:01:00:00
          config:
            snippet:
              system-mtu:
                file: /etc/network/ifupdown2/policy.d/mtu.json
                content: |
                  { "address": { "defaults": { "mtu": "1500" } } }
  
        interface:
          eth0:
            ip:
              vrf: mgmt
              address:
                dhcp: {}
            type: eth
          swp1:
            type: swp
            link:
              state:
                up : {}
            description: "dut -> h1 [stub]"
            ip:
              address:
                172.16.0.1/24: {}
                2001:db8:2::1/64: {}
              ipv6:
                forward: on
              neighbor-discovery:
                enable: on
                router-advertisement:
                  enable: on
                  interval: 5000
  
          swp2:
            type: swp
            link:
              state:
                up : {}
            description: "dut -> [h2,h3] [stub]"
            ip:
              address:
                172.16.42.1/24: {}
                2001:db8:cafe:42::1/64: {}
              ipv6:
                forward: on
              neighbor-discovery:
                enable: on
                router-advertisement:
                  enable: on
                  interval: 5000
  
          swp3:
            type: swp
            link:
              state:
                up : {}
            description: "dut -> v1 [stub]"
            ip:
              address:
                172.16.1.1/24: {}
                2001:db8:2:1::1/64: {}
              ipv6:
                forward: on
              neighbor-discovery:
                enable: on
                router-advertisement:
                  enable: on
                  interval: 5000
  
          swp4:
            type: swp
            link:
              state:
                up : {}
            description: "dut -> [v2,v3] [stub]"
            ip:
              address:
                172.16.42.1/24: {}
                2001:db8:cafe:42::1/64: {}
              ipv6:
                forward: on
              neighbor-discovery:
                enable: on
                router-advertisement:
                  enable: on
                  interval: 5000
  
  
    - set:
        interface:
          lo:
            type: loopback
            ip:
              address:
                10.0.0.1/32: {}
                2001:db8:1:1::1/64: {}

TASK [Deploy initial configuration] ********************************************
skipping: [h1]
skipping: [h2]
skipping: [h3]
skipping: [v1]
skipping: [v2]
skipping: [v3]
included: /home/pipi/netlab_gh/netsim/ansible/tasks/deploy-config/cumulus_nvue.yml for dut

TASK [set_fact] ****************************************************************
ok: [dut]

TASK [copy the cumulus nvue YAML initial config file to switch (generated from /home/pipi/netlab_gh/netsim/ansible/templates/initial/cumulus_nvue.j2)] ***
changed: [dut]

TASK [execute on cumulus: 'nv config patch' for initial config] ****************
changed: [dut]

TASK [execute on cumulus: 'nv config apply -y' for initial config] *************
changed: [dut]

PLAY [Deploy module-specific configurations] ***********************************

TASK [Set variables that cannot be set with VARS] ******************************
ok: [dut]
ok: [h1]
ok: [h2]
ok: [h3]
ok: [v1]
ok: [v2]
ok: [v3]

TASK [Deploy individual configuration modules] *********************************
included: /home/pipi/netlab_gh/netsim/ansible/tasks/deploy-module.yml for dut, h1, h2, h3, v1, v2, v3 => (item=routing)
included: /home/pipi/netlab_gh/netsim/ansible/tasks/deploy-module.yml for dut, h1, h2, h3, v1, v2, v3 => (item=vrf)

TASK [Figure out whether to deploy the module routing on current device] *******
ok: [dut]
ok: [h1]
ok: [h2]
ok: [h3]
ok: [v1]
ok: [v2]
ok: [v3]

TASK [Find configuration template for routing] *********************************
skipping: [h1]
skipping: [h2]
ok: [dut]
skipping: [h3]
skipping: [v1]
skipping: [v2]
skipping: [v3]

TASK [fail] ********************************************************************
skipping: [dut]
skipping: [h1]
skipping: [h2]
skipping: [h3]
skipping: [v1]
skipping: [v2]
skipping: [v3]

TASK [Find configuration deployment deploy_script for routing] *****************
skipping: [h1]
skipping: [h2]
skipping: [h3]
ok: [dut]
skipping: [v1]
skipping: [v2]
skipping: [v3]

TASK [Print deployed configuration when running in verbose mode] ***************
skipping: [h1]
skipping: [h2]
skipping: [h3]
skipping: [v1]
skipping: [v2]
skipping: [v3]
ok: [dut] => 
  msg: |-
    routing configuration for dut
    =========================================
    ---
    - set:
        vrf:
          default:
            router:
              static:
                172.16.42.42/32:
                  address-family: ipv4-unicast
                  via:
                    blackhole:
                      type: blackhole
    - set:
        vrf:
          default:
            router:
              static:
                2001:db8:cafe:42::2a/128:
                  address-family: ipv6-unicast
                  via:
                    blackhole:
                      type: blackhole
    - set:
        vrf:
          tenant:
            router:
              static:
                172.16.42.64/32:
                  address-family: ipv4-unicast
                  via:
                    blackhole:
                      type: blackhole
    - set:
        vrf:
          tenant:
            router:
              static:
                2001:db8:cafe:42::40/128:
                  address-family: ipv6-unicast
                  via:
                    blackhole:
                      type: blackhole

TASK [Deploy routing configuration] ********************************************
skipping: [h1]
skipping: [h2]
skipping: [h3]
skipping: [v1]
skipping: [v2]
skipping: [v3]
included: /home/pipi/netlab_gh/netsim/ansible/tasks/deploy-config/cumulus_nvue.yml for dut

TASK [set_fact] ****************************************************************
ok: [dut]

TASK [copy the cumulus nvue YAML routing config file to switch (generated from /home/pipi/netlab_gh/netsim/ansible/templates/routing/cumulus_nvue.j2)] ***
changed: [dut]

TASK [execute on cumulus: 'nv config patch' for routing config] ****************
changed: [dut]

TASK [execute on cumulus: 'nv config apply -y' for routing config] *************
changed: [dut]

TASK [Figure out whether to deploy the module vrf on current device] ***********
ok: [dut]
ok: [h1]
ok: [h2]
ok: [h3]
ok: [v1]
ok: [v2]
ok: [v3]

TASK [Find configuration template for vrf] *************************************
skipping: [h1]
skipping: [h2]
ok: [dut]
skipping: [h3]
skipping: [v1]
skipping: [v2]
skipping: [v3]

TASK [fail] ********************************************************************
skipping: [dut]
skipping: [h1]
skipping: [h2]
skipping: [h3]
skipping: [v1]
skipping: [v2]
skipping: [v3]

TASK [Find configuration deployment deploy_script for vrf] *********************
skipping: [h1]
skipping: [h2]
skipping: [h3]
ok: [dut]
skipping: [v1]
skipping: [v2]
skipping: [v3]

TASK [Print deployed configuration when running in verbose mode] ***************
skipping: [h1]
skipping: [h2]
skipping: [h3]
skipping: [v1]
skipping: [v2]
skipping: [v3]
ok: [dut] => 
  msg: |-
    vrf configuration for dut
    =========================================
    ---
    - set:
        vrf:
          tenant:
            table: auto
  
  
  
  
    - set:
        interface:
          swp3:
            ip:
              vrf: tenant
    - set:
        interface:
          swp4:
            ip:
              vrf: tenant

TASK [Deploy vrf configuration] ************************************************
skipping: [h1]
skipping: [h2]
skipping: [h3]
skipping: [v1]
skipping: [v2]
skipping: [v3]
included: /home/pipi/netlab_gh/netsim/ansible/tasks/deploy-config/cumulus_nvue.yml for dut

TASK [set_fact] ****************************************************************
ok: [dut]

TASK [copy the cumulus nvue YAML vrf config file to switch (generated from /home/pipi/netlab_gh/netsim/ansible/templates/vrf/cumulus_nvue.j2)] ***
changed: [dut]

TASK [execute on cumulus: 'nv config patch' for vrf config] ********************
changed: [dut]

TASK [execute on cumulus: 'nv config apply -y' for vrf config] *****************
changed: [dut]

PLAY [Deploy custom deployment templates] **************************************
skipping: no hosts matched

PLAY RECAP *********************************************************************
dut                        : ok=39   changed=9    unreachable=0    failed=0    skipped=7    rescued=0    ignored=0   
h1                         : ok=13   changed=0    unreachable=0    failed=0    skipped=20   rescued=0    ignored=0   
h2                         : ok=13   changed=0    unreachable=0    failed=0    skipped=20   rescued=0    ignored=0   
h3                         : ok=13   changed=0    unreachable=0    failed=0    skipped=20   rescued=0    ignored=0   
v1                         : ok=13   changed=0    unreachable=0    failed=0    skipped=20   rescued=0    ignored=0   
v2                         : ok=13   changed=0    unreachable=0    failed=0    skipped=20   rescued=0    ignored=0   
v3                         : ok=13   changed=0    unreachable=0    failed=0    skipped=20   rescued=0    ignored=0   

Results of configuration script deployments
================================================================================
h1                           OK=2    
h2                           OK=2    
h3                           OK=2    
v1                           OK=2    
v2                           OK=2    
v3                           OK=2    

Use this topology to test 'discard' IPv4 and IPv6 static routes.
H1 should be able to reach H2 but not H3 (due to a discard static route)

