/home/pipi/.local/lib/python3.10/site-packages/paramiko/pkey.py:100: CryptographyDeprecationWarning: TripleDES has been moved to cryptography.hazmat.decrepit.ciphers.algorithms.TripleDES and will be removed from cryptography.hazmat.primitives.ciphers.algorithms in 48.0.0.
  "cipher": algorithms.TripleDES,
/home/pipi/.local/lib/python3.10/site-packages/paramiko/transport.py:259: CryptographyDeprecationWarning: TripleDES has been moved to cryptography.hazmat.decrepit.ciphers.algorithms.TripleDES and will be removed from cryptography.hazmat.primitives.ciphers.algorithms in 48.0.0.
  "class": algorithms.TripleDES,
[WARNING]: Could not match supplied host pattern, ignoring: unprovisioned
[WARNING]: Found variable using reserved name: hosts

PLAY [Deploy initial device configuration] *************************************

TASK [Set variables that cannot be set with VARS] ******************************
ok: [c1]
ok: [c2]
ok: [server]

TASK [Generic readiness tests] *************************************************
skipping: [c1]
skipping: [c2]
skipping: [server]

TASK [Find device readiness script] ********************************************
ok: [c1]
ok: [c2]
ok: [server]

TASK [Wait for device to become ready] *****************************************
skipping: [c1]
skipping: [c2]
skipping: [server]

TASK [Normalize config on bridge-like devices] *********************************
included: /home/pipi/net101/tools/netsim/ansible/tasks/deploy-module.yml for c1, c2, server

TASK [Figure out whether to deploy the module normalize on current device] *****
ok: [c1]
ok: [c2]
ok: [server]

TASK [Find configuration template for normalize] *******************************
ok: [c1]
ok: [c2]
ok: [server]

TASK [fail] ********************************************************************
skipping: [c1]
skipping: [c2]
skipping: [server]

TASK [Find configuration deployment deploy_script for normalize] ***************
ok: [c1]
ok: [c2]
ok: [server]

TASK [Print deployed configuration when running in verbose mode] ***************
skipping: [c1]
skipping: [c2]
ok: [server] => 
  msg: |-
    normalize configuration for server
    =========================================
    !
    interface Ethernet1
     shutdown

TASK [Deploy normalize configuration] ******************************************
skipping: [c1]
skipping: [c2]
included: /home/pipi/net101/tools/netsim/ansible/tasks/deploy-config/eos.yml for server

TASK [eos_config: deploying normalize from /home/pipi/net101/tools/netsim/ansible/templates/normalize/eos.j2] ***
[WARNING]: To ensure idempotency and correct diff the input configuration lines
should be similar to how they appear if present in the running configuration on
device including the indentation
changed: [server]

TASK [Deploy initial configuration] ********************************************
included: /home/pipi/net101/tools/netsim/ansible/tasks/deploy-module.yml for c1, c2, server

TASK [Figure out whether to deploy the module initial on current device] *******
ok: [c1]
ok: [c2]
ok: [server]

TASK [Find configuration template for initial] *********************************
ok: [c1]
ok: [c2]
ok: [server]

TASK [fail] ********************************************************************
skipping: [c1]
skipping: [c2]
skipping: [server]

TASK [Find configuration deployment deploy_script for initial] *****************
ok: [c1]
ok: [c2]
ok: [server]

TASK [Print deployed configuration when running in verbose mode] ***************
ok: [c1] => 
  msg: |-
    initial configuration for c1
    =========================================
    #!/bin/bash
    #
    set -e
    #
    # Create bash profile script
    #
    cat <<SCRIPT >/root/.bash_profile
    #!/bin/bash
    #
    export PS1="\h(bash)$ "
    SCRIPT
    hostname c1
    #
    # Build hosts file
    #
    #
    cat <<SCRIPT >/tmp/hosts
    #
    # Created by netlab initial
    #
    10.0.0.3 server
    172.16.0.3 Ethernet1.server
    SCRIPT
    grep "Created by netlab" /etc/hosts || uniq /tmp/hosts >>/etc/hosts
    # It seems on the Vagrant box for ubuntu 20.04, DNS Servers are hardcoded as 4.2.2.1 & Co.
    # This is annoying on a network with filtered DNS.
    # DNSMasq server used for giving out DHCP addresses on the management network is able to act as a DNS Server.
    # Let's use that.
    #
    # (Overwrite netplan config to remove DNS stuff)
    echo -n 'Starting initial config ' && date
    cat <<SCRIPT >/etc/netplan/01-netcfg.yaml
    network:
      version: 2
      renderer: networkd
      ethernets:
        eth0:
          dhcp4: true
          dhcp6: false
          optional: true
    SCRIPT
    netplan apply
  
    # (Overwrite resolved config to remove DNS stuff)
    cat <<SCRIPT > /etc/systemd/resolved.conf
    [Resolve]
    DNS=
    FallbackDNS=
    Domains=
    DNSOverTLS=no
    Cache=yes
    DNSStubListener=yes
    SCRIPT
  
    systemctl restart systemd-resolved
  
    # Set persistent hostname
    hostnamectl set-hostname c1
  
    NEED_APT_UPDATE=YES
  
    # Loopback addressing
  
    # Interface addressing and bonds, including any static routes
    cat <<SCRIPT > /etc/netplan/03-eth-eth1.yaml
    network:
      version: 2
      renderer: networkd
      ethernets:
        eth1:
          dhcp4: true
    SCRIPT
  
    # Disable auto-negotiation on Ethernet interfaces, needed to make LACP work correctly
    cat <<SCRIPT > /etc/systemd/network/98-eth.link
  
    [Match]
    OriginalName=eth*
  
    [Link]
    BitsPerSecond=1G
    AutoNegotiation=no
    Duplex=full
    SCRIPT
  
    chmod 400 /etc/netplan/*
  
    echo -n 'Starting netplan generate ' && date
    netplan generate
    echo -n 'Starting netplan apply ' && date
    netplan apply
  
    #
    # Sysctl settings: IPv4/IPv6 forwarding, IPv6 LLA
    # Do this after 'netplan apply', e.g. bond devices won't exist before that
    #
    cat <<SCRIPT > /etc/sysctl.d/10-netsim.conf
    net.ipv4.conf.all.arp_announce=2
    net.ipv4.ip_forward=0
    net.ipv6.conf.all.forwarding=0
  
    net.ipv6.conf.eth1.disable_ipv6=1
  
    SCRIPT
    sysctl -p /etc/sysctl.d/10-netsim.conf
ok: [c2] => 
  msg: |-
    initial configuration for c2
    =========================================
    #!/bin/bash
    #
    set -e
    #
    # Create bash profile script
    #
    cat <<SCRIPT >/root/.bash_profile
    #!/bin/bash
    #
    export PS1="\h(bash)$ "
    SCRIPT
    hostname c2
    #
    # Build hosts file
    #
    #
    cat <<SCRIPT >/tmp/hosts
    #
    # Created by netlab initial
    #
    10.0.0.3 server
    172.16.0.3 Ethernet1.server
    SCRIPT
    grep "Created by netlab" /etc/hosts || uniq /tmp/hosts >>/etc/hosts
    # It seems on the Vagrant box for ubuntu 20.04, DNS Servers are hardcoded as 4.2.2.1 & Co.
    # This is annoying on a network with filtered DNS.
    # DNSMasq server used for giving out DHCP addresses on the management network is able to act as a DNS Server.
    # Let's use that.
    #
    # (Overwrite netplan config to remove DNS stuff)
    echo -n 'Starting initial config ' && date
    cat <<SCRIPT >/etc/netplan/01-netcfg.yaml
    network:
      version: 2
      renderer: networkd
      ethernets:
        eth0:
          dhcp4: true
          dhcp6: false
          optional: true
    SCRIPT
    netplan apply
  
    # (Overwrite resolved config to remove DNS stuff)
    cat <<SCRIPT > /etc/systemd/resolved.conf
    [Resolve]
    DNS=
    FallbackDNS=
    Domains=
    DNSOverTLS=no
    Cache=yes
    DNSStubListener=yes
    SCRIPT
  
    systemctl restart systemd-resolved
  
    # Set persistent hostname
    hostnamectl set-hostname c2
  
    NEED_APT_UPDATE=YES
  
    # Loopback addressing
  
    # Interface addressing and bonds, including any static routes
    cat <<SCRIPT > /etc/netplan/03-eth-eth1.yaml
    network:
      version: 2
      renderer: networkd
      ethernets:
        eth1:
          dhcp4: true
    SCRIPT
  
    # Disable auto-negotiation on Ethernet interfaces, needed to make LACP work correctly
    cat <<SCRIPT > /etc/systemd/network/98-eth.link
  
    [Match]
    OriginalName=eth*
  
    [Link]
    BitsPerSecond=1G
    AutoNegotiation=no
    Duplex=full
    SCRIPT
  
    chmod 400 /etc/netplan/*
  
    echo -n 'Starting netplan generate ' && date
    netplan generate
    echo -n 'Starting netplan apply ' && date
    netplan apply
  
    #
    # Sysctl settings: IPv4/IPv6 forwarding, IPv6 LLA
    # Do this after 'netplan apply', e.g. bond devices won't exist before that
    #
    cat <<SCRIPT > /etc/sysctl.d/10-netsim.conf
    net.ipv4.conf.all.arp_announce=2
    net.ipv4.ip_forward=0
    net.ipv6.conf.all.forwarding=0
  
    net.ipv6.conf.eth1.disable_ipv6=1
  
    SCRIPT
    sysctl -p /etc/sysctl.d/10-netsim.conf
ok: [server] => 
  msg: |-
    initial configuration for server
    =========================================
    hostname server
    !
    logging monitor debugging
    aaa authorization exec default local
    !
    lldp run
    ip routing
    no ipv6 unicast-routing
    !
    !
    !
    interface Management1
     no lldp transmit
     no lldp receive
    !
    interface Loopback0
     ip address 10.0.0.3/32
    !
    interface Ethernet1
     no switchport
     description server -> [c1,c2] [stub]
     ip address 172.16.0.3/24
     mac-address caf0.0003.0001
    !
     no shutdown
    !

TASK [Deploy initial configuration] ********************************************
included: /home/pipi/net101/tools/netsim/ansible/tasks/deploy-config/linux.yml for c1, c2
included: /home/pipi/net101/tools/netsim/ansible/tasks/deploy-config/eos.yml for server

TASK [template] ****************************************************************
changed: [c1]
changed: [c2]

TASK [Execute /tmp/config.sh to deploy initial config from /home/pipi/net101/tools/netsim/ansible/templates/initial/linux.j2] ***
changed: [c2]
changed: [c1]

TASK [eos_config: deploying initial from /home/pipi/net101/tools/netsim/ansible/templates/initial/eos.j2] ***
changed: [server]

PLAY [Deploy module-specific configurations] ***********************************

TASK [Set variables that cannot be set with VARS] ******************************
ok: [c1]
ok: [c2]
ok: [server]

TASK [Deploy individual configuration modules] *********************************
included: /home/pipi/net101/tools/netsim/ansible/tasks/deploy-module.yml for c1, c2, server => (item=dhcp)

TASK [Figure out whether to deploy the module dhcp on current device] **********
ok: [c1]
ok: [c2]
ok: [server]

TASK [Find configuration template for dhcp] ************************************
ok: [c1]
ok: [c2]
ok: [server]

TASK [fail] ********************************************************************
skipping: [c1]
skipping: [c2]
skipping: [server]

TASK [Find configuration deployment deploy_script for dhcp] ********************
ok: [c1]
ok: [c2]
ok: [server]

TASK [Print deployed configuration when running in verbose mode] ***************
ok: [c1] => 
  msg: |-
    dhcp configuration for c1
    =========================================
    # This is a placeholder file. DHCP is configured during initial configuration
    #
    if [ `grep 'ID=ubuntu' /etc/os-release` ]; then
      echo "DHCP is supported, it should work after another plea to netplan"
      netplan apply
    else
      echo "netlab supports DHCP only on Ubuntu" >&2
      exit 1
    fi
ok: [c2] => 
  msg: |-
    dhcp configuration for c2
    =========================================
    # This is a placeholder file. DHCP is configured during initial configuration
    #
    if [ `grep 'ID=ubuntu' /etc/os-release` ]; then
      echo "DHCP is supported, it should work after another plea to netplan"
      netplan apply
    else
      echo "netlab supports DHCP only on Ubuntu" >&2
      exit 1
    fi
ok: [server] => 
  msg: |-
    dhcp configuration for server
    =========================================
    dhcp server
      subnet 172.16.0.0/24
        range 172.16.0.1 172.16.0.254
        name links[1]
        reservations
          mac-address 0000.0000.2
            ipv4-address 172.16.0.3
    !
    interface Ethernet1
      dhcp server ipv4

TASK [Deploy dhcp configuration] ***********************************************
included: /home/pipi/net101/tools/netsim/ansible/tasks/linux/dhcp.yml for c1, c2
included: /home/pipi/net101/tools/netsim/ansible/tasks/deploy-config/eos.yml for server

TASK [Install dnsmasq] *********************************************************
skipping: [c1]
skipping: [c2]

TASK [Install isc-dhcp-relay] **************************************************
skipping: [c1]
skipping: [c2]

TASK [Create DHCP deployment script] *******************************************
changed: [c1]
changed: [c2]

TASK [Execute /tmp/config.sh to deploy dhcp config from /home/pipi/net101/tools/netsim/ansible/templates/dhcp/linux.j2] ***
changed: [c1]
changed: [c2]

TASK [eos_config: deploying dhcp from /home/pipi/net101/tools/netsim/ansible/templates/dhcp/eos.j2] ***
changed: [server]

PLAY [Deploy custom deployment templates] **************************************
skipping: no hosts matched

PLAY RECAP *********************************************************************
c1                         : ok=23   changed=4    unreachable=0    failed=0    skipped=9    rescued=0    ignored=0   
c2                         : ok=23   changed=4    unreachable=0    failed=0    skipped=9    rescued=0    ignored=0   
server                     : ok=24   changed=3    unreachable=0    failed=0    skipped=5    rescued=0    ignored=0   



Use this topology to test the DHCPv4 server on your device. Use 'netlab
validate' to check whether your device allocated IPv4 addresses to DHCP
clients running on Linux VMs.

