08:45:34 INFO Parsing & checking topology file=clab.yml
08:45:34 INFO Parsing & checking topology file=clab.yml
08:45:34 INFO Destroying lab name=ml-17
08:45:34 INFO Removed container name=clab-ml-17-x1
08:45:34 INFO Removed container name=clab-ml-17-x2
08:45:34 INFO Removed container name=clab-ml-17-r2
08:45:35 INFO Removed container name=clab-ml-17-r3
08:45:35 INFO Removed container name=clab-ml-17-dut
08:45:35 INFO Removing host entries path=/etc/hosts
08:45:35 INFO Removing SSH config path=/etc/ssh/ssh_config.d/clab-ml-17.conf
Checking virtualization provider installation
OK: clab installed and working correctly
Stopping clab nodes
Cleanup configuration files
... removing clab.yml
... removing ansible.cfg
... removing hosts.yml
... removing directory tree group_vars
... removing directory tree host_vars
... removing directory tree node_files
... removing netlab.snapshot.yml
... removing netlab.snapshot.pickle
