time="2024-10-16T14:30:08Z" level=info msg="Containerlab v0.58.0 started"
time="2024-10-16T14:30:08Z" level=info msg="Parsing & checking topology file: clab.yml"
time="2024-10-16T14:30:08Z" level=info msg="Creating docker network: Name=\"nl_mgmt_17\", IPv4Subnet=\"192.168.17.0/24\", IPv6Subnet=\"\", MTU=0"
time="2024-10-16T14:30:08Z" level=info msg="Creating lab directory: /work/netlab_cicd/clab-ml_17"
time="2024-10-16T14:30:08Z" level=info msg="Creating container: \"pe1\""
time="2024-10-16T14:30:08Z" level=info msg="Creating container: \"pe2\""
time="2024-10-16T14:30:08Z" level=info msg="Creating container: \"p2\""
time="2024-10-16T14:30:08Z" level=info msg="Creating container: \"dut\""
time="2024-10-16T14:30:08Z" level=info msg="Creating container: \"h1\""
time="2024-10-16T14:30:08Z" level=info msg="Creating container: \"h2\""
time="2024-10-16T14:30:10Z" level=info msg="Created link: h1:eth1 <--> pe1:eth1"
time="2024-10-16T14:30:10Z" level=info msg="Created link: pe1:eth2 <--> dut:eth1 (Ethernet0/1)"
time="2024-10-16T14:30:10Z" level=info msg="Created link: dut:eth2 (Ethernet0/2) <--> p2:eth1"
time="2024-10-16T14:30:10Z" level=info msg="Running postdeploy actions for Cisco IOL 'dut' node"
time="2024-10-16T14:30:10Z" level=info msg="Created link: pe2:eth1 <--> p2:eth2"
time="2024-10-16T14:30:10Z" level=info msg="Created link: h2:eth1 <--> pe2:eth2"
time="2024-10-16T14:30:10Z" level=info msg="Adding containerlab host entries to /etc/hosts file"
time="2024-10-16T14:30:10Z" level=info msg="Adding ssh config for containerlab nodes"
+---+----------------+--------------+--------------------------------+-----------+---------+-------------------+--------------+
| # |      Name      | Container ID |             Image              |   Kind    |  State  |   IPv4 Address    | IPv6 Address |
+---+----------------+--------------+--------------------------------+-----------+---------+-------------------+--------------+
| 1 | clab-ml_17-dut | 54b9a853b62b | vrnetlab/cisco_iol:L2-17.12.01 | cisco_iol | running | 192.168.17.105/24 | N/A          |
| 2 | clab-ml_17-h1  | bb0b3cf5a8b5 | python:3.9-alpine              | linux     | running | 192.168.17.101/24 | N/A          |
| 3 | clab-ml_17-h2  | f929aa338d50 | python:3.9-alpine              | linux     | running | 192.168.17.102/24 | N/A          |
| 4 | clab-ml_17-p2  | 612a8c0dd325 | quay.io/frrouting/frr:10.0.1   | linux     | running | 192.168.17.106/24 | N/A          |
| 5 | clab-ml_17-pe1 | ae0f683e221a | quay.io/frrouting/frr:10.0.1   | linux     | running | 192.168.17.103/24 | N/A          |
| 6 | clab-ml_17-pe2 | f132df155987 | quay.io/frrouting/frr:10.0.1   | linux     | running | 192.168.17.104/24 | N/A          |
+---+----------------+--------------+--------------------------------+-----------+---------+-------------------+--------------+
Using transformed lab topology from snapshot file netlab.snapshot.yml
Checking virtualization provider installation
OK: clab installed and working correctly
Starting clab nodes
Loading Linux kernel modules mpls-router,mpls-iptunnel required by containers using sr module
provider clab: executing sudo -E containerlab deploy -t clab.yml

Initial configuration skipped, run 'netlab initial' to configure the devices
