[WARNING]: Could not match supplied host pattern, ignoring: unprovisioned

PLAY [Deploy initial device configuration] *************************************

TASK [Set variables that cannot be set with VARS] ******************************
ok: [x1]
ok: [x2]
ok: [dut]

TASK [Find device readiness script] ********************************************
ok: [x1]
ok: [x2]
ok: [dut]

TASK [Wait for device to become ready] *****************************************
skipping: [dut]
skipping: [x1]
skipping: [x2]

TASK [Deploy initial configuration] ********************************************
included: /home/pipi/net101/tools/netsim/ansible/tasks/deploy-module.yml for dut, x1, x2

TASK [Figure out whether to deploy the module initial on current device] *******
ok: [x1]
ok: [x2]
ok: [dut]

TASK [Find configuration template for initial] *********************************
ok: [x1]
ok: [x2]
ok: [dut]

TASK [Print deployed configuration when running in verbose mode] ***************
ok: [x1] => 
  msg: |-
    initial configuration for x1
    =========================================
    #!/bin/bash
    #
    set -e
    set -x
    #
    # Create bash profile script
    #
    cat <<SCRIPT >/root/.bash_profile
    #!/bin/bash
    #
    export PS1="\h(bash)#"
    echo "Use vtysh to connect to FRR daemon"
    echo
    SCRIPT
    #
    # Get the current next hop for the default route
    #
    def_nh=$(ip route list default|awk '{ print $3 }')
    #
    # Create the management VRF and add eth0 to it
    #
    if [ ! -e /sys/devices/virtual/net/mgmt ]; then
      ip link add mgmt type vrf table 42
    fi
    ip link set mgmt up
    sysctl -qw net.ipv6.conf.eth0.keep_addr_on_down=1
    ip link set eth0 master mgmt
    #
    # Reinstall the default route if we had it before
    #
    if [[ -n "$def_nh" ]]; then
      ip route add 0.0.0.0/0 vrf mgmt via $def_nh
    fi
    #
    # Enable FRR modules (if not using containerlab bind-mounted /etc/frr/daemons)
    #
  
    #
    # Create loopbacks and stub devices
    #
    if [ ! -e /sys/class/net/lo ]; then
      if [ ! -e /sys/devices/virtual/net/lo ]; then
        ip link add lo type dummy
        ip link set dev lo up
      fi
    fi
  
    # Disable IPv6 (for IPv4-only interfaces) or SLAAC (if the device is a router)
    #
    sysctl -qw net.ipv6.conf.eth1.disable_ipv6=1
  
    #
    # Add vtysh.conf file
    echo "service integrated-vtysh-config" >/etc/frr/vtysh.conf
    #
    # Set Ethernet interface MTU
    ip link set eth1 mtu 1500
    #
    # Rest of initial configuration done through VTYSH
    #
    cat >/tmp/config <<CONFIG
    hostname x1
    !
    vrf mgmt
     exit-vrf
    !
    frr defaults datacenter
    !
    interface lo
     no shutdown
     ip address 10.0.0.2/32
    !
    interface eth1
     no shutdown
     description x1 -> dut
     ip address 172.16.0.2/24
    !
    do write
    CONFIG
    vtysh -f /tmp/config
    exit 0
ok: [x2] => 
  msg: |-
    initial configuration for x2
    =========================================
    #!/bin/bash
    #
    set -e
    set -x
    #
    # Create bash profile script
    #
    cat <<SCRIPT >/root/.bash_profile
    #!/bin/bash
    #
    export PS1="\h(bash)#"
    echo "Use vtysh to connect to FRR daemon"
    echo
    SCRIPT
    #
    # Get the current next hop for the default route
    #
    def_nh=$(ip route list default|awk '{ print $3 }')
    #
    # Create the management VRF and add eth0 to it
    #
    if [ ! -e /sys/devices/virtual/net/mgmt ]; then
      ip link add mgmt type vrf table 42
    fi
    ip link set mgmt up
    sysctl -qw net.ipv6.conf.eth0.keep_addr_on_down=1
    ip link set eth0 master mgmt
    #
    # Reinstall the default route if we had it before
    #
    if [[ -n "$def_nh" ]]; then
      ip route add 0.0.0.0/0 vrf mgmt via $def_nh
    fi
    #
    # Enable FRR modules (if not using containerlab bind-mounted /etc/frr/daemons)
    #
  
    #
    # Create loopbacks and stub devices
    #
    if [ ! -e /sys/class/net/lo ]; then
      if [ ! -e /sys/devices/virtual/net/lo ]; then
        ip link add lo type dummy
        ip link set dev lo up
      fi
    fi
  
    # Disable IPv6 (for IPv4-only interfaces) or SLAAC (if the device is a router)
    #
    sysctl -qw net.ipv6.conf.eth1.disable_ipv6=1
  
    #
    # Add vtysh.conf file
    echo "service integrated-vtysh-config" >/etc/frr/vtysh.conf
    #
    # Set Ethernet interface MTU
    ip link set eth1 mtu 1500
    #
    # Rest of initial configuration done through VTYSH
    #
    cat >/tmp/config <<CONFIG
    hostname x2
    !
    vrf mgmt
     exit-vrf
    !
    frr defaults datacenter
    !
    interface lo
     no shutdown
     ip address 10.0.0.3/32
    !
    interface eth1
     no shutdown
     description x2 -> dut
     ip address 172.16.1.3/24
    !
    do write
    CONFIG
    vtysh -f /tmp/config
    exit 0
ok: [dut] => 
  msg: |-
    initial configuration for dut
    =========================================
    hostname dut
    !
    no ip domain lookup
    !
    lldp run
    !
    ip host x1 10.0.0.2 172.16.0.2
    ip host x2 10.0.0.3 172.16.1.3
    !
    ip routing
    !
    !
    interface Loopback0
     ip address 10.0.0.1 255.255.255.255
    !
    interface GigabitEthernet1
     no lldp transmit
     no lldp receive
    !
    interface GigabitEthernet2
     no shutdown
     description dut -> x1
     mtu 1500
     ip address 172.16.0.1 255.255.255.0
    !
    interface GigabitEthernet3
     no shutdown
     description dut -> x2
     mtu 1500
     ip address 172.16.1.1 255.255.255.0
    !
    no banner exec
    no banner login
    no banner incoming

TASK [Find configuration deployment deploy_script for initial] *****************
ok: [x1]
ok: [x2]
ok: [dut]

TASK [Deploy initial configuration] ********************************************
included: /home/pipi/net101/tools/netsim/ansible/tasks/deploy-config/ios.yml for dut
included: /home/pipi/net101/tools/netsim/ansible/tasks/frr/initial-clab.yml for x1, x2

TASK [ios_config: deploying initial from /home/pipi/net101/tools/netsim/ansible/templates/initial/ios.j2] ***
[WARNING]: To ensure idempotency and correct diff the input configuration lines
should be similar to how they appear if present in the running configuration on
device including the indentation
changed: [dut]

TASK [Attempt to load VRF kernel module] ***************************************
changed: [x1 -> localhost]
changed: [x2 -> localhost]

TASK [Disable FRR management VRF when modprobe fails] **************************
skipping: [x1]
skipping: [x2]

TASK [include_tasks] ***********************************************************
included: /home/pipi/net101/tools/netsim/ansible/tasks/frr/deploy-config.yml for x1, x2

TASK [template] ****************************************************************
changed: [x2]
changed: [x1]

TASK [set_fact] ****************************************************************
ok: [x1]
ok: [x2]

TASK [run /tmp/config.sh to deploy initial config from /home/pipi/net101/tools/netsim/ansible/templates/initial/frr.j2] ***
changed: [x1]
changed: [x2]

TASK [run vtysh to import initial config from /home/pipi/net101/tools/netsim/ansible/templates/initial/frr.j2] ***
skipping: [x1]
skipping: [x2]

PLAY [Deploy module-specific configurations] ***********************************

TASK [Set variables that cannot be set with VARS] ******************************
ok: [x1]
ok: [x2]
ok: [dut]

TASK [Deploy individual configuration modules] *********************************
included: /home/pipi/net101/tools/netsim/ansible/tasks/deploy-module.yml for dut, x1, x2 => (item=isis)

TASK [Figure out whether to deploy the module isis on current device] **********
ok: [x1]
ok: [x2]
ok: [dut]

TASK [Find configuration template for isis] ************************************
ok: [x1]
ok: [x2]
ok: [dut]

TASK [Print deployed configuration when running in verbose mode] ***************
ok: [x1] => 
  msg: |-
    isis configuration for x1
    =========================================
    !
    !
    !
    router isis Gandalf
     log-adjacency-changes
     hostname dynamic
     is-type level-2
     metric-style wide
     lsp-timers gen-interval 1 refresh-interval 900 max-lifetime 1800
     net 49.0001.0000.0000.0002.00
  
    !
    interface eth1
    ! x1 -> dut
     ip router isis Gandalf
    !
  
    !
    interface lo
     ip router isis Gandalf
    !
    do write
ok: [x2] => 
  msg: |-
    isis configuration for x2
    =========================================
    !
    !
    !
    router isis Gandalf
     log-adjacency-changes
     hostname dynamic
     is-type level-2
     metric-style wide
     lsp-timers gen-interval 1 refresh-interval 900 max-lifetime 1800
     net 49.0001.0000.0000.0003.00
  
    !
    interface eth1
    ! x2 -> dut
     ip router isis Gandalf
     isis network point-to-point
    !
  
    !
    interface lo
     ip router isis Gandalf
    !
    do write
ok: [dut] => 
  msg: |-
    isis configuration for dut
    =========================================
    !
    !
    interface Loopback0
      ip router isis Gandalf
    !
    interface GigabitEthernet2
    ! dut -> x1
      ip router isis Gandalf
    !
    interface GigabitEthernet3
    ! dut -> x2
      ip router isis Gandalf
      isis network point-to-point
    !
    !
    router isis Gandalf
      log-adjacency-changes
      hostname dynamic
      is-type level-2
      metric-style wide
      net 49.0001.0000.0000.0001.00

TASK [Find configuration deployment deploy_script for isis] ********************
ok: [x1]
ok: [x2]
ok: [dut]

TASK [Deploy isis configuration] ***********************************************
included: /home/pipi/net101/tools/netsim/ansible/tasks/deploy-config/ios.yml for dut
included: /home/pipi/net101/tools/netsim/ansible/tasks/deploy-config/frr.yml for x1, x2

TASK [ios_config: deploying isis from /home/pipi/net101/tools/netsim/ansible/templates/isis/ios.j2] ***
changed: [dut]

TASK [template] ****************************************************************
changed: [x1]
changed: [x2]

TASK [set_fact] ****************************************************************
ok: [x1]
ok: [x2]

TASK [run /tmp/config.sh to deploy isis config from /home/pipi/net101/tools/netsim/ansible/templates/isis/frr.j2] ***
skipping: [x1]
skipping: [x2]

TASK [run vtysh to import isis config from /home/pipi/net101/tools/netsim/ansible/templates/isis/frr.j2] ***
changed: [x1]
changed: [x2]

PLAY [Deploy custom deployment templates] **************************************
skipping: no hosts matched

PLAY RECAP *********************************************************************
dut                        : ok=17   changed=2    unreachable=0    failed=0    skipped=1    rescued=0    ignored=0   
x1                         : ok=23   changed=5    unreachable=0    failed=0    skipped=4    rescued=0    ignored=0   
x2                         : ok=23   changed=5    unreachable=0    failed=0    skipped=4    rescued=0    ignored=0   



This lab tests the IS-IS network type settings. The device under test has two
interfaces with IS-IS network type set to 'broadcast' and 'point-to-point'. It
has to establish IS-IS adjacencies over both.

