[WARNING]: Could not match supplied host pattern, ignoring: unprovisioned

PLAY [Deploy initial device configuration] *************************************

TASK [Set variables that cannot be set with VARS] ******************************
ok: [xf]
ok: [probe]
ok: [dut_a]
ok: [dut_c]

TASK [Find device readiness script] ********************************************
ok: [xf]
ok: [probe]
ok: [dut_a]
ok: [dut_c]

TASK [Wait for device to become ready] *****************************************
skipping: [dut_a]
skipping: [dut_c]
skipping: [xf]
skipping: [probe]

TASK [Deploy initial configuration] ********************************************
included: /home/pipi/net101/tools/netsim/ansible/tasks/deploy-module.yml for dut_a, dut_c, xf, probe

TASK [Figure out whether to deploy the module initial on current device] *******
ok: [xf]
ok: [probe]
ok: [dut_a]
ok: [dut_c]

TASK [Find configuration template for initial] *********************************
ok: [xf]
ok: [probe]
ok: [dut_a]
ok: [dut_c]

TASK [Print deployed configuration when running in verbose mode] ***************
ok: [dut_a] => 
  msg: |-
    initial configuration for dut_a
    =========================================
    hostname dut-a
    !
    lldp
    !
  
  
  
    interface loopback 0
        ip address 10.0.0.1/32
    !
    interface mgmt
        no lldp transmit
        no lldp receive
    !
  
  
    interface 1/1/1
        shutdown
        mtu 9198
        description dut_a -> probe
        ip address 172.16.0.1/24
        no shutdown
    !
    !
ok: [dut_c] => 
  msg: |-
    initial configuration for dut_c
    =========================================
    hostname dut-c
    !
    lldp
    !
  
  
  
    interface loopback 0
        ip address 10.0.0.2/32
    !
    interface mgmt
        no lldp transmit
        no lldp receive
    !
  
  
    interface 1/1/1
        shutdown
        mtu 9198
        description dut_c -> probe
        ip address 172.16.1.2/24
        no shutdown
    !
  
    interface 1/1/2
        shutdown
        mtu 9198
        description dut_c -> xf [external]
        ip address 172.16.2.2/24
        no shutdown
    !
    !
ok: [probe] => 
  msg: |-
    initial configuration for probe
    =========================================
    #!/bin/bash
    #
    set -e
    set -x
    #
    # Create bash profile script
    #
    cat <<SCRIPT >/root/.bash_profile
    #!/bin/bash
    #
    export PS1="\h(bash)#"
    echo "Use vtysh to connect to FRR daemon"
    echo
    SCRIPT
    #
    # Get the current next hop for the default route
    #
    def_nh=$(ip route list default|awk '{ print $3 }')
    #
    # Create the management VRF and add eth0 to it
    #
    if [ ! -e /sys/devices/virtual/net/mgmt ]; then
      ip link add mgmt type vrf table 42
    fi
    ip link set mgmt up
    sysctl -qw net.ipv6.conf.eth0.keep_addr_on_down=1
    ip link set eth0 master mgmt
    #
    # Reinstall the default route if we had it before
    #
    if [[ -n "$def_nh" ]]; then
      ip route add 0.0.0.0/0 vrf mgmt via $def_nh
    fi
    #
    # Enable FRR modules (if not using containerlab bind-mounted /etc/frr/daemons)
    #
  
    #
    # Create loopbacks and stub devices
    #
    if [ ! -e /sys/class/net/lo ]; then
      if [ ! -e /sys/devices/virtual/net/lo ]; then
        ip link add lo type dummy
        ip link set dev lo up
      fi
    fi
  
    # Disable IPv6 (for IPv4-only interfaces) or SLAAC (if the device is a router)
    #
    sysctl -qw net.ipv6.conf.eth1.disable_ipv6=1
    sysctl -qw net.ipv6.conf.eth2.disable_ipv6=1
  
    #
    # Add vtysh.conf file
    echo "service integrated-vtysh-config" >/etc/frr/vtysh.conf
    #
    # Set Ethernet interface MTU
    ip link set eth1 mtu 1500
    ip link set eth2 mtu 1500
    #
    # Rest of initial configuration done through VTYSH
    #
    cat >/tmp/config <<CONFIG
    hostname probe
    !
    vrf mgmt
     exit-vrf
    !
    frr defaults datacenter
    !
    interface lo
     no shutdown
     ip address 10.0.0.3/32
    !
    interface eth1
     no shutdown
     description probe -> dut_a
     ip address 172.16.0.3/24
    !
    interface eth2
     no shutdown
     description probe -> dut_c
     ip address 172.16.1.3/24
    !
    do write
    CONFIG
    vtysh -f /tmp/config
    exit 0
ok: [xf] => 
  msg: |-
    initial configuration for xf
    =========================================
    #!/bin/bash
    #
    set -e
    set -x
    #
    # Create bash profile script
    #
    cat <<SCRIPT >/root/.bash_profile
    #!/bin/bash
    #
    export PS1="\h(bash)#"
    echo "Use vtysh to connect to FRR daemon"
    echo
    SCRIPT
    #
    # Get the current next hop for the default route
    #
    def_nh=$(ip route list default|awk '{ print $3 }')
    #
    # Create the management VRF and add eth0 to it
    #
    if [ ! -e /sys/devices/virtual/net/mgmt ]; then
      ip link add mgmt type vrf table 42
    fi
    ip link set mgmt up
    sysctl -qw net.ipv6.conf.eth0.keep_addr_on_down=1
    ip link set eth0 master mgmt
    #
    # Reinstall the default route if we had it before
    #
    if [[ -n "$def_nh" ]]; then
      ip route add 0.0.0.0/0 vrf mgmt via $def_nh
    fi
    #
    # Enable FRR modules (if not using containerlab bind-mounted /etc/frr/daemons)
    #
  
    #
    # Create loopbacks and stub devices
    #
    if [ ! -e /sys/class/net/lo ]; then
      if [ ! -e /sys/devices/virtual/net/lo ]; then
        ip link add lo type dummy
        ip link set dev lo up
      fi
    fi
  
    # Disable IPv6 (for IPv4-only interfaces) or SLAAC (if the device is a router)
    #
    sysctl -qw net.ipv6.conf.eth1.disable_ipv6=1
  
    #
    # Add vtysh.conf file
    echo "service integrated-vtysh-config" >/etc/frr/vtysh.conf
    #
    # Set Ethernet interface MTU
    ip link set eth1 mtu 1500
    #
    # Rest of initial configuration done through VTYSH
    #
    cat >/tmp/config <<CONFIG
    hostname xf
    !
    vrf mgmt
     exit-vrf
    !
    frr defaults datacenter
    !
    interface lo
     no shutdown
     ip address 10.0.0.4/32
    !
    interface eth1
     no shutdown
     description xf -> dut_c [external]
     ip address 172.16.2.4/24
    !
    do write
    CONFIG
    vtysh -f /tmp/config
    exit 0

TASK [Find configuration deployment deploy_script for initial] *****************
ok: [xf]
ok: [probe]
ok: [dut_a]
ok: [dut_c]

TASK [Deploy initial configuration] ********************************************
included: /home/pipi/net101/tools/netsim/ansible/tasks/deploy-config/arubacx.yml for dut_a, dut_c
included: /home/pipi/net101/tools/netsim/ansible/tasks/frr/initial-clab.yml for xf, probe

TASK [tempfile] ****************************************************************
changed: [dut_c -> localhost]
changed: [dut_a -> localhost]

TASK [template] ****************************************************************
changed: [dut_a -> localhost]
changed: [dut_c -> localhost]

TASK [aoscx_config: set session auto-confirm for initial] **********************
changed: [dut_c]
changed: [dut_a]

TASK [aoscx_config: deploying initial from /home/pipi/net101/tools/netsim/ansible/templates/initial/arubacx.j2] ***
changed: [dut_a]
changed: [dut_c]

TASK [file] ********************************************************************
changed: [dut_a -> localhost]
changed: [dut_c -> localhost]

TASK [Attempt to load VRF kernel module] ***************************************
changed: [xf -> localhost]
changed: [probe -> localhost]

TASK [Disable FRR management VRF when modprobe fails] **************************
skipping: [xf]
skipping: [probe]

TASK [include_tasks] ***********************************************************
included: /home/pipi/net101/tools/netsim/ansible/tasks/frr/deploy-config.yml for xf, probe

TASK [template] ****************************************************************
changed: [xf]
changed: [probe]

TASK [set_fact] ****************************************************************
ok: [xf]
ok: [probe]

TASK [run /tmp/config.sh to deploy initial config from /home/pipi/net101/tools/netsim/ansible/templates/initial/frr.j2] ***
changed: [xf]
changed: [probe]

TASK [run vtysh to import initial config from /home/pipi/net101/tools/netsim/ansible/templates/initial/frr.j2] ***
skipping: [xf]
skipping: [probe]

PLAY [Deploy module-specific configurations] ***********************************

TASK [Set variables that cannot be set with VARS] ******************************
ok: [probe]
ok: [xf]
ok: [dut_a]
ok: [dut_c]

TASK [Deploy individual configuration modules] *********************************
included: /home/pipi/net101/tools/netsim/ansible/tasks/deploy-module.yml for dut_a, dut_c, probe, xf => (item=bgp)
included: /home/pipi/net101/tools/netsim/ansible/tasks/deploy-module.yml for dut_a, dut_c, probe, xf => (item=ospf)

TASK [Figure out whether to deploy the module bgp on current device] ***********
ok: [probe]
ok: [xf]
ok: [dut_a]
ok: [dut_c]

TASK [Find configuration template for bgp] *************************************
skipping: [dut_a]
skipping: [probe]
ok: [xf]
ok: [dut_c]

TASK [Print deployed configuration when running in verbose mode] ***************
skipping: [dut_a]
skipping: [probe]
ok: [xf] => 
  msg: |-
    bgp configuration for xf
    =========================================
    !
    router bgp 65100
      no bgp ebgp-requires-policy
      no bgp default ipv4-unicast
      bgp default show-hostname
      bgp default show-nexthop-hostname
  
      ! Consider AS paths of same length but with different AS as ECMP candidates
      bgp bestpath as-path multipath-relax
  
      bgp router-id 10.0.0.4
    !
      neighbor 172.16.2.2 remote-as 65000
      neighbor 172.16.2.2 description dut_c
    !
     address-family ipv4 unicast
    !
  
    !
      network 10.0.0.4/32
    !
    !
    !
      neighbor 172.16.2.2 activate
      no neighbor 172.16.2.2 send-community all
      neighbor 172.16.2.2 send-community standard
      neighbor 172.16.2.2 send-community large
    !
    !
    !
    do write
ok: [dut_c] => 
  msg: |-
    bgp configuration for dut_c
    =========================================
    !
    !
    router bgp 65000
      bgp log-neighbor-changes
      timers bgp connect-retry 10
      bgp router-id 10.0.0.2
      neighbor 172.16.2.4 remote-as 65100
      neighbor 172.16.2.4 description xf
  
    !
      address-family ipv4 unicast
    !
  
        network 10.0.0.2/32
    !
    !
        neighbor 172.16.2.4 activate
        neighbor 172.16.2.4 advertisement-interval 1
        neighbor 172.16.2.4 send-community standard
  
    !

TASK [Find configuration deployment deploy_script for bgp] *********************
skipping: [dut_a]
skipping: [probe]
ok: [xf]
ok: [dut_c]

TASK [Deploy bgp configuration] ************************************************
skipping: [dut_a]
skipping: [probe]
included: /home/pipi/net101/tools/netsim/ansible/tasks/deploy-config/arubacx.yml for dut_c
included: /home/pipi/net101/tools/netsim/ansible/tasks/deploy-config/frr.yml for xf

TASK [tempfile] ****************************************************************
changed: [dut_c -> localhost]

TASK [template] ****************************************************************
changed: [dut_c -> localhost]

TASK [aoscx_config: set session auto-confirm for bgp] **************************
changed: [dut_c]

TASK [aoscx_config: deploying bgp from /home/pipi/net101/tools/netsim/ansible/templates/bgp/arubacx.j2] ***
changed: [dut_c]

TASK [file] ********************************************************************
changed: [dut_c -> localhost]

TASK [template] ****************************************************************
changed: [xf]

TASK [set_fact] ****************************************************************
ok: [xf]

TASK [run /tmp/config.sh to deploy bgp config from /home/pipi/net101/tools/netsim/ansible/templates/bgp/frr.j2] ***
skipping: [xf]

TASK [run vtysh to import bgp config from /home/pipi/net101/tools/netsim/ansible/templates/bgp/frr.j2] ***
changed: [xf]

TASK [Figure out whether to deploy the module ospf on current device] **********
ok: [probe]
ok: [xf]
ok: [dut_a]
ok: [dut_c]

TASK [Find configuration template for ospf] ************************************
skipping: [xf]
ok: [probe]
ok: [dut_a]
ok: [dut_c]

TASK [Print deployed configuration when running in verbose mode] ***************
skipping: [xf]
ok: [dut_a] => 
  msg: |-
    ospf configuration for dut_a
    =========================================
    !
    router ospf 1
        router-id 10.0.0.1
  
     default-information originate always metric 40
  
  
  
  
        area 0.0.0.0
        area 0.0.0.0
  
    !
    interface loopback 0
        ip ospf 1 area 0.0.0.0
    !
    interface 1/1/1
    ! dut_a -> probe
        ip ospf 1 area 0.0.0.0
        ip ospf network point-to-point
    !
ok: [probe] => 
  msg: |-
    ospf configuration for probe
    =========================================
    !
    ! OSPFv2 FRR configuration
    !
    router ospf
     ospf router-id 10.0.0.3
     timers throttle spf 10 50 500
     timers throttle lsa all 100
     timers lsa min-arrival 100
  
  
    exit
    !
    interface lo
    !
     ip ospf area 0.0.0.0
    !
    interface eth1
    ! probe -> dut_a
     ip ospf area 0.0.0.0
     ip ospf network point-to-point
    !
    interface eth2
    ! probe -> dut_c
     ip ospf area 0.0.0.0
     ip ospf network point-to-point
     ip ospf cost 10
    !
  
    !
    do write
ok: [dut_c] => 
  msg: |-
    ospf configuration for dut_c
    =========================================
    !
    router ospf 1
        router-id 10.0.0.2
  
     default-information originate metric 20
  
  
  
  
        area 0.0.0.0
        area 0.0.0.0
  
    !
    interface loopback 0
        ip ospf 1 area 0.0.0.0
    !
    interface 1/1/1
    ! dut_c -> probe
        ip ospf 1 area 0.0.0.0
        ip ospf network point-to-point
        ip ospf cost 10
    !

TASK [Find configuration deployment deploy_script for ospf] ********************
skipping: [xf]
ok: [probe]
ok: [dut_a]
ok: [dut_c]

TASK [Deploy ospf configuration] ***********************************************
skipping: [xf]
included: /home/pipi/net101/tools/netsim/ansible/tasks/deploy-config/arubacx.yml for dut_a, dut_c
included: /home/pipi/net101/tools/netsim/ansible/tasks/deploy-config/frr.yml for probe

TASK [tempfile] ****************************************************************
changed: [dut_a -> localhost]
changed: [dut_c -> localhost]

TASK [template] ****************************************************************
changed: [dut_a -> localhost]
changed: [dut_c -> localhost]

TASK [aoscx_config: set session auto-confirm for ospf] *************************
changed: [dut_c]
changed: [dut_a]

TASK [aoscx_config: deploying ospf from /home/pipi/net101/tools/netsim/ansible/templates/ospf/arubacx.j2] ***
changed: [dut_a]
changed: [dut_c]

TASK [file] ********************************************************************
changed: [dut_a -> localhost]
changed: [dut_c -> localhost]

TASK [template] ****************************************************************
changed: [probe]

TASK [set_fact] ****************************************************************
ok: [probe]

TASK [run /tmp/config.sh to deploy ospf config from /home/pipi/net101/tools/netsim/ansible/templates/ospf/frr.j2] ***
skipping: [probe]

TASK [run vtysh to import ospf config from /home/pipi/net101/tools/netsim/ansible/templates/ospf/frr.j2] ***
changed: [probe]

PLAY [Deploy custom deployment templates] **************************************
skipping: no hosts matched

PLAY RECAP *********************************************************************
dut_a                      : ok=27   changed=10   unreachable=0    failed=0    skipped=5    rescued=0    ignored=0   
dut_c                      : ok=36   changed=15   unreachable=0    failed=0    skipped=1    rescued=0    ignored=0   
probe                      : ok=25   changed=5    unreachable=0    failed=0    skipped=8    rescued=0    ignored=0   
xf                         : ok=25   changed=5    unreachable=0    failed=0    skipped=8    rescued=0    ignored=0   



This lab tests the OSPF default route origination. The devices under test
should originate the default route, one always, the other one based one
BGP default route.

