Warning in ansible: You're using Ansible version 12.x or higher; netlab might not work correctly
... Ansible core version 2.19 introduced breaking changes in templates and playbooks
... We tested netlab core with Ansible version 12.x but not every device template
... You might want to downgrade Ansible to version 11.10 or lower.
... Use 'netlab install ansible' on Ubuntu to do that
... Finally, please open a GitHub issue if you experience errors/crashes
... Set defaults.ansible.warnings.ver12 to False to hide this warning
 [INFO] Checking for updates in configuration templates
 [INFO] Creating configuration snippets
[CREATED] h1: initial,routing
[CREATED] h2: initial,routing
[CREATED] h3: initial,routing
[CREATED] h4: initial,routing
[CREATED] s1: initial,vlan,ospf,gateway,bgp,vxlan,evpn
[CREATED] s2: initial,vlan,ospf,gateway,bgp,vxlan,evpn
 [INFO] Executing initial configuration for node h1 (namespace clab-
          ml_17-h1)
 [INFO] Executing routing configuration for node h1 (namespace clab-
          ml_17-h1)
 [INFO] Executing initial configuration for node h2 (namespace clab-
          ml_17-h2)
 [INFO] Executing routing configuration for node h2 (namespace clab-
          ml_17-h2)
 [INFO] Executing initial configuration for node h3 (namespace clab-
          ml_17-h3)
 [INFO] Executing routing configuration for node h3 (namespace clab-
          ml_17-h3)
 [INFO] Executing initial configuration for node h4 (namespace clab-
          ml_17-h4)
 [INFO] Executing routing configuration for node h4 (namespace clab-
          ml_17-h4)

 [INFO] Starting Ansible playbook to deploy the rest of the
          configurations
[WARNING]: Could not match supplied host pattern, ignoring: unprovisioned
[WARNING]: Found variable using reserved name 'hosts'.
Origin: /work/netlab_cicd/group_vars/all/topology.yml:157:1

155     ipv4: 10.2.0.0/24
156     prefix: 32
157 hosts:
    ^ column 1


PLAY [Deploy initial device configuration] *************************************

TASK [Set variables that cannot be set with VARS] ******************************
ok: [h1]
ok: [h2]
ok: [h3]
ok: [h4]
ok: [s1]
ok: [s2]

TASK [Generic readiness tests] *************************************************
skipping: [h1]
skipping: [h2]
skipping: [h3]
skipping: [h4]
skipping: [s1]
skipping: [s2]

TASK [Find device readiness script] ********************************************
ok: [h1]
ok: [h2]
ok: [h3]
ok: [h4]
ok: [s1]
ok: [s2]

TASK [Wait for device to become ready] *****************************************
skipping: [h1]
skipping: [h2]
skipping: [h3]
skipping: [h4]
skipping: [s1]
skipping: [s2]

TASK [Normalize config on bridge-like devices] *********************************
included: /home/pipi/netlab_gh/netsim/ansible/tasks/deploy-module.yml for h1
included: /home/pipi/netlab_gh/netsim/ansible/tasks/deploy-module.yml for h2
included: /home/pipi/netlab_gh/netsim/ansible/tasks/deploy-module.yml for h3
included: /home/pipi/netlab_gh/netsim/ansible/tasks/deploy-module.yml for h4
included: /home/pipi/netlab_gh/netsim/ansible/tasks/deploy-module.yml for s1
included: /home/pipi/netlab_gh/netsim/ansible/tasks/deploy-module.yml for s2

TASK [Figure out whether to deploy the module normalize on current device] *****
ok: [h1]

TASK [Find configuration template for normalize] *******************************
ok: [h1]

TASK [fail] ********************************************************************
skipping: [h1]

TASK [Find configuration deployment deploy_script for normalize] ***************
ok: [h1]

TASK [Print deployed configuration when running in verbose mode] ***************
skipping: [h1]

TASK [Deploy normalize configuration] ******************************************
skipping: [h1]

TASK [Figure out whether to deploy the module normalize on current device] *****
ok: [h2]

TASK [Find configuration template for normalize] *******************************
ok: [h2]

TASK [fail] ********************************************************************
skipping: [h2]

TASK [Find configuration deployment deploy_script for normalize] ***************
ok: [h2]

TASK [Print deployed configuration when running in verbose mode] ***************
skipping: [h2]

TASK [Deploy normalize configuration] ******************************************
skipping: [h2]

TASK [Figure out whether to deploy the module normalize on current device] *****
ok: [h3]

TASK [Find configuration template for normalize] *******************************
ok: [h3]

TASK [fail] ********************************************************************
skipping: [h3]

TASK [Find configuration deployment deploy_script for normalize] ***************
ok: [h3]

TASK [Print deployed configuration when running in verbose mode] ***************
skipping: [h3]

TASK [Deploy normalize configuration] ******************************************
skipping: [h3]

TASK [Figure out whether to deploy the module normalize on current device] *****
ok: [h4]

TASK [Find configuration template for normalize] *******************************
ok: [h4]

TASK [fail] ********************************************************************
skipping: [h4]

TASK [Find configuration deployment deploy_script for normalize] ***************
ok: [h4]

TASK [Print deployed configuration when running in verbose mode] ***************
skipping: [h4]

TASK [Deploy normalize configuration] ******************************************
skipping: [h4]

TASK [Figure out whether to deploy the module normalize on current device] *****
ok: [s1]

TASK [Find configuration template for normalize] *******************************
ok: [s1]

TASK [fail] ********************************************************************
skipping: [s1]

TASK [Find configuration deployment deploy_script for normalize] ***************
ok: [s1]

TASK [Print deployed configuration when running in verbose mode] ***************
skipping: [s1]

TASK [Deploy normalize configuration] ******************************************
skipping: [s1]

TASK [Figure out whether to deploy the module normalize on current device] *****
ok: [s2]

TASK [Find configuration template for normalize] *******************************
ok: [s2]

TASK [fail] ********************************************************************
skipping: [s2]

TASK [Find configuration deployment deploy_script for normalize] ***************
ok: [s2]

TASK [Print deployed configuration when running in verbose mode] ***************
skipping: [s2]

TASK [Deploy normalize configuration] ******************************************
skipping: [s2]

TASK [Deploy initial configuration] ********************************************
included: /home/pipi/netlab_gh/netsim/ansible/tasks/deploy-module.yml for h1
included: /home/pipi/netlab_gh/netsim/ansible/tasks/deploy-module.yml for h2
included: /home/pipi/netlab_gh/netsim/ansible/tasks/deploy-module.yml for h3
included: /home/pipi/netlab_gh/netsim/ansible/tasks/deploy-module.yml for h4
included: /home/pipi/netlab_gh/netsim/ansible/tasks/deploy-module.yml for s1
included: /home/pipi/netlab_gh/netsim/ansible/tasks/deploy-module.yml for s2

TASK [Figure out whether to deploy the module initial on current device] *******
ok: [h1]

TASK [Find configuration template for initial] *********************************
skipping: [h1]

TASK [fail] ********************************************************************
skipping: [h1]

TASK [Find configuration deployment deploy_script for initial] *****************
skipping: [h1]

TASK [Print deployed configuration when running in verbose mode] ***************
skipping: [h1]

TASK [Deploy initial configuration] ********************************************
skipping: [h1]

TASK [Figure out whether to deploy the module initial on current device] *******
ok: [h2]

TASK [Find configuration template for initial] *********************************
skipping: [h2]

TASK [fail] ********************************************************************
skipping: [h2]

TASK [Find configuration deployment deploy_script for initial] *****************
skipping: [h2]

TASK [Print deployed configuration when running in verbose mode] ***************
skipping: [h2]

TASK [Deploy initial configuration] ********************************************
skipping: [h2]

TASK [Figure out whether to deploy the module initial on current device] *******
ok: [h3]

TASK [Find configuration template for initial] *********************************
skipping: [h3]

TASK [fail] ********************************************************************
skipping: [h3]

TASK [Find configuration deployment deploy_script for initial] *****************
skipping: [h3]

TASK [Print deployed configuration when running in verbose mode] ***************
skipping: [h3]

TASK [Deploy initial configuration] ********************************************
skipping: [h3]

TASK [Figure out whether to deploy the module initial on current device] *******
ok: [h4]

TASK [Find configuration template for initial] *********************************
skipping: [h4]

TASK [fail] ********************************************************************
skipping: [h4]

TASK [Find configuration deployment deploy_script for initial] *****************
skipping: [h4]

TASK [Print deployed configuration when running in verbose mode] ***************
skipping: [h4]

TASK [Deploy initial configuration] ********************************************
skipping: [h4]

TASK [Figure out whether to deploy the module initial on current device] *******
ok: [s1]

TASK [Find configuration template for initial] *********************************
ok: [s1]

TASK [fail] ********************************************************************
skipping: [s1]

TASK [Find configuration deployment deploy_script for initial] *****************
ok: [s1]

TASK [Print deployed configuration when running in verbose mode] ***************
ok: [s1] => {
    "msg": "initial configuration for s1\n=========================================\n\nupdates:\n\n- path: /interface[name=system0]/subinterface[index=0]\n  value:\n   description: \"No description\"\n   admin-state: enable\n   ipv4:\n    admin-state: enable\n    address:\n    - ip-prefix: \"10.0.0.5/32\"\n\n- path: /interface[name=ethernet-1/1]\n  value:\n   description: \"s1 ~ s2\"\n # min 1500; max 9412 for 7220, 9500 for 7250 platforms\n   mtu: 1614\n   subinterface:\n # min 1500; max 9412 for 7220, 9500 for 7250 platforms\n    ip-mtu: 1600\n    index: 0\n    description: \"s1 ~ s2\"\n\n- path: /interface[name=ethernet-1/1]/subinterface[index=0]\n  value:\n   description: \"s1 ~ s2\"\n   admin-state: enable\n   ipv4:\n    admin-state: enable\n    address:\n    - ip-prefix: \"10.1.0.1/30\"\n      primary: [null]\n\n\n\n- path: /network-instance[name=default]\n  value:\n   type: default\n   interface:\n   - name: system0.0\n\n- path: /network-instance[name=default]\n  value:\n   type: default\n   interface:\n   - name: ethernet-1/1.0\n\n\n"
}

TASK [Deploy initial configuration] ********************************************
included: /home/pipi/netlab_gh/netsim/ansible/tasks/deploy-config/srlinux.yml for s1

TASK [Generate JSON-RPC YAML configuration] ************************************
ok: [s1]

TASK [Update SRL initial node configuration (template=/work/netlab_cicd/node_files/s1/initial)] ***
changed: [s1]

TASK [debug] *******************************************************************
skipping: [s1]

TASK [Figure out whether to deploy the module initial on current device] *******
ok: [s2]

TASK [Find configuration template for initial] *********************************
ok: [s2]

TASK [fail] ********************************************************************
skipping: [s2]

TASK [Find configuration deployment deploy_script for initial] *****************
ok: [s2]

TASK [Print deployed configuration when running in verbose mode] ***************
ok: [s2] => {
    "msg": "initial configuration for s2\n=========================================\n#!/bin/bash\n#\nset -e\nset -x\n#\n# Create bash profile script\n#\ncat <<SCRIPT >/root/.bash_profile\n#!/bin/bash\n#\nexport PS1=\"\\h(bash)# \"\necho\necho \"Use vtysh to connect to FRR daemon\"\necho\nSCRIPT\n#\n# This is an artifact of unknown provenance that should be removed in a year or two (= 2026/2027)\n#\n# FRR controls these parameters with 'ip forwarding' and 'ipv6 forwarding' commands\n#\nsysctl -w net.ipv4.ip_forward=1\nsysctl -w net.ipv6.conf.all.forwarding=0\n#\n#\n# Get the current next hop for the default route\n#\ndef_nh=$(ip route list default|awk '{ print $3 }')\n#\n# Create the management VRF and add eth0 to it\n#\nif [ ! -e /sys/devices/virtual/net/mgmt ]; then\n  ip link add mgmt type vrf table 42\nfi\nip link set mgmt up\nsysctl -qw net.ipv6.conf.eth0.keep_addr_on_down=1\nip link set eth0 master mgmt\n#\n# Reinstall the default route if we had it before\n#\nif [[ -n \"$def_nh\" ]]; then\n  ip route add 0.0.0.0/0 vrf mgmt via $def_nh\nfi\n#\n# Enable FRR modules (if not using containerlab bind-mounted /etc/frr/daemons)\n#\n\n# Set system defaults\n#\n# Send ARP requests from a sane source IP address\n#\nsysctl -w net.ipv4.conf.all.arp_announce=2\n\n#\n# Create loopbacks, stub and lag/bond devices\n#\nif [ ! -e /sys/class/net/lo ]; then\n  if [ ! -e /sys/devices/virtual/net/lo ]; then\n    ip link add lo type dummy\n    ip link set dev lo up\n  fi\nfi\n\n# Disable IPv6 (for IPv4-only interfaces) or SLAAC (if the device is a router)\n#\nip link set eth1 down\nsysctl -qw net.ipv6.conf.eth1.disable_ipv6=1\nip link set dev eth1 mtu 1600\nip link set eth1 up\nip link set eth2 down\nsysctl -qw net.ipv6.conf.eth2.disable_ipv6=1\nip link set dev eth2 mtu 1500\nip link set eth2 up\nip link set eth3 down\nsysctl -qw net.ipv6.conf.eth3.disable_ipv6=1\nip link set dev eth3 mtu 1500\nip link set eth3 up\n\n#\n# Add vtysh.conf file\necho \"service integrated-vtysh-config\" >/etc/frr/vtysh.conf\n\n#\n# Rest of initial configuration done through VTYSH\n#\ncat >/tmp/config <<CONFIG\nhostname s2\n!\nlog file /tmp/logging\n\n!\nip forwarding\nvrf mgmt\n exit-vrf\n!\nfrr defaults datacenter\n!\ninterface lo\n no shutdown\n ip address 10.0.0.6/32\n!\ninterface eth1\n no shutdown\n description s2 -> s1\n ip address 10.1.0.2/30\n!\ninterface eth2\n no shutdown\n description [Access VLAN red] s2 -> h2\n ! no ip address\n!\ninterface eth3\n no shutdown\n description [Access VLAN blue] s2 -> h4\n ! no ip address\n!\ninterface vlan1000\n no shutdown\n description VLAN red (1000) -> [h1,s1,h2] [external]\n ip address 172.16.0.6/24\n!\ninterface vlan1001\n no shutdown\n description VLAN blue (1001) -> [h3,s1,h4] [external]\n ip address 172.16.1.6/24\n!\ndo write\nCONFIG\nvtysh -f /tmp/config\n!\nexit 0\n"
}

TASK [Deploy initial configuration] ********************************************
included: /home/pipi/netlab_gh/netsim/ansible/tasks/frr/initial-clab.yml for s2

TASK [Attempt to load VRF kernel module] ***************************************
changed: [s2 -> localhost]

TASK [Disable FRR management VRF when modprobe fails] **************************
skipping: [s2]

TASK [include_tasks] ***********************************************************
included: /home/pipi/netlab_gh/netsim/ansible/tasks/frr/deploy-config.yml for s2

TASK [template] ****************************************************************
changed: [s2]

TASK [set_fact] ****************************************************************
ok: [s2]

TASK [run /tmp/config.sh to deploy initial config from /work/netlab_cicd/node_files/s2/initial] ***
changed: [s2]

TASK [run vtysh to import initial config from /work/netlab_cicd/node_files/s2/initial] ***
skipping: [s2]

PLAY [Deploy module-specific configurations] ***********************************

TASK [Set variables that cannot be set with VARS] ******************************
ok: [h1]
ok: [h2]
ok: [h3]
ok: [h4]
ok: [s1]
ok: [s2]

TASK [Deploy individual configuration modules] *********************************
included: /home/pipi/netlab_gh/netsim/ansible/tasks/deploy-module.yml for h1 => (item=vlan)
included: /home/pipi/netlab_gh/netsim/ansible/tasks/deploy-module.yml for h1 => (item=gateway)
included: /home/pipi/netlab_gh/netsim/ansible/tasks/deploy-module.yml for h1 => (item=routing)
included: /home/pipi/netlab_gh/netsim/ansible/tasks/deploy-module.yml for h1 => (item=ospf)
included: /home/pipi/netlab_gh/netsim/ansible/tasks/deploy-module.yml for h1 => (item=bgp)
included: /home/pipi/netlab_gh/netsim/ansible/tasks/deploy-module.yml for h1 => (item=vxlan)
included: /home/pipi/netlab_gh/netsim/ansible/tasks/deploy-module.yml for h1 => (item=evpn)
included: /home/pipi/netlab_gh/netsim/ansible/tasks/deploy-module.yml for h2 => (item=vlan)
included: /home/pipi/netlab_gh/netsim/ansible/tasks/deploy-module.yml for h2 => (item=gateway)
included: /home/pipi/netlab_gh/netsim/ansible/tasks/deploy-module.yml for h2 => (item=routing)
included: /home/pipi/netlab_gh/netsim/ansible/tasks/deploy-module.yml for h2 => (item=ospf)
included: /home/pipi/netlab_gh/netsim/ansible/tasks/deploy-module.yml for h2 => (item=bgp)
included: /home/pipi/netlab_gh/netsim/ansible/tasks/deploy-module.yml for h2 => (item=vxlan)
included: /home/pipi/netlab_gh/netsim/ansible/tasks/deploy-module.yml for h2 => (item=evpn)
included: /home/pipi/netlab_gh/netsim/ansible/tasks/deploy-module.yml for h3 => (item=vlan)
included: /home/pipi/netlab_gh/netsim/ansible/tasks/deploy-module.yml for h3 => (item=gateway)
included: /home/pipi/netlab_gh/netsim/ansible/tasks/deploy-module.yml for h3 => (item=routing)
included: /home/pipi/netlab_gh/netsim/ansible/tasks/deploy-module.yml for h3 => (item=ospf)
included: /home/pipi/netlab_gh/netsim/ansible/tasks/deploy-module.yml for h3 => (item=bgp)
included: /home/pipi/netlab_gh/netsim/ansible/tasks/deploy-module.yml for h3 => (item=vxlan)
included: /home/pipi/netlab_gh/netsim/ansible/tasks/deploy-module.yml for h3 => (item=evpn)
included: /home/pipi/netlab_gh/netsim/ansible/tasks/deploy-module.yml for h4 => (item=vlan)
included: /home/pipi/netlab_gh/netsim/ansible/tasks/deploy-module.yml for h4 => (item=gateway)
included: /home/pipi/netlab_gh/netsim/ansible/tasks/deploy-module.yml for h4 => (item=routing)
included: /home/pipi/netlab_gh/netsim/ansible/tasks/deploy-module.yml for h4 => (item=ospf)
included: /home/pipi/netlab_gh/netsim/ansible/tasks/deploy-module.yml for h4 => (item=bgp)
included: /home/pipi/netlab_gh/netsim/ansible/tasks/deploy-module.yml for h4 => (item=vxlan)
included: /home/pipi/netlab_gh/netsim/ansible/tasks/deploy-module.yml for h4 => (item=evpn)
included: /home/pipi/netlab_gh/netsim/ansible/tasks/deploy-module.yml for s1 => (item=vlan)
included: /home/pipi/netlab_gh/netsim/ansible/tasks/deploy-module.yml for s1 => (item=gateway)
included: /home/pipi/netlab_gh/netsim/ansible/tasks/deploy-module.yml for s1 => (item=routing)
included: /home/pipi/netlab_gh/netsim/ansible/tasks/deploy-module.yml for s1 => (item=ospf)
included: /home/pipi/netlab_gh/netsim/ansible/tasks/deploy-module.yml for s1 => (item=bgp)
included: /home/pipi/netlab_gh/netsim/ansible/tasks/deploy-module.yml for s1 => (item=vxlan)
included: /home/pipi/netlab_gh/netsim/ansible/tasks/deploy-module.yml for s1 => (item=evpn)
included: /home/pipi/netlab_gh/netsim/ansible/tasks/deploy-module.yml for s2 => (item=vlan)
included: /home/pipi/netlab_gh/netsim/ansible/tasks/deploy-module.yml for s2 => (item=gateway)
included: /home/pipi/netlab_gh/netsim/ansible/tasks/deploy-module.yml for s2 => (item=routing)
included: /home/pipi/netlab_gh/netsim/ansible/tasks/deploy-module.yml for s2 => (item=ospf)
included: /home/pipi/netlab_gh/netsim/ansible/tasks/deploy-module.yml for s2 => (item=bgp)
included: /home/pipi/netlab_gh/netsim/ansible/tasks/deploy-module.yml for s2 => (item=vxlan)
included: /home/pipi/netlab_gh/netsim/ansible/tasks/deploy-module.yml for s2 => (item=evpn)

TASK [Figure out whether to deploy the module vlan on current device] **********
ok: [h1]

TASK [Find configuration template for vlan] ************************************
skipping: [h1]

TASK [fail] ********************************************************************
skipping: [h1]

TASK [Find configuration deployment deploy_script for vlan] ********************
skipping: [h1]

TASK [Print deployed configuration when running in verbose mode] ***************
skipping: [h1]

TASK [Deploy vlan configuration] ***********************************************
skipping: [h1]

TASK [Figure out whether to deploy the module gateway on current device] *******
ok: [h1]

TASK [Find configuration template for gateway] *********************************
skipping: [h1]

TASK [fail] ********************************************************************
skipping: [h1]

TASK [Find configuration deployment deploy_script for gateway] *****************
skipping: [h1]

TASK [Print deployed configuration when running in verbose mode] ***************
skipping: [h1]

TASK [Deploy gateway configuration] ********************************************
skipping: [h1]

TASK [Figure out whether to deploy the module routing on current device] *******
ok: [h1]

TASK [Find configuration template for routing] *********************************
skipping: [h1]

TASK [fail] ********************************************************************
skipping: [h1]

TASK [Find configuration deployment deploy_script for routing] *****************
skipping: [h1]

TASK [Print deployed configuration when running in verbose mode] ***************
skipping: [h1]

TASK [Deploy routing configuration] ********************************************
skipping: [h1]

TASK [Figure out whether to deploy the module ospf on current device] **********
ok: [h1]

TASK [Find configuration template for ospf] ************************************
skipping: [h1]

TASK [fail] ********************************************************************
skipping: [h1]

TASK [Find configuration deployment deploy_script for ospf] ********************
skipping: [h1]

TASK [Print deployed configuration when running in verbose mode] ***************
skipping: [h1]

TASK [Deploy ospf configuration] ***********************************************
skipping: [h1]

TASK [Figure out whether to deploy the module bgp on current device] ***********
ok: [h1]

TASK [Find configuration template for bgp] *************************************
skipping: [h1]

TASK [fail] ********************************************************************
skipping: [h1]

TASK [Find configuration deployment deploy_script for bgp] *********************
skipping: [h1]

TASK [Print deployed configuration when running in verbose mode] ***************
skipping: [h1]

TASK [Deploy bgp configuration] ************************************************
skipping: [h1]

TASK [Figure out whether to deploy the module vxlan on current device] *********
ok: [h1]

TASK [Find configuration template for vxlan] ***********************************
skipping: [h1]

TASK [fail] ********************************************************************
skipping: [h1]

TASK [Find configuration deployment deploy_script for vxlan] *******************
skipping: [h1]

TASK [Print deployed configuration when running in verbose mode] ***************
skipping: [h1]

TASK [Deploy vxlan configuration] **********************************************
skipping: [h1]

TASK [Figure out whether to deploy the module evpn on current device] **********
ok: [h1]

TASK [Find configuration template for evpn] ************************************
skipping: [h1]

TASK [fail] ********************************************************************
skipping: [h1]

TASK [Find configuration deployment deploy_script for evpn] ********************
skipping: [h1]

TASK [Print deployed configuration when running in verbose mode] ***************
skipping: [h1]

TASK [Deploy evpn configuration] ***********************************************
skipping: [h1]

TASK [Figure out whether to deploy the module vlan on current device] **********
ok: [h2]

TASK [Find configuration template for vlan] ************************************
skipping: [h2]

TASK [fail] ********************************************************************
skipping: [h2]

TASK [Find configuration deployment deploy_script for vlan] ********************
skipping: [h2]

TASK [Print deployed configuration when running in verbose mode] ***************
skipping: [h2]

TASK [Deploy vlan configuration] ***********************************************
skipping: [h2]

TASK [Figure out whether to deploy the module gateway on current device] *******
ok: [h2]

TASK [Find configuration template for gateway] *********************************
skipping: [h2]

TASK [fail] ********************************************************************
skipping: [h2]

TASK [Find configuration deployment deploy_script for gateway] *****************
skipping: [h2]

TASK [Print deployed configuration when running in verbose mode] ***************
skipping: [h2]

TASK [Deploy gateway configuration] ********************************************
skipping: [h2]

TASK [Figure out whether to deploy the module routing on current device] *******
ok: [h2]

TASK [Find configuration template for routing] *********************************
skipping: [h2]

TASK [fail] ********************************************************************
skipping: [h2]

TASK [Find configuration deployment deploy_script for routing] *****************
skipping: [h2]

TASK [Print deployed configuration when running in verbose mode] ***************
skipping: [h2]

TASK [Deploy routing configuration] ********************************************
skipping: [h2]

TASK [Figure out whether to deploy the module ospf on current device] **********
ok: [h2]

TASK [Find configuration template for ospf] ************************************
skipping: [h2]

TASK [fail] ********************************************************************
skipping: [h2]

TASK [Find configuration deployment deploy_script for ospf] ********************
skipping: [h2]

TASK [Print deployed configuration when running in verbose mode] ***************
skipping: [h2]

TASK [Deploy ospf configuration] ***********************************************
skipping: [h2]

TASK [Figure out whether to deploy the module bgp on current device] ***********
ok: [h2]

TASK [Find configuration template for bgp] *************************************
skipping: [h2]

TASK [fail] ********************************************************************
skipping: [h2]

TASK [Find configuration deployment deploy_script for bgp] *********************
skipping: [h2]

TASK [Print deployed configuration when running in verbose mode] ***************
skipping: [h2]

TASK [Deploy bgp configuration] ************************************************
skipping: [h2]

TASK [Figure out whether to deploy the module vxlan on current device] *********
ok: [h2]

TASK [Find configuration template for vxlan] ***********************************
skipping: [h2]

TASK [fail] ********************************************************************
skipping: [h2]

TASK [Find configuration deployment deploy_script for vxlan] *******************
skipping: [h2]

TASK [Print deployed configuration when running in verbose mode] ***************
skipping: [h2]

TASK [Deploy vxlan configuration] **********************************************
skipping: [h2]

TASK [Figure out whether to deploy the module evpn on current device] **********
ok: [h2]

TASK [Find configuration template for evpn] ************************************
skipping: [h2]

TASK [fail] ********************************************************************
skipping: [h2]

TASK [Find configuration deployment deploy_script for evpn] ********************
skipping: [h2]

TASK [Print deployed configuration when running in verbose mode] ***************
skipping: [h2]

TASK [Deploy evpn configuration] ***********************************************
skipping: [h2]

TASK [Figure out whether to deploy the module vlan on current device] **********
ok: [h3]

TASK [Find configuration template for vlan] ************************************
skipping: [h3]

TASK [fail] ********************************************************************
skipping: [h3]

TASK [Find configuration deployment deploy_script for vlan] ********************
skipping: [h3]

TASK [Print deployed configuration when running in verbose mode] ***************
skipping: [h3]

TASK [Deploy vlan configuration] ***********************************************
skipping: [h3]

TASK [Figure out whether to deploy the module gateway on current device] *******
ok: [h3]

TASK [Find configuration template for gateway] *********************************
skipping: [h3]

TASK [fail] ********************************************************************
skipping: [h3]

TASK [Find configuration deployment deploy_script for gateway] *****************
skipping: [h3]

TASK [Print deployed configuration when running in verbose mode] ***************
skipping: [h3]

TASK [Deploy gateway configuration] ********************************************
skipping: [h3]

TASK [Figure out whether to deploy the module routing on current device] *******
ok: [h3]

TASK [Find configuration template for routing] *********************************
skipping: [h3]

TASK [fail] ********************************************************************
skipping: [h3]

TASK [Find configuration deployment deploy_script for routing] *****************
skipping: [h3]

TASK [Print deployed configuration when running in verbose mode] ***************
skipping: [h3]

TASK [Deploy routing configuration] ********************************************
skipping: [h3]

TASK [Figure out whether to deploy the module ospf on current device] **********
ok: [h3]

TASK [Find configuration template for ospf] ************************************
skipping: [h3]

TASK [fail] ********************************************************************
skipping: [h3]

TASK [Find configuration deployment deploy_script for ospf] ********************
skipping: [h3]

TASK [Print deployed configuration when running in verbose mode] ***************
skipping: [h3]

TASK [Deploy ospf configuration] ***********************************************
skipping: [h3]

TASK [Figure out whether to deploy the module bgp on current device] ***********
ok: [h3]

TASK [Find configuration template for bgp] *************************************
skipping: [h3]

TASK [fail] ********************************************************************
skipping: [h3]

TASK [Find configuration deployment deploy_script for bgp] *********************
skipping: [h3]

TASK [Print deployed configuration when running in verbose mode] ***************
skipping: [h3]

TASK [Deploy bgp configuration] ************************************************
skipping: [h3]

TASK [Figure out whether to deploy the module vxlan on current device] *********
ok: [h3]

TASK [Find configuration template for vxlan] ***********************************
skipping: [h3]

TASK [fail] ********************************************************************
skipping: [h3]

TASK [Find configuration deployment deploy_script for vxlan] *******************
skipping: [h3]

TASK [Print deployed configuration when running in verbose mode] ***************
skipping: [h3]

TASK [Deploy vxlan configuration] **********************************************
skipping: [h3]

TASK [Figure out whether to deploy the module evpn on current device] **********
ok: [h3]

TASK [Find configuration template for evpn] ************************************
skipping: [h3]

TASK [fail] ********************************************************************
skipping: [h3]

TASK [Find configuration deployment deploy_script for evpn] ********************
skipping: [h3]

TASK [Print deployed configuration when running in verbose mode] ***************
skipping: [h3]

TASK [Deploy evpn configuration] ***********************************************
skipping: [h3]

TASK [Figure out whether to deploy the module vlan on current device] **********
ok: [h4]

TASK [Find configuration template for vlan] ************************************
skipping: [h4]

TASK [fail] ********************************************************************
skipping: [h4]

TASK [Find configuration deployment deploy_script for vlan] ********************
skipping: [h4]

TASK [Print deployed configuration when running in verbose mode] ***************
skipping: [h4]

TASK [Deploy vlan configuration] ***********************************************
skipping: [h4]

TASK [Figure out whether to deploy the module gateway on current device] *******
ok: [h4]

TASK [Find configuration template for gateway] *********************************
skipping: [h4]

TASK [fail] ********************************************************************
skipping: [h4]

TASK [Find configuration deployment deploy_script for gateway] *****************
skipping: [h4]

TASK [Print deployed configuration when running in verbose mode] ***************
skipping: [h4]

TASK [Deploy gateway configuration] ********************************************
skipping: [h4]

TASK [Figure out whether to deploy the module routing on current device] *******
ok: [h4]

TASK [Find configuration template for routing] *********************************
skipping: [h4]

TASK [fail] ********************************************************************
skipping: [h4]

TASK [Find configuration deployment deploy_script for routing] *****************
skipping: [h4]

TASK [Print deployed configuration when running in verbose mode] ***************
skipping: [h4]

TASK [Deploy routing configuration] ********************************************
skipping: [h4]

TASK [Figure out whether to deploy the module ospf on current device] **********
ok: [h4]

TASK [Find configuration template for ospf] ************************************
skipping: [h4]

TASK [fail] ********************************************************************
skipping: [h4]

TASK [Find configuration deployment deploy_script for ospf] ********************
skipping: [h4]

TASK [Print deployed configuration when running in verbose mode] ***************
skipping: [h4]

TASK [Deploy ospf configuration] ***********************************************
skipping: [h4]

TASK [Figure out whether to deploy the module bgp on current device] ***********
ok: [h4]

TASK [Find configuration template for bgp] *************************************
skipping: [h4]

TASK [fail] ********************************************************************
skipping: [h4]

TASK [Find configuration deployment deploy_script for bgp] *********************
skipping: [h4]

TASK [Print deployed configuration when running in verbose mode] ***************
skipping: [h4]

TASK [Deploy bgp configuration] ************************************************
skipping: [h4]

TASK [Figure out whether to deploy the module vxlan on current device] *********
ok: [h4]

TASK [Find configuration template for vxlan] ***********************************
skipping: [h4]

TASK [fail] ********************************************************************
skipping: [h4]

TASK [Find configuration deployment deploy_script for vxlan] *******************
skipping: [h4]

TASK [Print deployed configuration when running in verbose mode] ***************
skipping: [h4]

TASK [Deploy vxlan configuration] **********************************************
skipping: [h4]

TASK [Figure out whether to deploy the module evpn on current device] **********
ok: [h4]

TASK [Find configuration template for evpn] ************************************
skipping: [h4]

TASK [fail] ********************************************************************
skipping: [h4]

TASK [Find configuration deployment deploy_script for evpn] ********************
skipping: [h4]

TASK [Print deployed configuration when running in verbose mode] ***************
skipping: [h4]

TASK [Deploy evpn configuration] ***********************************************
skipping: [h4]

TASK [Figure out whether to deploy the module vlan on current device] **********
ok: [s1]

TASK [Find configuration template for vlan] ************************************
ok: [s1]

TASK [fail] ********************************************************************
skipping: [s1]

TASK [Find configuration deployment deploy_script for vlan] ********************
ok: [s1]

TASK [Print deployed configuration when running in verbose mode] ***************
ok: [s1] => {
    "msg": "vlan configuration for s1\n=========================================\n\nupdates:\n- path: /interface[name=ethernet-1/2]\n  value:\n   subinterface:\n   - index: 1000\n     type: bridged\n     description: \"[Access VLAN red] s1 -> h1\"\n\n \n- path: /network-instance[name=vlan1000]\n  value:\n   type: mac-vrf\n   description: \"[Access VLAN red] s1 -> h1\"\n   interface:\n   - name: ethernet-1/2.1000\n\n\n- path: /interface[name=ethernet-1/3]\n  value:\n   subinterface:\n   - index: 1001\n     type: bridged\n     description: \"[Access VLAN blue] s1 -> h3\"\n\n \n- path: /network-instance[name=vlan1001]\n  value:\n   type: mac-vrf\n   description: \"[Access VLAN blue] s1 -> h3\"\n   interface:\n   - name: ethernet-1/3.1001\n\n\n- path: /interface[name=irb0]\n  value:\n   subinterface:\n   - index: 1000\n\n- path: /interface[name=irb0]/subinterface[index=1000]\n  value:\n   description: \"VLAN red (1000) ~ h1,h2,s2\"\n   admin-state: enable\n   ipv4:\n    admin-state: enable\n    address:\n    - ip-prefix: \"172.16.0.5/24\"\n      primary: [null]\n\n \n- path: /network-instance[name=vlan1000]\n  value:\n   type: mac-vrf\n   description: \"VLAN red (1000) ~ h1,h2,s2\"\n   interface:\n   - name: irb0.1000\n\n- path: /network-instance[name=default]\n  value:\n   type: default\n   interface:\n   - name: irb0.1000\n\n- path: /interface[name=irb0]\n  value:\n   subinterface:\n   - index: 1001\n\n- path: /interface[name=irb0]/subinterface[index=1001]\n  value:\n   description: \"VLAN blue (1001) ~ h3,h4,s2\"\n   admin-state: enable\n   ipv4:\n    admin-state: enable\n    address:\n    - ip-prefix: \"172.16.1.5/24\"\n      primary: [null]\n\n \n- path: /network-instance[name=vlan1001]\n  value:\n   type: mac-vrf\n   description: \"VLAN blue (1001) ~ h3,h4,s2\"\n   interface:\n   - name: irb0.1001\n\n- path: /network-instance[name=default]\n  value:\n   type: default\n   interface:\n   - name: irb0.1001\n\n \n"
}

TASK [Deploy vlan configuration] ***********************************************
included: /home/pipi/netlab_gh/netsim/ansible/tasks/deploy-config/srlinux.yml for s1

TASK [Generate JSON-RPC YAML configuration] ************************************
ok: [s1]

TASK [Update SRL vlan node configuration (template=/work/netlab_cicd/node_files/s1/vlan)] ***
changed: [s1]

TASK [debug] *******************************************************************
skipping: [s1]

TASK [Figure out whether to deploy the module gateway on current device] *******
ok: [s1]

TASK [Find configuration template for gateway] *********************************
ok: [s1]

TASK [fail] ********************************************************************
skipping: [s1]

TASK [Find configuration deployment deploy_script for gateway] *****************
ok: [s1]

TASK [Print deployed configuration when running in verbose mode] ***************
ok: [s1] => {
    "msg": "gateway configuration for s1\n=========================================\nupdates:\n- path: /interface[name=irb0]/subinterface[index=1000]\n  value:\n   anycast-gw:\n    anycast-gw-mac: 02:00:ca:fe:00:ff\n\n   ipv4:\n    address:\n    - ip-prefix: \"172.16.0.254/24\"\n      anycast-gw: True\n- path: /interface[name=irb0]/subinterface[index=1001]\n  value:\n   anycast-gw:\n    anycast-gw-mac: 02:00:ca:fe:00:ff\n\n   ipv4:\n    address:\n    - ip-prefix: \"172.16.1.254/24\"\n      anycast-gw: True\n"
}

TASK [Deploy gateway configuration] ********************************************
included: /home/pipi/netlab_gh/netsim/ansible/tasks/deploy-config/srlinux.yml for s1

TASK [Generate JSON-RPC YAML configuration] ************************************
ok: [s1]

TASK [Update SRL gateway node configuration (template=/work/netlab_cicd/node_files/s1/gateway)] ***
changed: [s1]

TASK [debug] *******************************************************************
skipping: [s1]

TASK [Figure out whether to deploy the module routing on current device] *******
ok: [s1]

TASK [Find configuration template for routing] *********************************
skipping: [s1]

TASK [fail] ********************************************************************
skipping: [s1]

TASK [Find configuration deployment deploy_script for routing] *****************
skipping: [s1]

TASK [Print deployed configuration when running in verbose mode] ***************
skipping: [s1]

TASK [Deploy routing configuration] ********************************************
skipping: [s1]

TASK [Figure out whether to deploy the module ospf on current device] **********
ok: [s1]

TASK [Find configuration template for ospf] ************************************
ok: [s1]

TASK [fail] ********************************************************************
skipping: [s1]

TASK [Find configuration deployment deploy_script for ospf] ********************
ok: [s1]

TASK [Print deployed configuration when running in verbose mode] ***************
ok: [s1] => {
    "msg": "ospf configuration for s1\n=========================================\nupdates:\n\n\n- path: /network-instance[name=default]\n  value:\n    router-id: 10.0.0.5\n    protocols:\n      ospf:\n        instance:\n        - name: \"0\"\n          version: ospf-v2\n          admin-state: enable\n          max-ecmp-paths: 64\n          area:\n          - area-id: 0.0.0.0\n            interface:\n            - interface-name: system0.0\n              passive: True\n          - area-id: 0.0.0.0\n            interface:\n            - interface-name: ethernet-1/1.0\n              interface-type: \"point-to-point\"\n              failure-detection:\n                enable-bfd: False\n       # OSPF not configured on external interface ethernet-1/2\n       # OSPF not configured on external interface ethernet-1/3\n       # OSPF not configured on external interface irb0.1000\n       # OSPF not configured on external interface irb0.1001\n\n"
}

TASK [Deploy ospf configuration] ***********************************************
included: /home/pipi/netlab_gh/netsim/ansible/tasks/deploy-config/srlinux.yml for s1

TASK [Generate JSON-RPC YAML configuration] ************************************
ok: [s1]

TASK [Update SRL ospf node configuration (template=/work/netlab_cicd/node_files/s1/ospf)] ***
changed: [s1]

TASK [debug] *******************************************************************
skipping: [s1]

TASK [Figure out whether to deploy the module bgp on current device] ***********
ok: [s1]

TASK [Find configuration template for bgp] *************************************
ok: [s1]

TASK [fail] ********************************************************************
skipping: [s1]

TASK [Find configuration deployment deploy_script for bgp] *********************
ok: [s1]

TASK [Print deployed configuration when running in verbose mode] ***************
ok: [s1] => {
    "msg": "bgp configuration for s1\n=========================================\nupdates:\n\n- path: /routing-policy/policy[name=accept_all]\n  value:\n    default-action:\n      policy-result: accept\n\n- path: /routing-policy/community-set[name=ibgp-mark]\n  value:\n    member: [ \"65536:0:65536\" ]\n\n- path: /routing-policy/policy[name=ibgp-mark]\n  value:\n    default-action:\n      policy-result: reject\n    statement:\n    - name: mark-ibgp-routes\n      action:\n        bgp:\n          communities:\n            add: ibgp-mark\n        policy-result: accept\n\n- path: /routing-policy/prefix-set[name=default_bgp_advertise]\n  value:\n    prefix: [] # Make sure it exists\n\n- path: /routing-policy/policy[name=default_bgp_export]\n  value:\n    default-action:\n      policy-result: reject\n    statement:\n    - name: prefixes\n      match:\n       prefix:\n        prefix-set: default_bgp_advertise\n      action:\n        policy-result: next-policy\n    - name: bgp\n      match:\n        protocol: bgp\n      action:\n        policy-result: next-policy\n        bgp:\n          communities:\n            remove:\n              ibgp-mark\n\n\n- path: /network-instance[name=default]/protocols/bgp\n  value:\n    admin-state: enable\n    autonomous-system: 65000\n    router-id: 10.0.0.5\n    ebgp-default-policy:\n      export-reject-all: False\n      import-reject-all: False\n\n    afi-safi:\n    - afi-safi-name: ipv4-unicast\n      admin-state: enable\n\n- path: /routing-policy/prefix-set[name=default_bgp_advertise]\n  value:\n    prefix:\n    - ip-prefix: 10.0.0.5/32\n      mask-length-range: exact\n\n\n\n\n\n- path: /network-instance[name=default]/protocols/bgp/group[group-name=ibgp-ipv4]\n  value:\n    admin-state: enable\n# neighbor: {'name': 's2', 'as': 65000, 'type': 'ibgp', 'ipv4': '10.0.0.6', '_source_intf': {'type': 'loopback', 'neighbors': [], 'virtual_interface': True, 'ifindex': 0, 'ifname': 'lo0.0', 'ipv4': '10.0.0.5/32', 'ospf': {'area': '0.0.0.0', 'passive': False}}, 'next_hop_self': 'ebgp', 'activate': {'ipv4': True}, 'evpn': True}\n# ipv4: True\n# ipv6: True\n    afi-safi:\n    - afi-safi-name: ipv4-unicast\n      admin-state: enable\n      send-community-type: ['standard', 'large', 'extended']\n\n      import-policy: ['accept_all']\n      export-policy: ['default_bgp_export', 'accept_all']\n    - afi-safi-name: ipv6-unicast\n      admin-state: disable\n      send-community-type: ['standard', 'large', 'extended']\n\n      import-policy: ['accept_all']\n      export-policy: ['default_bgp_export', 'accept_all']\n    - afi-safi-name: evpn\n      admin-state: enable\n      send-community-type: ['standard', 'large', 'extended']\n\n\n    timers:\n      connect-retry: 10\n      _annotate_connect-retry: \"Reduce default 120s to 10s\"\n      minimum-advertisement-interval: 1\n    peer-as: 65000\n    transport:\n      local-address: 10.0.0.5\n    next-hop-self: True\n\n\n- path: /network-instance[name=default]/protocols/bgp\n  value:\n    neighbor:\n    - peer-address: \"10.0.0.6\"\n      description: s2\n      peer-group: ibgp-ipv4\n  # neighbor: {'name': 's2', 'as': 65000, 'type': 'ibgp', 'ipv4': '10.0.0.6', '_source_intf': {'type': 'loopback', 'neighbors': [], 'virtual_interface': True, 'ifindex': 0, 'ifname': 'lo0.0', 'ipv4': '10.0.0.5/32', 'ospf': {'area': '0.0.0.0', 'passive': False}}, 'next_hop_self': 'ebgp', 'activate': {'ipv4': True}, 'evpn': True}\n  # ipv4: True\n  # ipv6: False\n      afi-safi:\n      - afi-safi-name: ipv4-unicast\n        admin-state: enable\n        send-community-type: ['standard', 'large', 'extended']\n\n      - afi-safi-name: ipv6-unicast\n        admin-state: disable\n      - afi-safi-name: evpn\n        admin-state: enable\n        send-community-type: ['standard', 'large', 'extended']\n\n\n\n\n"
}

TASK [Deploy bgp configuration] ************************************************
included: /home/pipi/netlab_gh/netsim/ansible/tasks/deploy-config/srlinux.yml for s1

TASK [Generate JSON-RPC YAML configuration] ************************************
ok: [s1]

TASK [Update SRL bgp node configuration (template=/work/netlab_cicd/node_files/s1/bgp)] ***
changed: [s1]

TASK [debug] *******************************************************************
skipping: [s1]

TASK [Figure out whether to deploy the module vxlan on current device] *********
ok: [s1]

TASK [Find configuration template for vxlan] ***********************************
ok: [s1]

TASK [fail] ********************************************************************
skipping: [s1]

TASK [Find configuration deployment deploy_script for vxlan] *******************
ok: [s1]

TASK [Print deployed configuration when running in verbose mode] ***************
ok: [s1] => {
    "msg": "vxlan configuration for s1\n=========================================\n\nupdates:\n- path: /tunnel-interface[name=vxlan0]/vxlan-interface[index=1000]\n  value:\n   type: bridged\n   ingress:\n    vni: 1000\n   egress:\n    source-ip: use-system-ipv4-address\n\n- path: /network-instance[name=vlan1000]\n  value:\n   type: mac-vrf\n   vxlan-interface:\n   - name: vxlan0.1000\n   protocols:\n    bgp-vpn:\n     bgp-instance:\n     - id: 1\n       # route-distinguisher:\n       # rd: \"10.0.0.5:1000\"\n       _annotate: \"RD left as <auto> for EVPN services and ECMP to work as expected, not '10.0.0.5:1000'\"\n       route-target:\n        _annotate: \"For compatibility with frr, override auto-derived RT based on EVI 1000 with VNI 1000\"\n        import-rt: \"target:65000:1000\"\n        export-rt: \"target:65000:1000\"\n    bgp-evpn:\n     bgp-instance:\n     - id: 1\n       evi: 1000\n       ecmp: 8\n       vxlan-interface: vxlan0.1000\n\n- path: /tunnel-interface[name=vxlan0]/vxlan-interface[index=1001]\n  value:\n   type: bridged\n   ingress:\n    vni: 1001\n   egress:\n    source-ip: use-system-ipv4-address\n\n- path: /network-instance[name=vlan1001]\n  value:\n   type: mac-vrf\n   vxlan-interface:\n   - name: vxlan0.1001\n   protocols:\n    bgp-vpn:\n     bgp-instance:\n     - id: 1\n       # route-distinguisher:\n       # rd: \"10.0.0.5:1001\"\n       _annotate: \"RD left as <auto> for EVPN services and ECMP to work as expected, not '10.0.0.5:1001'\"\n       route-target:\n        _annotate: \"For compatibility with frr, override auto-derived RT based on EVI 1001 with VNI 1001\"\n        import-rt: \"target:65000:1001\"\n        export-rt: \"target:65000:1001\"\n    bgp-evpn:\n     bgp-instance:\n     - id: 1\n       evi: 1001\n       ecmp: 8\n       vxlan-interface: vxlan0.1001\n\n\n"
}

TASK [Deploy vxlan configuration] **********************************************
included: /home/pipi/netlab_gh/netsim/ansible/tasks/deploy-config/srlinux.yml for s1

TASK [Generate JSON-RPC YAML configuration] ************************************
ok: [s1]

TASK [Update SRL vxlan node configuration (template=/work/netlab_cicd/node_files/s1/vxlan)] ***
changed: [s1]

TASK [debug] *******************************************************************
skipping: [s1]

TASK [Figure out whether to deploy the module evpn on current device] **********
ok: [s1]

TASK [Find configuration template for evpn] ************************************
ok: [s1]

TASK [fail] ********************************************************************
skipping: [s1]

TASK [Find configuration deployment deploy_script for evpn] ********************
ok: [s1]

TASK [Print deployed configuration when running in verbose mode] ***************
ok: [s1] => {
    "msg": "evpn configuration for s1\n=========================================\n\n\nupdates:\n- path: /network-instance[name=default]/protocols/bgp\n  value:\n    group:\n    - group-name: ibgp-ipv4 # Could create a dedicated group for EVPN only?\n      afi-safi:\n      - afi-safi-name: evpn\n        admin-state: enable\n    route-advertisement:\n      rapid-withdrawal: True\n    afi-safi:\n    - afi-safi-name: evpn\n      evpn:\n        rapid-update: True\n\n"
}

TASK [Deploy evpn configuration] ***********************************************
included: /home/pipi/netlab_gh/netsim/ansible/tasks/deploy-config/srlinux.yml for s1

TASK [Generate JSON-RPC YAML configuration] ************************************
ok: [s1]

TASK [Update SRL evpn node configuration (template=/work/netlab_cicd/node_files/s1/evpn)] ***
changed: [s1]

TASK [debug] *******************************************************************
skipping: [s1]

TASK [Figure out whether to deploy the module vlan on current device] **********
ok: [s2]

TASK [Find configuration template for vlan] ************************************
ok: [s2]

TASK [fail] ********************************************************************
skipping: [s2]

TASK [Find configuration deployment deploy_script for vlan] ********************
ok: [s2]

TASK [Print deployed configuration when running in verbose mode] ***************
ok: [s2] => {
    "msg": "vlan configuration for s2\n=========================================\n#!/bin/bash\n#\nset -e # Exit immediately when any command fails\n#\nif [ ! -e /sys/devices/virtual/net/vlan1000 ]; then\n  ip link add vlan1000 type bridge\n  ip link set dev vlan1000 address ca:f4:00:06:00:00\n\n  ip link set dev vlan1000 mtu 1500\n  ip addr flush dev vlan1000\n  ip addr add 172.16.0.6/24 dev vlan1000\nfi\nif [ ! -e /sys/devices/virtual/net/vlan1001 ]; then\n  ip link add vlan1001 type bridge\n  ip link set dev vlan1001 address ca:f4:00:06:00:01\n\n  ip link set dev vlan1001 mtu 1500\n  ip addr flush dev vlan1001\n  ip addr add 172.16.1.6/24 dev vlan1001\nfi\n\nip link set dev eth2 master vlan1000\nip link set dev eth3 master vlan1001\n\nip link set dev vlan1000 up\nip link set dev vlan1001 up\n"
}

TASK [Deploy vlan configuration] ***********************************************
included: /home/pipi/netlab_gh/netsim/ansible/tasks/deploy-config/frr.yml for s2

TASK [template] ****************************************************************
changed: [s2]

TASK [set_fact] ****************************************************************
ok: [s2]

TASK [run /tmp/config.sh to deploy vlan config from /work/netlab_cicd/node_files/s2/vlan] ***
changed: [s2]

TASK [run vtysh to import vlan config from /work/netlab_cicd/node_files/s2/vlan] ***
skipping: [s2]

TASK [Figure out whether to deploy the module gateway on current device] *******
ok: [s2]

TASK [Find configuration template for gateway] *********************************
ok: [s2]

TASK [fail] ********************************************************************
skipping: [s2]

TASK [Find configuration deployment deploy_script for gateway] *****************
ok: [s2]

TASK [Print deployed configuration when running in verbose mode] ***************
ok: [s2] => {
    "msg": "gateway configuration for s2\n=========================================\n#!/bin/bash\n#\nset -e # Exit immediately when any command fails\n#\nsysctl -w net.ipv6.conf.all.enhanced_dad=0\nsysctl -w net.ipv6.conf.default.enhanced_dad=0\nif [ ! -e /sys/class/net/varp-40000 ]; then\n  ip link add varp-40000 link vlan1000 type macvlan mode private\n  ip link set dev varp-40000 address 02:00:ca:fe:00:ff\n  bridge fdb replace 02:00:ca:fe:00:ff dev vlan1000 self\n  ip addr add 172.16.0.254/24 dev varp-40000 metric 1024\n  sysctl -w net.ipv4.conf.vlan1000.arp_announce=2\n  sysctl -w net.ipv4.conf.vlan1000.arp_ignore=2\n  sysctl -w net.ipv4.conf.vlan1000.arp_accept=1\n  sysctl -w net.ipv6.conf.varp-40000.disable_ipv6=1\n  ip link set dev varp-40000 up\nfi\nif [ ! -e /sys/class/net/varp-40001 ]; then\n  ip link add varp-40001 link vlan1001 type macvlan mode private\n  ip link set dev varp-40001 address 02:00:ca:fe:00:ff\n  bridge fdb replace 02:00:ca:fe:00:ff dev vlan1001 self\n  ip addr add 172.16.1.254/24 dev varp-40001 metric 1024\n  sysctl -w net.ipv4.conf.vlan1001.arp_announce=2\n  sysctl -w net.ipv4.conf.vlan1001.arp_ignore=2\n  sysctl -w net.ipv4.conf.vlan1001.arp_accept=1\n  sysctl -w net.ipv6.conf.varp-40001.disable_ipv6=1\n  ip link set dev varp-40001 up\nfi\n#!/bin/bash\ncat >/tmp/vrrp_config <<CONFIG\ndo write\nCONFIG\nvtysh -f /tmp/vrrp_config\n"
}

TASK [Deploy gateway configuration] ********************************************
included: /home/pipi/netlab_gh/netsim/ansible/tasks/deploy-config/frr.yml for s2

TASK [template] ****************************************************************
changed: [s2]

TASK [set_fact] ****************************************************************
ok: [s2]

TASK [run /tmp/config.sh to deploy gateway config from /work/netlab_cicd/node_files/s2/gateway] ***
changed: [s2]

TASK [run vtysh to import gateway config from /work/netlab_cicd/node_files/s2/gateway] ***
skipping: [s2]

TASK [Figure out whether to deploy the module routing on current device] *******
ok: [s2]

TASK [Find configuration template for routing] *********************************
skipping: [s2]

TASK [fail] ********************************************************************
skipping: [s2]

TASK [Find configuration deployment deploy_script for routing] *****************
skipping: [s2]

TASK [Print deployed configuration when running in verbose mode] ***************
skipping: [s2]

TASK [Deploy routing configuration] ********************************************
skipping: [s2]

TASK [Figure out whether to deploy the module ospf on current device] **********
ok: [s2]

TASK [Find configuration template for ospf] ************************************
ok: [s2]

TASK [fail] ********************************************************************
skipping: [s2]

TASK [Find configuration deployment deploy_script for ospf] ********************
ok: [s2]

TASK [Print deployed configuration when running in verbose mode] ***************
ok: [s2] => {
    "msg": "ospf configuration for s2\n=========================================\n!\n! OSPFv2 FRR configuration\n!\nrouter ospf\n ospf router-id 10.0.0.6\n timers throttle spf 10 50 500\n timers throttle lsa all 100\n timers lsa min-arrival 100\n\n\nexit\n!\ninterface lo\n! \n ip ospf area 0.0.0.0\n!\ninterface eth1\n! s2 -> s1\n ip ospf area 0.0.0.0\n ip ospf network point-to-point\n!\n\n!\ndo write\n"
}

TASK [Deploy ospf configuration] ***********************************************
included: /home/pipi/netlab_gh/netsim/ansible/tasks/deploy-config/frr.yml for s2

TASK [template] ****************************************************************
changed: [s2]

TASK [set_fact] ****************************************************************
ok: [s2]

TASK [run /tmp/config.sh to deploy ospf config from /work/netlab_cicd/node_files/s2/ospf] ***
skipping: [s2]

TASK [run vtysh to import ospf config from /work/netlab_cicd/node_files/s2/ospf] ***
changed: [s2]

TASK [Figure out whether to deploy the module bgp on current device] ***********
ok: [s2]

TASK [Find configuration template for bgp] *************************************
ok: [s2]

TASK [fail] ********************************************************************
skipping: [s2]

TASK [Find configuration deployment deploy_script for bgp] *********************
ok: [s2]

TASK [Print deployed configuration when running in verbose mode] ***************
ok: [s2] => {
    "msg": "bgp configuration for s2\n=========================================\n!\nrouter bgp 65000\n  no bgp ebgp-requires-policy\n  no bgp default ipv4-unicast\n  bgp default show-hostname\n  bgp default show-nexthop-hostname\n  ! Consider AS paths of same length but with different AS as ECMP candidates\n  bgp bestpath as-path multipath-relax\n\n  bgp router-id 10.0.0.6\n!\n  neighbor 10.0.0.5 remote-as 65000\n  neighbor 10.0.0.5 description s1\n  neighbor 10.0.0.5 update-source lo\n!\n address-family ipv4 unicast\n!\n\n!\n! Originate networks from connected subnets\n!\n  network 10.0.0.6/32\n!\n  neighbor 10.0.0.5 activate\n  neighbor 10.0.0.5 next-hop-self\n  no neighbor 10.0.0.5 send-community all\n  neighbor 10.0.0.5 send-community standard\n  neighbor 10.0.0.5 send-community large\n  neighbor 10.0.0.5 send-community extended\n!\n!\n!\ndo write\n"
}

TASK [Deploy bgp configuration] ************************************************
included: /home/pipi/netlab_gh/netsim/ansible/tasks/deploy-config/frr.yml for s2

TASK [template] ****************************************************************
changed: [s2]

TASK [set_fact] ****************************************************************
ok: [s2]

TASK [run /tmp/config.sh to deploy bgp config from /work/netlab_cicd/node_files/s2/bgp] ***
skipping: [s2]

TASK [run vtysh to import bgp config from /work/netlab_cicd/node_files/s2/bgp] ***
changed: [s2]

TASK [Figure out whether to deploy the module vxlan on current device] *********
ok: [s2]

TASK [Find configuration template for vxlan] ***********************************
ok: [s2]

TASK [fail] ********************************************************************
skipping: [s2]

TASK [Find configuration deployment deploy_script for vxlan] *******************
ok: [s2]

TASK [Print deployed configuration when running in verbose mode] ***************
ok: [s2] => {
    "msg": "vxlan configuration for s2\n=========================================\n#!/bin/bash\n#\nset -e # Exit immediately when any command fails\n#\n\n\n\n# Create L3 VNIs with bridges and add to correct vrf table\n\n# Create VXLAN L2 interface per vni\nip link add vxlan1000 type vxlan \\\n  id 1000 \\\n  dstport 4789 \\\n  local 10.0.0.6 nolearning\n#\n# Add it to the VLAN bridge (create if needed for l3 vnis); disable STP\nif [ ! -e /sys/devices/virtual/net/vlan1000 ]; then\nip link add vlan1000 type bridge\nip link set up dev vlan1000\nfi\nip link set dev vxlan1000 master vlan1000\nip link set vlan1000 type bridge stp_state 0\n\n# Do not generate ipv6 link-local address for VXLAN devices\nip link set mtu 1500 addrgenmode none dev vxlan1000\n# Disable dynamic MAC learning for evpn, see https://docs.frrouting.org/en/latest/evpn.html\nbridge link set dev vxlan1000 learning off\nip link set up dev vxlan1000\n\n# Create VXLAN L2 interface per vni\nip link add vxlan1001 type vxlan \\\n  id 1001 \\\n  dstport 4789 \\\n  local 10.0.0.6 nolearning\n#\n# Add it to the VLAN bridge (create if needed for l3 vnis); disable STP\nif [ ! -e /sys/devices/virtual/net/vlan1001 ]; then\nip link add vlan1001 type bridge\nip link set up dev vlan1001\nfi\nip link set dev vxlan1001 master vlan1001\nip link set vlan1001 type bridge stp_state 0\n\n# Do not generate ipv6 link-local address for VXLAN devices\nip link set mtu 1500 addrgenmode none dev vxlan1001\n# Disable dynamic MAC learning for evpn, see https://docs.frrouting.org/en/latest/evpn.html\nbridge link set dev vxlan1001 learning off\nip link set up dev vxlan1001\n\n\nexit $?\n"
}

TASK [Deploy vxlan configuration] **********************************************
included: /home/pipi/netlab_gh/netsim/ansible/tasks/deploy-config/frr.yml for s2

TASK [template] ****************************************************************
changed: [s2]

TASK [set_fact] ****************************************************************
ok: [s2]

TASK [run /tmp/config.sh to deploy vxlan config from /work/netlab_cicd/node_files/s2/vxlan] ***
changed: [s2]

TASK [run vtysh to import vxlan config from /work/netlab_cicd/node_files/s2/vxlan] ***
skipping: [s2]

TASK [Figure out whether to deploy the module evpn on current device] **********
ok: [s2]

TASK [Find configuration template for evpn] ************************************
ok: [s2]

TASK [fail] ********************************************************************
skipping: [s2]

TASK [Find configuration deployment deploy_script for evpn] ********************
ok: [s2]

TASK [Print deployed configuration when running in verbose mode] ***************
ok: [s2] => {
    "msg": "evpn configuration for s2\n=========================================\n#!/bin/bash\n#\nset -e\ncat >/tmp/evpn_config <<CONFIG\nrouter bgp 65000\n address-family l2vpn evpn\n  advertise-all-vni\n  advertise-svi-ip\n  advertise ipv4 unicast\n\n! Configure explicit Route Targets and RD per L2 VNI; auto-derived differs\n  vni 1000\n   rd 10.0.0.6:1000\n   route-target import 65000:1000\n   route-target export 65000:1000\n  exit-vni\n  vni 1001\n   rd 10.0.0.6:1001\n   route-target import 65000:1001\n   route-target export 65000:1001\n  exit-vni\n\n  neighbor 10.0.0.5 activate\n#  neighbor 10.0.0.5 soft-reconfiguration inbound\n\n exit-address-family\n!\n \nexit\n\n! L3 VRF EVPN handling\n!\ndo write\nCONFIG\nvtysh -f /tmp/evpn_config\nvtysh -c 'clear bgp *'\n"
}

TASK [Deploy evpn configuration] ***********************************************
included: /home/pipi/netlab_gh/netsim/ansible/tasks/deploy-config/frr.yml for s2

TASK [template] ****************************************************************
changed: [s2]

TASK [set_fact] ****************************************************************
ok: [s2]

TASK [run /tmp/config.sh to deploy evpn config from /work/netlab_cicd/node_files/s2/evpn] ***
changed: [s2]

TASK [run vtysh to import evpn config from /work/netlab_cicd/node_files/s2/evpn] ***
skipping: [s2]

PLAY [Deploy custom deployment templates] **************************************
skipping: no hosts matched

PLAY RECAP *********************************************************************
h1                         : ok=23   changed=0    unreachable=0    failed=0    skipped=45   rescued=0    ignored=0   
h2                         : ok=23   changed=0    unreachable=0    failed=0    skipped=45   rescued=0    ignored=0   
h3                         : ok=23   changed=0    unreachable=0    failed=0    skipped=45   rescued=0    ignored=0   
h4                         : ok=23   changed=0    unreachable=0    failed=0    skipped=45   rescued=0    ignored=0   
s1                         : ok=65   changed=7    unreachable=0    failed=0    skipped=24   rescued=0    ignored=0   
s2                         : ok=74   changed=15   unreachable=0    failed=0    skipped=25   rescued=0    ignored=0   


Warning: The following warnings were generated during the 'netlab initial' processing
Warning: ansible: You're using Ansible version 12.x or higher; netlab might not work correctly
Results of configuration script deployments
================================================================================
h1                           OK: 2   
h2                           OK: 2   
h3                           OK: 2   
h4                           OK: 2   


The device under test is a VLAN-to-VXLAN layer-3 switch between two access
VLANs and two VXLAN VNIs. Both PE-devices perform inter-VLAN routing,
resulting in asymmetrical IRB.

All hosts should be able to ping each other and all switch loopback IPs

Please note it might take a while for the lab to work due to STP learning
phase.

