Createdprovider configuration file: clab.yml
Created h1: initial,routing,hosts
Created h2: initial,routing,hosts (shared)
Created h3: initial,routing,hosts (shared)
Created h4: initial,routing,hosts (shared)
Created s1: hosts
Created s2: daemons,hosts (shared)
Createdtransformed topology dump in YAML format in netlab.snapshot.yml
Createdpickled transformed topology data into netlab.snapshot.pickle
Created group_vars for all
Created group_vars for modules
Created group_vars for linux
Created host_vars for h1
Created host_vars for h2
Created host_vars for h3
Created host_vars for h4
Created group_vars for srlinux
Created host_vars for s1
Created group_vars for frr
Created host_vars for s2
Createdminimized Ansible inventory hosts.yml
CreatedAnsible configuration file: ansible.cfg
