Using transformed lab topology from snapshot file netlab.snapshot.pickle
Checking virtualization provider installation
OK: clab installed and working correctly
Starting clab nodes
provider clab: executing sudo -E containerlab deploy --reconfigure -t clab.yml
11:13:24 INFO Containerlab started version=0.73.0
11:13:24 INFO Parsing & checking topology file=clab.yml
11:13:24 INFO Removing directory path=/work/netlab_cicd/clab-ml-17
11:13:24 INFO Creating docker network name=nl_mgmt_17 IPv4 subnet=192.168.17.0/24 IPv6 subnet="" MTU=0
11:13:24 INFO Creating lab directory path=/work/netlab_cicd/clab-ml-17
11:13:25 INFO Creating container name=s2
11:13:25 INFO Creating container name=hb1
11:13:25 INFO Creating container name=hr1
11:13:25 INFO Creating container name=hr2
11:13:25 INFO Creating container name=hb2
11:13:25 INFO Creating container name=dut
11:13:25 INFO Created link: hr1:eth1 ▪┄┄▪ dut:e1-2
11:13:26 INFO Created link: hb1:eth1 ▪┄┄▪ dut:e1-3
11:13:26 INFO Running postdeploy actions kind=srl node=dut
11:13:26 INFO Created link: dut:e1-1 ▪┄┄▪ s2:eth1
11:13:26 INFO Created link: hr2:eth1 ▪┄┄▪ s2:eth2
11:13:26 INFO Created link: hb2:eth1 ▪┄┄▪ s2:eth3
11:13:37 INFO Executed command node=s2 command="sleep 1" stdout=""
11:13:37 INFO Adding host entries path=/etc/hosts
11:13:37 INFO Adding SSH config for nodes path=/etc/ssh/ssh_config.d/clab-ml-17.conf
[1m╭[0m[1m────────────────[0m[1m┬[0m[1m───────────────────────────────[0m[1m┬[0m[1m─────────[0m[1m┬[0m[1m────────────────[0m[1m╮[0m
[1m│[0m[1m      Name      [0m[1m│[0m[1m           Kind/Image          [0m[1m│[0m[1m  State  [0m[1m│[0m[1m IPv4/6 Address [0m[1m│[0m
[1m├[0m[1m────────────────[0m[1m┼[0m[1m───────────────────────────────[0m[1m┼[0m[1m─────────[0m[1m┼[0m[1m────────────────[0m[1m┤[0m
│ clab-ml-17-dut │ srl                           │ running │ 192.168.17.105 │
│                │ ghcr.io/nokia/srlinux:25.10.2 │         │ N/A            │
├────────────────┼───────────────────────────────┼─────────┼────────────────┤
│ clab-ml-17-hb1 │ linux                         │ running │ 192.168.17.103 │
│                │ python:3.13-alpine            │         │ N/A            │
├────────────────┼───────────────────────────────┼─────────┼────────────────┤
│ clab-ml-17-hb2 │ linux                         │ running │ 192.168.17.104 │
│                │ python:3.13-alpine            │         │ N/A            │
├────────────────┼───────────────────────────────┼─────────┼────────────────┤
│ clab-ml-17-hr1 │ linux                         │ running │ 192.168.17.101 │
│                │ python:3.13-alpine            │         │ N/A            │
├────────────────┼───────────────────────────────┼─────────┼────────────────┤
│ clab-ml-17-hr2 │ linux                         │ running │ 192.168.17.102 │
│                │ python:3.13-alpine            │         │ N/A            │
├────────────────┼───────────────────────────────┼─────────┼────────────────┤
│ clab-ml-17-s2  │ linux                         │ running │ 192.168.17.106 │
│                │ quay.io/frrouting/frr:10.5.1  │         │ N/A            │
╰────────────────┴───────────────────────────────┴─────────┴────────────────╯

Initial configuration skipped, run 'netlab initial' to configure the devices
