time="2024-09-11T09:42:04Z" level=info msg="Containerlab v0.54.2 started"
time="2024-09-11T09:42:04Z" level=info msg="Parsing & checking topology file: clab.yml"
time="2024-09-11T09:42:04Z" level=info msg="Creating docker network: Name=\"nl_mgmt_17\", IPv4Subnet=\"192.168.17.0/24\", IPv6Subnet=\"\", MTU=1500"
time="2024-09-11T09:42:04Z" level=info msg="Creating lab directory: /work/netlab_cicd/clab-ml_17"
time="2024-09-11T09:42:04Z" level=info msg="Creating container: \"s2\""
time="2024-09-11T09:42:04Z" level=info msg="Creating container: \"ce2\""
time="2024-09-11T09:42:04Z" level=info msg="Creating container: \"ce1\""
time="2024-09-11T09:42:04Z" level=info msg="Creating container: \"s1\""
time="2024-09-11T09:42:05Z" level=info msg="Created link: ce2:eth1 <--> s2:eth2"
time="2024-09-11T09:42:05Z" level=info msg="Created link: s1:e1-1 <--> s2:eth1"
time="2024-09-11T09:42:05Z" level=info msg="Created link: ce1:eth1 <--> s1:e1-2"
time="2024-09-11T09:42:05Z" level=info msg="Running postdeploy actions for Nokia SR Linux 's1' node"
time="2024-09-11T09:42:13Z" level=info msg="Adding containerlab host entries to /etc/hosts file"
time="2024-09-11T09:42:13Z" level=info msg="Adding ssh config for containerlab nodes"
time="2024-09-11T09:42:13Z" level=info msg="🎉 New containerlab version 0.57.0 is available! Release notes: https://containerlab.dev/rn/0.57/\nRun 'containerlab version upgrade' to upgrade or go check other installation options at https://containerlab.dev/install/\n"
+---+----------------+--------------+------------------------------+-------+---------+-------------------+--------------+
| # |      Name      | Container ID |            Image             | Kind  |  State  |   IPv4 Address    | IPv6 Address |
+---+----------------+--------------+------------------------------+-------+---------+-------------------+--------------+
| 1 | clab-ml_17-ce1 | d9e1f1f46fc8 | quay.io/frrouting/frr:10.0.1 | linux | running | 192.168.17.101/24 | N/A          |
| 2 | clab-ml_17-ce2 | d396316d52f2 | quay.io/frrouting/frr:10.0.1 | linux | running | 192.168.17.102/24 | N/A          |
| 3 | clab-ml_17-s1  | ae6cf4c95a49 | ghcr.io/nokia/srlinux:24.7.1 | srl   | running | 192.168.17.103/24 | N/A          |
| 4 | clab-ml_17-s2  | 91327ec31ba2 | quay.io/frrouting/frr:10.0.1 | linux | running | 192.168.17.104/24 | N/A          |
+---+----------------+--------------+------------------------------+-------+---------+-------------------+--------------+
Using transformed lab topology from snapshot file netlab.snapshot.yml
Checking virtualization provider installation
OK: clab installed and working correctly
Starting clab nodes
provider clab: executing sudo -E containerlab deploy -t clab.yml

Initial configuration skipped, run 'netlab initial' to configure the devices
