08:04:43 INFO Parsing & checking topology file=clab.yml
08:04:43 INFO Parsing & checking topology file=clab.yml
08:04:43 INFO Destroying lab name=ml_17
08:04:43 INFO Removed container name=clab-ml_17-ce1
08:04:43 INFO Removed container name=clab-ml_17-s1
08:04:43 INFO Removed container name=clab-ml_17-ce2
08:04:44 INFO Removed container name=clab-ml_17-s2
08:04:44 INFO Removing host entries path=/etc/hosts
08:04:44 INFO Removing SSH config path=/etc/ssh/ssh_config.d/clab-ml_17.conf
Checking virtualization provider installation
OK: clab installed and working correctly
Stopping clab nodes
Cleanup configuration files
... removing clab.yml
... removing ansible.cfg
... removing hosts.yml
... removing directory tree group_vars
... removing directory tree host_vars
... removing directory tree node_files
... removing netlab.snapshot.yml
... removing netlab.snapshot.pickle
