Creating Device configuration snippets
[CREATED] dut: initial,routing,bgp,bgp.policy
[CREATED] p1: initial,routing,bgp
[CREATED] p2: initial,routing,bgp
[CREATED] x1: initial,routing,bgp,bgp.policy
Config Deploying device configurations
 [INFO] Executing initial configuration for node dut
 [INFO] Executing initial configuration for node p1
 [INFO] Executing initial configuration for node p2
 [INFO] Executing initial configuration for node x1
 [INFO] Executing routing configuration for node p1
 [INFO] Executing routing configuration for node x1
 [INFO] Executing routing configuration for node p2
 [INFO] Executing routing configuration for node dut
 [INFO] Executing bgp configuration for node x1
 [INFO] Executing bgp configuration for node p2
 [INFO] Executing bgp configuration for node p1
 [INFO] Executing bgp configuration for node dut
 [INFO] Executing bgp.policy configuration for node x1
 [INFO] Executing bgp.policy configuration for node dut

Results of configuration script deployments
================================================================================
dut              Script:  initial,routing,bgp,bgp.policy
p1               Script:  initial,routing,bgp
p2               Script:  initial,routing,bgp
x1               Script:  initial,routing,bgp,bgp.policy


Use this topology to test 'set.community.large' and 'delete.community.large' route-map option.

