 [INFO] Creating configuration snippets
[CREATED] dut: initial,routing,bgp,vrf,bgp.policy
[CREATED] x1: initial,bgp
[CREATED] x2: initial,bgp
[CREATED] x3: initial,bgp
[CREATED] vx1: initial,bgp
[CREATED] vx2: initial,bgp
[CREATED] vx3: initial,bgp
 [INFO] Executing initial configuration for node dut
 [INFO] Executing initial configuration for node x1
 [INFO] Executing initial configuration for node x2
 [INFO] Executing initial configuration for node x3
 [INFO] Executing initial configuration for node vx1
 [INFO] Executing initial configuration for node vx2
 [INFO] Executing initial configuration for node vx3
 [INFO] Executing bgp configuration for node vx3
 [INFO] Executing bgp configuration for node x3
 [INFO] Executing bgp configuration for node x2
 [INFO] Executing bgp configuration for node vx2
 [INFO] Executing bgp configuration for node x1
 [INFO] Executing bgp configuration for node vx1
 [INFO] Executing routing configuration for node dut
 [INFO] Executing bgp configuration for node dut
 [INFO] Executing vrf configuration for node dut
 [INFO] Executing bgp.policy configuration for node dut

Results of configuration script deployments
================================================================================
dut                          OK: 5   
x1                           OK: 2   
x2                           OK: 2   
x3                           OK: 2   
vx1                          OK: 2   
vx2                          OK: 2   
vx3                          OK: 2   


Use this topology to test route maps with prefix lists for IPv4 and IPv6

