Creating Device configuration snippets
[CREATED] dut: initial,routing,bgp,bgp.policy
[CREATED] x1: initial,routing,bgp,bgp.policy
[CREATED] x2: initial,routing,bgp
[CREATED] x3: initial,routing,bgp
Config Deploying device configurations
 [INFO] Executing initial configuration for node dut
 [INFO] Executing initial configuration for node x1
 [INFO] Executing initial configuration for node x2
 [INFO] Executing initial configuration for node x3
 [INFO] Executing routing configuration for node x1
 [INFO] Executing routing configuration for node x3
 [INFO] Executing routing configuration for node dut
 [INFO] Executing routing configuration for node x2
 [INFO] Executing bgp configuration for node x1
 [INFO] Executing bgp configuration for node x3
 [INFO] Executing bgp configuration for node dut
 [INFO] Executing bgp configuration for node x2
 [INFO] Executing bgp.policy configuration for node dut
 [INFO] Executing bgp.policy configuration for node x1

Results of configuration script deployments
================================================================================
dut              Script:  initial,routing,bgp,bgp.policy
x1               Script:  initial,routing,bgp,bgp.policy
x2               Script:  initial,routing,bgp
x3               Script:  initial,routing,bgp


Use this topology to test route maps with as-path access lists

