 [INFO] Creating configuration snippets
[CREATED] dut: initial,routing,bgp,bgp.policy
[CREATED] x1: initial,routing,bgp,bgp.policy
[CREATED] p1: initial,routing,bgp
[CREATED] p2: initial,routing,bgp
 [INFO] Executing initial configuration for node dut
 [INFO] Executing initial configuration for node x1
 [INFO] Executing initial configuration for node p1
 [INFO] Executing initial configuration for node p2
 [INFO] Executing routing configuration for node x1
 [INFO] Executing routing configuration for node p1
 [INFO] Executing routing configuration for node p2
 [INFO] Executing routing configuration for node dut
 [INFO] Executing bgp configuration for node p1
 [INFO] Executing bgp configuration for node p2
 [INFO] Executing bgp configuration for node x1
 [INFO] Executing bgp configuration for node dut
 [INFO] Executing bgp.policy configuration for node dut
 [INFO] Executing bgp.policy configuration for node x1

Results of configuration script deployments
================================================================================
dut                          OK: 4   
x1                           OK: 4   
p1                           OK: 3   
p2                           OK: 3   


Use this topology to test 'match.community' route-map option.

