[WARNING]: Could not match supplied host pattern, ignoring: unprovisioned

PLAY [Deploy initial device configuration] *************************************

TASK [Set variables that cannot be set with VARS] ******************************
ok: [dut]
ok: [r1]
ok: [r2]
ok: [rr2]
ok: [x1]

TASK [Find device readiness script] ********************************************
ok: [dut]
ok: [r1]
ok: [r2]
ok: [rr2]
ok: [x1]

TASK [Wait for device to become ready] *****************************************
skipping: [dut]
skipping: [r1]
skipping: [r2]
skipping: [rr2]
skipping: [x1]

TASK [Deploy initial configuration] ********************************************
included: /home/pipi/net101/tools/netsim/ansible/tasks/deploy-module.yml for dut, r1, r2, rr2, x1

TASK [Figure out whether to deploy the module initial on current device] *******
ok: [dut]
ok: [r1]
ok: [r2]
ok: [rr2]
ok: [x1]

TASK [Find configuration template for initial] *********************************
ok: [dut]
ok: [r1]
ok: [r2]
ok: [rr2]
ok: [x1]

TASK [Print deployed configuration when running in verbose mode] ***************
skipping: [dut]
skipping: [r1]
skipping: [r2]
skipping: [rr2]
skipping: [x1]

TASK [Find configuration deployment deploy_script for initial] *****************
ok: [dut]
ok: [r1]
ok: [r2]
ok: [rr2]
ok: [x1]

TASK [Deploy initial configuration] ********************************************
included: /home/pipi/net101/tools/netsim/ansible/tasks/deploy-config/vyos.yml for dut
included: /home/pipi/net101/tools/netsim/ansible/tasks/deploy-config/frr.yml for r1, r2, rr2, x1

TASK [wait_for_connection] *****************************************************
ok: [dut]

TASK [wait_for] ****************************************************************
ok: [dut]

TASK [set_fact] ****************************************************************
ok: [dut]

TASK [template] ****************************************************************
changed: [dut]

TASK [execute config-initial.sh to deploy initial config from /home/pipi/net101/tools/netsim/ansible/templates/initial/vyos.j2] ***
changed: [dut]

TASK [template] ****************************************************************
changed: [r1]
changed: [r2]
changed: [rr2]
changed: [x1]

TASK [set_fact] ****************************************************************
ok: [r1]
ok: [r2]
ok: [rr2]
ok: [x1]

TASK [run /tmp/config.sh to deploy initial config from /home/pipi/net101/tools/netsim/ansible/templates/initial/frr.j2] ***
changed: [r1]
changed: [rr2]
changed: [r2]
changed: [x1]

TASK [run vtysh to import initial config from /home/pipi/net101/tools/netsim/ansible/templates/initial/frr.j2] ***
skipping: [r1]
skipping: [r2]
skipping: [rr2]
skipping: [x1]

PLAY [Deploy module-specific configurations] ***********************************

TASK [Set variables that cannot be set with VARS] ******************************
ok: [dut]
ok: [r1]
ok: [r2]
ok: [rr2]
ok: [x1]

TASK [Deploy individual configuration modules] *********************************
included: /home/pipi/net101/tools/netsim/ansible/tasks/deploy-module.yml for dut, r1, r2, rr2, x1 => (item=bgp)
included: /home/pipi/net101/tools/netsim/ansible/tasks/deploy-module.yml for dut, r1, r2, rr2, x1 => (item=ospf)

TASK [Figure out whether to deploy the module bgp on current device] ***********
ok: [dut]
ok: [r1]
ok: [r2]
ok: [rr2]
ok: [x1]

TASK [Find configuration template for bgp] *************************************
ok: [dut]
ok: [r1]
ok: [r2]
ok: [rr2]
ok: [x1]

TASK [Print deployed configuration when running in verbose mode] ***************
skipping: [dut]
skipping: [r1]
skipping: [r2]
skipping: [rr2]
skipping: [x1]

TASK [Find configuration deployment deploy_script for bgp] *********************
ok: [dut]
ok: [r1]
ok: [r2]
ok: [rr2]
ok: [x1]

TASK [Deploy bgp configuration] ************************************************
included: /home/pipi/net101/tools/netsim/ansible/tasks/deploy-config/vyos.yml for dut
included: /home/pipi/net101/tools/netsim/ansible/tasks/deploy-config/frr.yml for r1, r2, rr2, x1

TASK [wait_for_connection] *****************************************************
skipping: [dut]

TASK [wait_for] ****************************************************************
skipping: [dut]

TASK [set_fact] ****************************************************************
ok: [dut]

TASK [template] ****************************************************************
changed: [dut]

TASK [execute config-bgp.sh to deploy bgp config from /home/pipi/net101/tools/netsim/ansible/templates/bgp/vyos.j2] ***
changed: [dut]

TASK [template] ****************************************************************
changed: [rr2]
changed: [r2]
changed: [x1]
changed: [r1]

TASK [set_fact] ****************************************************************
ok: [r1]
ok: [r2]
ok: [rr2]
ok: [x1]

TASK [run /tmp/config.sh to deploy bgp config from /home/pipi/net101/tools/netsim/ansible/templates/bgp/frr.j2] ***
skipping: [r1]
skipping: [r2]
skipping: [rr2]
skipping: [x1]

TASK [run vtysh to import bgp config from /home/pipi/net101/tools/netsim/ansible/templates/bgp/frr.j2] ***
changed: [r1]
changed: [r2]
changed: [rr2]
changed: [x1]

TASK [Figure out whether to deploy the module ospf on current device] **********
ok: [dut]
ok: [r1]
ok: [r2]
ok: [rr2]
ok: [x1]

TASK [Find configuration template for ospf] ************************************
ok: [dut]
skipping: [x1]
ok: [r1]
ok: [r2]
ok: [rr2]

TASK [Print deployed configuration when running in verbose mode] ***************
skipping: [dut]
skipping: [r1]
skipping: [r2]
skipping: [rr2]
skipping: [x1]

TASK [Find configuration deployment deploy_script for ospf] ********************
skipping: [x1]
ok: [dut]
ok: [r1]
ok: [r2]
ok: [rr2]

TASK [Deploy ospf configuration] ***********************************************
skipping: [x1]
included: /home/pipi/net101/tools/netsim/ansible/tasks/deploy-config/vyos.yml for dut
included: /home/pipi/net101/tools/netsim/ansible/tasks/deploy-config/frr.yml for r1, r2, rr2

TASK [wait_for_connection] *****************************************************
skipping: [dut]

TASK [wait_for] ****************************************************************
skipping: [dut]

TASK [set_fact] ****************************************************************
ok: [dut]

TASK [template] ****************************************************************
changed: [dut]

TASK [execute config-ospf.sh to deploy ospf config from /home/pipi/net101/tools/netsim/ansible/templates/ospf/vyos.j2] ***
changed: [dut]

TASK [template] ****************************************************************
changed: [rr2]
changed: [r2]
changed: [r1]

TASK [set_fact] ****************************************************************
ok: [r1]
ok: [r2]
ok: [rr2]

TASK [run /tmp/config.sh to deploy ospf config from /home/pipi/net101/tools/netsim/ansible/templates/ospf/frr.j2] ***
skipping: [r1]
skipping: [r2]
skipping: [rr2]

TASK [run vtysh to import ospf config from /home/pipi/net101/tools/netsim/ansible/templates/ospf/frr.j2] ***
changed: [r1]
changed: [r2]
changed: [rr2]

PLAY [Deploy custom deployment templates] **************************************
skipping: no hosts matched

PLAY RECAP *********************************************************************
dut                        : ok=29   changed=6    unreachable=0    failed=0    skipped=8    rescued=0    ignored=0   
r1                         : ok=27   changed=6    unreachable=0    failed=0    skipped=7    rescued=0    ignored=0   
r2                         : ok=27   changed=6    unreachable=0    failed=0    skipped=7    rescued=0    ignored=0   
rr2                        : ok=27   changed=6    unreachable=0    failed=0    skipped=7    rescued=0    ignored=0   
x1                         : ok=21   changed=4    unreachable=0    failed=0    skipped=9    rescued=0    ignored=0   



Use this topology to test the IBGP RR implementation (rr-clients and
cluster-id) and next-hop handling (change next hop on EBGP but not on
reflected route).

