Creating Device configuration snippets
[CREATED] dut: initial,bgp
[CREATED] x1: initial,bgp
[CREATED] x2: initial,bgp
[CREATED] x3: initial,bgp
Checking Are lab devices ready to be configured?
 [INFO] Checking lab devices with an Ansible playbook
[WARNING]: Could not match supplied host pattern, ignoring: netlab_ready_ssh
[WARNING]: Found variable using reserved name: hosts

PLAY [Wait for SSH servers] ****************************************************
skipping: no hosts matched

PLAY [Wait for device-specific conditions] *************************************

TASK [Set variables that cannot be set with VARS] ******************************
ok: [dut]

TASK [Find device readiness script] ********************************************
ok: [dut]

TASK [Wait for device to become ready] *****************************************
included: /home/pipi/net101/tools/netsim/ansible/tasks/readiness-check/vyos-clab.yml for dut

TASK [wait_for_connection] *****************************************************
ok: [dut]

TASK [wait_for] ****************************************************************
ok: [dut]

PLAY RECAP *********************************************************************
dut                        : ok=5    changed=0    unreachable=0    failed=0    skipped=0    rescued=0    ignored=0   

Config Deploying device configurations
 [INFO] Executing initial configuration for node x1
 [INFO] Executing initial configuration for node x2
 [INFO] Executing initial configuration for node x3
 [INFO] Executing bgp configuration for node x3
 [INFO] Executing bgp configuration for node x2
 [INFO] Executing bgp configuration for node x1
 [INFO] Starting Ansible playbook to deploy the rest of the
          configurations
[WARNING]: Found variable using reserved name: hosts

PLAY [Deploy initial device configuration] *************************************

TASK [Set variables that cannot be set with VARS] ******************************
ok: [dut]

TASK [Normalize config on bridge-like devices] *********************************
included: /home/pipi/net101/tools/netsim/ansible/tasks/deploy-module.yml for dut

TASK [Figure out whether to deploy the module normalize on current device] *****
ok: [dut]

TASK [Find configuration template for normalize] *******************************
ok: [dut]

TASK [fail] ********************************************************************
skipping: [dut]

TASK [Find configuration deployment deploy_script for normalize] ***************
ok: [dut]

TASK [Print deployed configuration when running in verbose mode] ***************
skipping: [dut]

TASK [Deploy normalize configuration] ******************************************
skipping: [dut]

TASK [Deploy initial configuration] ********************************************
included: /home/pipi/net101/tools/netsim/ansible/tasks/deploy-module.yml for dut

TASK [Figure out whether to deploy the module initial on current device] *******
ok: [dut]

TASK [Find configuration template for initial] *********************************
ok: [dut]

TASK [fail] ********************************************************************
skipping: [dut]

TASK [Find configuration deployment deploy_script for initial] *****************
ok: [dut]

TASK [Print deployed configuration when running in verbose mode] ***************
ok: [dut] => {
    "msg": "initial configuration for dut\n=========================================\n#!/bin/vbash\nsource /opt/vyatta/etc/functions/script-template\n\nif [ \"$(id -g -n)\" != 'vyattacfg' ] ; then\n    exec sg vyattacfg -c \"/bin/vbash $(readlink -f $0) $@\"\nfi\n\n# Configuration items start here\n\nconfigure\nset system host-name 'dut'\n\n\nset interfaces dummy dum0 address 10.0.0.1/32\n\n\n\nset interfaces ethernet eth1 description 'dut -> x1 [external]'\n\nset interfaces ethernet eth1 mtu 1500\n\n# Need to set the same address as loopback (dum0) to make it behave as unnumbered\nset interfaces ethernet eth1 address 10.0.0.1/32\n\nset interfaces ethernet eth1 ipv6\n\n\n\n\nset interfaces ethernet eth2 description 'dut -> x2 [external]'\n\nset interfaces ethernet eth2 mtu 1500\n\n# Need to set the same address as loopback (dum0) to make it behave as unnumbered\nset interfaces ethernet eth2 address 10.0.0.1/32\n\nset interfaces ethernet eth2 ipv6\n\n\n\n\nset interfaces ethernet eth3 description 'dut -> x3 [external]'\n\nset interfaces ethernet eth3 mtu 1500\n\nset interfaces ethernet eth3 address 10.1.0.1/30\n\n\n\n\nset service lldp interface all\n>/dev/null 2>/dev/null set service lldp interface eth0 disable\n>/dev/null 2>/dev/null set service lldp interface eth0 mode disable\n\nset service router-advert interface eth1\nset service router-advert interface eth2\n\nset service ssh\n\n# Commit, save and exit from subshell\n\ncommit\nsave\nexit\n\n# Restart FRR to pick up the new hostname\nsudo service frr restart\n"
}

TASK [Deploy initial configuration] ********************************************
included: /home/pipi/net101/tools/netsim/ansible/tasks/deploy-config/vyos.yml for dut

TASK [set_fact] ****************************************************************
ok: [dut]

TASK [template] ****************************************************************
changed: [dut]

TASK [execute config-initial.sh to deploy initial config from /work/netlab_cicd/node_files/dut/initial] ***
changed: [dut]

PLAY [Deploy module-specific configurations] ***********************************

TASK [Set variables that cannot be set with VARS] ******************************
ok: [dut]

TASK [Deploy individual configuration modules] *********************************
included: /home/pipi/net101/tools/netsim/ansible/tasks/deploy-module.yml for dut => (item=bgp)

TASK [Figure out whether to deploy the module bgp on current device] ***********
ok: [dut]

TASK [Find configuration template for bgp] *************************************
ok: [dut]

TASK [fail] ********************************************************************
skipping: [dut]

TASK [Find configuration deployment deploy_script for bgp] *********************
ok: [dut]

TASK [Print deployed configuration when running in verbose mode] ***************
ok: [dut] => {
    "msg": "bgp configuration for dut\n=========================================\n\nset protocols bgp system-as 65000\n\nset protocols bgp parameters router-id 10.0.0.1\n\n\n\nset protocols bgp neighbor eth1 interface remote-as 65100\nset protocols bgp neighbor eth1 description 'x1'\n \n\n\n\n\nset protocols bgp neighbor eth2 interface remote-as 65101\nset protocols bgp neighbor eth2 description 'x2'\n \n\n\n\n\nset protocols bgp neighbor 10.1.0.2 remote-as 65102\nset protocols bgp neighbor 10.1.0.2 description 'x3'\n \n\n\n\n\n# Work on Family ipv4\n\n\nset protocols bgp address-family ipv4-unicast network 10.0.0.1/32\n\n\n\n\n\nset protocols bgp neighbor eth1 address-family ipv4-unicast soft-reconfiguration inbound\n\nset protocols bgp neighbor eth1 address-family ipv4-unicast nexthop-self\n\nset protocols bgp neighbor eth1 address-family ipv4-unicast disable-send-community extended\n\n\n\nset protocols bgp neighbor eth2 address-family ipv4-unicast soft-reconfiguration inbound\n\nset protocols bgp neighbor eth2 address-family ipv4-unicast nexthop-self\n\nset protocols bgp neighbor eth2 address-family ipv4-unicast disable-send-community extended\n\n\n\nset protocols bgp neighbor 10.1.0.2 address-family ipv4-unicast soft-reconfiguration inbound\n\nset protocols bgp neighbor 10.1.0.2 address-family ipv4-unicast nexthop-self\n\nset protocols bgp neighbor 10.1.0.2 address-family ipv4-unicast disable-send-community extended\n\n\n\n"
}

TASK [Deploy bgp configuration] ************************************************
included: /home/pipi/net101/tools/netsim/ansible/tasks/deploy-config/vyos.yml for dut

TASK [set_fact] ****************************************************************
ok: [dut]

TASK [template] ****************************************************************
changed: [dut]

TASK [execute config-bgp.sh to deploy bgp config from /work/netlab_cicd/node_files/dut/bgp] ***
changed: [dut]

PLAY [Deploy custom deployment templates] **************************************
skipping: no hosts matched

PLAY RECAP *********************************************************************
dut                        : ok=24   changed=4    unreachable=0    failed=0    skipped=5    rescued=0    ignored=0   

Results of configuration script deployments
================================================================================
x1                           OK: 2   
x2                           OK: 2   
x3                           OK: 2   


Use this topology to test the unnumbered IPv4 EBGP implementation and
propagation of routes between EBGP speakers.

