ct: large comm: 65000:0:101 comm_value: large:65000:0:101 list: x_comm_set_65000_0_101
ct: large comm: 65000:2:202 comm_value: large:65000:2:202 list: x_comm_add_65000_2_202
ct: large comm: 65200:2:202 comm_value: large:65200:2:202 list: x_comm_del_65200_2_202
Createdprovider configuration file: clab.yml
Created p1: daemons,hosts
Created p2: daemons,hosts (shared)
Created x1: daemons,hosts (shared)
Createdtransformed topology dump in YAML format in netlab.snapshot.yml
Createdpickled transformed topology data into netlab.snapshot.pickle
Created group_vars for all
Created group_vars for modules
Created group_vars for custom_configs
Created group_vars for frr
Created host_vars for p1
Created host_vars for p2
Created host_vars for x1
Created group_vars for vjunos_switch
Created host_vars for dut
Createdminimized Ansible inventory hosts.yml
CreatedAnsible configuration file: ansible.cfg
