00:21:17 INFO Containerlab started version=0.72.0
00:21:17 INFO Parsing & checking topology file=clab.yml
00:21:17 INFO Removing directory path=/work/netlab_cicd/clab-ml_17
00:21:17 INFO Creating docker network name=nl_mgmt_17 IPv4 subnet=192.168.17.0/24 IPv6 subnet="" MTU=0
00:21:17 INFO Creating lab directory path=/work/netlab_cicd/clab-ml_17
00:21:17 INFO Creating container name=r3
00:21:17 INFO Creating container name=r2
00:21:17 INFO Creating container name=x1
00:21:17 INFO Creating container name=dut
00:21:17 INFO Created link: dut:eth1 (Ethernet0/1) ▪┄┄▪ x1:eth1
00:21:18 INFO Created link: dut:eth2 (Ethernet0/2) ▪┄┄▪ r2:eth1
00:21:18 INFO Created link: dut:eth3 (Ethernet0/3) ▪┄┄▪ r3:eth2
00:21:18 INFO Running postdeploy actions for Cisco IOL 'dut' node
00:21:18 INFO Adding host entries path=/etc/hosts
00:21:18 INFO Adding SSH config for nodes path=/etc/ssh/ssh_config.d/clab-ml_17.conf
[1m╭[0m[1m────────────────[0m[1m┬[0m[1m────────────────────────────────[0m[1m┬[0m[1m─────────[0m[1m┬[0m[1m────────────────[0m[1m╮[0m
[1m│[0m[1m      Name      [0m[1m│[0m[1m           Kind/Image           [0m[1m│[0m[1m  State  [0m[1m│[0m[1m IPv4/6 Address [0m[1m│[0m
[1m├[0m[1m────────────────[0m[1m┼[0m[1m────────────────────────────────[0m[1m┼[0m[1m─────────[0m[1m┼[0m[1m────────────────[0m[1m┤[0m
│ clab-ml_17-dut │ cisco_iol                      │ running │ 192.168.17.101 │
│                │ vrnetlab/cisco_iol:L2-17.12.01 │         │ N/A            │
├────────────────┼────────────────────────────────┼─────────┼────────────────┤
│ clab-ml_17-r2  │ linux                          │ running │ 192.168.17.103 │
│                │ quay.io/frrouting/frr:10.5.0   │         │ N/A            │
├────────────────┼────────────────────────────────┼─────────┼────────────────┤
│ clab-ml_17-r3  │ linux                          │ running │ 192.168.17.104 │
│                │ quay.io/frrouting/frr:10.5.0   │         │ N/A            │
├────────────────┼────────────────────────────────┼─────────┼────────────────┤
│ clab-ml_17-x1  │ linux                          │ running │ 192.168.17.102 │
│                │ quay.io/frrouting/frr:10.5.0   │         │ N/A            │
╰────────────────┴────────────────────────────────┴─────────┴────────────────╯
Using transformed lab topology from snapshot file netlab.snapshot.pickle
Checking virtualization provider installation
OK: clab installed and working correctly
Starting clab nodes
provider clab: executing sudo -E containerlab deploy --reconfigure -t clab.yml

Initial configuration skipped, run 'netlab initial' to configure the devices
