Bringing machine 'h1' up with 'libvirt' provider...
Bringing machine 'h2' up with 'libvirt' provider...
Bringing machine 's1' up with 'libvirt' provider...
Bringing machine 's2' up with 'libvirt' provider...
==> s1: Checking if box 'vyos/current' version '20240508.00.16' is up to date...
==> s2: Checking if box 'vyos/current' version '20240508.00.16' is up to date...
==> h1: Checking if box 'generic/ubuntu2004' version '4.3.8' is up to date...
==> h2: Checking if box 'generic/ubuntu2004' version '4.3.8' is up to date...
==> s1: Creating image (snapshot of base box volume).
==> s1: Creating domain with the following settings...
==> s2: Creating image (snapshot of base box volume).
==> h2: Creating image (snapshot of base box volume).
==> s1:  -- Name:              ml_17_s1
==> h1: Creating image (snapshot of base box volume).
==> s2: Creating domain with the following settings...
==> s1:  -- Description:       Source: /work/netlab_cicd/Vagrantfile
==> s1:  -- Domain type:       kvm
==> s1:  -- Cpus:              2
==> s1:  -- Feature:           acpi
==> h1: Creating domain with the following settings...
==> s2:  -- Name:              ml_17_s2
==> h2: Creating domain with the following settings...
==> s2:  -- Description:       Source: /work/netlab_cicd/Vagrantfile
==> h2:  -- Name:              ml_17_h2
==> s1:  -- Feature:           apic
==> h1:  -- Name:              ml_17_h1
==> h2:  -- Description:       Source: /work/netlab_cicd/Vagrantfile
==> s2:  -- Domain type:       kvm
==> h1:  -- Description:       Source: /work/netlab_cicd/Vagrantfile
==> s1:  -- Feature:           pae
==> h2:  -- Domain type:       kvm
==> s2:  -- Cpus:              2
==> h1:  -- Domain type:       kvm
==> s1:  -- Clock offset:      utc
==> s2:  -- Feature:           acpi
==> h2:  -- Cpus:              1
==> s1:  -- Memory:            1024M
==> h1:  -- Cpus:              1
==> s1:  -- Management MAC:    08:4f:a9:00:00:03
==> s2:  -- Feature:           apic
==> h1:  -- Feature:           acpi
==> s2:  -- Feature:           pae
==> h2:  -- Feature:           acpi
==> s2:  -- Clock offset:      utc
==> h2:  -- Feature:           apic
==> s1:  -- Base box:          vyos/current
==> s1:  -- Storage pool:      default
==> s2:  -- Memory:            1024M
==> h2:  -- Feature:           pae
==> s2:  -- Management MAC:    08:4f:a9:00:00:04
==> h1:  -- Feature:           apic
==> h1:  -- Feature:           pae
==> s1:  -- Image(vda):        /var/lib/libvirt/images/ml_17_s1.img, virtio, 10G
==> h2:  -- Clock offset:      utc
==> s2:  -- Base box:          vyos/current
==> s1:  -- Disk driver opts:  cache='default'
==> h1:  -- Clock offset:      utc
==> s1:  -- Graphics Type:     vnc
==> s2:  -- Storage pool:      default
==> s2:  -- Image(vda):        /var/lib/libvirt/images/ml_17_s2.img, virtio, 10G
==> s2:  -- Disk driver opts:  cache='default'
==> h1:  -- Memory:            1024M
==> s1:  -- Video Type:        cirrus
==> s2:  -- Graphics Type:     vnc
==> h2:  -- Memory:            1024M
==> s2:  -- Video Type:        cirrus
==> h1:  -- Management MAC:    08:4f:a9:00:00:01
==> s2:  -- Video VRAM:        16384
==> h2:  -- Management MAC:    08:4f:a9:00:00:02
==> s2:  -- Video 3D accel:    false
==> h1:  -- Base box:          generic/ubuntu2004
==> s1:  -- Video VRAM:        16384
==> h2:  -- Base box:          generic/ubuntu2004
==> s2:  -- Keymap:            en-us
==> h1:  -- Storage pool:      default
==> s1:  -- Video 3D accel:    false
==> h2:  -- Storage pool:      default
==> s1:  -- Keymap:            en-us
==> h1:  -- Image(vda):        /var/lib/libvirt/images/ml_17_h1.img, virtio, 128G
==> s2:  -- TPM Backend:       passthrough
==> h2:  -- Image(vda):        /var/lib/libvirt/images/ml_17_h2.img, virtio, 128G
==> s1:  -- TPM Backend:       passthrough
==> h1:  -- Disk driver opts:  cache='default'
==> h2:  -- Disk driver opts:  cache='default'
==> s1:  -- INPUT:             type=mouse, bus=ps2
==> s2:  -- INPUT:             type=mouse, bus=ps2
==> h2:  -- Graphics Type:     vnc
==> h2:  -- Video Type:        cirrus
==> h1:  -- Graphics Type:     vnc
==> h2:  -- Video VRAM:        256
==> h2:  -- Video 3D accel:    false
==> h1:  -- Video Type:        cirrus
==> h2:  -- Keymap:            en-us
==> h2:  -- TPM Backend:       passthrough
==> h1:  -- Video VRAM:        256
==> h2:  -- INPUT:             type=mouse, bus=ps2
==> h1:  -- Video 3D accel:    false
==> h1:  -- Keymap:            en-us
==> h1:  -- TPM Backend:       passthrough
==> h1:  -- INPUT:             type=mouse, bus=ps2
==> s1: Creating shared folders metadata...
==> s1: Starting domain.
==> s1: Domain launching with graphics connection settings...
==> s1:  -- Graphics Port:      5900
==> s1:  -- Graphics IP:        127.0.0.1
==> s1:  -- Graphics Password:  Not defined
==> s1:  -- Graphics Websocket: 5700
==> s1: Waiting for domain to get an IP address...
==> h1: Creating shared folders metadata...
==> h1: Starting domain.
==> h1: Domain launching with graphics connection settings...
==> h1:  -- Graphics Port:      5901
==> h1:  -- Graphics IP:        127.0.0.1
==> h1:  -- Graphics Password:  Not defined
==> h1:  -- Graphics Websocket: 5701
==> h1: Waiting for domain to get an IP address...
==> h2: Creating shared folders metadata...
==> h2: Starting domain.
==> h2: Domain launching with graphics connection settings...
==> h2:  -- Graphics Port:      5902
==> h2:  -- Graphics IP:        127.0.0.1
==> h2:  -- Graphics Password:  Not defined
==> h2:  -- Graphics Websocket: 5702
==> h2: Waiting for domain to get an IP address...
==> s2: Creating shared folders metadata...
==> s2: Starting domain.
==> s2: Domain launching with graphics connection settings...
==> s2:  -- Graphics Port:      5903
==> s2:  -- Graphics IP:        127.0.0.1
==> s2:  -- Graphics Password:  Not defined
==> s2:  -- Graphics Websocket: 5703
==> s2: Waiting for domain to get an IP address...
==> h1: Waiting for machine to boot. This may take a few minutes...
    h1: SSH address: 192.168.17.101:22
    h1: SSH username: vagrant
    h1: SSH auth method: private key
    h1: Warning: Connection refused. Retrying...
==> h2: Waiting for machine to boot. This may take a few minutes...
    h2: SSH address: 192.168.17.102:22
    h2: SSH username: vagrant
    h2: SSH auth method: private key
    h2: Warning: Connection refused. Retrying...
    h1: 
    h1: Vagrant insecure key detected. Vagrant will automatically replace
    h1: this with a newly generated keypair for better security.
    h2: 
    h2: Vagrant insecure key detected. Vagrant will automatically replace
    h2: this with a newly generated keypair for better security.
    h1: 
    h1: Inserting generated public key within guest...
    h1: Removing insecure key from the guest if it's present...
    h1: Key inserted! Disconnecting and reconnecting using new SSH key...
    h2: 
    h2: Inserting generated public key within guest...
    h2: Removing insecure key from the guest if it's present...
    h2: Key inserted! Disconnecting and reconnecting using new SSH key...
==> h1: Machine booted and ready!
==> h2: Machine booted and ready!
==> s1: Waiting for machine to boot. This may take a few minutes...
    s1: SSH address: 192.168.17.103:22
    s1: SSH username: vyos
    s1: SSH auth method: private key
    s1: Warning: Connection refused. Retrying...
    s1: 
    s1: Vagrant insecure key detected. Vagrant will automatically replace
    s1: this with a newly generated keypair for better security.
    s1: 
    s1: Inserting generated public key within guest...
==> s2: Waiting for machine to boot. This may take a few minutes...
    s2: SSH address: 192.168.17.104:22
    s2: SSH username: vyos
    s2: SSH auth method: private key
    s2: Warning: Connection refused. Retrying...
    s1: Removing insecure key from the guest if it's present...
    s1: Key inserted! Disconnecting and reconnecting using new SSH key...
    s2: 
    s2: Vagrant insecure key detected. Vagrant will automatically replace
    s2: this with a newly generated keypair for better security.
==> s1: Machine booted and ready!
    s2: 
    s2: Inserting generated public key within guest...
    s2: Removing insecure key from the guest if it's present...
    s2: Key inserted! Disconnecting and reconnecting using new SSH key...
==> s2: Machine booted and ready!

==> s1: Machine 's1' has a post `vagrant up` message. This is a message
==> s1: from the creator of the Vagrantfile, and not from Vagrant itself:
==> s1: 
==> s1: VyOS box. See https://app.vagrantup.com/vyos for help and bug reports

==> s2: Machine 's2' has a post `vagrant up` message. This is a message
==> s2: from the creator of the Vagrantfile, and not from Vagrant itself:
==> s2: 
==> s2: VyOS box. See https://app.vagrantup.com/vyos for help and bug reports
Using transformed lab topology from snapshot file netlab.snapshot.yml
Checking virtualization provider installation
OK: libvirt installed and working correctly
Starting libvirt nodes
creating libvirt management network nl_mgmt_17
provider libvirt: executing vagrant up --provider libvirt

Initial configuration skipped, run 'netlab initial' to configure the devices
