[WARNING]: Could not match supplied host pattern, ignoring: unprovisioned

PLAY [Deploy initial device configuration] *************************************

TASK [Set variables that cannot be set with VARS] ******************************
ok: [h1]
ok: [h2]
ok: [h3]
ok: [h4]
ok: [h5]
ok: [s1]
ok: [s2]
ok: [s3]

TASK [Find device readiness script] ********************************************
ok: [h1]
ok: [h2]
ok: [h3]
ok: [h4]
ok: [h5]
ok: [s1]
ok: [s2]
ok: [s3]

TASK [Wait for device to become ready] *****************************************
skipping: [h1]
skipping: [h2]
skipping: [h3]
skipping: [h4]
skipping: [h5]
skipping: [s1]
skipping: [s2]
skipping: [s3]

TASK [Deploy initial configuration] ********************************************
included: /home/pipi/net101/tools/netsim/ansible/tasks/deploy-module.yml for h1, h2, h3, h4, h5, s1, s2, s3

TASK [Figure out whether to deploy the module initial on current device] *******
ok: [h1]
ok: [h2]
ok: [h3]
ok: [h4]
ok: [h5]
ok: [s1]
ok: [s2]
ok: [s3]

TASK [Find configuration template for initial] *********************************
ok: [h1]
ok: [h2]
ok: [h3]
ok: [h5]
ok: [h4]
ok: [s1]
ok: [s2]
ok: [s3]

TASK [Print deployed configuration when running in verbose mode] ***************
ok: [h1] => 
  msg: |-
    initial configuration for h1
    =========================================
    #!/bin/bash
    #
    set -e
    #
    # Create bash profile script
    #
    cat <<SCRIPT >/root/.bash_profile
    #!/bin/bash
    #
    export PS1="\h(bash)$ "
    SCRIPT
    #
    # Build hosts file
    #
    hostname h1
    #
    cat <<SCRIPT >/tmp/hosts
    #
    # Created by netlab initial
    #
    172.31.1.1 h1
    172.31.1.2 h2
    172.31.1.3 h3
    172.31.1.4 h4
    172.31.1.5 h5
    10.0.0.6 10.1.0.1 10.1.0.9 172.16.0.6 s1
    10.0.0.7 10.1.0.2 10.1.0.5 172.16.1.7 s2
    10.0.0.8 10.1.0.6 10.1.0.10 s3
    SCRIPT
    grep "Created by netlab" /etc/hosts || uniq /tmp/hosts >>/etc/hosts
    # It seems on the Vagrant box for ubuntu 20.04, DNS Servers are hardcoded as 4.2.2.1 & Co.
    # This is annoying on a network with filtered DNS.
    # DNSMasq server used for giving out DHCP addresses on the management network is able to act as a DNS Server.
    # Let's use that.
    #
    # (Overwrite netplan config to remove DNS stuff)
    echo -n 'Starting initial config ' && date
    cat <<SCRIPT >/etc/netplan/01-netcfg.yaml
    network:
      version: 2
      renderer: networkd
      ethernets:
        eth0:
          dhcp4: true
          dhcp6: false
          optional: true
    SCRIPT
    netplan apply
  
    # (Overwrite resolved config to remove DNS stuff)
    cat <<SCRIPT > /etc/systemd/resolved.conf
    [Resolve]
    DNS=
    FallbackDNS=
    Domains=
    DNSOverTLS=no
    Cache=yes
    DNSStubListener=yes
    SCRIPT
  
    systemctl restart systemd-resolved
  
    # Set persistent hostname
    hostnamectl set-hostname h1
  
    NEED_APT_UPDATE=YES
  
    # Sysctl settings: IPv4/IPv6 forwarding, IPv6 LLA
    #
    cat <<SCRIPT > /etc/sysctl.d/10-netsim.conf
    net.ipv4.ip_forward=0
    net.ipv6.conf.all.forwarding=0
  
  
    SCRIPT
    sysctl -p /etc/sysctl.d/10-netsim.conf
  
    # Loopback addressing
  
    # Interface addressing
    cat <<SCRIPT > /etc/netplan/03-eth-eth1.yaml
    network:
      version: 2
      renderer: networkd
      ethernets:
        eth1:
          addresses:
            - 172.31.1.1/24
    SCRIPT
  
    # Add routes to IPv4 address pools pointing to the first neighbor on the first link
  
    echo -n 'Starting netplan generate ' && date
    netplan generate
    echo -n 'Starting netplan apply ' && date
    nohup netplan apply &
ok: [h2] => 
  msg: |-
    initial configuration for h2
    =========================================
    #!/bin/bash
    #
    set -e
    #
    # Create bash profile script
    #
    cat <<SCRIPT >/root/.bash_profile
    #!/bin/bash
    #
    export PS1="\h(bash)$ "
    SCRIPT
    #
    # Build hosts file
    #
    hostname h2
    #
    cat <<SCRIPT >/tmp/hosts
    #
    # Created by netlab initial
    #
    172.31.1.1 h1
    172.31.1.2 h2
    172.31.1.3 h3
    172.31.1.4 h4
    172.31.1.5 h5
    10.0.0.6 10.1.0.1 10.1.0.9 172.16.0.6 s1
    10.0.0.7 10.1.0.2 10.1.0.5 172.16.1.7 s2
    10.0.0.8 10.1.0.6 10.1.0.10 s3
    SCRIPT
    grep "Created by netlab" /etc/hosts || uniq /tmp/hosts >>/etc/hosts
    # It seems on the Vagrant box for ubuntu 20.04, DNS Servers are hardcoded as 4.2.2.1 & Co.
    # This is annoying on a network with filtered DNS.
    # DNSMasq server used for giving out DHCP addresses on the management network is able to act as a DNS Server.
    # Let's use that.
    #
    # (Overwrite netplan config to remove DNS stuff)
    echo -n 'Starting initial config ' && date
    cat <<SCRIPT >/etc/netplan/01-netcfg.yaml
    network:
      version: 2
      renderer: networkd
      ethernets:
        eth0:
          dhcp4: true
          dhcp6: false
          optional: true
    SCRIPT
    netplan apply
  
    # (Overwrite resolved config to remove DNS stuff)
    cat <<SCRIPT > /etc/systemd/resolved.conf
    [Resolve]
    DNS=
    FallbackDNS=
    Domains=
    DNSOverTLS=no
    Cache=yes
    DNSStubListener=yes
    SCRIPT
  
    systemctl restart systemd-resolved
  
    # Set persistent hostname
    hostnamectl set-hostname h2
  
    NEED_APT_UPDATE=YES
  
    # Sysctl settings: IPv4/IPv6 forwarding, IPv6 LLA
    #
    cat <<SCRIPT > /etc/sysctl.d/10-netsim.conf
    net.ipv4.ip_forward=0
    net.ipv6.conf.all.forwarding=0
  
  
    SCRIPT
    sysctl -p /etc/sysctl.d/10-netsim.conf
  
    # Loopback addressing
  
    # Interface addressing
    cat <<SCRIPT > /etc/netplan/03-eth-eth1.yaml
    network:
      version: 2
      renderer: networkd
      ethernets:
        eth1:
          addresses:
            - 172.31.1.2/24
    SCRIPT
  
    # Add routes to IPv4 address pools pointing to the first neighbor on the first link
  
    echo -n 'Starting netplan generate ' && date
    netplan generate
    echo -n 'Starting netplan apply ' && date
    nohup netplan apply &
ok: [h3] => 
  msg: |-
    initial configuration for h3
    =========================================
    #!/bin/bash
    #
    set -e
    #
    # Create bash profile script
    #
    cat <<SCRIPT >/root/.bash_profile
    #!/bin/bash
    #
    export PS1="\h(bash)$ "
    SCRIPT
    #
    # Build hosts file
    #
    hostname h3
    #
    cat <<SCRIPT >/tmp/hosts
    #
    # Created by netlab initial
    #
    172.31.1.1 h1
    172.31.1.2 h2
    172.31.1.3 h3
    172.31.1.4 h4
    172.31.1.5 h5
    10.0.0.6 10.1.0.1 10.1.0.9 172.16.0.6 s1
    10.0.0.7 10.1.0.2 10.1.0.5 172.16.1.7 s2
    10.0.0.8 10.1.0.6 10.1.0.10 s3
    SCRIPT
    grep "Created by netlab" /etc/hosts || uniq /tmp/hosts >>/etc/hosts
    # It seems on the Vagrant box for ubuntu 20.04, DNS Servers are hardcoded as 4.2.2.1 & Co.
    # This is annoying on a network with filtered DNS.
    # DNSMasq server used for giving out DHCP addresses on the management network is able to act as a DNS Server.
    # Let's use that.
    #
    # (Overwrite netplan config to remove DNS stuff)
    echo -n 'Starting initial config ' && date
    cat <<SCRIPT >/etc/netplan/01-netcfg.yaml
    network:
      version: 2
      renderer: networkd
      ethernets:
        eth0:
          dhcp4: true
          dhcp6: false
          optional: true
    SCRIPT
    netplan apply
  
    # (Overwrite resolved config to remove DNS stuff)
    cat <<SCRIPT > /etc/systemd/resolved.conf
    [Resolve]
    DNS=
    FallbackDNS=
    Domains=
    DNSOverTLS=no
    Cache=yes
    DNSStubListener=yes
    SCRIPT
  
    systemctl restart systemd-resolved
  
    # Set persistent hostname
    hostnamectl set-hostname h3
  
    NEED_APT_UPDATE=YES
  
    # Sysctl settings: IPv4/IPv6 forwarding, IPv6 LLA
    #
    cat <<SCRIPT > /etc/sysctl.d/10-netsim.conf
    net.ipv4.ip_forward=0
    net.ipv6.conf.all.forwarding=0
  
  
    SCRIPT
    sysctl -p /etc/sysctl.d/10-netsim.conf
  
    # Loopback addressing
  
    # Interface addressing
    cat <<SCRIPT > /etc/netplan/03-eth-eth1.yaml
    network:
      version: 2
      renderer: networkd
      ethernets:
        eth1:
          addresses:
            - 172.31.1.3/24
    SCRIPT
  
    # Add routes to IPv4 address pools pointing to the first neighbor on the first link
  
    echo -n 'Starting netplan generate ' && date
    netplan generate
    echo -n 'Starting netplan apply ' && date
    nohup netplan apply &
ok: [h4] => 
  msg: |-
    initial configuration for h4
    =========================================
    #!/bin/bash
    #
    set -e
    #
    # Create bash profile script
    #
    cat <<SCRIPT >/root/.bash_profile
    #!/bin/bash
    #
    export PS1="\h(bash)$ "
    SCRIPT
    #
    # Build hosts file
    #
    hostname h4
    #
    cat <<SCRIPT >/tmp/hosts
    #
    # Created by netlab initial
    #
    172.31.1.1 h1
    172.31.1.2 h2
    172.31.1.3 h3
    172.31.1.4 h4
    172.31.1.5 h5
    10.0.0.6 10.1.0.1 10.1.0.9 172.16.0.6 s1
    10.0.0.7 10.1.0.2 10.1.0.5 172.16.1.7 s2
    10.0.0.8 10.1.0.6 10.1.0.10 s3
    SCRIPT
    grep "Created by netlab" /etc/hosts || uniq /tmp/hosts >>/etc/hosts
    # It seems on the Vagrant box for ubuntu 20.04, DNS Servers are hardcoded as 4.2.2.1 & Co.
    # This is annoying on a network with filtered DNS.
    # DNSMasq server used for giving out DHCP addresses on the management network is able to act as a DNS Server.
    # Let's use that.
    #
    # (Overwrite netplan config to remove DNS stuff)
    echo -n 'Starting initial config ' && date
    cat <<SCRIPT >/etc/netplan/01-netcfg.yaml
    network:
      version: 2
      renderer: networkd
      ethernets:
        eth0:
          dhcp4: true
          dhcp6: false
          optional: true
    SCRIPT
    netplan apply
  
    # (Overwrite resolved config to remove DNS stuff)
    cat <<SCRIPT > /etc/systemd/resolved.conf
    [Resolve]
    DNS=
    FallbackDNS=
    Domains=
    DNSOverTLS=no
    Cache=yes
    DNSStubListener=yes
    SCRIPT
  
    systemctl restart systemd-resolved
  
    # Set persistent hostname
    hostnamectl set-hostname h4
  
    NEED_APT_UPDATE=YES
  
    # Sysctl settings: IPv4/IPv6 forwarding, IPv6 LLA
    #
    cat <<SCRIPT > /etc/sysctl.d/10-netsim.conf
    net.ipv4.ip_forward=0
    net.ipv6.conf.all.forwarding=0
  
  
    SCRIPT
    sysctl -p /etc/sysctl.d/10-netsim.conf
  
    # Loopback addressing
  
    # Interface addressing
    cat <<SCRIPT > /etc/netplan/03-eth-eth1.yaml
    network:
      version: 2
      renderer: networkd
      ethernets:
        eth1:
          addresses:
            - 172.31.1.4/24
    SCRIPT
  
    # Add routes to IPv4 address pools pointing to the first neighbor on the first link
  
    echo -n 'Starting netplan generate ' && date
    netplan generate
    echo -n 'Starting netplan apply ' && date
    nohup netplan apply &
ok: [h5] => 
  msg: |-
    initial configuration for h5
    =========================================
    #!/bin/bash
    #
    set -e
    #
    # Create bash profile script
    #
    cat <<SCRIPT >/root/.bash_profile
    #!/bin/bash
    #
    export PS1="\h(bash)$ "
    SCRIPT
    #
    # Build hosts file
    #
    hostname h5
    #
    cat <<SCRIPT >/tmp/hosts
    #
    # Created by netlab initial
    #
    172.31.1.1 h1
    172.31.1.2 h2
    172.31.1.3 h3
    172.31.1.4 h4
    172.31.1.5 h5
    10.0.0.6 10.1.0.1 10.1.0.9 172.16.0.6 s1
    10.0.0.7 10.1.0.2 10.1.0.5 172.16.1.7 s2
    10.0.0.8 10.1.0.6 10.1.0.10 s3
    SCRIPT
    grep "Created by netlab" /etc/hosts || uniq /tmp/hosts >>/etc/hosts
    # It seems on the Vagrant box for ubuntu 20.04, DNS Servers are hardcoded as 4.2.2.1 & Co.
    # This is annoying on a network with filtered DNS.
    # DNSMasq server used for giving out DHCP addresses on the management network is able to act as a DNS Server.
    # Let's use that.
    #
    # (Overwrite netplan config to remove DNS stuff)
    echo -n 'Starting initial config ' && date
    cat <<SCRIPT >/etc/netplan/01-netcfg.yaml
    network:
      version: 2
      renderer: networkd
      ethernets:
        eth0:
          dhcp4: true
          dhcp6: false
          optional: true
    SCRIPT
    netplan apply
  
    # (Overwrite resolved config to remove DNS stuff)
    cat <<SCRIPT > /etc/systemd/resolved.conf
    [Resolve]
    DNS=
    FallbackDNS=
    Domains=
    DNSOverTLS=no
    Cache=yes
    DNSStubListener=yes
    SCRIPT
  
    systemctl restart systemd-resolved
  
    # Set persistent hostname
    hostnamectl set-hostname h5
  
    NEED_APT_UPDATE=YES
  
    # Sysctl settings: IPv4/IPv6 forwarding, IPv6 LLA
    #
    cat <<SCRIPT > /etc/sysctl.d/10-netsim.conf
    net.ipv4.ip_forward=0
    net.ipv6.conf.all.forwarding=0
  
  
    SCRIPT
    sysctl -p /etc/sysctl.d/10-netsim.conf
  
    # Loopback addressing
  
    # Interface addressing
    cat <<SCRIPT > /etc/netplan/03-eth-eth1.yaml
    network:
      version: 2
      renderer: networkd
      ethernets:
        eth1:
          addresses:
            - 172.31.1.5/24
    SCRIPT
  
    # Add routes to IPv4 address pools pointing to the first neighbor on the first link
  
    echo -n 'Starting netplan generate ' && date
    netplan generate
    echo -n 'Starting netplan apply ' && date
    nohup netplan apply &
ok: [s1] => 
  msg: |-
    initial configuration for s1
    =========================================
    #!/bin/vbash
    source /opt/vyatta/etc/functions/script-template
  
    if [ "$(id -g -n)" != 'vyattacfg' ] ; then
        exec sg vyattacfg -c "/bin/vbash $(readlink -f $0) $@"
    fi
  
    # Configuration items start here
  
    configure
    set system host-name 's1'
  
  
    set interfaces bridge br0 description 'Global Switch Bridge'
    set interfaces bridge br0 enable-vlan
  
    set interfaces bridge br0 vif 1001
    set interfaces bridge br0 vif 1000
  
    set interfaces dummy dum0 address 10.0.0.6/32
  
  
  
    set interfaces ethernet eth1 description 's1 -> s2'
  
    set interfaces ethernet eth1 mtu 1600
  
    set interfaces ethernet eth1 address 10.1.0.1/30
  
  
  
  
  
    set interfaces ethernet eth2 description 's1 -> s3'
  
    set interfaces ethernet eth2 mtu 1600
  
    set interfaces ethernet eth2 address 10.1.0.9/30
  
  
  
  
  
    set interfaces dummy dum1 description 's1 -> stub'
  
  
    set interfaces dummy dum1 address 172.16.0.6/24
  
  
  
  
  
  
  
  
  
  
  
  
  
  
  
  
  
  
  
    set interfaces bridge br0 vif 1000 description 'VLAN red (1000) -> [h1,h2,s2,h3,s3]'
  
  
  
  
  
  
  
    set interfaces bridge br0 vif 1001 description 'VLAN blue (1001) -> [h4,h5,s2]'
  
  
  
  
  
  
    set service lldp interface all
    set service lldp interface eth0 disable
  
  
  
    # Commit, save and exit from subshell
  
    commit
    save
    exit
  
    # Restart FRR to pick up the new hostname
    sudo service frr restart
ok: [s2] => 
  msg: |-
    initial configuration for s2
    =========================================
    #!/bin/vbash
    source /opt/vyatta/etc/functions/script-template
  
    if [ "$(id -g -n)" != 'vyattacfg' ] ; then
        exec sg vyattacfg -c "/bin/vbash $(readlink -f $0) $@"
    fi
  
    # Configuration items start here
  
    configure
    set system host-name 's2'
  
  
    set interfaces bridge br0 description 'Global Switch Bridge'
    set interfaces bridge br0 enable-vlan
  
    set interfaces bridge br0 vif 1001
    set interfaces bridge br0 vif 1000
  
    set interfaces dummy dum0 address 10.0.0.7/32
  
  
  
    set interfaces ethernet eth1 description 's2 -> s1'
  
    set interfaces ethernet eth1 mtu 1600
  
    set interfaces ethernet eth1 address 10.1.0.2/30
  
  
  
  
  
    set interfaces ethernet eth2 description 's2 -> s3'
  
    set interfaces ethernet eth2 mtu 1600
  
    set interfaces ethernet eth2 address 10.1.0.5/30
  
  
  
  
  
    set interfaces dummy dum1 description 's2 -> stub'
  
  
    set interfaces dummy dum1 address 172.16.1.7/24
  
  
  
  
  
  
  
  
  
  
  
  
  
  
  
  
  
  
  
    set interfaces bridge br0 vif 1000 description 'VLAN red (1000) -> [h1,s1,h2,h3,s3]'
  
  
  
  
  
  
  
    set interfaces bridge br0 vif 1001 description 'VLAN blue (1001) -> [h4,s1,h5]'
  
  
  
  
  
  
    set service lldp interface all
    set service lldp interface eth0 disable
  
  
  
    # Commit, save and exit from subshell
  
    commit
    save
    exit
  
    # Restart FRR to pick up the new hostname
    sudo service frr restart
ok: [s3] => 
  msg: |-
    initial configuration for s3
    =========================================
    #!/bin/vbash
    source /opt/vyatta/etc/functions/script-template
  
    if [ "$(id -g -n)" != 'vyattacfg' ] ; then
        exec sg vyattacfg -c "/bin/vbash $(readlink -f $0) $@"
    fi
  
    # Configuration items start here
  
    configure
    set system host-name 's3'
  
  
    set interfaces bridge br0 description 'Global Switch Bridge'
    set interfaces bridge br0 enable-vlan
  
    set interfaces bridge br0 vif 1000
  
    set interfaces dummy dum0 address 10.0.0.8/32
  
  
  
    set interfaces ethernet eth1 description 's3 -> s2'
  
    set interfaces ethernet eth1 mtu 1600
  
    set interfaces ethernet eth1 address 10.1.0.6/30
  
  
  
  
  
    set interfaces ethernet eth2 description 's3 -> s1'
  
    set interfaces ethernet eth2 mtu 1600
  
    set interfaces ethernet eth2 address 10.1.0.10/30
  
  
  
  
  
  
  
  
  
  
  
  
    set interfaces bridge br0 vif 1000 description 'VLAN red (1000) -> [h1,s1,h2,s2,h3]'
  
  
  
  
  
  
    set service lldp interface all
    set service lldp interface eth0 disable
  
  
  
    # Commit, save and exit from subshell
  
    commit
    save
    exit
  
    # Restart FRR to pick up the new hostname
    sudo service frr restart

TASK [Find configuration deployment deploy_script for initial] *****************
ok: [h1]
ok: [h2]
ok: [h3]
ok: [h4]
ok: [h5]
ok: [s1]
ok: [s2]
ok: [s3]

TASK [Deploy initial configuration] ********************************************
included: /home/pipi/net101/tools/netsim/ansible/tasks/deploy-config/linux.yml for h1, h2, h3, h4, h5
included: /home/pipi/net101/tools/netsim/ansible/tasks/deploy-config/vyos.yml for s1, s2, s3

TASK [template] ****************************************************************
changed: [h1]
changed: [h3]
changed: [h5]
changed: [h4]
changed: [h2]

TASK [Execute /tmp/config.sh to deploy initial config from /home/pipi/net101/tools/netsim/ansible/templates/initial/linux.j2] ***
changed: [h4]
changed: [h1]
changed: [h2]
changed: [h3]
changed: [h5]

TASK [wait_for_connection] *****************************************************
skipping: [s1]
skipping: [s2]
skipping: [s3]

TASK [wait_for] ****************************************************************
skipping: [s1]
skipping: [s2]
skipping: [s3]

TASK [set_fact] ****************************************************************
ok: [s1]
ok: [s2]
ok: [s3]

TASK [set_fact] ****************************************************************
ok: [s1]
ok: [s2]
ok: [s3]

TASK [template] ****************************************************************
changed: [s2]
changed: [s3]
changed: [s1]

TASK [execute config-initial.sh to deploy initial config from /home/pipi/net101/tools/netsim/ansible/templates/initial/vyos.j2] ***
changed: [s3]
changed: [s2]
changed: [s1]

PLAY [Deploy module-specific configurations] ***********************************

TASK [Set variables that cannot be set with VARS] ******************************
ok: [s1]
ok: [s2]
ok: [s3]

TASK [Deploy individual configuration modules] *********************************
included: /home/pipi/net101/tools/netsim/ansible/tasks/deploy-module.yml for s1, s2, s3 => (item=vlan)
included: /home/pipi/net101/tools/netsim/ansible/tasks/deploy-module.yml for s1, s2, s3 => (item=ospf)
included: /home/pipi/net101/tools/netsim/ansible/tasks/deploy-module.yml for s1, s2, s3 => (item=vxlan)

TASK [Figure out whether to deploy the module vlan on current device] **********
ok: [s1]
ok: [s2]
ok: [s3]

TASK [Find configuration template for vlan] ************************************
ok: [s1]
ok: [s2]
ok: [s3]

TASK [Print deployed configuration when running in verbose mode] ***************
ok: [s1] => 
  msg: |-
    vlan configuration for s1
    =========================================
    #!/bin/vbash
    source /opt/vyatta/etc/functions/script-template
  
    if [ "$(id -g -n)" != 'vyattacfg' ] ; then
        exec sg vyattacfg -c "/bin/vbash $(readlink -f $0) $@"
    fi
  
    # Configuration items start here
    configure
  
    set interfaces bridge br0 member interface eth3 native-vlan 1000
    set interfaces bridge br0 member interface eth4 native-vlan 1001
  
    # Commit, save and exit from subshell
  
    commit
    save
    exit
ok: [s2] => 
  msg: |-
    vlan configuration for s2
    =========================================
    #!/bin/vbash
    source /opt/vyatta/etc/functions/script-template
  
    if [ "$(id -g -n)" != 'vyattacfg' ] ; then
        exec sg vyattacfg -c "/bin/vbash $(readlink -f $0) $@"
    fi
  
    # Configuration items start here
    configure
  
    set interfaces bridge br0 member interface eth3 native-vlan 1000
    set interfaces bridge br0 member interface eth4 native-vlan 1001
  
    # Commit, save and exit from subshell
  
    commit
    save
    exit
ok: [s3] => 
  msg: |-
    vlan configuration for s3
    =========================================
    #!/bin/vbash
    source /opt/vyatta/etc/functions/script-template
  
    if [ "$(id -g -n)" != 'vyattacfg' ] ; then
        exec sg vyattacfg -c "/bin/vbash $(readlink -f $0) $@"
    fi
  
    # Configuration items start here
    configure
  
    set interfaces bridge br0 member interface eth3 native-vlan 1000
  
    # Commit, save and exit from subshell
  
    commit
    save
    exit

TASK [Find configuration deployment deploy_script for vlan] ********************
ok: [s1]
ok: [s2]
ok: [s3]

TASK [Deploy vlan configuration] ***********************************************
included: /home/pipi/net101/tools/netsim/ansible/tasks/deploy-config/vyos.yml for s1, s2, s3

TASK [wait_for_connection] *****************************************************
skipping: [s1]
skipping: [s2]
skipping: [s3]

TASK [wait_for] ****************************************************************
skipping: [s1]
skipping: [s2]
skipping: [s3]

TASK [set_fact] ****************************************************************
ok: [s1]
ok: [s2]
ok: [s3]

TASK [set_fact] ****************************************************************
ok: [s1]
ok: [s2]
ok: [s3]

TASK [template] ****************************************************************
changed: [s2]
changed: [s3]
changed: [s1]

TASK [execute config-vlan.sh to deploy vlan config from /home/pipi/net101/tools/netsim/ansible/templates/vlan/vyos.j2] ***
changed: [s3]
changed: [s2]
changed: [s1]

TASK [Figure out whether to deploy the module ospf on current device] **********
ok: [s1]
ok: [s2]
ok: [s3]

TASK [Find configuration template for ospf] ************************************
ok: [s1]
ok: [s2]
ok: [s3]

TASK [Print deployed configuration when running in verbose mode] ***************
ok: [s1] => 
  msg: |-
    ospf configuration for s1
    =========================================
    #!/bin/vbash
    source /opt/vyatta/etc/functions/script-template
  
    if [ "$(id -g -n)" != 'vyattacfg' ] ; then
        exec sg vyattacfg -c "/bin/vbash $(readlink -f $0) $@"
    fi
  
    # Configuration items start here
  
    configure
  
  
    set protocols ospf parameters router-id 10.0.0.6
  
  
  
  
    set protocols ospf interface dum0 passive
    set protocols ospf interface dum0 area 0.0.0.0
  
  
    set protocols ospf interface eth1 area 0.0.0.0
  
    set protocols ospf interface eth1 network point-to-point
  
  
  
    set protocols ospf interface eth2 area 0.0.0.0
  
    set protocols ospf interface eth2 network point-to-point
  
  
  
    set protocols ospf interface dum1 area 0.0.0.0
  
  
  
  
    commit
    save
    exit
ok: [s2] => 
  msg: |-
    ospf configuration for s2
    =========================================
    #!/bin/vbash
    source /opt/vyatta/etc/functions/script-template
  
    if [ "$(id -g -n)" != 'vyattacfg' ] ; then
        exec sg vyattacfg -c "/bin/vbash $(readlink -f $0) $@"
    fi
  
    # Configuration items start here
  
    configure
  
  
    set protocols ospf parameters router-id 10.0.0.7
  
  
  
  
    set protocols ospf interface dum0 passive
    set protocols ospf interface dum0 area 0.0.0.0
  
  
    set protocols ospf interface eth1 area 0.0.0.0
  
    set protocols ospf interface eth1 network point-to-point
  
  
  
    set protocols ospf interface eth2 area 0.0.0.0
  
    set protocols ospf interface eth2 network point-to-point
  
  
  
    set protocols ospf interface dum1 area 0.0.0.0
  
  
  
  
    commit
    save
    exit
ok: [s3] => 
  msg: |-
    ospf configuration for s3
    =========================================
    #!/bin/vbash
    source /opt/vyatta/etc/functions/script-template
  
    if [ "$(id -g -n)" != 'vyattacfg' ] ; then
        exec sg vyattacfg -c "/bin/vbash $(readlink -f $0) $@"
    fi
  
    # Configuration items start here
  
    configure
  
  
    set protocols ospf parameters router-id 10.0.0.8
  
  
  
  
    set protocols ospf interface dum0 passive
    set protocols ospf interface dum0 area 0.0.0.0
  
  
    set protocols ospf interface eth1 area 0.0.0.0
  
    set protocols ospf interface eth1 network point-to-point
  
  
  
    set protocols ospf interface eth2 area 0.0.0.0
  
    set protocols ospf interface eth2 network point-to-point
  
  
  
    commit
    save
    exit

TASK [Find configuration deployment deploy_script for ospf] ********************
ok: [s1]
ok: [s2]
ok: [s3]

TASK [Deploy ospf configuration] ***********************************************
included: /home/pipi/net101/tools/netsim/ansible/tasks/deploy-config/vyos.yml for s1, s2, s3

TASK [wait_for_connection] *****************************************************
skipping: [s1]
skipping: [s2]
skipping: [s3]

TASK [wait_for] ****************************************************************
skipping: [s1]
skipping: [s2]
skipping: [s3]

TASK [set_fact] ****************************************************************
ok: [s1]
ok: [s2]
ok: [s3]

TASK [set_fact] ****************************************************************
ok: [s1]
ok: [s2]
ok: [s3]

TASK [template] ****************************************************************
changed: [s1]
changed: [s2]
changed: [s3]

TASK [execute config-ospf.sh to deploy ospf config from /home/pipi/net101/tools/netsim/ansible/templates/ospf/vyos.j2] ***
changed: [s3]
changed: [s1]
changed: [s2]

TASK [Figure out whether to deploy the module vxlan on current device] *********
ok: [s1]
ok: [s2]
ok: [s3]

TASK [Find configuration template for vxlan] ***********************************
ok: [s1]
ok: [s2]
ok: [s3]

TASK [Print deployed configuration when running in verbose mode] ***************
ok: [s1] => 
  msg: |-
    vxlan configuration for s1
    =========================================
    #!/bin/vbash
    source /opt/vyatta/etc/functions/script-template
  
    if [ "$(id -g -n)" != 'vyattacfg' ] ; then
        exec sg vyattacfg -c "/bin/vbash $(readlink -f $0) $@"
    fi
  
    # Configuration items start here
    configure
  
  
    # Create VXLAN interface
    set interfaces vxlan vxlan101000 vni 101000
    set interfaces vxlan vxlan101000 source-address 172.16.0.6
    # And set UDP port to 4789
    set interfaces vxlan vxlan101000 port 4789
  
    # Add it to the global bridge
    ## NOTE: in the future we may want to switch to one-bridge-per-vni
    ##   (still to understand if single bridge can work with EVPN controlled VXLAN)
    set interfaces bridge br0 member interface vxlan101000 native-vlan 1000
  
    # Add VTEP Flood list
    set interfaces vxlan vxlan101000 remote 172.16.1.7
    set interfaces vxlan vxlan101000 remote 10.0.0.8
  
    # If flooding is based on EVPN, set 'parameters nolearning'
  
  
    # Create VXLAN interface
    set interfaces vxlan vxlan101001 vni 101001
    set interfaces vxlan vxlan101001 source-address 172.16.0.6
    # And set UDP port to 4789
    set interfaces vxlan vxlan101001 port 4789
  
    # Add it to the global bridge
    ## NOTE: in the future we may want to switch to one-bridge-per-vni
    ##   (still to understand if single bridge can work with EVPN controlled VXLAN)
    set interfaces bridge br0 member interface vxlan101001 native-vlan 1001
  
    # Add VTEP Flood list
    set interfaces vxlan vxlan101001 remote 172.16.1.7
  
    # If flooding is based on EVPN, set 'parameters nolearning'
  
  
    # Commit, save and exit from subshell
  
    commit
    save
    exit
ok: [s2] => 
  msg: |-
    vxlan configuration for s2
    =========================================
    #!/bin/vbash
    source /opt/vyatta/etc/functions/script-template
  
    if [ "$(id -g -n)" != 'vyattacfg' ] ; then
        exec sg vyattacfg -c "/bin/vbash $(readlink -f $0) $@"
    fi
  
    # Configuration items start here
    configure
  
  
    # Create VXLAN interface
    set interfaces vxlan vxlan101000 vni 101000
    set interfaces vxlan vxlan101000 source-address 172.16.1.7
    # And set UDP port to 4789
    set interfaces vxlan vxlan101000 port 4789
  
    # Add it to the global bridge
    ## NOTE: in the future we may want to switch to one-bridge-per-vni
    ##   (still to understand if single bridge can work with EVPN controlled VXLAN)
    set interfaces bridge br0 member interface vxlan101000 native-vlan 1000
  
    # Add VTEP Flood list
    set interfaces vxlan vxlan101000 remote 172.16.0.6
    set interfaces vxlan vxlan101000 remote 10.0.0.8
  
    # If flooding is based on EVPN, set 'parameters nolearning'
  
  
    # Create VXLAN interface
    set interfaces vxlan vxlan101001 vni 101001
    set interfaces vxlan vxlan101001 source-address 172.16.1.7
    # And set UDP port to 4789
    set interfaces vxlan vxlan101001 port 4789
  
    # Add it to the global bridge
    ## NOTE: in the future we may want to switch to one-bridge-per-vni
    ##   (still to understand if single bridge can work with EVPN controlled VXLAN)
    set interfaces bridge br0 member interface vxlan101001 native-vlan 1001
  
    # Add VTEP Flood list
    set interfaces vxlan vxlan101001 remote 172.16.0.6
  
    # If flooding is based on EVPN, set 'parameters nolearning'
  
  
    # Commit, save and exit from subshell
  
    commit
    save
    exit
ok: [s3] => 
  msg: |-
    vxlan configuration for s3
    =========================================
    #!/bin/vbash
    source /opt/vyatta/etc/functions/script-template
  
    if [ "$(id -g -n)" != 'vyattacfg' ] ; then
        exec sg vyattacfg -c "/bin/vbash $(readlink -f $0) $@"
    fi
  
    # Configuration items start here
    configure
  
  
    # Create VXLAN interface
    set interfaces vxlan vxlan101000 vni 101000
    set interfaces vxlan vxlan101000 source-address 10.0.0.8
    # And set UDP port to 4789
    set interfaces vxlan vxlan101000 port 4789
  
    # Add it to the global bridge
    ## NOTE: in the future we may want to switch to one-bridge-per-vni
    ##   (still to understand if single bridge can work with EVPN controlled VXLAN)
    set interfaces bridge br0 member interface vxlan101000 native-vlan 1000
  
    # Add VTEP Flood list
    set interfaces vxlan vxlan101000 remote 172.16.0.6
    set interfaces vxlan vxlan101000 remote 172.16.1.7
  
    # If flooding is based on EVPN, set 'parameters nolearning'
  
  
    # Commit, save and exit from subshell
  
    commit
    save
    exit

TASK [Find configuration deployment deploy_script for vxlan] *******************
ok: [s1]
ok: [s2]
ok: [s3]

TASK [Deploy vxlan configuration] **********************************************
included: /home/pipi/net101/tools/netsim/ansible/tasks/deploy-config/vyos.yml for s1, s2, s3

TASK [wait_for_connection] *****************************************************
skipping: [s1]
skipping: [s2]
skipping: [s3]

TASK [wait_for] ****************************************************************
skipping: [s1]
skipping: [s2]
skipping: [s3]

TASK [set_fact] ****************************************************************
ok: [s1]
ok: [s2]
ok: [s3]

TASK [set_fact] ****************************************************************
ok: [s1]
ok: [s2]
ok: [s3]

TASK [template] ****************************************************************
changed: [s2]
changed: [s3]
changed: [s1]

TASK [execute config-vxlan.sh to deploy vxlan config from /home/pipi/net101/tools/netsim/ansible/templates/vxlan/vyos.j2] ***
changed: [s3]
changed: [s2]
changed: [s1]

PLAY [Deploy custom deployment templates] **************************************
skipping: no hosts matched

PLAY RECAP *********************************************************************
h1                         : ok=10   changed=2    unreachable=0    failed=0    skipped=1    rescued=0    ignored=0   
h2                         : ok=10   changed=2    unreachable=0    failed=0    skipped=1    rescued=0    ignored=0   
h3                         : ok=10   changed=2    unreachable=0    failed=0    skipped=1    rescued=0    ignored=0   
h4                         : ok=10   changed=2    unreachable=0    failed=0    skipped=1    rescued=0    ignored=0   
h5                         : ok=10   changed=2    unreachable=0    failed=0    skipped=1    rescued=0    ignored=0   
s1                         : ok=43   changed=8    unreachable=0    failed=0    skipped=9    rescued=0    ignored=0   
s2                         : ok=43   changed=8    unreachable=0    failed=0    skipped=9    rescued=0    ignored=0   
s3                         : ok=43   changed=8    unreachable=0    failed=0    skipped=9    rescued=0    ignored=0   



This scenario (similar to vxlan-bridging) tests device
support for alternate VTEP endpoints.

* h1, h2 and h3 should be able to ping each other
* h4 and h5 should be able to ping each other

Please note it might take a while for the lab to work due to
STP learning phase

