08:25:56 INFO Parsing & checking topology file=clab-augment.yml
08:25:56 INFO Parsing & checking topology file=clab-augment.yml
08:25:56 INFO Destroying lab name=ml-17
08:25:56 INFO Removed container name=clab-ml-17-h4
08:25:57 INFO Removed container name=clab-ml-17-h2
08:25:57 INFO Removed container name=clab-ml-17-h1
08:25:57 INFO Removed container name=clab-ml-17-h3a
08:25:57 INFO Removed container name=clab-ml-17-h3
08:25:57 INFO Removed container name=clab-ml-17-h1a
08:25:57 INFO Removed container name=clab-ml-17-s2
08:25:57 INFO Removing host entries path=/etc/hosts
08:25:57 INFO Removing SSH config path=/etc/ssh/ssh_config.d/clab-ml-17.conf
[fog][WARNING] Unrecognized arguments: libvirt_ip_command
==> dut: Removing domain...
==> dut: Deleting the machine folder
Checking virtualization provider installation
OK: libvirt installed and working correctly
OK: clab installed and working correctly
Stopping clab nodes

Stopping libvirt nodes
Cleanup configuration files
... removing Vagrantfile
... removing clab-augment.yml
... removing ansible.cfg
... removing hosts.yml
... removing directory tree group_vars
... removing directory tree host_vars
... removing directory tree node_files
... removing netlab.snapshot.yml
... removing netlab.snapshot.pickle
