Warning in ospf: x1 does not use ospf on any non-loopback interface or VRF
... It has been removed from the list of modules active on x1
Created provider configuration file: Vagrantfile
Creating configuration file for secondary provider clab
Created provider configuration file: clab-augment.yml
Mapped clab_files/rc/daemons to rc:/etc/frr/daemons (from templates/provider/clab/frr/daemons.j2)
Mapped clab_files/rc/hosts to rc:/etc/hosts (from templates/provider/clab/frr/hosts.j2)
Mapped clab_files/r2/daemons to r2:/etc/frr/daemons (from templates/provider/clab/frr/daemons.j2)
Mapped clab_files/r2/hosts to r2:/etc/hosts (from templates/provider/clab/frr/hosts.j2)
Mapped clab_files/x1/daemons to x1:/etc/frr/daemons (from templates/provider/clab/frr/daemons.j2)
Mapped clab_files/x1/hosts to x1:/etc/hosts (from templates/provider/clab/frr/hosts.j2)
Created transformed topology dump in YAML format in netlab.snapshot.yml
Created group_vars for all
Created group_vars for modules
Created group_vars for custom_configs
Created group_vars for routeros7
Created host_vars for dut
Created group_vars for frr
Created host_vars for rc
Created host_vars for r2
Created host_vars for x1
Created minimized Ansible inventory hosts.yml
Created Ansible configuration file: ansible.cfg
