[WARNING]: Could not match supplied host pattern, ignoring: unprovisioned

PLAY [Deploy initial device configuration] *************************************

TASK [Set variables that cannot be set with VARS] ******************************
ok: [x1]
ok: [r2]
ok: [dut]

TASK [Find device readiness script] ********************************************
ok: [x1]
ok: [r2]
ok: [dut]

TASK [Wait for device to become ready] *****************************************
skipping: [x1]
skipping: [r2]
included: /home/pipi/net101/tools/netsim/ansible/tasks/readiness-check/eos-clab.yml for dut

TASK [Wait for cEOS SSH daemon to start] ***************************************
ok: [dut]

TASK [Deploy initial configuration] ********************************************
included: /home/pipi/net101/tools/netsim/ansible/tasks/deploy-module.yml for dut, x1, r2

TASK [Figure out whether to deploy the module initial on current device] *******
ok: [x1]
ok: [r2]
ok: [dut]

TASK [Find configuration template for initial] *********************************
ok: [x1]
ok: [r2]
ok: [dut]

TASK [Print deployed configuration when running in verbose mode] ***************
ok: [x1] => 
  msg: |-
    initial configuration for x1
    =========================================
    #!/bin/bash
    #
    set -e
    set -x
    #
    # Create bash profile script
    #
    cat <<SCRIPT >/root/.bash_profile
    #!/bin/bash
    #
    export PS1="\h(bash)#"
    echo "Use vtysh to connect to FRR daemon"
    echo
    SCRIPT
    #
    # Build hosts file
    #
    echo "# Created by netlab initial" >>/tmp/hosts
    echo "10.0.0.1 10.1.0.1 10.1.0.5 dut" >>/tmp/hosts
    echo "10.0.0.2 10.1.0.6 r2" >>/tmp/hosts
    echo "10.0.0.3 10.1.0.2 10.42.42.3 x1" >>/tmp/hosts
    grep "Created by netlab" /etc/hosts || uniq /tmp/hosts|sort >>/etc/hosts
  
    #
    # Get the current next hop for the default route
    #
    def_nh=$(ip route list default|awk '{ print $3 }')
    #
    # Create the management VRF and add eth0 to it
    #
    if [ ! -e /sys/devices/virtual/net/mgmt ]; then
      ip link add mgmt type vrf table 42
    fi
    ip link set mgmt up
    sysctl -qw net.ipv6.conf.eth0.keep_addr_on_down=1
    ip link set eth0 master mgmt
    #
    # Reinstall the default route if we had it before
    #
    if [[ -n "$def_nh" ]]; then
      ip route add 0.0.0.0/0 vrf mgmt via $def_nh
    fi
    #
    # Enable FRR modules (if not using containerlab bind-mounted /etc/frr/daemons)
    #
  
    #
    # Create loopbacks and stub devices
    #
    if [ ! -e /sys/class/net/lo ]; then
      if [ ! -e /sys/devices/virtual/net/lo ]; then
        ip link add lo type dummy
        ip link set dev lo up
      fi
    fi
    if [ ! -e /sys/class/net/eth2 ]; then
      if [ ! -e /sys/devices/virtual/net/eth2 ]; then
        ip link add eth2 type dummy
        ip link set dev eth2 up
      fi
    fi
  
    # Disable IPv6 (for IPv4-only interfaces) or SLAAC (if the device is a router)
    #
    sysctl -qw net.ipv6.conf.eth1.disable_ipv6=1
    sysctl -qw net.ipv6.conf.eth2.disable_ipv6=1
  
    #
    # Add vtysh.conf file
    echo "service integrated-vtysh-config" >/etc/frr/vtysh.conf
    #
    # Set Ethernet interface MTU
    ip link set eth1 mtu 1500
    ip link set eth2 mtu 1500
    #
    # Rest of initial configuration done through VTYSH
    #
    cat >/tmp/config <<CONFIG
    hostname x1
    !
    vrf mgmt
     exit-vrf
    !
    frr defaults datacenter
    !
    interface lo
     no shutdown
     ip address 10.0.0.3/32
    !
    interface eth1
     no shutdown
     description x1 -> dut [external]
     ip address 10.1.0.2/30
    !
    interface eth2
     no shutdown
     description x1 -> stub [stub]
     ip address 10.42.42.3/24
    !
    do write
    CONFIG
    vtysh -f /tmp/config
    exit 0
ok: [r2] => 
  msg: |-
    initial configuration for r2
    =========================================
    #!/bin/bash
    #
    set -e
    set -x
    #
    # Create bash profile script
    #
    cat <<SCRIPT >/root/.bash_profile
    #!/bin/bash
    #
    export PS1="\h(bash)#"
    echo "Use vtysh to connect to FRR daemon"
    echo
    SCRIPT
    #
    # Build hosts file
    #
    echo "# Created by netlab initial" >>/tmp/hosts
    echo "10.0.0.1 10.1.0.1 10.1.0.5 dut" >>/tmp/hosts
    echo "10.0.0.2 10.1.0.6 r2" >>/tmp/hosts
    echo "10.0.0.3 10.1.0.2 10.42.42.3 x1" >>/tmp/hosts
    grep "Created by netlab" /etc/hosts || uniq /tmp/hosts|sort >>/etc/hosts
  
    #
    # Get the current next hop for the default route
    #
    def_nh=$(ip route list default|awk '{ print $3 }')
    #
    # Create the management VRF and add eth0 to it
    #
    if [ ! -e /sys/devices/virtual/net/mgmt ]; then
      ip link add mgmt type vrf table 42
    fi
    ip link set mgmt up
    sysctl -qw net.ipv6.conf.eth0.keep_addr_on_down=1
    ip link set eth0 master mgmt
    #
    # Reinstall the default route if we had it before
    #
    if [[ -n "$def_nh" ]]; then
      ip route add 0.0.0.0/0 vrf mgmt via $def_nh
    fi
    #
    # Enable FRR modules (if not using containerlab bind-mounted /etc/frr/daemons)
    #
  
    #
    # Create loopbacks and stub devices
    #
    if [ ! -e /sys/class/net/lo ]; then
      if [ ! -e /sys/devices/virtual/net/lo ]; then
        ip link add lo type dummy
        ip link set dev lo up
      fi
    fi
  
    # Disable IPv6 (for IPv4-only interfaces) or SLAAC (if the device is a router)
    #
    sysctl -qw net.ipv6.conf.eth1.disable_ipv6=1
  
    #
    # Add vtysh.conf file
    echo "service integrated-vtysh-config" >/etc/frr/vtysh.conf
    #
    # Set Ethernet interface MTU
    ip link set eth1 mtu 1500
    #
    # Rest of initial configuration done through VTYSH
    #
    cat >/tmp/config <<CONFIG
    hostname r2
    !
    vrf mgmt
     exit-vrf
    !
    frr defaults datacenter
    !
    interface lo
     no shutdown
     ip address 10.0.0.2/32
    !
    interface eth1
     no shutdown
     description r2 -> dut
     ip address 10.1.0.6/30
    !
    do write
    CONFIG
    vtysh -f /tmp/config
    exit 0
ok: [dut] => 
  msg: |-
    initial configuration for dut
    =========================================
    hostname dut
    !
    logging monitor debugging
    !
    lldp run
    ip routing
    !
    !
    ip host r2 10.0.0.2 10.1.0.6
    ip host x1 10.0.0.3 10.1.0.2 10.42.42.3
    !
    interface Management0
     no lldp transmit
     no lldp receive
    !
    interface Loopback0
     no shutdown
     ip address 10.0.0.1/32
    !
    interface Ethernet1
     no shutdown
     no switchport
     description dut -> x1 [external]
     ip address 10.1.0.1/30
    !
     mac-address 52dc.cafe.0101
    !
    interface Ethernet2
     no shutdown
     no switchport
     description dut -> r2
     ip address 10.1.0.5/30
    !
     mac-address 52dc.cafe.0102
    !

TASK [Find configuration deployment deploy_script for initial] *****************
ok: [x1]
ok: [r2]
ok: [dut]

TASK [Deploy initial configuration] ********************************************
included: /home/pipi/net101/tools/netsim/ansible/tasks/deploy-config/eos.yml for dut
included: /home/pipi/net101/tools/netsim/ansible/tasks/frr/initial-clab.yml for x1, r2

TASK [eos_config: deploying initial from /home/pipi/net101/tools/netsim/ansible/templates/initial/eos.j2] ***
[WARNING]: To ensure idempotency and correct diff the input configuration lines
should be similar to how they appear if present in the running configuration on
device including the indentation
changed: [dut]

TASK [Attempt to load VRF kernel module] ***************************************
changed: [r2 -> localhost]
changed: [x1 -> localhost]

TASK [Disable FRR management VRF when modprobe fails] **************************
skipping: [x1]
skipping: [r2]

TASK [include_tasks] ***********************************************************
included: /home/pipi/net101/tools/netsim/ansible/tasks/frr/deploy-config.yml for x1, r2

TASK [template] ****************************************************************
changed: [x1]
changed: [r2]

TASK [set_fact] ****************************************************************
ok: [x1]
ok: [r2]

TASK [run /tmp/config.sh to deploy initial config from /home/pipi/net101/tools/netsim/ansible/templates/initial/frr.j2] ***
changed: [r2]
changed: [x1]

TASK [run vtysh to import initial config from /home/pipi/net101/tools/netsim/ansible/templates/initial/frr.j2] ***
skipping: [x1]
skipping: [r2]

PLAY [Deploy module-specific configurations] ***********************************

TASK [Set variables that cannot be set with VARS] ******************************
ok: [r2]
ok: [x1]
ok: [dut]

TASK [Deploy individual configuration modules] *********************************
included: /home/pipi/net101/tools/netsim/ansible/tasks/deploy-module.yml for dut, r2, x1 => (item=routing)
included: /home/pipi/net101/tools/netsim/ansible/tasks/deploy-module.yml for dut, r2, x1 => (item=bgp)
included: /home/pipi/net101/tools/netsim/ansible/tasks/deploy-module.yml for dut, r2, x1 => (item=ospf)

TASK [Figure out whether to deploy the module routing on current device] *******
ok: [r2]
ok: [x1]
ok: [dut]

TASK [Find configuration template for routing] *********************************
skipping: [r2]
skipping: [x1]
ok: [dut]

TASK [Print deployed configuration when running in verbose mode] ***************
skipping: [r2]
skipping: [x1]
ok: [dut] => 
  msg: |-
    routing configuration for dut
    =========================================
    !
    !
    route-map i_beacon-ipv4 permit 10
      set metric 50
      match ip address prefix-list p_beacon-ipv4
    !
    ! IPv4 prefix lists
    !
    !
    ip prefix-list p_beacon-ipv4 seq 10 permit 10.42.42.0/24
    !
    ! AS-path access lists
    !

TASK [Find configuration deployment deploy_script for routing] *****************
skipping: [r2]
skipping: [x1]
ok: [dut]

TASK [Deploy routing configuration] ********************************************
skipping: [r2]
skipping: [x1]
included: /home/pipi/net101/tools/netsim/ansible/tasks/deploy-config/eos.yml for dut

TASK [eos_config: deploying routing from /home/pipi/net101/tools/netsim/ansible/templates/routing/eos.j2] ***
changed: [dut]

TASK [Figure out whether to deploy the module bgp on current device] ***********
ok: [r2]
ok: [x1]
ok: [dut]

TASK [Find configuration template for bgp] *************************************
skipping: [r2]
ok: [x1]
ok: [dut]

TASK [Print deployed configuration when running in verbose mode] ***************
skipping: [r2]
ok: [x1] => 
  msg: |-
    bgp configuration for x1
    =========================================
    !
    router bgp 65100
      no bgp ebgp-requires-policy
      no bgp default ipv4-unicast
      bgp default show-hostname
      bgp default show-nexthop-hostname
  
      ! Consider AS paths of same length but with different AS as ECMP candidates
      bgp bestpath as-path multipath-relax
  
      bgp router-id 10.0.0.3
    !
      neighbor 10.1.0.1 remote-as 65000
      neighbor 10.1.0.1 description dut
    !
     address-family ipv4 unicast
    !
  
    !
      network 10.0.0.3/32
    !
      network 10.42.42.0/24
    !
    !
      neighbor 10.1.0.1 activate
      no neighbor 10.1.0.1 send-community all
      neighbor 10.1.0.1 send-community standard
      neighbor 10.1.0.1 send-community large
    !
    !
    !
    do write
ok: [dut] => 
  msg: |-
    bgp configuration for dut
    =========================================
    !
    !
    router bgp 65000
      bgp advertise-inactive
      bgp log-neighbor-changes
      no bgp default ipv4-unicast
      no bgp default ipv6-unicast
      router-id 10.0.0.1
    !
      neighbor 10.1.0.2 remote-as 65100
      neighbor 10.1.0.2 description x1
      neighbor 10.1.0.2 send-community standard large
    !
    !
     address-family ipv4
  
      network 10.0.0.1/32
    !
    !
    !
      neighbor 10.1.0.2 activate
    !

TASK [Find configuration deployment deploy_script for bgp] *********************
skipping: [r2]
ok: [x1]
ok: [dut]

TASK [Deploy bgp configuration] ************************************************
skipping: [r2]
included: /home/pipi/net101/tools/netsim/ansible/tasks/deploy-config/eos.yml for dut
included: /home/pipi/net101/tools/netsim/ansible/tasks/deploy-config/frr.yml for x1

TASK [eos_config: deploying bgp from /home/pipi/net101/tools/netsim/ansible/templates/bgp/eos.j2] ***
changed: [dut]

TASK [template] ****************************************************************
changed: [x1]

TASK [set_fact] ****************************************************************
ok: [x1]

TASK [run /tmp/config.sh to deploy bgp config from /home/pipi/net101/tools/netsim/ansible/templates/bgp/frr.j2] ***
skipping: [x1]

TASK [run vtysh to import bgp config from /home/pipi/net101/tools/netsim/ansible/templates/bgp/frr.j2] ***
changed: [x1]

TASK [Figure out whether to deploy the module ospf on current device] **********
ok: [r2]
ok: [x1]
ok: [dut]

TASK [Find configuration template for ospf] ************************************
skipping: [x1]
ok: [r2]
ok: [dut]

TASK [Print deployed configuration when running in verbose mode] ***************
skipping: [x1]
ok: [r2] => 
  msg: |-
    ospf configuration for r2
    =========================================
    !
    ! OSPFv2 FRR configuration
    !
    router ospf
     ospf router-id 10.0.0.2
     timers throttle spf 10 50 500
     timers throttle lsa all 100
     timers lsa min-arrival 100
  
  
    exit
    !
    interface lo
    !
     ip ospf area 0.0.0.0
    !
    interface eth1
    ! r2 -> dut
     ip ospf area 0.0.0.0
     ip ospf network point-to-point
    !
  
    !
    do write
ok: [dut] => 
  msg: |-
    ospf configuration for dut
    =========================================
    !
    ! OSPFv2 configuration
    !
    router ospf 1
     router-id 10.0.0.1
     interface unnumbered hello mask tx 0.0.0.0
     timers spf delay initial 100 200 500
     timers lsa rx min interval 100
     timers lsa tx delay initial 100 200 500
  
      redistribute bgp route-map i_beacon-ipv4
  
    !
    interface Loopback0
    !
     ip ospf area 0.0.0.0
    !
    interface Ethernet2
    ! dut -> r2
     ip ospf area 0.0.0.0
     ip ospf network point-to-point
    !

TASK [Find configuration deployment deploy_script for ospf] ********************
skipping: [x1]
ok: [r2]
ok: [dut]

TASK [Deploy ospf configuration] ***********************************************
skipping: [x1]
included: /home/pipi/net101/tools/netsim/ansible/tasks/deploy-config/eos.yml for dut
included: /home/pipi/net101/tools/netsim/ansible/tasks/deploy-config/frr.yml for r2

TASK [eos_config: deploying ospf from /home/pipi/net101/tools/netsim/ansible/templates/ospf/eos.j2] ***
changed: [dut]

TASK [template] ****************************************************************
changed: [r2]

TASK [set_fact] ****************************************************************
ok: [r2]

TASK [run /tmp/config.sh to deploy ospf config from /home/pipi/net101/tools/netsim/ansible/templates/ospf/frr.j2] ***
skipping: [r2]

TASK [run vtysh to import ospf config from /home/pipi/net101/tools/netsim/ansible/templates/ospf/frr.j2] ***
changed: [r2]

PLAY [Deploy custom deployment templates] **************************************
skipping: no hosts matched

PLAY RECAP *********************************************************************
dut                        : ok=33   changed=4    unreachable=0    failed=0    skipped=0    rescued=0    ignored=0   
r2                         : ok=27   changed=5    unreachable=0    failed=0    skipped=12   rescued=0    ignored=0   
x1                         : ok=27   changed=5    unreachable=0    failed=0    skipped=12   rescued=0    ignored=0   



This lab tests the simple import of IPv4 BGP routes into OSPF via a route-map

