 [INFO] Creating configuration snippets
[CREATED] dut: normalize,initial,ospf,bgp,vrf
[CREATED] p1: initial,ospf
[CREATED] p2: initial,ospf
[CREATED] xf: initial,bgp
 [INFO] Checking SSH servers on dut
 [INFO] Executing normalize configuration for node dut
 [INFO] Executing initial configuration for node p1
 [INFO] Executing initial configuration for node p2
 [INFO] Executing initial configuration for node xf
 [INFO] Executing ospf configuration for node p1
 [INFO] Executing ospf configuration for node p2
 [INFO] Executing bgp configuration for node xf
 [INFO] Executing initial configuration for node dut
 [INFO] Executing ospf configuration for node dut
 [INFO] Executing bgp configuration for node dut
 [INFO] Executing vrf configuration for node dut

Results of configuration script deployments
================================================================================
dut                          OK: 5   
p1                           OK: 2   
p2                           OK: 2   
xf                           OK: 2   


This lab tests the VRF OSPF default route origination. The device under test
should originate the default route in multiple VRFs, one always, the other one
based on BGP default route.

