06:52:20 INFO Parsing & checking topology file=clab.yml
06:52:20 INFO Parsing & checking topology file=clab.yml
06:52:20 INFO Destroying lab name=ml-17
06:52:21 INFO Removed container name=clab-ml-17-r12
06:52:21 INFO Removed container name=clab-ml-17-v1
06:52:21 INFO Removed container name=clab-ml-17-r22
06:52:21 INFO Removed container name=clab-ml-17-v2
06:52:21 INFO Removed container name=clab-ml-17-rb
06:52:21 INFO Removed container name=clab-ml-17-r21
06:52:22 INFO Removed container name=clab-ml-17-r11
06:52:22 INFO Removed container name=clab-ml-17-dut
06:52:22 INFO Removing host entries path=/etc/hosts
06:52:22 INFO Removing SSH config path=/etc/ssh/ssh_config.d/clab-ml-17.conf
Checking virtualization provider installation
OK: clab installed and working correctly
Stopping clab nodes
Cleanup configuration files
... removing clab.yml
... removing ansible.cfg
... removing hosts.yml
... removing directory tree group_vars
... removing directory tree host_vars
... removing directory tree node_files
... removing netlab.snapshot.yml
... removing netlab.snapshot.pickle
