[WARNING]: Could not match supplied host pattern, ignoring: unprovisioned

PLAY [Deploy initial device configuration] *************************************

TASK [Set variables that cannot be set with VARS] ******************************
ok: [r2]
ok: [h1]
ok: [h2]
ok: [h3]
ok: [h4]
ok: [h5]
ok: [r3]
ok: [r1]

TASK [Find device readiness script] ********************************************
ok: [r2]
ok: [h1]
ok: [h2]
ok: [h3]
ok: [h4]
ok: [h5]
ok: [r3]
ok: [r1]

TASK [Wait for device to become ready] *****************************************
skipping: [r2]
skipping: [h1]
skipping: [h2]
skipping: [h3]
skipping: [h4]
skipping: [h5]
skipping: [r1]
skipping: [r3]

TASK [Deploy initial configuration] ********************************************
included: /home/pipi/net101/tools/netsim/ansible/tasks/deploy-module.yml for r2, h1, h2, h3, h4, h5, r1, r3

TASK [Figure out whether to deploy the module initial on current device] *******
ok: [r2]
ok: [h1]
ok: [h2]
ok: [h3]
ok: [h4]
ok: [h5]
ok: [r3]
ok: [r1]

TASK [Find configuration template for initial] *********************************
ok: [r2]
ok: [h1]
ok: [h2]
ok: [h3]
ok: [h4]
ok: [h5]
ok: [r1]
ok: [r3]

TASK [Print deployed configuration when running in verbose mode] ***************
skipping: [r2]
skipping: [h1]
skipping: [h2]
skipping: [h3]
skipping: [h4]
skipping: [h5]
skipping: [r1]
skipping: [r3]

TASK [Find configuration deployment deploy_script for initial] *****************
ok: [r2]
ok: [h1]
ok: [h2]
ok: [h3]
ok: [h4]
ok: [h5]
ok: [r1]
ok: [r3]

TASK [Deploy initial configuration] ********************************************
included: /home/pipi/net101/tools/netsim/ansible/tasks/deploy-config/frr.yml for r2
included: /home/pipi/net101/tools/netsim/ansible/tasks/linux/initial-clab.yml for h1, h2, h3, h4, h5
included: /home/pipi/net101/tools/netsim/ansible/tasks/nxos/initial.yml for r1, r3

TASK [template] ****************************************************************
changed: [r2]

TASK [set_fact] ****************************************************************
ok: [r2]

TASK [run /tmp/config.sh to deploy initial config from /home/pipi/net101/tools/netsim/ansible/templates/initial/frr.j2] ***
changed: [r2]

TASK [run vtysh to import initial config from /home/pipi/net101/tools/netsim/ansible/templates/initial/frr.j2] ***
skipping: [r2]

TASK [set_fact] ****************************************************************
ok: [h1]
ok: [h2]
ok: [h3]
ok: [h4]
ok: [h5]

TASK [Create initial container setup from /home/pipi/net101/tools/netsim/ansible/templates/initial/linux-clab.j2] ***
changed: [h3 -> localhost]
changed: [h1 -> localhost]
changed: [h5 -> localhost]
changed: [h2 -> localhost]
changed: [h4 -> localhost]

TASK [Initial container configuration via /tmp/config-DTHFtpas-h1.sh] **********
changed: [h1 -> localhost]
changed: [h2 -> localhost]
changed: [h4 -> localhost]
changed: [h3 -> localhost]
changed: [h5 -> localhost]

TASK [file] ********************************************************************
changed: [h4 -> localhost]
changed: [h1 -> localhost]
changed: [h2 -> localhost]
changed: [h5 -> localhost]
changed: [h3 -> localhost]

TASK [Wait for Eth1/1 to appear] ***********************************************
ok: [r1]
ok: [r3]

TASK [nxos_config: deploying initial config from /home/pipi/net101/tools/netsim/ansible/templates/initial/nxos.j2] ***
fatal: [r1]: FAILED! => changed=false 
  msg: |-
    vrf member red
                       ^
    % Invalid command at '^' marker.
    r1(config-if)#
fatal: [r3]: FAILED! => changed=false 
  msg: |-
    vrf member red
                       ^
    % Invalid command at '^' marker.
    r3(config-if)#

PLAY [Deploy module-specific configurations] ***********************************

TASK [Set variables that cannot be set with VARS] ******************************
ok: [r2]

TASK [Deploy individual configuration modules] *********************************
included: /home/pipi/net101/tools/netsim/ansible/tasks/deploy-module.yml for r2 => (item=vlan)
included: /home/pipi/net101/tools/netsim/ansible/tasks/deploy-module.yml for r2 => (item=ospf)
included: /home/pipi/net101/tools/netsim/ansible/tasks/deploy-module.yml for r2 => (item=vrf)

TASK [Figure out whether to deploy the module vlan on current device] **********
ok: [r2]

TASK [Find configuration template for vlan] ************************************
ok: [r2]

TASK [Print deployed configuration when running in verbose mode] ***************
skipping: [r2]

TASK [Find configuration deployment deploy_script for vlan] ********************
ok: [r2]

TASK [Deploy vlan configuration] ***********************************************
included: /home/pipi/net101/tools/netsim/ansible/tasks/deploy-config/frr.yml for r2

TASK [template] ****************************************************************
changed: [r2]

TASK [set_fact] ****************************************************************
ok: [r2]

TASK [run /tmp/config.sh to deploy vlan config from /home/pipi/net101/tools/netsim/ansible/templates/vlan/frr.j2] ***
changed: [r2]

TASK [run vtysh to import vlan config from /home/pipi/net101/tools/netsim/ansible/templates/vlan/frr.j2] ***
skipping: [r2]

TASK [Figure out whether to deploy the module ospf on current device] **********
ok: [r2]

TASK [Find configuration template for ospf] ************************************
skipping: [r2]

TASK [Print deployed configuration when running in verbose mode] ***************
skipping: [r2]

TASK [Find configuration deployment deploy_script for ospf] ********************
skipping: [r2]

TASK [Deploy ospf configuration] ***********************************************
skipping: [r2]

TASK [Figure out whether to deploy the module vrf on current device] ***********
ok: [r2]

TASK [Find configuration template for vrf] *************************************
ok: [r2]

TASK [Print deployed configuration when running in verbose mode] ***************
skipping: [r2]

TASK [Find configuration deployment deploy_script for vrf] *********************
ok: [r2]

TASK [Deploy vrf configuration] ************************************************
included: /home/pipi/net101/tools/netsim/ansible/tasks/deploy-config/frr.yml for r2

TASK [template] ****************************************************************
changed: [r2]

TASK [set_fact] ****************************************************************
ok: [r2]

TASK [run /tmp/config.sh to deploy vrf config from /home/pipi/net101/tools/netsim/ansible/templates/vrf/frr.j2] ***
changed: [r2]

TASK [run vtysh to import vrf config from /home/pipi/net101/tools/netsim/ansible/templates/vrf/frr.j2] ***
skipping: [r2]

PLAY [Deploy custom deployment templates] **************************************
skipping: no hosts matched

PLAY RECAP *********************************************************************
h1                         : ok=11   changed=3    unreachable=0    failed=0    skipped=2    rescued=0    ignored=0   
h2                         : ok=11   changed=3    unreachable=0    failed=0    skipped=2    rescued=0    ignored=0   
h3                         : ok=11   changed=3    unreachable=0    failed=0    skipped=2    rescued=0    ignored=0   
h4                         : ok=11   changed=3    unreachable=0    failed=0    skipped=2    rescued=0    ignored=0   
h5                         : ok=11   changed=3    unreachable=0    failed=0    skipped=2    rescued=0    ignored=0   
r1                         : ok=8    changed=0    unreachable=0    failed=1    skipped=2    rescued=0    ignored=0   
r2                         : ok=29   changed=6    unreachable=0    failed=0    skipped=11   rescued=0    ignored=0   
r3                         : ok=8    changed=0    unreachable=0    failed=1    skipped=2    rescued=0    ignored=0   

Fatal error in netlab: Executing Ansible playbook /home/pipi/net101/tools/netsim/ansible/initial-config.ansible failed
Error executing ansible-playbook /home/pipi/net101/tools/netsim/ansible/initial-config.ansible:
  Command '['ansible-playbook', '/home/pipi/net101/tools/netsim/ansible/initial-config.ansible']' returned non-zero exit status 2.
