Using transformed lab topology from snapshot file netlab.snapshot.pickle
Checking virtualization provider installation
OK: libvirt installed and working correctly
OK: clab installed and working correctly
Starting libvirt nodes
creating libvirt management network nl_mgmt_17
provider libvirt: executing vagrant up --provider libvirt
Bringing machine 'h2' up with 'libvirt' provider...
Bringing machine 'r3' up with 'libvirt' provider...
==> h2: Checking if box 'bento/ubuntu-24.04' version '202508.03.0' is up to date...
[fog][WARNING] Unrecognized arguments: libvirt_ip_command
==> h2: Creating image (snapshot of base box volume).
==> h2: Creating domain with the following settings...
==> h2:  -- Name:              ml-17_h2
==> h2:  -- Description:       Source: /work/netlab_cicd/Vagrantfile
==> h2:  -- Domain type:       kvm
==> h2:  -- Cpus:              1
==> h2:  -- Feature:           acpi
==> h2:  -- Feature:           apic
==> h2:  -- Feature:           pae
==> h2:  -- Clock offset:      utc
==> h2:  -- Memory:            1024M
==> h2:  -- Management MAC:    ca:fe:00:02:00:00
==> h2:  -- Base box:          bento/ubuntu-24.04
==> h2:  -- Storage pool:      default
==> h2:  -- Image(vda):        /var/lib/libvirt/images/ml-17_h2.img, virtio, 64G
==> h2:  -- Disk driver opts:  cache='default'
==> h2:  -- Graphics Type:     vnc
==> h2:  -- Video Type:        cirrus
==> h2:  -- Video VRAM:        16384
==> h2:  -- Video 3D accel:    false
==> h2:  -- Keymap:            en-us
==> h2:  -- TPM Backend:       passthrough
==> h2:  -- INPUT:             type=mouse, bus=ps2
==> r3: Checking if box 'netlab/frr' version '10.5.1' is up to date...
[fog][WARNING] Unrecognized arguments: libvirt_ip_command
==> r3: Creating image (snapshot of base box volume).
==> r3: Creating domain with the following settings...
==> r3:  -- Name:              ml-17_r3
==> r3:  -- Description:       Source: /work/netlab_cicd/Vagrantfile
==> r3:  -- Domain type:       kvm
==> r3:  -- Cpus:              1
==> r3:  -- Feature:           acpi
==> r3:  -- Feature:           apic
==> r3:  -- Feature:           pae
==> r3:  -- Clock offset:      utc
==> r3:  -- Memory:            1024M
==> r3:  -- Management MAC:    ca:fe:00:05:00:00
==> r3:  -- Base box:          netlab/frr
==> r3:  -- Storage pool:      default
==> r3:  -- Image(vda):        /var/lib/libvirt/images/ml-17_r3.img, virtio, 3G
==> r3:  -- Disk driver opts:  cache='default'
==> r3:  -- Graphics Type:     vnc
==> r3:  -- Video Type:        cirrus
==> r3:  -- Video VRAM:        16384
==> r3:  -- Video 3D accel:    false
==> r3:  -- Keymap:            en-us
==> r3:  -- TPM Backend:       passthrough
==> r3:  -- INPUT:             type=mouse, bus=ps2
==> h2: Creating shared folders metadata...
==> h2: Starting domain.
==> h2: Domain launching with graphics connection settings...
==> h2:  -- Graphics Port:      5900
==> h2:  -- Graphics IP:        127.0.0.1
==> h2:  -- Graphics Password:  Not defined
==> h2:  -- Graphics Websocket: 5700
==> h2: Waiting for domain to get an IP address...
==> r3: Creating shared folders metadata...
==> r3: Starting domain.
==> r3: Domain launching with graphics connection settings...
==> r3:  -- Graphics Port:      5901
==> r3:  -- Graphics IP:        127.0.0.1
==> r3:  -- Graphics Password:  Not defined
==> r3:  -- Graphics Websocket: 5701
==> r3: Waiting for domain to get an IP address...
==> h2: Waiting for machine to boot. This may take a few minutes...
    h2: SSH address: 192.168.17.102:22
    h2: SSH username: vagrant
    h2: SSH auth method: private key
    h2: 
    h2: Vagrant insecure key detected. Vagrant will automatically replace
    h2: this with a newly generated keypair for better security.
==> r3: Waiting for machine to boot. This may take a few minutes...
    r3: SSH address: 192.168.17.105:22
    r3: SSH username: vagrant
    r3: SSH auth method: private key
    r3: 
    r3: Vagrant insecure key detected. Vagrant will automatically replace
    r3: this with a newly generated keypair for better security.
    h2: 
    h2: Inserting generated public key within guest...
    h2: Removing insecure key from the guest if it's present...
    h2: Key inserted! Disconnecting and reconnecting using new SSH key...
==> h2: Machine booted and ready!
    r3: 
    r3: Inserting generated public key within guest...
    r3: Removing insecure key from the guest if it's present...
    r3: Key inserted! Disconnecting and reconnecting using new SSH key...
==> r3: Machine booted and ready!
==> r3: Running provisioner: shell...
    r3: Running: inline script
    r3: Setting password for user Vagrant
    r3: Enabling SSH password authentication
    r3: /usr/lib/frr/frrinit.sh
    r3: FRR already installed, skipping installation
Starting clab nodes
Recreating clab-augment.yml configuration file for clab provider
Created provider configuration file: clab-augment.yml
provider clab: executing sudo -E containerlab deploy --reconfigure -t clab-augment.yml
16:07:21 INFO Containerlab started version=0.73.0
16:07:21 INFO Parsing & checking topology file=clab-augment.yml
16:07:21 INFO Removing directory path=/work/netlab_cicd/clab-ml-17
16:07:21 INFO Creating docker network name=nl_mgmt_17 IPv4 subnet=192.168.17.0/24 IPv6 subnet="" MTU=0
16:07:21 INFO Creating lab directory path=/work/netlab_cicd/clab-ml-17
16:07:21 INFO Creating container name=r2
16:07:21 INFO Creating container name=h1
16:07:21 INFO Creating container name=r1
16:07:22 INFO Created link: h1:eth1 в–Әв”„в”„в–Ә r1:et1
16:07:22 INFO Created link: r2:eth1 в–Әв”„в”„в–Ә virbr3:bni17n4i1
16:07:22 INFO Created link: r1:et2 в–Әв”„в”„в–Ә r2:eth2
16:07:22 INFO Running postdeploy actions for Arista cEOS 'r1' node
16:07:36 INFO Executed command node=r2 command="sleep 1" stdout=""
16:07:36 INFO Adding host entries path=/etc/hosts
16:07:36 INFO Adding SSH config for nodes path=/etc/ssh/ssh_config.d/clab-ml-17.conf
[1mв•ӯ[0m[1mв”Җв”Җв”Җв”Җв”Җв”Җв”Җв”Җв”Җв”Җв”Җв”Җв”Җв”Җв”Җ[0m[1mв”¬[0m[1mв”Җв”Җв”Җв”Җв”Җв”Җв”Җв”Җв”Җв”Җв”Җв”Җв”Җв”Җв”Җв”Җв”Җв”Җв”Җв”Җв”Җв”Җв”Җв”Җв”Җв”Җв”Җв”Җв”Җв”Җ[0m[1mв”¬[0m[1mв”Җв”Җв”Җв”Җв”Җв”Җв”Җв”Җв”Җ[0m[1mв”¬[0m[1mв”Җв”Җв”Җв”Җв”Җв”Җв”Җв”Җв”Җв”Җв”Җв”Җв”Җв”Җв”Җв”Җ[0m[1mв•®[0m
[1mв”Ӯ[0m[1m      Name     [0m[1mв”Ӯ[0m[1m          Kind/Image          [0m[1mв”Ӯ[0m[1m  State  [0m[1mв”Ӯ[0m[1m IPv4/6 Address [0m[1mв”Ӯ[0m
[1mв”ң[0m[1mв”Җв”Җв”Җв”Җв”Җв”Җв”Җв”Җв”Җв”Җв”Җв”Җв”Җв”Җв”Җ[0m[1mв”ј[0m[1mв”Җв”Җв”Җв”Җв”Җв”Җв”Җв”Җв”Җв”Җв”Җв”Җв”Җв”Җв”Җв”Җв”Җв”Җв”Җв”Җв”Җв”Җв”Җв”Җв”Җв”Җв”Җв”Җв”Җв”Җ[0m[1mв”ј[0m[1mв”Җв”Җв”Җв”Җв”Җв”Җв”Җв”Җв”Җ[0m[1mв”ј[0m[1mв”Җв”Җв”Җв”Җв”Җв”Җв”Җв”Җв”Җв”Җв”Җв”Җв”Җв”Җв”Җв”Җ[0m[1mв”Ө[0m
в”Ӯ clab-ml-17-h1 в”Ӯ linux                        в”Ӯ running в”Ӯ 192.168.17.101 в”Ӯ
в”Ӯ               в”Ӯ python:3.13-alpine           в”Ӯ         в”Ӯ N/A            в”Ӯ
в”ңв”Җв”Җв”Җв”Җв”Җв”Җв”Җв”Җв”Җв”Җв”Җв”Җв”Җв”Җв”Җв”јв”Җв”Җв”Җв”Җв”Җв”Җв”Җв”Җв”Җв”Җв”Җв”Җв”Җв”Җв”Җв”Җв”Җв”Җв”Җв”Җв”Җв”Җв”Җв”Җв”Җв”Җв”Җв”Җв”Җв”Җв”јв”Җв”Җв”Җв”Җв”Җв”Җв”Җв”Җв”Җв”јв”Җв”Җв”Җв”Җв”Җв”Җв”Җв”Җв”Җв”Җв”Җв”Җв”Җв”Җв”Җв”Җв”Ө
в”Ӯ clab-ml-17-r1 в”Ӯ ceos                         в”Ӯ running в”Ӯ 192.168.17.103 в”Ӯ
в”Ӯ               в”Ӯ ceos:4.35.0.1F               в”Ӯ         в”Ӯ N/A            в”Ӯ
в”ңв”Җв”Җв”Җв”Җв”Җв”Җв”Җв”Җв”Җв”Җв”Җв”Җв”Җв”Җв”Җв”јв”Җв”Җв”Җв”Җв”Җв”Җв”Җв”Җв”Җв”Җв”Җв”Җв”Җв”Җв”Җв”Җв”Җв”Җв”Җв”Җв”Җв”Җв”Җв”Җв”Җв”Җв”Җв”Җв”Җв”Җв”јв”Җв”Җв”Җв”Җв”Җв”Җв”Җв”Җв”Җв”јв”Җв”Җв”Җв”Җв”Җв”Җв”Җв”Җв”Җв”Җв”Җв”Җв”Җв”Җв”Җв”Җв”Ө
в”Ӯ clab-ml-17-r2 в”Ӯ linux                        в”Ӯ running в”Ӯ 192.168.17.104 в”Ӯ
в”Ӯ               в”Ӯ quay.io/frrouting/frr:10.5.1 в”Ӯ         в”Ӯ N/A            в”Ӯ
в•°в”Җв”Җв”Җв”Җв”Җв”Җв”Җв”Җв”Җв”Җв”Җв”Җв”Җв”Җв”Җв”ҙв”Җв”Җв”Җв”Җв”Җв”Җв”Җв”Җв”Җв”Җв”Җв”Җв”Җв”Җв”Җв”Җв”Җв”Җв”Җв”Җв”Җв”Җв”Җв”Җв”Җв”Җв”Җв”Җв”Җв”Җв”ҙв”Җв”Җв”Җв”Җв”Җв”Җв”Җв”Җв”Җв”ҙв”Җв”Җв”Җв”Җв”Җв”Җв”Җв”Җв”Җв”Җв”Җв”Җв”Җв”Җв”Җв”Җв•Ҝ

Initial configuration skipped, run 'netlab initial' to configure the devices
