10:40:48 INFO Parsing & checking topology file=clab.yml
10:40:48 INFO Parsing & checking topology file=clab.yml
10:40:49 INFO Destroying lab name=ml-17
10:40:49 INFO Removed container name=clab-ml-17-bird_f
10:40:49 INFO Removed container name=clab-ml-17-frr_nd
10:40:50 INFO Removed container name=clab-ml-17-frr_f
10:40:50 INFO Removed container name=clab-ml-17-bird_nb
10:40:50 INFO Removed container name=clab-ml-17-probe
10:40:50 INFO Removed container name=clab-ml-17-frr_nb
10:40:50 INFO Removed container name=clab-ml-17-eos_nb
10:40:50 INFO Removed container name=clab-ml-17-eos_f
10:40:50 INFO Removed container name=clab-ml-17-eos_nd
10:40:50 INFO Removing host entries path=/etc/hosts
10:40:50 INFO Removing SSH config path=/etc/ssh/ssh_config.d/clab-ml-17.conf
Checking virtualization provider installation
OK: clab installed and working correctly
Stopping clab nodes
Cleanup configuration files
... removing clab.yml
... removing ansible.cfg
... removing hosts.yml
... removing directory tree group_vars
... removing directory tree host_vars
... removing directory tree node_files
... removing netlab.snapshot.yml
... removing netlab.snapshot.pickle
