13:34:10 INFO Parsing & checking topology file=clab-augment.yml
13:34:10 INFO Parsing & checking topology file=clab-augment.yml
13:34:10 INFO Destroying lab name=ml_30
13:34:10 INFO Removed container name=clab-ml_30-r21
13:34:11 INFO Removed container name=clab-ml_30-r22
13:34:11 INFO Removed container name=clab-ml_30-v2
13:34:11 INFO Removed container name=clab-ml_30-rb
13:34:11 INFO Removed container name=clab-ml_30-v1
13:34:11 INFO Removed container name=clab-ml_30-r12
13:34:11 INFO Removed container name=clab-ml_30-r11
13:34:11 INFO Removing host entries path=/etc/hosts
13:34:11 INFO Removing SSH config path=/etc/ssh/ssh_config.d/clab-ml_30.conf
[fog][WARNING] Unrecognized arguments: libvirt_ip_command
==> dut: Removing domain...
==> dut: Deleting the machine folder
Checking virtualization provider installation
OK: libvirt installed and working correctly
OK: clab installed and working correctly
Stopping clab nodes

Stopping libvirt nodes
Cleanup configuration files
... removing Vagrantfile
... removing directory tree .vagrant
... removing directory tree clab_files
... removing clab-augment.yml
... removing ansible.cfg
... removing hosts.yml
... removing directory tree group_vars
... removing directory tree host_vars
... removing netlab.snapshot.yml
