/home/pipi/.local/lib/python3.10/site-packages/paramiko/pkey.py:100: CryptographyDeprecationWarning: TripleDES has been moved to cryptography.hazmat.decrepit.ciphers.algorithms.TripleDES and will be removed from cryptography.hazmat.primitives.ciphers.algorithms in 48.0.0.
  "cipher": algorithms.TripleDES,
/home/pipi/.local/lib/python3.10/site-packages/paramiko/transport.py:259: CryptographyDeprecationWarning: TripleDES has been moved to cryptography.hazmat.decrepit.ciphers.algorithms.TripleDES and will be removed from cryptography.hazmat.primitives.ciphers.algorithms in 48.0.0.
  "class": algorithms.TripleDES,
[WARNING]: Could not match supplied host pattern, ignoring: unprovisioned
[WARNING]: Found variable using reserved name: hosts

PLAY [Deploy initial device configuration] *************************************

TASK [Set variables that cannot be set with VARS] ******************************
ok: [dut]
ok: [r1]
ok: [r2]
ok: [r3]
ok: [r4]

TASK [Generic readiness tests] *************************************************
skipping: [dut]
skipping: [r1]
skipping: [r2]
skipping: [r3]
skipping: [r4]

TASK [Find device readiness script] ********************************************
ok: [dut]
ok: [r1]
ok: [r2]
ok: [r3]
ok: [r4]

TASK [Wait for device to become ready] *****************************************
skipping: [r1]
skipping: [r2]
skipping: [r3]
skipping: [r4]
included: /home/pipi/netlab_gh/netsim/ansible/tasks/readiness-check/cumulus_nvue.yml for dut

TASK [Wait for nvued to start] *************************************************
ok: [dut]

TASK [Normalize config on bridge-like devices] *********************************
included: /home/pipi/netlab_gh/netsim/ansible/tasks/deploy-module.yml for dut, r1, r2, r3, r4

TASK [Figure out whether to deploy the module normalize on current device] *****
ok: [dut]
ok: [r1]
ok: [r2]
ok: [r3]
ok: [r4]

TASK [Find configuration template for normalize] *******************************
ok: [dut]
ok: [r1]
ok: [r2]
ok: [r3]
ok: [r4]

TASK [fail] ********************************************************************
skipping: [dut]
skipping: [r1]
skipping: [r2]
skipping: [r3]
skipping: [r4]

TASK [Find configuration deployment deploy_script for normalize] ***************
ok: [dut]
ok: [r1]
ok: [r2]
ok: [r3]
ok: [r4]

TASK [Print deployed configuration when running in verbose mode] ***************
skipping: [dut]
skipping: [r1]
skipping: [r2]
skipping: [r3]
skipping: [r4]

TASK [Deploy normalize configuration] ******************************************
skipping: [dut]
skipping: [r1]
skipping: [r2]
skipping: [r3]
skipping: [r4]

TASK [Deploy initial configuration] ********************************************
included: /home/pipi/netlab_gh/netsim/ansible/tasks/deploy-module.yml for dut, r1, r2, r3, r4

TASK [Figure out whether to deploy the module initial on current device] *******
ok: [dut]
ok: [r1]
ok: [r2]
ok: [r3]
ok: [r4]

TASK [Find configuration template for initial] *********************************
ok: [dut]
ok: [r1]
ok: [r2]
ok: [r3]
ok: [r4]

TASK [fail] ********************************************************************
skipping: [dut]
skipping: [r1]
skipping: [r2]
skipping: [r3]
skipping: [r4]

TASK [Find configuration deployment deploy_script for initial] *****************
ok: [dut]
ok: [r1]
ok: [r2]
ok: [r3]
ok: [r4]

TASK [Print deployed configuration when running in verbose mode] ***************
ok: [dut] => {
    "msg": "initial configuration for dut\n=========================================\n\n- set:\n    system:\n      hostname: dut\n      global:\n        system-mac: ca:fe:00:01:00:00\n      config:\n        snippet:\n          system-mtu:\n            file: /etc/network/ifupdown2/policy.d/mtu.json\n            content: |\n              { \"address\": { \"defaults\": { \"mtu\": \"1500\" } } }\n\n    interface:\n      eth0:\n        ip:\n          vrf: mgmt\n          address:\n            dhcp: {}\n        type: eth\n      swp1:\n        type: swp\n        link:\n          state:\n            up : {}\n        description: \"dut -> r1\"\n        ip:\n          address:\n            10.1.0.1/30: {}\n          ipv6:\n            enable: off\n\n      swp2:\n        type: swp\n        link:\n          state:\n            up : {}\n        description: \"dut -> r2 [external]\"\n        ip:\n          address:\n            10.1.0.5/30: {}\n          ipv6:\n            enable: off\n\n      swp3:\n        type: swp\n        link:\n          state:\n            up : {}\n        description: \"dut -> r3\"\n        ip:\n          address:\n            10.1.0.9/30: {}\n          ipv6:\n            enable: off\n\n      swp4:\n        type: swp\n        link:\n          state:\n            up : {}\n        description: \"dut -> r4 [external]\"\n        ip:\n          address:\n            10.1.0.13/30: {}\n          ipv6:\n            enable: off\n\n\n- set:\n    interface:\n      lo:\n        type: loopback\n        ip:\n          address:\n            10.0.0.1/32: {}\n          ipv6:\n            enable: off\n"
}
ok: [r1] => {
    "msg": "initial configuration for r1\n=========================================\n#!/bin/bash\n#\nset -e\nset -x\n#\n# Create bash profile script\n#\ncat <<SCRIPT >/root/.bash_profile\n#!/bin/bash\n#\nexport PS1=\"\\h(bash)# \"\necho\necho \"Use vtysh to connect to FRR daemon\"\necho\nSCRIPT\n#\n# This is an artifact of unknown provenance that should be removed in a year or two (= 2026/2027)\n#\n# FRR controls these parameters with 'ip forwarding' and 'ipv6 forwarding' commands\n#\nsysctl -w net.ipv4.ip_forward=1\nsysctl -w net.ipv6.conf.all.forwarding=0\n#\n#\n# Get the current next hop for the default route\n#\ndef_nh=$(ip route list default|awk '{ print $3 }')\n#\n# Create the management VRF and add eth0 to it\n#\nif [ ! -e /sys/devices/virtual/net/mgmt ]; then\n  ip link add mgmt type vrf table 42\nfi\nip link set mgmt up\nsysctl -qw net.ipv6.conf.eth0.keep_addr_on_down=1\nip link set eth0 master mgmt\n#\n# Reinstall the default route if we had it before\n#\nif [[ -n \"$def_nh\" ]]; then\n  ip route add 0.0.0.0/0 vrf mgmt via $def_nh\nfi\n#\n# Enable FRR modules (if not using containerlab bind-mounted /etc/frr/daemons)\n#\n\n# Set system defaults\n#\n# Send ARP requests from a sane source IP address\n#\nsysctl -w net.ipv4.conf.all.arp_announce=2\n\n#\n# Create loopbacks, stub and lag/bond devices\n#\nif [ ! -e /sys/class/net/lo ]; then\n  if [ ! -e /sys/devices/virtual/net/lo ]; then\n    ip link add lo type dummy\n    ip link set dev lo up\n  fi\nfi\n\n# Disable IPv6 (for IPv4-only interfaces) or SLAAC (if the device is a router)\n#\nip link set eth1 down\nsysctl -qw net.ipv6.conf.eth1.disable_ipv6=1\nip link set dev eth1 mtu 1500\nip link set eth1 up\n\n#\n# Add vtysh.conf file\necho \"service integrated-vtysh-config\" >/etc/frr/vtysh.conf\n\n#\n# Rest of initial configuration done through VTYSH\n#\ncat >/tmp/config <<CONFIG\nhostname r1\n!\nlog file /tmp/logging\n\n!\nip forwarding\nvrf mgmt\n exit-vrf\n!\nfrr defaults datacenter\n!\ninterface lo\n no shutdown\n ip address 10.0.0.2/32\n!\ninterface eth1\n no shutdown\n description r1 -> dut\n ip address 10.1.0.2/30\n!\ndo write\nCONFIG\nvtysh -f /tmp/config\n!\nexit 0\n"
}
ok: [r2] => {
    "msg": "initial configuration for r2\n=========================================\n#!/bin/bash\n#\nset -e\nset -x\n#\n# Create bash profile script\n#\ncat <<SCRIPT >/root/.bash_profile\n#!/bin/bash\n#\nexport PS1=\"\\h(bash)# \"\necho\necho \"Use vtysh to connect to FRR daemon\"\necho\nSCRIPT\n#\n# This is an artifact of unknown provenance that should be removed in a year or two (= 2026/2027)\n#\n# FRR controls these parameters with 'ip forwarding' and 'ipv6 forwarding' commands\n#\nsysctl -w net.ipv4.ip_forward=1\nsysctl -w net.ipv6.conf.all.forwarding=0\n#\n#\n# Get the current next hop for the default route\n#\ndef_nh=$(ip route list default|awk '{ print $3 }')\n#\n# Create the management VRF and add eth0 to it\n#\nif [ ! -e /sys/devices/virtual/net/mgmt ]; then\n  ip link add mgmt type vrf table 42\nfi\nip link set mgmt up\nsysctl -qw net.ipv6.conf.eth0.keep_addr_on_down=1\nip link set eth0 master mgmt\n#\n# Reinstall the default route if we had it before\n#\nif [[ -n \"$def_nh\" ]]; then\n  ip route add 0.0.0.0/0 vrf mgmt via $def_nh\nfi\n#\n# Enable FRR modules (if not using containerlab bind-mounted /etc/frr/daemons)\n#\n\n# Set system defaults\n#\n# Send ARP requests from a sane source IP address\n#\nsysctl -w net.ipv4.conf.all.arp_announce=2\n\n#\n# Create loopbacks, stub and lag/bond devices\n#\nif [ ! -e /sys/class/net/lo ]; then\n  if [ ! -e /sys/devices/virtual/net/lo ]; then\n    ip link add lo type dummy\n    ip link set dev lo up\n  fi\nfi\n\n# Disable IPv6 (for IPv4-only interfaces) or SLAAC (if the device is a router)\n#\nip link set eth1 down\nsysctl -qw net.ipv6.conf.eth1.disable_ipv6=1\nip link set dev eth1 mtu 1500\nip link set eth1 up\n\n#\n# Add vtysh.conf file\necho \"service integrated-vtysh-config\" >/etc/frr/vtysh.conf\n\n#\n# Rest of initial configuration done through VTYSH\n#\ncat >/tmp/config <<CONFIG\nhostname r2\n!\nlog file /tmp/logging\n\n!\nip forwarding\nvrf mgmt\n exit-vrf\n!\nfrr defaults datacenter\n!\ninterface lo\n no shutdown\n ip address 10.0.0.3/32\n!\ninterface eth1\n no shutdown\n description r2 -> dut [external]\n ip address 10.1.0.6/30\n!\ndo write\nCONFIG\nvtysh -f /tmp/config\n!\nexit 0\n"
}
ok: [r4] => {
    "msg": "initial configuration for r4\n=========================================\n#!/bin/bash\n#\nset -e\nset -x\n#\n# Create bash profile script\n#\ncat <<SCRIPT >/root/.bash_profile\n#!/bin/bash\n#\nexport PS1=\"\\h(bash)# \"\necho\necho \"Use vtysh to connect to FRR daemon\"\necho\nSCRIPT\n#\n# This is an artifact of unknown provenance that should be removed in a year or two (= 2026/2027)\n#\n# FRR controls these parameters with 'ip forwarding' and 'ipv6 forwarding' commands\n#\nsysctl -w net.ipv4.ip_forward=1\nsysctl -w net.ipv6.conf.all.forwarding=0\n#\n#\n# Get the current next hop for the default route\n#\ndef_nh=$(ip route list default|awk '{ print $3 }')\n#\n# Create the management VRF and add eth0 to it\n#\nif [ ! -e /sys/devices/virtual/net/mgmt ]; then\n  ip link add mgmt type vrf table 42\nfi\nip link set mgmt up\nsysctl -qw net.ipv6.conf.eth0.keep_addr_on_down=1\nip link set eth0 master mgmt\n#\n# Reinstall the default route if we had it before\n#\nif [[ -n \"$def_nh\" ]]; then\n  ip route add 0.0.0.0/0 vrf mgmt via $def_nh\nfi\n#\n# Enable FRR modules (if not using containerlab bind-mounted /etc/frr/daemons)\n#\n\n# Set system defaults\n#\n# Send ARP requests from a sane source IP address\n#\nsysctl -w net.ipv4.conf.all.arp_announce=2\n\n#\n# Create loopbacks, stub and lag/bond devices\n#\nif [ ! -e /sys/class/net/lo ]; then\n  if [ ! -e /sys/devices/virtual/net/lo ]; then\n    ip link add lo type dummy\n    ip link set dev lo up\n  fi\nfi\n\n# Disable IPv6 (for IPv4-only interfaces) or SLAAC (if the device is a router)\n#\nip link set eth1 down\nsysctl -qw net.ipv6.conf.eth1.disable_ipv6=1\nip link set dev eth1 mtu 1500\nip link set eth1 up\n\n#\n# Add vtysh.conf file\necho \"service integrated-vtysh-config\" >/etc/frr/vtysh.conf\n\n#\n# Rest of initial configuration done through VTYSH\n#\ncat >/tmp/config <<CONFIG\nhostname r4\n!\nlog file /tmp/logging\n\n!\nip forwarding\nvrf mgmt\n exit-vrf\n!\nfrr defaults datacenter\n!\ninterface lo\n no shutdown\n ip address 10.0.0.5/32\n!\ninterface eth1\n no shutdown\n description r4 -> dut [external]\n ip address 10.1.0.14/30\n!\ndo write\nCONFIG\nvtysh -f /tmp/config\n!\nexit 0\n"
}
ok: [r3] => {
    "msg": "initial configuration for r3\n=========================================\n#!/bin/bash\n#\nset -e\nset -x\n#\n# Create bash profile script\n#\ncat <<SCRIPT >/root/.bash_profile\n#!/bin/bash\n#\nexport PS1=\"\\h(bash)# \"\necho\necho \"Use vtysh to connect to FRR daemon\"\necho\nSCRIPT\n#\n# This is an artifact of unknown provenance that should be removed in a year or two (= 2026/2027)\n#\n# FRR controls these parameters with 'ip forwarding' and 'ipv6 forwarding' commands\n#\nsysctl -w net.ipv4.ip_forward=1\nsysctl -w net.ipv6.conf.all.forwarding=0\n#\n#\n# Get the current next hop for the default route\n#\ndef_nh=$(ip route list default|awk '{ print $3 }')\n#\n# Create the management VRF and add eth0 to it\n#\nif [ ! -e /sys/devices/virtual/net/mgmt ]; then\n  ip link add mgmt type vrf table 42\nfi\nip link set mgmt up\nsysctl -qw net.ipv6.conf.eth0.keep_addr_on_down=1\nip link set eth0 master mgmt\n#\n# Reinstall the default route if we had it before\n#\nif [[ -n \"$def_nh\" ]]; then\n  ip route add 0.0.0.0/0 vrf mgmt via $def_nh\nfi\n#\n# Enable FRR modules (if not using containerlab bind-mounted /etc/frr/daemons)\n#\n\n# Set system defaults\n#\n# Send ARP requests from a sane source IP address\n#\nsysctl -w net.ipv4.conf.all.arp_announce=2\n\n#\n# Create loopbacks, stub and lag/bond devices\n#\nif [ ! -e /sys/class/net/lo ]; then\n  if [ ! -e /sys/devices/virtual/net/lo ]; then\n    ip link add lo type dummy\n    ip link set dev lo up\n  fi\nfi\n\n# Disable IPv6 (for IPv4-only interfaces) or SLAAC (if the device is a router)\n#\nip link set eth1 down\nsysctl -qw net.ipv6.conf.eth1.disable_ipv6=1\nip link set dev eth1 mtu 1500\nip link set eth1 up\n\n#\n# Add vtysh.conf file\necho \"service integrated-vtysh-config\" >/etc/frr/vtysh.conf\n\n#\n# Rest of initial configuration done through VTYSH\n#\ncat >/tmp/config <<CONFIG\nhostname r3\n!\nlog file /tmp/logging\n\n!\nip forwarding\nvrf mgmt\n exit-vrf\n!\nfrr defaults datacenter\n!\ninterface lo\n no shutdown\n ip address 10.0.0.4/32\n!\ninterface eth1\n no shutdown\n description r3 -> dut\n ip address 10.1.0.10/30\n!\ndo write\nCONFIG\nvtysh -f /tmp/config\n!\nexit 0\n"
}

TASK [Deploy initial configuration] ********************************************
included: /home/pipi/netlab_gh/netsim/ansible/tasks/deploy-config/cumulus_nvue.yml for dut
included: /home/pipi/netlab_gh/netsim/ansible/tasks/frr/initial-clab.yml for r1, r2, r3, r4

TASK [set_fact] ****************************************************************
ok: [dut]

TASK [copy the cumulus nvue YAML initial config file to switch (generated from /home/pipi/netlab_gh/netsim/ansible/templates/initial/cumulus_nvue.j2)] ***
changed: [dut]

TASK [execute on cumulus: 'nv config patch' for initial config] ****************
changed: [dut]

TASK [execute on cumulus: 'nv config apply -y' for initial config] *************
changed: [dut]

TASK [Attempt to load VRF kernel module] ***************************************
changed: [r1 -> localhost]

TASK [Disable FRR management VRF when modprobe fails] **************************
skipping: [r1]
skipping: [r2]
skipping: [r3]
skipping: [r4]

TASK [include_tasks] ***********************************************************
included: /home/pipi/netlab_gh/netsim/ansible/tasks/frr/deploy-config.yml for r1, r2, r3, r4

TASK [template] ****************************************************************
changed: [r1]
changed: [r2]
changed: [r3]
changed: [r4]

TASK [set_fact] ****************************************************************
ok: [r1]
ok: [r2]
ok: [r3]
ok: [r4]

TASK [run /tmp/config.sh to deploy initial config from /home/pipi/netlab_gh/netsim/ansible/templates/initial/frr.j2] ***
changed: [r2]
changed: [r1]
changed: [r4]
changed: [r3]

TASK [run vtysh to import initial config from /home/pipi/netlab_gh/netsim/ansible/templates/initial/frr.j2] ***
skipping: [r1]
skipping: [r2]
skipping: [r3]
skipping: [r4]

PLAY [Deploy module-specific configurations] ***********************************

TASK [Set variables that cannot be set with VARS] ******************************
ok: [dut]
ok: [r1]
ok: [r2]
ok: [r3]
ok: [r4]

TASK [Deploy individual configuration modules] *********************************
included: /home/pipi/netlab_gh/netsim/ansible/tasks/deploy-module.yml for dut, r1, r2, r3, r4 => (item=ospf)
included: /home/pipi/netlab_gh/netsim/ansible/tasks/deploy-module.yml for dut, r1, r2, r3, r4 => (item=bgp)
included: /home/pipi/netlab_gh/netsim/ansible/tasks/deploy-module.yml for dut, r1, r2, r3, r4 => (item=vrf)

TASK [Figure out whether to deploy the module ospf on current device] **********
ok: [dut]
ok: [r1]
ok: [r2]
ok: [r3]
ok: [r4]

TASK [Find configuration template for ospf] ************************************
skipping: [r2]
ok: [dut]
ok: [r1]
skipping: [r4]
ok: [r3]

TASK [fail] ********************************************************************
skipping: [dut]
skipping: [r1]
skipping: [r2]
skipping: [r3]
skipping: [r4]

TASK [Find configuration deployment deploy_script for ospf] ********************
skipping: [r2]
ok: [dut]
skipping: [r4]
ok: [r1]
ok: [r3]

TASK [Print deployed configuration when running in verbose mode] ***************
skipping: [r2]
skipping: [r4]
ok: [dut] => {
    "msg": "ospf configuration for dut\n=========================================\n- set:\n    router:\n      ospf:\n        enable: on\n\n\n"
}
ok: [r1] => {
    "msg": "ospf configuration for r1\n=========================================\n!\n! OSPFv2 FRR configuration\n!\nrouter ospf\n ospf router-id 10.0.0.2\n timers throttle spf 10 50 500\n timers throttle lsa all 100\n timers lsa min-arrival 100\n\n\nexit\n!\ninterface lo\n! \n ip ospf area 0.0.0.0\n!\ninterface eth1\n! r1 -> dut\n ip ospf area 0.0.0.0\n ip ospf network point-to-point\n!\n\n!\ndo write\n"
}
ok: [r3] => {
    "msg": "ospf configuration for r3\n=========================================\n!\n! OSPFv2 FRR configuration\n!\nrouter ospf\n ospf router-id 10.0.0.4\n timers throttle spf 10 50 500\n timers throttle lsa all 100\n timers lsa min-arrival 100\n\n\nexit\n!\ninterface lo\n! \n ip ospf area 0.0.0.0\n!\ninterface eth1\n! r3 -> dut\n ip ospf area 0.0.0.0\n ip ospf network point-to-point\n!\n\n!\ndo write\n"
}

TASK [Deploy ospf configuration] ***********************************************
skipping: [r2]
skipping: [r4]
included: /home/pipi/netlab_gh/netsim/ansible/tasks/deploy-config/cumulus_nvue.yml for dut
included: /home/pipi/netlab_gh/netsim/ansible/tasks/deploy-config/frr.yml for r1, r3

TASK [set_fact] ****************************************************************
ok: [dut]

TASK [copy the cumulus nvue YAML ospf config file to switch (generated from /home/pipi/netlab_gh/netsim/ansible/templates/ospf/cumulus_nvue.j2)] ***
changed: [dut]

TASK [execute on cumulus: 'nv config patch' for ospf config] *******************
changed: [dut]

TASK [execute on cumulus: 'nv config apply -y' for ospf config] ****************
changed: [dut]

TASK [template] ****************************************************************
changed: [r1]
changed: [r3]

TASK [set_fact] ****************************************************************
ok: [r1]
ok: [r3]

TASK [run /tmp/config.sh to deploy ospf config from /home/pipi/netlab_gh/netsim/ansible/templates/ospf/frr.j2] ***
skipping: [r1]
skipping: [r3]

TASK [run vtysh to import ospf config from /home/pipi/netlab_gh/netsim/ansible/templates/ospf/frr.j2] ***
changed: [r3]
changed: [r1]

TASK [Figure out whether to deploy the module bgp on current device] ***********
ok: [dut]
ok: [r1]
ok: [r2]
ok: [r3]
ok: [r4]

TASK [Find configuration template for bgp] *************************************
skipping: [r1]
ok: [dut]
skipping: [r3]
ok: [r2]
ok: [r4]

TASK [fail] ********************************************************************
skipping: [dut]
skipping: [r1]
skipping: [r2]
skipping: [r3]
skipping: [r4]

TASK [Find configuration deployment deploy_script for bgp] *********************
skipping: [r1]
skipping: [r3]
ok: [dut]
ok: [r2]
ok: [r4]

TASK [Print deployed configuration when running in verbose mode] ***************
skipping: [r1]
skipping: [r3]
ok: [r2] => {
    "msg": "bgp configuration for r2\n=========================================\n!\nrouter bgp 65100\n  no bgp ebgp-requires-policy\n  no bgp default ipv4-unicast\n  bgp default show-hostname\n  bgp default show-nexthop-hostname\n  ! Consider AS paths of same length but with different AS as ECMP candidates\n  bgp bestpath as-path multipath-relax\n\n  bgp router-id 10.0.0.3\n!\n  neighbor 10.1.0.5 remote-as 65000\n  neighbor 10.1.0.5 description dut\n!\n address-family ipv4 unicast\n!\n\n!\n! Originate networks from connected subnets\n!\n  network 10.0.0.3/32\n!\n  neighbor 10.1.0.5 activate\n  no neighbor 10.1.0.5 send-community all\n  neighbor 10.1.0.5 send-community standard\n  neighbor 10.1.0.5 send-community large\n!\n!\n!\ndo write\n"
}
ok: [dut] => {
    "msg": "bgp configuration for dut\n=========================================\n- set:\n    router:\n      bgp:\n        enable: on\n        autonomous-system: 65000\n        router-id: 10.0.0.1\n- set:\n    vrf:\n      default:\n        router:\n          bgp:\n            enable: on\n            autonomous-system: 65000\n            router-id: 10.0.0.1\n            address-family:\n              ipv4-unicast:\n                enable: on\n                network:\n                  10.0.0.1/32: {}\n"
}
ok: [r4] => {
    "msg": "bgp configuration for r4\n=========================================\n!\nrouter bgp 65101\n  no bgp ebgp-requires-policy\n  no bgp default ipv4-unicast\n  bgp default show-hostname\n  bgp default show-nexthop-hostname\n  ! Consider AS paths of same length but with different AS as ECMP candidates\n  bgp bestpath as-path multipath-relax\n\n  bgp router-id 10.0.0.5\n!\n  neighbor 10.1.0.13 remote-as 65000\n  neighbor 10.1.0.13 description dut\n!\n address-family ipv4 unicast\n!\n\n!\n! Originate networks from connected subnets\n!\n  network 10.0.0.5/32\n!\n  neighbor 10.1.0.13 activate\n  no neighbor 10.1.0.13 send-community all\n  neighbor 10.1.0.13 send-community standard\n  neighbor 10.1.0.13 send-community large\n!\n!\n!\ndo write\n"
}

TASK [Deploy bgp configuration] ************************************************
skipping: [r1]
skipping: [r3]
included: /home/pipi/netlab_gh/netsim/ansible/tasks/deploy-config/cumulus_nvue.yml for dut
included: /home/pipi/netlab_gh/netsim/ansible/tasks/deploy-config/frr.yml for r2, r4

TASK [set_fact] ****************************************************************
ok: [dut]

TASK [copy the cumulus nvue YAML bgp config file to switch (generated from /home/pipi/netlab_gh/netsim/ansible/templates/bgp/cumulus_nvue.j2)] ***
changed: [dut]

TASK [execute on cumulus: 'nv config patch' for bgp config] ********************
changed: [dut]

TASK [execute on cumulus: 'nv config apply -y' for bgp config] *****************
changed: [dut]

TASK [template] ****************************************************************
changed: [r2]
changed: [r4]

TASK [set_fact] ****************************************************************
ok: [r2]
ok: [r4]

TASK [run /tmp/config.sh to deploy bgp config from /home/pipi/netlab_gh/netsim/ansible/templates/bgp/frr.j2] ***
skipping: [r2]
skipping: [r4]

TASK [run vtysh to import bgp config from /home/pipi/netlab_gh/netsim/ansible/templates/bgp/frr.j2] ***
changed: [r4]
changed: [r2]

TASK [Figure out whether to deploy the module vrf on current device] ***********
ok: [dut]
ok: [r1]
ok: [r2]
ok: [r3]
ok: [r4]

TASK [Find configuration template for vrf] *************************************
skipping: [r1]
skipping: [r2]
ok: [dut]
skipping: [r3]
skipping: [r4]

TASK [fail] ********************************************************************
skipping: [dut]
skipping: [r1]
skipping: [r2]
skipping: [r3]
skipping: [r4]

TASK [Find configuration deployment deploy_script for vrf] *********************
skipping: [r1]
skipping: [r2]
skipping: [r3]
ok: [dut]
skipping: [r4]

TASK [Print deployed configuration when running in verbose mode] ***************
skipping: [r1]
skipping: [r2]
skipping: [r3]
skipping: [r4]
ok: [dut] => {
    "msg": "vrf configuration for dut\n=========================================\n---\n- set:\n    vrf:\n      red:\n        table: auto\n      blue:\n        table: auto\n\n- set:\n    vrf:\n      red:\n        router:\n          ospf:\n            enable: on\n            area: \n              0.0.0.0: {}\n            redistribute:\n              bgp:\n                enable: on\n              connected:\n                enable: on\n\n            router-id: 10.100.0.1\n\n    interface:\n      swp1:\n        router:\n          ospf:\n            area: 0.0.0.0\n            network-type: point-to-point\n\n \n\n- set:\n    vrf:\n      blue:\n        router:\n          ospf:\n            enable: on\n            area: \n              0.0.0.0: {}\n            redistribute:\n              bgp:\n                enable: on\n              connected:\n                enable: on\n\n            router-id: 10.101.0.1\n\n    interface:\n      swp3:\n        router:\n          ospf:\n            area: 0.0.0.0\n            network-type: point-to-point\n\n \n\n\n- set:\n    vrf:\n      red:\n        router:\n          bgp:\n            enable: on\n            autonomous-system: 65000\n            router-id: 10.0.0.1\n            rd: 65000:1\n            address-family:\n              ipv4-unicast:\n                enable: on\n                redistribute:\n                  connected:\n                    enable: on\n                  ospf:\n                    enable: on\n\n            neighbor:\n              10.1.0.6:\n                description: \"r2\"\n                remote-as: 65100\n                address-family:\n                  ipv4-unicast:\n                    enable: on\n\n- set:\n    vrf:\n      blue:\n        router:\n          bgp:\n            enable: on\n            autonomous-system: 65000\n            router-id: 10.0.0.1\n            rd: 65000:2\n            address-family:\n              ipv4-unicast:\n                enable: on\n                redistribute:\n                  connected:\n                    enable: on\n                  ospf:\n                    enable: on\n\n            neighbor:\n              10.1.0.14:\n                description: \"r4\"\n                remote-as: 65101\n                address-family:\n                  ipv4-unicast:\n                    enable: on\n\n\n\n- set:\n    interface:\n      swp1:\n        ip:\n          vrf: red\n- set:\n    interface:\n      swp2:\n        ip:\n          vrf: red\n- set:\n    interface:\n      swp3:\n        ip:\n          vrf: blue\n- set:\n    interface:\n      swp4:\n        ip:\n          vrf: blue\n"
}

TASK [Deploy vrf configuration] ************************************************
skipping: [r1]
skipping: [r2]
skipping: [r3]
skipping: [r4]
included: /home/pipi/netlab_gh/netsim/ansible/tasks/deploy-config/cumulus_nvue.yml for dut

TASK [set_fact] ****************************************************************
ok: [dut]

TASK [copy the cumulus nvue YAML vrf config file to switch (generated from /home/pipi/netlab_gh/netsim/ansible/templates/vrf/cumulus_nvue.j2)] ***
changed: [dut]

TASK [execute on cumulus: 'nv config patch' for vrf config] ********************
changed: [dut]

TASK [execute on cumulus: 'nv config apply -y' for vrf config] *****************
changed: [dut]

PLAY [Deploy custom deployment templates] **************************************
skipping: no hosts matched

PLAY RECAP *********************************************************************
dut                        : ok=49   changed=12   unreachable=0    failed=0    skipped=8    rescued=0    ignored=0   
r1                         : ok=31   changed=5    unreachable=0    failed=0    skipped=20   rescued=0    ignored=0   
r2                         : ok=30   changed=4    unreachable=0    failed=0    skipped=20   rescued=0    ignored=0   
r3                         : ok=30   changed=4    unreachable=0    failed=0    skipped=20   rescued=0    ignored=0   
r4                         : ok=30   changed=4    unreachable=0    failed=0    skipped=20   rescued=0    ignored=0   


The device under test has two VRFs with two interfaces in each VRF.
Routers are attached to those interfaces and run OSPF and BGP with
device under test. Assuming the OSPF and BGP multi-vrf test cases
succeeded, this one tests OSPF-to-BGP two-way redistribution.

* r1 and r2 should be able to ping each other
* r3 and r4 should be able to ping each other
* r1 should not be able to reach r3

