Bringing machine 'dut' up with 'libvirt' provider...
==> dut: Checking if box 'CumulusCommunity/cumulus-vx' version '5.10.0' is up to date...
[fog][WARNING] Unrecognized arguments: libvirt_ip_command
==> dut: Creating image (snapshot of base box volume).
==> dut: Creating domain with the following settings...
==> dut:  -- Name:              ml_41_dut
==> dut:  -- Description:       Source: /work/netlab_cicd/p1/Vagrantfile
==> dut:  -- Domain type:       kvm
==> dut:  -- Cpus:              2
==> dut:  -- Feature:           acpi
==> dut:  -- Feature:           apic
==> dut:  -- Feature:           pae
==> dut:  -- Clock offset:      utc
==> dut:  -- Memory:            2048M
==> dut:  -- Management MAC:    08:4f:a9:01:00:00
==> dut:  -- Base box:          CumulusCommunity/cumulus-vx
==> dut:  -- Storage pool:      default
==> dut:  -- Image(vda):        /var/lib/libvirt/images/ml_41_dut.img, virtio, 6G
==> dut:  -- Disk driver opts:  cache='default'
==> dut:  -- Graphics Type:     vnc
==> dut:  -- Video Type:        cirrus
==> dut:  -- Video VRAM:        16384
==> dut:  -- Video 3D accel:    false
==> dut:  -- Keymap:            en-us
==> dut:  -- TPM Backend:       passthrough
==> dut:  -- INPUT:             type=mouse, bus=ps2
==> dut: Creating shared folders metadata...
==> dut: Starting domain.
==> dut: Domain launching with graphics connection settings...
==> dut:  -- Graphics Port:      5900
==> dut:  -- Graphics IP:        127.0.0.1
==> dut:  -- Graphics Password:  Not defined
==> dut:  -- Graphics Websocket: 5700
==> dut: Waiting for domain to get an IP address...
==> dut: Waiting for machine to boot. This may take a few minutes...
    dut: SSH address: 192.168.41.101:22
    dut: SSH username: vagrant
    dut: SSH auth method: private key
    dut: Warning: Connection refused. Retrying...
==> dut: Machine booted and ready!
==> dut: Running provisioner: shell...
    dut: Running: inline script
    dut: ### RUNNING CUMULUS EXTRA CONFIG ###
    dut: ### Setting cumulus user password to 'GetLost1!' ###
    dut: ### Disabling ZTP service...
    dut: Removed "/etc/systemd/system/multi-user.target.wants/ztp.service".
Using transformed lab topology from snapshot file netlab.snapshot.yml
Checking virtualization provider installation
OK: libvirt installed and working correctly
OK: clab installed and working correctly
Starting libvirt nodes
creating libvirt management network nl_mgmt_41
provider libvirt: executing vagrant up --provider libvirt
Starting clab nodes
Recreating clab-augment.yml configuration file for clab provider
time="2025-05-06T22:09:39Z" level=info msg="Containerlab v0.62.2 started"
time="2025-05-06T22:09:39Z" level=info msg="Parsing & checking topology file: clab-augment.yml"
time="2025-05-06T22:09:39Z" level=info msg="Removing /work/netlab_cicd/p1/clab-ml_41 directory..."
time="2025-05-06T22:09:39Z" level=info msg="Creating docker network: Name=\"nl_mgmt_41\", IPv4Subnet=\"192.168.41.0/24\", IPv6Subnet=\"\", MTU=0"
time="2025-05-06T22:09:39Z" level=info msg="Creating lab directory: /work/netlab_cicd/p1/clab-ml_41"
time="2025-05-06T22:09:39Z" level=info msg="Creating container: \"srv\""
time="2025-05-06T22:09:39Z" level=info msg="Creating container: \"r1\""
time="2025-05-06T22:09:39Z" level=info msg="Creating container: \"r2\""
time="2025-05-06T22:09:40Z" level=info msg="Created link: r2:eth1 <--> virbr3:ml_41_3_1"
time="2025-05-06T22:09:40Z" level=info msg="Created link: r1:eth1 <--> virbr2:ml_41_2_1"
time="2025-05-06T22:09:40Z" level=info msg="Created link: srv:eth1 <--> virbr4:ml_41_4_1"
time="2025-05-06T22:09:40Z" level=info msg="Adding containerlab host entries to /etc/hosts file"
time="2025-05-06T22:09:40Z" level=info msg="Adding ssh config for containerlab nodes"
time="2025-05-06T22:09:40Z" level=info msg="🎉 New containerlab version 0.68.0 is available! Release notes: https://containerlab.dev/rn/0.68/\nRun 'containerlab version upgrade' to upgrade or go check other installation options at https://containerlab.dev/install/\n"
[1m╭[0m[1m────────────────[0m[1m┬[0m[1m──────────────────────────────[0m[1m┬[0m[1m─────────[0m[1m┬[0m[1m────────────────[0m[1m╮[0m
[1m│[0m[1m      Name      [0m[1m│[0m[1m          Kind/Image          [0m[1m│[0m[1m  State  [0m[1m│[0m[1m IPv4/6 Address [0m[1m│[0m
[1m├[0m[1m────────────────[0m[1m┼[0m[1m──────────────────────────────[0m[1m┼[0m[1m─────────[0m[1m┼[0m[1m────────────────[0m[1m┤[0m
│ clab-ml_41-r1  │ linux                        │ running │ 192.168.41.102 │
│                │ quay.io/frrouting/frr:10.2.2 │         │ N/A            │
├────────────────┼──────────────────────────────┼─────────┼────────────────┤
│ clab-ml_41-r2  │ linux                        │ running │ 192.168.41.103 │
│                │ quay.io/frrouting/frr:10.2.2 │         │ N/A            │
├────────────────┼──────────────────────────────┼─────────┼────────────────┤
│ clab-ml_41-srv │ linux                        │ running │ 192.168.41.104 │
│                │ quay.io/frrouting/frr:10.2.2 │         │ N/A            │
╰────────────────┴──────────────────────────────┴─────────┴────────────────╯
Createdprovider configuration file: clab-augment.yml
Mapped clab_files/r1/daemons to r1:/etc/frr/daemons (from templates/provider/clab/frr/daemons.j2)
Mapped clab_files/r1/hosts to r1:/etc/hosts (from templates/provider/clab/frr/hosts.j2)
Mapped clab_files/r2/daemons to r2:/etc/frr/daemons (from templates/provider/clab/frr/daemons.j2)
Mapped clab_files/r2/hosts to r2:/etc/hosts (from templates/provider/clab/frr/hosts.j2)
Mapped clab_files/srv/daemons to srv:/etc/frr/daemons (from templates/provider/clab/frr/daemons.j2)
Mapped clab_files/srv/hosts to srv:/etc/hosts (from templates/provider/clab/frr/hosts.j2)
provider clab: executing sudo -E containerlab deploy --reconfigure -t clab-augment.yml

Initial configuration skipped, run 'netlab initial' to configure the devices
