time="2024-04-03T10:27:33Z" level=info msg="Containerlab v0.43.0 started"
time="2024-04-03T10:27:33Z" level=info msg="Parsing & checking topology file: clab.yml"
time="2024-04-03T10:27:33Z" level=info msg="Creating lab directory: /tmp/netlab_cicd/clab-bgp"
time="2024-04-03T10:27:34Z" level=info msg="Creating docker network: Name=\"netlab_mgmt\", IPv4Subnet=\"192.168.121.0/24\", IPv6Subnet=\"\", MTU=\"1500\""
time="2024-04-03T10:27:34Z" level=info msg="Creating container: \"x1\""
time="2024-04-03T10:27:34Z" level=info msg="Creating container: \"r1\""
time="2024-04-03T10:27:34Z" level=info msg="Creating container: \"dut\""
time="2024-04-03T10:27:34Z" level=info msg="Creating container: \"r2\""
time="2024-04-03T10:27:34Z" level=info msg="Creating container: \"rr2\""
time="2024-04-03T10:27:34Z" level=info msg="Creating virtual wire: rr2:eth1 <--> r1:eth2"
time="2024-04-03T10:27:34Z" level=info msg="Creating virtual wire: dut:swp1 <--> r1:eth1"
time="2024-04-03T10:27:34Z" level=info msg="Creating virtual wire: dut:swp2 <--> x1:eth1"
time="2024-04-03T10:27:35Z" level=info msg="Creating virtual wire: r1:eth3 <--> r2:eth1"
time="2024-04-03T10:27:35Z" level=info msg="Creating virtual wire: r1:eth4 <--> bgp_5:r1_eth4"
time="2024-04-03T10:27:35Z" level=info msg="Adding containerlab host entries to /etc/hosts file"
time="2024-04-03T10:27:35Z" level=info msg="🎉 New containerlab version 0.53.0 is available! Release notes: https://containerlab.dev/rn/0.53/\nRun 'containerlab version upgrade' to upgrade or go check other installation options at https://containerlab.dev/install/\n"
+---+--------------+--------------+-----------------------------+-------+---------+--------------------+--------------+
| # |     Name     | Container ID |            Image            | Kind  |  State  |    IPv4 Address    | IPv6 Address |
+---+--------------+--------------+-----------------------------+-------+---------+--------------------+--------------+
| 1 | clab-bgp-dut | 1d3d08e8e679 | networkop/cx:4.4.0          | cvx   | running | 192.168.121.101/24 | N/A          |
| 2 | clab-bgp-r1  | fa915a32637c | quay.io/frrouting/frr:9.1.0 | linux | running | 192.168.121.110/24 | N/A          |
| 3 | clab-bgp-r2  | 2ef905d93579 | quay.io/frrouting/frr:9.1.0 | linux | running | 192.168.121.103/24 | N/A          |
| 4 | clab-bgp-rr2 | 16a5e2446e6a | quay.io/frrouting/frr:9.1.0 | linux | running | 192.168.121.102/24 | N/A          |
| 5 | clab-bgp-x1  | ceb57ace442e | quay.io/frrouting/frr:9.1.0 | linux | running | 192.168.121.104/24 | N/A          |
+---+--------------+--------------+-----------------------------+-------+---------+--------------------+--------------+
Using transformed lab topology from snapshot file netlab.snapshot.yml
Checking virtualization provider installation
OK: clab installed and working correctly
Starting clab nodes
provider clab: executing sudo -E containerlab deploy -t clab.yml

Initial configuration skipped, run 'netlab initial' to configure the devices
