[WARNING]: Could not match supplied host pattern, ignoring: unprovisioned

PLAY [Deploy initial device configuration] *************************************

TASK [Set variables that cannot be set with VARS] ******************************
ok: [dut]
ok: [x1]
ok: [x2]
ok: [x3]

TASK [Find device readiness script] ********************************************
ok: [dut]
ok: [x1]
ok: [x2]
ok: [x3]

TASK [Wait for device to become ready] *****************************************
skipping: [dut]
skipping: [x1]
skipping: [x2]
skipping: [x3]

TASK [Deploy initial configuration] ********************************************
included: /home/pipi/net101/tools/netsim/ansible/tasks/deploy-module.yml for dut, x1, x2, x3

TASK [Figure out whether to deploy the module initial on current device] *******
ok: [dut]
ok: [x1]
ok: [x2]
ok: [x3]

TASK [Find configuration template for initial] *********************************
ok: [dut]
ok: [x1]
ok: [x2]
ok: [x3]

TASK [Print deployed configuration when running in verbose mode] ***************
skipping: [dut]
skipping: [x1]
skipping: [x2]
skipping: [x3]

TASK [Find configuration deployment deploy_script for initial] *****************
ok: [dut]
ok: [x1]
ok: [x2]
ok: [x3]

TASK [Deploy initial configuration] ********************************************
included: /home/pipi/net101/tools/netsim/ansible/tasks/deploy-config/cumulus.yml for dut
included: /home/pipi/net101/tools/netsim/ansible/tasks/deploy-config/frr.yml for x1, x2, x3

TASK [copy cumulus config to /tmp/config.sh] ***********************************
changed: [dut]

TASK [set_fact deployed_config] ************************************************
ok: [dut]

TASK [run /tmp/config.sh to deploy initial config from /home/pipi/net101/tools/netsim/ansible/templates/initial/cumulus.j2] ***
changed: [dut]

TASK [run vtysh to import initial config from /home/pipi/net101/tools/netsim/ansible/templates/initial/cumulus.j2] ***
skipping: [dut]

TASK [template] ****************************************************************
changed: [x3]
changed: [x2]
changed: [x1]

TASK [set_fact] ****************************************************************
ok: [x1]
ok: [x2]
ok: [x3]

TASK [run /tmp/config.sh to deploy initial config from /home/pipi/net101/tools/netsim/ansible/templates/initial/frr.j2] ***
changed: [x3]
changed: [x1]
changed: [x2]

TASK [run vtysh to import initial config from /home/pipi/net101/tools/netsim/ansible/templates/initial/frr.j2] ***
skipping: [x1]
skipping: [x2]
skipping: [x3]

PLAY [Deploy module-specific configurations] ***********************************

TASK [Set variables that cannot be set with VARS] ******************************
ok: [dut]
ok: [x1]
ok: [x2]
ok: [x3]

TASK [Deploy individual configuration modules] *********************************
included: /home/pipi/net101/tools/netsim/ansible/tasks/deploy-module.yml for dut, x1, x2, x3 => (item=bgp)

TASK [Figure out whether to deploy the module bgp on current device] ***********
ok: [dut]
ok: [x1]
ok: [x2]
ok: [x3]

TASK [Find configuration template for bgp] *************************************
ok: [dut]
ok: [x1]
ok: [x2]
ok: [x3]

TASK [Print deployed configuration when running in verbose mode] ***************
skipping: [dut]
skipping: [x1]
skipping: [x2]
skipping: [x3]

TASK [Find configuration deployment deploy_script for bgp] *********************
ok: [dut]
ok: [x1]
ok: [x2]
ok: [x3]

TASK [Deploy bgp configuration] ************************************************
included: /home/pipi/net101/tools/netsim/ansible/tasks/deploy-config/cumulus.yml for dut
included: /home/pipi/net101/tools/netsim/ansible/tasks/deploy-config/frr.yml for x1, x2, x3

TASK [copy cumulus config to /tmp/config.sh] ***********************************
changed: [dut]

TASK [set_fact deployed_config] ************************************************
ok: [dut]

TASK [run /tmp/config.sh to deploy bgp config from /home/pipi/net101/tools/netsim/ansible/templates/bgp/cumulus.j2] ***
skipping: [dut]

TASK [run vtysh to import bgp config from /home/pipi/net101/tools/netsim/ansible/templates/bgp/cumulus.j2] ***
changed: [dut]

TASK [template] ****************************************************************
changed: [x3]
changed: [x1]
changed: [x2]

TASK [set_fact] ****************************************************************
ok: [x1]
ok: [x2]
ok: [x3]

TASK [run /tmp/config.sh to deploy bgp config from /home/pipi/net101/tools/netsim/ansible/templates/bgp/frr.j2] ***
skipping: [x1]
skipping: [x2]
skipping: [x3]

TASK [run vtysh to import bgp config from /home/pipi/net101/tools/netsim/ansible/templates/bgp/frr.j2] ***
changed: [x2]
changed: [x1]
changed: [x3]

PLAY [Deploy custom deployment templates] **************************************
skipping: no hosts matched

PLAY RECAP *********************************************************************
dut                        : ok=19   changed=4    unreachable=0    failed=0    skipped=5    rescued=0    ignored=0   
x1                         : ok=19   changed=4    unreachable=0    failed=0    skipped=5    rescued=0    ignored=0   
x2                         : ok=19   changed=4    unreachable=0    failed=0    skipped=5    rescued=0    ignored=0   
x3                         : ok=19   changed=4    unreachable=0    failed=0    skipped=5    rescued=0    ignored=0   



Use this topology to test the IPv6 LLA EBGP implementation and
propagation of routes between EBGP speakers.

