Bringing machine 'spine' up with 'libvirt' provider...
[fog][WARNING] Unrecognized arguments: libvirt_ip_command
==> spine: No version detected for cisco/nexus9300v, using timestamp to watch for modifications. Consider
==> spine: generating a local metadata for the box with a version to allow better handling.
==> spine: See https://www.vagrantup.com/docs/boxes/format#box-metadata for further details.
==> spine: Creating image (snapshot of base box volume).
==> spine: Creating domain with the following settings...
==> spine:  -- Name:              ml_42_spine
==> spine:  -- Description:       Source: /work/netlab_cicd/p2/Vagrantfile
==> spine:  -- Domain type:       kvm
==> spine:  -- Cpus:              2
==> spine:  -- Feature:           acpi
==> spine:  -- Clock offset:      utc
==> spine:  -- Memory:            6144M
==> spine:  -- Management MAC:    08:4f:a9:01:00:00
==> spine:  -- Loader:            /usr/share/OVMF/OVMF_CODE.fd
==> spine:  -- Base box:          cisco/nexus9300v
==> spine:  -- Storage pool:      default
==> spine:  -- Image(sda):        /var/lib/libvirt/images/ml_42_spine.img, sata, 10G
==> spine:  -- Disk driver opts:  cache='none'
==> spine:  -- Graphics Type:     none
==> spine:  -- Video Type:        cirrus
==> spine:  -- Video VRAM:        16384
==> spine:  -- Video 3D accel:    false
==> spine:  -- Keymap:            en-us
==> spine:  -- TPM Backend:       passthrough
==> spine:  -- INPUT:             type=mouse, bus=ps2
==> spine: Creating shared folders metadata...
==> spine: Updating domain definition due to configuration change
==> spine: Starting domain.
==> spine: Waiting for domain to get an IP address...
==> spine: Waiting for machine to boot. This may take a few minutes...
    spine: SSH address: 192.168.42.101:22
    spine: SSH username: vagrant
    spine: SSH auth method: private key
==> spine: Machine booted and ready!
Using transformed lab topology from snapshot file netlab.snapshot.yml
Checking virtualization provider installation
OK: libvirt installed and working correctly
OK: clab installed and working correctly
Starting libvirt nodes
creating libvirt management network nl_mgmt_42
provider libvirt: executing vagrant up --provider libvirt
Starting clab nodes
Recreating clab-augment.yml configuration file for clab provider
time="2025-05-09T16:15:46Z" level=info msg="Containerlab v0.62.2 started"
time="2025-05-09T16:15:46Z" level=info msg="Parsing & checking topology file: clab-augment.yml"
time="2025-05-09T16:15:46Z" level=info msg="Removing /work/netlab_cicd/p2/clab-ml_42 directory..."
time="2025-05-09T16:15:46Z" level=info msg="Creating docker network: Name=\"nl_mgmt_42\", IPv4Subnet=\"192.168.42.0/24\", IPv6Subnet=\"\", MTU=0"
time="2025-05-09T16:15:46Z" level=info msg="Creating lab directory: /work/netlab_cicd/p2/clab-ml_42"
time="2025-05-09T16:15:46Z" level=info msg="Creating container: \"h1\""
time="2025-05-09T16:15:46Z" level=info msg="Creating container: \"l1\""
time="2025-05-09T16:15:46Z" level=info msg="Creating container: \"h2\""
time="2025-05-09T16:15:46Z" level=info msg="Creating container: \"l2\""
time="2025-05-09T16:15:47Z" level=info msg="Created link: h2:eth1 <--> l2:eth2"
time="2025-05-09T16:15:47Z" level=info msg="Created link: l2:eth1 <--> virbr2:ml_42_3_1"
time="2025-05-09T16:15:47Z" level=info msg="Created link: l1:eth1 <--> virbr1:ml_42_2_1"
time="2025-05-09T16:15:47Z" level=info msg="Created link: h1:eth1 <--> l1:eth2"
time="2025-05-09T16:15:47Z" level=info msg="Adding containerlab host entries to /etc/hosts file"
time="2025-05-09T16:15:47Z" level=info msg="Adding ssh config for containerlab nodes"
time="2025-05-09T16:15:47Z" level=info msg="🎉 New containerlab version 0.68.0 is available! Release notes: https://containerlab.dev/rn/0.68/\nRun 'containerlab version upgrade' to upgrade or go check other installation options at https://containerlab.dev/install/\n"
[1m╭[0m[1m───────────────[0m[1m┬[0m[1m──────────────────────────────[0m[1m┬[0m[1m─────────[0m[1m┬[0m[1m────────────────[0m[1m╮[0m
[1m│[0m[1m      Name     [0m[1m│[0m[1m          Kind/Image          [0m[1m│[0m[1m  State  [0m[1m│[0m[1m IPv4/6 Address [0m[1m│[0m
[1m├[0m[1m───────────────[0m[1m┼[0m[1m──────────────────────────────[0m[1m┼[0m[1m─────────[0m[1m┼[0m[1m────────────────[0m[1m┤[0m
│ clab-ml_42-h1 │ linux                        │ running │ 192.168.42.104 │
│               │ python:3.13-alpine           │         │ N/A            │
├───────────────┼──────────────────────────────┼─────────┼────────────────┤
│ clab-ml_42-h2 │ linux                        │ running │ 192.168.42.105 │
│               │ python:3.13-alpine           │         │ N/A            │
├───────────────┼──────────────────────────────┼─────────┼────────────────┤
│ clab-ml_42-l1 │ linux                        │ running │ 192.168.42.102 │
│               │ quay.io/frrouting/frr:10.2.2 │         │ N/A            │
├───────────────┼──────────────────────────────┼─────────┼────────────────┤
│ clab-ml_42-l2 │ linux                        │ running │ 192.168.42.103 │
│               │ quay.io/frrouting/frr:10.2.2 │         │ N/A            │
╰───────────────┴──────────────────────────────┴─────────┴────────────────╯
Createdprovider configuration file: clab-augment.yml
Mapped clab_files/h1/hosts to h1:/etc/hosts (from templates/provider/clab/linux/hosts.j2)
Mapped clab_files/h2/hosts to h2:/etc/hosts (from templates/provider/clab/linux/hosts.j2)
Mapped clab_files/l1/daemons to l1:/etc/frr/daemons (from templates/provider/clab/frr/daemons.j2)
Mapped clab_files/l1/hosts to l1:/etc/hosts (from templates/provider/clab/frr/hosts.j2)
Mapped clab_files/l2/daemons to l2:/etc/frr/daemons (from templates/provider/clab/frr/daemons.j2)
Mapped clab_files/l2/hosts to l2:/etc/hosts (from templates/provider/clab/frr/hosts.j2)
provider clab: executing sudo -E containerlab deploy --reconfigure -t clab-augment.yml

Initial configuration skipped, run 'netlab initial' to configure the devices
