Using transformed lab topology from snapshot file netlab.snapshot.pickle
Checking virtualization provider installation
OK: clab installed and working correctly
Starting clab nodes
provider clab: executing sudo -E containerlab deploy --reconfigure -t clab.yml
16:56:32 INFO Containerlab started version=0.73.0
16:56:32 INFO Parsing & checking topology file=clab.yml
16:56:32 INFO Removing directory path=/work/netlab_cicd/clab-ml-17
16:56:32 INFO Creating docker network name=nl_mgmt_17 IPv4 subnet=192.168.17.0/24 IPv6 subnet="" MTU=0
16:56:32 INFO Creating lab directory path=/work/netlab_cicd/clab-ml-17
16:56:32 INFO Creating container name=rc
16:56:32 INFO Creating container name=r2
16:56:32 INFO Creating container name=x1
16:56:32 WARN node "dut": kind is nokia_srsim but the provided image does not have the correct labels; please use a valid SR-SIM container image or run a more recent version of the SR-SIM container image to suppress this warning
16:56:32 INFO Retrieved SR OS version from image node=dut version=25.7.R1
16:56:32 INFO Creating container name=dut
16:56:33 INFO Created link: dut:e1-1-c2-1 (1/1/c2/1) ▪┄┄▪ x1:eth1
16:56:33 INFO Running postdeploy actions kind=nokia_srsim node=dut
16:56:33 INFO Created link: dut:e1-1-c1-1 (1/1/c1/1) ▪┄┄▪ r2:eth1
16:56:33 INFO Created link: rc:eth1 ▪┄┄▪ r2:eth2
16:56:39 INFO Saving node "clab-ml-17-dut" config as startup...
16:56:39 INFO Saved running configuration node=dut addr=192.168.17.101 config-mode=model-driven
16:56:39 INFO Executed command node=x1 command="sleep 1" stdout=""
16:56:39 INFO Executed command node=rc command="sleep 1" stdout=""
16:56:39 INFO Executed command node=r2 command="sleep 1" stdout=""
16:56:39 INFO Adding host entries path=/etc/hosts
16:56:39 INFO Adding SSH config for nodes path=/etc/ssh/ssh_config.d/clab-ml-17.conf
[1m╭[0m[1m────────────────[0m[1m┬[0m[1m──────────────────────────────[0m[1m┬[0m[1m─────────[0m[1m┬[0m[1m────────────────[0m[1m╮[0m
[1m│[0m[1m      Name      [0m[1m│[0m[1m          Kind/Image          [0m[1m│[0m[1m  State  [0m[1m│[0m[1m IPv4/6 Address [0m[1m│[0m
[1m├[0m[1m────────────────[0m[1m┼[0m[1m──────────────────────────────[0m[1m┼[0m[1m─────────[0m[1m┼[0m[1m────────────────[0m[1m┤[0m
│ clab-ml-17-dut │ nokia_srsim                  │ running │ 192.168.17.101 │
│                │ nokia_srsim:25.7.R1          │         │ N/A            │
├────────────────┼──────────────────────────────┼─────────┼────────────────┤
│ clab-ml-17-r2  │ linux                        │ running │ 192.168.17.102 │
│                │ quay.io/frrouting/frr:10.5.1 │         │ N/A            │
├────────────────┼──────────────────────────────┼─────────┼────────────────┤
│ clab-ml-17-rc  │ linux                        │ running │ 192.168.17.110 │
│                │ quay.io/frrouting/frr:10.5.1 │         │ N/A            │
├────────────────┼──────────────────────────────┼─────────┼────────────────┤
│ clab-ml-17-x1  │ linux                        │ running │ 192.168.17.103 │
│                │ quay.io/frrouting/frr:10.5.1 │         │ N/A            │
╰────────────────┴──────────────────────────────┴─────────┴────────────────╯

Initial configuration skipped, run 'netlab initial' to configure the devices
