[WARNING]: Could not match supplied host pattern, ignoring: unprovisioned

PLAY [Deploy initial device configuration] *************************************

TASK [Set variables that cannot be set with VARS] ******************************
ok: [dut]
ok: [t_1300]
ok: [t_1400]
ok: [p1]

TASK [Find device readiness script] ********************************************
ok: [dut]
ok: [t_1400]
ok: [t_1300]
ok: [p1]

TASK [Wait for device to become ready] *****************************************
skipping: [dut]
skipping: [t_1300]
skipping: [t_1400]
included: /home/pipi/net101/tools/netsim/ansible/tasks/readiness-check/eos-clab.yml for p1

TASK [Wait for cEOS SSH daemon to start] ***************************************
ok: [p1]

TASK [Normalize config on bridge-like devices] *********************************
included: /home/pipi/net101/tools/netsim/ansible/tasks/deploy-module.yml for dut, p1, t_1300, t_1400

TASK [Figure out whether to deploy the module normalize on current device] *****
ok: [dut]
ok: [t_1300]
ok: [t_1400]
ok: [p1]

TASK [Find configuration template for normalize] *******************************
ok: [dut]
ok: [t_1300]
ok: [t_1400]
ok: [p1]

TASK [fail] ********************************************************************
skipping: [dut]
skipping: [p1]
skipping: [t_1300]
skipping: [t_1400]

TASK [Print deployed configuration when running in verbose mode] ***************
skipping: [dut]
skipping: [t_1300]
skipping: [t_1400]
ok: [p1] => 
  msg: |-
    normalize configuration for p1
    =========================================
    !
    interface Ethernet1
     no switchport
     mac-address 52dc.cafe.0201

TASK [Find configuration deployment deploy_script for normalize] ***************
skipping: [dut]
skipping: [t_1300]
skipping: [t_1400]
ok: [p1]

TASK [Deploy normalize configuration] ******************************************
skipping: [dut]
skipping: [t_1300]
skipping: [t_1400]
included: /home/pipi/net101/tools/netsim/ansible/tasks/deploy-config/eos.yml for p1

TASK [eos_config: deploying normalize from /home/pipi/net101/tools/netsim/ansible/templates/normalize/eos.j2] ***
[WARNING]: To ensure idempotency and correct diff the input configuration lines
should be similar to how they appear if present in the running configuration on
device including the indentation
changed: [p1]

TASK [Deploy initial configuration] ********************************************
included: /home/pipi/net101/tools/netsim/ansible/tasks/deploy-module.yml for dut, p1, t_1300, t_1400

TASK [Figure out whether to deploy the module initial on current device] *******
ok: [dut]
ok: [t_1300]
ok: [t_1400]
ok: [p1]

TASK [Find configuration template for initial] *********************************
ok: [dut]
ok: [t_1300]
ok: [t_1400]
ok: [p1]

TASK [fail] ********************************************************************
skipping: [dut]
skipping: [p1]
skipping: [t_1300]
skipping: [t_1400]

TASK [Print deployed configuration when running in verbose mode] ***************
ok: [dut] => 
  msg: |-
    initial configuration for dut
    =========================================
    #!/bin/bash
    #
    set -e
    #
    # Create bash profile script
    #
    cat <<SCRIPT >/root/.bash_profile
    #!/bin/bash
    #
    export PS1="\h(bash)#"
    echo "Use vtysh to connect to FRR daemon"
    echo
    SCRIPT
    #
    # Build hosts file
    #
    echo "INIT: setting hostname"
    hostname dut
    #
    #
    # Build hosts file
    #
    #
    cat <<SCRIPT >/tmp/hosts
    #
    # Created by netlab initial
    #
    10.0.0.1 dut
    2001:db8:0:1::1 dut
    172.16.0.1 swp1.dut
    2001:db8:1::1 swp1.dut
    172.16.1.1 swp2.dut
    2001:db8:1:1::1 swp2.dut
    172.16.2.1 swp3.dut
    2001:db8:1:2::1 swp3.dut
    10.0.0.2 p1
    2001:db8:0:2::1 p1
    172.16.0.2 Ethernet1.p1
    2001:db8:1::2 Ethernet1.p1
    172.16.2.3 t_1300 eth1.t_1300
    2001:db8:1:2::3 t_1300 eth1.t_1300
    172.16.1.4 t_1400 eth1.t_1400
    2001:db8:1:1::4 t_1400 eth1.t_1400
    SCRIPT
    grep "Created by netlab" /etc/hosts || uniq /tmp/hosts >>/etc/hosts
    #
    # Disable ZTP
    #
    ztp --disable
    #
    #
  
    echo "INIT: Configuring system wide default MTU policy"
    cat > /etc/network/ifupdown2/policy.d/mtu.json <<CONFIG
    { "address": { "defaults": { "mtu": "1300" } } }
    CONFIG
    #
    echo "INIT: creating loopback interface"
    #
    # Create loopback interface entry
    #
    cat >/etc/network/interfaces.d/10-loopback.intf <<CONFIG
    auto lo
    iface lo inet loopback
      address 10.0.0.1/32
    iface lo inet6 loopback
      address 2001:db8:0:1::1/64
  
    CONFIG
    #
    until ifreload -a; do
      sleep 1
    done
    #
    echo "INIT: creating other interface"
    cat >/etc/network/interfaces.d/11-physical.intf <<CONFIG
    auto swp1
  
    iface swp1 inet static
      mtu 1500
      address 172.16.0.1/24
  
    iface swp1 inet6 static
      mtu 1500
      address 2001:db8:1::1/64
    auto swp2
  
    iface swp2 inet static
      mtu 1400
      address 172.16.1.1/24
  
    iface swp2 inet6 static
      mtu 1400
      address 2001:db8:1:1::1/64
    auto swp3
  
    iface swp3 inet static
      address 172.16.2.1/24
  
    iface swp3 inet6 static
      address 2001:db8:1:2::1/64
    CONFIG
    #
    echo "INIT: executing ifreload"
    until ifreload -a; do
      sleep 1
    done
    #
    # For whatever crazy reason, I had to enable IPv6 in containers
    #
    sysctl -qw net.ipv6.conf.swp1.disable_ipv6=0
    sysctl -qw net.ipv6.conf.swp2.disable_ipv6=0
    sysctl -qw net.ipv6.conf.swp3.disable_ipv6=0
    #
    # Enable FRR modules for none
    #
    #
    # Enable FRR daemons
    #
  
    systemctl enable frr.service
    systemctl start frr.service
    systemctl reload frr.service
    #
    # Rest of initial configuration done through VTYSH
    #
    cat >/tmp/config <<CONFIG
    ipv6 forwarding
    !
    interface swp1
    ! no shutdown
     description dut -> p1
     ipv6 nd ra-interval 5
     no ipv6 nd suppress-ra
     bandwidth 1000
    !
    interface swp2
    ! no shutdown
     description dut -> t_1400 [stub]
     ipv6 nd ra-interval 5
     no ipv6 nd suppress-ra
    !
    interface swp3
    ! no shutdown
     description dut -> t_1300 [stub]
     ipv6 nd ra-interval 5
     no ipv6 nd suppress-ra
    !
    do write
    CONFIG
    vtysh -f /tmp/config
    #
    # Enable LLDP
    #
    echo "INIT: enabling LLDP"
    cat <<CONFIG >/etc/lldpd.d/system.conf
    configure lldp tx-interval 30
    configure lldp tx-hold 3
    configure system interface pattern *,!eth0,swp*
    CONFIG
    service lldpd restart
ok: [t_1300] => 
  msg: |-
    initial configuration for t_1300
    =========================================
    #!/bin/bash
    #
    set -e
    #
    # Create bash profile script
    #
    cat <<SCRIPT >/root/.bash_profile
    #!/bin/bash
    #
    export PS1="\h(bash)$ "
    SCRIPT
    hostname t-1300
    #
    # Build hosts file
    #
    #
    cat <<SCRIPT >/tmp/hosts
    #
    # Created by netlab initial
    #
    10.0.0.1 dut
    2001:db8:0:1::1 dut
    172.16.0.1 swp1.dut
    2001:db8:1::1 swp1.dut
    172.16.1.1 swp2.dut
    2001:db8:1:1::1 swp2.dut
    172.16.2.1 swp3.dut
    2001:db8:1:2::1 swp3.dut
    10.0.0.2 p1
    2001:db8:0:2::1 p1
    172.16.0.2 Ethernet1.p1
    2001:db8:1::2 Ethernet1.p1
    172.16.2.3 t_1300 eth1.t_1300
    2001:db8:1:2::3 t_1300 eth1.t_1300
    172.16.1.4 t_1400 eth1.t_1400
    2001:db8:1:1::4 t_1400 eth1.t_1400
    SCRIPT
    grep "Created by netlab" /etc/hosts || uniq /tmp/hosts >>/etc/hosts
    # It seems on the Vagrant box for ubuntu 20.04, DNS Servers are hardcoded as 4.2.2.1 & Co.
    # This is annoying on a network with filtered DNS.
    # DNSMasq server used for giving out DHCP addresses on the management network is able to act as a DNS Server.
    # Let's use that.
    #
    # (Overwrite netplan config to remove DNS stuff)
    echo -n 'Starting initial config ' && date
    cat <<SCRIPT >/etc/netplan/01-netcfg.yaml
    network:
      version: 2
      renderer: networkd
      ethernets:
        eth0:
          dhcp4: true
          dhcp6: false
          optional: true
    SCRIPT
    netplan apply
  
    # (Overwrite resolved config to remove DNS stuff)
    cat <<SCRIPT > /etc/systemd/resolved.conf
    [Resolve]
    DNS=
    FallbackDNS=
    Domains=
    DNSOverTLS=no
    Cache=yes
    DNSStubListener=yes
    SCRIPT
  
    systemctl restart systemd-resolved
  
    # Set persistent hostname
    hostnamectl set-hostname t_1300
  
    NEED_APT_UPDATE=YES
  
    # Sysctl settings: IPv4/IPv6 forwarding, IPv6 LLA
    #
    cat <<SCRIPT > /etc/sysctl.d/10-netsim.conf
    net.ipv4.ip_forward=0
    net.ipv6.conf.all.forwarding=0
  
    net.ipv6.conf.eth1.disable_ipv6=0
  
    SCRIPT
    sysctl -p /etc/sysctl.d/10-netsim.conf
  
    # Loopback addressing
  
    # Interface addressing and bonds, including any static routes
    cat <<SCRIPT > /etc/netplan/03-eth-eth1.yaml
    network:
      version: 2
      renderer: networkd
      ethernets:
        eth1:
          addresses:
            - 172.16.2.3/24
            - 2001:db8:1:2::3/64
          routes:
          - to: 172.16.0.0/16
            via: 172.16.2.1
          - to: 10.0.0.0/24
            via: 172.16.2.1
          - to: 10.1.0.0/16
            via: 172.16.2.1
          - to: 10.2.0.0/24
            via: 172.16.2.1
    SCRIPT
  
    echo -n 'Starting netplan generate ' && date
    netplan generate
    echo -n 'Starting netplan apply ' && date
    nohup netplan apply &
ok: [t_1400] => 
  msg: |-
    initial configuration for t_1400
    =========================================
    #!/bin/bash
    #
    set -e
    #
    # Create bash profile script
    #
    cat <<SCRIPT >/root/.bash_profile
    #!/bin/bash
    #
    export PS1="\h(bash)$ "
    SCRIPT
    hostname t-1400
    #
    # Build hosts file
    #
    #
    cat <<SCRIPT >/tmp/hosts
    #
    # Created by netlab initial
    #
    10.0.0.1 dut
    2001:db8:0:1::1 dut
    172.16.0.1 swp1.dut
    2001:db8:1::1 swp1.dut
    172.16.1.1 swp2.dut
    2001:db8:1:1::1 swp2.dut
    172.16.2.1 swp3.dut
    2001:db8:1:2::1 swp3.dut
    10.0.0.2 p1
    2001:db8:0:2::1 p1
    172.16.0.2 Ethernet1.p1
    2001:db8:1::2 Ethernet1.p1
    172.16.2.3 t_1300 eth1.t_1300
    2001:db8:1:2::3 t_1300 eth1.t_1300
    172.16.1.4 t_1400 eth1.t_1400
    2001:db8:1:1::4 t_1400 eth1.t_1400
    SCRIPT
    grep "Created by netlab" /etc/hosts || uniq /tmp/hosts >>/etc/hosts
    # It seems on the Vagrant box for ubuntu 20.04, DNS Servers are hardcoded as 4.2.2.1 & Co.
    # This is annoying on a network with filtered DNS.
    # DNSMasq server used for giving out DHCP addresses on the management network is able to act as a DNS Server.
    # Let's use that.
    #
    # (Overwrite netplan config to remove DNS stuff)
    echo -n 'Starting initial config ' && date
    cat <<SCRIPT >/etc/netplan/01-netcfg.yaml
    network:
      version: 2
      renderer: networkd
      ethernets:
        eth0:
          dhcp4: true
          dhcp6: false
          optional: true
    SCRIPT
    netplan apply
  
    # (Overwrite resolved config to remove DNS stuff)
    cat <<SCRIPT > /etc/systemd/resolved.conf
    [Resolve]
    DNS=
    FallbackDNS=
    Domains=
    DNSOverTLS=no
    Cache=yes
    DNSStubListener=yes
    SCRIPT
  
    systemctl restart systemd-resolved
  
    # Set persistent hostname
    hostnamectl set-hostname t_1400
  
    NEED_APT_UPDATE=YES
  
    # Sysctl settings: IPv4/IPv6 forwarding, IPv6 LLA
    #
    cat <<SCRIPT > /etc/sysctl.d/10-netsim.conf
    net.ipv4.ip_forward=0
    net.ipv6.conf.all.forwarding=0
  
    net.ipv6.conf.eth1.disable_ipv6=0
  
    SCRIPT
    sysctl -p /etc/sysctl.d/10-netsim.conf
  
    # Loopback addressing
  
    # Interface addressing and bonds, including any static routes
    cat <<SCRIPT > /etc/netplan/03-eth-eth1.yaml
    network:
      version: 2
      renderer: networkd
      ethernets:
        eth1:
          addresses:
            - 172.16.1.4/24
            - 2001:db8:1:1::4/64
          routes:
          - to: 172.16.0.0/16
            via: 172.16.1.1
          - to: 10.0.0.0/24
            via: 172.16.1.1
          - to: 10.1.0.0/16
            via: 172.16.1.1
          - to: 10.2.0.0/24
            via: 172.16.1.1
    SCRIPT
  
    echo -n 'Starting netplan generate ' && date
    netplan generate
    echo -n 'Starting netplan apply ' && date
    nohup netplan apply &
ok: [p1] => 
  msg: |-
    initial configuration for p1
    =========================================
    hostname p1
    !
    logging monitor debugging
    aaa authorization exec default local
    !
    lldp run
    ip routing
    ipv6 unicast-routing
    !
    !
    ip host dut 10.0.0.1 172.16.0.1 172.16.1.1 172.16.2.1
    ip host t1300 172.16.2.3
    ip host t1400 172.16.1.4
    ipv6 host dut 2001:db8:0:1::1
    ipv6 host t1300 2001:db8:1:2::3
    ipv6 host t1400 2001:db8:1:1::4
    !
    interface Management0
     no lldp transmit
     no lldp receive
    !
    interface Loopback0
     ip address 10.0.0.2/32
     ipv6 nd ra interval 5
     ipv6 address 2001:db8:0:2::1/64
    !
    interface Ethernet1
     no switchport
     mtu 1500
     description p1 -> dut
     ip address 172.16.0.2/24
     ipv6 nd ra interval 5
     ipv6 address 2001:db8:1::2/64
    !
     mac-address 52dc.cafe.0201
     no shutdown
    !

TASK [Find configuration deployment deploy_script for initial] *****************
ok: [dut]
ok: [t_1300]
ok: [t_1400]
ok: [p1]

TASK [Deploy initial configuration] ********************************************
included: /home/pipi/net101/tools/netsim/ansible/tasks/deploy-config/cumulus.yml for dut
included: /home/pipi/net101/tools/netsim/ansible/tasks/deploy-config/eos.yml for p1
included: /home/pipi/net101/tools/netsim/ansible/tasks/deploy-config/linux.yml for t_1300, t_1400

TASK [Render device configuration from /home/pipi/net101/tools/netsim/ansible/templates/initial/cumulus.j2] ***
ok: [dut]

TASK [Create local temporary file] *********************************************
changed: [dut -> localhost]

TASK [Create initial config script in local temporary file] ********************
changed: [dut -> localhost]

TASK [Execute local config script on Cumulus node] *****************************
changed: [dut]

TASK [Remove temporary file /tmp/ansible.dut.8ursnql7temp] *********************
changed: [dut -> localhost]

TASK [eos_config: deploying initial from /home/pipi/net101/tools/netsim/ansible/templates/initial/eos.j2] ***
changed: [p1]

TASK [template] ****************************************************************
changed: [t_1400]
changed: [t_1300]

TASK [Execute /tmp/config.sh to deploy initial config from /home/pipi/net101/tools/netsim/ansible/templates/initial/linux.j2] ***
changed: [t_1300]
changed: [t_1400]

PLAY [Deploy module-specific configurations] ***********************************

TASK [Set variables that cannot be set with VARS] ******************************
ok: [p1]

TASK [Deploy individual configuration modules] *********************************
included: /home/pipi/net101/tools/netsim/ansible/tasks/deploy-module.yml for p1 => (item=routing)

TASK [Figure out whether to deploy the module routing on current device] *******
ok: [p1]

TASK [Find configuration template for routing] *********************************
ok: [p1]

TASK [fail] ********************************************************************
skipping: [p1]

TASK [Print deployed configuration when running in verbose mode] ***************
ok: [p1] => 
  msg: |-
    routing configuration for p1
    =========================================
    !
    !
    ! AS-path access lists
    !
    !
    ! Static routes
    !
    ip route 0.0.0.0/0 Ethernet1 172.16.0.1
    ipv6 route ::/0 Ethernet1 2001:db8:1::1

TASK [Find configuration deployment deploy_script for routing] *****************
ok: [p1]

TASK [Deploy routing configuration] ********************************************
included: /home/pipi/net101/tools/netsim/ansible/tasks/deploy-config/eos.yml for p1

TASK [eos_config: deploying routing from /home/pipi/net101/tools/netsim/ansible/templates/routing/eos.j2] ***
changed: [p1]

PLAY [Deploy custom deployment templates] **************************************
skipping: no hosts matched

PLAY RECAP *********************************************************************
dut                        : ok=16   changed=4    unreachable=0    failed=0    skipped=6    rescued=0    ignored=0   
p1                         : ok=26   changed=3    unreachable=0    failed=0    skipped=3    rescued=0    ignored=0   
t_1300                     : ok=13   changed=2    unreachable=0    failed=0    skipped=6    rescued=0    ignored=0   
t_1400                     : ok=13   changed=2    unreachable=0    failed=0    skipped=6    rescued=0    ignored=0   



This scenario tests MTU configuration and path MTU discovery (generation of ICMP unreachables)
