Bringing machine 'r' up with 'libvirt' provider...
==> r: No version detected for cisco/nexus9300v, using timestamp to watch for modifications. Consider
==> r: generating a local metadata for the box with a version to allow better handling.
==> r: See https://www.vagrantup.com/docs/boxes/format#box-metadata for further details.
==> r: Creating image (snapshot of base box volume).
==> r: Creating domain with the following settings...
==> r:  -- Name:              ml_17_r
==> r:  -- Description:       Source: /tmp/netlab_cicd/Vagrantfile
==> r:  -- Domain type:       kvm
==> r:  -- Cpus:              2
==> r:  -- Feature:           acpi
==> r:  -- Clock offset:      utc
==> r:  -- Memory:            6144M
==> r:  -- Management MAC:    08:4f:a9:00:00:01
==> r:  -- Loader:            /usr/share/OVMF/OVMF_CODE.fd
==> r:  -- Base box:          cisco/nexus9300v
==> r:  -- Storage pool:      default
==> r:  -- Image(sda):        /var/lib/libvirt/images/ml_17_r.img, sata, 10G
==> r:  -- Disk driver opts:  cache='none'
==> r:  -- Graphics Type:     none
==> r:  -- Video Type:        cirrus
==> r:  -- Video VRAM:        16384
==> r:  -- Video 3D accel:    false
==> r:  -- Keymap:            en-us
==> r:  -- TPM Backend:       passthrough
==> r:  -- INPUT:             type=mouse, bus=ps2
==> r: Creating shared folders metadata...
==> r: Updating domain definition due to configuration change
==> r: Starting domain.
==> r: Waiting for domain to get an IP address...
==> r: Waiting for machine to boot. This may take a few minutes...
    r: SSH address: 192.168.17.101:22
    r: SSH username: vagrant
    r: SSH auth method: private key
==> r: Machine booted and ready!
Using transformed lab topology from snapshot file netlab.snapshot.yml
Checking virtualization provider installation
OK: libvirt installed and working correctly
Starting libvirt nodes
creating libvirt management network nl_mgmt_17
provider libvirt: executing vagrant up --provider libvirt

Initial configuration skipped, run 'netlab initial' to configure the devices
