Warning in ansible: You're using Ansible version 12.x or higher; netlab might not work correctly
... Ansible core version 2.19 introduced breaking changes in templates and playbooks
... We tested netlab core with Ansible version 12.x but not every device template
... You might want to downgrade Ansible to version 11.10 or lower.
... Use 'netlab install ansible' on Ubuntu to do that
... Finally, please open a GitHub issue if you experience errors/crashes
... Set defaults.ansible.warnings.ver12 to False to hide this warning
 [INFO] Checking for updates in configuration templates
 [INFO] Creating configuration snippets
[WARNING]: Could not match supplied host pattern, ignoring: unprovisioned
[WARNING]: Found variable using reserved name 'hosts'.
Origin: /work/netlab_cicd/group_vars/all/topology.yml:157:1

155     ipv4: 10.2.0.0/24
156     prefix: 32
157 hosts:
    ^ column 1


PLAY [Deploy initial device configuration] *************************************

TASK [Set variables that cannot be set with VARS] ******************************
ok: [dut]
ok: [p1]
ok: [p2]
ok: [xf]

TASK [Generic readiness tests] *************************************************
skipping: [dut]
skipping: [p1]
skipping: [p2]
skipping: [xf]

TASK [Find device readiness script] ********************************************
ok: [dut]
ok: [p1]
ok: [p2]
ok: [xf]

TASK [Wait for device to become ready] *****************************************
skipping: [dut]
skipping: [p1]
skipping: [p2]
skipping: [xf]

TASK [Normalize config on bridge-like devices] *********************************
included: /home/pipi/netlab_gh/netsim/ansible/tasks/deploy-module.yml for dut
included: /home/pipi/netlab_gh/netsim/ansible/tasks/deploy-module.yml for p1
included: /home/pipi/netlab_gh/netsim/ansible/tasks/deploy-module.yml for p2
included: /home/pipi/netlab_gh/netsim/ansible/tasks/deploy-module.yml for xf

TASK [Figure out whether to deploy the module normalize on current device] *****
ok: [dut]

TASK [Find configuration template for normalize] *******************************
ok: [dut]

TASK [fail] ********************************************************************
skipping: [dut]

TASK [Find configuration deployment deploy_script for normalize] ***************
ok: [dut]

TASK [Print deployed configuration when running in verbose mode] ***************
skipping: [dut]

TASK [Deploy normalize configuration] ******************************************
skipping: [dut]

TASK [Figure out whether to deploy the module normalize on current device] *****
ok: [p1]

TASK [Find configuration template for normalize] *******************************
ok: [p1]

TASK [fail] ********************************************************************
skipping: [p1]

TASK [Find configuration deployment deploy_script for normalize] ***************
ok: [p1]

TASK [Print deployed configuration when running in verbose mode] ***************
skipping: [p1]

TASK [Deploy normalize configuration] ******************************************
skipping: [p1]

TASK [Figure out whether to deploy the module normalize on current device] *****
ok: [p2]

TASK [Find configuration template for normalize] *******************************
ok: [p2]

TASK [fail] ********************************************************************
skipping: [p2]

TASK [Find configuration deployment deploy_script for normalize] ***************
ok: [p2]

TASK [Print deployed configuration when running in verbose mode] ***************
skipping: [p2]

TASK [Deploy normalize configuration] ******************************************
skipping: [p2]

TASK [Figure out whether to deploy the module normalize on current device] *****
ok: [xf]

TASK [Find configuration template for normalize] *******************************
ok: [xf]

TASK [fail] ********************************************************************
skipping: [xf]

TASK [Find configuration deployment deploy_script for normalize] ***************
ok: [xf]

TASK [Print deployed configuration when running in verbose mode] ***************
skipping: [xf]

TASK [Deploy normalize configuration] ******************************************
skipping: [xf]

TASK [Deploy initial configuration] ********************************************
included: /home/pipi/netlab_gh/netsim/ansible/tasks/deploy-module.yml for dut
included: /home/pipi/netlab_gh/netsim/ansible/tasks/deploy-module.yml for p1
included: /home/pipi/netlab_gh/netsim/ansible/tasks/deploy-module.yml for p2
included: /home/pipi/netlab_gh/netsim/ansible/tasks/deploy-module.yml for xf

TASK [Figure out whether to deploy the module initial on current device] *******
ok: [dut]

TASK [Find configuration template for initial] *********************************
ok: [dut]

TASK [fail] ********************************************************************
skipping: [dut]

TASK [Find configuration deployment deploy_script for initial] *****************
ok: [dut]

TASK [Print deployed configuration when running in verbose mode] ***************
ok: [dut] => {
    "msg": "initial configuration for dut\n=========================================\n\nupdates:\n\n- path: /interface[name=system0]/subinterface[index=0]\n  value:\n   description: \"No description\"\n   admin-state: enable\n   ipv4:\n    admin-state: enable\n    address:\n    - ip-prefix: \"10.0.0.1/32\"\n\n- path: /interface[name=ethernet-1/1]\n  value:\n   description: \"dut ~ p1\"\n   subinterface:\n    index: 0\n    description: \"dut ~ p1\"\n\n- path: /interface[name=ethernet-1/1]/subinterface[index=0]\n  value:\n   description: \"dut ~ p1\"\n   admin-state: enable\n   ipv4:\n    admin-state: enable\n    address:\n    - ip-prefix: \"10.1.0.1/30\"\n      primary: [null]\n\n- path: /interface[name=ethernet-1/2]\n  value:\n   description: \"dut ~ p2\"\n   subinterface:\n    index: 0\n    description: \"dut ~ p2\"\n\n- path: /interface[name=ethernet-1/2]/subinterface[index=0]\n  value:\n   description: \"dut ~ p2\"\n   admin-state: enable\n   ipv4:\n    admin-state: enable\n    address:\n    - ip-prefix: \"10.1.0.5/30\"\n      primary: [null]\n\n- path: /interface[name=ethernet-1/3]\n  value:\n   description: \"dut ~ xf\"\n   subinterface:\n    index: 0\n    description: \"dut ~ xf\"\n\n- path: /interface[name=ethernet-1/3]/subinterface[index=0]\n  value:\n   description: \"dut ~ xf\"\n   admin-state: enable\n   ipv4:\n    admin-state: enable\n    address:\n    - ip-prefix: \"10.1.0.9/30\"\n      primary: [null]\n\n- path: /interface[name=lo0]\n  value:\n   description: \"VRF Loopback d2\"\n   subinterface:\n    index: 1\n    description: \"VRF Loopback d2\"\n\n- path: /interface[name=lo0]/subinterface[index=1]\n  value:\n   description: \"VRF Loopback d2\"\n   admin-state: enable\n   ipv4:\n    admin-state: enable\n    address:\n    - ip-prefix: \"192.168.43.1/32\"\n      primary: [null]\n\n\n\n- path: /network-instance[name=default]\n  value:\n   type: default\n   interface:\n   - name: system0.0\n\n\n\n\n# TODO: vdata.rd, vdata.import/export, vdata.af\n- path: /network-instance[name=d2]\n  value:\n   type: ip-vrf\n   interface:\n   - name: ethernet-1/2.0\n- path: /network-instance[name=d2]\n  value:\n   type: ip-vrf\n   interface:\n   - name: ethernet-1/3.0\n- path: /network-instance[name=d2]\n  value:\n   type: ip-vrf\n   interface:\n   - name: lo0.1\n\n\n\n# TODO: vdata.rd, vdata.import/export, vdata.af\n- path: /network-instance[name=d1]\n  value:\n   type: ip-vrf\n   interface:\n   - name: ethernet-1/1.0\n\n\n"
}

TASK [Deploy initial configuration] ********************************************
included: /home/pipi/netlab_gh/netsim/ansible/tasks/deploy-config/srlinux.yml for dut

TASK [Generate JSON-RPC YAML configuration] ************************************
ok: [dut]

TASK [Update SRL initial node configuration (template=/work/netlab_cicd/node_files/dut/initial)] ***
changed: [dut]

TASK [debug] *******************************************************************
skipping: [dut]

TASK [Figure out whether to deploy the module initial on current device] *******
ok: [p1]

TASK [Find configuration template for initial] *********************************
ok: [p1]

TASK [fail] ********************************************************************
skipping: [p1]

TASK [Find configuration deployment deploy_script for initial] *****************
ok: [p1]

TASK [Print deployed configuration when running in verbose mode] ***************
ok: [p1] => {
    "msg": "initial configuration for p1\n=========================================\n#!/bin/bash\n#\nset -e\nset -x\n#\n# Create bash profile script\n#\ncat <<SCRIPT >/root/.bash_profile\n#!/bin/bash\n#\nexport PS1=\"\\h(bash)# \"\necho\necho \"Use vtysh to connect to FRR daemon\"\necho\nSCRIPT\n#\n# This is an artifact of unknown provenance that should be removed in a year or two (= 2026/2027)\n#\n# FRR controls these parameters with 'ip forwarding' and 'ipv6 forwarding' commands\n#\nsysctl -w net.ipv4.ip_forward=1\nsysctl -w net.ipv6.conf.all.forwarding=0\n#\n#\n# Get the current next hop for the default route\n#\ndef_nh=$(ip route list default|awk '{ print $3 }')\n#\n# Create the management VRF and add eth0 to it\n#\nif [ ! -e /sys/devices/virtual/net/mgmt ]; then\n  ip link add mgmt type vrf table 42\nfi\nip link set mgmt up\nsysctl -qw net.ipv6.conf.eth0.keep_addr_on_down=1\nip link set eth0 master mgmt\n#\n# Reinstall the default route if we had it before\n#\nif [[ -n \"$def_nh\" ]]; then\n  ip route add 0.0.0.0/0 vrf mgmt via $def_nh\nfi\n#\n# Enable FRR modules (if not using containerlab bind-mounted /etc/frr/daemons)\n#\n\n# Set system defaults\n#\n# Send ARP requests from a sane source IP address\n#\nsysctl -w net.ipv4.conf.all.arp_announce=2\n\n#\n# Create loopbacks, stub and lag/bond devices\n#\nif [ ! -e /sys/class/net/lo ]; then\n  if [ ! -e /sys/devices/virtual/net/lo ]; then\n    ip link add lo type dummy\n    ip link set dev lo up\n  fi\nfi\n\n# Disable IPv6 (for IPv4-only interfaces) or SLAAC (if the device is a router)\n#\nip link set eth1 down\nsysctl -qw net.ipv6.conf.eth1.disable_ipv6=1\nip link set dev eth1 mtu 1500\nip link set eth1 up\n\n#\n# Add vtysh.conf file\necho \"service integrated-vtysh-config\" >/etc/frr/vtysh.conf\n\n#\n# Rest of initial configuration done through VTYSH\n#\ncat >/tmp/config <<CONFIG\nhostname p1\n!\nlog file /tmp/logging\n\n!\nip forwarding\nvrf mgmt\n exit-vrf\n!\nfrr defaults datacenter\n!\ninterface lo\n no shutdown\n ip address 10.0.0.2/32\n!\ninterface eth1\n no shutdown\n description p1 -> dut\n ip address 10.1.0.2/30\n!\ndo write\nCONFIG\nvtysh -f /tmp/config\n!\nexit 0\n"
}

TASK [Deploy initial configuration] ********************************************
included: /home/pipi/netlab_gh/netsim/ansible/tasks/frr/initial-clab.yml for p1

TASK [Attempt to load VRF kernel module] ***************************************
changed: [p1 -> localhost]

TASK [Disable FRR management VRF when modprobe fails] **************************
skipping: [p1]

TASK [include_tasks] ***********************************************************
included: /home/pipi/netlab_gh/netsim/ansible/tasks/frr/deploy-config.yml for p1

TASK [template] ****************************************************************
changed: [p1]

TASK [set_fact] ****************************************************************
ok: [p1]

TASK [run /tmp/config.sh to deploy initial config from /work/netlab_cicd/node_files/p1/initial] ***
changed: [p1]

TASK [run vtysh to import initial config from /work/netlab_cicd/node_files/p1/initial] ***
skipping: [p1]

TASK [Figure out whether to deploy the module initial on current device] *******
ok: [p2]

TASK [Find configuration template for initial] *********************************
ok: [p2]

TASK [fail] ********************************************************************
skipping: [p2]

TASK [Find configuration deployment deploy_script for initial] *****************
ok: [p2]

TASK [Print deployed configuration when running in verbose mode] ***************
ok: [p2] => {
    "msg": "initial configuration for p2\n=========================================\n#!/bin/bash\n#\nset -e\nset -x\n#\n# Create bash profile script\n#\ncat <<SCRIPT >/root/.bash_profile\n#!/bin/bash\n#\nexport PS1=\"\\h(bash)# \"\necho\necho \"Use vtysh to connect to FRR daemon\"\necho\nSCRIPT\n#\n# This is an artifact of unknown provenance that should be removed in a year or two (= 2026/2027)\n#\n# FRR controls these parameters with 'ip forwarding' and 'ipv6 forwarding' commands\n#\nsysctl -w net.ipv4.ip_forward=1\nsysctl -w net.ipv6.conf.all.forwarding=0\n#\n#\n# Get the current next hop for the default route\n#\ndef_nh=$(ip route list default|awk '{ print $3 }')\n#\n# Create the management VRF and add eth0 to it\n#\nif [ ! -e /sys/devices/virtual/net/mgmt ]; then\n  ip link add mgmt type vrf table 42\nfi\nip link set mgmt up\nsysctl -qw net.ipv6.conf.eth0.keep_addr_on_down=1\nip link set eth0 master mgmt\n#\n# Reinstall the default route if we had it before\n#\nif [[ -n \"$def_nh\" ]]; then\n  ip route add 0.0.0.0/0 vrf mgmt via $def_nh\nfi\n#\n# Enable FRR modules (if not using containerlab bind-mounted /etc/frr/daemons)\n#\n\n# Set system defaults\n#\n# Send ARP requests from a sane source IP address\n#\nsysctl -w net.ipv4.conf.all.arp_announce=2\n\n#\n# Create loopbacks, stub and lag/bond devices\n#\nif [ ! -e /sys/class/net/lo ]; then\n  if [ ! -e /sys/devices/virtual/net/lo ]; then\n    ip link add lo type dummy\n    ip link set dev lo up\n  fi\nfi\n\n# Disable IPv6 (for IPv4-only interfaces) or SLAAC (if the device is a router)\n#\nip link set eth1 down\nsysctl -qw net.ipv6.conf.eth1.disable_ipv6=1\nip link set dev eth1 mtu 1500\nip link set eth1 up\n\n#\n# Add vtysh.conf file\necho \"service integrated-vtysh-config\" >/etc/frr/vtysh.conf\n\n#\n# Rest of initial configuration done through VTYSH\n#\ncat >/tmp/config <<CONFIG\nhostname p2\n!\nlog file /tmp/logging\n\n!\nip forwarding\nvrf mgmt\n exit-vrf\n!\nfrr defaults datacenter\n!\ninterface lo\n no shutdown\n ip address 10.0.0.3/32\n!\ninterface eth1\n no shutdown\n description p2 -> dut\n ip address 10.1.0.6/30\n!\ndo write\nCONFIG\nvtysh -f /tmp/config\n!\nexit 0\n"
}

TASK [Deploy initial configuration] ********************************************
included: /home/pipi/netlab_gh/netsim/ansible/tasks/frr/initial-clab.yml for p2

TASK [Attempt to load VRF kernel module] ***************************************
changed: [p2 -> localhost]

TASK [Disable FRR management VRF when modprobe fails] **************************
skipping: [p2]

TASK [include_tasks] ***********************************************************
included: /home/pipi/netlab_gh/netsim/ansible/tasks/frr/deploy-config.yml for p2

TASK [template] ****************************************************************
changed: [p2]

TASK [set_fact] ****************************************************************
ok: [p2]

TASK [run /tmp/config.sh to deploy initial config from /work/netlab_cicd/node_files/p2/initial] ***
changed: [p2]

TASK [run vtysh to import initial config from /work/netlab_cicd/node_files/p2/initial] ***
skipping: [p2]

TASK [Figure out whether to deploy the module initial on current device] *******
ok: [xf]

TASK [Find configuration template for initial] *********************************
ok: [xf]

TASK [fail] ********************************************************************
skipping: [xf]

TASK [Find configuration deployment deploy_script for initial] *****************
ok: [xf]

TASK [Print deployed configuration when running in verbose mode] ***************
ok: [xf] => {
    "msg": "initial configuration for xf\n=========================================\n#!/bin/bash\n#\nset -e\nset -x\n#\n# Create bash profile script\n#\ncat <<SCRIPT >/root/.bash_profile\n#!/bin/bash\n#\nexport PS1=\"\\h(bash)# \"\necho\necho \"Use vtysh to connect to FRR daemon\"\necho\nSCRIPT\n#\n# This is an artifact of unknown provenance that should be removed in a year or two (= 2026/2027)\n#\n# FRR controls these parameters with 'ip forwarding' and 'ipv6 forwarding' commands\n#\nsysctl -w net.ipv4.ip_forward=1\nsysctl -w net.ipv6.conf.all.forwarding=0\n#\n#\n# Get the current next hop for the default route\n#\ndef_nh=$(ip route list default|awk '{ print $3 }')\n#\n# Create the management VRF and add eth0 to it\n#\nif [ ! -e /sys/devices/virtual/net/mgmt ]; then\n  ip link add mgmt type vrf table 42\nfi\nip link set mgmt up\nsysctl -qw net.ipv6.conf.eth0.keep_addr_on_down=1\nip link set eth0 master mgmt\n#\n# Reinstall the default route if we had it before\n#\nif [[ -n \"$def_nh\" ]]; then\n  ip route add 0.0.0.0/0 vrf mgmt via $def_nh\nfi\n#\n# Enable FRR modules (if not using containerlab bind-mounted /etc/frr/daemons)\n#\n\n# Set system defaults\n#\n# Send ARP requests from a sane source IP address\n#\nsysctl -w net.ipv4.conf.all.arp_announce=2\n\n#\n# Create loopbacks, stub and lag/bond devices\n#\nif [ ! -e /sys/class/net/lo ]; then\n  if [ ! -e /sys/devices/virtual/net/lo ]; then\n    ip link add lo type dummy\n    ip link set dev lo up\n  fi\nfi\n\n# Disable IPv6 (for IPv4-only interfaces) or SLAAC (if the device is a router)\n#\nip link set eth1 down\nsysctl -qw net.ipv6.conf.eth1.disable_ipv6=1\nip link set dev eth1 mtu 1500\nip link set eth1 up\n\n#\n# Add vtysh.conf file\necho \"service integrated-vtysh-config\" >/etc/frr/vtysh.conf\n\n#\n# Rest of initial configuration done through VTYSH\n#\ncat >/tmp/config <<CONFIG\nhostname xf\n!\nlog file /tmp/logging\n\n!\nip forwarding\nvrf mgmt\n exit-vrf\n!\nfrr defaults datacenter\n!\ninterface lo\n no shutdown\n ip address 10.0.0.4/32\n!\ninterface eth1\n no shutdown\n description xf -> dut [external]\n ip address 10.1.0.10/30\n!\ndo write\nCONFIG\nvtysh -f /tmp/config\n!\nexit 0\n"
}

TASK [Deploy initial configuration] ********************************************
included: /home/pipi/netlab_gh/netsim/ansible/tasks/frr/initial-clab.yml for xf

TASK [Attempt to load VRF kernel module] ***************************************
changed: [xf -> localhost]

TASK [Disable FRR management VRF when modprobe fails] **************************
skipping: [xf]

TASK [include_tasks] ***********************************************************
included: /home/pipi/netlab_gh/netsim/ansible/tasks/frr/deploy-config.yml for xf

TASK [template] ****************************************************************
changed: [xf]

TASK [set_fact] ****************************************************************
ok: [xf]

TASK [run /tmp/config.sh to deploy initial config from /work/netlab_cicd/node_files/xf/initial] ***
changed: [xf]

TASK [run vtysh to import initial config from /work/netlab_cicd/node_files/xf/initial] ***
skipping: [xf]

PLAY [Deploy module-specific configurations] ***********************************

TASK [Set variables that cannot be set with VARS] ******************************
ok: [dut]
ok: [p1]
ok: [p2]
ok: [xf]

TASK [Deploy individual configuration modules] *********************************
included: /home/pipi/netlab_gh/netsim/ansible/tasks/deploy-module.yml for dut => (item=ospf)
included: /home/pipi/netlab_gh/netsim/ansible/tasks/deploy-module.yml for dut => (item=bgp)
included: /home/pipi/netlab_gh/netsim/ansible/tasks/deploy-module.yml for dut => (item=vrf)
included: /home/pipi/netlab_gh/netsim/ansible/tasks/deploy-module.yml for p1 => (item=ospf)
included: /home/pipi/netlab_gh/netsim/ansible/tasks/deploy-module.yml for p1 => (item=bgp)
included: /home/pipi/netlab_gh/netsim/ansible/tasks/deploy-module.yml for p1 => (item=vrf)
included: /home/pipi/netlab_gh/netsim/ansible/tasks/deploy-module.yml for p2 => (item=ospf)
included: /home/pipi/netlab_gh/netsim/ansible/tasks/deploy-module.yml for p2 => (item=bgp)
included: /home/pipi/netlab_gh/netsim/ansible/tasks/deploy-module.yml for p2 => (item=vrf)
included: /home/pipi/netlab_gh/netsim/ansible/tasks/deploy-module.yml for xf => (item=ospf)
included: /home/pipi/netlab_gh/netsim/ansible/tasks/deploy-module.yml for xf => (item=bgp)
included: /home/pipi/netlab_gh/netsim/ansible/tasks/deploy-module.yml for xf => (item=vrf)

TASK [Figure out whether to deploy the module ospf on current device] **********
ok: [dut]

TASK [Find configuration template for ospf] ************************************
ok: [dut]

TASK [fail] ********************************************************************
skipping: [dut]

TASK [Find configuration deployment deploy_script for ospf] ********************
ok: [dut]

TASK [Print deployed configuration when running in verbose mode] ***************
ok: [dut] => {
    "msg": "ospf configuration for dut\n=========================================\nupdates:\n"
}

TASK [Deploy ospf configuration] ***********************************************
included: /home/pipi/netlab_gh/netsim/ansible/tasks/deploy-config/srlinux.yml for dut

TASK [Generate JSON-RPC YAML configuration] ************************************
ok: [dut]

TASK [Update SRL ospf node configuration (template=/work/netlab_cicd/node_files/dut/ospf)] ***
ok: [dut]

TASK [debug] *******************************************************************
skipping: [dut]

TASK [Figure out whether to deploy the module bgp on current device] ***********
ok: [dut]

TASK [Find configuration template for bgp] *************************************
ok: [dut]

TASK [fail] ********************************************************************
skipping: [dut]

TASK [Find configuration deployment deploy_script for bgp] *********************
ok: [dut]

TASK [Print deployed configuration when running in verbose mode] ***************
ok: [dut] => {
    "msg": "bgp configuration for dut\n=========================================\nupdates:\n\n- path: /routing-policy/policy[name=accept_all]\n  value:\n    default-action:\n      policy-result: accept\n\n- path: /routing-policy/community-set[name=ibgp-mark]\n  value:\n    member: [ \"65536:0:65536\" ]\n\n- path: /routing-policy/policy[name=ibgp-mark]\n  value:\n    default-action:\n      policy-result: reject\n    statement:\n    - name: mark-ibgp-routes\n      action:\n        bgp:\n          communities:\n            add: ibgp-mark\n        policy-result: accept\n\n- path: /routing-policy/prefix-set[name=default_bgp_advertise]\n  value:\n    prefix: [] # Make sure it exists\n\n- path: /routing-policy/policy[name=default_bgp_export]\n  value:\n    default-action:\n      policy-result: reject\n    statement:\n    - name: prefixes\n      match:\n       prefix:\n        prefix-set: default_bgp_advertise\n      action:\n        policy-result: next-policy\n    - name: bgp\n      match:\n        protocol: bgp\n      action:\n        policy-result: next-policy\n        bgp:\n          communities:\n            remove:\n              ibgp-mark\n\n\n- path: /network-instance[name=default]/protocols/bgp\n  value:\n    admin-state: enable\n    autonomous-system: 65000\n    router-id: 10.0.0.1\n    ebgp-default-policy:\n      export-reject-all: False\n      import-reject-all: False\n\n    afi-safi:\n    - afi-safi-name: ipv4-unicast\n      admin-state: enable\n\n- path: /routing-policy/prefix-set[name=default_bgp_advertise]\n  value:\n    prefix:\n    - ip-prefix: 10.0.0.1/32\n      mask-length-range: exact\n\n\n\n\n\n\n"
}

TASK [Deploy bgp configuration] ************************************************
included: /home/pipi/netlab_gh/netsim/ansible/tasks/deploy-config/srlinux.yml for dut

TASK [Generate JSON-RPC YAML configuration] ************************************
ok: [dut]

TASK [Update SRL bgp node configuration (template=/work/netlab_cicd/node_files/dut/bgp)] ***
changed: [dut]

TASK [debug] *******************************************************************
skipping: [dut]

TASK [Figure out whether to deploy the module vrf on current device] ***********
ok: [dut]

TASK [Find configuration template for vrf] *************************************
ok: [dut]

TASK [fail] ********************************************************************
skipping: [dut]

TASK [Find configuration deployment deploy_script for vrf] *********************
ok: [dut]

TASK [Print deployed configuration when running in verbose mode] ***************
ok: [dut] => {
    "msg": "vrf configuration for dut\n=========================================\n\nupdates:\n\n- path: /network-instance[name=d2]\n  value:\n   type: ip-vrf\n\n- path: /routing-policy/prefix-set[name=default_route]\n  value:\n    prefix:\n    - ip-prefix: \"0.0.0.0/0\"\n      mask-length-range: exact\n    - ip-prefix: \"::/0\"\n      mask-length-range: exact\n- path: /routing-policy/policy[name=d2_export_ospf]\n  value:\n    default-action:\n      policy-result: reject\n    statement:\n    - name: default\n      match:\n       prefix:\n        prefix-set: default_route\n      action:\n        policy-result: accept\n    - name: export_bgp\n      match:\n        protocol: bgp\n      action:\n        policy-result: accept\n    - name: export_local\n      match:\n        protocol: local\n      action:\n        policy-result: accept\n\n\n- path: /network-instance[name=d2]\n  value:\n    router-id: 10.0.0.1\n    protocols:\n      ospf:\n        instance:\n        - name: \"0\"\n          version: ospf-v2\n          admin-state: enable\n          max-ecmp-paths: 64\n          asbr: {}\n          export-policy: \"d2_export_ospf\"\n          area:\n          - area-id: 0.0.0.0\n            interface:\n            - interface-name: ethernet-1/2.0\n              interface-type: \"point-to-point\"\n              failure-detection:\n                enable-bfd: False\n          - area-id: 0.0.0.0\n            interface:\n            - interface-name: lo0.1\n              failure-detection:\n                enable-bfd: False\n\n\n- path: /routing-policy/community-set[name=C65000_2]\n  value:\n   member:\n   - \"target:65000:2\" # Single member, else matching is AND\n\n- path: /routing-policy/community-set[name=d2_export]\n  value:\n   member:\n   - \"target:65000:2\"\n\n\n- path: /routing-policy/policy[name=d2_bgp_export]\n  value:\n    default-action:\n      policy-result: reject\n    statement:\n    - name: bgp\n      match:\n        protocol: bgp\n      action:\n        policy-result: next-policy\n        bgp:\n          communities:\n            remove:\n              ibgp-mark\n    - name: export_local\n      match:\n        protocol: local\n      action:\n        policy-result: next-policy\n    - name: export_ospfv2\n      match:\n        protocol: ospfv2\n      action:\n        policy-result: next-policy\n    - name: export_ospfv3\n      match:\n        protocol: ospfv3\n      action:\n        policy-result: next-policy\n\n\n- path: /network-instance[name=d2]/protocols/bgp\n  value:\n    admin-state: enable\n    autonomous-system: 65000\n    router-id: 10.0.0.1\n    ebgp-default-policy:\n      export-reject-all: False\n      import-reject-all: False\n\n    afi-safi:\n    - afi-safi-name: ipv4-unicast\n      admin-state: enable\n\n\n- path: /routing-policy/prefix-set[name=d2_bgp_advertise]\n  value:\n    prefix:\n    - ip-prefix: 192.168.43.1/32\n      mask-length-range: exact\n\n\n\n\n- path: /network-instance[name=d2]/protocols/bgp/group[group-name=ebgp]\n  value:\n    admin-state: enable\n# neighbor: {'ifindex': 3, 'name': 'xf', 'as': 65100, 'type': 'ebgp', 'ipv4': '10.1.0.10', 'activate': {'ipv4': True}, '_src_vrf': 'd2'}\n# ipv4: True\n# ipv6: True\n    afi-safi:\n    - afi-safi-name: ipv4-unicast\n      admin-state: enable\n      send-community-type: ['standard', 'large']\n\n      import-policy: ['accept_all']\n      export-policy: ['d2_bgp_export', 'accept_all']\n    - afi-safi-name: ipv6-unicast\n      admin-state: disable\n      send-community-type: ['standard', 'large']\n\n      import-policy: ['accept_all']\n      export-policy: ['d2_bgp_export', 'accept_all']\n\n    timers:\n      connect-retry: 10\n      _annotate_connect-retry: \"Reduce default 120s to 10s\"\n      minimum-advertisement-interval: 1\n\n\n- path: /network-instance[name=d2]/protocols/bgp\n  value:\n    neighbor:\n    - peer-address: \"10.1.0.10\"\n      description: xf\n      peer-group: ebgp\n  # neighbor: {'ifindex': 3, 'name': 'xf', 'as': 65100, 'type': 'ebgp', 'ipv4': '10.1.0.10', 'activate': {'ipv4': True}, '_src_vrf': 'd2'}\n  # ipv4: True\n  # ipv6: False\n      afi-safi:\n      - afi-safi-name: ipv4-unicast\n        admin-state: enable\n        send-community-type: ['standard', 'large']\n\n      - afi-safi-name: ipv6-unicast\n        admin-state: disable\n\n      peer-as: 65100\n\n\n\n\n- path: /network-instance[name=d2]/protocols/bgp-vpn\n  value:\n   bgp-instance:\n   - id: 1\n     route-distinguisher:\n      rd: \"65000:2\"\n\n- path: /network-instance[name=d2]/inter-instance-policies\n  value:\n   apply-policy:\n    export-policy: \"d2_vpn_export\"\n    import-policy: \"d2_vpn_import\"\n\n- path: /routing-policy/policy[name=d2_vpn_export]\n  value:\n   default-action:\n    policy-result: \"accept\"\n    bgp:\n     communities:\n      add: \"d2_export\"\n\n- path: /routing-policy/policy[name=d2_vpn_import]\n  value:\n   default-action:\n    policy-result: \"reject\"\n   statement:\n   - name: 11\n     match:\n      bgp:\n       community-set: \"C65000_2\"\n     action:\n      policy-result: \"accept\"\n\n\n- path: /network-instance[name=d1]\n  value:\n   type: ip-vrf\n\n- path: /routing-policy/prefix-set[name=default_route]\n  value:\n    prefix:\n    - ip-prefix: \"0.0.0.0/0\"\n      mask-length-range: exact\n    - ip-prefix: \"::/0\"\n      mask-length-range: exact\n- path: /network-instance[name=d1]/next-hop-groups/group[name=blackhole]\n  value:\n    blackhole:\n      generate-icmp: True\n\n- path: /network-instance[name=d1]/static-routes\n  value:\n    route:\n    - prefix: 0.0.0.0/0\n      preference: 254\n      next-hop-group: blackhole\n- path: /routing-policy/policy[name=d1_export_ospf]\n  value:\n    default-action:\n      policy-result: reject\n    statement:\n    - name: default\n      match:\n       prefix:\n        prefix-set: default_route\n      action:\n        policy-result: accept\n    - name: export_bgp\n      match:\n        protocol: bgp\n      action:\n        policy-result: accept\n    - name: export_local\n      match:\n        protocol: local\n      action:\n        policy-result: accept\n\n\n- path: /network-instance[name=d1]\n  value:\n    router-id: 10.0.0.1\n    protocols:\n      ospf:\n        instance:\n        - name: \"0\"\n          version: ospf-v2\n          admin-state: enable\n          max-ecmp-paths: 64\n          asbr: {}\n          export-policy: \"d1_export_ospf\"\n          area:\n          - area-id: 0.0.0.0\n            interface:\n            - interface-name: ethernet-1/1.0\n              interface-type: \"point-to-point\"\n              failure-detection:\n                enable-bfd: False\n\n\n- path: /routing-policy/community-set[name=C65000_1]\n  value:\n   member:\n   - \"target:65000:1\" # Single member, else matching is AND\n\n- path: /routing-policy/community-set[name=d1_export]\n  value:\n   member:\n   - \"target:65000:1\"\n\n\n- path: /routing-policy/policy[name=d1_bgp_export]\n  value:\n    default-action:\n      policy-result: reject\n    statement:\n    - name: bgp\n      match:\n        protocol: bgp\n      action:\n        policy-result: next-policy\n        bgp:\n          communities:\n            remove:\n              ibgp-mark\n    - name: export_local\n      match:\n        protocol: local\n      action:\n        policy-result: next-policy\n    - name: export_ospfv2\n      match:\n        protocol: ospfv2\n      action:\n        policy-result: next-policy\n    - name: export_ospfv3\n      match:\n        protocol: ospfv3\n      action:\n        policy-result: next-policy\n\n\n- path: /network-instance[name=d1]/protocols/bgp\n  value:\n    admin-state: enable\n    autonomous-system: 65000\n    router-id: 10.0.0.1\n    ebgp-default-policy:\n      export-reject-all: False\n      import-reject-all: False\n\n    afi-safi:\n    - afi-safi-name: ipv4-unicast\n      admin-state: enable\n\n\n\n\n\n\n\n\n- path: /network-instance[name=d1]/protocols/bgp-vpn\n  value:\n   bgp-instance:\n   - id: 1\n     route-distinguisher:\n      rd: \"65000:1\"\n\n- path: /network-instance[name=d1]/inter-instance-policies\n  value:\n   apply-policy:\n    export-policy: \"d1_vpn_export\"\n    import-policy: \"d1_vpn_import\"\n\n- path: /routing-policy/policy[name=d1_vpn_export]\n  value:\n   default-action:\n    policy-result: \"accept\"\n    bgp:\n     communities:\n      add: \"d1_export\"\n\n- path: /routing-policy/policy[name=d1_vpn_import]\n  value:\n   default-action:\n    policy-result: \"reject\"\n   statement:\n   - name: 11\n     match:\n      bgp:\n       community-set: \"C65000_1\"\n     action:\n      policy-result: \"accept\"\n\n"
}

TASK [Deploy vrf configuration] ************************************************
included: /home/pipi/netlab_gh/netsim/ansible/tasks/deploy-config/srlinux.yml for dut

TASK [Generate JSON-RPC YAML configuration] ************************************
ok: [dut]

TASK [Update SRL vrf node configuration (template=/work/netlab_cicd/node_files/dut/vrf)] ***
changed: [dut]

TASK [debug] *******************************************************************
skipping: [dut]

TASK [Figure out whether to deploy the module ospf on current device] **********
ok: [p1]

TASK [Find configuration template for ospf] ************************************
ok: [p1]

TASK [fail] ********************************************************************
skipping: [p1]

TASK [Find configuration deployment deploy_script for ospf] ********************
ok: [p1]

TASK [Print deployed configuration when running in verbose mode] ***************
ok: [p1] => {
    "msg": "ospf configuration for p1\n=========================================\n!\n! OSPFv2 FRR configuration\n!\nrouter ospf\n ospf router-id 10.0.0.2\n timers throttle spf 10 50 500\n timers throttle lsa all 100\n timers lsa min-arrival 100\n\n\nexit\n!\ninterface lo\n! \n ip ospf area 0.0.0.0\n!\ninterface eth1\n! p1 -> dut\n ip ospf area 0.0.0.0\n ip ospf network point-to-point\n!\n\n!\ndo write\n"
}

TASK [Deploy ospf configuration] ***********************************************
included: /home/pipi/netlab_gh/netsim/ansible/tasks/deploy-config/frr.yml for p1

TASK [template] ****************************************************************
changed: [p1]

TASK [set_fact] ****************************************************************
ok: [p1]

TASK [run /tmp/config.sh to deploy ospf config from /work/netlab_cicd/node_files/p1/ospf] ***
skipping: [p1]

TASK [run vtysh to import ospf config from /work/netlab_cicd/node_files/p1/ospf] ***
changed: [p1]

TASK [Figure out whether to deploy the module bgp on current device] ***********
ok: [p1]

TASK [Find configuration template for bgp] *************************************
skipping: [p1]

TASK [fail] ********************************************************************
skipping: [p1]

TASK [Find configuration deployment deploy_script for bgp] *********************
skipping: [p1]

TASK [Print deployed configuration when running in verbose mode] ***************
skipping: [p1]

TASK [Deploy bgp configuration] ************************************************
skipping: [p1]

TASK [Figure out whether to deploy the module vrf on current device] ***********
ok: [p1]

TASK [Find configuration template for vrf] *************************************
skipping: [p1]

TASK [fail] ********************************************************************
skipping: [p1]

TASK [Find configuration deployment deploy_script for vrf] *********************
skipping: [p1]

TASK [Print deployed configuration when running in verbose mode] ***************
skipping: [p1]

TASK [Deploy vrf configuration] ************************************************
skipping: [p1]

TASK [Figure out whether to deploy the module ospf on current device] **********
ok: [p2]

TASK [Find configuration template for ospf] ************************************
ok: [p2]

TASK [fail] ********************************************************************
skipping: [p2]

TASK [Find configuration deployment deploy_script for ospf] ********************
ok: [p2]

TASK [Print deployed configuration when running in verbose mode] ***************
ok: [p2] => {
    "msg": "ospf configuration for p2\n=========================================\n!\n! OSPFv2 FRR configuration\n!\nrouter ospf\n ospf router-id 10.0.0.3\n timers throttle spf 10 50 500\n timers throttle lsa all 100\n timers lsa min-arrival 100\n\n\nexit\n!\ninterface lo\n! \n ip ospf area 0.0.0.0\n!\ninterface eth1\n! p2 -> dut\n ip ospf area 0.0.0.0\n ip ospf network point-to-point\n!\n\n!\ndo write\n"
}

TASK [Deploy ospf configuration] ***********************************************
included: /home/pipi/netlab_gh/netsim/ansible/tasks/deploy-config/frr.yml for p2

TASK [template] ****************************************************************
changed: [p2]

TASK [set_fact] ****************************************************************
ok: [p2]

TASK [run /tmp/config.sh to deploy ospf config from /work/netlab_cicd/node_files/p2/ospf] ***
skipping: [p2]

TASK [run vtysh to import ospf config from /work/netlab_cicd/node_files/p2/ospf] ***
changed: [p2]

TASK [Figure out whether to deploy the module bgp on current device] ***********
ok: [p2]

TASK [Find configuration template for bgp] *************************************
skipping: [p2]

TASK [fail] ********************************************************************
skipping: [p2]

TASK [Find configuration deployment deploy_script for bgp] *********************
skipping: [p2]

TASK [Print deployed configuration when running in verbose mode] ***************
skipping: [p2]

TASK [Deploy bgp configuration] ************************************************
skipping: [p2]

TASK [Figure out whether to deploy the module vrf on current device] ***********
ok: [p2]

TASK [Find configuration template for vrf] *************************************
skipping: [p2]

TASK [fail] ********************************************************************
skipping: [p2]

TASK [Find configuration deployment deploy_script for vrf] *********************
skipping: [p2]

TASK [Print deployed configuration when running in verbose mode] ***************
skipping: [p2]

TASK [Deploy vrf configuration] ************************************************
skipping: [p2]

TASK [Figure out whether to deploy the module ospf on current device] **********
ok: [xf]

TASK [Find configuration template for ospf] ************************************
skipping: [xf]

TASK [fail] ********************************************************************
skipping: [xf]

TASK [Find configuration deployment deploy_script for ospf] ********************
skipping: [xf]

TASK [Print deployed configuration when running in verbose mode] ***************
skipping: [xf]

TASK [Deploy ospf configuration] ***********************************************
skipping: [xf]

TASK [Figure out whether to deploy the module bgp on current device] ***********
ok: [xf]

TASK [Find configuration template for bgp] *************************************
ok: [xf]

TASK [fail] ********************************************************************
skipping: [xf]

TASK [Find configuration deployment deploy_script for bgp] *********************
ok: [xf]

TASK [Print deployed configuration when running in verbose mode] ***************
ok: [xf] => {
    "msg": "bgp configuration for xf\n=========================================\n!\nrouter bgp 65100\n  no bgp ebgp-requires-policy\n  no bgp default ipv4-unicast\n  bgp default show-hostname\n  bgp default show-nexthop-hostname\n  ! Consider AS paths of same length but with different AS as ECMP candidates\n  bgp bestpath as-path multipath-relax\n\n  bgp router-id 10.0.0.4\n!\n  neighbor 10.1.0.9 remote-as 65000\n  neighbor 10.1.0.9 description dut\n!\n address-family ipv4 unicast\n!\n\n!\n! Originate networks from connected subnets\n!\n  network 10.0.0.4/32\n!\n  neighbor 10.1.0.9 activate\n  no neighbor 10.1.0.9 send-community all\n  neighbor 10.1.0.9 send-community standard\n  neighbor 10.1.0.9 send-community large\n!\n!\n!\ndo write\n"
}

TASK [Deploy bgp configuration] ************************************************
included: /home/pipi/netlab_gh/netsim/ansible/tasks/deploy-config/frr.yml for xf

TASK [template] ****************************************************************
changed: [xf]

TASK [set_fact] ****************************************************************
ok: [xf]

TASK [run /tmp/config.sh to deploy bgp config from /work/netlab_cicd/node_files/xf/bgp] ***
skipping: [xf]

TASK [run vtysh to import bgp config from /work/netlab_cicd/node_files/xf/bgp] ***
changed: [xf]

TASK [Figure out whether to deploy the module vrf on current device] ***********
ok: [xf]

TASK [Find configuration template for vrf] *************************************
skipping: [xf]

TASK [fail] ********************************************************************
skipping: [xf]

TASK [Find configuration deployment deploy_script for vrf] *********************
skipping: [xf]

TASK [Print deployed configuration when running in verbose mode] ***************
skipping: [xf]

TASK [Deploy vrf configuration] ************************************************
skipping: [xf]

PLAY [Deploy custom deployment templates] **************************************
skipping: no hosts matched

PLAY RECAP *********************************************************************
dut                        : ok=39   changed=3    unreachable=0    failed=0    skipped=13   rescued=0    ignored=0   
p1                         : ok=31   changed=5    unreachable=0    failed=0    skipped=20   rescued=0    ignored=0   
p2                         : ok=31   changed=5    unreachable=0    failed=0    skipped=20   rescued=0    ignored=0   
xf                         : ok=31   changed=5    unreachable=0    failed=0    skipped=20   rescued=0    ignored=0   


Warning: The following warnings were generated during the 'netlab initial' processing
Warning: ansible: You're using Ansible version 12.x or higher; netlab might not work correctly
[CREATED] dut: initial,ospf,bgp,vrf
[CREATED] p1: initial,ospf
[CREATED] p2: initial,ospf
[CREATED] xf: initial,bgp


This lab tests the VRF OSPF default route origination. The device under test
should originate the default route in multiple VRFs, one always, the other one
based on BGP default route.

