08:37:03 INFO Containerlab started version=0.68.0
08:37:03 INFO Parsing & checking topology file=clab.yml
08:37:03 INFO Removing directory path=/work/netlab_cicd/cisco/clab-ml_30
08:37:03 INFO Creating docker network name=nl_mgmt_30 IPv4 subnet=192.168.30.0/24 IPv6 subnet="" MTU=0
08:37:03 INFO Creating lab directory path=/work/netlab_cicd/cisco/clab-ml_30
08:37:03 INFO Creating container name=dut
08:37:03 INFO Creating container name=h1
08:37:03 INFO Creating container name=h2
08:37:03 INFO Creating container name=h3
08:37:03 INFO Creating container name=p2
08:37:03 INFO Creating container name=h4
08:37:03 INFO Creating container name=p1
08:37:03 INFO Creating container name=pe2
08:37:04 INFO Created link: pe2:et1 ▪┄┄▪ p2:eth2
08:37:04 INFO Created link: h4:eth1 ▪┄┄▪ pe2:et3
08:37:04 INFO Running postdeploy actions for Arista cEOS 'pe2' node
08:37:04 INFO Created link: dut:eth1 (Ethernet0/1) ▪┄┄▪ p1:eth1
08:37:04 INFO Created link: h1:eth1 ▪┄┄▪ dut:eth2 (Ethernet0/2)
08:37:04 INFO Created link: h3:eth1 ▪┄┄▪ dut:eth3 (Ethernet0/3)
08:37:04 INFO Running postdeploy actions for Cisco IOL 'dut' node
08:37:04 INFO Created link: p1:eth2 ▪┄┄▪ p2:eth1
08:37:05 INFO Created link: h2:eth1 ▪┄┄▪ pe2:et2
08:37:22 INFO Adding host entries path=/etc/hosts
08:37:22 INFO Adding SSH config for nodes path=/etc/ssh/ssh_config.d/clab-ml_30.conf
[1m╭[0m[1m────────────────[0m[1m┬[0m[1m────────────────────────────────[0m[1m┬[0m[1m─────────[0m[1m┬[0m[1m────────────────[0m[1m╮[0m
[1m│[0m[1m      Name      [0m[1m│[0m[1m           Kind/Image           [0m[1m│[0m[1m  State  [0m[1m│[0m[1m IPv4/6 Address [0m[1m│[0m
[1m├[0m[1m────────────────[0m[1m┼[0m[1m────────────────────────────────[0m[1m┼[0m[1m─────────[0m[1m┼[0m[1m────────────────[0m[1m┤[0m
│ clab-ml_30-dut │ cisco_iol                      │ running │ 192.168.30.105 │
│                │ vrnetlab/cisco_iol:L2-17.15.01 │         │ N/A            │
├────────────────┼────────────────────────────────┼─────────┼────────────────┤
│ clab-ml_30-h1  │ linux                          │ running │ 192.168.30.101 │
│                │ python:3.13-alpine             │         │ N/A            │
├────────────────┼────────────────────────────────┼─────────┼────────────────┤
│ clab-ml_30-h2  │ linux                          │ running │ 192.168.30.102 │
│                │ python:3.13-alpine             │         │ N/A            │
├────────────────┼────────────────────────────────┼─────────┼────────────────┤
│ clab-ml_30-h3  │ linux                          │ running │ 192.168.30.103 │
│                │ python:3.13-alpine             │         │ N/A            │
├────────────────┼────────────────────────────────┼─────────┼────────────────┤
│ clab-ml_30-h4  │ linux                          │ running │ 192.168.30.104 │
│                │ python:3.13-alpine             │         │ N/A            │
├────────────────┼────────────────────────────────┼─────────┼────────────────┤
│ clab-ml_30-p1  │ linux                          │ running │ 192.168.30.107 │
│                │ quay.io/frrouting/frr:10.3.1   │         │ N/A            │
├────────────────┼────────────────────────────────┼─────────┼────────────────┤
│ clab-ml_30-p2  │ linux                          │ running │ 192.168.30.108 │
│                │ quay.io/frrouting/frr:10.3.1   │         │ N/A            │
├────────────────┼────────────────────────────────┼─────────┼────────────────┤
│ clab-ml_30-pe2 │ ceos                           │ running │ 192.168.30.106 │
│                │ ceos:4.33.1F                   │         │ N/A            │
╰────────────────┴────────────────────────────────┴─────────┴────────────────╯
Using transformed lab topology from snapshot file netlab.snapshot.yml
Checking virtualization provider installation
OK: clab installed and working correctly
Starting clab nodes
Loading Linux kernel modules mpls-router,mpls-iptunnel required by containers using mpls module
provider clab: executing sudo -E containerlab deploy --reconfigure -t clab.yml

Initial configuration skipped, run 'netlab initial' to configure the devices
