Checking virtualization provider installation
OK: clab installed and working correctly
Stopping clab nodes
11:30:58 INFO Parsing & checking topology file=clab.yml
11:30:59 INFO Parsing & checking topology file=clab.yml
11:30:59 INFO Destroying lab name=ml-30
11:30:59 INFO Removed container name=clab-ml-30-h2
11:30:59 INFO Removed container name=clab-ml-30-core
11:30:59 INFO Removed container name=clab-ml-30-h1
11:30:59 INFO Removed container name=clab-ml-30-dut
11:31:00 INFO Removed container name=clab-ml-30-pe2
11:31:00 INFO Removing host entries path=/etc/hosts
11:31:00 INFO Removing SSH config path=/etc/ssh/ssh_config.d/clab-ml-30.conf
Cleanup configuration files
... removing clab.yml
... removing ansible.cfg
... removing hosts.yml
... removing directory tree group_vars
... removing directory tree host_vars
... removing directory tree node_files
... removing netlab.snapshot.yml
... removing netlab.snapshot.pickle
