/home/pipi/.local/lib/python3.10/site-packages/paramiko/pkey.py:100: CryptographyDeprecationWarning: TripleDES has been moved to cryptography.hazmat.decrepit.ciphers.algorithms.TripleDES and will be removed from cryptography.hazmat.primitives.ciphers.algorithms in 48.0.0.
  "cipher": algorithms.TripleDES,
/home/pipi/.local/lib/python3.10/site-packages/paramiko/transport.py:259: CryptographyDeprecationWarning: TripleDES has been moved to cryptography.hazmat.decrepit.ciphers.algorithms.TripleDES and will be removed from cryptography.hazmat.primitives.ciphers.algorithms in 48.0.0.
  "class": algorithms.TripleDES,
[WARNING]: Could not match supplied host pattern, ignoring: unprovisioned
[WARNING]: Found variable using reserved name: hosts

PLAY [Deploy initial device configuration] *************************************

TASK [Set variables that cannot be set with VARS] ******************************
ok: [dut]
ok: [x1]
ok: [x2]

TASK [Generic readiness tests] *************************************************
skipping: [dut]
skipping: [x1]
skipping: [x2]

TASK [Find device readiness script] ********************************************
ok: [dut]
ok: [x1]
ok: [x2]

TASK [Wait for device to become ready] *****************************************
skipping: [x1]
skipping: [x2]
included: /home/pipi/netlab_gh/netsim/ansible/tasks/readiness-check/cumulus_nvue.yml for dut

TASK [Wait for nvued to start] *************************************************
ok: [dut]

TASK [Normalize config on bridge-like devices] *********************************
included: /home/pipi/netlab_gh/netsim/ansible/tasks/deploy-module.yml for dut, x1, x2

TASK [Figure out whether to deploy the module normalize on current device] *****
ok: [dut]
ok: [x1]
ok: [x2]

TASK [Find configuration template for normalize] *******************************
ok: [dut]
ok: [x1]
ok: [x2]

TASK [fail] ********************************************************************
skipping: [dut]
skipping: [x1]
skipping: [x2]

TASK [Find configuration deployment deploy_script for normalize] ***************
ok: [dut]
ok: [x1]
ok: [x2]

TASK [Print deployed configuration when running in verbose mode] ***************
skipping: [dut]
ok: [x1] => {
    "msg": "normalize configuration for x1\n=========================================\n!\ninterface Ethernet1\n shutdown\n!\ninterface Ethernet2\n shutdown\n"
}
ok: [x2] => {
    "msg": "normalize configuration for x2\n=========================================\n!\ninterface Ethernet1\n shutdown\n!\ninterface Ethernet2\n shutdown\n"
}

TASK [Deploy normalize configuration] ******************************************
skipping: [dut]
included: /home/pipi/netlab_gh/netsim/ansible/tasks/deploy-config/eos.yml for x1, x2

TASK [eos_config: deploying normalize from /home/pipi/netlab_gh/netsim/ansible/templates/normalize/eos.j2] ***
[WARNING]: To ensure idempotency and correct diff the input configuration lines
should be similar to how they appear if present in the running configuration on
device including the indentation
changed: [x1]
changed: [x2]

TASK [Deploy initial configuration] ********************************************
included: /home/pipi/netlab_gh/netsim/ansible/tasks/deploy-module.yml for dut, x1, x2

TASK [Figure out whether to deploy the module initial on current device] *******
ok: [dut]
ok: [x1]
ok: [x2]

TASK [Find configuration template for initial] *********************************
ok: [dut]
ok: [x1]
ok: [x2]

TASK [fail] ********************************************************************
skipping: [dut]
skipping: [x1]
skipping: [x2]

TASK [Find configuration deployment deploy_script for initial] *****************
ok: [dut]
ok: [x1]
ok: [x2]

TASK [Print deployed configuration when running in verbose mode] ***************
ok: [dut] => {
    "msg": "initial configuration for dut\n=========================================\n\n- set:\n    system:\n      hostname: dut\n      global:\n        system-mac: ca:fe:00:01:00:00\n      config:\n        snippet:\n          system-mtu:\n            file: /etc/network/ifupdown2/policy.d/mtu.json\n            content: |\n              { \"address\": { \"defaults\": { \"mtu\": \"1500\" } } }\n\n    interface:\n      eth0:\n        ip:\n          vrf: mgmt\n          address:\n            dhcp: {}\n        type: eth\n      bond1:\n        type: bond\n        link:\n          state:\n            up : {}\n        description: \"dut -> x1 [stub]\"\n        ip:\n          address:\n            172.16.0.1/24: {}\n          ipv6:\n            enable: off\n\n      bond2:\n        type: bond\n        link:\n          mtu: 1400\n          state:\n            up : {}\n        description: \"dut -> x2 [stub]\"\n        ip:\n          address:\n            172.16.1.1/24: {}\n          ipv6:\n            enable: off\n\n      swp1:\n        type: swp\n        link:\n          state:\n            down : {}\n        description: \"dut -> x1 [stub]\"\n        ip:\n          ipv6:\n            enable: off\n\n      swp2:\n        type: swp\n        link:\n          state:\n            down : {}\n        description: \"dut -> x1 [stub]\"\n        ip:\n          ipv6:\n            enable: off\n\n      swp3:\n        type: swp\n        link:\n          mtu: 1400\n          state:\n            down : {}\n        description: \"dut -> x2 [stub]\"\n        ip:\n          ipv6:\n            enable: off\n\n      swp4:\n        type: swp\n        link:\n          mtu: 1400\n          state:\n            down : {}\n        description: \"dut -> x2 [stub]\"\n        ip:\n          ipv6:\n            enable: off\n\n\n- set:\n    interface:\n      lo:\n        type: loopback\n        ip:\n          address:\n            10.0.0.1/32: {}\n          ipv6:\n            enable: off\n"
}
ok: [x1] => {
    "msg": "initial configuration for x1\n=========================================\nhostname x1\n!\nlogging monitor debugging\naaa authorization exec default local\n!\nlldp run\nno ip routing\nno ipv6 unicast-routing\n!\n!\nip host dut 10.0.0.1 172.16.0.1 172.16.1.1\nip host x2 172.16.1.3\n!\ninterface Management1\n no lldp transmit\n no lldp receive\n!\ninterface port-channel1\n no switchport\n mtu 1500\n description x1 -> dut [stub]\n ip address 172.16.0.2/24\n!\ninterface Ethernet1\n no switchport\n mtu 1500\n description x1 -> dut [stub]\n mac-address caf0.0002.0001\n!\n no shutdown\n!\ninterface Ethernet2\n no switchport\n mtu 1500\n description x1 -> dut [stub]\n mac-address caf0.0002.0002\n!\n no shutdown\n!\n"
}
ok: [x2] => {
    "msg": "initial configuration for x2\n=========================================\nhostname x2\n!\nlogging monitor debugging\naaa authorization exec default local\n!\nlldp run\nno ip routing\nno ipv6 unicast-routing\n!\n!\nip host dut 10.0.0.1 172.16.0.1 172.16.1.1\nip host x1 172.16.0.2\n!\ninterface Management1\n no lldp transmit\n no lldp receive\n!\ninterface port-channel1\n no switchport\n mtu 1400\n description x2 -> dut [stub]\n ip address 172.16.1.3/24\n!\ninterface Ethernet1\n no switchport\n mtu 1400\n description x2 -> dut [stub]\n mac-address caf0.0003.0001\n!\n no shutdown\n!\ninterface Ethernet2\n no switchport\n mtu 1400\n description x2 -> dut [stub]\n mac-address caf0.0003.0002\n!\n no shutdown\n!\n"
}

TASK [Deploy initial configuration] ********************************************
included: /home/pipi/netlab_gh/netsim/ansible/tasks/deploy-config/cumulus_nvue.yml for dut
included: /home/pipi/netlab_gh/netsim/ansible/tasks/deploy-config/eos.yml for x1, x2

TASK [set_fact] ****************************************************************
ok: [dut]

TASK [copy the cumulus nvue YAML initial config file to switch (generated from /home/pipi/netlab_gh/netsim/ansible/templates/initial/cumulus_nvue.j2)] ***
changed: [dut]

TASK [execute on cumulus: 'nv config patch' for initial config] ****************
changed: [dut]

TASK [execute on cumulus: 'nv config apply -y' for initial config] *************
changed: [dut]

TASK [eos_config: deploying initial from /home/pipi/netlab_gh/netsim/ansible/templates/initial/eos.j2] ***
changed: [x2]
changed: [x1]

PLAY [Deploy module-specific configurations] ***********************************

TASK [Set variables that cannot be set with VARS] ******************************
ok: [dut]
ok: [x1]
ok: [x2]

TASK [Deploy individual configuration modules] *********************************
included: /home/pipi/netlab_gh/netsim/ansible/tasks/deploy-module.yml for dut, x1, x2 => (item=lag)
included: /home/pipi/netlab_gh/netsim/ansible/tasks/deploy-module.yml for dut, x1, x2 => (item=routing)

TASK [Figure out whether to deploy the module lag on current device] ***********
ok: [dut]
ok: [x1]
ok: [x2]

TASK [Find configuration template for lag] *************************************
ok: [dut]
ok: [x1]
ok: [x2]

TASK [fail] ********************************************************************
skipping: [dut]
skipping: [x1]
skipping: [x2]

TASK [Find configuration deployment deploy_script for lag] *********************
ok: [dut]
ok: [x1]
ok: [x2]

TASK [Print deployed configuration when running in verbose mode] ***************
ok: [x1] => {
    "msg": "lag configuration for x1\n=========================================\n\ninterface port-channel1\n description x1 -> dut\n!\n!\n!\ninterface Ethernet1\n description x1 -> dut in channel-group 1\n channel-group 1 mode active\n lacp timer fast\n!\ninterface Ethernet2\n description x1 -> dut in channel-group 1\n channel-group 1 mode active\n lacp timer fast\n"
}
ok: [dut] => {
    "msg": "lag configuration for dut\n=========================================\n\n- set:\n    interface:\n      swp1:\n        link:\n          state:\n            up: {}\n      swp2:\n        link:\n          state:\n            up: {}\n      bond1:\n        bond:\n          member:\n            swp1: {}\n            swp2: {}\n      swp3:\n        link:\n          state:\n            up: {}\n      swp4:\n        link:\n          state:\n            up: {}\n      bond2:\n        link:\n          mtu: 1400\n        bond:\n          member:\n            swp3: {}\n            swp4: {}\n"
}
ok: [x2] => {
    "msg": "lag configuration for x2\n=========================================\n\ninterface port-channel1\n description x2 -> dut\n!\n!\n!\ninterface Ethernet1\n description x2 -> dut in channel-group 1\n channel-group 1 mode active\n lacp timer fast\n!\ninterface Ethernet2\n description x2 -> dut in channel-group 1\n channel-group 1 mode active\n lacp timer fast\n"
}

TASK [Deploy lag configuration] ************************************************
included: /home/pipi/netlab_gh/netsim/ansible/tasks/deploy-config/cumulus_nvue.yml for dut
included: /home/pipi/netlab_gh/netsim/ansible/tasks/deploy-config/eos.yml for x1, x2

TASK [set_fact] ****************************************************************
ok: [dut]

TASK [copy the cumulus nvue YAML lag config file to switch (generated from /home/pipi/netlab_gh/netsim/ansible/templates/lag/cumulus_nvue.j2)] ***
changed: [dut]

TASK [execute on cumulus: 'nv config patch' for lag config] ********************
changed: [dut]

TASK [execute on cumulus: 'nv config apply -y' for lag config] *****************
changed: [dut]

TASK [eos_config: deploying lag from /home/pipi/netlab_gh/netsim/ansible/templates/lag/eos.j2] ***
changed: [x2]
changed: [x1]

TASK [Figure out whether to deploy the module routing on current device] *******
ok: [dut]
ok: [x1]
ok: [x2]

TASK [Find configuration template for routing] *********************************
skipping: [dut]
ok: [x1]
ok: [x2]

TASK [fail] ********************************************************************
skipping: [dut]
skipping: [x1]
skipping: [x2]

TASK [Find configuration deployment deploy_script for routing] *****************
skipping: [dut]
ok: [x1]
ok: [x2]

TASK [Print deployed configuration when running in verbose mode] ***************
skipping: [dut]
ok: [x1] => {
    "msg": "routing configuration for x1\n=========================================\n!\n!\n! Static routes\n!\nip route 0.0.0.0/0 port-channel1 172.16.0.1\n"
}
ok: [x2] => {
    "msg": "routing configuration for x2\n=========================================\n!\n!\n! Static routes\n!\nip route 0.0.0.0/0 port-channel1 172.16.1.1\n"
}

TASK [Deploy routing configuration] ********************************************
skipping: [dut]
included: /home/pipi/netlab_gh/netsim/ansible/tasks/deploy-config/eos.yml for x1, x2

TASK [eos_config: deploying routing from /home/pipi/netlab_gh/netsim/ansible/templates/routing/eos.j2] ***
changed: [x2]
changed: [x1]

PLAY [Deploy custom deployment templates] **************************************
skipping: no hosts matched

PLAY RECAP *********************************************************************
dut                        : ok=31   changed=6    unreachable=0    failed=0    skipped=11   rescued=0    ignored=0   
x1                         : ok=31   changed=4    unreachable=0    failed=0    skipped=6    rescued=0    ignored=0   
x2                         : ok=31   changed=4    unreachable=0    failed=0    skipped=6    rescued=0    ignored=0   


The device under is a router with a L3 LAG link connected to a FRR device. The
FRR device should be able to ping the loopback interface of DUT.

