23:20:09 INFO Parsing & checking topology file=clab-augment.yml
23:20:09 INFO Parsing & checking topology file=clab-augment.yml
23:20:09 INFO Destroying lab name=ml_23
23:20:09 INFO Removed container name=clab-ml_23-c1
23:20:09 INFO Removed container name=clab-ml_23-pe2
23:20:09 INFO Removing host entries path=/etc/hosts
23:20:09 INFO Removing SSH config path=/etc/ssh/ssh_config.d/clab-ml_23.conf
[fog][WARNING] Unrecognized arguments: libvirt_ip_command
==> dut: Removing domain...
==> dut: Deleting the machine folder
Checking virtualization provider installation
OK: libvirt installed and working correctly
OK: clab installed and working correctly
Stopping clab nodes

Stopping libvirt nodes
Cleanup configuration files
... removing Vagrantfile
... removing clab-augment.yml
... removing ansible.cfg
... removing hosts.yml
... removing directory tree group_vars
... removing directory tree host_vars
... removing directory tree node_files
... removing netlab.snapshot.yml
... removing netlab.snapshot.pickle
