 [INFO] Creating configuration snippets
[CREATED] dut_a: normalize,initial,ospf
[CREATED] dut_c: normalize,initial,ospf,bgp
[CREATED] probe: initial,ospf
[CREATED] xf: initial,bgp
 [INFO] Executing initial configuration for node probe
 [INFO] Executing initial configuration for node xf
 [INFO] Executing bgp configuration for node xf
 [INFO] Executing ospf configuration for node probe

 [INFO] Starting Ansible playbook to deploy the rest of the
          configurations
[WARNING]: Found variable using reserved name: hosts

PLAY [Deploy initial device configuration] *************************************

TASK [Set variables that cannot be set with VARS] ******************************
ok: [dut_a]
ok: [dut_c]

TASK [Generic readiness tests] *************************************************
included: /home/pipi/netlab_gh/netsim/ansible/tasks/readiness-check/ssh.yml for dut_a, dut_c => (item=ssh)

TASK [Check if 'sshpass' is installed] *****************************************
ok: [dut_a -> localhost]

TASK [Check for 'timeout' command] *********************************************
ok: [dut_c -> localhost]
ok: [dut_a -> localhost]

TASK [Execute local ssh command to check ssh readiness] ************************
FAILED - RETRYING: [dut_a -> localhost]: Execute local ssh command to check ssh readiness (20 retries left).
FAILED - RETRYING: [dut_c -> localhost]: Execute local ssh command to check ssh readiness (20 retries left).
ok: [dut_a -> localhost]
ok: [dut_c -> localhost]

TASK [Confirm dut_a SSH server works] ******************************************
ok: [dut_a] => {
    "msg": "Node dut_a is ready."
}
ok: [dut_c] => {
    "msg": "Node dut_c is ready."
}

TASK [Find device readiness script] ********************************************
ok: [dut_a]
ok: [dut_c]

TASK [Wait for device to become ready] *****************************************
skipping: [dut_a]
skipping: [dut_c]

TASK [Normalize config on bridge-like devices] *********************************
included: /home/pipi/netlab_gh/netsim/ansible/tasks/deploy-module.yml for dut_a, dut_c

TASK [Figure out whether to deploy the module normalize on current device] *****
ok: [dut_a]
ok: [dut_c]

TASK [Find configuration template for normalize] *******************************
ok: [dut_a]
ok: [dut_c]

TASK [fail] ********************************************************************
skipping: [dut_a]
skipping: [dut_c]

TASK [Find configuration deployment deploy_script for normalize] ***************
ok: [dut_a]
ok: [dut_c]

TASK [Print deployed configuration when running in verbose mode] ***************
ok: [dut_a] => {
    "msg": "normalize configuration for dut_a\n=========================================\n!\ninterface Ethernet1\n shutdown\n"
}
ok: [dut_c] => {
    "msg": "normalize configuration for dut_c\n=========================================\n!\ninterface Ethernet1\n shutdown\n!\ninterface Ethernet2\n shutdown\n"
}

TASK [Deploy normalize configuration] ******************************************
included: /home/pipi/netlab_gh/netsim/ansible/tasks/deploy-config/eos.yml for dut_a, dut_c

TASK [eos_config: deploying normalize from /work/netlab_cicd/node_files/dut_a/normalize] ***
[WARNING]: To ensure idempotency and correct diff the input configuration lines
should be similar to how they appear if present in the running configuration on
device including the indentation
changed: [dut_a]
changed: [dut_c]

TASK [Deploy initial configuration] ********************************************
included: /home/pipi/netlab_gh/netsim/ansible/tasks/deploy-module.yml for dut_a, dut_c

TASK [Figure out whether to deploy the module initial on current device] *******
ok: [dut_a]
ok: [dut_c]

TASK [Find configuration template for initial] *********************************
ok: [dut_a]
ok: [dut_c]

TASK [fail] ********************************************************************
skipping: [dut_a]
skipping: [dut_c]

TASK [Find configuration deployment deploy_script for initial] *****************
ok: [dut_a]
ok: [dut_c]

TASK [Print deployed configuration when running in verbose mode] ***************
ok: [dut_a] => {
    "msg": "initial configuration for dut_a\n=========================================\nhostname dut-a\n!\nlogging monitor debugging\naaa authorization exec default local\n!\nlldp run\nno ip routing\nipv6 unicast-routing\n!\n!\nipv6 host dutc 2001:db8:1:2::1\nipv6 host probe 2001:db8:1:3::1\nipv6 host xf 2001:db8:1:4::1\n!\ninterface Management0\n no lldp transmit\n no lldp receive\n!\ninterface Loopback0\n ipv6 nd ra interval 5\n ipv6 address 2001:db8:1:1::1/64\n!\ninterface Ethernet1\n no switchport\n description dut_a -> probe\n ipv6 nd ra interval 5\n ipv6 address 2001:db8:3::1/64\n mac-address caf0.0001.0001\n!\n no shutdown\n!\n"
}
ok: [dut_c] => {
    "msg": "initial configuration for dut_c\n=========================================\nhostname dut-c\n!\nlogging monitor debugging\naaa authorization exec default local\n!\nlldp run\nno ip routing\nipv6 unicast-routing\n!\n!\nipv6 host duta 2001:db8:1:1::1\nipv6 host probe 2001:db8:1:3::1\nipv6 host xf 2001:db8:1:4::1\n!\ninterface Management0\n no lldp transmit\n no lldp receive\n!\ninterface Loopback0\n ipv6 nd ra interval 5\n ipv6 address 2001:db8:1:2::1/64\n!\ninterface Ethernet1\n no switchport\n description dut_c -> probe\n ipv6 nd ra interval 5\n ipv6 address 2001:db8:3:1::1/64\n mac-address caf0.0002.0001\n!\n no shutdown\n!\ninterface Ethernet2\n no switchport\n description dut_c -> xf [external]\n ipv6 nd ra interval 5\n ipv6 address 2001:db8:3:2::1/64\n mac-address caf0.0002.0002\n!\n no shutdown\n!\n"
}

TASK [Deploy initial configuration] ********************************************
included: /home/pipi/netlab_gh/netsim/ansible/tasks/deploy-config/eos.yml for dut_a, dut_c

TASK [eos_config: deploying initial from /work/netlab_cicd/node_files/dut_a/initial] ***
changed: [dut_a]
changed: [dut_c]

PLAY [Deploy module-specific configurations] ***********************************

TASK [Set variables that cannot be set with VARS] ******************************
ok: [dut_a]
ok: [dut_c]

TASK [Deploy individual configuration modules] *********************************
included: /home/pipi/netlab_gh/netsim/ansible/tasks/deploy-module.yml for dut_a, dut_c => (item=ospf)
included: /home/pipi/netlab_gh/netsim/ansible/tasks/deploy-module.yml for dut_a, dut_c => (item=bgp)

TASK [Figure out whether to deploy the module ospf on current device] **********
ok: [dut_a]
ok: [dut_c]

TASK [Find configuration template for ospf] ************************************
ok: [dut_a]
ok: [dut_c]

TASK [fail] ********************************************************************
skipping: [dut_a]
skipping: [dut_c]

TASK [Find configuration deployment deploy_script for ospf] ********************
ok: [dut_a]
ok: [dut_c]

TASK [Print deployed configuration when running in verbose mode] ***************
ok: [dut_a] => {
    "msg": "ospf configuration for dut_a\n=========================================\n!\n! OSPFv3 configuration\n!\ninterface Loopback0\n! \n ipv6 ospf 1 area 0.0.0.0\n!\ninterface Ethernet1\n! dut_a -> probe\n ipv6 ospf 1 area 0.0.0.0\n ipv6 ospf network point-to-point\n!\n!\nipv6 router ospf 1\n router-id 10.0.0.1\n timers spf delay initial 100 200 500\n timers lsa rx min interval 100\n timers lsa tx delay initial 100 200 500\n default-information originate always metric-type 2 metric 40\n\n\n\n"
}
ok: [dut_c] => {
    "msg": "ospf configuration for dut_c\n=========================================\n!\n! OSPFv3 configuration\n!\ninterface Loopback0\n! \n ipv6 ospf 1 area 0.0.0.0\n!\ninterface Ethernet1\n! dut_c -> probe\n ipv6 ospf 1 area 0.0.0.0\n ipv6 ospf network point-to-point\n ipv6 ospf cost 10\n!\n!\nipv6 router ospf 1\n router-id 10.0.0.2\n timers spf delay initial 100 200 500\n timers lsa rx min interval 100\n timers lsa tx delay initial 100 200 500\n default-information originate metric-type 1 metric 20\n\n\n\n"
}

TASK [Deploy ospf configuration] ***********************************************
included: /home/pipi/netlab_gh/netsim/ansible/tasks/deploy-config/eos.yml for dut_a, dut_c

TASK [eos_config: deploying ospf from /work/netlab_cicd/node_files/dut_a/ospf] ***
changed: [dut_a]
changed: [dut_c]

TASK [Figure out whether to deploy the module bgp on current device] ***********
ok: [dut_a]
ok: [dut_c]

TASK [Find configuration template for bgp] *************************************
skipping: [dut_a]
ok: [dut_c]

TASK [fail] ********************************************************************
skipping: [dut_a]
skipping: [dut_c]

TASK [Find configuration deployment deploy_script for bgp] *********************
skipping: [dut_a]
ok: [dut_c]

TASK [Print deployed configuration when running in verbose mode] ***************
skipping: [dut_a]
ok: [dut_c] => {
    "msg": "bgp configuration for dut_c\n=========================================\n!\n!\nrouter bgp 65000\n  bgp advertise-inactive\n  bgp log-neighbor-changes\n  no bgp default ipv4-unicast\n  no bgp default ipv6-unicast\n  router-id 10.0.0.2\n!\n  neighbor 2001:db8:3:2::2 remote-as 65100\n  neighbor 2001:db8:3:2::2 description xf\n  neighbor 2001:db8:3:2::2 send-community standard large \n!\n!\n address-family ipv6\n\n!\n!\n! Originate networks from connected subnets\n!\n  network 2001:db8:1:2::/64\n!\n!\n  neighbor 2001:db8:3:2::2 activate\n  neighbor 2001:db8:3:2::2 next-hop-self\n!\n"
}

TASK [Deploy bgp configuration] ************************************************
skipping: [dut_a]
included: /home/pipi/netlab_gh/netsim/ansible/tasks/deploy-config/eos.yml for dut_c

TASK [eos_config: deploying bgp from /work/netlab_cicd/node_files/dut_c/bgp] ***
changed: [dut_c]

PLAY [Deploy custom deployment templates] **************************************
skipping: no hosts matched

PLAY RECAP *********************************************************************
dut_a                      : ok=31   changed=3    unreachable=0    failed=0    skipped=9    rescued=0    ignored=0   
dut_c                      : ok=35   changed=4    unreachable=0    failed=0    skipped=5    rescued=0    ignored=0   

Results of configuration script deployments
================================================================================
probe                        OK: 2   
xf                           OK: 2   


This lab tests the OSPF default route origination. The devices under test
should originate the default route, one always, the other one based one
BGP default route.

