 [INFO] Creating configuration snippets
[CREATED] dut: normalize,initial,ospf,bgp,vrf
[CREATED] p1: initial,ospf
[CREATED] p2: initial,ospf
[CREATED] xf: initial,bgp
 [INFO] Executing initial configuration for node p1
 [INFO] Executing initial configuration for node p2
 [INFO] Executing initial configuration for node xf
 [INFO] Executing bgp configuration for node xf
 [INFO] Executing ospf configuration for node p2
 [INFO] Executing ospf configuration for node p1

 [INFO] Starting Ansible playbook to deploy the rest of the
          configurations
[WARNING]: Found variable using reserved name: hosts

PLAY [Deploy initial device configuration] *************************************

TASK [Set variables that cannot be set with VARS] ******************************
ok: [dut]

TASK [Generic readiness tests] *************************************************
included: /home/pipi/netlab_gh/netsim/ansible/tasks/readiness-check/ssh.yml for dut => (item=ssh)

TASK [Check if 'sshpass' is installed] *****************************************
ok: [dut -> localhost]

TASK [Check for 'timeout' command] *********************************************
ok: [dut -> localhost]

TASK [Execute local ssh command to check ssh readiness] ************************
FAILED - RETRYING: [dut -> localhost]: Execute local ssh command to check ssh readiness (20 retries left).
ok: [dut -> localhost]

TASK [Confirm dut SSH server works] ********************************************
ok: [dut] => {
    "msg": "Node dut is ready."
}

TASK [Find device readiness script] ********************************************
ok: [dut]

TASK [Wait for device to become ready] *****************************************
skipping: [dut]

TASK [Normalize config on bridge-like devices] *********************************
included: /home/pipi/netlab_gh/netsim/ansible/tasks/deploy-module.yml for dut

TASK [Figure out whether to deploy the module normalize on current device] *****
ok: [dut]

TASK [Find configuration template for normalize] *******************************
ok: [dut]

TASK [fail] ********************************************************************
skipping: [dut]

TASK [Find configuration deployment deploy_script for normalize] ***************
ok: [dut]

TASK [Print deployed configuration when running in verbose mode] ***************
ok: [dut] => {
    "msg": "normalize configuration for dut\n=========================================\n!\ninterface Ethernet1\n shutdown\n!\ninterface Ethernet2\n shutdown\n!\ninterface Ethernet3\n shutdown\n"
}

TASK [Deploy normalize configuration] ******************************************
included: /home/pipi/netlab_gh/netsim/ansible/tasks/deploy-config/eos.yml for dut

TASK [eos_config: deploying normalize from /work/netlab_cicd/node_files/dut/normalize] ***
[WARNING]: To ensure idempotency and correct diff the input configuration lines
should be similar to how they appear if present in the running configuration on
device including the indentation
changed: [dut]

TASK [Deploy initial configuration] ********************************************
included: /home/pipi/netlab_gh/netsim/ansible/tasks/deploy-module.yml for dut

TASK [Figure out whether to deploy the module initial on current device] *******
ok: [dut]

TASK [Find configuration template for initial] *********************************
ok: [dut]

TASK [fail] ********************************************************************
skipping: [dut]

TASK [Find configuration deployment deploy_script for initial] *****************
ok: [dut]

TASK [Print deployed configuration when running in verbose mode] ***************
ok: [dut] => {
    "msg": "initial configuration for dut\n=========================================\nhostname dut\n!\nlogging monitor debugging\naaa authorization exec default local\n!\nlldp run\nno ip routing\nipv6 unicast-routing\n!\nvrf instance d2\n rd 65000:2\n!\nipv6 unicast-routing vrf d2\n!\nvrf instance d1\n rd 65000:1\n!\nipv6 unicast-routing vrf d1\n!\n!\nipv6 host dut-d1 2001:db8:3::1\nipv6 host dut-d2 2001:db8:3:1::1\nipv6 host p1 2001:db8:1:2::1\nipv6 host p2 2001:db8:1:3::1\nipv6 host xf 2001:db8:1:4::1\n!\ninterface Management0\n no lldp transmit\n no lldp receive\n!\ninterface Loopback0\n ipv6 nd ra interval 5\n ipv6 address 2001:db8:1:1::1/64\n!\ninterface Ethernet1\n no switchport\n vrf d1\n description dut -> p1\n ipv6 nd ra interval 5\n ipv6 address 2001:db8:3::1/64\n mac-address caf0.0001.0001\n!\n no shutdown\n!\ninterface Ethernet2\n no switchport\n vrf d2\n description dut -> p2\n ipv6 nd ra interval 5\n ipv6 address 2001:db8:3:1::1/64\n mac-address caf0.0001.0002\n!\n no shutdown\n!\ninterface Ethernet3\n no switchport\n vrf d2\n description dut -> xf [external]\n ipv6 nd ra interval 5\n ipv6 address 2001:db8:3:2::1/64\n mac-address caf0.0001.0003\n!\n no shutdown\n!\ninterface Loopback1\n vrf d2\n description VRF Loopback d2\n ipv6 nd ra interval 5\n ipv6 address 2001:db8:cafe:43::1/64\n!\n"
}

TASK [Deploy initial configuration] ********************************************
included: /home/pipi/netlab_gh/netsim/ansible/tasks/deploy-config/eos.yml for dut

TASK [eos_config: deploying initial from /work/netlab_cicd/node_files/dut/initial] ***
changed: [dut]

PLAY [Deploy module-specific configurations] ***********************************

TASK [Set variables that cannot be set with VARS] ******************************
ok: [dut]

TASK [Deploy individual configuration modules] *********************************
included: /home/pipi/netlab_gh/netsim/ansible/tasks/deploy-module.yml for dut => (item=ospf)
included: /home/pipi/netlab_gh/netsim/ansible/tasks/deploy-module.yml for dut => (item=bgp)
included: /home/pipi/netlab_gh/netsim/ansible/tasks/deploy-module.yml for dut => (item=vrf)

TASK [Figure out whether to deploy the module ospf on current device] **********
ok: [dut]

TASK [Find configuration template for ospf] ************************************
ok: [dut]

TASK [fail] ********************************************************************
skipping: [dut]

TASK [Find configuration deployment deploy_script for ospf] ********************
ok: [dut]

TASK [Print deployed configuration when running in verbose mode] ***************
ok: [dut] => {
    "msg": "ospf configuration for dut\n=========================================\n"
}

TASK [Deploy ospf configuration] ***********************************************
included: /home/pipi/netlab_gh/netsim/ansible/tasks/deploy-config/eos.yml for dut

TASK [eos_config: deploying ospf from /work/netlab_cicd/node_files/dut/ospf] ***
ok: [dut]

TASK [Figure out whether to deploy the module bgp on current device] ***********
ok: [dut]

TASK [Find configuration template for bgp] *************************************
ok: [dut]

TASK [fail] ********************************************************************
skipping: [dut]

TASK [Find configuration deployment deploy_script for bgp] *********************
ok: [dut]

TASK [Print deployed configuration when running in verbose mode] ***************
ok: [dut] => {
    "msg": "bgp configuration for dut\n=========================================\n!\n!\nrouter bgp 65000\n  bgp advertise-inactive\n  bgp log-neighbor-changes\n  no bgp default ipv4-unicast\n  no bgp default ipv6-unicast\n  router-id 10.0.0.1\n!\n!\n address-family ipv6\n\n!\n!\n! Originate networks from connected subnets\n!\n  network 2001:db8:1:1::/64\n!\n!\n!\n"
}

TASK [Deploy bgp configuration] ************************************************
included: /home/pipi/netlab_gh/netsim/ansible/tasks/deploy-config/eos.yml for dut

TASK [eos_config: deploying bgp from /work/netlab_cicd/node_files/dut/bgp] *****
changed: [dut]

TASK [Figure out whether to deploy the module vrf on current device] ***********
ok: [dut]

TASK [Find configuration template for vrf] *************************************
ok: [dut]

TASK [fail] ********************************************************************
skipping: [dut]

TASK [Find configuration deployment deploy_script for vrf] *********************
ok: [dut]

TASK [Print deployed configuration when running in verbose mode] ***************
ok: [dut] => {
    "msg": "vrf configuration for dut\n=========================================\n!\nmpls ip\n!\nrouter bgp 65000\n!\n vrf d2\n  router-id 10.0.0.1\n  rd 65000:2\n  route-target import vpn-ipv6 65000:2\n  route-target export vpn-ipv6 65000:2\n!\n  neighbor 2001:db8:3:2::2 remote-as 65100\n  neighbor 2001:db8:3:2::2 description xf\n  neighbor 2001:db8:3:2::2 send-community standard large \n!\n  address-family ipv6\n    redistribute connected\n    redistribute ospfv3\n\n    network 2001:db8:cafe:43::/64\n    neighbor 2001:db8:3:2::2 activate\n!\n vrf d1\n  router-id 10.0.0.1\n  rd 65000:1\n  route-target import vpn-ipv6 65000:1\n  route-target export vpn-ipv6 65000:1\n!\n  address-family ipv6\n    redistribute connected\n    redistribute ospfv3\n\n!\n! OSPFv3 configuration\n!\ninterface Ethernet2\n! dut -> p2\n ipv6 ospf 101 area 0.0.0.0\n ipv6 ospf network point-to-point\n!\ninterface Loopback1\n! VRF Loopback d2\n ipv6 ospf 101 area 0.0.0.0\n!\n!\n}\nipv6 router ospf 101 vrf d2\n router-id 10.0.0.1\n timers spf delay initial 100 200 500\n timers lsa rx min interval 100\n timers lsa tx delay initial 100 200 500\n default-information originate\n\n  redistribute bgp include leaked\n  redistribute connected include leaked\n\n\n!\n! OSPFv3 configuration\n!\ninterface Ethernet1\n! dut -> p1\n ipv6 ospf 100 area 0.0.0.0\n ipv6 ospf network point-to-point\n!\n!\n}\nipv6 router ospf 100 vrf d1\n router-id 10.0.0.1\n timers spf delay initial 100 200 500\n timers lsa rx min interval 100\n timers lsa tx delay initial 100 200 500\n default-information originate always\n\n  redistribute bgp include leaked\n  redistribute connected include leaked\n\n\n"
}

TASK [Deploy vrf configuration] ************************************************
included: /home/pipi/netlab_gh/netsim/ansible/tasks/deploy-config/eos.yml for dut

TASK [eos_config: deploying vrf from /work/netlab_cicd/node_files/dut/vrf] *****
changed: [dut]

PLAY [Deploy custom deployment templates] **************************************
skipping: no hosts matched

PLAY RECAP *********************************************************************
dut                        : ok=43   changed=4    unreachable=0    failed=0    skipped=6    rescued=0    ignored=0   

Results of configuration script deployments
================================================================================
p1                           OK: 2   
p2                           OK: 2   
xf                           OK: 2   


This lab tests the VRF OSPF default route origination. The device under test
should originate the default route in multiple VRFs, one always, the other one
based on BGP default route.

