Warning in mtu: Device iol (node dut) does not support MTU 1600. MTU on links[core][1] changed to 1500
Warning in mtu: Device iol (node dut) does not support MTU 1600. MTU on links[core][2] changed to 1500
Warning in mtu: Device iol (node dut) does not support MTU 1600. MTU on links[core][3] changed to 1500
[CONFIG]  dut: ifstate,initial,ospf,bgp,evpn
[CONFIG]  l1: initial,vlan,bgp,vxlan,evpn,daemons,hosts
[CONFIG]  l2: initial,vlan,bgp,vxlan,evpn,daemons,hosts (shared)
[CONFIG]  l3: initial,vlan,ospf,bgp,vxlan,evpn,daemons,hosts (shared)
[CONFIG]  h1: initial,routing,hosts (shared)
[CONFIG]  h2: initial,routing,hosts (shared)
[CONFIG]  h3: initial,routing,hosts (shared)
Created provider configuration file: clab.yml
Created pickled transformed topology data into netlab.snapshot.pickle
Created group_vars for all
Created group_vars for modules
Created group_vars for iol
Created host_vars for dut
Created group_vars for frr
Created host_vars for l1, l2, l3
Created group_vars for linux
Created host_vars for h1, h2, h3
Created minimized Ansible inventory hosts.yml
Created Ansible configuration file: ansible.cfg
Created transformed topology dump in YAML format in netlab.snapshot.yml
