Using transformed lab topology from snapshot file netlab.snapshot.pickle
Checking virtualization provider installation
OK: clab installed and working correctly
Starting clab nodes
provider clab: executing sudo -E containerlab deploy --reconfigure -t clab.yml
12:12:52 INFO Containerlab started version=0.73.0
12:12:52 INFO Parsing & checking topology file=clab.yml
12:12:52 INFO Removing directory path=/work/netlab_cicd/clab-ml-17
12:12:52 INFO Creating docker network name=nl_mgmt_17 IPv4 subnet=192.168.17.0/24 IPv6 subnet="" MTU=0
12:12:52 INFO Creating lab directory path=/work/netlab_cicd/clab-ml-17
12:12:53 INFO Creating container name=l1
12:12:53 INFO Creating container name=l2
12:12:53 INFO Creating container name=dut
12:12:53 INFO Creating container name=l3
12:12:53 INFO Creating container name=h2
12:12:53 INFO Creating container name=h1
12:12:53 INFO Creating container name=h3
12:12:53 INFO Created link: l3:eth2 ▪┄┄▪ h3:eth1
12:12:53 INFO Created link: l2:eth2 ▪┄┄▪ h2:eth1
12:12:54 INFO Created link: dut:eth2 (Ethernet0/2) ▪┄┄▪ l2:eth1
12:12:54 INFO Created link: dut:eth1 (Ethernet0/1) ▪┄┄▪ l1:eth1
12:12:54 INFO Created link: dut:eth3 (Ethernet0/3) ▪┄┄▪ l3:eth1
12:12:54 INFO Running postdeploy actions for Cisco IOL 'dut' node
12:12:54 INFO Created link: l1:eth2 ▪┄┄▪ h1:eth1
12:12:55 INFO Executed command node=l3 command="sleep 1" stdout=""
12:12:55 INFO Executed command node=l2 command="sleep 1" stdout=""
12:12:55 INFO Executed command node=l1 command="sleep 1" stdout=""
12:12:55 INFO Adding host entries path=/etc/hosts
12:12:55 INFO Adding SSH config for nodes path=/etc/ssh/ssh_config.d/clab-ml-17.conf
[1m╭[0m[1m────────────────[0m[1m┬[0m[1m──────────────────────────────[0m[1m┬[0m[1m─────────[0m[1m┬[0m[1m────────────────[0m[1m╮[0m
[1m│[0m[1m      Name      [0m[1m│[0m[1m          Kind/Image          [0m[1m│[0m[1m  State  [0m[1m│[0m[1m IPv4/6 Address [0m[1m│[0m
[1m├[0m[1m────────────────[0m[1m┼[0m[1m──────────────────────────────[0m[1m┼[0m[1m─────────[0m[1m┼[0m[1m────────────────[0m[1m┤[0m
│ clab-ml-17-dut │ cisco_iol                    │ running │ 192.168.17.101 │
│                │ vrnetlab/cisco_iol:17.16.01a │         │ N/A            │
├────────────────┼──────────────────────────────┼─────────┼────────────────┤
│ clab-ml-17-h1  │ linux                        │ running │ 192.168.17.105 │
│                │ python:3.13-alpine           │         │ N/A            │
├────────────────┼──────────────────────────────┼─────────┼────────────────┤
│ clab-ml-17-h2  │ linux                        │ running │ 192.168.17.106 │
│                │ python:3.13-alpine           │         │ N/A            │
├────────────────┼──────────────────────────────┼─────────┼────────────────┤
│ clab-ml-17-h3  │ linux                        │ running │ 192.168.17.107 │
│                │ python:3.13-alpine           │         │ N/A            │
├────────────────┼──────────────────────────────┼─────────┼────────────────┤
│ clab-ml-17-l1  │ linux                        │ running │ 192.168.17.102 │
│                │ quay.io/frrouting/frr:10.5.1 │         │ N/A            │
├────────────────┼──────────────────────────────┼─────────┼────────────────┤
│ clab-ml-17-l2  │ linux                        │ running │ 192.168.17.103 │
│                │ quay.io/frrouting/frr:10.5.1 │         │ N/A            │
├────────────────┼──────────────────────────────┼─────────┼────────────────┤
│ clab-ml-17-l3  │ linux                        │ running │ 192.168.17.104 │
│                │ quay.io/frrouting/frr:10.5.1 │         │ N/A            │
╰────────────────┴──────────────────────────────┴─────────┴────────────────╯

Initial configuration skipped, run 'netlab initial' to configure the devices
