Warning in mtu: Device iol (node l1) does not support MTU 1600. MTU on links[1] changed to 1500
Warning in mtu: Device iol (node spine) does not support MTU 1600. MTU on links[1] changed to 1500
Warning in mtu: Device iol (node spine) does not support MTU 1600. MTU on links[2] changed to 1500
[CONFIG]  spine: initial,bgp,evpn,ebgp.multihop,ifstate
[CONFIG]  l1: initial,vlan,bgp,vxlan,evpn,ebgp.multihop,ifstate
[CONFIG]  l2: initial,vlan,bgp,vxlan,evpn,ebgp.multihop,daemons,hosts
[CONFIG]  h1: initial,routing,hosts (shared)
[CONFIG]  h2: initial,routing,hosts (shared)
Created provider configuration file: clab.yml
Created startup configuration for spine
Created startup configuration for l1
Created pickled transformed topology data into netlab.snapshot.pickle
Created group_vars for all
Created group_vars for modules
Created group_vars for custom_configs
Created group_vars for iol
Created host_vars for spine, l1
Created group_vars for frr
Created host_vars for l2
Created group_vars for linux
Created host_vars for h1, h2
Created minimized Ansible inventory hosts.yml
Created Ansible configuration file: ansible.cfg
Created transformed topology dump in YAML format in netlab.snapshot.yml
