Creating Device configuration snippets
[CREATED] ce1: initial,ospf
[CREATED] ce2: initial,ospf
[CREATED] dut: initial,vlan,ospf,bgp,vrf,vxlan,evpn
[CREATED] s2: initial,vlan,ospf,bgp,vrf,vxlan,evpn
Checking Are lab devices ready to be configured?
 [INFO] Checking SSH server(s) on dut
[SSH]     SSH server on node dut (device iol) is ready after 25.4 seconds
Config Deploying device configurations
 [INFO] Executing initial configuration for node ce1
 [INFO] Executing initial configuration for node ce2
 [INFO] Executing initial configuration for node s2
 [INFO] Executing ospf configuration for node ce2
 [INFO] Executing ospf configuration for node ce1
 [INFO] Executing vlan configuration for node s2
 [INFO] Executing ospf configuration for node s2
 [INFO] Executing bgp configuration for node s2
 [INFO] Executing vrf configuration for node s2
 [INFO] Executing vxlan configuration for node s2
 [INFO] Executing evpn configuration for node s2
 [INFO] Starting Ansible playbook to deploy the rest of the
          configurations
[WARNING]: Found variable using reserved name: hosts

PLAY [Deploy initial device configuration] *************************************

TASK [Set variables that cannot be set with VARS] ******************************
ok: [dut]

TASK [Normalize config on bridge-like devices] *********************************
included: /home/pipi/netlab_gh/netsim/ansible/tasks/deploy-module.yml for dut

TASK [Figure out whether to deploy the module normalize on current device] *****
ok: [dut]

TASK [Find configuration template for normalize] *******************************
ok: [dut]

TASK [fail] ********************************************************************
skipping: [dut]

TASK [Find configuration deployment deploy_script for normalize] ***************
ok: [dut]

TASK [Print deployed configuration when running in verbose mode] ***************
skipping: [dut]

TASK [Deploy normalize configuration] ******************************************
skipping: [dut]

TASK [Deploy initial configuration] ********************************************
included: /home/pipi/netlab_gh/netsim/ansible/tasks/deploy-module.yml for dut

TASK [Figure out whether to deploy the module initial on current device] *******
ok: [dut]

TASK [Find configuration template for initial] *********************************
ok: [dut]

TASK [fail] ********************************************************************
skipping: [dut]

TASK [Find configuration deployment deploy_script for initial] *****************
ok: [dut]

TASK [Print deployed configuration when running in verbose mode] ***************
ok: [dut] => {
    "msg": "initial configuration for dut\n=========================================\nhostname dut\n!\nno ip domain lookup\nlogging buffered 256000\n\n!\nlldp run\n!\nip host ce1 10.0.0.1 10.1.0.5\nip host ce2 10.0.0.2 10.1.0.9\nip host dut-tenant 10.1.0.6\nip host s2 10.0.0.4 10.1.0.2\nip host s2-tenant 10.1.0.10\n!\nip routing\n!\nno ipv6 unicast-routing\n!\nvrf definition tenant\n rd 65000:1\n route-target import 65000:1\n route-target export 65000:1\n!\n address-family ipv4\n exit-address-family\n!\n\n!\n!\ninterface Loopback0\n ip address 10.0.0.3 255.255.255.255\n!\ninterface Ethernet0/0\n no lldp transmit\n no lldp receive\n!\ninterface Ethernet0/1\n description dut -> s2\n ip mtu 1500\n ip address 10.1.0.1 255.255.255.252\n no shutdown\n!\ninterface Ethernet0/2\n vrf forwarding tenant\n description dut -> ce1\n ip address 10.1.0.6 255.255.255.252\n no shutdown\n!\n!\nline vty 0 4\n exec-timeout 0 0 \n!\nno banner exec\nno banner login\nno banner incoming\n"
}

TASK [Deploy initial configuration] ********************************************
included: /home/pipi/netlab_gh/netsim/ansible/tasks/deploy-config/ios.yml for dut

TASK [ios_config: deploying initial from /work/netlab_cicd/node_files/dut/initial] ***
[WARNING]: To ensure idempotency and correct diff the input configuration lines
should be similar to how they appear if present in the running configuration on
device including the indentation
changed: [dut]

PLAY [Deploy module-specific configurations] ***********************************

TASK [Set variables that cannot be set with VARS] ******************************
ok: [dut]

TASK [Deploy individual configuration modules] *********************************
included: /home/pipi/netlab_gh/netsim/ansible/tasks/deploy-module.yml for dut => (item=vlan)
included: /home/pipi/netlab_gh/netsim/ansible/tasks/deploy-module.yml for dut => (item=ospf)
included: /home/pipi/netlab_gh/netsim/ansible/tasks/deploy-module.yml for dut => (item=bgp)
included: /home/pipi/netlab_gh/netsim/ansible/tasks/deploy-module.yml for dut => (item=vrf)
included: /home/pipi/netlab_gh/netsim/ansible/tasks/deploy-module.yml for dut => (item=vxlan)
included: /home/pipi/netlab_gh/netsim/ansible/tasks/deploy-module.yml for dut => (item=evpn)

TASK [Figure out whether to deploy the module vlan on current device] **********
ok: [dut]

TASK [Find configuration template for vlan] ************************************
ok: [dut]

TASK [fail] ********************************************************************
skipping: [dut]

TASK [Find configuration deployment deploy_script for vlan] ********************
ok: [dut]

TASK [Print deployed configuration when running in verbose mode] ***************
ok: [dut] => {
    "msg": "vlan configuration for dut\n=========================================\n"
}

TASK [Deploy vlan configuration] ***********************************************
included: /home/pipi/netlab_gh/netsim/ansible/tasks/deploy-config/ios.yml for dut

TASK [ios_config: deploying vlan from /work/netlab_cicd/node_files/dut/vlan] ***
ok: [dut]

TASK [Figure out whether to deploy the module ospf on current device] **********
ok: [dut]

TASK [Find configuration template for ospf] ************************************
ok: [dut]

TASK [fail] ********************************************************************
skipping: [dut]

TASK [Find configuration deployment deploy_script for ospf] ********************
ok: [dut]

TASK [Print deployed configuration when running in verbose mode] ***************
ok: [dut] => {
    "msg": "ospf configuration for dut\n=========================================\nrouter ospf 1\n router-id 10.0.0.3\n\n!\ninterface Loopback0\n! \n ip ospf 1 area 0.0.0.0\n!\ninterface Ethernet0/1\n! dut -> s2\n ip ospf 1 area 0.0.0.0\n ip ospf network point-to-point\n!\n\n"
}

TASK [Deploy ospf configuration] ***********************************************
included: /home/pipi/netlab_gh/netsim/ansible/tasks/deploy-config/ios.yml for dut

TASK [ios_config: deploying ospf from /work/netlab_cicd/node_files/dut/ospf] ***
changed: [dut]

TASK [Figure out whether to deploy the module bgp on current device] ***********
ok: [dut]

TASK [Find configuration template for bgp] *************************************
ok: [dut]

TASK [fail] ********************************************************************
skipping: [dut]

TASK [Find configuration deployment deploy_script for bgp] *********************
ok: [dut]

TASK [Print deployed configuration when running in verbose mode] ***************
ok: [dut] => {
    "msg": "bgp configuration for dut\n=========================================\n!\nip bgp-community new-format\n!\nrouter bgp 65000\n no bgp default ipv4-unicast\n bgp update-delay 5\n bgp nopeerup-delay cold-boot 1\n bgp nopeerup-delay user-initiated 1\n bgp router-id 10.0.0.3\n  neighbor 10.0.0.4 remote-as 65000\n  neighbor 10.0.0.4 description s2\n  neighbor 10.0.0.4 update-source Loopback0\n\n!\n address-family ipv4\n  bgp scan-time 5\n!\n!\n! Originate networks from connected subnets\n!\n  network 10.0.0.3 mask 255.255.255.255\n\n!\n  neighbor 10.0.0.4 activate\n  neighbor 10.0.0.4 advertisement-interval 0\n  neighbor 10.0.0.4 next-hop-self\n  neighbor 10.0.0.4 send-community both\n\n!\n"
}

TASK [Deploy bgp configuration] ************************************************
included: /home/pipi/netlab_gh/netsim/ansible/tasks/deploy-config/ios.yml for dut

TASK [ios_config: deploying bgp from /work/netlab_cicd/node_files/dut/bgp] *****
changed: [dut]

TASK [Figure out whether to deploy the module vrf on current device] ***********
ok: [dut]

TASK [Find configuration template for vrf] *************************************
ok: [dut]

TASK [fail] ********************************************************************
skipping: [dut]

TASK [Find configuration deployment deploy_script for vrf] *********************
ok: [dut]

TASK [Print deployed configuration when running in verbose mode] ***************
ok: [dut] => {
    "msg": "vrf configuration for dut\n=========================================\n!\nrouter bgp 65000\n!\n address-family ipv4 vrf tenant\n  bgp router-id 10.0.0.3\n  redistribute connected\n  redistribute ospf 100 match internal external\n\n!\n!\n exit-address-family\n!\nexit\n!\n!\nrouter ospf 100 vrf tenant\n router-id 10.0.0.3\n\n redistribute bgp 65000\n redistribute connected\n\n!\ninterface Ethernet0/2\n! dut -> ce1\n ip ospf 100 area 0.0.0.0\n ip ospf network point-to-point\n!\n\n!\n"
}

TASK [Deploy vrf configuration] ************************************************
included: /home/pipi/netlab_gh/netsim/ansible/tasks/deploy-config/ios.yml for dut

TASK [ios_config: deploying vrf from /work/netlab_cicd/node_files/dut/vrf] *****
changed: [dut]

TASK [Figure out whether to deploy the module vxlan on current device] *********
ok: [dut]

TASK [Find configuration template for vxlan] ***********************************
ok: [dut]

TASK [fail] ********************************************************************
skipping: [dut]

TASK [Find configuration deployment deploy_script for vxlan] *******************
ok: [dut]

TASK [Print deployed configuration when running in verbose mode] ***************
ok: [dut] => {
    "msg": "vxlan configuration for dut\n=========================================\n"
}

TASK [Deploy vxlan configuration] **********************************************
included: /home/pipi/netlab_gh/netsim/ansible/tasks/deploy-config/ios.yml for dut

TASK [ios_config: deploying vxlan from /work/netlab_cicd/node_files/dut/vxlan] ***
ok: [dut]

TASK [Figure out whether to deploy the module evpn on current device] **********
ok: [dut]

TASK [Find configuration template for evpn] ************************************
ok: [dut]

TASK [fail] ********************************************************************
skipping: [dut]

TASK [Find configuration deployment deploy_script for evpn] ********************
ok: [dut]

TASK [Print deployed configuration when running in verbose mode] ***************
ok: [dut] => {
    "msg": "evpn configuration for dut\n=========================================\n!\nbridge-domain 3700\n member vni 5042\n!\ninterface BDI3700\n vrf forwarding tenant\n ip unnumbered Loopback0\n no shutdown\n!\nvrf definition tenant\n address-family ipv4\n  route-target import 65000:1 stitching\n  route-target export 65000:1 stitching\n!\ninterface nve1\n no shutdown\n source-interface Loopback0\n host-reachability protocol bgp\n member vni 5042 vrf tenant\n!\nrouter bgp 65000\n address-family l2vpn evpn\n  neighbor 10.0.0.4 encap vxlan\n  neighbor 10.0.0.4 activate\n  neighbor 10.0.0.4 send-community both\n address-family ipv4 vrf tenant\n  advertise l2vpn evpn\n"
}

TASK [Deploy evpn configuration] ***********************************************
included: /home/pipi/netlab_gh/netsim/ansible/tasks/deploy-config/ios.yml for dut

TASK [ios_config: deploying evpn from /work/netlab_cicd/node_files/dut/evpn] ***
changed: [dut]

PLAY [Deploy custom deployment templates] **************************************
skipping: no hosts matched

PLAY RECAP *********************************************************************
dut                        : ok=55   changed=5    unreachable=0    failed=0    skipped=10   rescued=0    ignored=0   

Results of configuration script deployments
================================================================================
ce1              Script:  initial,ospf
ce2              Script:  initial,ospf
s2               Script:  initial,vlan,ospf,bgp,vrf,vxlan,evpn


The devices under test are layer-3 EVPN/VXLAN routers
running BGP with external devices.

External devices should be able to ping each other

