Checking virtualization provider installation
OK: clab installed and working correctly
Stopping clab nodes
09:16:11 INFO Parsing & checking topology file=clab.yml
09:16:11 INFO Parsing & checking topology file=clab.yml
09:16:11 INFO Destroying lab name=ml-17
09:16:12 INFO Removed container name=clab-ml-17-h1
09:16:12 INFO Removed container name=clab-ml-17-h2
09:16:12 INFO Removed container name=clab-ml-17-h3
09:16:12 INFO Removed container name=clab-ml-17-h4
09:16:12 INFO Removed container name=clab-ml-17-s1
09:16:12 INFO Removed container name=clab-ml-17-s2
09:16:12 INFO Removing host entries path=/etc/hosts
09:16:12 INFO Removing SSH config path=/etc/ssh/ssh_config.d/clab-ml-17.conf
Cleanup configuration files
... removing clab.yml
... removing ansible.cfg
... removing hosts.yml
... removing directory tree group_vars
... removing directory tree host_vars
... removing directory tree node_files
... removing netlab.snapshot.yml
... removing netlab.snapshot.pickle
