 [INFO] Creating configuration snippets
[CREATED] s1: initial,vlan,vxlan,ospf
[CREATED] ros: normalize,initial,vlan,ospf,vrf,vxlan
[CREATED] h1: initial,routing
[CREATED] h2: initial,routing
 [INFO] Executing initial configuration for node s1
 [INFO] Executing normalize configuration for node ros
 [INFO] Executing initial configuration for node h1 (namespace clab-
          ml-17-h1)
 [INFO] Executing initial configuration for node h2 (namespace clab-
          ml-17-h2)
 [INFO] Executing routing configuration for node h1 (namespace clab-
          ml-17-h1)
 [INFO] Executing routing configuration for node h2 (namespace clab-
          ml-17-h2)
 [INFO] Executing vlan configuration for node s1
 [INFO] Executing vxlan configuration for node s1
 [INFO] Executing ospf configuration for node s1
 [INFO] Executing initial configuration for node ros
 [INFO] Executing vlan configuration for node ros
 [INFO] Executing ospf configuration for node ros
 [INFO] Executing vrf configuration for node ros
 [INFO] Executing vxlan configuration for node ros

Results of configuration script deployments
================================================================================
s1                           OK: 4   
ros                          OK: 6   
h1                           OK: 2   
h2                           OK: 2   


The device under test is a VXLAN router-on-a-stick. This tests check
VXLAN-to-VXLAN routing.

* h1 and h2 should be able to ping each other

