11:47:59 INFO Containerlab started version=0.72.0
11:47:59 INFO Parsing & checking topology file=clab.yml
11:47:59 INFO Removing directory path=/work/netlab_cicd/clab-ml_17
11:47:59 INFO Creating docker network name=nl_mgmt_17 IPv4 subnet=192.168.17.0/24 IPv6 subnet="" MTU=0
11:47:59 INFO Creating lab directory path=/work/netlab_cicd/clab-ml_17
11:47:59 INFO Creating container name=h1a
11:47:59 INFO Creating container name=h2
11:47:59 INFO Creating container name=s2
11:47:59 INFO Creating container name=h1
11:47:59 INFO Creating container name=dut
11:48:00 INFO Running postdeploy actions for Arista cEOS 'dut' node
11:48:00 INFO Created link: dut:et1 ▪┄┄▪ s2:eth1
11:48:00 INFO Created link: h1:eth1 ▪┄┄▪ dut:et2
11:48:00 INFO Created link: h1a:eth1 ▪┄┄▪ dut:et3
11:48:00 INFO Created link: h2:eth1 ▪┄┄▪ s2:eth2
11:48:20 INFO Adding host entries path=/etc/hosts
11:48:20 INFO Adding SSH config for nodes path=/etc/ssh/ssh_config.d/clab-ml_17.conf
[1m╭[0m[1m────────────────[0m[1m┬[0m[1m──────────────────────────────[0m[1m┬[0m[1m─────────[0m[1m┬[0m[1m────────────────[0m[1m╮[0m
[1m│[0m[1m      Name      [0m[1m│[0m[1m          Kind/Image          [0m[1m│[0m[1m  State  [0m[1m│[0m[1m IPv4/6 Address [0m[1m│[0m
[1m├[0m[1m────────────────[0m[1m┼[0m[1m──────────────────────────────[0m[1m┼[0m[1m─────────[0m[1m┼[0m[1m────────────────[0m[1m┤[0m
│ clab-ml_17-dut │ ceos                         │ running │ 192.168.17.104 │
│                │ ceos:4.34.2F                 │         │ N/A            │
├────────────────┼──────────────────────────────┼─────────┼────────────────┤
│ clab-ml_17-h1  │ linux                        │ running │ 192.168.17.101 │
│                │ python:3.13-alpine           │         │ N/A            │
├────────────────┼──────────────────────────────┼─────────┼────────────────┤
│ clab-ml_17-h1a │ linux                        │ running │ 192.168.17.102 │
│                │ python:3.13-alpine           │         │ N/A            │
├────────────────┼──────────────────────────────┼─────────┼────────────────┤
│ clab-ml_17-h2  │ linux                        │ running │ 192.168.17.103 │
│                │ python:3.13-alpine           │         │ N/A            │
├────────────────┼──────────────────────────────┼─────────┼────────────────┤
│ clab-ml_17-s2  │ linux                        │ running │ 192.168.17.105 │
│                │ quay.io/frrouting/frr:10.5.0 │         │ N/A            │
╰────────────────┴──────────────────────────────┴─────────┴────────────────╯
Using transformed lab topology from snapshot file netlab.snapshot.pickle
Checking virtualization provider installation
OK: clab installed and working correctly
Starting clab nodes
provider clab: executing sudo -E containerlab deploy --reconfigure -t clab.yml

Initial configuration skipped, run 'netlab initial' to configure the devices
