Bringing machine 'rr' up with 'libvirt' provider...
==> rr: Checking if box 'vyos/current' version '20240817.00.20' is up to date...
[fog][WARNING] Unrecognized arguments: libvirt_ip_command
==> rr: Creating image (snapshot of base box volume).
==> rr: Creating domain with the following settings...
==> rr:  -- Name:              ml_17_rr
==> rr:  -- Description:       Source: /work/netlab_cicd/Vagrantfile
==> rr:  -- Domain type:       kvm
==> rr:  -- Cpus:              2
==> rr:  -- Feature:           acpi
==> rr:  -- Feature:           apic
==> rr:  -- Feature:           pae
==> rr:  -- Clock offset:      utc
==> rr:  -- Memory:            1024M
==> rr:  -- Management MAC:    ca:fe:00:01:00:00
==> rr:  -- Base box:          vyos/current
==> rr:  -- Storage pool:      default
==> rr:  -- Image(vda):        /var/lib/libvirt/images/ml_17_rr.img, virtio, 10G
==> rr:  -- Disk driver opts:  cache='default'
==> rr:  -- Graphics Type:     vnc
==> rr:  -- Video Type:        cirrus
==> rr:  -- Video VRAM:        16384
==> rr:  -- Video 3D accel:    false
==> rr:  -- Keymap:            en-us
==> rr:  -- TPM Backend:       passthrough
==> rr:  -- INPUT:             type=mouse, bus=ps2
==> rr: Creating shared folders metadata...
==> rr: Starting domain.
==> rr: Domain launching with graphics connection settings...
==> rr:  -- Graphics Port:      5900
==> rr:  -- Graphics IP:        127.0.0.1
==> rr:  -- Graphics Password:  Not defined
==> rr:  -- Graphics Websocket: 5700
==> rr: Waiting for domain to get an IP address...
==> rr: Waiting for machine to boot. This may take a few minutes...
    rr: SSH address: 192.168.17.101:22
    rr: SSH username: vyos
    rr: SSH auth method: private key
    rr: Warning: Connection refused. Retrying...
    rr: 
    rr: Vagrant insecure key detected. Vagrant will automatically replace
    rr: this with a newly generated keypair for better security.
    rr: 
    rr: Inserting generated public key within guest...
    rr: Removing insecure key from the guest if it's present...
    rr: Key inserted! Disconnecting and reconnecting using new SSH key...
==> rr: Machine booted and ready!

==> rr: Machine 'rr' has a post `vagrant up` message. This is a message
==> rr: from the creator of the Vagrantfile, and not from Vagrant itself:
==> rr: 
==> rr: VyOS box. See https://app.vagrantup.com/vyos for help and bug reports
19:15:00 INFO Containerlab started version=0.72.0
19:15:00 INFO Parsing & checking topology file=clab-augment.yml
19:15:00 INFO Removing directory path=/work/netlab_cicd/clab-ml_17
19:15:00 INFO Creating docker network name=nl_mgmt_17 IPv4 subnet=192.168.17.0/24 IPv6 subnet="" MTU=0
19:15:00 INFO Creating lab directory path=/work/netlab_cicd/clab-ml_17
19:15:00 INFO Creating container name=h1
19:15:00 INFO Creating container name=h2
19:15:00 INFO Creating container name=s2
19:15:00 INFO Creating container name=s1
19:15:01 INFO Created link: s1:et2 ▪┄┄▪ h1:eth1
19:15:01 INFO Running postdeploy actions for Arista cEOS 's1' node
19:15:01 INFO Created link: s1:et1 ▪┄┄▪ virbr1:bni17n2i1
19:15:01 INFO Created link: s2:eth1 ▪┄┄▪ virbr2:bni17n3i1
19:15:01 INFO Created link: s2:eth2 ▪┄┄▪ h2:eth1
19:15:15 INFO Adding host entries path=/etc/hosts
19:15:15 INFO Adding SSH config for nodes path=/etc/ssh/ssh_config.d/clab-ml_17.conf
[1m╭[0m[1m───────────────[0m[1m┬[0m[1m──────────────────────────────[0m[1m┬[0m[1m─────────[0m[1m┬[0m[1m────────────────[0m[1m╮[0m
[1m│[0m[1m      Name     [0m[1m│[0m[1m          Kind/Image          [0m[1m│[0m[1m  State  [0m[1m│[0m[1m IPv4/6 Address [0m[1m│[0m
[1m├[0m[1m───────────────[0m[1m┼[0m[1m──────────────────────────────[0m[1m┼[0m[1m─────────[0m[1m┼[0m[1m────────────────[0m[1m┤[0m
│ clab-ml_17-h1 │ linux                        │ running │ 192.168.17.104 │
│               │ python:3.13-alpine           │         │ N/A            │
├───────────────┼──────────────────────────────┼─────────┼────────────────┤
│ clab-ml_17-h2 │ linux                        │ running │ 192.168.17.105 │
│               │ python:3.13-alpine           │         │ N/A            │
├───────────────┼──────────────────────────────┼─────────┼────────────────┤
│ clab-ml_17-s1 │ ceos                         │ running │ 192.168.17.102 │
│               │ ceos:4.34.2F                 │         │ N/A            │
├───────────────┼──────────────────────────────┼─────────┼────────────────┤
│ clab-ml_17-s2 │ linux                        │ running │ 192.168.17.103 │
│               │ quay.io/frrouting/frr:10.5.0 │         │ N/A            │
╰───────────────┴──────────────────────────────┴─────────┴────────────────╯
Using transformed lab topology from snapshot file netlab.snapshot.pickle
Checking virtualization provider installation
OK: libvirt installed and working correctly
OK: clab installed and working correctly
Starting libvirt nodes
creating libvirt management network nl_mgmt_17
provider libvirt: executing vagrant up --provider libvirt
Starting clab nodes
Recreating clab-augment.yml configuration file for clab provider
Createdprovider configuration file: clab-augment.yml
provider clab: executing sudo -E containerlab deploy --reconfigure -t clab-augment.yml

Initial configuration skipped, run 'netlab initial' to configure the devices
