Bringing machine 's1' up with 'libvirt' provider...
Bringing machine 's2' up with 'libvirt' provider...
Bringing machine 'h1' up with 'libvirt' provider...
Bringing machine 'h2' up with 'libvirt' provider...
Bringing machine 'h3' up with 'libvirt' provider...
Bringing machine 'h4' up with 'libvirt' provider...
==> s1: Checking if box 'vyos/current' version '20240508.00.16' is up to date...
==> s2: Checking if box 'vyos/current' version '20240508.00.16' is up to date...
==> h4: Checking if box 'generic/ubuntu2004' version '4.3.8' is up to date...
==> h3: Checking if box 'generic/ubuntu2004' version '4.3.8' is up to date...
==> h1: Checking if box 'generic/ubuntu2004' version '4.3.8' is up to date...
==> h2: Checking if box 'generic/ubuntu2004' version '4.3.8' is up to date...
==> s2: Creating image (snapshot of base box volume).
==> h1: Creating image (snapshot of base box volume).
==> h4: Creating image (snapshot of base box volume).
==> h3: Creating image (snapshot of base box volume).
==> h2: Creating image (snapshot of base box volume).
==> h2: Creating domain with the following settings...
==> h2:  -- Name:              ml_17_h2
==> h3: Creating domain with the following settings...
==> h1: Creating domain with the following settings...
==> s2: Creating domain with the following settings...
==> h2:  -- Description:       Source: /work/netlab_cicd/Vagrantfile
==> h4: Creating domain with the following settings...
==> h3:  -- Name:              ml_17_h3
==> h1:  -- Name:              ml_17_h1
==> s2:  -- Name:              ml_17_s2
==> h1:  -- Description:       Source: /work/netlab_cicd/Vagrantfile
==> h4:  -- Name:              ml_17_h4
==> h4:  -- Description:       Source: /work/netlab_cicd/Vagrantfile
==> h3:  -- Description:       Source: /work/netlab_cicd/Vagrantfile
==> h4:  -- Domain type:       kvm
==> h3:  -- Domain type:       kvm
==> s2:  -- Description:       Source: /work/netlab_cicd/Vagrantfile
==> h1:  -- Domain type:       kvm
==> s2:  -- Domain type:       kvm
==> h1:  -- Cpus:              1
==> h3:  -- Cpus:              1
==> h4:  -- Cpus:              1
==> s2:  -- Cpus:              2
==> h4:  -- Feature:           acpi
==> h1:  -- Feature:           acpi
==> h4:  -- Feature:           apic
==> h3:  -- Feature:           acpi
==> s2:  -- Feature:           acpi
==> h3:  -- Feature:           apic
==> h2:  -- Domain type:       kvm
==> h1:  -- Feature:           apic
==> s2:  -- Feature:           apic
==> h3:  -- Feature:           pae
==> h4:  -- Feature:           pae
==> h4:  -- Clock offset:      utc
==> h1:  -- Feature:           pae
==> s2:  -- Feature:           pae
==> h3:  -- Clock offset:      utc
==> h3:  -- Memory:            1024M
==> h4:  -- Memory:            1024M
==> h1:  -- Clock offset:      utc
==> s2:  -- Clock offset:      utc
==> h2:  -- Cpus:              1
==> h4:  -- Management MAC:    08:4f:a9:00:00:06
==> h3:  -- Management MAC:    08:4f:a9:00:00:05
==> h1:  -- Memory:            1024M
==> s2:  -- Memory:            1024M
==> h1:  -- Management MAC:    08:4f:a9:00:00:03
==> h4:  -- Base box:          generic/ubuntu2004
==> h3:  -- Base box:          generic/ubuntu2004
==> h4:  -- Storage pool:      default
==> s2:  -- Management MAC:    08:4f:a9:00:00:02
==> h1:  -- Base box:          generic/ubuntu2004
==> s2:  -- Base box:          vyos/current
==> h3:  -- Storage pool:      default
==> h2:  -- Feature:           acpi
==> s2:  -- Storage pool:      default
==> h4:  -- Image(vda):        /var/lib/libvirt/images/ml_17_h4.img, virtio, 128G
==> h3:  -- Image(vda):        /var/lib/libvirt/images/ml_17_h3.img, virtio, 128G
==> h1:  -- Storage pool:      default
==> h2:  -- Feature:           apic
==> h1:  -- Image(vda):        /var/lib/libvirt/images/ml_17_h1.img, virtio, 128G
==> h4:  -- Disk driver opts:  cache='default'
==> h3:  -- Disk driver opts:  cache='default'
==> h4:  -- Graphics Type:     vnc
==> h1:  -- Disk driver opts:  cache='default'
==> h2:  -- Feature:           pae
==> h1:  -- Graphics Type:     vnc
==> s2:  -- Image(vda):        /var/lib/libvirt/images/ml_17_s2.img, virtio, 10G
==> h2:  -- Clock offset:      utc
==> h3:  -- Graphics Type:     vnc
==> h1:  -- Video Type:        cirrus
==> h4:  -- Video Type:        cirrus
==> h1:  -- Video VRAM:        256
==> h2:  -- Memory:            1024M
==> h3:  -- Video Type:        cirrus
==> h4:  -- Video VRAM:        256
==> h3:  -- Video VRAM:        256
==> h1:  -- Video 3D accel:    false
==> h2:  -- Management MAC:    08:4f:a9:00:00:04
==> s2:  -- Disk driver opts:  cache='default'
==> h4:  -- Video 3D accel:    false
==> s2:  -- Graphics Type:     vnc
==> h1:  -- Keymap:            en-us
==> s2:  -- Video Type:        cirrus
==> h3:  -- Video 3D accel:    false
==> h4:  -- Keymap:            en-us
==> h2:  -- Base box:          generic/ubuntu2004
==> s2:  -- Video VRAM:        16384
==> s2:  -- Video 3D accel:    false
==> h3:  -- Keymap:            en-us
==> h2:  -- Storage pool:      default
==> h4:  -- TPM Backend:       passthrough
==> h4:  -- INPUT:             type=mouse, bus=ps2
==> s2:  -- Keymap:            en-us
==> h3:  -- TPM Backend:       passthrough
==> s2:  -- TPM Backend:       passthrough
==> h3:  -- INPUT:             type=mouse, bus=ps2
==> h2:  -- Image(vda):        /var/lib/libvirt/images/ml_17_h2.img, virtio, 128G
==> h1:  -- TPM Backend:       passthrough
==> h2:  -- Disk driver opts:  cache='default'
==> s2:  -- INPUT:             type=mouse, bus=ps2
==> h1:  -- INPUT:             type=mouse, bus=ps2
==> h2:  -- Graphics Type:     vnc
==> h2:  -- Video Type:        cirrus
==> h2:  -- Video VRAM:        256
==> h2:  -- Video 3D accel:    false
==> h2:  -- Keymap:            en-us
==> h2:  -- TPM Backend:       passthrough
==> h2:  -- INPUT:             type=mouse, bus=ps2
==> h1: Creating shared folders metadata...
==> h3: Creating shared folders metadata...
==> h2: Creating shared folders metadata...
==> h1: Starting domain.
==> h3: Starting domain.
==> h2: Starting domain.
==> h1: Domain launching with graphics connection settings...
==> h2: Domain launching with graphics connection settings...
==> h3: Domain launching with graphics connection settings...
==> h1:  -- Graphics Port:      5901
==> h3:  -- Graphics Port:      5900
==> h2:  -- Graphics Port:      5902
==> h1:  -- Graphics IP:        127.0.0.1
==> h3:  -- Graphics IP:        127.0.0.1
==> h2:  -- Graphics IP:        127.0.0.1
==> h3:  -- Graphics Password:  Not defined
==> h1:  -- Graphics Password:  Not defined
==> s1: A newer version of the box 'vyos/current' for provider 'libvirt' is
==> s1: available! You currently have version '20240508.00.16'. The latest is version
==> s1: '20240726.00.20'. Run `vagrant box update` to update.
==> h4: Creating shared folders metadata...
==> h3:  -- Graphics Websocket: 5700
==> h1:  -- Graphics Websocket: 5701
==> s1: Creating image (snapshot of base box volume).
==> h2:  -- Graphics Password:  Not defined
==> s2: Creating shared folders metadata...
==> h2:  -- Graphics Websocket: 5702
==> s2: Starting domain.
==> h2: Waiting for domain to get an IP address...
==> h3: Waiting for domain to get an IP address...
==> s1: Creating domain with the following settings...
==> h4: Starting domain.
==> s1:  -- Name:              ml_17_s1
==> h1: Waiting for domain to get an IP address...
==> s1:  -- Description:       Source: /work/netlab_cicd/Vagrantfile
==> s2: Domain launching with graphics connection settings...
==> s1:  -- Domain type:       kvm
==> h4: Domain launching with graphics connection settings...
==> s1:  -- Cpus:              2
==> h4:  -- Graphics Port:      5904
==> h4:  -- Graphics IP:        127.0.0.1
==> h4:  -- Graphics Password:  Not defined
==> s1:  -- Feature:           acpi
==> h4:  -- Graphics Websocket: 5704
==> s1:  -- Feature:           apic
==> s1:  -- Feature:           pae
==> s2:  -- Graphics Port:      5903
==> h4: Waiting for domain to get an IP address...
==> s2:  -- Graphics IP:        127.0.0.1
==> s1:  -- Clock offset:      utc
==> s2:  -- Graphics Password:  Not defined
==> s1:  -- Memory:            1024M
==> s2:  -- Graphics Websocket: 5703
==> s1:  -- Management MAC:    08:4f:a9:00:00:01
==> s2: Waiting for domain to get an IP address...
==> s1:  -- Base box:          vyos/current
==> s1:  -- Storage pool:      default
==> s1:  -- Image(vda):        /var/lib/libvirt/images/ml_17_s1.img, virtio, 10G
==> s1:  -- Disk driver opts:  cache='default'
==> s1:  -- Graphics Type:     vnc
==> s1:  -- Video Type:        cirrus
==> s1:  -- Video VRAM:        16384
==> s1:  -- Video 3D accel:    false
==> s1:  -- Keymap:            en-us
==> s1:  -- TPM Backend:       passthrough
==> s1:  -- INPUT:             type=mouse, bus=ps2
==> s1: Creating shared folders metadata...
==> s1: Starting domain.
==> s1: Domain launching with graphics connection settings...
==> s1:  -- Graphics Port:      5905
==> s1:  -- Graphics IP:        127.0.0.1
==> s1:  -- Graphics Password:  Not defined
==> s1:  -- Graphics Websocket: 5705
==> s1: Waiting for domain to get an IP address...
==> h3: Waiting for machine to boot. This may take a few minutes...
    h3: SSH address: 192.168.17.105:22
    h3: SSH username: vagrant
    h3: SSH auth method: private key
    h3: Warning: Connection refused. Retrying...
==> h1: Waiting for machine to boot. This may take a few minutes...
    h1: SSH address: 192.168.17.103:22
    h1: SSH username: vagrant
    h1: SSH auth method: private key
    h1: Warning: Connection refused. Retrying...
==> h2: Waiting for machine to boot. This may take a few minutes...
    h2: SSH address: 192.168.17.104:22
    h2: SSH username: vagrant
    h2: SSH auth method: private key
    h2: Warning: Connection refused. Retrying...
==> h4: Waiting for machine to boot. This may take a few minutes...
    h4: SSH address: 192.168.17.106:22
    h4: SSH username: vagrant
    h4: SSH auth method: private key
    h4: Warning: Connection refused. Retrying...
    h1: 
    h1: Vagrant insecure key detected. Vagrant will automatically replace
    h1: this with a newly generated keypair for better security.
    h3: 
    h3: Vagrant insecure key detected. Vagrant will automatically replace
    h3: this with a newly generated keypair for better security.
    h2: 
    h2: Vagrant insecure key detected. Vagrant will automatically replace
    h2: this with a newly generated keypair for better security.
    h1: 
    h1: Inserting generated public key within guest...
    h3: 
    h3: Inserting generated public key within guest...
    h2: 
    h2: Inserting generated public key within guest...
    h3: Removing insecure key from the guest if it's present...
    h1: Removing insecure key from the guest if it's present...
    h2: Removing insecure key from the guest if it's present...
    h4: 
    h4: Vagrant insecure key detected. Vagrant will automatically replace
    h4: this with a newly generated keypair for better security.
    h1: Key inserted! Disconnecting and reconnecting using new SSH key...
    h3: Key inserted! Disconnecting and reconnecting using new SSH key...
    h2: Key inserted! Disconnecting and reconnecting using new SSH key...
    h4: 
    h4: Inserting generated public key within guest...
    h4: Removing insecure key from the guest if it's present...
==> h1: Machine booted and ready!
==> h2: Machine booted and ready!
==> h3: Machine booted and ready!
    h4: Key inserted! Disconnecting and reconnecting using new SSH key...
==> h4: Machine booted and ready!
==> s2: Waiting for machine to boot. This may take a few minutes...
    s2: SSH address: 192.168.17.102:22
    s2: SSH username: vyos
    s2: SSH auth method: private key
    s2: Warning: Connection refused. Retrying...
    s2: 
    s2: Vagrant insecure key detected. Vagrant will automatically replace
    s2: this with a newly generated keypair for better security.
    s2: 
    s2: Inserting generated public key within guest...
    s2: Removing insecure key from the guest if it's present...
==> s1: Waiting for machine to boot. This may take a few minutes...
    s1: SSH address: 192.168.17.101:22
    s1: SSH username: vyos
    s1: SSH auth method: private key
    s1: Warning: Connection refused. Retrying...
    s2: Key inserted! Disconnecting and reconnecting using new SSH key...
    s1: 
    s1: Vagrant insecure key detected. Vagrant will automatically replace
    s1: this with a newly generated keypair for better security.
==> s2: Machine booted and ready!
    s1: 
    s1: Inserting generated public key within guest...
    s1: Removing insecure key from the guest if it's present...
    s1: Key inserted! Disconnecting and reconnecting using new SSH key...
==> s1: Machine booted and ready!

==> s1: Machine 's1' has a post `vagrant up` message. This is a message
==> s1: from the creator of the Vagrantfile, and not from Vagrant itself:
==> s1: 
==> s1: VyOS box. See https://app.vagrantup.com/vyos for help and bug reports

==> s2: Machine 's2' has a post `vagrant up` message. This is a message
==> s2: from the creator of the Vagrantfile, and not from Vagrant itself:
==> s2: 
==> s2: VyOS box. See https://app.vagrantup.com/vyos for help and bug reports
Using transformed lab topology from snapshot file netlab.snapshot.yml
Checking virtualization provider installation
OK: libvirt installed and working correctly
Starting libvirt nodes
creating libvirt management network nl_mgmt_17
provider libvirt: executing vagrant up --provider libvirt

Initial configuration skipped, run 'netlab initial' to configure the devices
