Createdprovider configuration file: clab.yml
Created clab_files/h1/initial for h1 (from package:ansible/templates/initial/linux-clab.j2)
Created clab_files/h1/routing for h1 (from package:ansible/templates/routing/linux-clab.j2)
Mapped clab_files/-shared-hosts to h1:/etc/hosts:ro (from package:templates/provider/clab/linux/hosts.j2)
Created clab_files/h2/initial for h2 (from package:ansible/templates/initial/linux-clab.j2)
Created clab_files/h2/routing for h2 (from package:ansible/templates/routing/linux-clab.j2)
Mapped existing clab_files/-shared-hosts to h2:/etc/hosts:ro (from package:templates/provider/clab/linux/hosts.j2)
Mapped clab_files/pe2/daemons to pe2:/etc/frr/daemons (from package:templates/provider/clab/frr/daemons.j2)
Mapped existing clab_files/-shared-hosts to pe2:/etc/hosts:ro (from package:templates/provider/clab/frr/hosts.j2)
Mapped clab_files/p1/daemons to p1:/etc/frr/daemons (from package:templates/provider/clab/frr/daemons.j2)
Mapped existing clab_files/-shared-hosts to p1:/etc/hosts:ro (from package:templates/provider/clab/frr/hosts.j2)
Mapped clab_files/p2/daemons to p2:/etc/frr/daemons (from package:templates/provider/clab/frr/daemons.j2)
Mapped existing clab_files/-shared-hosts to p2:/etc/hosts:ro (from package:templates/provider/clab/frr/hosts.j2)
Createdtransformed topology dump in YAML format in netlab.snapshot.yml
Createdpickled transformed topology data into netlab.snapshot.pickle
Created group_vars for all
Created group_vars for modules
Created group_vars for linux
Created host_vars for h1
Created host_vars for h2
Created group_vars for srsim
Created host_vars for dut
Created group_vars for frr
Created host_vars for pe2
Created host_vars for p1
Created host_vars for p2
Createdminimized Ansible inventory hosts.yml
CreatedAnsible configuration file: ansible.cfg
