17:03:55 INFO Containerlab started version=0.69.3
17:03:55 INFO Parsing & checking topology file=clab.yml
17:03:55 INFO Removing directory path=/work/netlab_cicd/clab-ml_17
17:03:55 INFO Creating docker network name=nl_mgmt_17 IPv4 subnet=192.168.17.0/24 IPv6 subnet="" MTU=0
17:03:55 INFO Creating lab directory path=/work/netlab_cicd/clab-ml_17
17:03:55 INFO Creating container name=p1
17:03:55 INFO Creating container name=ce2
17:03:55 INFO Creating container name=p2
17:03:55 INFO Creating container name=ce1
17:03:55 INFO Creating container name=pe2
17:03:55 INFO Creating container name=dut
17:03:56 INFO Running postdeploy actions for Arista cEOS 'pe2' node
17:03:56 INFO Created link: ce2:eth1 ▪┄┄▪ pe2:et2
17:03:56 INFO Created link: pe2:et1 ▪┄┄▪ p2:eth2
17:03:56 INFO Created link: dut:e1-1-c1-1 (1/1/c1/1) ▪┄┄▪ p1:eth1
17:03:56 INFO Created link: p1:eth2 ▪┄┄▪ p2:eth1
17:03:56 INFO Created link: ce1:eth1 ▪┄┄▪ dut:e1-1-c2-1 (1/1/c2/1)
17:03:56 INFO Running postdeploy actions kind=nokia_srsim node=dut
17:04:03 INFO Saved running configuration node=dut addr=192.168.17.103
17:04:09 INFO Adding host entries path=/etc/hosts
17:04:09 INFO Adding SSH config for nodes path=/etc/ssh/ssh_config.d/clab-ml_17.conf
You are on the latest version (0.69.3)
[1m╭[0m[1m────────────────[0m[1m┬[0m[1m──────────────────────────────[0m[1m┬[0m[1m─────────[0m[1m┬[0m[1m────────────────[0m[1m╮[0m
[1m│[0m[1m      Name      [0m[1m│[0m[1m          Kind/Image          [0m[1m│[0m[1m  State  [0m[1m│[0m[1m IPv4/6 Address [0m[1m│[0m
[1m├[0m[1m────────────────[0m[1m┼[0m[1m──────────────────────────────[0m[1m┼[0m[1m─────────[0m[1m┼[0m[1m────────────────[0m[1m┤[0m
│ clab-ml_17-ce1 │ linux                        │ running │ 192.168.17.101 │
│                │ quay.io/frrouting/frr:10.4.1 │         │ N/A            │
├────────────────┼──────────────────────────────┼─────────┼────────────────┤
│ clab-ml_17-ce2 │ linux                        │ running │ 192.168.17.102 │
│                │ quay.io/frrouting/frr:10.4.1 │         │ N/A            │
├────────────────┼──────────────────────────────┼─────────┼────────────────┤
│ clab-ml_17-dut │ nokia_srsim                  │ running │ 192.168.17.103 │
│                │ nokia_srsim:25.7.R1          │         │ N/A            │
├────────────────┼──────────────────────────────┼─────────┼────────────────┤
│ clab-ml_17-p1  │ linux                        │ running │ 192.168.17.105 │
│                │ quay.io/frrouting/frr:10.4.1 │         │ N/A            │
├────────────────┼──────────────────────────────┼─────────┼────────────────┤
│ clab-ml_17-p2  │ linux                        │ running │ 192.168.17.106 │
│                │ quay.io/frrouting/frr:10.4.1 │         │ N/A            │
├────────────────┼──────────────────────────────┼─────────┼────────────────┤
│ clab-ml_17-pe2 │ ceos                         │ running │ 192.168.17.104 │
│                │ ceos:4.33.1F                 │         │ N/A            │
╰────────────────┴──────────────────────────────┴─────────┴────────────────╯
Using transformed lab topology from snapshot file netlab.snapshot.pickle
Checking virtualization provider installation
OK: clab installed and working correctly
Starting clab nodes
Loading Linux kernel modules mpls-router,mpls-iptunnel required by containers using mpls module
provider clab: executing sudo -E containerlab deploy --reconfigure -t clab.yml

Initial configuration skipped, run 'netlab initial' to configure the devices
