time="2024-12-18T07:45:52Z" level=info msg="Containerlab v0.59.0 started"
time="2024-12-18T07:45:52Z" level=info msg="Parsing & checking topology file: clab.yml"
time="2024-12-18T07:45:52Z" level=info msg="Removing /work/netlab_cicd/clab-ml_17 directory..."
time="2024-12-18T07:45:52Z" level=info msg="Creating docker network: Name=\"nl_mgmt_17\", IPv4Subnet=\"192.168.17.0/24\", IPv6Subnet=\"\", MTU=0"
time="2024-12-18T07:45:52Z" level=info msg="Creating lab directory: /work/netlab_cicd/clab-ml_17"
time="2024-12-18T07:45:53Z" level=info msg="Creating container: \"pe2\""
time="2024-12-18T07:45:53Z" level=info msg="Creating container: \"h2\""
time="2024-12-18T07:45:53Z" level=info msg="Creating container: \"dut\""
time="2024-12-18T07:45:53Z" level=info msg="Creating container: \"h1\""
time="2024-12-18T07:45:53Z" level=info msg="Creating container: \"p2\""
time="2024-12-18T07:45:53Z" level=info msg="Creating container: \"pe1\""
time="2024-12-18T07:45:53Z" level=info msg="Created link: dut:eth2 <--> p2:eth1"
time="2024-12-18T07:45:54Z" level=info msg="Created link: pe2:eth1 <--> p2:eth2"
time="2024-12-18T07:45:54Z" level=info msg="Created link: h1:eth1 <--> pe1:eth1"
time="2024-12-18T07:45:54Z" level=info msg="Created link: h2:eth1 <--> pe2:eth2"
time="2024-12-18T07:45:54Z" level=info msg="Created link: pe1:eth2 <--> dut:eth1"
time="2024-12-18T07:45:54Z" level=info msg="Adding containerlab host entries to /etc/hosts file"
time="2024-12-18T07:45:54Z" level=info msg="Adding ssh config for containerlab nodes"
time="2024-12-18T07:45:54Z" level=info msg="🎉 New containerlab version 0.60.1 is available! Release notes: https://containerlab.dev/rn/0.60/#0601\nRun 'containerlab version upgrade' to upgrade or go check other installation options at https://containerlab.dev/install/\n"
+---+----------------+--------------+--------------------------------+-------+---------+-------------------+--------------+
| # |      Name      | Container ID |             Image              | Kind  |  State  |   IPv4 Address    | IPv6 Address |
+---+----------------+--------------+--------------------------------+-------+---------+-------------------+--------------+
| 1 | clab-ml_17-dut | 5e77eea663c2 | ghcr.io/sysoleg/vyos-container | linux | running | 192.168.17.105/24 | N/A          |
| 2 | clab-ml_17-h1  | cf6c6435e75e | python:3.9-alpine              | linux | running | 192.168.17.101/24 | N/A          |
| 3 | clab-ml_17-h2  | b0c54916e65c | python:3.9-alpine              | linux | running | 192.168.17.102/24 | N/A          |
| 4 | clab-ml_17-p2  | cdf023822322 | quay.io/frrouting/frr:10.0.1   | linux | running | 192.168.17.106/24 | N/A          |
| 5 | clab-ml_17-pe1 | 6856e6e6985a | quay.io/frrouting/frr:10.0.1   | linux | running | 192.168.17.103/24 | N/A          |
| 6 | clab-ml_17-pe2 | 72d441af0d50 | quay.io/frrouting/frr:10.0.1   | linux | running | 192.168.17.104/24 | N/A          |
+---+----------------+--------------+--------------------------------+-------+---------+-------------------+--------------+
Using transformed lab topology from snapshot file netlab.snapshot.yml
Checking virtualization provider installation
OK: clab installed and working correctly
Starting clab nodes
Loading Linux kernel modules mpls-router,mpls-iptunnel required by containers using mpls module
provider clab: executing sudo -E containerlab deploy --reconfigure -t clab.yml

Initial configuration skipped, run 'netlab initial' to configure the devices
