Creating Device configuration snippets
[CREATED] h1: initial,routing
[CREATED] h2: initial,routing
[CREATED] dut: initial,ospf,bgp,mpls
[CREATED] pe2: initial,ospf,bgp,mpls
[CREATED] p1: initial,ospf,mpls
[CREATED] p2: initial,ospf,mpls
Checking Are lab devices ready to be configured?
 [INFO] Checking lab devices with an Ansible playbook
[WARNING]: Could not match supplied host pattern, ignoring: netlab_ready_ssh
[WARNING]: Found variable using reserved name: hosts

PLAY [Wait for SSH servers] ****************************************************
skipping: no hosts matched

PLAY [Wait for device-specific conditions] *************************************

TASK [Set variables that cannot be set with VARS] ******************************
ok: [dut]

TASK [Find device readiness script] ********************************************
ok: [dut]

TASK [Wait for device to become ready] *****************************************
included: /home/pipi/net101/tools/netsim/ansible/tasks/readiness-check/vyos-clab.yml for dut

TASK [wait_for_connection] *****************************************************
ok: [dut]

TASK [wait_for] ****************************************************************
ok: [dut]

PLAY RECAP *********************************************************************
dut                        : ok=5    changed=0    unreachable=0    failed=0    skipped=0    rescued=0    ignored=0   

Config Deploying device configurations
 [INFO] Executing initial configuration for node h1 (namespace clab-
          ml-17-h1)
 [INFO] Executing initial configuration for node h2 (namespace clab-
          ml-17-h2)
 [INFO] Executing initial configuration for node pe2
 [INFO] Executing initial configuration for node p1
 [INFO] Executing initial configuration for node p2
 [INFO] Executing routing configuration for node h1 (namespace clab-
          ml-17-h1)
 [INFO] Executing routing configuration for node h2 (namespace clab-
          ml-17-h2)
 [INFO] Executing ospf configuration for node p2
 [INFO] Executing ospf configuration for node p1
 [INFO] Executing ospf configuration for node pe2
 [INFO] Executing mpls configuration for node p2
 [INFO] Executing bgp configuration for node pe2
 [INFO] Executing mpls configuration for node p1
 [INFO] Executing mpls configuration for node pe2
 [INFO] Starting Ansible playbook to deploy the rest of the
          configurations
[WARNING]: Found variable using reserved name: hosts

PLAY [Deploy initial device configuration] *************************************

TASK [Set variables that cannot be set with VARS] ******************************
ok: [dut]

TASK [Normalize config on bridge-like devices] *********************************
included: /home/pipi/net101/tools/netsim/ansible/tasks/deploy-module.yml for dut

TASK [Figure out whether to deploy the module normalize on current device] *****
ok: [dut]

TASK [Find configuration template for normalize] *******************************
ok: [dut]

TASK [fail] ********************************************************************
skipping: [dut]

TASK [Find configuration deployment deploy_script for normalize] ***************
ok: [dut]

TASK [Print deployed configuration when running in verbose mode] ***************
skipping: [dut]

TASK [Deploy normalize configuration] ******************************************
skipping: [dut]

TASK [Deploy initial configuration] ********************************************
included: /home/pipi/net101/tools/netsim/ansible/tasks/deploy-module.yml for dut

TASK [Figure out whether to deploy the module initial on current device] *******
ok: [dut]

TASK [Find configuration template for initial] *********************************
ok: [dut]

TASK [fail] ********************************************************************
skipping: [dut]

TASK [Find configuration deployment deploy_script for initial] *****************
ok: [dut]

TASK [Print deployed configuration when running in verbose mode] ***************
ok: [dut] => {
    "msg": "initial configuration for dut\n=========================================\nset system host-name 'dut'\n\n\nset interfaces dummy dum0 address 10.0.0.3/32\n\n\n\nset interfaces ethernet eth1 description 'dut -> h1 [stub]'\n\nset interfaces ethernet eth1 mtu 1500\n\nset interfaces ethernet eth1 address 172.16.0.3/24\n\n\n\n\n\nset interfaces ethernet eth2 description 'dut -> p1'\n\nset interfaces ethernet eth2 mtu 1500\n\nset interfaces ethernet eth2 address 10.1.0.1/30\n\n\n\n\nset service lldp interface all\n>/dev/null 2>/dev/null set service lldp interface eth0 disable\n>/dev/null 2>/dev/null set service lldp interface eth0 mode disable\n\n\nset service ssh\n\ncommit\n\n# Restart FRR to pick up the new hostname\nsudo service frr restart\n"
}

TASK [Deploy initial configuration] ********************************************
included: /home/pipi/net101/tools/netsim/ansible/tasks/deploy-config/vyos.yml for dut

TASK [set_fact] ****************************************************************
ok: [dut]

TASK [template] ****************************************************************
changed: [dut]

TASK [execute config-initial.sh to deploy initial config from /work/netlab_cicd/node_files/dut/initial] ***
changed: [dut]

PLAY [Deploy module-specific configurations] ***********************************

TASK [Set variables that cannot be set with VARS] ******************************
ok: [dut]

TASK [Deploy individual configuration modules] *********************************
included: /home/pipi/net101/tools/netsim/ansible/tasks/deploy-module.yml for dut => (item=routing)
included: /home/pipi/net101/tools/netsim/ansible/tasks/deploy-module.yml for dut => (item=ospf)
included: /home/pipi/net101/tools/netsim/ansible/tasks/deploy-module.yml for dut => (item=bgp)
included: /home/pipi/net101/tools/netsim/ansible/tasks/deploy-module.yml for dut => (item=mpls)

TASK [Figure out whether to deploy the module routing on current device] *******
ok: [dut]

TASK [Find configuration template for routing] *********************************
skipping: [dut]

TASK [fail] ********************************************************************
skipping: [dut]

TASK [Find configuration deployment deploy_script for routing] *****************
skipping: [dut]

TASK [Print deployed configuration when running in verbose mode] ***************
skipping: [dut]

TASK [Deploy routing configuration] ********************************************
skipping: [dut]

TASK [Figure out whether to deploy the module ospf on current device] **********
ok: [dut]

TASK [Find configuration template for ospf] ************************************
ok: [dut]

TASK [fail] ********************************************************************
skipping: [dut]

TASK [Find configuration deployment deploy_script for ospf] ********************
ok: [dut]

TASK [Print deployed configuration when running in verbose mode] ***************
ok: [dut] => {
    "msg": "ospf configuration for dut\n=========================================\n\nset protocols ospf parameters router-id 10.0.0.3\n\n\n\n\nset protocols ospf interface dum0 passive\nset protocols ospf interface dum0 area 0.0.0.0\n\n\nset protocols ospf interface eth2 area 0.0.0.0\n\nset protocols ospf interface eth2 network point-to-point\n\n\n"
}

TASK [Deploy ospf configuration] ***********************************************
included: /home/pipi/net101/tools/netsim/ansible/tasks/deploy-config/vyos.yml for dut

TASK [set_fact] ****************************************************************
ok: [dut]

TASK [template] ****************************************************************
changed: [dut]

TASK [execute config-ospf.sh to deploy ospf config from /work/netlab_cicd/node_files/dut/ospf] ***
changed: [dut]

TASK [Figure out whether to deploy the module bgp on current device] ***********
ok: [dut]

TASK [Find configuration template for bgp] *************************************
ok: [dut]

TASK [fail] ********************************************************************
skipping: [dut]

TASK [Find configuration deployment deploy_script for bgp] *********************
ok: [dut]

TASK [Print deployed configuration when running in verbose mode] ***************
ok: [dut] => {
    "msg": "bgp configuration for dut\n=========================================\n\nset protocols bgp system-as 65001\n\nset protocols bgp parameters router-id 10.0.0.3\n\n\n\nset protocols bgp neighbor 10.0.0.4 remote-as 65001\nset protocols bgp neighbor 10.0.0.4 description 'pe2'\n \nset protocols bgp neighbor 10.0.0.4 update-source dum0\n\n\n\n\n# Work on Family ipv4\n\n\nset protocols bgp address-family ipv4-unicast network 10.0.0.3/32\n\nset protocols bgp address-family ipv4-unicast network 172.16.0.0/24\n\n\n\n\nset protocols bgp neighbor 10.0.0.4 address-family ipv4-unicast soft-reconfiguration inbound\n\nset protocols bgp neighbor 10.0.0.4 address-family ipv4-unicast nexthop-self\n\n\n\n\n"
}

TASK [Deploy bgp configuration] ************************************************
included: /home/pipi/net101/tools/netsim/ansible/tasks/deploy-config/vyos.yml for dut

TASK [set_fact] ****************************************************************
ok: [dut]

TASK [template] ****************************************************************
changed: [dut]

TASK [execute config-bgp.sh to deploy bgp config from /work/netlab_cicd/node_files/dut/bgp] ***
changed: [dut]

TASK [Figure out whether to deploy the module mpls on current device] **********
ok: [dut]

TASK [Find configuration template for mpls] ************************************
ok: [dut]

TASK [fail] ********************************************************************
skipping: [dut]

TASK [Find configuration deployment deploy_script for mpls] ********************
ok: [dut]

TASK [Print deployed configuration when running in verbose mode] ***************
ok: [dut] => {
    "msg": "mpls configuration for dut\n=========================================\nset protocols mpls ldp discovery transport-ipv4-address 10.0.0.3\n\nset protocols mpls ldp router-id 10.0.0.3\n\n\nset protocols mpls interface eth2\nset protocols mpls ldp interface eth2\n\n"
}

TASK [Deploy mpls configuration] ***********************************************
included: /home/pipi/net101/tools/netsim/ansible/tasks/deploy-config/vyos.yml for dut

TASK [set_fact] ****************************************************************
ok: [dut]

TASK [template] ****************************************************************
changed: [dut]

TASK [execute config-mpls.sh to deploy mpls config from /work/netlab_cicd/node_files/dut/mpls] ***
changed: [dut]

PLAY [Deploy custom deployment templates] **************************************
skipping: no hosts matched

PLAY RECAP *********************************************************************
dut                        : ok=44   changed=8    unreachable=0    failed=0    skipped=12   rescued=0    ignored=0   

Results of configuration script deployments
================================================================================
h1                           OK: 2   
h2                           OK: 2   
pe2                          OK: 4   
p1                           OK: 3   
p2                           OK: 3   


The tested device (DUT) is a PE-router. It runs OSPF and LDP with a P-router and an IBGP session with another PE-router. It has to perform IP-to-MPLS encapsulation to get the traffic across the BGP-free MPLS core.
The validation test checks end-to-end connectivity across a BGP-free MPLS core between a set of linux hosts attached to the PE-routers.
