Warning in ansible: You're using Ansible version 12.x or higher; netlab might not work correctly
... Ansible core version 2.19 introduced breaking changes in templates and playbooks
... We tested netlab core with Ansible version 12.x but not every device template
... You might want to downgrade Ansible to version 11.10 or lower.
... Use 'netlab install ansible' on Ubuntu to do that
... Finally, please open a GitHub issue if you experience errors/crashes
... Set defaults.ansible.warnings.ver12 to False to hide this warning
 [INFO] Checking for updates in configuration templates
 [INFO] Creating configuration snippets
[WARNING]: Could not match supplied host pattern, ignoring: unprovisioned
[WARNING]: Found variable using reserved name 'hosts'.
Origin: /work/netlab_cicd/group_vars/all/topology.yml:165:1

163     prefix: 32
164     ipv6: 2001:db8:4::/48
165 hosts:
    ^ column 1


PLAY [Deploy initial device configuration] *************************************

TASK [Set variables that cannot be set with VARS] ******************************
ok: [x1]
ok: [x2]
ok: [x3]
ok: [dut]

TASK [Generic readiness tests] *************************************************
skipping: [x1]
skipping: [x2]
skipping: [x3]
included: /home/pipi/netlab_gh/netsim/ansible/tasks/readiness-check/ssh.yml for dut => (item=ssh)

TASK [Check if 'sshpass' is installed] *****************************************
ok: [dut -> localhost]

TASK [Check for 'timeout' command] *********************************************
ok: [dut -> localhost]

TASK [Execute local ssh command to check ssh readiness] ************************
ok: [dut -> localhost]

TASK [Confirm dut SSH server works] ********************************************
ok: [dut] => {
    "msg": "Node dut is ready."
}

TASK [Find device readiness script] ********************************************
ok: [x1]
ok: [x2]
ok: [x3]
ok: [dut]

TASK [Wait for device to become ready] *****************************************
skipping: [dut]
skipping: [x1]
skipping: [x2]
skipping: [x3]

TASK [Normalize config on bridge-like devices] *********************************
included: /home/pipi/netlab_gh/netsim/ansible/tasks/deploy-module.yml for dut
included: /home/pipi/netlab_gh/netsim/ansible/tasks/deploy-module.yml for x1
included: /home/pipi/netlab_gh/netsim/ansible/tasks/deploy-module.yml for x2
included: /home/pipi/netlab_gh/netsim/ansible/tasks/deploy-module.yml for x3

TASK [Figure out whether to deploy the module normalize on current device] *****
ok: [dut]

TASK [Find configuration template for normalize] *******************************
ok: [dut]

TASK [fail] ********************************************************************
skipping: [dut]

TASK [Find configuration deployment deploy_script for normalize] ***************
ok: [dut]

TASK [Print deployed configuration when running in verbose mode] ***************
ok: [dut] => {
    "msg": "normalize configuration for dut\n=========================================\n!\ninterface Ethernet0/1\n shutdown\n!\ninterface Ethernet0/2\n shutdown\n!\ninterface Ethernet0/3\n shutdown\n"
}

TASK [Deploy normalize configuration] ******************************************
included: /home/pipi/netlab_gh/netsim/ansible/tasks/deploy-config/ios.yml for dut

TASK [ios_config: deploying normalize from /work/netlab_cicd/node_files/dut/normalize] ***
[WARNING]: To ensure idempotency and correct diff the input configuration lines should be similar to how they appear if present in the running configuration on device including the indentation
changed: [dut]

TASK [Figure out whether to deploy the module normalize on current device] *****
ok: [x1]

TASK [Find configuration template for normalize] *******************************
ok: [x1]

TASK [fail] ********************************************************************
skipping: [x1]

TASK [Find configuration deployment deploy_script for normalize] ***************
ok: [x1]

TASK [Print deployed configuration when running in verbose mode] ***************
skipping: [x1]

TASK [Deploy normalize configuration] ******************************************
skipping: [x1]

TASK [Figure out whether to deploy the module normalize on current device] *****
ok: [x2]

TASK [Find configuration template for normalize] *******************************
ok: [x2]

TASK [fail] ********************************************************************
skipping: [x2]

TASK [Find configuration deployment deploy_script for normalize] ***************
ok: [x2]

TASK [Print deployed configuration when running in verbose mode] ***************
skipping: [x2]

TASK [Deploy normalize configuration] ******************************************
skipping: [x2]

TASK [Figure out whether to deploy the module normalize on current device] *****
ok: [x3]

TASK [Find configuration template for normalize] *******************************
ok: [x3]

TASK [fail] ********************************************************************
skipping: [x3]

TASK [Find configuration deployment deploy_script for normalize] ***************
ok: [x3]

TASK [Print deployed configuration when running in verbose mode] ***************
skipping: [x3]

TASK [Deploy normalize configuration] ******************************************
skipping: [x3]

TASK [Deploy initial configuration] ********************************************
included: /home/pipi/netlab_gh/netsim/ansible/tasks/deploy-module.yml for dut
included: /home/pipi/netlab_gh/netsim/ansible/tasks/deploy-module.yml for x1
included: /home/pipi/netlab_gh/netsim/ansible/tasks/deploy-module.yml for x2
included: /home/pipi/netlab_gh/netsim/ansible/tasks/deploy-module.yml for x3

TASK [Figure out whether to deploy the module initial on current device] *******
ok: [dut]

TASK [Find configuration template for initial] *********************************
ok: [dut]

TASK [fail] ********************************************************************
skipping: [dut]

TASK [Find configuration deployment deploy_script for initial] *****************
ok: [dut]

TASK [Print deployed configuration when running in verbose mode] ***************
ok: [dut] => {
    "msg": "initial configuration for dut\n=========================================\nhostname dut\n!\nno ip domain lookup\nlogging buffered 256000\n\n!\nlldp run\n!\nip host dut-red 10.1.0.5\nip host dut-blue 10.1.0.9\nip host x1 10.42.0.1 10.1.0.6\nip host x2 10.42.0.2 10.1.0.10\nip host x3 10.42.0.3 10.1.0.2\n!\nip routing\n!\nipv6 unicast-routing\n!\nvrf definition red\n rd 65000:1\n route-target import 65000:1\n route-target export 65000:1\n!\n address-family ipv4\n exit-address-family\n!\n address-family ipv6\n exit-address-family\n!\nvrf definition blue\n rd 65000:2\n route-target import 65000:2\n route-target export 65000:2\n!\n address-family ipv4\n exit-address-family\n!\n address-family ipv6\n exit-address-family\n!\n\n!\n!\ninterface Loopback0\n ip address 10.0.0.1 255.255.255.255\n ipv6 address 2001:DB8:1:1::1/64\n!\ninterface Ethernet0/0\n no lldp transmit\n no lldp receive\n!\ninterface Ethernet0/1\n no switchport\n description dut -> x3\n ip mtu 1500\n ipv6 mtu 1500\n ip address 10.1.0.1 255.255.255.252\n ipv6 nd ra interval 5\n ipv6 address 2001:DB8:3::1/64\n mac-address caf0.0001.0001\n no shutdown\n!\ninterface Ethernet0/2\n no switchport\n vrf forwarding red\n description dut -> x1\n ip mtu 1500\n ipv6 mtu 1500\n ip address 10.1.0.5 255.255.255.252\n ipv6 nd ra interval 5\n ipv6 address 2001:DB8:3:1::1/64\n mac-address caf0.0001.0002\n no shutdown\n!\ninterface Ethernet0/3\n no switchport\n vrf forwarding blue\n description dut -> x2\n ip mtu 1500\n ipv6 mtu 1500\n ip address 10.1.0.9 255.255.255.252\n ipv6 nd ra interval 5\n ipv6 address 2001:DB8:3:2::1/64\n mac-address caf0.0001.0003\n no shutdown\n!\n!\nline vty 0 4\n exec-timeout 0 0 \n!\nno banner exec\nno banner login\nno banner incoming\n"
}

TASK [Deploy initial configuration] ********************************************
included: /home/pipi/netlab_gh/netsim/ansible/tasks/deploy-config/ios.yml for dut

TASK [ios_config: deploying initial from /work/netlab_cicd/node_files/dut/initial] ***
changed: [dut]

TASK [Figure out whether to deploy the module initial on current device] *******
ok: [x1]

TASK [Find configuration template for initial] *********************************
ok: [x1]

TASK [fail] ********************************************************************
skipping: [x1]

TASK [Find configuration deployment deploy_script for initial] *****************
ok: [x1]

TASK [Print deployed configuration when running in verbose mode] ***************
ok: [x1] => {
    "msg": "initial configuration for x1\n=========================================\n#!/bin/bash\n#\nset -e\nset -x\n#\n# Create bash profile script\n#\ncat <<SCRIPT >/root/.bash_profile\n#!/bin/bash\n#\nexport PS1=\"\\h(bash)# \"\necho\necho \"Use vtysh to connect to FRR daemon\"\necho\nSCRIPT\n#\n# This is an artifact of unknown provenance that should be removed in a year or two (= 2026/2027)\n#\n# FRR controls these parameters with 'ip forwarding' and 'ipv6 forwarding' commands\n#\nsysctl -w net.ipv4.ip_forward=1\nsysctl -w net.ipv6.conf.all.forwarding=1\n#\n#\n# Get the current next hop for the default route\n#\ndef_nh=$(ip route list default|awk '{ print $3 }')\n#\n# Create the management VRF and add eth0 to it\n#\nif [ ! -e /sys/devices/virtual/net/mgmt ]; then\n  ip link add mgmt type vrf table 42\nfi\nip link set mgmt up\nsysctl -qw net.ipv6.conf.eth0.keep_addr_on_down=1\nip link set eth0 master mgmt\n#\n# Reinstall the default route if we had it before\n#\nif [[ -n \"$def_nh\" ]]; then\n  ip route add 0.0.0.0/0 vrf mgmt via $def_nh\nfi\n#\n# Enable FRR modules (if not using containerlab bind-mounted /etc/frr/daemons)\n#\n\n# Set system defaults\n#\n# Send ARP requests from a sane source IP address\n#\nsysctl -w net.ipv4.conf.all.arp_announce=2\n\n#\n# Create loopbacks, stub and lag/bond devices\n#\nif [ ! -e /sys/class/net/lo ]; then\n  if [ ! -e /sys/devices/virtual/net/lo ]; then\n    ip link add lo type dummy\n    ip link set dev lo up\n  fi\nfi\n\n# Disable IPv6 (for IPv4-only interfaces) or SLAAC (if the device is a router)\n#\nip link set eth1 down\nsysctl -qw net.ipv6.conf.eth1.autoconf=0\nsysctl -qw net.ipv6.conf.eth1.accept_ra=0\nip link set dev eth1 mtu 1500\nip link set eth1 up\n\n#\n# Add vtysh.conf file\necho \"service integrated-vtysh-config\" >/etc/frr/vtysh.conf\n\n#\n# Rest of initial configuration done through VTYSH\n#\ncat >/tmp/config <<CONFIG\nhostname x1\n!\nlog file /tmp/logging\n\n!\nip forwarding\nipv6 forwarding\nvrf mgmt\n exit-vrf\n!\nfrr defaults datacenter\n!\ninterface lo\n no shutdown\n ip address 10.42.0.1/32\n ipv6 address 2001:db8:cafe:1::1/64\n!\ninterface eth1\n no shutdown\n description x1 -> dut\n ip address 10.1.0.6/30\n ipv6 address 2001:db8:3:1::2/64\n ipv6 nd ra-interval 5\n no ipv6 nd suppress-ra\n!\ndo write\nCONFIG\nvtysh -f /tmp/config\n!\nexit 0\n"
}

TASK [Deploy initial configuration] ********************************************
included: /home/pipi/netlab_gh/netsim/ansible/tasks/frr/initial-clab.yml for x1

TASK [Attempt to load VRF kernel module] ***************************************
changed: [x1 -> localhost]

TASK [Disable FRR management VRF when modprobe fails] **************************
skipping: [x1]

TASK [include_tasks] ***********************************************************
included: /home/pipi/netlab_gh/netsim/ansible/tasks/frr/deploy-config.yml for x1

TASK [template] ****************************************************************
changed: [x1]

TASK [set_fact] ****************************************************************
ok: [x1]

TASK [run /tmp/config.sh to deploy initial config from /work/netlab_cicd/node_files/x1/initial] ***
changed: [x1]

TASK [run vtysh to import initial config from /work/netlab_cicd/node_files/x1/initial] ***
skipping: [x1]

TASK [Figure out whether to deploy the module initial on current device] *******
ok: [x2]

TASK [Find configuration template for initial] *********************************
ok: [x2]

TASK [fail] ********************************************************************
skipping: [x2]

TASK [Find configuration deployment deploy_script for initial] *****************
ok: [x2]

TASK [Print deployed configuration when running in verbose mode] ***************
ok: [x2] => {
    "msg": "initial configuration for x2\n=========================================\n#!/bin/bash\n#\nset -e\nset -x\n#\n# Create bash profile script\n#\ncat <<SCRIPT >/root/.bash_profile\n#!/bin/bash\n#\nexport PS1=\"\\h(bash)# \"\necho\necho \"Use vtysh to connect to FRR daemon\"\necho\nSCRIPT\n#\n# This is an artifact of unknown provenance that should be removed in a year or two (= 2026/2027)\n#\n# FRR controls these parameters with 'ip forwarding' and 'ipv6 forwarding' commands\n#\nsysctl -w net.ipv4.ip_forward=1\nsysctl -w net.ipv6.conf.all.forwarding=1\n#\n#\n# Get the current next hop for the default route\n#\ndef_nh=$(ip route list default|awk '{ print $3 }')\n#\n# Create the management VRF and add eth0 to it\n#\nif [ ! -e /sys/devices/virtual/net/mgmt ]; then\n  ip link add mgmt type vrf table 42\nfi\nip link set mgmt up\nsysctl -qw net.ipv6.conf.eth0.keep_addr_on_down=1\nip link set eth0 master mgmt\n#\n# Reinstall the default route if we had it before\n#\nif [[ -n \"$def_nh\" ]]; then\n  ip route add 0.0.0.0/0 vrf mgmt via $def_nh\nfi\n#\n# Enable FRR modules (if not using containerlab bind-mounted /etc/frr/daemons)\n#\n\n# Set system defaults\n#\n# Send ARP requests from a sane source IP address\n#\nsysctl -w net.ipv4.conf.all.arp_announce=2\n\n#\n# Create loopbacks, stub and lag/bond devices\n#\nif [ ! -e /sys/class/net/lo ]; then\n  if [ ! -e /sys/devices/virtual/net/lo ]; then\n    ip link add lo type dummy\n    ip link set dev lo up\n  fi\nfi\n\n# Disable IPv6 (for IPv4-only interfaces) or SLAAC (if the device is a router)\n#\nip link set eth1 down\nsysctl -qw net.ipv6.conf.eth1.autoconf=0\nsysctl -qw net.ipv6.conf.eth1.accept_ra=0\nip link set dev eth1 mtu 1500\nip link set eth1 up\n\n#\n# Add vtysh.conf file\necho \"service integrated-vtysh-config\" >/etc/frr/vtysh.conf\n\n#\n# Rest of initial configuration done through VTYSH\n#\ncat >/tmp/config <<CONFIG\nhostname x2\n!\nlog file /tmp/logging\n\n!\nip forwarding\nipv6 forwarding\nvrf mgmt\n exit-vrf\n!\nfrr defaults datacenter\n!\ninterface lo\n no shutdown\n ip address 10.42.0.2/32\n ipv6 address 2001:db8:cafe:2::1/64\n!\ninterface eth1\n no shutdown\n description x2 -> dut\n ip address 10.1.0.10/30\n ipv6 address 2001:db8:3:2::2/64\n ipv6 nd ra-interval 5\n no ipv6 nd suppress-ra\n!\ndo write\nCONFIG\nvtysh -f /tmp/config\n!\nexit 0\n"
}

TASK [Deploy initial configuration] ********************************************
included: /home/pipi/netlab_gh/netsim/ansible/tasks/frr/initial-clab.yml for x2

TASK [Attempt to load VRF kernel module] ***************************************
changed: [x2 -> localhost]

TASK [Disable FRR management VRF when modprobe fails] **************************
skipping: [x2]

TASK [include_tasks] ***********************************************************
included: /home/pipi/netlab_gh/netsim/ansible/tasks/frr/deploy-config.yml for x2

TASK [template] ****************************************************************
changed: [x2]

TASK [set_fact] ****************************************************************
ok: [x2]

TASK [run /tmp/config.sh to deploy initial config from /work/netlab_cicd/node_files/x2/initial] ***
changed: [x2]

TASK [run vtysh to import initial config from /work/netlab_cicd/node_files/x2/initial] ***
skipping: [x2]

TASK [Figure out whether to deploy the module initial on current device] *******
ok: [x3]

TASK [Find configuration template for initial] *********************************
ok: [x3]

TASK [fail] ********************************************************************
skipping: [x3]

TASK [Find configuration deployment deploy_script for initial] *****************
ok: [x3]

TASK [Print deployed configuration when running in verbose mode] ***************
ok: [x3] => {
    "msg": "initial configuration for x3\n=========================================\n#!/bin/bash\n#\nset -e\nset -x\n#\n# Create bash profile script\n#\ncat <<SCRIPT >/root/.bash_profile\n#!/bin/bash\n#\nexport PS1=\"\\h(bash)# \"\necho\necho \"Use vtysh to connect to FRR daemon\"\necho\nSCRIPT\n#\n# This is an artifact of unknown provenance that should be removed in a year or two (= 2026/2027)\n#\n# FRR controls these parameters with 'ip forwarding' and 'ipv6 forwarding' commands\n#\nsysctl -w net.ipv4.ip_forward=1\nsysctl -w net.ipv6.conf.all.forwarding=1\n#\n#\n# Get the current next hop for the default route\n#\ndef_nh=$(ip route list default|awk '{ print $3 }')\n#\n# Create the management VRF and add eth0 to it\n#\nif [ ! -e /sys/devices/virtual/net/mgmt ]; then\n  ip link add mgmt type vrf table 42\nfi\nip link set mgmt up\nsysctl -qw net.ipv6.conf.eth0.keep_addr_on_down=1\nip link set eth0 master mgmt\n#\n# Reinstall the default route if we had it before\n#\nif [[ -n \"$def_nh\" ]]; then\n  ip route add 0.0.0.0/0 vrf mgmt via $def_nh\nfi\n#\n# Enable FRR modules (if not using containerlab bind-mounted /etc/frr/daemons)\n#\n\n# Set system defaults\n#\n# Send ARP requests from a sane source IP address\n#\nsysctl -w net.ipv4.conf.all.arp_announce=2\n\n#\n# Create loopbacks, stub and lag/bond devices\n#\nif [ ! -e /sys/class/net/lo ]; then\n  if [ ! -e /sys/devices/virtual/net/lo ]; then\n    ip link add lo type dummy\n    ip link set dev lo up\n  fi\nfi\n\n# Disable IPv6 (for IPv4-only interfaces) or SLAAC (if the device is a router)\n#\nip link set eth1 down\nsysctl -qw net.ipv6.conf.eth1.autoconf=0\nsysctl -qw net.ipv6.conf.eth1.accept_ra=0\nip link set dev eth1 mtu 1500\nip link set eth1 up\n\n#\n# Add vtysh.conf file\necho \"service integrated-vtysh-config\" >/etc/frr/vtysh.conf\n\n#\n# Rest of initial configuration done through VTYSH\n#\ncat >/tmp/config <<CONFIG\nhostname x3\n!\nlog file /tmp/logging\n\n!\nip forwarding\nipv6 forwarding\nvrf mgmt\n exit-vrf\n!\nfrr defaults datacenter\n!\ninterface lo\n no shutdown\n ip address 10.42.0.3/32\n ipv6 address 2001:db8:cafe:3::1/64\n!\ninterface eth1\n no shutdown\n description x3 -> dut\n ip address 10.1.0.2/30\n ipv6 address 2001:db8:3::2/64\n ipv6 nd ra-interval 5\n no ipv6 nd suppress-ra\n!\ndo write\nCONFIG\nvtysh -f /tmp/config\n!\nexit 0\n"
}

TASK [Deploy initial configuration] ********************************************
included: /home/pipi/netlab_gh/netsim/ansible/tasks/frr/initial-clab.yml for x3

TASK [Attempt to load VRF kernel module] ***************************************
changed: [x3 -> localhost]

TASK [Disable FRR management VRF when modprobe fails] **************************
skipping: [x3]

TASK [include_tasks] ***********************************************************
included: /home/pipi/netlab_gh/netsim/ansible/tasks/frr/deploy-config.yml for x3

TASK [template] ****************************************************************
changed: [x3]

TASK [set_fact] ****************************************************************
ok: [x3]

TASK [run /tmp/config.sh to deploy initial config from /work/netlab_cicd/node_files/x3/initial] ***
changed: [x3]

TASK [run vtysh to import initial config from /work/netlab_cicd/node_files/x3/initial] ***
skipping: [x3]

PLAY [Deploy module-specific configurations] ***********************************

TASK [Set variables that cannot be set with VARS] ******************************
ok: [x1]
ok: [x2]
ok: [x3]
ok: [dut]

TASK [Deploy individual configuration modules] *********************************
included: /home/pipi/netlab_gh/netsim/ansible/tasks/deploy-module.yml for dut => (item=routing)
included: /home/pipi/netlab_gh/netsim/ansible/tasks/deploy-module.yml for dut => (item=ospf)
included: /home/pipi/netlab_gh/netsim/ansible/tasks/deploy-module.yml for dut => (item=vrf)
included: /home/pipi/netlab_gh/netsim/ansible/tasks/deploy-module.yml for x1 => (item=routing)
included: /home/pipi/netlab_gh/netsim/ansible/tasks/deploy-module.yml for x1 => (item=ospf)
included: /home/pipi/netlab_gh/netsim/ansible/tasks/deploy-module.yml for x1 => (item=vrf)
included: /home/pipi/netlab_gh/netsim/ansible/tasks/deploy-module.yml for x2 => (item=routing)
included: /home/pipi/netlab_gh/netsim/ansible/tasks/deploy-module.yml for x2 => (item=ospf)
included: /home/pipi/netlab_gh/netsim/ansible/tasks/deploy-module.yml for x2 => (item=vrf)
included: /home/pipi/netlab_gh/netsim/ansible/tasks/deploy-module.yml for x3 => (item=routing)
included: /home/pipi/netlab_gh/netsim/ansible/tasks/deploy-module.yml for x3 => (item=ospf)
included: /home/pipi/netlab_gh/netsim/ansible/tasks/deploy-module.yml for x3 => (item=vrf)

TASK [Figure out whether to deploy the module routing on current device] *******
ok: [dut]

TASK [Find configuration template for routing] *********************************
ok: [dut]

TASK [fail] ********************************************************************
skipping: [dut]

TASK [Find configuration deployment deploy_script for routing] *****************
ok: [dut]

TASK [Print deployed configuration when running in verbose mode] ***************
ok: [dut] => {
    "msg": "routing configuration for dut\n=========================================\n!\n!\n! Static routes\n!\nip route vrf blue 10.42.0.1 255.255.255.255 10.42.0.1\nipv6 route vrf blue 2001:db8:cafe:1::/64 2001:db8:cafe:1::1 nexthop-vrf red\nip route vrf red 10.42.0.2 255.255.255.255 10.42.0.2\nipv6 route vrf red 2001:db8:cafe:2::/64 2001:db8:cafe:2::1 nexthop-vrf blue\nip route 10.42.0.2 255.255.255.255 10.42.0.2\nipv6 route 2001:db8:cafe:2::/64 2001:db8:cafe:2::1 nexthop-vrf blue\nip route vrf blue 10.42.0.3 255.255.255.255 10.42.0.3 global\nipv6 route vrf blue 2001:db8:cafe:3::/64 2001:db8:cafe:3::1 nexthop-vrf default\n"
}

TASK [Deploy routing configuration] ********************************************
included: /home/pipi/netlab_gh/netsim/ansible/tasks/deploy-config/ios.yml for dut

TASK [ios_config: deploying routing from /work/netlab_cicd/node_files/dut/routing] ***
changed: [dut]

TASK [Figure out whether to deploy the module ospf on current device] **********
ok: [dut]

TASK [Find configuration template for ospf] ************************************
ok: [dut]

TASK [fail] ********************************************************************
skipping: [dut]

TASK [Find configuration deployment deploy_script for ospf] ********************
ok: [dut]

TASK [Print deployed configuration when running in verbose mode] ***************
ok: [dut] => {
    "msg": "ospf configuration for dut\n=========================================\nrouter ospf 1\n router-id 10.0.0.1\n\n!\ninterface Loopback0\n! \n ip ospf 1 area 0.0.0.0\n!\ninterface Ethernet0/1\n! dut -> x3\n ip ospf 1 area 0.0.0.0\n ip ospf network point-to-point\n!\n\nrouter ospfv3 1\n router-id 10.0.0.1\n address-family ipv6 unicast\n!\ninterface Loopback0\n! \n ospfv3 1 ipv6 area 0.0.0.0\n!\ninterface Ethernet0/1\n! dut -> x3\n ospfv3 1 ipv6 area 0.0.0.0\n ospfv3 network point-to-point\n!\n\n"
}

TASK [Deploy ospf configuration] ***********************************************
included: /home/pipi/netlab_gh/netsim/ansible/tasks/deploy-config/ios.yml for dut

TASK [ios_config: deploying ospf from /work/netlab_cicd/node_files/dut/ospf] ***
changed: [dut]

TASK [Figure out whether to deploy the module vrf on current device] ***********
ok: [dut]

TASK [Find configuration template for vrf] *************************************
ok: [dut]

TASK [fail] ********************************************************************
skipping: [dut]

TASK [Find configuration deployment deploy_script for vrf] *********************
ok: [dut]

TASK [Print deployed configuration when running in verbose mode] ***************
ok: [dut] => {
    "msg": "vrf configuration for dut\n=========================================\nrouter ospf 100 vrf red\n router-id 10.0.0.1\n\n redistribute connected\n\n!\ninterface Ethernet0/2\n! dut -> x1\n ip ospf 100 area 0.0.0.0\n ip ospf network point-to-point\n!\n\nrouter ospfv3 100\n router-id 10.0.0.1\n address-family ipv6 unicast vrf red\n  redistribute connected\n\n!\ninterface Ethernet0/2\n! dut -> x1\n ospfv3 100 ipv6 area 0.0.0.0\n ospfv3 network point-to-point\n!\n\nrouter ospf 101 vrf blue\n router-id 10.0.0.1\n\n redistribute connected\n\n!\ninterface Ethernet0/3\n! dut -> x2\n ip ospf 101 area 0.0.0.0\n ip ospf network point-to-point\n!\n\nrouter ospfv3 101\n router-id 10.0.0.1\n address-family ipv6 unicast vrf blue\n  redistribute connected\n\n!\ninterface Ethernet0/3\n! dut -> x2\n ospfv3 101 ipv6 area 0.0.0.0\n ospfv3 network point-to-point\n!\n\n"
}

TASK [Deploy vrf configuration] ************************************************
included: /home/pipi/netlab_gh/netsim/ansible/tasks/deploy-config/ios.yml for dut

TASK [ios_config: deploying vrf from /work/netlab_cicd/node_files/dut/vrf] *****
changed: [dut]

TASK [Figure out whether to deploy the module routing on current device] *******
ok: [x1]

TASK [Find configuration template for routing] *********************************
ok: [x1]

TASK [fail] ********************************************************************
skipping: [x1]

TASK [Find configuration deployment deploy_script for routing] *****************
ok: [x1]

TASK [Print deployed configuration when running in verbose mode] ***************
ok: [x1] => {
    "msg": "routing configuration for x1\n=========================================\n!\n!\n!\n!\n! Global static routes\n!\nip route 0.0.0.0/0 10.1.0.5 eth1\nipv6 route ::/0 2001:db8:3:1::1 eth1\n"
}

TASK [Deploy routing configuration] ********************************************
included: /home/pipi/netlab_gh/netsim/ansible/tasks/deploy-config/frr.yml for x1

TASK [template] ****************************************************************
changed: [x1]

TASK [set_fact] ****************************************************************
ok: [x1]

TASK [run /tmp/config.sh to deploy routing config from /work/netlab_cicd/node_files/x1/routing] ***
skipping: [x1]

TASK [run vtysh to import routing config from /work/netlab_cicd/node_files/x1/routing] ***
changed: [x1]

TASK [Figure out whether to deploy the module ospf on current device] **********
ok: [x1]

TASK [Find configuration template for ospf] ************************************
ok: [x1]

TASK [fail] ********************************************************************
skipping: [x1]

TASK [Find configuration deployment deploy_script for ospf] ********************
ok: [x1]

TASK [Print deployed configuration when running in verbose mode] ***************
ok: [x1] => {
    "msg": "ospf configuration for x1\n=========================================\n!\n! OSPFv2 FRR configuration\n!\nrouter ospf\n ospf router-id 10.42.0.1\n timers throttle spf 10 50 500\n timers throttle lsa all 100\n timers lsa min-arrival 100\n\n\nexit\n!\ninterface lo\n! \n ip ospf area 0.0.0.0\n!\ninterface eth1\n! x1 -> dut\n ip ospf area 0.0.0.0\n ip ospf network point-to-point\n!\n\n!\n! OSPFv3 FRR configuration\n!\ninterface lo\n! \n ipv6 ospf6 area 0.0.0.0\n!\ninterface eth1\n! x1 -> dut\n ipv6 ospf6 area 0.0.0.0\n ipv6 ospf6 network point-to-point\n!\n!\nrouter ospf6\n ospf6 router-id 10.42.0.1\n timers lsa min-arrival 100\n timers throttle spf 10 50 500\n\n\nexit\n\n!\ndo write\n"
}

TASK [Deploy ospf configuration] ***********************************************
included: /home/pipi/netlab_gh/netsim/ansible/tasks/deploy-config/frr.yml for x1

TASK [template] ****************************************************************
changed: [x1]

TASK [set_fact] ****************************************************************
ok: [x1]

TASK [run /tmp/config.sh to deploy ospf config from /work/netlab_cicd/node_files/x1/ospf] ***
skipping: [x1]

TASK [run vtysh to import ospf config from /work/netlab_cicd/node_files/x1/ospf] ***
changed: [x1]

TASK [Figure out whether to deploy the module vrf on current device] ***********
ok: [x1]

TASK [Find configuration template for vrf] *************************************
skipping: [x1]

TASK [fail] ********************************************************************
skipping: [x1]

TASK [Find configuration deployment deploy_script for vrf] *********************
skipping: [x1]

TASK [Print deployed configuration when running in verbose mode] ***************
skipping: [x1]

TASK [Deploy vrf configuration] ************************************************
skipping: [x1]

TASK [Figure out whether to deploy the module routing on current device] *******
ok: [x2]

TASK [Find configuration template for routing] *********************************
ok: [x2]

TASK [fail] ********************************************************************
skipping: [x2]

TASK [Find configuration deployment deploy_script for routing] *****************
ok: [x2]

TASK [Print deployed configuration when running in verbose mode] ***************
ok: [x2] => {
    "msg": "routing configuration for x2\n=========================================\n!\n!\n!\n!\n! Global static routes\n!\nip route 0.0.0.0/0 10.1.0.9 eth1\nipv6 route ::/0 2001:db8:3:2::1 eth1\n"
}

TASK [Deploy routing configuration] ********************************************
included: /home/pipi/netlab_gh/netsim/ansible/tasks/deploy-config/frr.yml for x2

TASK [template] ****************************************************************
changed: [x2]

TASK [set_fact] ****************************************************************
ok: [x2]

TASK [run /tmp/config.sh to deploy routing config from /work/netlab_cicd/node_files/x2/routing] ***
skipping: [x2]

TASK [run vtysh to import routing config from /work/netlab_cicd/node_files/x2/routing] ***
changed: [x2]

TASK [Figure out whether to deploy the module ospf on current device] **********
ok: [x2]

TASK [Find configuration template for ospf] ************************************
ok: [x2]

TASK [fail] ********************************************************************
skipping: [x2]

TASK [Find configuration deployment deploy_script for ospf] ********************
ok: [x2]

TASK [Print deployed configuration when running in verbose mode] ***************
ok: [x2] => {
    "msg": "ospf configuration for x2\n=========================================\n!\n! OSPFv2 FRR configuration\n!\nrouter ospf\n ospf router-id 10.42.0.2\n timers throttle spf 10 50 500\n timers throttle lsa all 100\n timers lsa min-arrival 100\n\n\nexit\n!\ninterface lo\n! \n ip ospf area 0.0.0.0\n!\ninterface eth1\n! x2 -> dut\n ip ospf area 0.0.0.0\n ip ospf network point-to-point\n!\n\n!\n! OSPFv3 FRR configuration\n!\ninterface lo\n! \n ipv6 ospf6 area 0.0.0.0\n!\ninterface eth1\n! x2 -> dut\n ipv6 ospf6 area 0.0.0.0\n ipv6 ospf6 network point-to-point\n!\n!\nrouter ospf6\n ospf6 router-id 10.42.0.2\n timers lsa min-arrival 100\n timers throttle spf 10 50 500\n\n\nexit\n\n!\ndo write\n"
}

TASK [Deploy ospf configuration] ***********************************************
included: /home/pipi/netlab_gh/netsim/ansible/tasks/deploy-config/frr.yml for x2

TASK [template] ****************************************************************
changed: [x2]

TASK [set_fact] ****************************************************************
ok: [x2]

TASK [run /tmp/config.sh to deploy ospf config from /work/netlab_cicd/node_files/x2/ospf] ***
skipping: [x2]

TASK [run vtysh to import ospf config from /work/netlab_cicd/node_files/x2/ospf] ***
changed: [x2]

TASK [Figure out whether to deploy the module vrf on current device] ***********
ok: [x2]

TASK [Find configuration template for vrf] *************************************
skipping: [x2]

TASK [fail] ********************************************************************
skipping: [x2]

TASK [Find configuration deployment deploy_script for vrf] *********************
skipping: [x2]

TASK [Print deployed configuration when running in verbose mode] ***************
skipping: [x2]

TASK [Deploy vrf configuration] ************************************************
skipping: [x2]

TASK [Figure out whether to deploy the module routing on current device] *******
ok: [x3]

TASK [Find configuration template for routing] *********************************
ok: [x3]

TASK [fail] ********************************************************************
skipping: [x3]

TASK [Find configuration deployment deploy_script for routing] *****************
ok: [x3]

TASK [Print deployed configuration when running in verbose mode] ***************
ok: [x3] => {
    "msg": "routing configuration for x3\n=========================================\n!\n!\n!\n!\n! Global static routes\n!\nip route 0.0.0.0/0 10.1.0.1 eth1\nipv6 route ::/0 2001:db8:3::1 eth1\n"
}

TASK [Deploy routing configuration] ********************************************
included: /home/pipi/netlab_gh/netsim/ansible/tasks/deploy-config/frr.yml for x3

TASK [template] ****************************************************************
changed: [x3]

TASK [set_fact] ****************************************************************
ok: [x3]

TASK [run /tmp/config.sh to deploy routing config from /work/netlab_cicd/node_files/x3/routing] ***
skipping: [x3]

TASK [run vtysh to import routing config from /work/netlab_cicd/node_files/x3/routing] ***
changed: [x3]

TASK [Figure out whether to deploy the module ospf on current device] **********
ok: [x3]

TASK [Find configuration template for ospf] ************************************
ok: [x3]

TASK [fail] ********************************************************************
skipping: [x3]

TASK [Find configuration deployment deploy_script for ospf] ********************
ok: [x3]

TASK [Print deployed configuration when running in verbose mode] ***************
ok: [x3] => {
    "msg": "ospf configuration for x3\n=========================================\n!\n! OSPFv2 FRR configuration\n!\nrouter ospf\n ospf router-id 10.42.0.3\n timers throttle spf 10 50 500\n timers throttle lsa all 100\n timers lsa min-arrival 100\n\n\nexit\n!\ninterface lo\n! \n ip ospf area 0.0.0.0\n!\ninterface eth1\n! x3 -> dut\n ip ospf area 0.0.0.0\n ip ospf network point-to-point\n!\n\n!\n! OSPFv3 FRR configuration\n!\ninterface lo\n! \n ipv6 ospf6 area 0.0.0.0\n!\ninterface eth1\n! x3 -> dut\n ipv6 ospf6 area 0.0.0.0\n ipv6 ospf6 network point-to-point\n!\n!\nrouter ospf6\n ospf6 router-id 10.42.0.3\n timers lsa min-arrival 100\n timers throttle spf 10 50 500\n\n\nexit\n\n!\ndo write\n"
}

TASK [Deploy ospf configuration] ***********************************************
included: /home/pipi/netlab_gh/netsim/ansible/tasks/deploy-config/frr.yml for x3

TASK [template] ****************************************************************
changed: [x3]

TASK [set_fact] ****************************************************************
ok: [x3]

TASK [run /tmp/config.sh to deploy ospf config from /work/netlab_cicd/node_files/x3/ospf] ***
skipping: [x3]

TASK [run vtysh to import ospf config from /work/netlab_cicd/node_files/x3/ospf] ***
changed: [x3]

TASK [Figure out whether to deploy the module vrf on current device] ***********
ok: [x3]

TASK [Find configuration template for vrf] *************************************
skipping: [x3]

TASK [fail] ********************************************************************
skipping: [x3]

TASK [Find configuration deployment deploy_script for vrf] *********************
skipping: [x3]

TASK [Print deployed configuration when running in verbose mode] ***************
skipping: [x3]

TASK [Deploy vrf configuration] ************************************************
skipping: [x3]

PLAY [Deploy custom deployment templates] **************************************
skipping: no hosts matched

PLAY RECAP *********************************************************************
dut                        : ok=43   changed=5    unreachable=0    failed=0    skipped=6    rescued=0    ignored=0   
x1                         : ok=38   changed=7    unreachable=0    failed=0    skipped=17   rescued=0    ignored=0   
x2                         : ok=38   changed=7    unreachable=0    failed=0    skipped=17   rescued=0    ignored=0   
x3                         : ok=38   changed=7    unreachable=0    failed=0    skipped=17   rescued=0    ignored=0   


Warning: The following warnings were generated during the 'netlab initial' processing
Warning: ansible: You're using Ansible version 12.x or higher; netlab might not work correctly
[CREATED] dut: normalize,initial,routing,ospf,vrf
[CREATED] x1: initial,routing,ospf
[CREATED] x2: initial,routing,ospf
[CREATED] x3: initial,routing,ospf


Use this topology to test inter-VRF and VRF-to-global IPv4 and IPv6 static
routes with indirect next hops.

