00:41:37 INFO Parsing & checking topology file=clab.yml
00:41:37 INFO Parsing & checking topology file=clab.yml
00:41:37 INFO Destroying lab name=ml_17
00:41:37 INFO Removed container name=clab-ml_17-v3
00:41:37 INFO Removed container name=clab-ml_17-h1
00:41:37 INFO Removed container name=clab-ml_17-h3
00:41:37 INFO Removed container name=clab-ml_17-v2
00:41:37 INFO Removed container name=clab-ml_17-h2
00:41:38 INFO Removed container name=clab-ml_17-v1
00:41:38 INFO Removed container name=clab-ml_17-dut
00:41:38 INFO Removing host entries path=/etc/hosts
00:41:38 INFO Removing SSH config path=/etc/ssh/ssh_config.d/clab-ml_17.conf
Checking virtualization provider installation
OK: clab installed and working correctly
Stopping clab nodes
Cleanup configuration files
... removing clab.yml
... removing ansible.cfg
... removing hosts.yml
... removing directory tree group_vars
... removing directory tree host_vars
... removing directory tree node_files
... removing netlab.snapshot.yml
... removing netlab.snapshot.pickle
