Createdprovider configuration file: clab.yml
Mapped clab_files/dut/hosts to dut:/etc/hosts (from templates/provider/clab/linux/hosts.j2)
Mapped clab_files/dut/bird to dut:/etc/bird/bird.conf (from daemons/bird/bird.j2)
Mapped clab_files/dut/bgp to dut:/etc/bird/bgp.mod.conf (from daemons/bird/bgp.j2)
Mapped clab_files/dut/ospf to dut:/etc/bird/ospf.mod.conf (from daemons/bird/ospf.j2)
Mapped clab_files/dut/routing to dut:/etc/bird/routing.mod.conf (from daemons/bird/routing.j2)
Mapped clab_files/r2/daemons to r2:/etc/frr/daemons (from templates/provider/clab/frr/daemons.j2)
Mapped clab_files/r2/hosts to r2:/etc/hosts (from templates/provider/clab/frr/hosts.j2)
Mapped clab_files/x1/daemons to x1:/etc/frr/daemons (from templates/provider/clab/frr/daemons.j2)
Mapped clab_files/x1/hosts to x1:/etc/hosts (from templates/provider/clab/frr/hosts.j2)
Createdtransformed topology dump in YAML format in netlab.snapshot.yml
Created group_vars for all
Created group_vars for modules
Created group_vars for bird
Created host_vars for dut
Created group_vars for frr
Created host_vars for r2
Created host_vars for x1
Createdminimized Ansible inventory hosts.yml
CreatedAnsible configuration file: ansible.cfg
