Bringing machine 'dut' up with 'libvirt' provider...
Bringing machine 'xs' up with 'libvirt' provider...
==> dut: Checking if box 'vyos/current' version '20240817.00.20' is up to date...
[fog][WARNING] Unrecognized arguments: libvirt_ip_command
==> dut: Creating image (snapshot of base box volume).
==> dut: Creating domain with the following settings...
==> dut:  -- Name:              ml_17_dut
==> dut:  -- Description:       Source: /work/netlab_cicd/Vagrantfile
==> dut:  -- Domain type:       kvm
==> dut:  -- Cpus:              2
==> dut:  -- Feature:           acpi
==> dut:  -- Feature:           apic
==> dut:  -- Feature:           pae
==> dut:  -- Clock offset:      utc
==> dut:  -- Memory:            1024M
==> dut:  -- Management MAC:    08:4f:a9:05:00:00
==> dut:  -- Base box:          vyos/current
==> dut:  -- Storage pool:      default
==> dut:  -- Image(vda):        /var/lib/libvirt/images/ml_17_dut.img, virtio, 10G
==> dut:  -- Disk driver opts:  cache='default'
==> dut:  -- Graphics Type:     vnc
==> dut:  -- Video Type:        cirrus
==> dut:  -- Video VRAM:        16384
==> dut:  -- Video 3D accel:    false
==> dut:  -- Keymap:            en-us
==> dut:  -- TPM Backend:       passthrough
==> dut:  -- INPUT:             type=mouse, bus=ps2
==> xs: Checking if box 'debian/bookworm64' version '12.20250126.1' is up to date...
==> dut: Creating shared folders metadata...
==> dut: Starting domain.
==> dut: Domain launching with graphics connection settings...
==> dut:  -- Graphics Port:      5900
==> dut:  -- Graphics IP:        127.0.0.1
==> dut:  -- Graphics Password:  Not defined
==> dut:  -- Graphics Websocket: 5700
==> dut: Waiting for domain to get an IP address...
[fog][WARNING] Unrecognized arguments: libvirt_ip_command
==> xs: Creating image (snapshot of base box volume).
==> xs: Creating domain with the following settings...
==> xs:  -- Name:              ml_17_xs
==> xs:  -- Description:       Source: /work/netlab_cicd/Vagrantfile
==> xs:  -- Domain type:       kvm
==> xs:  -- Cpus:              1
==> xs:  -- Feature:           acpi
==> xs:  -- Feature:           apic
==> xs:  -- Feature:           pae
==> xs:  -- Clock offset:      utc
==> xs:  -- Memory:            1024M
==> xs:  -- Management MAC:    08:4f:a9:06:00:00
==> xs:  -- Base box:          debian/bookworm64
==> xs:  -- Storage pool:      default
==> xs:  -- Image(vda):        /var/lib/libvirt/images/ml_17_xs.img, virtio, 100G
==> xs:  -- Disk driver opts:  cache='default'
==> xs:  -- Graphics Type:     vnc
==> xs:  -- Video Type:        cirrus
==> xs:  -- Video VRAM:        16384
==> xs:  -- Video 3D accel:    false
==> xs:  -- Keymap:            en-us
==> xs:  -- TPM Backend:       passthrough
==> xs:  -- INPUT:             type=mouse, bus=ps2
==> xs: Creating shared folders metadata...
==> xs: Starting domain.
==> xs: Domain launching with graphics connection settings...
==> xs:  -- Graphics Port:      5901
==> xs:  -- Graphics IP:        127.0.0.1
==> xs:  -- Graphics Password:  Not defined
==> xs:  -- Graphics Websocket: 5701
==> xs: Waiting for domain to get an IP address...
==> xs: Waiting for machine to boot. This may take a few minutes...
    xs: SSH address: 192.168.17.106:22
    xs: SSH username: vagrant
    xs: SSH auth method: private key
    xs: 
    xs: Vagrant insecure key detected. Vagrant will automatically replace
    xs: this with a newly generated keypair for better security.
    xs: 
    xs: Inserting generated public key within guest...
    xs: Removing insecure key from the guest if it's present...
    xs: Key inserted! Disconnecting and reconnecting using new SSH key...
==> xs: Machine booted and ready!
==> xs: Running provisioner: shell...
    xs: Running: inline script
    xs: Setting password for user Vagrant
    xs: Enabling SSH password authentication
    xs: Installing GPG, curl, and iproute2
    xs: Installing FRR -- set 'netlab_quick_start' node variable to True to skip this step
==> dut: Waiting for machine to boot. This may take a few minutes...
    dut: SSH address: 192.168.17.105:22
    dut: SSH username: vyos
    dut: SSH auth method: private key
    dut: Warning: Connection refused. Retrying...
    xs: Installation complete
    dut: 
    dut: Vagrant insecure key detected. Vagrant will automatically replace
    dut: this with a newly generated keypair for better security.
    dut: 
    dut: Inserting generated public key within guest...
    dut: Removing insecure key from the guest if it's present...
    dut: Key inserted! Disconnecting and reconnecting using new SSH key...
==> dut: Machine booted and ready!

==> dut: Machine 'dut' has a post `vagrant up` message. This is a message
==> dut: from the creator of the Vagrantfile, and not from Vagrant itself:
==> dut: 
==> dut: VyOS box. See https://app.vagrantup.com/vyos for help and bug reports

==> xs: Machine 'xs' has a post `vagrant up` message. This is a message
==> xs: from the creator of the Vagrantfile, and not from Vagrant itself:
==> xs: 
==> xs: Vanilla Debian box. See https://app.vagrantup.com/debian for help and bug reports
Using transformed lab topology from snapshot file netlab.snapshot.yml
Checking virtualization provider installation
OK: libvirt installed and working correctly
OK: clab installed and working correctly
Starting libvirt nodes
creating libvirt management network nl_mgmt_17
provider libvirt: executing vagrant up --provider libvirt
Starting clab nodes
Recreating clab-augment.yml configuration file for clab provider
10:07:01 INFO Containerlab started version=0.68.0
10:07:01 INFO Parsing & checking topology file=clab-augment.yml
10:07:01 INFO Removing directory path=/work/netlab_cicd/clab-ml_17
10:07:01 INFO Creating docker network name=nl_mgmt_17 IPv4 subnet=192.168.17.0/24 IPv6 subnet="" MTU=0
10:07:01 INFO Creating lab directory path=/work/netlab_cicd/clab-ml_17
10:07:01 INFO Creating container name=h1
10:07:01 INFO Creating container name=h2
10:07:01 INFO Creating container name=h3
10:07:01 INFO Creating container name=h4
10:07:02 INFO Created link: h2:eth1 ▪┄┄▪ virbr4:ml_17_2_1
10:07:02 INFO Created link: h3:eth1 ▪┄┄▪ virbr3:ml_17_3_1
10:07:02 INFO Created link: h4:eth1 ▪┄┄▪ virbr5:ml_17_4_1
10:07:02 INFO Created link: h1:eth1 ▪┄┄▪ virbr2:ml_17_1_1
10:07:02 INFO Adding host entries path=/etc/hosts
10:07:02 INFO Adding SSH config for nodes path=/etc/ssh/ssh_config.d/clab-ml_17.conf
[1m╭[0m[1m───────────────[0m[1m┬[0m[1m────────────────────[0m[1m┬[0m[1m─────────[0m[1m┬[0m[1m────────────────[0m[1m╮[0m
[1m│[0m[1m      Name     [0m[1m│[0m[1m     Kind/Image     [0m[1m│[0m[1m  State  [0m[1m│[0m[1m IPv4/6 Address [0m[1m│[0m
[1m├[0m[1m───────────────[0m[1m┼[0m[1m────────────────────[0m[1m┼[0m[1m─────────[0m[1m┼[0m[1m────────────────[0m[1m┤[0m
│ clab-ml_17-h1 │ linux              │ running │ 192.168.17.101 │
│               │ python:3.13-alpine │         │ N/A            │
├───────────────┼────────────────────┼─────────┼────────────────┤
│ clab-ml_17-h2 │ linux              │ running │ 192.168.17.102 │
│               │ python:3.13-alpine │         │ N/A            │
├───────────────┼────────────────────┼─────────┼────────────────┤
│ clab-ml_17-h3 │ linux              │ running │ 192.168.17.103 │
│               │ python:3.13-alpine │         │ N/A            │
├───────────────┼────────────────────┼─────────┼────────────────┤
│ clab-ml_17-h4 │ linux              │ running │ 192.168.17.104 │
│               │ python:3.13-alpine │         │ N/A            │
╰───────────────┴────────────────────┴─────────┴────────────────╯
Createdprovider configuration file: clab-augment.yml
Mapped clab_files/h1/hosts to h1:/etc/hosts (from templates/provider/clab/linux/hosts.j2)
Mapped clab_files/h2/hosts to h2:/etc/hosts (from templates/provider/clab/linux/hosts.j2)
Mapped clab_files/h3/hosts to h3:/etc/hosts (from templates/provider/clab/linux/hosts.j2)
Mapped clab_files/h4/hosts to h4:/etc/hosts (from templates/provider/clab/linux/hosts.j2)
provider clab: executing sudo -E containerlab deploy --reconfigure -t clab-augment.yml

Initial configuration skipped, run 'netlab initial' to configure the devices
