Bringing machine 'r' up with 'libvirt' provider...
==> r: Checking if box 'dell/os10' version '5.6.6' is up to date...
[fog][WARNING] Unrecognized arguments: libvirt_ip_command
==> r: Creating image (snapshot of base box volume).
==> r: Creating domain with the following settings...
==> r:  -- Name:              ml-17_r
==> r:  -- Description:       Source: /work/netlab_cicd/Vagrantfile
==> r:  -- Domain type:       kvm
==> r:  -- Cpus:              2
==> r:  -- Feature:           acpi
==> r:  -- Feature:           apic
==> r:  -- Feature:           pae
==> r:  -- Clock offset:      utc
==> r:  -- Memory:            4096M
==> r:  -- Management MAC:    ca:fe:00:01:00:00
==> r:  -- Base box:          dell/os10
==> r:  -- Storage pool:      default
==> r:  -- Image(vda):        /var/lib/libvirt/images/ml-17_r.img, ide, 50G
==> r:  -- Disk driver opts:  cache='default'
==> r:  -- Graphics Type:     vnc
==> r:  -- Video Type:        cirrus
==> r:  -- Video VRAM:        16384
==> r:  -- Video 3D accel:    false
==> r:  -- Keymap:            en-us
==> r:  -- TPM Backend:       passthrough
==> r:  -- INPUT:             type=mouse, bus=ps2
==> r: Creating shared folders metadata...
==> r: Starting domain.
==> r: Domain launching with graphics connection settings...
==> r:  -- Graphics Port:      5900
==> r:  -- Graphics IP:        127.0.0.1
==> r:  -- Graphics Password:  Not defined
==> r:  -- Graphics Websocket: 5700
==> r: Waiting for domain to get an IP address...
==> r: Waiting for machine to boot. This may take a few minutes...
    r: SSH address: 192.168.17.101:22
    r: SSH username: vagrant
    r: SSH auth method: private key
==> r: Machine booted and ready!
10:55:27 INFO Containerlab started version=0.72.0
10:55:27 INFO Parsing & checking topology file=clab-augment.yml
10:55:27 INFO Removing directory path=/work/netlab_cicd/clab-ml-17
10:55:27 INFO Creating docker network name=nl_mgmt_17 IPv4 subnet=192.168.17.0/24 IPv6 subnet="" MTU=0
10:55:27 INFO Creating lab directory path=/work/netlab_cicd/clab-ml-17
10:55:27 INFO Creating container name=h2
10:55:27 INFO Creating container name=h1
10:55:28 INFO Created link: h2:eth1 ▪┄┄▪ virbr3:bni17n3i1
10:55:28 INFO Created link: h1:eth1 ▪┄┄▪ virbr2:bni17n2i1
10:55:28 INFO Adding host entries path=/etc/hosts
10:55:28 INFO Adding SSH config for nodes path=/etc/ssh/ssh_config.d/clab-ml-17.conf
[1m╭[0m[1m───────────────[0m[1m┬[0m[1m────────────────────[0m[1m┬[0m[1m─────────[0m[1m┬[0m[1m────────────────[0m[1m╮[0m
[1m│[0m[1m      Name     [0m[1m│[0m[1m     Kind/Image     [0m[1m│[0m[1m  State  [0m[1m│[0m[1m IPv4/6 Address [0m[1m│[0m
[1m├[0m[1m───────────────[0m[1m┼[0m[1m────────────────────[0m[1m┼[0m[1m─────────[0m[1m┼[0m[1m────────────────[0m[1m┤[0m
│ clab-ml-17-h1 │ linux              │ running │ 192.168.17.102 │
│               │ python:3.13-alpine │         │ N/A            │
├───────────────┼────────────────────┼─────────┼────────────────┤
│ clab-ml-17-h2 │ linux              │ running │ 192.168.17.103 │
│               │ python:3.13-alpine │         │ N/A            │
╰───────────────┴────────────────────┴─────────┴────────────────╯
Using transformed lab topology from snapshot file netlab.snapshot.pickle
Checking virtualization provider installation
OK: libvirt installed and working correctly
OK: clab installed and working correctly
Starting libvirt nodes
creating libvirt management network nl_mgmt_17
provider libvirt: executing vagrant up --provider libvirt
Starting clab nodes
Recreating clab-augment.yml configuration file for clab provider
Createdprovider configuration file: clab-augment.yml
provider clab: executing sudo -E containerlab deploy --reconfigure -t clab-augment.yml

Initial configuration skipped, run 'netlab initial' to configure the devices
