Bringing machine 'dut' up with 'libvirt' provider...
[fog][WARNING] Unrecognized arguments: libvirt_ip_command
==> dut: No version detected for cisco/nexus9300v, using timestamp to watch for modifications. Consider
==> dut: generating a local metadata for the box with a version to allow better handling.
==> dut: See https://www.vagrantup.com/docs/boxes/format#box-metadata for further details.
==> dut: Creating image (snapshot of base box volume).
==> dut: Creating domain with the following settings...
==> dut:  -- Name:              ml_42_dut
==> dut:  -- Description:       Source: /work/netlab_cicd/p2/Vagrantfile
==> dut:  -- Domain type:       kvm
==> dut:  -- Cpus:              2
==> dut:  -- Feature:           acpi
==> dut:  -- Clock offset:      utc
==> dut:  -- Memory:            6144M
==> dut:  -- Management MAC:    08:4f:a9:01:00:00
==> dut:  -- Loader:            /usr/share/OVMF/OVMF_CODE.fd
==> dut:  -- Base box:          cisco/nexus9300v
==> dut:  -- Storage pool:      default
==> dut:  -- Image(sda):        /var/lib/libvirt/images/ml_42_dut.img, sata, 10G
==> dut:  -- Disk driver opts:  cache='none'
==> dut:  -- Graphics Type:     none
==> dut:  -- Video Type:        cirrus
==> dut:  -- Video VRAM:        16384
==> dut:  -- Video 3D accel:    false
==> dut:  -- Keymap:            en-us
==> dut:  -- TPM Backend:       passthrough
==> dut:  -- INPUT:             type=mouse, bus=ps2
==> dut: Creating shared folders metadata...
==> dut: Updating domain definition due to configuration change
==> dut: Starting domain.
==> dut: Waiting for domain to get an IP address...
==> dut: Waiting for machine to boot. This may take a few minutes...
    dut: SSH address: 192.168.42.101:22
    dut: SSH username: vagrant
    dut: SSH auth method: private key
==> dut: Machine booted and ready!
Using transformed lab topology from snapshot file netlab.snapshot.yml
Checking virtualization provider installation
OK: libvirt installed and working correctly
OK: clab installed and working correctly
Starting libvirt nodes
creating libvirt management network nl_mgmt_42
provider libvirt: executing vagrant up --provider libvirt
Starting clab nodes
Recreating clab-augment.yml configuration file for clab provider
time="2025-05-09T16:38:04Z" level=info msg="Containerlab v0.62.2 started"
time="2025-05-09T16:38:04Z" level=info msg="Parsing & checking topology file: clab-augment.yml"
time="2025-05-09T16:38:04Z" level=info msg="Removing /work/netlab_cicd/p2/clab-ml_42 directory..."
time="2025-05-09T16:38:04Z" level=info msg="Creating docker network: Name=\"nl_mgmt_42\", IPv4Subnet=\"192.168.42.0/24\", IPv6Subnet=\"\", MTU=0"
time="2025-05-09T16:38:04Z" level=info msg="Creating lab directory: /work/netlab_cicd/p2/clab-ml_42"
time="2025-05-09T16:38:05Z" level=info msg="Creating container: \"h2\""
time="2025-05-09T16:38:05Z" level=info msg="Creating container: \"h1\""
time="2025-05-09T16:38:05Z" level=info msg="Creating container: \"r2\""
time="2025-05-09T16:38:05Z" level=info msg="Created link: h2:eth1 <--> virbr2:ml_42_4_1"
time="2025-05-09T16:38:05Z" level=info msg="Created link: r2:et1 <--> virbr1:ml_42_2_1"
time="2025-05-09T16:38:06Z" level=info msg="Created link: h1:eth1 <--> r2:et3"
time="2025-05-09T16:38:06Z" level=info msg="Running postdeploy actions for Arista cEOS 'r2' node"
time="2025-05-09T16:38:06Z" level=info msg="Created link: r2:et2 <--> virbr2:ml_42_2_2"
time="2025-05-09T16:38:25Z" level=info msg="Adding containerlab host entries to /etc/hosts file"
time="2025-05-09T16:38:25Z" level=info msg="Adding ssh config for containerlab nodes"
time="2025-05-09T16:38:25Z" level=info msg="🎉 New containerlab version 0.68.0 is available! Release notes: https://containerlab.dev/rn/0.68/\nRun 'containerlab version upgrade' to upgrade or go check other installation options at https://containerlab.dev/install/\n"
[1m╭[0m[1m───────────────[0m[1m┬[0m[1m────────────────────[0m[1m┬[0m[1m─────────[0m[1m┬[0m[1m────────────────[0m[1m╮[0m
[1m│[0m[1m      Name     [0m[1m│[0m[1m     Kind/Image     [0m[1m│[0m[1m  State  [0m[1m│[0m[1m IPv4/6 Address [0m[1m│[0m
[1m├[0m[1m───────────────[0m[1m┼[0m[1m────────────────────[0m[1m┼[0m[1m─────────[0m[1m┼[0m[1m────────────────[0m[1m┤[0m
│ clab-ml_42-h1 │ linux              │ running │ 192.168.42.103 │
│               │ python:3.13-alpine │         │ N/A            │
├───────────────┼────────────────────┼─────────┼────────────────┤
│ clab-ml_42-h2 │ linux              │ running │ 192.168.42.104 │
│               │ python:3.13-alpine │         │ N/A            │
├───────────────┼────────────────────┼─────────┼────────────────┤
│ clab-ml_42-r2 │ ceos               │ running │ 192.168.42.102 │
│               │ ceos:4.33.1F       │         │ N/A            │
╰───────────────┴────────────────────┴─────────┴────────────────╯
Createdprovider configuration file: clab-augment.yml
Mapped clab_files/h1/hosts to h1:/etc/hosts (from templates/provider/clab/linux/hosts.j2)
Mapped clab_files/h2/hosts to h2:/etc/hosts (from templates/provider/clab/linux/hosts.j2)
provider clab: executing sudo -E containerlab deploy --reconfigure -t clab-augment.yml

Initial configuration skipped, run 'netlab initial' to configure the devices
