Createdprovider configuration file: clab.yml
Created h1: initial,routing,hosts
Created h2: initial,routing,hosts (shared)
Created h3: initial,routing,hosts (shared)
Created ch: initial,routing,hosts (shared)
Created dut: daemons,hosts (shared)
Created pe2: daemons,hosts (shared)
Created p1: daemons,hosts (shared)
Created p2: daemons,hosts (shared)
Createdtransformed topology dump in YAML format in netlab.snapshot.yml
Createdpickled transformed topology data into netlab.snapshot.pickle
Created group_vars for all
Created group_vars for modules
Created group_vars for linux
Created host_vars for h1
Created host_vars for h2
Created host_vars for h3
Created host_vars for ch
Created group_vars for frr
Created host_vars for dut
Created host_vars for pe2
Created host_vars for p1
Created host_vars for p2
Createdminimized Ansible inventory hosts.yml
CreatedAnsible configuration file: ansible.cfg
