[CONFIG]  ce1: daemons,hosts,initial,ospf
[CONFIG]  ce2: daemons,hosts (shared),initial,ospf
[CONFIG]  dut: daemons,hosts (shared),initial,ospf,bgp,mpls,vrf
[CONFIG]  pe2: daemons,hosts (shared),initial,ospf,bgp,mpls,vrf
[CONFIG]  p1: daemons,hosts (shared),initial,ospf,mpls
[CONFIG]  p2: daemons,hosts (shared),initial,ospf,mpls
Createdprovider configuration file: clab.yml
Createdpickled transformed topology data into netlab.snapshot.pickle
Created group_vars for all
Created group_vars for modules
Created group_vars for frr
Created host_vars for ce1
Created host_vars for ce2
Created host_vars for dut
Created host_vars for pe2
Created host_vars for p1
Created host_vars for p2
Createdminimized Ansible inventory hosts.yml
CreatedAnsible configuration file: ansible.cfg
Createdtransformed topology dump in YAML format in netlab.snapshot.yml
