21:15:42 INFO Parsing & checking topology file=clab.yml
21:15:42 INFO Parsing & checking topology file=clab.yml
21:15:42 INFO Destroying lab name=ml-17
21:15:42 INFO Removed container name=clab-ml-17-ce2
21:15:42 INFO Removed container name=clab-ml-17-p1
21:15:42 INFO Removed container name=clab-ml-17-pe2
21:15:42 INFO Removed container name=clab-ml-17-ce1
21:15:42 INFO Removed container name=clab-ml-17-dut
21:15:43 INFO Removed container name=clab-ml-17-p2
21:15:43 INFO Removing host entries path=/etc/hosts
21:15:43 INFO Removing SSH config path=/etc/ssh/ssh_config.d/clab-ml-17.conf
Checking virtualization provider installation
OK: clab installed and working correctly
Stopping clab nodes
Cleanup configuration files
... removing clab.yml
... removing ansible.cfg
... removing hosts.yml
... removing directory tree group_vars
... removing directory tree host_vars
... removing directory tree node_files
... removing netlab.snapshot.yml
... removing netlab.snapshot.pickle
