08:28:48 INFO Parsing & checking topology file=clab-augment.yml
08:28:48 INFO Parsing & checking topology file=clab-augment.yml
08:28:48 INFO Destroying lab name=ml_32
08:28:48 INFO Removed container name=clab-ml_32-x2
08:28:48 INFO Removed container name=clab-ml_32-x1
08:28:48 INFO Removing host entries path=/etc/hosts
08:28:48 INFO Removing SSH config path=/etc/ssh/ssh_config.d/clab-ml_32.conf
[fog][WARNING] Unrecognized arguments: libvirt_ip_command
==> dut: Removing domain...
==> dut: Deleting the machine folder
Checking virtualization provider installation
OK: libvirt installed and working correctly
OK: clab installed and working correctly
Stopping clab nodes

Stopping libvirt nodes
Cleanup configuration files
... removing Vagrantfile
... removing directory tree clab_files
... removing clab-augment.yml
... removing ansible.cfg
... removing hosts.yml
... removing directory tree group_vars
... removing directory tree host_vars
... removing netlab.snapshot.yml
