Bringing machine 'dut' up with 'libvirt' provider...
==> dut: Checking if box 'juniper/vptx' version '25.2R1.8' is up to date...
[fog][WARNING] Unrecognized arguments: libvirt_ip_command
==> dut: Creating image (snapshot of base box volume).
==> dut: Creating domain with the following settings...
==> dut:  -- Name:              ml_23_dut
==> dut:  -- Description:       Source: /work/netlab_cicd/hogs/Vagrantfile
==> dut:  -- Domain type:       kvm
==> dut:  -- Cpus:              4
==> dut:  -- Feature:           acpi
==> dut:  -- Feature:           apic
==> dut:  -- Feature:           pae
==> dut:  -- Clock offset:      utc
==> dut:  -- Memory:            8192M
==> dut:  -- Management MAC:    ca:fe:00:01:00:00
==> dut:  -- Loader:            /usr/share/OVMF/OVMF_CODE_4M.fd
==> dut:  -- Nvram:             /var/lib/libvirt/qemu/nvram/dut.fd
==> dut:  -- Base box:          juniper/vptx
==> dut:  -- Storage pool:      default
==> dut:  -- Image(vda):        /var/lib/libvirt/images/ml_23_dut.img, virtio, 40G
==> dut:  -- Disk driver opts:  cache='default'
==> dut:  -- Graphics Type:     none
==> dut:  -- Video Type:        none
==> dut:  -- Video VRAM:        16384
==> dut:  -- Video 3D accel:    false
==> dut:  -- Keymap:            en-us
==> dut:  -- TPM Backend:       passthrough
==> dut:  -- Sysinfo:
==> dut:    -- BIOS:
==> dut:     -> vendor: Bochs
==> dut:     -> version: Bochs
==> dut:    -- System:
==> dut:     -> manufacturer: Bochs
==> dut:     -> product: Bochs
==> dut:     -> serial: chassis_no=0:slot=0:type=1:assembly_id=0x0D20:platform=251:master=0:channelized=no
==> dut:    -- Chassis:
==> dut:     -> manufacturer: Bochs
==> dut:  -- INPUT:             type=mouse, bus=ps2
==> dut: Creating shared folders metadata...
==> dut: Updating domain definition due to configuration change
==> dut: Starting domain.
==> dut: Waiting for domain to get an IP address...
==> dut: Waiting for machine to boot. This may take a few minutes...
    dut: SSH address: 192.168.23.101:22
    dut: SSH username: vagrant
    dut: SSH auth method: private key
==> dut: Machine booted and ready!
00:32:01 INFO Containerlab started version=0.72.0
00:32:01 INFO Parsing & checking topology file=clab-augment.yml
00:32:01 INFO Removing directory path=/work/netlab_cicd/hogs/clab-ml_23
00:32:01 INFO Creating docker network name=nl_mgmt_23 IPv4 subnet=192.168.23.0/24 IPv6 subnet="" MTU=0
00:32:01 INFO Creating lab directory path=/work/netlab_cicd/hogs/clab-ml_23
00:32:01 INFO Creating container name=r2
00:32:01 INFO Creating container name=r1
00:32:01 INFO Creating container name=r3
00:32:01 INFO Creating container name=r4
00:32:01 INFO Running postdeploy actions for Arista cEOS 'r4' node
00:32:01 INFO Running postdeploy actions for Arista cEOS 'r3' node
00:32:01 INFO Running postdeploy actions for Arista cEOS 'r2' node
00:32:01 INFO Running postdeploy actions for Arista cEOS 'r1' node
00:32:01 INFO Created link: r4:et1 ▪┄┄▪ virbr4:bni23n24i1
00:32:01 INFO Created link: r3:et1 ▪┄┄▪ virbr3:bni23n23i1
00:32:01 INFO Created link: r2:et1 ▪┄┄▪ virbr2:bni23n12i1
00:32:01 INFO Created link: r1:et1 ▪┄┄▪ virbr1:bni23n11i1
00:32:27 INFO Adding host entries path=/etc/hosts
00:32:27 INFO Adding SSH config for nodes path=/etc/ssh/ssh_config.d/clab-ml_23.conf
[1m╭[0m[1m───────────────[0m[1m┬[0m[1m──────────────[0m[1m┬[0m[1m─────────[0m[1m┬[0m[1m────────────────[0m[1m╮[0m
[1m│[0m[1m      Name     [0m[1m│[0m[1m  Kind/Image  [0m[1m│[0m[1m  State  [0m[1m│[0m[1m IPv4/6 Address [0m[1m│[0m
[1m├[0m[1m───────────────[0m[1m┼[0m[1m──────────────[0m[1m┼[0m[1m─────────[0m[1m┼[0m[1m────────────────[0m[1m┤[0m
│ clab-ml_23-r1 │ ceos         │ running │ 192.168.23.111 │
│               │ ceos:4.34.2F │         │ N/A            │
├───────────────┼──────────────┼─────────┼────────────────┤
│ clab-ml_23-r2 │ ceos         │ running │ 192.168.23.112 │
│               │ ceos:4.34.2F │         │ N/A            │
├───────────────┼──────────────┼─────────┼────────────────┤
│ clab-ml_23-r3 │ ceos         │ running │ 192.168.23.123 │
│               │ ceos:4.34.2F │         │ N/A            │
├───────────────┼──────────────┼─────────┼────────────────┤
│ clab-ml_23-r4 │ ceos         │ running │ 192.168.23.124 │
│               │ ceos:4.34.2F │         │ N/A            │
╰───────────────┴──────────────┴─────────┴────────────────╯
Using transformed lab topology from snapshot file netlab.snapshot.pickle
Checking virtualization provider installation
OK: libvirt installed and working correctly
OK: clab installed and working correctly
Starting libvirt nodes
creating libvirt management network nl_mgmt_23
provider libvirt: executing vagrant up --provider libvirt
Starting clab nodes
Recreating clab-augment.yml configuration file for clab provider
Createdprovider configuration file: clab-augment.yml
provider clab: executing sudo -E containerlab deploy --reconfigure -t clab-augment.yml

Initial configuration skipped, run 'netlab initial' to configure the devices
