Warning in ansible: You're using Ansible version 12.x or higher; netlab might not work correctly
... Ansible core version 2.19 introduced breaking changes in templates and playbooks
... We tested netlab core with Ansible version 12.x but not every device template
... You might want to downgrade Ansible to version 11.10 or lower.
... Use 'netlab install ansible' on Ubuntu to do that
... Finally, please open a GitHub issue if you experience errors/crashes
... Set defaults.ansible.warnings.ver12 to False to hide this warning
 [INFO] Checking for updates in configuration templates
 [INFO] Creating configuration snippets
[WARNING]: Could not match supplied host pattern, ignoring: unprovisioned
[WARNING]: Found variable using reserved name 'hosts'.
Origin: /work/netlab_cicd/hogs/group_vars/all/topology.yml:157:1

155     ipv4: 10.2.0.0/24
156     prefix: 32
157 hosts:
    ^ column 1


PLAY [Deploy initial device configuration] *************************************

TASK [Set variables that cannot be set with VARS] ******************************
ok: [r1]
ok: [r2]
ok: [srv]
ok: [dut]

TASK [Generic readiness tests] *************************************************
skipping: [dut]
skipping: [r1]
skipping: [r2]
skipping: [srv]

TASK [Find device readiness script] ********************************************
ok: [r1]
ok: [r2]
ok: [srv]
ok: [dut]

TASK [Wait for device to become ready] *****************************************
skipping: [r1]
skipping: [r2]
skipping: [srv]
included: /home/pipi/netlab_gh/netsim/ansible/tasks/readiness-check/junos.yml for dut

TASK [set_fact] ****************************************************************
ok: [dut]

TASK [Wait for first interface (et-0/0/0)] *************************************
ok: [dut]

TASK [Normalize config on bridge-like devices] *********************************
included: /home/pipi/netlab_gh/netsim/ansible/tasks/deploy-module.yml for dut
included: /home/pipi/netlab_gh/netsim/ansible/tasks/deploy-module.yml for r1
included: /home/pipi/netlab_gh/netsim/ansible/tasks/deploy-module.yml for r2
included: /home/pipi/netlab_gh/netsim/ansible/tasks/deploy-module.yml for srv

TASK [Figure out whether to deploy the module normalize on current device] *****
ok: [dut]

TASK [Find configuration template for normalize] *******************************
ok: [dut]

TASK [fail] ********************************************************************
skipping: [dut]

TASK [Find configuration deployment deploy_script for normalize] ***************
ok: [dut]

TASK [Print deployed configuration when running in verbose mode] ***************
skipping: [dut]

TASK [Deploy normalize configuration] ******************************************
skipping: [dut]

TASK [Figure out whether to deploy the module normalize on current device] *****
ok: [r1]

TASK [Find configuration template for normalize] *******************************
ok: [r1]

TASK [fail] ********************************************************************
skipping: [r1]

TASK [Find configuration deployment deploy_script for normalize] ***************
ok: [r1]

TASK [Print deployed configuration when running in verbose mode] ***************
skipping: [r1]

TASK [Deploy normalize configuration] ******************************************
skipping: [r1]

TASK [Figure out whether to deploy the module normalize on current device] *****
ok: [r2]

TASK [Find configuration template for normalize] *******************************
ok: [r2]

TASK [fail] ********************************************************************
skipping: [r2]

TASK [Find configuration deployment deploy_script for normalize] ***************
ok: [r2]

TASK [Print deployed configuration when running in verbose mode] ***************
skipping: [r2]

TASK [Deploy normalize configuration] ******************************************
skipping: [r2]

TASK [Figure out whether to deploy the module normalize on current device] *****
ok: [srv]

TASK [Find configuration template for normalize] *******************************
ok: [srv]

TASK [fail] ********************************************************************
skipping: [srv]

TASK [Find configuration deployment deploy_script for normalize] ***************
ok: [srv]

TASK [Print deployed configuration when running in verbose mode] ***************
skipping: [srv]

TASK [Deploy normalize configuration] ******************************************
skipping: [srv]

TASK [Deploy initial configuration] ********************************************
included: /home/pipi/netlab_gh/netsim/ansible/tasks/deploy-module.yml for dut
included: /home/pipi/netlab_gh/netsim/ansible/tasks/deploy-module.yml for r1
included: /home/pipi/netlab_gh/netsim/ansible/tasks/deploy-module.yml for r2
included: /home/pipi/netlab_gh/netsim/ansible/tasks/deploy-module.yml for srv

TASK [Figure out whether to deploy the module initial on current device] *******
ok: [dut]

TASK [Find configuration template for initial] *********************************
ok: [dut]

TASK [fail] ********************************************************************
skipping: [dut]

TASK [Find configuration deployment deploy_script for initial] *****************
ok: [dut]

TASK [Print deployed configuration when running in verbose mode] ***************
ok: [dut] => {
    "msg": "initial configuration for dut\n=========================================\nsystem {\n  host-name dut;\n  static-host-mapping {\n    r1 inet 10.0.0.2;\n    r2 inet 10.0.0.3;\n    srv inet 10.0.0.4;\n  }\n}\n\n\n\n\npolicy-options {\n  community tg_65000_1 members target:65000:1;\n  community tg_65000_3 members target:65000:3;\n  community tg_65000_2 members target:65000:2;\n}\n\n\n\npolicy-options {\n  policy-statement vrf-red-rt-export {\n    term 1 {\n      then {\n        community add tg_65000_1;\n        accept;\n      }\n    }\n  }\n\n\n  policy-statement vrf-red-rt-import {\n    term 1 {\n      from community [ tg_65000_1 tg_65000_3 ];\n      then accept;\n    }\n    term default {\n      then reject;\n    }\n  }\n  policy-statement vrf-blue-rt-export {\n    term 1 {\n      then {\n        community add tg_65000_2;\n        accept;\n      }\n    }\n  }\n\n\n  policy-statement vrf-blue-rt-import {\n    term 1 {\n      from community [ tg_65000_2 tg_65000_3 ];\n      then accept;\n    }\n    term default {\n      then reject;\n    }\n  }\n  policy-statement vrf-common-rt-export {\n    term 1 {\n      then {\n        community add tg_65000_3;\n        accept;\n      }\n    }\n  }\n\n\n  policy-statement vrf-common-rt-import {\n    term 1 {\n      from community [ tg_65000_1 tg_65000_2 tg_65000_3 ];\n      then accept;\n    }\n    term default {\n      then reject;\n    }\n  }\n}\n\nrouting-instances {\n\n  red {\n    instance-type vrf;\n    route-distinguisher 65000:1;\n\n    vrf-import vrf-red-rt-import;\n    vrf-export vrf-red-rt-export;\n\n    routing-options {\n      auto-export;\n    }\n\n    interface et-0/0/0.0;\n\n  }\n\n\n  blue {\n    instance-type vrf;\n    route-distinguisher 65000:2;\n\n    vrf-import vrf-blue-rt-import;\n    vrf-export vrf-blue-rt-export;\n\n    routing-options {\n      auto-export;\n    }\n\n    interface et-0/0/1.0;\n\n  }\n\n\n  common {\n    instance-type vrf;\n    route-distinguisher 65000:3;\n\n    vrf-import vrf-common-rt-import;\n    vrf-export vrf-common-rt-export;\n\n    routing-options {\n      auto-export;\n    }\n\n    interface et-0/0/2.0;\n\n  }\n\n}\ninterfaces {\n  et-0/0/0 {\n    mtu 1514;\n  }\n  et-0/0/1 {\n    mtu 1514;\n  }\n  et-0/0/2 {\n    mtu 1514;\n  }\n\n  lo0.0 {\n    \n      family inet {\n        address 10.0.0.1/32;\n      }\n    \n  }\n  et-0/0/0.0 {\n    description \"dut -> r1\";\n    \n      family inet {\n        address 10.1.0.1/30;\n      }\n    \n  }\n  et-0/0/1.0 {\n    description \"dut -> r2\";\n    \n      family inet {\n        address 10.1.0.5/30;\n      }\n    \n  }\n  et-0/0/2.0 {\n    description \"dut -> srv\";\n    \n      family inet {\n        address 10.1.0.9/30;\n      }\n    \n  }\n}\nprotocols {\n  lldp {\n    interface re0:mgmt-0 {\n      disable;\n    }\n    interface all;\n  }\n}\n"
}

TASK [Deploy initial configuration] ********************************************
included: /home/pipi/netlab_gh/netsim/ansible/tasks/deploy-config/junos.yml for dut

TASK [junos_config: deploying initial from /work/netlab_cicd/hogs/node_files/dut/initial] ***
changed: [dut]

TASK [Figure out whether to deploy the module initial on current device] *******
ok: [r1]

TASK [Find configuration template for initial] *********************************
ok: [r1]

TASK [fail] ********************************************************************
skipping: [r1]

TASK [Find configuration deployment deploy_script for initial] *****************
ok: [r1]

TASK [Print deployed configuration when running in verbose mode] ***************
ok: [r1] => {
    "msg": "initial configuration for r1\n=========================================\n#!/bin/bash\n#\nset -e\nset -x\n#\n# Create bash profile script\n#\ncat <<SCRIPT >/root/.bash_profile\n#!/bin/bash\n#\nexport PS1=\"\\h(bash)# \"\necho\necho \"Use vtysh to connect to FRR daemon\"\necho\nSCRIPT\n#\n# This is an artifact of unknown provenance that should be removed in a year or two (= 2026/2027)\n#\n# FRR controls these parameters with 'ip forwarding' and 'ipv6 forwarding' commands\n#\nsysctl -w net.ipv4.ip_forward=1\nsysctl -w net.ipv6.conf.all.forwarding=0\n#\n#\n# Get the current next hop for the default route\n#\ndef_nh=$(ip route list default|awk '{ print $3 }')\n#\n# Create the management VRF and add eth0 to it\n#\nif [ ! -e /sys/devices/virtual/net/mgmt ]; then\n  ip link add mgmt type vrf table 42\nfi\nip link set mgmt up\nsysctl -qw net.ipv6.conf.eth0.keep_addr_on_down=1\nip link set eth0 master mgmt\n#\n# Reinstall the default route if we had it before\n#\nif [[ -n \"$def_nh\" ]]; then\n  ip route add 0.0.0.0/0 vrf mgmt via $def_nh\nfi\n#\n# Enable FRR modules (if not using containerlab bind-mounted /etc/frr/daemons)\n#\n\n# Set system defaults\n#\n# Send ARP requests from a sane source IP address\n#\nsysctl -w net.ipv4.conf.all.arp_announce=2\n\n#\n# Create loopbacks, stub and lag/bond devices\n#\nif [ ! -e /sys/class/net/lo ]; then\n  if [ ! -e /sys/devices/virtual/net/lo ]; then\n    ip link add lo type dummy\n    ip link set dev lo up\n  fi\nfi\n\n# Disable IPv6 (for IPv4-only interfaces) or SLAAC (if the device is a router)\n#\nip link set eth1 down\nsysctl -qw net.ipv6.conf.eth1.disable_ipv6=1\nip link set dev eth1 mtu 1500\nip link set eth1 up\n\n#\n# Add vtysh.conf file\necho \"service integrated-vtysh-config\" >/etc/frr/vtysh.conf\n\n#\n# Rest of initial configuration done through VTYSH\n#\ncat >/tmp/config <<CONFIG\nhostname r1\n!\nlog file /tmp/logging\n\n!\nip forwarding\nvrf mgmt\n exit-vrf\n!\nfrr defaults datacenter\n!\ninterface lo\n no shutdown\n ip address 10.0.0.2/32\n!\ninterface eth1\n no shutdown\n description r1 -> dut\n ip address 10.1.0.2/30\n!\ndo write\nCONFIG\nvtysh -f /tmp/config\n!\nexit 0\n"
}

TASK [Deploy initial configuration] ********************************************
included: /home/pipi/netlab_gh/netsim/ansible/tasks/frr/initial-clab.yml for r1

TASK [Attempt to load VRF kernel module] ***************************************
changed: [r1 -> localhost]

TASK [Disable FRR management VRF when modprobe fails] **************************
skipping: [r1]

TASK [include_tasks] ***********************************************************
included: /home/pipi/netlab_gh/netsim/ansible/tasks/frr/deploy-config.yml for r1

TASK [template] ****************************************************************
changed: [r1]

TASK [set_fact] ****************************************************************
ok: [r1]

TASK [run /tmp/config.sh to deploy initial config from /work/netlab_cicd/hogs/node_files/r1/initial] ***
changed: [r1]

TASK [run vtysh to import initial config from /work/netlab_cicd/hogs/node_files/r1/initial] ***
skipping: [r1]

TASK [Figure out whether to deploy the module initial on current device] *******
ok: [r2]

TASK [Find configuration template for initial] *********************************
ok: [r2]

TASK [fail] ********************************************************************
skipping: [r2]

TASK [Find configuration deployment deploy_script for initial] *****************
ok: [r2]

TASK [Print deployed configuration when running in verbose mode] ***************
ok: [r2] => {
    "msg": "initial configuration for r2\n=========================================\n#!/bin/bash\n#\nset -e\nset -x\n#\n# Create bash profile script\n#\ncat <<SCRIPT >/root/.bash_profile\n#!/bin/bash\n#\nexport PS1=\"\\h(bash)# \"\necho\necho \"Use vtysh to connect to FRR daemon\"\necho\nSCRIPT\n#\n# This is an artifact of unknown provenance that should be removed in a year or two (= 2026/2027)\n#\n# FRR controls these parameters with 'ip forwarding' and 'ipv6 forwarding' commands\n#\nsysctl -w net.ipv4.ip_forward=1\nsysctl -w net.ipv6.conf.all.forwarding=0\n#\n#\n# Get the current next hop for the default route\n#\ndef_nh=$(ip route list default|awk '{ print $3 }')\n#\n# Create the management VRF and add eth0 to it\n#\nif [ ! -e /sys/devices/virtual/net/mgmt ]; then\n  ip link add mgmt type vrf table 42\nfi\nip link set mgmt up\nsysctl -qw net.ipv6.conf.eth0.keep_addr_on_down=1\nip link set eth0 master mgmt\n#\n# Reinstall the default route if we had it before\n#\nif [[ -n \"$def_nh\" ]]; then\n  ip route add 0.0.0.0/0 vrf mgmt via $def_nh\nfi\n#\n# Enable FRR modules (if not using containerlab bind-mounted /etc/frr/daemons)\n#\n\n# Set system defaults\n#\n# Send ARP requests from a sane source IP address\n#\nsysctl -w net.ipv4.conf.all.arp_announce=2\n\n#\n# Create loopbacks, stub and lag/bond devices\n#\nif [ ! -e /sys/class/net/lo ]; then\n  if [ ! -e /sys/devices/virtual/net/lo ]; then\n    ip link add lo type dummy\n    ip link set dev lo up\n  fi\nfi\n\n# Disable IPv6 (for IPv4-only interfaces) or SLAAC (if the device is a router)\n#\nip link set eth1 down\nsysctl -qw net.ipv6.conf.eth1.disable_ipv6=1\nip link set dev eth1 mtu 1500\nip link set eth1 up\n\n#\n# Add vtysh.conf file\necho \"service integrated-vtysh-config\" >/etc/frr/vtysh.conf\n\n#\n# Rest of initial configuration done through VTYSH\n#\ncat >/tmp/config <<CONFIG\nhostname r2\n!\nlog file /tmp/logging\n\n!\nip forwarding\nvrf mgmt\n exit-vrf\n!\nfrr defaults datacenter\n!\ninterface lo\n no shutdown\n ip address 10.0.0.3/32\n!\ninterface eth1\n no shutdown\n description r2 -> dut\n ip address 10.1.0.6/30\n!\ndo write\nCONFIG\nvtysh -f /tmp/config\n!\nexit 0\n"
}

TASK [Deploy initial configuration] ********************************************
included: /home/pipi/netlab_gh/netsim/ansible/tasks/frr/initial-clab.yml for r2

TASK [Attempt to load VRF kernel module] ***************************************
changed: [r2 -> localhost]

TASK [Disable FRR management VRF when modprobe fails] **************************
skipping: [r2]

TASK [include_tasks] ***********************************************************
included: /home/pipi/netlab_gh/netsim/ansible/tasks/frr/deploy-config.yml for r2

TASK [template] ****************************************************************
changed: [r2]

TASK [set_fact] ****************************************************************
ok: [r2]

TASK [run /tmp/config.sh to deploy initial config from /work/netlab_cicd/hogs/node_files/r2/initial] ***
changed: [r2]

TASK [run vtysh to import initial config from /work/netlab_cicd/hogs/node_files/r2/initial] ***
skipping: [r2]

TASK [Figure out whether to deploy the module initial on current device] *******
ok: [srv]

TASK [Find configuration template for initial] *********************************
ok: [srv]

TASK [fail] ********************************************************************
skipping: [srv]

TASK [Find configuration deployment deploy_script for initial] *****************
ok: [srv]

TASK [Print deployed configuration when running in verbose mode] ***************
ok: [srv] => {
    "msg": "initial configuration for srv\n=========================================\n#!/bin/bash\n#\nset -e\nset -x\n#\n# Create bash profile script\n#\ncat <<SCRIPT >/root/.bash_profile\n#!/bin/bash\n#\nexport PS1=\"\\h(bash)# \"\necho\necho \"Use vtysh to connect to FRR daemon\"\necho\nSCRIPT\n#\n# This is an artifact of unknown provenance that should be removed in a year or two (= 2026/2027)\n#\n# FRR controls these parameters with 'ip forwarding' and 'ipv6 forwarding' commands\n#\nsysctl -w net.ipv4.ip_forward=1\nsysctl -w net.ipv6.conf.all.forwarding=0\n#\n#\n# Get the current next hop for the default route\n#\ndef_nh=$(ip route list default|awk '{ print $3 }')\n#\n# Create the management VRF and add eth0 to it\n#\nif [ ! -e /sys/devices/virtual/net/mgmt ]; then\n  ip link add mgmt type vrf table 42\nfi\nip link set mgmt up\nsysctl -qw net.ipv6.conf.eth0.keep_addr_on_down=1\nip link set eth0 master mgmt\n#\n# Reinstall the default route if we had it before\n#\nif [[ -n \"$def_nh\" ]]; then\n  ip route add 0.0.0.0/0 vrf mgmt via $def_nh\nfi\n#\n# Enable FRR modules (if not using containerlab bind-mounted /etc/frr/daemons)\n#\n\n# Set system defaults\n#\n# Send ARP requests from a sane source IP address\n#\nsysctl -w net.ipv4.conf.all.arp_announce=2\n\n#\n# Create loopbacks, stub and lag/bond devices\n#\nif [ ! -e /sys/class/net/lo ]; then\n  if [ ! -e /sys/devices/virtual/net/lo ]; then\n    ip link add lo type dummy\n    ip link set dev lo up\n  fi\nfi\n\n# Disable IPv6 (for IPv4-only interfaces) or SLAAC (if the device is a router)\n#\nip link set eth1 down\nsysctl -qw net.ipv6.conf.eth1.disable_ipv6=1\nip link set dev eth1 mtu 1500\nip link set eth1 up\n\n#\n# Add vtysh.conf file\necho \"service integrated-vtysh-config\" >/etc/frr/vtysh.conf\n\n#\n# Rest of initial configuration done through VTYSH\n#\ncat >/tmp/config <<CONFIG\nhostname srv\n!\nlog file /tmp/logging\n\n!\nip forwarding\nvrf mgmt\n exit-vrf\n!\nfrr defaults datacenter\n!\ninterface lo\n no shutdown\n ip address 10.0.0.4/32\n!\ninterface eth1\n no shutdown\n description srv -> dut\n ip address 10.1.0.10/30\n!\ndo write\nCONFIG\nvtysh -f /tmp/config\n!\nexit 0\n"
}

TASK [Deploy initial configuration] ********************************************
included: /home/pipi/netlab_gh/netsim/ansible/tasks/frr/initial-clab.yml for srv

TASK [Attempt to load VRF kernel module] ***************************************
changed: [srv -> localhost]

TASK [Disable FRR management VRF when modprobe fails] **************************
skipping: [srv]

TASK [include_tasks] ***********************************************************
included: /home/pipi/netlab_gh/netsim/ansible/tasks/frr/deploy-config.yml for srv

TASK [template] ****************************************************************
changed: [srv]

TASK [set_fact] ****************************************************************
ok: [srv]

TASK [run /tmp/config.sh to deploy initial config from /work/netlab_cicd/hogs/node_files/srv/initial] ***
changed: [srv]

TASK [run vtysh to import initial config from /work/netlab_cicd/hogs/node_files/srv/initial] ***
skipping: [srv]

PLAY [Deploy module-specific configurations] ***********************************

TASK [Set variables that cannot be set with VARS] ******************************
ok: [r1]
ok: [r2]
ok: [srv]
ok: [dut]

TASK [Deploy individual configuration modules] *********************************
included: /home/pipi/netlab_gh/netsim/ansible/tasks/deploy-module.yml for dut => (item=ospf)
included: /home/pipi/netlab_gh/netsim/ansible/tasks/deploy-module.yml for dut => (item=vrf)
included: /home/pipi/netlab_gh/netsim/ansible/tasks/deploy-module.yml for r1 => (item=ospf)
included: /home/pipi/netlab_gh/netsim/ansible/tasks/deploy-module.yml for r1 => (item=vrf)
included: /home/pipi/netlab_gh/netsim/ansible/tasks/deploy-module.yml for r2 => (item=ospf)
included: /home/pipi/netlab_gh/netsim/ansible/tasks/deploy-module.yml for r2 => (item=vrf)
included: /home/pipi/netlab_gh/netsim/ansible/tasks/deploy-module.yml for srv => (item=ospf)
included: /home/pipi/netlab_gh/netsim/ansible/tasks/deploy-module.yml for srv => (item=vrf)

TASK [Figure out whether to deploy the module ospf on current device] **********
ok: [dut]

TASK [Find configuration template for ospf] ************************************
ok: [dut]

TASK [fail] ********************************************************************
skipping: [dut]

TASK [Find configuration deployment deploy_script for ospf] ********************
ok: [dut]

TASK [Print deployed configuration when running in verbose mode] ***************
ok: [dut] => {
    "msg": "ospf configuration for dut\n=========================================\n"
}

TASK [Deploy ospf configuration] ***********************************************
included: /home/pipi/netlab_gh/netsim/ansible/tasks/deploy-config/junos.yml for dut

TASK [junos_config: deploying ospf from /work/netlab_cicd/hogs/node_files/dut/ospf] ***
ok: [dut]

TASK [Figure out whether to deploy the module vrf on current device] ***********
ok: [dut]

TASK [Find configuration template for vrf] *************************************
ok: [dut]

TASK [fail] ********************************************************************
skipping: [dut]

TASK [Find configuration deployment deploy_script for vrf] *********************
ok: [dut]

TASK [Print deployed configuration when running in verbose mode] ***************
ok: [dut] => {
    "msg": "vrf configuration for dut\n=========================================\n\n\npolicy-options {\n  community x-route-permit-mark members large:65535:0:65536;\n\n  policy-statement vrf-red-bgp-export {\n    term redis_bgp {\n      from {\n        protocol bgp;\n      }\n      then {\n        community add x-route-permit-mark;\n        next policy;\n      }\n    }\n    term redis_direct {\n      from {\n        protocol direct;\n      }\n      then {\n        community add x-route-permit-mark;\n        next policy;\n      }\n    }\n    term redis_ospf {\n      from {\n        protocol ospf;\n      }\n      then {\n        community add x-route-permit-mark;\n        next policy;\n      }\n    }\n    term redis_ospf3 {\n      from {\n        protocol ospf3;\n      }\n      then {\n        community add x-route-permit-mark;\n        next policy;\n      }\n    }\n  }\n\n\n  policy-statement vrf-blue-bgp-export {\n    term redis_bgp {\n      from {\n        protocol bgp;\n      }\n      then {\n        community add x-route-permit-mark;\n        next policy;\n      }\n    }\n    term redis_direct {\n      from {\n        protocol direct;\n      }\n      then {\n        community add x-route-permit-mark;\n        next policy;\n      }\n    }\n    term redis_ospf {\n      from {\n        protocol ospf;\n      }\n      then {\n        community add x-route-permit-mark;\n        next policy;\n      }\n    }\n    term redis_ospf3 {\n      from {\n        protocol ospf3;\n      }\n      then {\n        community add x-route-permit-mark;\n        next policy;\n      }\n    }\n  }\n\n\n  policy-statement vrf-common-bgp-export {\n    term redis_bgp {\n      from {\n        protocol bgp;\n      }\n      then {\n        community add x-route-permit-mark;\n        next policy;\n      }\n    }\n    term redis_direct {\n      from {\n        protocol direct;\n      }\n      then {\n        community add x-route-permit-mark;\n        next policy;\n      }\n    }\n    term redis_ospf {\n      from {\n        protocol ospf;\n      }\n      then {\n        community add x-route-permit-mark;\n        next policy;\n      }\n    }\n    term redis_ospf3 {\n      from {\n        protocol ospf3;\n      }\n      then {\n        community add x-route-permit-mark;\n        next policy;\n      }\n    }\n  }\n\n}\n\n\nrouting-instances {\n\n  red {\n    routing-options {\n      autonomous-system 65000;\n      router-id 10.0.0.1\n    }\n\n    protocols {\n      bgp {\n\n        group ebgp-peers {\n          export [  ];\n          advertise-inactive;\n        }\n      }\n    }\n  }\n\n\n  blue {\n    routing-options {\n      autonomous-system 65000;\n      router-id 10.0.0.1\n    }\n\n    protocols {\n      bgp {\n\n        group ebgp-peers {\n          export [  ];\n          advertise-inactive;\n        }\n      }\n    }\n  }\n\n\n  common {\n    routing-options {\n      autonomous-system 65000;\n      router-id 10.0.0.1\n    }\n\n    protocols {\n      bgp {\n\n        group ebgp-peers {\n          export [  ];\n          advertise-inactive;\n        }\n      }\n    }\n  }\n\n}\nrouting-instances {\n  red {\n    routing-options {\n      router-id 10.100.0.100\n    }\n  }\n}\n\npolicy-options {\n  policy-statement vrf-red-ospf-export {\n    term redis_direct {\n      from {\n        protocol direct;\n      }\n      then accept;\n    }\n    term redis_bgp {\n      from protocol bgp;\n      then {\n        accept;\n      }\n    }\n    term redis_local_target {\n      from community [ tg_65000_1 tg_65000_3 ];\n      then accept;\n    }\n  }\n}\nrouting-instances {\n  red {\nprotocols {\n  delete: ospf;\n}\n\nprotocols {\n  ospf {\n    export vrf-red-ospf-export;\n    area 0.0.0.0 {\n      interface et-0/0/0.0 {\n        interface-type p2p;\n      }\n    }\n  }\n}\n} }\n\nrouting-instances {\n  blue {\n    routing-options {\n      router-id 10.100.0.101\n    }\n  }\n}\n\npolicy-options {\n  policy-statement vrf-blue-ospf-export {\n    term redis_direct {\n      from {\n        protocol direct;\n      }\n      then accept;\n    }\n    term redis_bgp {\n      from protocol bgp;\n      then {\n        accept;\n      }\n    }\n    term redis_local_target {\n      from community [ tg_65000_2 tg_65000_3 ];\n      then accept;\n    }\n  }\n}\nrouting-instances {\n  blue {\nprotocols {\n  delete: ospf;\n}\n\nprotocols {\n  ospf {\n    export vrf-blue-ospf-export;\n    area 0.0.0.0 {\n      interface et-0/0/1.0 {\n        interface-type p2p;\n      }\n    }\n  }\n}\n} }\n\nrouting-instances {\n  common {\n    routing-options {\n      router-id 10.100.0.102\n    }\n  }\n}\n\npolicy-options {\n  policy-statement vrf-common-ospf-export {\n    term redis_direct {\n      from {\n        protocol direct;\n      }\n      then accept;\n    }\n    term redis_bgp {\n      from protocol bgp;\n      then {\n        accept;\n      }\n    }\n    term redis_local_target {\n      from community [ tg_65000_1 tg_65000_2 tg_65000_3 ];\n      then accept;\n    }\n  }\n}\nrouting-instances {\n  common {\nprotocols {\n  delete: ospf;\n}\n\nprotocols {\n  ospf {\n    export vrf-common-ospf-export;\n    area 0.0.0.0 {\n      interface et-0/0/2.0 {\n        interface-type p2p;\n      }\n    }\n  }\n}\n} }\n\n"
}

TASK [Deploy vrf configuration] ************************************************
included: /home/pipi/netlab_gh/netsim/ansible/tasks/deploy-config/junos.yml for dut

TASK [junos_config: deploying vrf from /work/netlab_cicd/hogs/node_files/dut/vrf] ***
[WARNING]: statement not found
changed: [dut]

TASK [Figure out whether to deploy the module ospf on current device] **********
ok: [r1]

TASK [Find configuration template for ospf] ************************************
ok: [r1]

TASK [fail] ********************************************************************
skipping: [r1]

TASK [Find configuration deployment deploy_script for ospf] ********************
ok: [r1]

TASK [Print deployed configuration when running in verbose mode] ***************
ok: [r1] => {
    "msg": "ospf configuration for r1\n=========================================\n!\n! OSPFv2 FRR configuration\n!\nrouter ospf\n ospf router-id 10.0.0.2\n timers throttle spf 10 50 500\n timers throttle lsa all 100\n timers lsa min-arrival 100\n\n\nexit\n!\ninterface lo\n! \n ip ospf area 0.0.0.0\n!\ninterface eth1\n! r1 -> dut\n ip ospf area 0.0.0.0\n ip ospf network point-to-point\n!\n\n!\ndo write\n"
}

TASK [Deploy ospf configuration] ***********************************************
included: /home/pipi/netlab_gh/netsim/ansible/tasks/deploy-config/frr.yml for r1

TASK [template] ****************************************************************
changed: [r1]

TASK [set_fact] ****************************************************************
ok: [r1]

TASK [run /tmp/config.sh to deploy ospf config from /work/netlab_cicd/hogs/node_files/r1/ospf] ***
skipping: [r1]

TASK [run vtysh to import ospf config from /work/netlab_cicd/hogs/node_files/r1/ospf] ***
changed: [r1]

TASK [Figure out whether to deploy the module vrf on current device] ***********
ok: [r1]

TASK [Find configuration template for vrf] *************************************
skipping: [r1]

TASK [fail] ********************************************************************
skipping: [r1]

TASK [Find configuration deployment deploy_script for vrf] *********************
skipping: [r1]

TASK [Print deployed configuration when running in verbose mode] ***************
skipping: [r1]

TASK [Deploy vrf configuration] ************************************************
skipping: [r1]

TASK [Figure out whether to deploy the module ospf on current device] **********
ok: [r2]

TASK [Find configuration template for ospf] ************************************
ok: [r2]

TASK [fail] ********************************************************************
skipping: [r2]

TASK [Find configuration deployment deploy_script for ospf] ********************
ok: [r2]

TASK [Print deployed configuration when running in verbose mode] ***************
ok: [r2] => {
    "msg": "ospf configuration for r2\n=========================================\n!\n! OSPFv2 FRR configuration\n!\nrouter ospf\n ospf router-id 10.0.0.3\n timers throttle spf 10 50 500\n timers throttle lsa all 100\n timers lsa min-arrival 100\n\n\nexit\n!\ninterface lo\n! \n ip ospf area 0.0.0.0\n!\ninterface eth1\n! r2 -> dut\n ip ospf area 0.0.0.0\n ip ospf network point-to-point\n!\n\n!\ndo write\n"
}

TASK [Deploy ospf configuration] ***********************************************
included: /home/pipi/netlab_gh/netsim/ansible/tasks/deploy-config/frr.yml for r2

TASK [template] ****************************************************************
changed: [r2]

TASK [set_fact] ****************************************************************
ok: [r2]

TASK [run /tmp/config.sh to deploy ospf config from /work/netlab_cicd/hogs/node_files/r2/ospf] ***
skipping: [r2]

TASK [run vtysh to import ospf config from /work/netlab_cicd/hogs/node_files/r2/ospf] ***
changed: [r2]

TASK [Figure out whether to deploy the module vrf on current device] ***********
ok: [r2]

TASK [Find configuration template for vrf] *************************************
skipping: [r2]

TASK [fail] ********************************************************************
skipping: [r2]

TASK [Find configuration deployment deploy_script for vrf] *********************
skipping: [r2]

TASK [Print deployed configuration when running in verbose mode] ***************
skipping: [r2]

TASK [Deploy vrf configuration] ************************************************
skipping: [r2]

TASK [Figure out whether to deploy the module ospf on current device] **********
ok: [srv]

TASK [Find configuration template for ospf] ************************************
ok: [srv]

TASK [fail] ********************************************************************
skipping: [srv]

TASK [Find configuration deployment deploy_script for ospf] ********************
ok: [srv]

TASK [Print deployed configuration when running in verbose mode] ***************
ok: [srv] => {
    "msg": "ospf configuration for srv\n=========================================\n!\n! OSPFv2 FRR configuration\n!\nrouter ospf\n ospf router-id 10.0.0.4\n timers throttle spf 10 50 500\n timers throttle lsa all 100\n timers lsa min-arrival 100\n\n\nexit\n!\ninterface lo\n! \n ip ospf area 0.0.0.0\n!\ninterface eth1\n! srv -> dut\n ip ospf area 0.0.0.0\n ip ospf network point-to-point\n!\n\n!\ndo write\n"
}

TASK [Deploy ospf configuration] ***********************************************
included: /home/pipi/netlab_gh/netsim/ansible/tasks/deploy-config/frr.yml for srv

TASK [template] ****************************************************************
changed: [srv]

TASK [set_fact] ****************************************************************
ok: [srv]

TASK [run /tmp/config.sh to deploy ospf config from /work/netlab_cicd/hogs/node_files/srv/ospf] ***
skipping: [srv]

TASK [run vtysh to import ospf config from /work/netlab_cicd/hogs/node_files/srv/ospf] ***
changed: [srv]

TASK [Figure out whether to deploy the module vrf on current device] ***********
ok: [srv]

TASK [Find configuration template for vrf] *************************************
skipping: [srv]

TASK [fail] ********************************************************************
skipping: [srv]

TASK [Find configuration deployment deploy_script for vrf] *********************
skipping: [srv]

TASK [Print deployed configuration when running in verbose mode] ***************
skipping: [srv]

TASK [Deploy vrf configuration] ************************************************
skipping: [srv]

PLAY [Deploy custom deployment templates] **************************************
skipping: no hosts matched

PLAY RECAP *********************************************************************
dut                        : ok=31   changed=2    unreachable=0    failed=0    skipped=7    rescued=0    ignored=0   
r1                         : ok=29   changed=5    unreachable=0    failed=0    skipped=15   rescued=0    ignored=0   
r2                         : ok=29   changed=5    unreachable=0    failed=0    skipped=15   rescued=0    ignored=0   
srv                        : ok=29   changed=5    unreachable=0    failed=0    skipped=15   rescued=0    ignored=0   


Warning: The following warnings were generated during the 'netlab initial' processing
Warning: ansible: You're using Ansible version 12.x or higher; netlab might not work correctly
[CREATED] dut: initial,ospf,vrf
[CREATED] r1: initial,ospf
[CREATED] r2: initial,ospf
[CREATED] srv: initial,ospf


The device under test has two user VRFs and a common services VRF.
Routers are attached to those interfaces and run OSPF with device under test.

* r1 and r2 should be able to ping srv but not each other

