/home/pipi/.local/lib/python3.10/site-packages/paramiko/pkey.py:100: CryptographyDeprecationWarning: TripleDES has been moved to cryptography.hazmat.decrepit.ciphers.algorithms.TripleDES and will be removed from cryptography.hazmat.primitives.ciphers.algorithms in 48.0.0.
  "cipher": algorithms.TripleDES,
/home/pipi/.local/lib/python3.10/site-packages/paramiko/transport.py:259: CryptographyDeprecationWarning: TripleDES has been moved to cryptography.hazmat.decrepit.ciphers.algorithms.TripleDES and will be removed from cryptography.hazmat.primitives.ciphers.algorithms in 48.0.0.
  "class": algorithms.TripleDES,
[WARNING]: Could not match supplied host pattern, ignoring: unprovisioned
[WARNING]: Found variable using reserved name: hosts

PLAY [Deploy initial device configuration] *************************************

TASK [Set variables that cannot be set with VARS] ******************************
ok: [r1]
ok: [r2]
ok: [srv]
ok: [dut]

TASK [Find device readiness script] ********************************************
ok: [r1]
ok: [r2]
ok: [srv]
ok: [dut]

TASK [Wait for device to become ready] *****************************************
skipping: [r1]
skipping: [r2]
skipping: [srv]
included: /home/pipi/net101/tools/netsim/ansible/tasks/readiness-check/vptx.yml for dut

TASK [Wait for et-0/0/0 to appear] *********************************************
ok: [dut]

TASK [Normalize config on bridge-like devices] *********************************
included: /home/pipi/net101/tools/netsim/ansible/tasks/deploy-module.yml for dut, r1, r2, srv

TASK [Figure out whether to deploy the module normalize on current device] *****
ok: [r1]
ok: [r2]
ok: [dut]
ok: [srv]

TASK [Find configuration template for normalize] *******************************
ok: [r1]
ok: [r2]
ok: [srv]
ok: [dut]

TASK [fail] ********************************************************************
skipping: [dut]
skipping: [r1]
skipping: [r2]
skipping: [srv]

TASK [Find configuration deployment deploy_script for normalize] ***************
ok: [r1]
ok: [r2]
ok: [dut]
ok: [srv]

TASK [Print deployed configuration when running in verbose mode] ***************
skipping: [dut]
skipping: [r1]
skipping: [r2]
skipping: [srv]

TASK [Deploy normalize configuration] ******************************************
skipping: [dut]
skipping: [r1]
skipping: [r2]
skipping: [srv]

TASK [Deploy initial configuration] ********************************************
included: /home/pipi/net101/tools/netsim/ansible/tasks/deploy-module.yml for dut, r1, r2, srv

TASK [Figure out whether to deploy the module initial on current device] *******
ok: [r1]
ok: [r2]
ok: [srv]
ok: [dut]

TASK [Find configuration template for initial] *********************************
ok: [r1]
ok: [r2]
ok: [dut]
ok: [srv]

TASK [fail] ********************************************************************
skipping: [dut]
skipping: [r1]
skipping: [r2]
skipping: [srv]

TASK [Find configuration deployment deploy_script for initial] *****************
ok: [r1]
ok: [r2]
ok: [srv]
ok: [dut]

TASK [Print deployed configuration when running in verbose mode] ***************
ok: [r1] => 
  msg: |-
    initial configuration for r1
    =========================================
    #!/bin/bash
    #
    set -e
    set -x
    #
    # Create bash profile script
    #
    cat <<SCRIPT >/root/.bash_profile
    #!/bin/bash
    #
    export PS1="\h(bash)# "
    echo
    echo "Use vtysh to connect to FRR daemon"
    echo
    SCRIPT
    #
    # This is an artifact of unknown provenance that should be removed in a year or two (= 2026/2027)
    #
    # FRR controls these parameters with 'ip forwarding' and 'ipv6 forwarding' commands
    #
    sysctl -w net.ipv4.ip_forward=1
    sysctl -w net.ipv6.conf.all.forwarding=0
    #
    #
    # Get the current next hop for the default route
    #
    def_nh=$(ip route list default|awk '{ print $3 }')
    #
    # Create the management VRF and add eth0 to it
    #
    if [ ! -e /sys/devices/virtual/net/mgmt ]; then
      ip link add mgmt type vrf table 42
    fi
    ip link set mgmt up
    sysctl -qw net.ipv6.conf.eth0.keep_addr_on_down=1
    ip link set eth0 master mgmt
    #
    # Reinstall the default route if we had it before
    #
    if [[ -n "$def_nh" ]]; then
      ip route add 0.0.0.0/0 vrf mgmt via $def_nh
    fi
    #
    # Enable FRR modules (if not using containerlab bind-mounted /etc/frr/daemons)
    #
  
    # Set system defaults
    #
    # Send ARP requests from a sane source IP address
    #
    sysctl -w net.ipv4.conf.all.arp_announce=2
  
    #
    # Create loopbacks, stub and lag/bond devices
    #
    if [ ! -e /sys/class/net/lo ]; then
      if [ ! -e /sys/devices/virtual/net/lo ]; then
        ip link add lo type dummy
        ip link set dev lo up
      fi
    fi
  
    # Disable IPv6 (for IPv4-only interfaces) or SLAAC (if the device is a router)
    #
    ip link set eth1 down
    sysctl -qw net.ipv6.conf.eth1.disable_ipv6=1
    ip link set dev eth1 mtu 1500
    ip link set eth1 up
  
    #
    # Add vtysh.conf file
    echo "service integrated-vtysh-config" >/etc/frr/vtysh.conf
  
    #
    # Rest of initial configuration done through VTYSH
    #
    cat >/tmp/config <<CONFIG
    hostname r1
    !
    ip forwarding
    vrf mgmt
     exit-vrf
    !
    frr defaults datacenter
    !
    interface lo
     no shutdown
     ip address 10.0.0.2/32
    !
    interface eth1
     no shutdown
     description r1 -> dut
     ip address 10.1.0.2/30
    !
    do write
    CONFIG
    vtysh -f /tmp/config
    exit 0
ok: [r2] => 
  msg: |-
    initial configuration for r2
    =========================================
    #!/bin/bash
    #
    set -e
    set -x
    #
    # Create bash profile script
    #
    cat <<SCRIPT >/root/.bash_profile
    #!/bin/bash
    #
    export PS1="\h(bash)# "
    echo
    echo "Use vtysh to connect to FRR daemon"
    echo
    SCRIPT
    #
    # This is an artifact of unknown provenance that should be removed in a year or two (= 2026/2027)
    #
    # FRR controls these parameters with 'ip forwarding' and 'ipv6 forwarding' commands
    #
    sysctl -w net.ipv4.ip_forward=1
    sysctl -w net.ipv6.conf.all.forwarding=0
    #
    #
    # Get the current next hop for the default route
    #
    def_nh=$(ip route list default|awk '{ print $3 }')
    #
    # Create the management VRF and add eth0 to it
    #
    if [ ! -e /sys/devices/virtual/net/mgmt ]; then
      ip link add mgmt type vrf table 42
    fi
    ip link set mgmt up
    sysctl -qw net.ipv6.conf.eth0.keep_addr_on_down=1
    ip link set eth0 master mgmt
    #
    # Reinstall the default route if we had it before
    #
    if [[ -n "$def_nh" ]]; then
      ip route add 0.0.0.0/0 vrf mgmt via $def_nh
    fi
    #
    # Enable FRR modules (if not using containerlab bind-mounted /etc/frr/daemons)
    #
  
    # Set system defaults
    #
    # Send ARP requests from a sane source IP address
    #
    sysctl -w net.ipv4.conf.all.arp_announce=2
  
    #
    # Create loopbacks, stub and lag/bond devices
    #
    if [ ! -e /sys/class/net/lo ]; then
      if [ ! -e /sys/devices/virtual/net/lo ]; then
        ip link add lo type dummy
        ip link set dev lo up
      fi
    fi
  
    # Disable IPv6 (for IPv4-only interfaces) or SLAAC (if the device is a router)
    #
    ip link set eth1 down
    sysctl -qw net.ipv6.conf.eth1.disable_ipv6=1
    ip link set dev eth1 mtu 1500
    ip link set eth1 up
  
    #
    # Add vtysh.conf file
    echo "service integrated-vtysh-config" >/etc/frr/vtysh.conf
  
    #
    # Rest of initial configuration done through VTYSH
    #
    cat >/tmp/config <<CONFIG
    hostname r2
    !
    ip forwarding
    vrf mgmt
     exit-vrf
    !
    frr defaults datacenter
    !
    interface lo
     no shutdown
     ip address 10.0.0.3/32
    !
    interface eth1
     no shutdown
     description r2 -> dut
     ip address 10.1.0.6/30
    !
    do write
    CONFIG
    vtysh -f /tmp/config
    exit 0
ok: [srv] => 
  msg: |-
    initial configuration for srv
    =========================================
    #!/bin/bash
    #
    set -e
    set -x
    #
    # Create bash profile script
    #
    cat <<SCRIPT >/root/.bash_profile
    #!/bin/bash
    #
    export PS1="\h(bash)# "
    echo
    echo "Use vtysh to connect to FRR daemon"
    echo
    SCRIPT
    #
    # This is an artifact of unknown provenance that should be removed in a year or two (= 2026/2027)
    #
    # FRR controls these parameters with 'ip forwarding' and 'ipv6 forwarding' commands
    #
    sysctl -w net.ipv4.ip_forward=1
    sysctl -w net.ipv6.conf.all.forwarding=0
    #
    #
    # Get the current next hop for the default route
    #
    def_nh=$(ip route list default|awk '{ print $3 }')
    #
    # Create the management VRF and add eth0 to it
    #
    if [ ! -e /sys/devices/virtual/net/mgmt ]; then
      ip link add mgmt type vrf table 42
    fi
    ip link set mgmt up
    sysctl -qw net.ipv6.conf.eth0.keep_addr_on_down=1
    ip link set eth0 master mgmt
    #
    # Reinstall the default route if we had it before
    #
    if [[ -n "$def_nh" ]]; then
      ip route add 0.0.0.0/0 vrf mgmt via $def_nh
    fi
    #
    # Enable FRR modules (if not using containerlab bind-mounted /etc/frr/daemons)
    #
  
    # Set system defaults
    #
    # Send ARP requests from a sane source IP address
    #
    sysctl -w net.ipv4.conf.all.arp_announce=2
  
    #
    # Create loopbacks, stub and lag/bond devices
    #
    if [ ! -e /sys/class/net/lo ]; then
      if [ ! -e /sys/devices/virtual/net/lo ]; then
        ip link add lo type dummy
        ip link set dev lo up
      fi
    fi
  
    # Disable IPv6 (for IPv4-only interfaces) or SLAAC (if the device is a router)
    #
    ip link set eth1 down
    sysctl -qw net.ipv6.conf.eth1.disable_ipv6=1
    ip link set dev eth1 mtu 1500
    ip link set eth1 up
  
    #
    # Add vtysh.conf file
    echo "service integrated-vtysh-config" >/etc/frr/vtysh.conf
  
    #
    # Rest of initial configuration done through VTYSH
    #
    cat >/tmp/config <<CONFIG
    hostname srv
    !
    ip forwarding
    vrf mgmt
     exit-vrf
    !
    frr defaults datacenter
    !
    interface lo
     no shutdown
     ip address 10.0.0.4/32
    !
    interface eth1
     no shutdown
     description srv -> dut [external]
     ip address 10.1.0.10/30
    !
    do write
    CONFIG
    vtysh -f /tmp/config
    exit 0
ok: [dut] => 
  msg: |-
    initial configuration for dut
    =========================================
    system {
      host-name dut;
      static-host-mapping {
        r1 inet 10.0.0.2;
        r2 inet 10.0.0.3;
        srv inet 10.0.0.4;
      }
    }
  
  
  
  
  
  
  
  
  
  
  
  
  
  
    policy-options {
      community tg_65000_1 members target:65000:1;
      community tg_65000_3 members target:65000:3;
      community tg_65000_2 members target:65000:2;
    }
  
  
  
    policy-options {
      policy-statement vrf-red-rt-export {
        term 1 {
          then {
            community add tg_65000_1;
            accept;
          }
        }
      }
  
  
  
  
      policy-statement vrf-red-rt-import {
        term 1 {
          from community [ tg_65000_1 tg_65000_3 ];
          then accept;
        }
        term default {
          then reject;
        }
      }
      policy-statement vrf-blue-rt-export {
        term 1 {
          then {
            community add tg_65000_2;
            accept;
          }
        }
      }
  
  
  
  
      policy-statement vrf-blue-rt-import {
        term 1 {
          from community [ tg_65000_2 tg_65000_3 ];
          then accept;
        }
        term default {
          then reject;
        }
      }
      policy-statement vrf-common-rt-export {
        term 1 {
          then {
            community add tg_65000_3;
            accept;
          }
        }
      }
  
  
  
  
  
      policy-statement vrf-common-rt-import {
        term 1 {
          from community [ tg_65000_1 tg_65000_2 tg_65000_3 ];
          then accept;
        }
        term default {
          then reject;
        }
      }
    }
  
    routing-instances {
  
      red {
        instance-type vrf;
        route-distinguisher 65000:1;
  
        vrf-import vrf-red-rt-import;
        vrf-export vrf-red-rt-export;
  
        routing-options {
          auto-export;
        }
  
        interface et-0/0/0.0;
  
      }
  
  
      blue {
        instance-type vrf;
        route-distinguisher 65000:2;
  
        vrf-import vrf-blue-rt-import;
        vrf-export vrf-blue-rt-export;
  
        routing-options {
          auto-export;
        }
  
        interface et-0/0/1.0;
  
      }
  
  
      common {
        instance-type vrf;
        route-distinguisher 65000:3;
  
        vrf-import vrf-common-rt-import;
        vrf-export vrf-common-rt-export;
  
        routing-options {
          auto-export;
        }
  
        interface et-0/0/2.0;
  
      }
  
    }
    interfaces {
      et-0/0/0 {
        mtu 1514;
      }
      et-0/0/1 {
        mtu 1514;
      }
      et-0/0/2 {
        mtu 1514;
      }
  
      lo0.0 {
  
          family inet {
            address 10.0.0.1/32;
          }
  
      }
      et-0/0/0.0 {
        description "dut -> r1";
  
          family inet {
            address 10.1.0.1/30;
          }
  
      }
      et-0/0/1.0 {
        description "dut -> r2";
  
          family inet {
            address 10.1.0.5/30;
          }
  
      }
      et-0/0/2.0 {
        description "dut -> srv [external]";
  
          family inet {
            address 10.1.0.9/30;
          }
  
      }
    }
    protocols {
      lldp {
        interface re0:mgmt-0 {
          disable;
        }
        interface all;
      }
    }

TASK [Deploy initial configuration] ********************************************
included: /home/pipi/net101/tools/netsim/ansible/tasks/deploy-config/junos.yml for dut
included: /home/pipi/net101/tools/netsim/ansible/tasks/frr/initial-clab.yml for r1, r2, srv

TASK [junos_config: deploying initial from /home/pipi/net101/tools/netsim/ansible/templates/initial/junos.j2] ***
changed: [dut]

TASK [Attempt to load VRF kernel module] ***************************************
changed: [r1 -> localhost]

TASK [Disable FRR management VRF when modprobe fails] **************************
skipping: [r1]
skipping: [r2]
skipping: [srv]

TASK [include_tasks] ***********************************************************
included: /home/pipi/net101/tools/netsim/ansible/tasks/frr/deploy-config.yml for r1, r2, srv

TASK [template] ****************************************************************
changed: [r2]
changed: [r1]
changed: [srv]

TASK [set_fact] ****************************************************************
ok: [r1]
ok: [r2]
ok: [srv]

TASK [run /tmp/config.sh to deploy initial config from /home/pipi/net101/tools/netsim/ansible/templates/initial/frr.j2] ***
changed: [r1]
changed: [r2]
changed: [srv]

TASK [run vtysh to import initial config from /home/pipi/net101/tools/netsim/ansible/templates/initial/frr.j2] ***
skipping: [r1]
skipping: [r2]
skipping: [srv]

PLAY [Deploy module-specific configurations] ***********************************

TASK [Set variables that cannot be set with VARS] ******************************
ok: [r1]
ok: [r2]
ok: [srv]
ok: [dut]

TASK [Deploy individual configuration modules] *********************************
included: /home/pipi/net101/tools/netsim/ansible/tasks/deploy-module.yml for dut, r1, r2, srv => (item=ospf)
included: /home/pipi/net101/tools/netsim/ansible/tasks/deploy-module.yml for dut, r1, r2, srv => (item=bgp)
included: /home/pipi/net101/tools/netsim/ansible/tasks/deploy-module.yml for dut, r1, r2, srv => (item=vrf)

TASK [Figure out whether to deploy the module ospf on current device] **********
ok: [r1]
ok: [r2]
ok: [srv]
ok: [dut]

TASK [Find configuration template for ospf] ************************************
skipping: [srv]
ok: [r1]
ok: [r2]
ok: [dut]

TASK [fail] ********************************************************************
skipping: [dut]
skipping: [r1]
skipping: [r2]
skipping: [srv]

TASK [Find configuration deployment deploy_script for ospf] ********************
skipping: [srv]
ok: [r1]
ok: [r2]
ok: [dut]

TASK [Print deployed configuration when running in verbose mode] ***************
skipping: [srv]
ok: [dut] => 
  msg: |-
    ospf configuration for dut
    =========================================
ok: [r1] => 
  msg: |-
    ospf configuration for r1
    =========================================
    !
    ! OSPFv2 FRR configuration
    !
    router ospf
     ospf router-id 10.0.0.2
     timers throttle spf 10 50 500
     timers throttle lsa all 100
     timers lsa min-arrival 100
  
  
    exit
    !
    interface lo
    !
     ip ospf area 0.0.0.0
    !
    interface eth1
    ! r1 -> dut
     ip ospf area 0.0.0.0
     ip ospf network point-to-point
    !
  
    !
    do write
ok: [r2] => 
  msg: |-
    ospf configuration for r2
    =========================================
    !
    ! OSPFv2 FRR configuration
    !
    router ospf
     ospf router-id 10.0.0.3
     timers throttle spf 10 50 500
     timers throttle lsa all 100
     timers lsa min-arrival 100
  
  
    exit
    !
    interface lo
    !
     ip ospf area 0.0.0.0
    !
    interface eth1
    ! r2 -> dut
     ip ospf area 0.0.0.0
     ip ospf network point-to-point
    !
  
    !
    do write

TASK [Deploy ospf configuration] ***********************************************
skipping: [srv]
included: /home/pipi/net101/tools/netsim/ansible/tasks/deploy-config/junos.yml for dut
included: /home/pipi/net101/tools/netsim/ansible/tasks/deploy-config/frr.yml for r1, r2

TASK [junos_config: deploying ospf from /home/pipi/net101/tools/netsim/ansible/templates/ospf/junos.j2] ***
ok: [dut]

TASK [template] ****************************************************************
changed: [r1]
changed: [r2]

TASK [set_fact] ****************************************************************
ok: [r1]
ok: [r2]

TASK [run /tmp/config.sh to deploy ospf config from /home/pipi/net101/tools/netsim/ansible/templates/ospf/frr.j2] ***
skipping: [r1]
skipping: [r2]

TASK [run vtysh to import ospf config from /home/pipi/net101/tools/netsim/ansible/templates/ospf/frr.j2] ***
changed: [r1]
changed: [r2]

TASK [Figure out whether to deploy the module bgp on current device] ***********
ok: [r1]
ok: [r2]
ok: [srv]
ok: [dut]

TASK [Find configuration template for bgp] *************************************
skipping: [r1]
skipping: [r2]
ok: [srv]
ok: [dut]

TASK [fail] ********************************************************************
skipping: [dut]
skipping: [r1]
skipping: [r2]
skipping: [srv]

TASK [Find configuration deployment deploy_script for bgp] *********************
skipping: [r1]
skipping: [r2]
ok: [srv]
ok: [dut]

TASK [Print deployed configuration when running in verbose mode] ***************
skipping: [r1]
skipping: [r2]
ok: [dut] => 
  msg: |-
    bgp configuration for dut
    =========================================
  
    routing-options {
      autonomous-system 65000;
      router-id 10.0.0.1
    }
  
  
    policy-options community x-route-permit-mark members large:65535:0:65536;
  
    policy-options {
      delete: policy-statement bgp-advertise;
      delete: policy-statement bgp-redistribute;
      delete: route-filter-list bgp-announce;
    }
  
    policy-options {
  
      route-filter-list bgp-announce {
      }
  
      policy-statement next-hop-self {
        term next-hop-self {
          from {
            route-type external;
          }
          then {
            next-hop self;
          }
        }
      }
  
      policy-statement bgp-advertise {
        term advertise {
          from {
            protocol direct;
            interface [
               lo0.0  ];
          }
          then {
            community add x-route-permit-mark;
            next policy;
          }
        }
  
        term originate {
          from {
            protocol static;
            route-filter-list bgp-announce;
          }
          then {
            community add x-route-permit-mark;
            next policy;
          }
        }
  
      }
  
      policy-statement bgp-redistribute {
        term redis_bgp {
          from protocol bgp;
          then {
            community add x-route-permit-mark;
            next policy;
          }
        }
      }
  
      policy-statement bgp-final {
        term final-option {
          from community x-route-permit-mark;
          then {
            community delete x-route-permit-mark;
            accept;
          }
        }
        term default-reject {
          then reject;
        }
      }
  
      policy-statement bgp-initial {
        term initial-cleanup {
          from community x-route-permit-mark;
          then {
            community delete x-route-permit-mark;
            next policy;
          }
        }
      }
  
    }
    protocols {
      delete: bgp;
    }
    protocols {
      bgp {
        group ibgp-peers-ipv4 {
          type internal;
          export [
              next-hop-self
              bgp-advertise bgp-redistribute bgp-final
            ];
          advertise-inactive;
        }
        group ebgp-peers {
          export [
              bgp-advertise bgp-redistribute bgp-final
            ];
          advertise-inactive;
        }
      }
    }
ok: [srv] => 
  msg: |-
    bgp configuration for srv
    =========================================
    !
    router bgp 65100
      no bgp ebgp-requires-policy
      no bgp default ipv4-unicast
      bgp default show-hostname
      bgp default show-nexthop-hostname
      ! Consider AS paths of same length but with different AS as ECMP candidates
      bgp bestpath as-path multipath-relax
  
      bgp router-id 10.0.0.4
    !
      neighbor 10.1.0.9 remote-as 65000
      neighbor 10.1.0.9 description dut
    !
     address-family ipv4 unicast
    !
  
    !
      network 10.0.0.4/32
    !
    !
    !
      neighbor 10.1.0.9 activate
      no neighbor 10.1.0.9 send-community all
      neighbor 10.1.0.9 send-community standard
      neighbor 10.1.0.9 send-community large
    !
    !
    !
    do write

TASK [Deploy bgp configuration] ************************************************
skipping: [r1]
skipping: [r2]
included: /home/pipi/net101/tools/netsim/ansible/tasks/deploy-config/junos.yml for dut
included: /home/pipi/net101/tools/netsim/ansible/tasks/deploy-config/frr.yml for srv

TASK [junos_config: deploying bgp from /home/pipi/net101/tools/netsim/ansible/templates/bgp/junos.j2] ***
[WARNING]:  statement not found
changed: [dut]

TASK [template] ****************************************************************
changed: [srv]

TASK [set_fact] ****************************************************************
ok: [srv]

TASK [run /tmp/config.sh to deploy bgp config from /home/pipi/net101/tools/netsim/ansible/templates/bgp/frr.j2] ***
skipping: [srv]

TASK [run vtysh to import bgp config from /home/pipi/net101/tools/netsim/ansible/templates/bgp/frr.j2] ***
changed: [srv]

TASK [Figure out whether to deploy the module vrf on current device] ***********
ok: [r1]
ok: [r2]
ok: [srv]
ok: [dut]

TASK [Find configuration template for vrf] *************************************
skipping: [r1]
skipping: [r2]
skipping: [srv]
ok: [dut]

TASK [fail] ********************************************************************
skipping: [dut]
skipping: [r1]
skipping: [r2]
skipping: [srv]

TASK [Find configuration deployment deploy_script for vrf] *********************
skipping: [r1]
skipping: [r2]
skipping: [srv]
ok: [dut]

TASK [Print deployed configuration when running in verbose mode] ***************
skipping: [r1]
skipping: [r2]
skipping: [srv]
ok: [dut] => 
  msg: |-
    vrf configuration for dut
    =========================================
  
  
    policy-options {
      community x-route-permit-mark members large:65535:0:65536;
  
      policy-statement vrf-red-bgp-export {
        term redis_bgp {
          from {
            protocol bgp;
          }
          then {
            community add x-route-permit-mark;
            next policy;
          }
        }
        term redis_direct {
          from {
            protocol direct;
          }
          then {
            community add x-route-permit-mark;
            next policy;
          }
        }
        term redis_ospf {
          from {
            protocol ospf;
          }
          then {
            community add x-route-permit-mark;
            next policy;
          }
        }
        term redis_ospf3 {
          from {
            protocol ospf3;
          }
          then {
            community add x-route-permit-mark;
            next policy;
          }
        }
      }
  
  
      policy-statement vrf-blue-bgp-export {
        term redis_bgp {
          from {
            protocol bgp;
          }
          then {
            community add x-route-permit-mark;
            next policy;
          }
        }
        term redis_direct {
          from {
            protocol direct;
          }
          then {
            community add x-route-permit-mark;
            next policy;
          }
        }
        term redis_ospf {
          from {
            protocol ospf;
          }
          then {
            community add x-route-permit-mark;
            next policy;
          }
        }
        term redis_ospf3 {
          from {
            protocol ospf3;
          }
          then {
            community add x-route-permit-mark;
            next policy;
          }
        }
      }
  
  
      policy-statement vrf-common-bgp-export {
        term redis_bgp {
          from {
            protocol bgp;
          }
          then {
            community add x-route-permit-mark;
            next policy;
          }
        }
        term redis_direct {
          from {
            protocol direct;
          }
          then {
            community add x-route-permit-mark;
            next policy;
          }
        }
        term redis_ospf {
          from {
            protocol ospf;
          }
          then {
            community add x-route-permit-mark;
            next policy;
          }
        }
        term redis_ospf3 {
          from {
            protocol ospf3;
          }
          then {
            community add x-route-permit-mark;
            next policy;
          }
        }
      }
  
    }
  
  
    routing-instances {
  
      red {
        routing-options {
          autonomous-system 65000;
          router-id 10.0.0.1
        }
  
        protocols {
          bgp {
  
            group ebgp-peers {
              export [ vrf-red-bgp-export bgp-final ];
              advertise-inactive;
            }
          }
        }
      }
  
  
      blue {
        routing-options {
          autonomous-system 65000;
          router-id 10.0.0.1
        }
  
        protocols {
          bgp {
  
            group ebgp-peers {
              export [ vrf-blue-bgp-export bgp-final ];
              advertise-inactive;
            }
          }
        }
      }
  
  
      common {
        routing-options {
          autonomous-system 65000;
          router-id 10.0.0.1
        }
  
        protocols {
          bgp {
  
            group ebgp-peers {
              export [ vrf-common-bgp-export bgp-final ];
              advertise-inactive;
              neighbor 10.1.0.10 {
  
                peer-as 65100;
                description srv;
              }
            }
          }
        }
      }
  
    }
    routing-instances {
      red {
        routing-options {
          router-id 10.100.0.100
        }
      }
    }
  
  
  
    policy-options {
      policy-statement vrf-red-ospf-export {
        term redis_direct {
          from {
            protocol direct;
          }
          then accept;
        }
        term redis_bgp {
          from protocol bgp;
          then {
            accept;
          }
        }
        term redis_local_target {
          from community [ tg_65000_1 tg_65000_3 ];
          then accept;
        }
      }
    }
    routing-instances {
      red {
    protocols {
      delete: ospf;
    }
  
    protocols {
      ospf {
        export vrf-red-ospf-export;
        area 0.0.0.0 {
          interface et-0/0/0.0 {
            interface-type p2p;
          }
        }
      }
    }
    } }
  
    routing-instances {
      blue {
        routing-options {
          router-id 10.100.0.101
        }
      }
    }
  
  
  
    policy-options {
      policy-statement vrf-blue-ospf-export {
        term redis_direct {
          from {
            protocol direct;
          }
          then accept;
        }
        term redis_bgp {
          from protocol bgp;
          then {
            accept;
          }
        }
        term redis_local_target {
          from community [ tg_65000_2 tg_65000_3 ];
          then accept;
        }
      }
    }
    routing-instances {
      blue {
    protocols {
      delete: ospf;
    }
  
    protocols {
      ospf {
        export vrf-blue-ospf-export;
        area 0.0.0.0 {
          interface et-0/0/1.0 {
            interface-type p2p;
          }
        }
      }
    }
    } }

TASK [Deploy vrf configuration] ************************************************
skipping: [r1]
skipping: [r2]
skipping: [srv]
included: /home/pipi/net101/tools/netsim/ansible/tasks/deploy-config/junos.yml for dut

TASK [junos_config: deploying vrf from /home/pipi/net101/tools/netsim/ansible/templates/vrf/junos.j2] ***
changed: [dut]

PLAY [Deploy custom deployment templates] **************************************
skipping: no hosts matched

PLAY RECAP *********************************************************************
dut                        : ok=37   changed=3    unreachable=0    failed=0    skipped=7    rescued=0    ignored=0   
r1                         : ok=31   changed=5    unreachable=0    failed=0    skipped=19   rescued=0    ignored=0   
r2                         : ok=30   changed=4    unreachable=0    failed=0    skipped=19   rescued=0    ignored=0   
srv                        : ok=30   changed=4    unreachable=0    failed=0    skipped=19   rescued=0    ignored=0   



The device under test has two user VRFs and a common services VRF.
Routers are attached to those interfaces and run OSPF or BGP with device under test.

* r1 and r2 should be able to ping srv but not each other

