Creating Device configuration snippets
[CREATED] dut: initial,ospf,bgp,evpn
[CREATED] s1: normalize,initial,vlan,ospf,bgp,vxlan,evpn,_n_s1
[CREATED] s2: initial,vlan,ospf,bgp,vxlan,evpn
[CREATED] h1: initial,routing
[CREATED] h2: initial,routing
Checking Are lab devices ready to be configured?
 [INFO] Checking SSH server(s) on s1
 [INFO] Checking lab devices with an Ansible playbook
[WARNING]: Found variable using reserved name: hosts

PLAY [Wait for SSH servers] ****************************************************

PLAY [Wait for device-specific conditions] *************************************

TASK [Set variables that cannot be set with VARS] ******************************
ok: [dut]

TASK [Find device readiness script] ********************************************
ok: [dut]

TASK [Wait for device to become ready] *****************************************
included: /home/pipi/net101/tools/netsim/ansible/tasks/readiness-check/vyos-clab.yml for dut

TASK [wait_for_connection] *****************************************************
ok: [dut]

TASK [wait_for] ****************************************************************
ok: [dut]

PLAY RECAP *********************************************************************
dut                        : ok=5    changed=0    unreachable=0    failed=0    skipped=0    rescued=0    ignored=0   

Config Deploying device configurations
 [INFO] Executing normalize configuration for node s1
 [INFO] Executing initial configuration for node s2
 [INFO] Executing initial configuration for node h1 (namespace clab-
          ml-17-h1)
 [INFO] Executing initial configuration for node h2 (namespace clab-
          ml-17-h2)
 [INFO] Executing initial configuration for node s1
 [INFO] Executing vlan configuration for node s1
 [INFO] Executing ospf configuration for node s1
 [INFO] Executing bgp configuration for node s1
 [INFO] Executing routing configuration for node h1 (namespace clab-
          ml-17-h1)
 [INFO] Executing routing configuration for node h2 (namespace clab-
          ml-17-h2)
 [INFO] Executing vlan configuration for node s2
 [INFO] Executing ospf configuration for node s2
 [INFO] Executing bgp configuration for node s2
 [INFO] Executing vxlan configuration for node s2
 [INFO] Executing evpn configuration for node s2
 [INFO] Executing vxlan configuration for node s1
 [INFO] Executing evpn configuration for node s1
 [INFO] Executing _n_s1 configuration for node s1
 [INFO] Starting Ansible playbook to deploy the rest of the
          configurations
[WARNING]: Found variable using reserved name: hosts

PLAY [Deploy initial device configuration] *************************************

TASK [Set variables that cannot be set with VARS] ******************************
ok: [dut]

TASK [Normalize config on bridge-like devices] *********************************
included: /home/pipi/net101/tools/netsim/ansible/tasks/deploy-module.yml for dut

TASK [Figure out whether to deploy the module normalize on current device] *****
ok: [dut]

TASK [Find configuration template for normalize] *******************************
ok: [dut]

TASK [fail] ********************************************************************
skipping: [dut]

TASK [Find configuration deployment deploy_script for normalize] ***************
ok: [dut]

TASK [Print deployed configuration when running in verbose mode] ***************
skipping: [dut]

TASK [Deploy normalize configuration] ******************************************
skipping: [dut]

TASK [Deploy initial configuration] ********************************************
included: /home/pipi/net101/tools/netsim/ansible/tasks/deploy-module.yml for dut

TASK [Figure out whether to deploy the module initial on current device] *******
ok: [dut]

TASK [Find configuration template for initial] *********************************
ok: [dut]

TASK [fail] ********************************************************************
skipping: [dut]

TASK [Find configuration deployment deploy_script for initial] *****************
ok: [dut]

TASK [Print deployed configuration when running in verbose mode] ***************
ok: [dut] => {
    "msg": "initial configuration for dut\n=========================================\n#!/bin/vbash\nsource /opt/vyatta/etc/functions/script-template\n\nif [ \"$(id -g -n)\" != 'vyattacfg' ] ; then\n    exec sg vyattacfg -c \"/bin/vbash $(readlink -f $0) $@\"\nfi\n\n# Configuration items start here\n\nconfigure\nset system host-name 'dut'\n\n\nset interfaces dummy dum0 address 10.0.0.1/32\nset interfaces dummy dum0 address 2001:db8:cafe:1::1/64\n\n\n\nset interfaces ethernet eth1 description 'dut -> s1'\n\nset interfaces ethernet eth1 mtu 1600\n\nset interfaces ethernet eth1 address 10.1.0.1/30\n\nset interfaces ethernet eth1 address 2001:db8:1::1/64;\n\n\n\n\nset interfaces ethernet eth2 description 'dut -> s2'\n\nset interfaces ethernet eth2 mtu 1600\n\nset interfaces ethernet eth2 address 10.1.0.5/30\n\nset interfaces ethernet eth2 address 2001:db8:1:1::1/64;\n\n\n\nset service lldp interface all\n>/dev/null 2>/dev/null set service lldp interface eth0 disable\n>/dev/null 2>/dev/null set service lldp interface eth0 mode disable\n\nset service router-advert interface eth1\nset service router-advert interface eth2\n\nset service ssh\n\n# Commit, save and exit from subshell\n\ncommit\nsave\nexit\n\n# Restart FRR to pick up the new hostname\nsudo service frr restart\n"
}

TASK [Deploy initial configuration] ********************************************
included: /home/pipi/net101/tools/netsim/ansible/tasks/deploy-config/vyos.yml for dut

TASK [set_fact] ****************************************************************
ok: [dut]

TASK [template] ****************************************************************
changed: [dut]

TASK [execute config-initial.sh to deploy initial config from /work/netlab_cicd/node_files/dut/initial] ***
changed: [dut]

PLAY [Deploy module-specific configurations] ***********************************

TASK [Set variables that cannot be set with VARS] ******************************
ok: [dut]

TASK [Deploy individual configuration modules] *********************************
included: /home/pipi/net101/tools/netsim/ansible/tasks/deploy-module.yml for dut => (item=vlan)
included: /home/pipi/net101/tools/netsim/ansible/tasks/deploy-module.yml for dut => (item=routing)
included: /home/pipi/net101/tools/netsim/ansible/tasks/deploy-module.yml for dut => (item=ospf)
included: /home/pipi/net101/tools/netsim/ansible/tasks/deploy-module.yml for dut => (item=bgp)
included: /home/pipi/net101/tools/netsim/ansible/tasks/deploy-module.yml for dut => (item=vxlan)
included: /home/pipi/net101/tools/netsim/ansible/tasks/deploy-module.yml for dut => (item=evpn)

TASK [Figure out whether to deploy the module vlan on current device] **********
ok: [dut]

TASK [Find configuration template for vlan] ************************************
skipping: [dut]

TASK [fail] ********************************************************************
skipping: [dut]

TASK [Find configuration deployment deploy_script for vlan] ********************
skipping: [dut]

TASK [Print deployed configuration when running in verbose mode] ***************
skipping: [dut]

TASK [Deploy vlan configuration] ***********************************************
skipping: [dut]

TASK [Figure out whether to deploy the module routing on current device] *******
ok: [dut]

TASK [Find configuration template for routing] *********************************
skipping: [dut]

TASK [fail] ********************************************************************
skipping: [dut]

TASK [Find configuration deployment deploy_script for routing] *****************
skipping: [dut]

TASK [Print deployed configuration when running in verbose mode] ***************
skipping: [dut]

TASK [Deploy routing configuration] ********************************************
skipping: [dut]

TASK [Figure out whether to deploy the module ospf on current device] **********
ok: [dut]

TASK [Find configuration template for ospf] ************************************
ok: [dut]

TASK [fail] ********************************************************************
skipping: [dut]

TASK [Find configuration deployment deploy_script for ospf] ********************
ok: [dut]

TASK [Print deployed configuration when running in verbose mode] ***************
ok: [dut] => {
    "msg": "ospf configuration for dut\n=========================================\n\nset protocols ospf parameters router-id 10.0.0.1\n\n\n\n\nset protocols ospf interface dum0 passive\nset protocols ospf interface dum0 area 0.0.0.0\n\n\nset protocols ospf interface eth1 area 0.0.0.0\n\nset protocols ospf interface eth1 network point-to-point\n\n\n\nset protocols ospf interface eth2 area 0.0.0.0\n\nset protocols ospf interface eth2 network point-to-point\n\n\n\nset protocols ospfv3 parameters router-id 10.0.0.1\n\n\n\n\nset protocols ospfv3 interface dum0 passive\nset protocols ospfv3 interface dum0 area 0.0.0.0\n\n\nset protocols ospfv3 interface eth1 area 0.0.0.0\n\nset protocols ospfv3 interface eth1 network point-to-point\n\n\n\nset protocols ospfv3 interface eth2 area 0.0.0.0\n\nset protocols ospfv3 interface eth2 network point-to-point\n\n\n"
}

TASK [Deploy ospf configuration] ***********************************************
included: /home/pipi/net101/tools/netsim/ansible/tasks/deploy-config/vyos.yml for dut

TASK [set_fact] ****************************************************************
ok: [dut]

TASK [template] ****************************************************************
changed: [dut]

TASK [execute config-ospf.sh to deploy ospf config from /work/netlab_cicd/node_files/dut/ospf] ***
changed: [dut]

TASK [Figure out whether to deploy the module bgp on current device] ***********
ok: [dut]

TASK [Find configuration template for bgp] *************************************
ok: [dut]

TASK [fail] ********************************************************************
skipping: [dut]

TASK [Find configuration deployment deploy_script for bgp] *********************
ok: [dut]

TASK [Print deployed configuration when running in verbose mode] ***************
ok: [dut] => {
    "msg": "bgp configuration for dut\n=========================================\n\nset protocols bgp system-as 65000\n\nset protocols bgp parameters router-id 10.0.0.1\nset protocols bgp parameters cluster-id 10.0.0.1\n\n\n\nset protocols bgp neighbor 10.0.0.2 remote-as 65000\nset protocols bgp neighbor 10.0.0.2 description 's1'\n \nset protocols bgp neighbor 10.0.0.2 update-source dum0\n\n\n\n\nset protocols bgp neighbor 2001:db8:cafe:2::1 remote-as 65000\nset protocols bgp neighbor 2001:db8:cafe:2::1 description 's1'\n \nset protocols bgp neighbor 2001:db8:cafe:2::1 update-source dum0\n\n\n\n\nset protocols bgp neighbor 10.0.0.3 remote-as 65000\nset protocols bgp neighbor 10.0.0.3 description 's2'\n \nset protocols bgp neighbor 10.0.0.3 update-source dum0\n\n\n\n\nset protocols bgp neighbor 2001:db8:cafe:3::1 remote-as 65000\nset protocols bgp neighbor 2001:db8:cafe:3::1 description 's2'\n \nset protocols bgp neighbor 2001:db8:cafe:3::1 update-source dum0\n\n\n\n\n# Work on Family ipv4\n\n\nset protocols bgp address-family ipv4-unicast network 10.0.0.1/32\n\n\n\n\n\nset protocols bgp neighbor 10.0.0.2 address-family ipv4-unicast soft-reconfiguration inbound\n\nset protocols bgp neighbor 10.0.0.2 address-family ipv4-unicast nexthop-self\n  set protocols bgp neighbor 10.0.0.2 address-family ipv4-unicast route-reflector-client\n\n\n\n\nset protocols bgp neighbor 10.0.0.3 address-family ipv4-unicast soft-reconfiguration inbound\n\nset protocols bgp neighbor 10.0.0.3 address-family ipv4-unicast nexthop-self\n  set protocols bgp neighbor 10.0.0.3 address-family ipv4-unicast route-reflector-client\n\n\n\n\n# Work on Family ipv6\n\n\nset protocols bgp address-family ipv6-unicast network 2001:db8:cafe:1::/64\n\n\n\n\n\nset protocols bgp neighbor 2001:db8:cafe:2::1 address-family ipv6-unicast soft-reconfiguration inbound\n\nset protocols bgp neighbor 2001:db8:cafe:2::1 address-family ipv6-unicast nexthop-self\n  set protocols bgp neighbor 2001:db8:cafe:2::1 address-family ipv6-unicast route-reflector-client\n\n\n\n\nset protocols bgp neighbor 2001:db8:cafe:3::1 address-family ipv6-unicast soft-reconfiguration inbound\n\nset protocols bgp neighbor 2001:db8:cafe:3::1 address-family ipv6-unicast nexthop-self\n  set protocols bgp neighbor 2001:db8:cafe:3::1 address-family ipv6-unicast route-reflector-client\n\n\n\n\n"
}

TASK [Deploy bgp configuration] ************************************************
included: /home/pipi/net101/tools/netsim/ansible/tasks/deploy-config/vyos.yml for dut

TASK [set_fact] ****************************************************************
ok: [dut]

TASK [template] ****************************************************************
changed: [dut]

TASK [execute config-bgp.sh to deploy bgp config from /work/netlab_cicd/node_files/dut/bgp] ***
changed: [dut]

TASK [Figure out whether to deploy the module vxlan on current device] *********
ok: [dut]

TASK [Find configuration template for vxlan] ***********************************
skipping: [dut]

TASK [fail] ********************************************************************
skipping: [dut]

TASK [Find configuration deployment deploy_script for vxlan] *******************
skipping: [dut]

TASK [Print deployed configuration when running in verbose mode] ***************
skipping: [dut]

TASK [Deploy vxlan configuration] **********************************************
skipping: [dut]

TASK [Figure out whether to deploy the module evpn on current device] **********
ok: [dut]

TASK [Find configuration template for evpn] ************************************
ok: [dut]

TASK [fail] ********************************************************************
skipping: [dut]

TASK [Find configuration deployment deploy_script for evpn] ********************
ok: [dut]

TASK [Print deployed configuration when running in verbose mode] ***************
ok: [dut] => {
    "msg": "evpn configuration for dut\n=========================================\n#!/bin/vbash\nsource /opt/vyatta/etc/functions/script-template\n\nif [ \"$(id -g -n)\" != 'vyattacfg' ] ; then\n    exec sg vyattacfg -c \"/bin/vbash $(readlink -f $0) $@\"\nfi\n\n# Configuration items start here\nconfigure\n\n# Configure Generic EVPN Stuff\nset protocols bgp address-family l2vpn-evpn advertise-svi-ip\nset protocols bgp address-family l2vpn-evpn advertise-all-vni\n\nset protocols bgp neighbor 10.0.0.2 address-family l2vpn-evpn nexthop-self\nset protocols bgp neighbor 10.0.0.2 address-family l2vpn-evpn soft-reconfiguration inbound\n\nset protocols bgp neighbor 10.0.0.2 address-family l2vpn-evpn route-reflector-client\nset protocols bgp neighbor 10.0.0.3 address-family l2vpn-evpn nexthop-self\nset protocols bgp neighbor 10.0.0.3 address-family l2vpn-evpn soft-reconfiguration inbound\n\nset protocols bgp neighbor 10.0.0.3 address-family l2vpn-evpn route-reflector-client\n\n# Configure VNI params\n\n# Work on L3VNI\n\n\n# Commit, save and exit from subshell\n\ncommit\nsave\nexit\n"
}

TASK [Deploy evpn configuration] ***********************************************
included: /home/pipi/net101/tools/netsim/ansible/tasks/deploy-config/vyos.yml for dut

TASK [set_fact] ****************************************************************
ok: [dut]

TASK [template] ****************************************************************
changed: [dut]

TASK [execute config-evpn.sh to deploy evpn config from /work/netlab_cicd/node_files/dut/evpn] ***
changed: [dut]

PLAY [Deploy custom deployment templates] **************************************
skipping: no hosts matched

PLAY RECAP *********************************************************************
dut                        : ok=48   changed=8    unreachable=0    failed=0    skipped=22   rescued=0    ignored=0   

Results of configuration script deployments
================================================================================
s1                           OK: 8   
s2                           OK: 6   
h1                           OK: 2   
h2                           OK: 2   


The device under test is an EVPN route reflector. It should propagate
EVPN AF routes between PE-devices, resulting in VXLAN-based VLAN
extension.

* h1 and h2 should be able to ping each other

Please note it might take a while for the lab to work due to
STP learning phase

