time="2024-12-18T07:41:00Z" level=info msg="Containerlab v0.59.0 started"
time="2024-12-18T07:41:00Z" level=info msg="Parsing & checking topology file: clab.yml"
time="2024-12-18T07:41:00Z" level=info msg="Removing /work/netlab_cicd/clab-ml_17 directory..."
time="2024-12-18T07:41:00Z" level=info msg="Creating docker network: Name=\"nl_mgmt_17\", IPv4Subnet=\"192.168.17.0/24\", IPv6Subnet=\"\", MTU=0"
time="2024-12-18T07:41:00Z" level=info msg="Creating lab directory: /work/netlab_cicd/clab-ml_17"
time="2024-12-18T07:41:00Z" level=info msg="Creating container: \"h1\""
time="2024-12-18T07:41:00Z" level=info msg="Creating container: \"l1\""
time="2024-12-18T07:41:00Z" level=info msg="Creating container: \"l2\""
time="2024-12-18T07:41:00Z" level=info msg="Creating container: \"h2\""
time="2024-12-18T07:41:00Z" level=info msg="Creating container: \"spine\""
time="2024-12-18T07:41:01Z" level=info msg="Created link: l1:eth2 <--> h1:eth1"
time="2024-12-18T07:41:01Z" level=info msg="Created link: spine:eth1 <--> l1:eth1"
time="2024-12-18T07:41:01Z" level=info msg="Created link: spine:eth2 <--> l2:eth1"
time="2024-12-18T07:41:02Z" level=info msg="Created link: l2:eth2 <--> h2:eth1"
time="2024-12-18T07:41:02Z" level=info msg="Adding containerlab host entries to /etc/hosts file"
time="2024-12-18T07:41:02Z" level=info msg="Adding ssh config for containerlab nodes"
time="2024-12-18T07:41:02Z" level=info msg="🎉 New containerlab version 0.60.1 is available! Release notes: https://containerlab.dev/rn/0.60/#0601\nRun 'containerlab version upgrade' to upgrade or go check other installation options at https://containerlab.dev/install/\n"
+---+------------------+--------------+--------------------------------+-------+---------+-------------------+--------------+
| # |       Name       | Container ID |             Image              | Kind  |  State  |   IPv4 Address    | IPv6 Address |
+---+------------------+--------------+--------------------------------+-------+---------+-------------------+--------------+
| 1 | clab-ml_17-h1    | e7c57c845ba2 | python:3.9-alpine              | linux | running | 192.168.17.104/24 | N/A          |
| 2 | clab-ml_17-h2    | f11071b28882 | python:3.9-alpine              | linux | running | 192.168.17.105/24 | N/A          |
| 3 | clab-ml_17-l1    | fb8079e6a619 | quay.io/frrouting/frr:10.0.1   | linux | running | 192.168.17.102/24 | N/A          |
| 4 | clab-ml_17-l2    | a2c17297d709 | quay.io/frrouting/frr:10.0.1   | linux | running | 192.168.17.103/24 | N/A          |
| 5 | clab-ml_17-spine | 9c73ee8424bb | ghcr.io/sysoleg/vyos-container | linux | running | 192.168.17.101/24 | N/A          |
+---+------------------+--------------+--------------------------------+-------+---------+-------------------+--------------+
Using transformed lab topology from snapshot file netlab.snapshot.yml
Checking virtualization provider installation
OK: clab installed and working correctly
Starting clab nodes
provider clab: executing sudo -E containerlab deploy --reconfigure -t clab.yml

Initial configuration skipped, run 'netlab initial' to configure the devices
