[WARNING]: Could not match supplied host pattern, ignoring: unprovisioned

PLAY [Deploy initial device configuration] *************************************

TASK [Set variables that cannot be set with VARS] ******************************
ok: [s1]
ok: [s2]
ok: [ce1]
ok: [ce2]

TASK [Find device readiness script] ********************************************
ok: [s1]
ok: [s2]
ok: [ce1]
ok: [ce2]

TASK [Wait for device to become ready] *****************************************
skipping: [s1]
skipping: [s2]
skipping: [ce1]
skipping: [ce2]

TASK [Deploy initial configuration] ********************************************
included: /home/pipi/net101/tools/netsim/ansible/tasks/deploy-module.yml for s1, s2, ce1, ce2

TASK [Figure out whether to deploy the module initial on current device] *******
ok: [s1]
ok: [s2]
ok: [ce1]
ok: [ce2]

TASK [Find configuration template for initial] *********************************
ok: [s1]
ok: [ce1]
ok: [s2]
ok: [ce2]

TASK [Print deployed configuration when running in verbose mode] ***************
ok: [s1] => 
  msg: |-
    initial configuration for s1
    =========================================
    #!/bin/vbash
    source /opt/vyatta/etc/functions/script-template
  
    if [ "$(id -g -n)" != 'vyattacfg' ] ; then
        exec sg vyattacfg -c "/bin/vbash $(readlink -f $0) $@"
    fi
  
    # Configuration items start here
  
    configure
    set system host-name 's1'
  
    set vrf name tenant table 100
  
    set interfaces bridge br0 description 'Global Switch Bridge'
    set interfaces bridge br0 enable-vlan
  
    set interfaces bridge br0 vif 1001
    set interfaces bridge br0 vif 1000
  
    set interfaces dummy dum0 address 10.0.0.3/32
  
  
  
    set interfaces ethernet eth1 description 's1 -> s2'
  
    set interfaces ethernet eth1 mtu 1600
  
    set interfaces ethernet eth1 address 10.1.0.1/30
  
  
  
  
  
    set interfaces ethernet eth2 description 's1 -> ce1 [external]'
  
    set interfaces ethernet eth2 mtu 1500
  
    set interfaces ethernet eth2 address 10.1.0.6/30
  
  
    set interfaces ethernet eth2 vrf tenant
  
  
  
    set interfaces bridge br0 vif 1000 description 'VLAN red (1000) -> [s2]'
  
  
    set interfaces bridge br0 vif 1000 address 172.16.0.3/24
  
  
  
  
  
    set interfaces bridge br0 vif 1001 description 'VLAN blue (1001) -> [s2]'
  
  
    set interfaces bridge br0 vif 1001 address 172.16.1.3/24
  
  
  
  
    set service lldp interface all
    set service lldp interface eth0 disable
  
  
    # Commit, save and exit from subshell
  
    commit
    save
    exit
  
    # Restart FRR to pick up the new hostname
    sudo service frr restart
ok: [ce1] => 
  msg: |-
    initial configuration for ce1
    =========================================
    #!/bin/bash
    #
    set -e
    set -x
    #
    # Create bash profile script
    #
    cat <<SCRIPT >/root/.bash_profile
    #!/bin/bash
    #
    export PS1="\h(bash)#"
    echo "Use vtysh to connect to FRR daemon"
    echo
    SCRIPT
    #
    # Build hosts file
    #
    echo "# Created by netlab initial" >>/tmp/hosts
    echo "10.0.0.1 10.1.0.5 ce1" >>/tmp/hosts
    echo "10.0.0.2 10.1.0.9 ce2" >>/tmp/hosts
    echo "10.0.0.3 10.1.0.1 172.16.0.3 172.16.1.3 s1" >>/tmp/hosts
    echo "10.1.0.6 s1-tenant" >>/tmp/hosts
    echo "10.0.0.4 10.1.0.2 172.16.0.4 172.16.1.4 s2" >>/tmp/hosts
    echo "10.1.0.10 s2-tenant" >>/tmp/hosts
    grep "Created by netlab" /etc/hosts || uniq /tmp/hosts|sort >>/etc/hosts
  
    #
    # Get the current next hop for the default route
    #
    def_nh=$(ip route list default|awk '{ print $3 }')
    #
    # Create the management VRF and add eth0 to it
    #
    if [ ! -e /sys/devices/virtual/net/mgmt ]; then
      ip link add mgmt type vrf table 42
    fi
    ip link set mgmt up
    sysctl -qw net.ipv6.conf.eth0.keep_addr_on_down=1
    ip link set eth0 master mgmt
    #
    # Reinstall the default route if we had it before
    #
    if [[ -n "$def_nh" ]]; then
      ip route add 0.0.0.0/0 vrf mgmt via $def_nh
    fi
    #
    # Enable FRR modules (if not using containerlab bind-mounted /etc/frr/daemons)
    #
  
    #
    # Create loopbacks and stub devices
    #
    if [ ! -e /sys/class/net/lo ]; then
      if [ ! -e /sys/devices/virtual/net/lo ]; then
        ip link add lo type dummy
        ip link set dev lo up
      fi
    fi
  
    # Disable IPv6 (for IPv4-only interfaces) or SLAAC (if the device is a router)
    #
    sysctl -qw net.ipv6.conf.eth1.disable_ipv6=1
  
    #
    # Add vtysh.conf file
    echo "service integrated-vtysh-config" >/etc/frr/vtysh.conf
    #
    # Set Ethernet interface MTU
    ip link set eth1 mtu 1500
    #
    # Rest of initial configuration done through VTYSH
    #
    cat >/tmp/config <<CONFIG
    hostname ce1
    !
    vrf mgmt
     exit-vrf
    !
    frr defaults datacenter
    !
    interface lo
     no shutdown
     ip address 10.0.0.1/32
    !
    interface eth1
     no shutdown
     description ce1 -> s1 [external]
     ip address 10.1.0.5/30
    !
    do write
    CONFIG
    vtysh -f /tmp/config
    exit 0
ok: [ce2] => 
  msg: |-
    initial configuration for ce2
    =========================================
    #!/bin/bash
    #
    set -e
    set -x
    #
    # Create bash profile script
    #
    cat <<SCRIPT >/root/.bash_profile
    #!/bin/bash
    #
    export PS1="\h(bash)#"
    echo "Use vtysh to connect to FRR daemon"
    echo
    SCRIPT
    #
    # Build hosts file
    #
    echo "# Created by netlab initial" >>/tmp/hosts
    echo "10.0.0.1 10.1.0.5 ce1" >>/tmp/hosts
    echo "10.0.0.2 10.1.0.9 ce2" >>/tmp/hosts
    echo "10.0.0.3 10.1.0.1 172.16.0.3 172.16.1.3 s1" >>/tmp/hosts
    echo "10.1.0.6 s1-tenant" >>/tmp/hosts
    echo "10.0.0.4 10.1.0.2 172.16.0.4 172.16.1.4 s2" >>/tmp/hosts
    echo "10.1.0.10 s2-tenant" >>/tmp/hosts
    grep "Created by netlab" /etc/hosts || uniq /tmp/hosts|sort >>/etc/hosts
  
    #
    # Get the current next hop for the default route
    #
    def_nh=$(ip route list default|awk '{ print $3 }')
    #
    # Create the management VRF and add eth0 to it
    #
    if [ ! -e /sys/devices/virtual/net/mgmt ]; then
      ip link add mgmt type vrf table 42
    fi
    ip link set mgmt up
    sysctl -qw net.ipv6.conf.eth0.keep_addr_on_down=1
    ip link set eth0 master mgmt
    #
    # Reinstall the default route if we had it before
    #
    if [[ -n "$def_nh" ]]; then
      ip route add 0.0.0.0/0 vrf mgmt via $def_nh
    fi
    #
    # Enable FRR modules (if not using containerlab bind-mounted /etc/frr/daemons)
    #
  
    #
    # Create loopbacks and stub devices
    #
    if [ ! -e /sys/class/net/lo ]; then
      if [ ! -e /sys/devices/virtual/net/lo ]; then
        ip link add lo type dummy
        ip link set dev lo up
      fi
    fi
  
    # Disable IPv6 (for IPv4-only interfaces) or SLAAC (if the device is a router)
    #
    sysctl -qw net.ipv6.conf.eth1.disable_ipv6=1
  
    #
    # Add vtysh.conf file
    echo "service integrated-vtysh-config" >/etc/frr/vtysh.conf
    #
    # Set Ethernet interface MTU
    ip link set eth1 mtu 1500
    #
    # Rest of initial configuration done through VTYSH
    #
    cat >/tmp/config <<CONFIG
    hostname ce2
    !
    vrf mgmt
     exit-vrf
    !
    frr defaults datacenter
    !
    interface lo
     no shutdown
     ip address 10.0.0.2/32
    !
    interface eth1
     no shutdown
     description ce2 -> s2 [external]
     ip address 10.1.0.9/30
    !
    do write
    CONFIG
    vtysh -f /tmp/config
    exit 0
ok: [s2] => 
  msg: |-
    initial configuration for s2
    =========================================
    #!/bin/bash
    #
    set -e
    set -x
    #
    # Create bash profile script
    #
    cat <<SCRIPT >/root/.bash_profile
    #!/bin/bash
    #
    export PS1="\h(bash)#"
    echo "Use vtysh to connect to FRR daemon"
    echo
    SCRIPT
    #
    # Build hosts file
    #
    echo "# Created by netlab initial" >>/tmp/hosts
    echo "10.0.0.1 10.1.0.5 ce1" >>/tmp/hosts
    echo "10.0.0.2 10.1.0.9 ce2" >>/tmp/hosts
    echo "10.0.0.3 10.1.0.1 172.16.0.3 172.16.1.3 s1" >>/tmp/hosts
    echo "10.1.0.6 s1-tenant" >>/tmp/hosts
    echo "10.0.0.4 10.1.0.2 172.16.0.4 172.16.1.4 s2" >>/tmp/hosts
    echo "10.1.0.10 s2-tenant" >>/tmp/hosts
    grep "Created by netlab" /etc/hosts || uniq /tmp/hosts|sort >>/etc/hosts
  
    #
    # Get the current next hop for the default route
    #
    def_nh=$(ip route list default|awk '{ print $3 }')
    #
    # Create the management VRF and add eth0 to it
    #
    if [ ! -e /sys/devices/virtual/net/mgmt ]; then
      ip link add mgmt type vrf table 42
    fi
    ip link set mgmt up
    sysctl -qw net.ipv6.conf.eth0.keep_addr_on_down=1
    ip link set eth0 master mgmt
    #
    # Reinstall the default route if we had it before
    #
    if [[ -n "$def_nh" ]]; then
      ip route add 0.0.0.0/0 vrf mgmt via $def_nh
    fi
    #
    # Enable FRR modules (if not using containerlab bind-mounted /etc/frr/daemons)
    #
  
    #
    # Create loopbacks and stub devices
    #
    if [ ! -e /sys/class/net/lo ]; then
      if [ ! -e /sys/devices/virtual/net/lo ]; then
        ip link add lo type dummy
        ip link set dev lo up
      fi
    fi
  
    # Disable IPv6 (for IPv4-only interfaces) or SLAAC (if the device is a router)
    #
    sysctl -qw net.ipv6.conf.eth1.disable_ipv6=1
    sysctl -qw net.ipv6.conf.eth2.disable_ipv6=1
  
    #
    # Add vtysh.conf file
    echo "service integrated-vtysh-config" >/etc/frr/vtysh.conf
    #
    # Set Ethernet interface MTU
    ip link set eth1 mtu 1600
    ip link set eth2 mtu 1500
    #
    # Rest of initial configuration done through VTYSH
    #
    cat >/tmp/config <<CONFIG
    hostname s2
    !
    vrf mgmt
     exit-vrf
    !
    frr defaults datacenter
    !
    interface lo
     no shutdown
     ip address 10.0.0.4/32
    !
    interface eth1
     no shutdown
     description s2 -> s1
     ip address 10.1.0.2/30
    !
    interface eth2
     no shutdown
     description s2 -> ce2 [external]
     ip address 10.1.0.10/30
    !
    interface vlan1000
     no shutdown
     description VLAN red (1000) -> [s1]
     ip address 172.16.0.4/24
    !
    interface vlan1001
     no shutdown
     description VLAN blue (1001) -> [s1]
     ip address 172.16.1.4/24
    !
    do write
    CONFIG
    vtysh -f /tmp/config
    exit 0

TASK [Find configuration deployment deploy_script for initial] *****************
ok: [s2]
ok: [s1]
ok: [ce1]
ok: [ce2]

TASK [Deploy initial configuration] ********************************************
included: /home/pipi/net101/tools/netsim/ansible/tasks/deploy-config/vyos.yml for s1
included: /home/pipi/net101/tools/netsim/ansible/tasks/frr/initial-clab.yml for s2, ce1, ce2

TASK [wait_for_connection] *****************************************************
ok: [s1]

TASK [wait_for] ****************************************************************
ok: [s1]

TASK [set_fact] ****************************************************************
ok: [s1]

TASK [set_fact] ****************************************************************
ok: [s1]

TASK [template] ****************************************************************
changed: [s1]

TASK [execute config-initial.sh to deploy initial config from /home/pipi/net101/tools/netsim/ansible/templates/initial/vyos.j2] ***
changed: [s1]

TASK [Attempt to load VRF kernel module] ***************************************
changed: [ce1 -> localhost]
changed: [ce2 -> localhost]
changed: [s2 -> localhost]

TASK [Disable FRR management VRF when modprobe fails] **************************
skipping: [s2]
skipping: [ce1]
skipping: [ce2]

TASK [include_tasks] ***********************************************************
included: /home/pipi/net101/tools/netsim/ansible/tasks/frr/deploy-config.yml for s2, ce1, ce2

TASK [template] ****************************************************************
changed: [ce1]
changed: [ce2]
changed: [s2]

TASK [set_fact] ****************************************************************
ok: [s2]
ok: [ce1]
ok: [ce2]

TASK [run /tmp/config.sh to deploy initial config from /home/pipi/net101/tools/netsim/ansible/templates/initial/frr.j2] ***
changed: [ce1]
changed: [ce2]
changed: [s2]

TASK [run vtysh to import initial config from /home/pipi/net101/tools/netsim/ansible/templates/initial/frr.j2] ***
skipping: [s2]
skipping: [ce1]
skipping: [ce2]

PLAY [Deploy module-specific configurations] ***********************************

TASK [Set variables that cannot be set with VARS] ******************************
ok: [ce1]
ok: [ce2]
ok: [s1]
ok: [s2]

TASK [Deploy individual configuration modules] *********************************
included: /home/pipi/net101/tools/netsim/ansible/tasks/deploy-module.yml for ce1, ce2, s1, s2 => (item=vlan)
included: /home/pipi/net101/tools/netsim/ansible/tasks/deploy-module.yml for ce1, ce2, s1, s2 => (item=bgp)
included: /home/pipi/net101/tools/netsim/ansible/tasks/deploy-module.yml for ce1, ce2, s1, s2 => (item=ospf)
included: /home/pipi/net101/tools/netsim/ansible/tasks/deploy-module.yml for ce1, ce2, s1, s2 => (item=vrf)
included: /home/pipi/net101/tools/netsim/ansible/tasks/deploy-module.yml for ce1, ce2, s1, s2 => (item=vxlan)
included: /home/pipi/net101/tools/netsim/ansible/tasks/deploy-module.yml for ce1, ce2, s1, s2 => (item=evpn)

TASK [Figure out whether to deploy the module vlan on current device] **********
ok: [ce1]
ok: [ce2]
ok: [s1]
ok: [s2]

TASK [Find configuration template for vlan] ************************************
skipping: [ce1]
skipping: [ce2]
ok: [s1]
ok: [s2]

TASK [Print deployed configuration when running in verbose mode] ***************
skipping: [ce1]
skipping: [ce2]
ok: [s1] => 
  msg: |-
    vlan configuration for s1
    =========================================
    #!/bin/vbash
    source /opt/vyatta/etc/functions/script-template
  
    if [ "$(id -g -n)" != 'vyattacfg' ] ; then
        exec sg vyattacfg -c "/bin/vbash $(readlink -f $0) $@"
    fi
  
    # Configuration items start here
    configure
  
  
    # Commit, save and exit from subshell
  
    commit
    save
    exit
ok: [s2] => 
  msg: |-
    vlan configuration for s2
    =========================================
    #!/bin/bash
    #
    set -e # Exit immediately when any command fails
    #
    if [ ! -e /sys/devices/virtual/net/vlan1000 ]; then
      brctl addbr vlan1000
      ip link set dev vlan1000 up
      ip addr flush dev vlan1000
      ip addr add 172.16.0.4/24 dev vlan1000
    fi
    if [ ! -e /sys/devices/virtual/net/vlan1001 ]; then
      brctl addbr vlan1001
      ip link set dev vlan1001 up
      ip addr flush dev vlan1001
      ip addr add 172.16.1.4/24 dev vlan1001
    fi
  
    exit 0

TASK [Find configuration deployment deploy_script for vlan] ********************
skipping: [ce1]
skipping: [ce2]
ok: [s1]
ok: [s2]

TASK [Deploy vlan configuration] ***********************************************
skipping: [ce1]
skipping: [ce2]
included: /home/pipi/net101/tools/netsim/ansible/tasks/deploy-config/vyos.yml for s1
included: /home/pipi/net101/tools/netsim/ansible/tasks/deploy-config/frr.yml for s2

TASK [wait_for_connection] *****************************************************
skipping: [s1]

TASK [wait_for] ****************************************************************
skipping: [s1]

TASK [set_fact] ****************************************************************
ok: [s1]

TASK [set_fact] ****************************************************************
ok: [s1]

TASK [template] ****************************************************************
changed: [s1]

TASK [execute config-vlan.sh to deploy vlan config from /home/pipi/net101/tools/netsim/ansible/templates/vlan/vyos.j2] ***
changed: [s1]

TASK [template] ****************************************************************
changed: [s2]

TASK [set_fact] ****************************************************************
ok: [s2]

TASK [run /tmp/config.sh to deploy vlan config from /home/pipi/net101/tools/netsim/ansible/templates/vlan/frr.j2] ***
changed: [s2]

TASK [run vtysh to import vlan config from /home/pipi/net101/tools/netsim/ansible/templates/vlan/frr.j2] ***
skipping: [s2]

TASK [Figure out whether to deploy the module bgp on current device] ***********
ok: [ce1]
ok: [ce2]
ok: [s1]
ok: [s2]

TASK [Find configuration template for bgp] *************************************
ok: [ce1]
ok: [ce2]
ok: [s1]
ok: [s2]

TASK [Print deployed configuration when running in verbose mode] ***************
ok: [ce1] => 
  msg: |-
    bgp configuration for ce1
    =========================================
    !
    router bgp 65100
      no bgp ebgp-requires-policy
      no bgp default ipv4-unicast
      bgp default show-hostname
      bgp default show-nexthop-hostname
  
      ! Consider AS paths of same length but with different AS as ECMP candidates
      bgp bestpath as-path multipath-relax
  
      bgp router-id 10.0.0.1
    !
      neighbor 10.1.0.6 remote-as 65000
      neighbor 10.1.0.6 description s1
    !
     address-family ipv4 unicast
    !
      network 10.0.0.1/32
    !
    !
    !
      neighbor 10.1.0.6 activate
      no neighbor 10.1.0.6 send-community all
      neighbor 10.1.0.6 send-community standard
      neighbor 10.1.0.6 send-community large
    !
    !
    !
    do write
ok: [ce2] => 
  msg: |-
    bgp configuration for ce2
    =========================================
    !
    router bgp 65101
      no bgp ebgp-requires-policy
      no bgp default ipv4-unicast
      bgp default show-hostname
      bgp default show-nexthop-hostname
  
      ! Consider AS paths of same length but with different AS as ECMP candidates
      bgp bestpath as-path multipath-relax
  
      bgp router-id 10.0.0.2
    !
      neighbor 10.1.0.10 remote-as 65000
      neighbor 10.1.0.10 description s2
    !
     address-family ipv4 unicast
    !
      network 10.0.0.2/32
    !
    !
    !
      neighbor 10.1.0.10 activate
      no neighbor 10.1.0.10 send-community all
      neighbor 10.1.0.10 send-community standard
      neighbor 10.1.0.10 send-community large
    !
    !
    !
    do write
ok: [s1] => 
  msg: |-
    bgp configuration for s1
    =========================================
    #!/bin/vbash
    source /opt/vyatta/etc/functions/script-template
  
    if [ "$(id -g -n)" != 'vyattacfg' ] ; then
        exec sg vyattacfg -c "/bin/vbash $(readlink -f $0) $@"
    fi
  
    # Configuration items start here
  
    configure
  
    set protocols bgp system-as 65000
  
    set protocols bgp parameters router-id 10.0.0.3
  
  
  
    set protocols bgp neighbor 10.0.0.4 remote-as 65000
    set protocols bgp neighbor 10.0.0.4 description 's2'
  
    set protocols bgp neighbor 10.0.0.4 update-source dum0
  
  
  
  
    # Work on Family ipv4
  
    set protocols bgp address-family ipv4-unicast network 10.0.0.3/32
  
  
  
  
  
    set protocols bgp neighbor 10.0.0.4 address-family ipv4-unicast soft-reconfiguration inbound
  
    set protocols bgp neighbor 10.0.0.4 address-family ipv4-unicast nexthop-self
  
  
  
  
  
    # Commit, save and exit from subshell
  
    commit
    save
    exit
ok: [s2] => 
  msg: |-
    bgp configuration for s2
    =========================================
    !
    router bgp 65000
      no bgp ebgp-requires-policy
      no bgp default ipv4-unicast
      bgp default show-hostname
      bgp default show-nexthop-hostname
  
      ! Consider AS paths of same length but with different AS as ECMP candidates
      bgp bestpath as-path multipath-relax
  
      bgp router-id 10.0.0.4
    !
      neighbor 10.0.0.3 remote-as 65000
      neighbor 10.0.0.3 description s1
      neighbor 10.0.0.3 update-source lo
    !
     address-family ipv4 unicast
    !
      network 10.0.0.4/32
    !
    !
    !
      neighbor 10.0.0.3 activate
      neighbor 10.0.0.3 next-hop-self
      no neighbor 10.0.0.3 send-community all
      neighbor 10.0.0.3 send-community standard
      neighbor 10.0.0.3 send-community large
      neighbor 10.0.0.3 send-community extended
    !
    !
    !
    do write

TASK [Find configuration deployment deploy_script for bgp] *********************
ok: [ce1]
ok: [ce2]
ok: [s1]
ok: [s2]

TASK [Deploy bgp configuration] ************************************************
included: /home/pipi/net101/tools/netsim/ansible/tasks/deploy-config/frr.yml for ce1, ce2, s2
included: /home/pipi/net101/tools/netsim/ansible/tasks/deploy-config/vyos.yml for s1

TASK [template] ****************************************************************
changed: [s2]
changed: [ce2]
changed: [ce1]

TASK [set_fact] ****************************************************************
ok: [ce1]
ok: [ce2]
ok: [s2]

TASK [run /tmp/config.sh to deploy bgp config from /home/pipi/net101/tools/netsim/ansible/templates/bgp/frr.j2] ***
skipping: [ce1]
skipping: [ce2]
skipping: [s2]

TASK [run vtysh to import bgp config from /home/pipi/net101/tools/netsim/ansible/templates/bgp/frr.j2] ***
changed: [ce1]
changed: [ce2]
changed: [s2]

TASK [wait_for_connection] *****************************************************
skipping: [s1]

TASK [wait_for] ****************************************************************
skipping: [s1]

TASK [set_fact] ****************************************************************
ok: [s1]

TASK [set_fact] ****************************************************************
ok: [s1]

TASK [template] ****************************************************************
changed: [s1]

TASK [execute config-bgp.sh to deploy bgp config from /home/pipi/net101/tools/netsim/ansible/templates/bgp/vyos.j2] ***
changed: [s1]

TASK [Figure out whether to deploy the module ospf on current device] **********
ok: [ce1]
ok: [ce2]
ok: [s1]
ok: [s2]

TASK [Find configuration template for ospf] ************************************
skipping: [ce1]
skipping: [ce2]
ok: [s1]
ok: [s2]

TASK [Print deployed configuration when running in verbose mode] ***************
skipping: [ce1]
skipping: [ce2]
ok: [s1] => 
  msg: |-
    ospf configuration for s1
    =========================================
    #!/bin/vbash
    source /opt/vyatta/etc/functions/script-template
  
    if [ "$(id -g -n)" != 'vyattacfg' ] ; then
        exec sg vyattacfg -c "/bin/vbash $(readlink -f $0) $@"
    fi
  
    # Configuration items start here
  
    configure
  
    set protocols ospf parameters router-id 10.0.0.3
  
  
    set protocols ospf interface dum0 passive
    set protocols ospf interface dum0 area 0.0.0.0
  
  
    set protocols ospf interface eth1 area 0.0.0.0
  
    set protocols ospf interface eth1 network point-to-point
  
  
    set protocols ospf interface br0.1000 area 0.0.0.0
  
    set protocols ospf interface br0.1000 network point-to-point
  
  
    set protocols ospf interface br0.1001 area 0.0.0.0
  
    set protocols ospf interface br0.1001 network point-to-point
  
  
    commit
    save
    exit
ok: [s2] => 
  msg: |-
    ospf configuration for s2
    =========================================
    !
    ! OSPFv2 FRR configuration
    !
    router ospf
     ospf router-id 10.0.0.4
     timers throttle spf 10 50 500
     timers throttle lsa all 100
     timers lsa min-arrival 100
    exit
    !
    interface lo
    !
     ip ospf area 0.0.0.0
    !
    interface eth1
    ! s2 -> s1
     ip ospf area 0.0.0.0
     ip ospf network point-to-point
    !
    interface vlan1000
    ! VLAN red (1000) -> [s1]
     ip ospf area 0.0.0.0
     ip ospf network point-to-point
    !
    interface vlan1001
    ! VLAN blue (1001) -> [s1]
     ip ospf area 0.0.0.0
     ip ospf network point-to-point
    !
  
    !
    do write

TASK [Find configuration deployment deploy_script for ospf] ********************
skipping: [ce1]
skipping: [ce2]
ok: [s1]
ok: [s2]

TASK [Deploy ospf configuration] ***********************************************
skipping: [ce1]
skipping: [ce2]
included: /home/pipi/net101/tools/netsim/ansible/tasks/deploy-config/vyos.yml for s1
included: /home/pipi/net101/tools/netsim/ansible/tasks/deploy-config/frr.yml for s2

TASK [wait_for_connection] *****************************************************
skipping: [s1]

TASK [wait_for] ****************************************************************
skipping: [s1]

TASK [set_fact] ****************************************************************
ok: [s1]

TASK [set_fact] ****************************************************************
ok: [s1]

TASK [template] ****************************************************************
changed: [s1]

TASK [execute config-ospf.sh to deploy ospf config from /home/pipi/net101/tools/netsim/ansible/templates/ospf/vyos.j2] ***
changed: [s1]

TASK [template] ****************************************************************
changed: [s2]

TASK [set_fact] ****************************************************************
ok: [s2]

TASK [run /tmp/config.sh to deploy ospf config from /home/pipi/net101/tools/netsim/ansible/templates/ospf/frr.j2] ***
skipping: [s2]

TASK [run vtysh to import ospf config from /home/pipi/net101/tools/netsim/ansible/templates/ospf/frr.j2] ***
changed: [s2]

TASK [Figure out whether to deploy the module vrf on current device] ***********
ok: [ce1]
ok: [ce2]
ok: [s1]
ok: [s2]

TASK [Find configuration template for vrf] *************************************
skipping: [ce1]
skipping: [ce2]
ok: [s1]
ok: [s2]

TASK [Print deployed configuration when running in verbose mode] ***************
skipping: [ce1]
skipping: [ce2]
ok: [s1] => 
  msg: |-
    vrf configuration for s1
    =========================================
    #!/bin/vbash
    source /opt/vyatta/etc/functions/script-template
  
    if [ "$(id -g -n)" != 'vyattacfg' ] ; then
        exec sg vyattacfg -c "/bin/vbash $(readlink -f $0) $@"
    fi
  
    # Configuration items start here
    configure
  
    set protocols bgp system-as 65000
  
    # Enter vrf sublevel
    edit vrf name tenant
  
  
    set protocols bgp system-as 65000
  
    set protocols bgp parameters router-id 10.0.0.3
  
    set protocols bgp address-family ipv4-unicast rd vpn export 65000:1
    set protocols bgp address-family ipv4-unicast route-target vpn import "65000:1"
    set protocols bgp address-family ipv4-unicast route-target vpn export "65000:1"
    set protocols bgp address-family ipv4-unicast import vpn
    set protocols bgp address-family ipv4-unicast export vpn
    set protocols bgp address-family ipv4-unicast label vpn export auto
  
  
    set protocols bgp address-family ipv4-unicast redistribute connected
  
    # Define networks for VRF Loopback
  
  
  
    set protocols bgp neighbor 10.1.0.5 remote-as 65100
    set protocols bgp neighbor 10.1.0.5 description 'ce1'
  
  
  
  
  
    set protocols bgp neighbor 10.1.0.5 address-family ipv4-unicast soft-reconfiguration inbound
  
    set protocols bgp neighbor 10.1.0.5 address-family ipv4-unicast nexthop-self
  
    set protocols bgp neighbor 10.1.0.5 address-family ipv4-unicast disable-send-community extended
  
  
  
    # Back to root level
    top
  
    # Commit, save and exit from subshell
  
    commit
    save
    exit
ok: [s2] => 
  msg: |-
    vrf configuration for s2
    =========================================
    #!/bin/bash
    #
    set -e # Exit immediately when any command fails
    #
  
    # Create VRF tables
    if [ ! -e /sys/devices/virtual/net/tenant ]; then
    ip link add tenant type vrf table 100
    fi
    ip link set tenant up
  
    # Move interfaces and loopbacks to vrfs
    sysctl -qw net.ipv6.conf.eth2.keep_addr_on_down=1
    ip link set eth2 master tenant
  
    cat >/tmp/vrf_config <<CONFIG
    vrf tenant
     exit-vrf
    !
    router bgp 65000
    !
    !
    router bgp 65000 vrf tenant
     no bgp ebgp-requires-policy
     no bgp default ipv4-unicast
     bgp router-id 10.0.0.4
     neighbor 10.1.0.9 remote-as 65101
     neighbor 10.1.0.9 description ce2
     address-family ipv4 unicast
      redistribute connected
      label vpn export auto
      export vpn
      import vpn
      rd vpn export 65000:1
      rt vpn import 65000:1
      rt vpn export 65000:1
      neighbor 10.1.0.9 activate
      neighbor 10.1.0.9 send-community standard
      neighbor 10.1.0.9 send-community large
     exit-address-family
    !
    !
    do write
    !
    CONFIG
    vtysh -f /tmp/vrf_config
    exit $?

TASK [Find configuration deployment deploy_script for vrf] *********************
skipping: [ce1]
skipping: [ce2]
ok: [s1]
ok: [s2]

TASK [Deploy vrf configuration] ************************************************
skipping: [ce1]
skipping: [ce2]
included: /home/pipi/net101/tools/netsim/ansible/tasks/deploy-config/vyos.yml for s1
included: /home/pipi/net101/tools/netsim/ansible/tasks/deploy-config/frr.yml for s2

TASK [wait_for_connection] *****************************************************
skipping: [s1]

TASK [wait_for] ****************************************************************
skipping: [s1]

TASK [set_fact] ****************************************************************
ok: [s1]

TASK [set_fact] ****************************************************************
ok: [s1]

TASK [template] ****************************************************************
changed: [s1]

TASK [execute config-vrf.sh to deploy vrf config from /home/pipi/net101/tools/netsim/ansible/templates/vrf/vyos.j2] ***
changed: [s1]

TASK [template] ****************************************************************
changed: [s2]

TASK [set_fact] ****************************************************************
ok: [s2]

TASK [run /tmp/config.sh to deploy vrf config from /home/pipi/net101/tools/netsim/ansible/templates/vrf/frr.j2] ***
changed: [s2]

TASK [run vtysh to import vrf config from /home/pipi/net101/tools/netsim/ansible/templates/vrf/frr.j2] ***
skipping: [s2]

TASK [Figure out whether to deploy the module vxlan on current device] *********
ok: [ce1]
ok: [ce2]
ok: [s1]
ok: [s2]

TASK [Find configuration template for vxlan] ***********************************
skipping: [ce1]
skipping: [ce2]
ok: [s1]
ok: [s2]

TASK [Print deployed configuration when running in verbose mode] ***************
skipping: [ce1]
skipping: [ce2]
ok: [s1] => 
  msg: |-
    vxlan configuration for s1
    =========================================
    #!/bin/vbash
    source /opt/vyatta/etc/functions/script-template
  
    if [ "$(id -g -n)" != 'vyattacfg' ] ; then
        exec sg vyattacfg -c "/bin/vbash $(readlink -f $0) $@"
    fi
  
    # Configuration items start here
    configure
  
  
    # Create VXLAN interface
    set interfaces vxlan vxlan101000 vni 101000
    set interfaces vxlan vxlan101000 source-address 10.0.0.3
    # And set UDP port to 4789
    set interfaces vxlan vxlan101000 port 4789
  
    # Add it to the global bridge
    ## NOTE: in the future we may want to switch to one-bridge-per-vni
    ##   (still to understand if single bridge can work with EVPN controlled VXLAN)
    set interfaces bridge br0 member interface vxlan101000 native-vlan 1000
  
    # Add VTEP Flood list
  
    # If flooding is based on EVPN, set 'parameters nolearning'
    set interfaces vxlan vxlan101000 parameters nolearning
  
  
    # Create VXLAN interface
    set interfaces vxlan vxlan101001 vni 101001
    set interfaces vxlan vxlan101001 source-address 10.0.0.3
    # And set UDP port to 4789
    set interfaces vxlan vxlan101001 port 4789
  
    # Add it to the global bridge
    ## NOTE: in the future we may want to switch to one-bridge-per-vni
    ##   (still to understand if single bridge can work with EVPN controlled VXLAN)
    set interfaces bridge br0 member interface vxlan101001 native-vlan 1001
  
    # Add VTEP Flood list
  
    # If flooding is based on EVPN, set 'parameters nolearning'
    set interfaces vxlan vxlan101001 parameters nolearning
  
  
    # Commit, save and exit from subshell
  
    commit
    save
    exit
ok: [s2] => 
  msg: |-
    vxlan configuration for s2
    =========================================
    #!/bin/bash
    #
    set -e # Exit immediately when any command fails
    #
  
  
  
    # Determine max MTU used on interfaces, to configure VXLAN interface
  
    # Create L3 VNIs with bridges and add to correct vrf table
    ip link add vxlan5042 type vxlan \
      id 5042 \
      dstport 4789 \
      local 10.0.0.4 nolearning
    #
    # Add it to the VLAN bridge (create if needed for l3 vnis); disable STP
    if [ ! -e /sys/devices/virtual/net/tvni-100 ]; then
    brctl addbr tvni-100
    ip link set up dev tvni-100
    fi
    brctl addif tvni-100 vxlan5042
    brctl stp tvni-100 off
    # Do not generate ipv6 link-local address for VXLAN devices
    ip link set mtu 1600 addrgenmode none dev vxlan5042
    # Disable dynamic MAC learning for evpn, see https://docs.frrouting.org/en/latest/evpn.html
    bridge link set dev vxlan5042 learning off
    ip link set up dev vxlan5042
    ip link set tvni-100 master tenant
  
  
    # Create VXLAN L2 interface per vni
    ip link add vxlan101000 type vxlan \
      id 101000 \
      dstport 4789 \
      local 10.0.0.4 nolearning
    #
    # Add it to the VLAN bridge (create if needed for l3 vnis); disable STP
    if [ ! -e /sys/devices/virtual/net/vlan1000 ]; then
    brctl addbr vlan1000
    ip link set up dev vlan1000
    fi
    brctl addif vlan1000 vxlan101000
    brctl stp vlan1000 off
    # Do not generate ipv6 link-local address for VXLAN devices
    ip link set mtu 1600 addrgenmode none dev vxlan101000
    # Disable dynamic MAC learning for evpn, see https://docs.frrouting.org/en/latest/evpn.html
    bridge link set dev vxlan101000 learning off
    ip link set up dev vxlan101000
  
    # Create VXLAN L2 interface per vni
    ip link add vxlan101001 type vxlan \
      id 101001 \
      dstport 4789 \
      local 10.0.0.4 nolearning
    #
    # Add it to the VLAN bridge (create if needed for l3 vnis); disable STP
    if [ ! -e /sys/devices/virtual/net/vlan1001 ]; then
    brctl addbr vlan1001
    ip link set up dev vlan1001
    fi
    brctl addif vlan1001 vxlan101001
    brctl stp vlan1001 off
    # Do not generate ipv6 link-local address for VXLAN devices
    ip link set mtu 1600 addrgenmode none dev vxlan101001
    # Disable dynamic MAC learning for evpn, see https://docs.frrouting.org/en/latest/evpn.html
    bridge link set dev vxlan101001 learning off
    ip link set up dev vxlan101001
  
  
    exit $?

TASK [Find configuration deployment deploy_script for vxlan] *******************
skipping: [ce1]
skipping: [ce2]
ok: [s1]
ok: [s2]

TASK [Deploy vxlan configuration] **********************************************
skipping: [ce1]
skipping: [ce2]
included: /home/pipi/net101/tools/netsim/ansible/tasks/deploy-config/vyos.yml for s1
included: /home/pipi/net101/tools/netsim/ansible/tasks/deploy-config/frr.yml for s2

TASK [wait_for_connection] *****************************************************
skipping: [s1]

TASK [wait_for] ****************************************************************
skipping: [s1]

TASK [set_fact] ****************************************************************
ok: [s1]

TASK [set_fact] ****************************************************************
ok: [s1]

TASK [template] ****************************************************************
changed: [s1]

TASK [execute config-vxlan.sh to deploy vxlan config from /home/pipi/net101/tools/netsim/ansible/templates/vxlan/vyos.j2] ***
changed: [s1]

TASK [template] ****************************************************************
changed: [s2]

TASK [set_fact] ****************************************************************
ok: [s2]

TASK [run /tmp/config.sh to deploy vxlan config from /home/pipi/net101/tools/netsim/ansible/templates/vxlan/frr.j2] ***
changed: [s2]

TASK [run vtysh to import vxlan config from /home/pipi/net101/tools/netsim/ansible/templates/vxlan/frr.j2] ***
skipping: [s2]

TASK [Figure out whether to deploy the module evpn on current device] **********
ok: [ce1]
ok: [ce2]
ok: [s1]
ok: [s2]

TASK [Find configuration template for evpn] ************************************
skipping: [ce1]
skipping: [ce2]
ok: [s1]
ok: [s2]

TASK [Print deployed configuration when running in verbose mode] ***************
skipping: [ce1]
skipping: [ce2]
ok: [s1] => 
  msg: |-
    evpn configuration for s1
    =========================================
    #!/bin/vbash
    source /opt/vyatta/etc/functions/script-template
  
    if [ "$(id -g -n)" != 'vyattacfg' ] ; then
        exec sg vyattacfg -c "/bin/vbash $(readlink -f $0) $@"
    fi
  
    # Configuration items start here
    configure
  
    # Configure Generic EVPN Stuff
    set protocols bgp address-family l2vpn-evpn advertise-svi-ip
    set protocols bgp address-family l2vpn-evpn advertise-all-vni
  
    set protocols bgp neighbor 10.0.0.4 address-family l2vpn-evpn nexthop-self
    set protocols bgp neighbor 10.0.0.4 address-family l2vpn-evpn soft-reconfiguration inbound
  
  
  
    # Configure VNI params
    set protocols bgp address-family l2vpn-evpn vni 101001 rd 10.0.0.3:1001
    set protocols bgp address-family l2vpn-evpn vni 101001 route-target import "65000:1001"
    set protocols bgp address-family l2vpn-evpn vni 101001 route-target export "65000:1001"
    set protocols bgp address-family l2vpn-evpn vni 101000 rd 10.0.0.3:1000
    set protocols bgp address-family l2vpn-evpn vni 101000 route-target import "65000:1000"
    set protocols bgp address-family l2vpn-evpn vni 101000 route-target export "65000:1000"
  
    # Work on L3VNI
  
    # If at least one VRF has evpn.transit_vni
    set protocols bgp address-family l2vpn-evpn advertise ipv4 unicast
  
    set vrf name tenant protocols bgp address-family ipv4-unicast redistribute connected
    set vrf name tenant protocols bgp address-family l2vpn-evpn advertise ipv4 unicast
    set vrf name tenant vni '5042'
    set vrf name tenant protocols bgp address-family l2vpn-evpn vni 5042
  
    set vrf name tenant protocols bgp address-family l2vpn-evpn rd 65000:1
    set vrf name tenant protocols bgp address-family l2vpn-evpn route-target import "65000:1"
    set vrf name tenant protocols bgp address-family l2vpn-evpn route-target export "65000:1"
  
    # Need to create VXLAN and Bridge for L3VNI
    set interfaces vxlan vxlan5042 vni 5042
    set interfaces vxlan vxlan5042 source-address 10.0.0.3
    set interfaces vxlan vxlan5042 port 4789
    set interfaces vxlan vxlan5042 parameters nolearning
  
    # Dummy Bridge for L3VNI - See https://github.com/FRRouting/frr/issues/11212
    set interfaces bridge br5042 member interface vxlan5042
    set interfaces bridge br5042 description "Dummy Bridge for L3VNI 5042"
    set interfaces bridge br5042 vrf 'tenant'
  
  
  
    # Commit, save and exit from subshell
  
    commit
    save
    exit
ok: [s2] => 
  msg: |-
    evpn configuration for s2
    =========================================
    router bgp 65000
     address-family l2vpn evpn
      advertise-all-vni
      advertise-svi-ip
      advertise ipv4 unicast
  
    ! Configure explicit Route Targets and RD per L2 VNI; auto-derived differs
      vni 101001
       rd 10.0.0.4:1001
       route-target export 65000:1001
       route-target import 65000:1001
      exit-vni
      vni 101000
       rd 10.0.0.4:1000
       route-target export 65000:1000
       route-target import 65000:1000
      exit-vni
  
      neighbor 10.0.0.3 activate
      neighbor 10.0.0.3 soft-reconfiguration inbound
  
     exit-address-family
    !
  
    exit
  
    ! L3 VRF EVPN handling
    vrf tenant
     vni 5042
     exit-vrf
  
    router bgp 65000 vrf tenant
     address-family l2vpn evpn
      ! This sets the L3 VNI RD/RT for this VRF
      rd 65000:1
      route-target export 65000:1
      route-target import 65000:1
      ! Enable RT5 advertisements
      advertise ipv4 unicast
     exit-address-family
    exit
    !
    !
    do write

TASK [Find configuration deployment deploy_script for evpn] ********************
skipping: [ce1]
skipping: [ce2]
ok: [s1]
ok: [s2]

TASK [Deploy evpn configuration] ***********************************************
skipping: [ce1]
skipping: [ce2]
included: /home/pipi/net101/tools/netsim/ansible/tasks/deploy-config/vyos.yml for s1
included: /home/pipi/net101/tools/netsim/ansible/tasks/deploy-config/frr.yml for s2

TASK [wait_for_connection] *****************************************************
skipping: [s1]

TASK [wait_for] ****************************************************************
skipping: [s1]

TASK [set_fact] ****************************************************************
ok: [s1]

TASK [set_fact] ****************************************************************
ok: [s1]

TASK [template] ****************************************************************
changed: [s1]

TASK [execute config-evpn.sh to deploy evpn config from /home/pipi/net101/tools/netsim/ansible/templates/evpn/vyos.j2] ***
changed: [s1]

TASK [template] ****************************************************************
changed: [s2]

TASK [set_fact] ****************************************************************
ok: [s2]

TASK [run /tmp/config.sh to deploy evpn config from /home/pipi/net101/tools/netsim/ansible/templates/evpn/frr.j2] ***
skipping: [s2]

TASK [run vtysh to import evpn config from /home/pipi/net101/tools/netsim/ansible/templates/evpn/frr.j2] ***
changed: [s2]

PLAY [Deploy custom deployment templates] **************************************
skipping: no hosts matched

PLAY RECAP *********************************************************************
ce1                        : ok=33   changed=5    unreachable=0    failed=0    skipped=24   rescued=0    ignored=0   
ce2                        : ok=33   changed=5    unreachable=0    failed=0    skipped=24   rescued=0    ignored=0   
s1                         : ok=75   changed=14   unreachable=0    failed=0    skipped=13   rescued=0    ignored=0   
s2                         : ok=68   changed=15   unreachable=0    failed=0    skipped=9    rescued=0    ignored=0   



The devices under test are layer-3 EVPN/VXLAN routers
running BGP with external devices.

External devices should be able to ping each other

