09:56:38 INFO Containerlab started version=0.72.0
09:56:38 INFO Parsing & checking topology file=clab.yml
09:56:38 INFO Removing directory path=/work/netlab_cicd/clab-ml_17
09:56:38 INFO Creating docker network name=nl_mgmt_17 IPv4 subnet=192.168.17.0/24 IPv6 subnet="" MTU=0
09:56:38 INFO Creating lab directory path=/work/netlab_cicd/clab-ml_17
09:56:38 INFO Creating container name=r2
09:56:38 INFO Creating container name=r3
09:56:38 INFO Creating container name=s4
09:56:38 INFO Creating container name=d4
09:56:38 INFO Creating container name=s2
09:56:38 INFO Creating container name=d1
09:56:38 INFO Creating container name=r1
09:56:38 INFO Creating container name=s3
09:56:38 INFO Creating container name=s1
09:56:38 INFO Creating container name=d3
09:56:38 INFO Creating container name=d2
09:56:38 INFO Creating container name=r4
09:56:39 INFO Created link: s2:eth2 ▪┄┄▪ r2:eth1
09:56:39 INFO Created link: s4:eth2 ▪┄┄▪ r4:eth1
09:56:39 INFO Created link: s4:eth3 ▪┄┄▪ d4:eth1
09:56:40 INFO Created link: s1:eth1 ▪┄┄▪ s2:eth1
09:56:40 INFO Created link: s3:eth2 ▪┄┄▪ r3:eth1
09:56:40 INFO Created link: s1:eth2 ▪┄┄▪ s3:eth1
09:56:40 INFO Created link: s2:eth3 ▪┄┄▪ d2:eth1
09:56:40 INFO Created link: s3:eth3 ▪┄┄▪ d3:eth1
09:56:40 INFO Created link: s1:eth3 ▪┄┄▪ s4:eth1
09:56:40 INFO Created link: s1:eth4 ▪┄┄▪ r1:eth1
09:56:40 INFO Created link: s1:eth5 ▪┄┄▪ d1:eth1
09:56:40 INFO Adding host entries path=/etc/hosts
09:56:40 INFO Adding SSH config for nodes path=/etc/ssh/ssh_config.d/clab-ml_17.conf
[1m╭[0m[1m───────────────[0m[1m┬[0m[1m──────────────────────────────[0m[1m┬[0m[1m─────────[0m[1m┬[0m[1m────────────────[0m[1m╮[0m
[1m│[0m[1m      Name     [0m[1m│[0m[1m          Kind/Image          [0m[1m│[0m[1m  State  [0m[1m│[0m[1m IPv4/6 Address [0m[1m│[0m
[1m├[0m[1m───────────────[0m[1m┼[0m[1m──────────────────────────────[0m[1m┼[0m[1m─────────[0m[1m┼[0m[1m────────────────[0m[1m┤[0m
│ clab-ml_17-d1 │ linux                        │ running │ 192.168.17.109 │
│               │ python:3.13-alpine           │         │ N/A            │
├───────────────┼──────────────────────────────┼─────────┼────────────────┤
│ clab-ml_17-d2 │ linux                        │ running │ 192.168.17.110 │
│               │ python:3.13-alpine           │         │ N/A            │
├───────────────┼──────────────────────────────┼─────────┼────────────────┤
│ clab-ml_17-d3 │ linux                        │ running │ 192.168.17.111 │
│               │ python:3.13-alpine           │         │ N/A            │
├───────────────┼──────────────────────────────┼─────────┼────────────────┤
│ clab-ml_17-d4 │ linux                        │ running │ 192.168.17.112 │
│               │ python:3.13-alpine           │         │ N/A            │
├───────────────┼──────────────────────────────┼─────────┼────────────────┤
│ clab-ml_17-r1 │ linux                        │ running │ 192.168.17.105 │
│               │ python:3.13-alpine           │         │ N/A            │
├───────────────┼──────────────────────────────┼─────────┼────────────────┤
│ clab-ml_17-r2 │ linux                        │ running │ 192.168.17.106 │
│               │ python:3.13-alpine           │         │ N/A            │
├───────────────┼──────────────────────────────┼─────────┼────────────────┤
│ clab-ml_17-r3 │ linux                        │ running │ 192.168.17.107 │
│               │ python:3.13-alpine           │         │ N/A            │
├───────────────┼──────────────────────────────┼─────────┼────────────────┤
│ clab-ml_17-r4 │ linux                        │ running │ 192.168.17.108 │
│               │ python:3.13-alpine           │         │ N/A            │
├───────────────┼──────────────────────────────┼─────────┼────────────────┤
│ clab-ml_17-s1 │ linux                        │ running │ 192.168.17.101 │
│               │ python:3.13-alpine           │         │ N/A            │
├───────────────┼──────────────────────────────┼─────────┼────────────────┤
│ clab-ml_17-s2 │ linux                        │ running │ 192.168.17.102 │
│               │ quay.io/frrouting/frr:10.5.0 │         │ N/A            │
├───────────────┼──────────────────────────────┼─────────┼────────────────┤
│ clab-ml_17-s3 │ linux                        │ running │ 192.168.17.103 │
│               │ quay.io/frrouting/frr:10.5.0 │         │ N/A            │
├───────────────┼──────────────────────────────┼─────────┼────────────────┤
│ clab-ml_17-s4 │ linux                        │ running │ 192.168.17.104 │
│               │ quay.io/frrouting/frr:10.5.0 │         │ N/A            │
╰───────────────┴──────────────────────────────┴─────────┴────────────────╯
Using transformed lab topology from snapshot file netlab.snapshot.pickle
Checking virtualization provider installation
OK: clab installed and working correctly
Starting clab nodes
provider clab: executing sudo -E containerlab deploy --reconfigure -t clab.yml

Initial configuration skipped, run 'netlab initial' to configure the devices
