[fog][WARNING] Unrecognized arguments: libvirt_ip_command
[fog][WARNING] Unrecognized arguments: libvirt_ip_command
==> r2: Clearing any previously set forwarded ports...
==> r2: Removing domain...
==> r2: Deleting the machine folder
==> r1: Clearing any previously set forwarded ports...
==> r1: Removing domain...
==> r1: Deleting the machine folder
Checking virtualization provider installation
OK: libvirt installed and working correctly
Stopping libvirt nodes
Cleanup configuration files
... removing Vagrantfile
... removing ansible.cfg
... removing hosts.yml
... removing directory tree group_vars
... removing directory tree host_vars
... removing _n_r1.j2
... removing netlab.snapshot.yml
... removing netlab.snapshot.pickle
