[CONFIG]  dut: initial,vlan,gateway
[CONFIG]  x1: initial,vlan,gateway,daemons,hosts
[CONFIG]  h1: initial,routing,daemons,hosts (shared)
[CONFIG]  h2: initial,routing,daemons,hosts (shared)
[CONFIG]  h3: initial,routing,daemons,hosts (shared)
[CONFIG]  th: initial,routing,hosts (shared)
Created provider configuration file: Vagrantfile
Creating configuration file for secondary provider clab
Created provider configuration file: clab-augment.yml
Created pickled transformed topology data into netlab.snapshot.pickle
Created group_vars for all
Created group_vars for modules
Created group_vars for vptx
Created host_vars for dut
Created group_vars for frr
Created host_vars for x1, h1, h2, h3
Created group_vars for linux
Created host_vars for th
Created minimized Ansible inventory hosts.yml
Created Ansible configuration file: ansible.cfg
