[CONFIG]  h1: initial,routing,hosts
[CONFIG]  h2: initial,routing,hosts (shared)
[CONFIG]  dut: initial,isis,bgp,sr,ifstate
[CONFIG]  pe2: initial,isis,bgp,sr,daemons,hosts (shared)
[CONFIG]  p1: initial,isis,sr,daemons,hosts (shared)
[CONFIG]  p2: initial,isis,sr,daemons,hosts (shared)
Created provider configuration file: clab.yml
Created startup configuration for dut
Created pickled transformed topology data into netlab.snapshot.pickle
Created group_vars for all
Created group_vars for modules
Created group_vars for linux
Created host_vars for h1, h2
Created group_vars for iol
Created host_vars for dut
Created group_vars for frr
Created host_vars for pe2, p1, p2
Created minimized Ansible inventory hosts.yml
Created Ansible configuration file: ansible.cfg
Created transformed topology dump in YAML format in netlab.snapshot.yml
