[WARNING]: Invalid characters were found in group names but not replaced, use
-vvvv to see details
[WARNING]: Could not match supplied host pattern, ignoring: unprovisioned

PLAY [Deploy initial device configuration] *************************************

TASK [Set variables that cannot be set with VARS] ******************************
ok: [h1]
ok: [h2]
ok: [h3]
ok: [h4]
ok: [s1]

TASK [Find device readiness script] ********************************************
ok: [h1]
ok: [h2]
ok: [h3]
ok: [h4]
ok: [s1]

TASK [Wait for device to become ready] *****************************************
skipping: [h1]
skipping: [h2]
skipping: [h3]
skipping: [h4]
included: /home/pipi/net101/tools/netsim/ansible/tasks/readiness-check/vjunos-switch-clab.yml for s1

TASK [Wait for SSH server] *****************************************************
included: /home/pipi/net101/tools/netsim/ansible/tasks/readiness-check/vm-clab-ssh-check.yml for s1

TASK [Execute local ssh command to check vjunos-switch readiness] **************
FAILED - RETRYING: [s1 -> localhost]: Execute local ssh command to check vjunos-switch readiness (40 retries left).
FAILED - RETRYING: [s1 -> localhost]: Execute local ssh command to check vjunos-switch readiness (39 retries left).
changed: [s1 -> localhost]

TASK [Confirm s1 SSH server works] *********************************************
ok: [s1] => 
  msg: Node s1 is ready.

TASK [Wait for ge-0/0/0 interface] *********************************************
included: /home/pipi/net101/tools/netsim/ansible/tasks/readiness-check/vjunos-switch.yml for s1

TASK [Wait for ge-0/0/0 to appear] *********************************************
ok: [s1]

TASK [Deploy initial configuration] ********************************************
included: /home/pipi/net101/tools/netsim/ansible/tasks/deploy-module.yml for h1, h2, h3, h4, s1

TASK [Figure out whether to deploy the module initial on current device] *******
ok: [h1]
ok: [h2]
ok: [h4]
ok: [h3]
ok: [s1]

TASK [Find configuration template for initial] *********************************
ok: [h1]
ok: [h2]
ok: [h3]
ok: [h4]
ok: [s1]

TASK [Print deployed configuration when running in verbose mode] ***************
ok: [h1] => 
  msg: |-
    initial configuration for h1
    =========================================
    #!/bin/bash
    #
    # This script contains the 'ip' commands needed to set up container
    # interfaces and route table. It's executed within the container
    # network namespace on the container host.
    #
    #  /etc/hosts file is generated as a clab bind.
    #
    set -e
    ### One-Shot configuration (non-Ubuntu VM or container)
    #
    # Disable IPv4 and IPv6 forwarding
    #
    sysctl -w net.ipv4.ip_forward=0
    sysctl -w net.ipv6.conf.all.forwarding=0
    #
    # Interface addressing
    #
    ip link set dev eth1 up
    set +e
    ip addr del 172.16.0.1/24 dev eth1 2>/dev/null
    set -e
    ip addr add 172.16.0.1/24 dev eth1
    ip link set eth1 mtu 1500
    #
    # Add routes to IPv4 address pools pointing to the first neighbor on the first link
    #
    # If you need anything better, use FRR instead of Linux and start routing (or use IPv6)
    #
    #
    # Print the final routing table
    ip route
ok: [h2] => 
  msg: |-
    initial configuration for h2
    =========================================
    #!/bin/bash
    #
    # This script contains the 'ip' commands needed to set up container
    # interfaces and route table. It's executed within the container
    # network namespace on the container host.
    #
    #  /etc/hosts file is generated as a clab bind.
    #
    set -e
    ### One-Shot configuration (non-Ubuntu VM or container)
    #
    # Disable IPv4 and IPv6 forwarding
    #
    sysctl -w net.ipv4.ip_forward=0
    sysctl -w net.ipv6.conf.all.forwarding=0
    #
    # Interface addressing
    #
    ip link set dev eth1 up
    set +e
    ip addr del 172.16.0.2/24 dev eth1 2>/dev/null
    set -e
    ip addr add 172.16.0.2/24 dev eth1
    ip link set eth1 mtu 1500
    #
    # Add routes to IPv4 address pools pointing to the first neighbor on the first link
    #
    # If you need anything better, use FRR instead of Linux and start routing (or use IPv6)
    #
    #
    # Print the final routing table
    ip route
ok: [h4] => 
  msg: |-
    initial configuration for h4
    =========================================
    #!/bin/bash
    #
    # This script contains the 'ip' commands needed to set up container
    # interfaces and route table. It's executed within the container
    # network namespace on the container host.
    #
    #  /etc/hosts file is generated as a clab bind.
    #
    set -e
    ### One-Shot configuration (non-Ubuntu VM or container)
    #
    # Disable IPv4 and IPv6 forwarding
    #
    sysctl -w net.ipv4.ip_forward=0
    sysctl -w net.ipv6.conf.all.forwarding=0
    #
    # Interface addressing
    #
    ip link set dev eth1 up
    set +e
    ip addr del 172.16.2.4/24 dev eth1 2>/dev/null
    set -e
    ip addr add 172.16.2.4/24 dev eth1
    ip link set eth1 mtu 1500
    #
    # Add routes to IPv4 address pools pointing to the first neighbor on the first link
    #
    # If you need anything better, use FRR instead of Linux and start routing (or use IPv6)
    #
    # lan prefix: 172.16.0.0/16 local subnet: 172.16.2.0/24
    set +e
    ip route del 172.16.0.0/16 2>/dev/null
    set -e
    ip route add 172.16.0.0/16 via 172.16.2.5
    # loopback prefix: 10.0.0.0/24 local subnet: 172.16.2.0/24
    set +e
    ip route del 10.0.0.0/24 2>/dev/null
    set -e
    ip route add 10.0.0.0/24 via 172.16.2.5
    # mgmt prefix: 192.168.17.0/24 local subnet: 172.16.2.0/24
    # p2p prefix: 10.1.0.0/16 local subnet: 172.16.2.0/24
    set +e
    ip route del 10.1.0.0/16 2>/dev/null
    set -e
    ip route add 10.1.0.0/16 via 172.16.2.5
    # router_id prefix: 10.0.0.0/24 local subnet: 172.16.2.0/24
    # vrf_loopback prefix: 10.2.0.0/24 local subnet: 172.16.2.0/24
    set +e
    ip route del 10.2.0.0/24 2>/dev/null
    set -e
    ip route add 10.2.0.0/24 via 172.16.2.5
    #
    # Print the final routing table
    ip route
ok: [h3] => 
  msg: |-
    initial configuration for h3
    =========================================
    #!/bin/bash
    #
    # This script contains the 'ip' commands needed to set up container
    # interfaces and route table. It's executed within the container
    # network namespace on the container host.
    #
    #  /etc/hosts file is generated as a clab bind.
    #
    set -e
    ### One-Shot configuration (non-Ubuntu VM or container)
    #
    # Disable IPv4 and IPv6 forwarding
    #
    sysctl -w net.ipv4.ip_forward=0
    sysctl -w net.ipv6.conf.all.forwarding=0
    #
    # Interface addressing
    #
    ip link set dev eth1 up
    set +e
    ip addr del 172.16.1.3/24 dev eth1 2>/dev/null
    set -e
    ip addr add 172.16.1.3/24 dev eth1
    ip link set eth1 mtu 1500
    #
    # Add routes to IPv4 address pools pointing to the first neighbor on the first link
    #
    # If you need anything better, use FRR instead of Linux and start routing (or use IPv6)
    #
    # lan prefix: 172.16.0.0/16 local subnet: 172.16.1.0/24
    set +e
    ip route del 172.16.0.0/16 2>/dev/null
    set -e
    ip route add 172.16.0.0/16 via 172.16.1.5
    # loopback prefix: 10.0.0.0/24 local subnet: 172.16.1.0/24
    set +e
    ip route del 10.0.0.0/24 2>/dev/null
    set -e
    ip route add 10.0.0.0/24 via 172.16.1.5
    # mgmt prefix: 192.168.17.0/24 local subnet: 172.16.1.0/24
    # p2p prefix: 10.1.0.0/16 local subnet: 172.16.1.0/24
    set +e
    ip route del 10.1.0.0/16 2>/dev/null
    set -e
    ip route add 10.1.0.0/16 via 172.16.1.5
    # router_id prefix: 10.0.0.0/24 local subnet: 172.16.1.0/24
    # vrf_loopback prefix: 10.2.0.0/24 local subnet: 172.16.1.0/24
    set +e
    ip route del 10.2.0.0/24 2>/dev/null
    set -e
    ip route add 10.2.0.0/24 via 172.16.1.5
    #
    # Print the final routing table
    ip route
ok: [s1] => 
  msg: |-
    initial configuration for s1
    =========================================
    system {
      host-name s1
        static-host-mapping {
            h1 inet 172.16.0.1;
            h2 inet 172.16.0.2;
            h3 inet 172.16.1.3;
            h4 inet 172.16.2.4;
        }
    }
  
  
    interfaces {
  
  
  
  
  
      ge-0/0/0 {
        flexible-vlan-tagging;
        native-vlan-id 1000;
      }
  
      ge-0/0/0.0 {
        vlan-id 1000;
      }
  
  
  
  
  
  
  
      ge-0/0/1 {
        flexible-vlan-tagging;
        native-vlan-id 1000;
      }
  
      ge-0/0/1.0 {
        vlan-id 1000;
      }
  
  
  
  
  
  
  
      ge-0/0/2 {
        flexible-vlan-tagging;
        native-vlan-id 1001;
      }
  
      ge-0/0/2.0 {
        vlan-id 1001;
      }
  
  
  
  
  
  
  
      ge-0/0/3 {
        flexible-vlan-tagging;
        native-vlan-id 1002;
      }
  
      ge-0/0/3.0 {
        vlan-id 1002;
      }
  
  
  
  
  
  
  
  
  
  
  
  
  
  
  
  
  
  
  
  
  
  
    }
    interfaces {
      ge-0/0/0 {
        mtu 1514;
      }
      ge-0/0/1 {
        mtu 1514;
      }
      ge-0/0/2 {
        mtu 1514;
      }
      ge-0/0/3 {
        mtu 1514;
      }
  
      lo0.0 {
  
          family inet {
            address 10.0.0.5/32;
          }
  
      }
      ge-0/0/0.0 {
  
  
      }
      ge-0/0/1.0 {
  
  
      }
      ge-0/0/2.0 {
  
  
      }
      ge-0/0/3.0 {
  
  
      }
      irb.1000 {
        description "VLAN red (1000) -> [h1,h2] [stub]";
  
  
      }
      irb.1001 {
        description "VLAN blue (1001) -> [h3] [stub]";
  
          family inet {
            address 172.16.1.5/24;
          }
  
      }
      irb.1002 {
        description "VLAN green (1002) -> [h4] [stub]";
  
          family inet {
            address 172.16.2.5/24;
          }
  
      }
    }
    protocols {
      lldp {
        interface fxp0 {
          disable;
        }
        interface all;
      }
    }

TASK [Find configuration deployment deploy_script for initial] *****************
ok: [h1]
ok: [h2]
ok: [h3]
ok: [h4]
ok: [s1]

TASK [Deploy initial configuration] ********************************************
included: /home/pipi/net101/tools/netsim/ansible/tasks/linux/initial-clab.yml for h1, h2, h3, h4
included: /home/pipi/net101/tools/netsim/ansible/tasks/deploy-config/junos.yml for s1

TASK [set_fact] ****************************************************************
ok: [h1]
ok: [h2]
ok: [h3]
ok: [h4]

TASK [Create initial container setup from /home/pipi/net101/tools/netsim/ansible/templates/initial/linux-clab.j2] ***
changed: [h2 -> localhost]
changed: [h1 -> localhost]
changed: [h3 -> localhost]
changed: [h4 -> localhost]

TASK [Initial container configuration via /tmp/config-cKBGvaqw-h1.sh] **********
changed: [h2 -> localhost]
changed: [h1 -> localhost]
changed: [h3 -> localhost]
changed: [h4 -> localhost]

TASK [file] ********************************************************************
changed: [h4 -> localhost]
changed: [h2 -> localhost]
changed: [h1 -> localhost]
changed: [h3 -> localhost]

TASK [junos_config: deploying initial from /home/pipi/net101/tools/netsim/ansible/templates/initial/junos.j2] ***
changed: [s1]

PLAY [Deploy module-specific configurations] ***********************************

TASK [Set variables that cannot be set with VARS] ******************************
ok: [s1]

TASK [Deploy individual configuration modules] *********************************
included: /home/pipi/net101/tools/netsim/ansible/tasks/deploy-module.yml for s1 => (item=vlan)

TASK [Figure out whether to deploy the module vlan on current device] **********
ok: [s1]

TASK [Find configuration template for vlan] ************************************
ok: [s1]

TASK [Print deployed configuration when running in verbose mode] ***************
ok: [s1] => 
  msg: |-
    vlan configuration for s1
    =========================================
  
    vlans {
      blue {
        vlan-id 1001;
  
        l3-interface irb.1001;
  
      }
      green {
        vlan-id 1002;
  
        l3-interface irb.1002;
  
      }
      red {
        vlan-id 1000;
  
  
      }
    }
  
    interfaces {
  
  
      ge-0/0/0.0 {
        family ethernet-switching {
  
          vlan {
            members red;
          }
  
        }
      }
  
  
  
      ge-0/0/1.0 {
        family ethernet-switching {
  
          vlan {
            members red;
          }
  
        }
      }
  
  
  
      ge-0/0/2.0 {
        family ethernet-switching {
  
          vlan {
            members blue;
          }
  
        }
      }
  
  
  
      ge-0/0/3.0 {
        family ethernet-switching {
  
          vlan {
            members green;
          }
  
        }
      }
  
  
    }

TASK [Find configuration deployment deploy_script for vlan] ********************
ok: [s1]

TASK [Deploy vlan configuration] ***********************************************
included: /home/pipi/net101/tools/netsim/ansible/tasks/deploy-config/junos.yml for s1

TASK [junos_config: deploying vlan from /home/pipi/net101/tools/netsim/ansible/templates/vlan/vjunos-switch.j2] ***
changed: [s1]

PLAY [Deploy custom deployment templates] **************************************
skipping: no hosts matched

PLAY RECAP *********************************************************************
h1                         : ok=12   changed=3    unreachable=0    failed=0    skipped=1    rescued=0    ignored=0   
h2                         : ok=12   changed=3    unreachable=0    failed=0    skipped=1    rescued=0    ignored=0   
h3                         : ok=12   changed=3    unreachable=0    failed=0    skipped=1    rescued=0    ignored=0   
h4                         : ok=12   changed=3    unreachable=0    failed=0    skipped=1    rescued=0    ignored=0   
s1                         : ok=23   changed=3    unreachable=0    failed=0    skipped=0    rescued=0    ignored=0   



The device under test is a mixed layer-2/layer-3 switch.
Red VLAN is a layer-2-only VLAN, the device acts as a L2/L3
switch on all other VLANs

h1 and h2 should be able to ping each other, but not h3 or h4
h3 and h4 should be able to ping each other, but not h1 or h2

