time="2024-07-28T17:25:30Z" level=info msg="Containerlab v0.54.2 started"
time="2024-07-28T17:25:30Z" level=info msg="Parsing & checking topology file: clab.yml"
time="2024-07-28T17:25:30Z" level=info msg="Creating docker network: Name=\"nl_mgmt_17\", IPv4Subnet=\"192.168.17.0/24\", IPv6Subnet=\"\", MTU=1500"
time="2024-07-28T17:25:30Z" level=info msg="Creating lab directory: /work/netlab_cicd/clab-ml_17"
time="2024-07-28T17:25:30Z" level=info msg="Creating container: \"s1\""
time="2024-07-28T17:25:30Z" level=info msg="Creating container: \"r1\""
time="2024-07-28T17:25:30Z" level=info msg="Creating container: \"r2\""
time="2024-07-28T17:25:30Z" level=info msg="Creating container: \"s2\""
time="2024-07-28T17:25:30Z" level=info msg="Creating container: \"ros\""
time="2024-07-28T17:25:31Z" level=info msg="Created link: s1:eth1 <--> s2:eth1"
time="2024-07-28T17:25:31Z" level=info msg="Created link: s1:eth2 <--> r1:eth1"
time="2024-07-28T17:25:31Z" level=info msg="Created link: ros:eth1 <--> s2:eth2"
time="2024-07-28T17:25:31Z" level=info msg="Created link: s1:eth3 <--> r2:eth1"
time="2024-07-28T17:25:31Z" level=info msg="Adding containerlab host entries to /etc/hosts file"
time="2024-07-28T17:25:31Z" level=info msg="Adding ssh config for containerlab nodes"
time="2024-07-28T17:25:31Z" level=info msg="🎉 New containerlab version 0.56.0 is available! Release notes: https://containerlab.dev/rn/0.56/\nRun 'containerlab version upgrade' to upgrade or go check other installation options at https://containerlab.dev/install/\n"
+---+----------------+--------------+------------------------------------+----------------------+---------+-------------------+--------------+
| # |      Name      | Container ID |               Image                |         Kind         |  State  |   IPv4 Address    | IPv6 Address |
+---+----------------+--------------+------------------------------------+----------------------+---------+-------------------+--------------+
| 1 | clab-ml_17-r1  | 8082579cd01e | quay.io/frrouting/frr:10.0.1       | linux                | running | 192.168.17.104/24 | N/A          |
| 2 | clab-ml_17-r2  | 89004906e9c0 | quay.io/frrouting/frr:10.0.1       | linux                | running | 192.168.17.105/24 | N/A          |
| 3 | clab-ml_17-ros | 2318e27fa485 | vrnetlab/vr-vjunosswitch:23.2R1.14 | juniper_vjunosswitch | running | 192.168.17.101/24 | N/A          |
| 4 | clab-ml_17-s1  | 91b5dd0cc2ab | quay.io/frrouting/frr:10.0.1       | linux                | running | 192.168.17.102/24 | N/A          |
| 5 | clab-ml_17-s2  | bcec1aa4994e | quay.io/frrouting/frr:10.0.1       | linux                | running | 192.168.17.103/24 | N/A          |
+---+----------------+--------------+------------------------------------+----------------------+---------+-------------------+--------------+
Using transformed lab topology from snapshot file netlab.snapshot.yml
Checking virtualization provider installation
OK: clab installed and working correctly
Starting clab nodes
provider clab: executing sudo -E containerlab deploy -t clab.yml

Initial configuration skipped, run 'netlab initial' to configure the devices
