Warning in ansible: You're using Ansible version 12.x or higher; netlab might not work correctly
... Ansible core version 2.19 introduced breaking changes in templates and playbooks
... We tested netlab core with Ansible version 12.x but not every device template
... You might want to downgrade Ansible to version 11.10 or lower.
... Use 'netlab install ansible' on Ubuntu to do that
... Finally, please open a GitHub issue if you experience errors/crashes
... Set defaults.ansible.warnings.ver12 to False to hide this warning
 [INFO] Checking for updates in configuration templates
 [INFO] Creating configuration snippets
[CREATED] h1: initial,routing
[CREATED] h2: initial,routing
[CREATED] h3: initial,routing
[CREATED] h4: initial,routing
[CREATED] l1: initial,vlan,ospf,bgp,vrf,vxlan,evpn
[CREATED] l2: initial,vlan,ospf,bgp,vrf,vxlan,evpn
[CREATED] spine: initial,vlan,ospf,bgp,vrf,vxlan,evpn
 [INFO] Executing initial configuration for node h1 (namespace clab-
          ml_17-h1)
 [INFO] Executing routing configuration for node h1 (namespace clab-
          ml_17-h1)
 [INFO] Executing initial configuration for node h2 (namespace clab-
          ml_17-h2)
 [INFO] Executing routing configuration for node h2 (namespace clab-
          ml_17-h2)
 [INFO] Executing initial configuration for node h3 (namespace clab-
          ml_17-h3)
 [INFO] Executing routing configuration for node h3 (namespace clab-
          ml_17-h3)
 [INFO] Executing initial configuration for node h4 (namespace clab-
          ml_17-h4)
 [INFO] Executing routing configuration for node h4 (namespace clab-
          ml_17-h4)

 [INFO] Starting Ansible playbook to deploy the rest of the
          configurations
[WARNING]: Could not match supplied host pattern, ignoring: unprovisioned
[WARNING]: Found variable using reserved name 'hosts'.
Origin: /work/netlab_cicd/group_vars/all/topology.yml:157:1

155     ipv4: 10.2.0.0/24
156     prefix: 32
157 hosts:
    ^ column 1


PLAY [Deploy initial device configuration] *************************************

TASK [Set variables that cannot be set with VARS] ******************************
ok: [h1]
ok: [h2]
ok: [h3]
ok: [h4]
ok: [l2]
ok: [l1]
ok: [spine]

TASK [Generic readiness tests] *************************************************
skipping: [h1]
skipping: [h2]
skipping: [h3]
skipping: [h4]
skipping: [l1]
skipping: [l2]
skipping: [spine]

TASK [Find device readiness script] ********************************************
ok: [h1]
ok: [h2]
ok: [h3]
ok: [h4]
ok: [l2]
ok: [l1]
ok: [spine]

TASK [Wait for device to become ready] *****************************************
skipping: [h1]
skipping: [h2]
skipping: [h3]
skipping: [h4]
skipping: [l1]
skipping: [l2]
skipping: [spine]

TASK [Normalize config on bridge-like devices] *********************************
included: /home/pipi/netlab_gh/netsim/ansible/tasks/deploy-module.yml for h1
included: /home/pipi/netlab_gh/netsim/ansible/tasks/deploy-module.yml for h2
included: /home/pipi/netlab_gh/netsim/ansible/tasks/deploy-module.yml for h3
included: /home/pipi/netlab_gh/netsim/ansible/tasks/deploy-module.yml for h4
included: /home/pipi/netlab_gh/netsim/ansible/tasks/deploy-module.yml for l1
included: /home/pipi/netlab_gh/netsim/ansible/tasks/deploy-module.yml for l2
included: /home/pipi/netlab_gh/netsim/ansible/tasks/deploy-module.yml for spine

TASK [Figure out whether to deploy the module normalize on current device] *****
ok: [h1]

TASK [Find configuration template for normalize] *******************************
ok: [h1]

TASK [fail] ********************************************************************
skipping: [h1]

TASK [Find configuration deployment deploy_script for normalize] ***************
ok: [h1]

TASK [Print deployed configuration when running in verbose mode] ***************
skipping: [h1]

TASK [Deploy normalize configuration] ******************************************
skipping: [h1]

TASK [Figure out whether to deploy the module normalize on current device] *****
ok: [h2]

TASK [Find configuration template for normalize] *******************************
ok: [h2]

TASK [fail] ********************************************************************
skipping: [h2]

TASK [Find configuration deployment deploy_script for normalize] ***************
ok: [h2]

TASK [Print deployed configuration when running in verbose mode] ***************
skipping: [h2]

TASK [Deploy normalize configuration] ******************************************
skipping: [h2]

TASK [Figure out whether to deploy the module normalize on current device] *****
ok: [h3]

TASK [Find configuration template for normalize] *******************************
ok: [h3]

TASK [fail] ********************************************************************
skipping: [h3]

TASK [Find configuration deployment deploy_script for normalize] ***************
ok: [h3]

TASK [Print deployed configuration when running in verbose mode] ***************
skipping: [h3]

TASK [Deploy normalize configuration] ******************************************
skipping: [h3]

TASK [Figure out whether to deploy the module normalize on current device] *****
ok: [h4]

TASK [Find configuration template for normalize] *******************************
ok: [h4]

TASK [fail] ********************************************************************
skipping: [h4]

TASK [Find configuration deployment deploy_script for normalize] ***************
ok: [h4]

TASK [Print deployed configuration when running in verbose mode] ***************
skipping: [h4]

TASK [Deploy normalize configuration] ******************************************
skipping: [h4]

TASK [Figure out whether to deploy the module normalize on current device] *****
ok: [l1]

TASK [Find configuration template for normalize] *******************************
ok: [l1]

TASK [fail] ********************************************************************
skipping: [l1]

TASK [Find configuration deployment deploy_script for normalize] ***************
ok: [l1]

TASK [Print deployed configuration when running in verbose mode] ***************
skipping: [l1]

TASK [Deploy normalize configuration] ******************************************
skipping: [l1]

TASK [Figure out whether to deploy the module normalize on current device] *****
ok: [l2]

TASK [Find configuration template for normalize] *******************************
ok: [l2]

TASK [fail] ********************************************************************
skipping: [l2]

TASK [Find configuration deployment deploy_script for normalize] ***************
ok: [l2]

TASK [Print deployed configuration when running in verbose mode] ***************
skipping: [l2]

TASK [Deploy normalize configuration] ******************************************
skipping: [l2]

TASK [Figure out whether to deploy the module normalize on current device] *****
ok: [spine]

TASK [Find configuration template for normalize] *******************************
ok: [spine]

TASK [fail] ********************************************************************
skipping: [spine]

TASK [Find configuration deployment deploy_script for normalize] ***************
ok: [spine]

TASK [Print deployed configuration when running in verbose mode] ***************
skipping: [spine]

TASK [Deploy normalize configuration] ******************************************
skipping: [spine]

TASK [Deploy initial configuration] ********************************************
included: /home/pipi/netlab_gh/netsim/ansible/tasks/deploy-module.yml for h1
included: /home/pipi/netlab_gh/netsim/ansible/tasks/deploy-module.yml for h2
included: /home/pipi/netlab_gh/netsim/ansible/tasks/deploy-module.yml for h3
included: /home/pipi/netlab_gh/netsim/ansible/tasks/deploy-module.yml for h4
included: /home/pipi/netlab_gh/netsim/ansible/tasks/deploy-module.yml for l1
included: /home/pipi/netlab_gh/netsim/ansible/tasks/deploy-module.yml for l2
included: /home/pipi/netlab_gh/netsim/ansible/tasks/deploy-module.yml for spine

TASK [Figure out whether to deploy the module initial on current device] *******
ok: [h1]

TASK [Find configuration template for initial] *********************************
skipping: [h1]

TASK [fail] ********************************************************************
skipping: [h1]

TASK [Find configuration deployment deploy_script for initial] *****************
skipping: [h1]

TASK [Print deployed configuration when running in verbose mode] ***************
skipping: [h1]

TASK [Deploy initial configuration] ********************************************
skipping: [h1]

TASK [Figure out whether to deploy the module initial on current device] *******
ok: [h2]

TASK [Find configuration template for initial] *********************************
skipping: [h2]

TASK [fail] ********************************************************************
skipping: [h2]

TASK [Find configuration deployment deploy_script for initial] *****************
skipping: [h2]

TASK [Print deployed configuration when running in verbose mode] ***************
skipping: [h2]

TASK [Deploy initial configuration] ********************************************
skipping: [h2]

TASK [Figure out whether to deploy the module initial on current device] *******
ok: [h3]

TASK [Find configuration template for initial] *********************************
skipping: [h3]

TASK [fail] ********************************************************************
skipping: [h3]

TASK [Find configuration deployment deploy_script for initial] *****************
skipping: [h3]

TASK [Print deployed configuration when running in verbose mode] ***************
skipping: [h3]

TASK [Deploy initial configuration] ********************************************
skipping: [h3]

TASK [Figure out whether to deploy the module initial on current device] *******
ok: [h4]

TASK [Find configuration template for initial] *********************************
skipping: [h4]

TASK [fail] ********************************************************************
skipping: [h4]

TASK [Find configuration deployment deploy_script for initial] *****************
skipping: [h4]

TASK [Print deployed configuration when running in verbose mode] ***************
skipping: [h4]

TASK [Deploy initial configuration] ********************************************
skipping: [h4]

TASK [Figure out whether to deploy the module initial on current device] *******
ok: [l1]

TASK [Find configuration template for initial] *********************************
ok: [l1]

TASK [fail] ********************************************************************
skipping: [l1]

TASK [Find configuration deployment deploy_script for initial] *****************
ok: [l1]

TASK [Print deployed configuration when running in verbose mode] ***************
ok: [l1] => {
    "msg": "initial configuration for l1\n=========================================\nhostname l1\n!\nlldp\n!\n\nvrf customer\n    rd 65000:1\n!\n\n\n\n!\nvlan 1000\n name red\n!\nvlan 1001\n name blue\n!\n\n!\n\n!\ninterface mgmt\n    no lldp transmit\n    no lldp receive\n!\n\n\ninterface loopback 0\n    ip address 10.0.0.5/32\n    no shutdown\n!\n\ninterface 1/1/1\n    shutdown\n    mtu 9198\n    ip mtu 1600\n    description l1 -> spine\n    ip address 10.1.0.1/30\n    no shutdown\n!\n\ninterface 1/1/2\n    shutdown\n    mtu 9198\n    description [Access VLAN red] l1 -> h1\n    no shutdown\n!\n\ninterface 1/1/3\n    shutdown\n    mtu 9198\n    description [Access VLAN blue] l1 -> h3\n    no shutdown\n!\n\ninterface vlan1000\n    vrf attach customer\n    description VLAN red (1000) -> [h1,h2,l2,spine] [external]\n    no shutdown\n!\n\ninterface vlan1001\n    vrf attach customer\n    description VLAN blue (1001) -> [h3,h4,l2,spine] [external]\n    no shutdown\n!\n!\n"
}

TASK [Deploy initial configuration] ********************************************
included: /home/pipi/netlab_gh/netsim/ansible/tasks/deploy-config/arubacx.yml for l1

TASK [tempfile] ****************************************************************
changed: [l1 -> localhost]

TASK [template] ****************************************************************
changed: [l1 -> localhost]

TASK [aoscx_config: deploying initial from /work/netlab_cicd/node_files/l1/initial] ***
changed: [l1]

TASK [file] ********************************************************************
changed: [l1 -> localhost]

TASK [Figure out whether to deploy the module initial on current device] *******
ok: [l2]

TASK [Find configuration template for initial] *********************************
ok: [l2]

TASK [fail] ********************************************************************
skipping: [l2]

TASK [Find configuration deployment deploy_script for initial] *****************
ok: [l2]

TASK [Print deployed configuration when running in verbose mode] ***************
ok: [l2] => {
    "msg": "initial configuration for l2\n=========================================\n#!/bin/bash\n#\nset -e\nset -x\n#\n# Create bash profile script\n#\ncat <<SCRIPT >/root/.bash_profile\n#!/bin/bash\n#\nexport PS1=\"\\h(bash)# \"\necho\necho \"Use vtysh to connect to FRR daemon\"\necho\nSCRIPT\n#\n# This is an artifact of unknown provenance that should be removed in a year or two (= 2026/2027)\n#\n# FRR controls these parameters with 'ip forwarding' and 'ipv6 forwarding' commands\n#\nsysctl -w net.ipv4.ip_forward=1\nsysctl -w net.ipv6.conf.all.forwarding=0\n#\n#\n# Get the current next hop for the default route\n#\ndef_nh=$(ip route list default|awk '{ print $3 }')\n#\n# Create the management VRF and add eth0 to it\n#\nif [ ! -e /sys/devices/virtual/net/mgmt ]; then\n  ip link add mgmt type vrf table 42\nfi\nip link set mgmt up\nsysctl -qw net.ipv6.conf.eth0.keep_addr_on_down=1\nip link set eth0 master mgmt\n#\n# Reinstall the default route if we had it before\n#\nif [[ -n \"$def_nh\" ]]; then\n  ip route add 0.0.0.0/0 vrf mgmt via $def_nh\nfi\n#\n# Enable FRR modules (if not using containerlab bind-mounted /etc/frr/daemons)\n#\n\n# Set system defaults\n#\n# Send ARP requests from a sane source IP address\n#\nsysctl -w net.ipv4.conf.all.arp_announce=2\n\n#\n# Create loopbacks, stub and lag/bond devices\n#\nif [ ! -e /sys/class/net/lo ]; then\n  if [ ! -e /sys/devices/virtual/net/lo ]; then\n    ip link add lo type dummy\n    ip link set dev lo up\n  fi\nfi\n\n# Disable IPv6 (for IPv4-only interfaces) or SLAAC (if the device is a router)\n#\nip link set eth1 down\nsysctl -qw net.ipv6.conf.eth1.disable_ipv6=1\nip link set dev eth1 mtu 1600\nip link set eth1 up\nip link set eth2 down\nsysctl -qw net.ipv6.conf.eth2.disable_ipv6=1\nip link set dev eth2 mtu 1500\nip link set eth2 up\nip link set eth3 down\nsysctl -qw net.ipv6.conf.eth3.disable_ipv6=1\nip link set dev eth3 mtu 1500\nip link set eth3 up\n\n#\n# Add vtysh.conf file\necho \"service integrated-vtysh-config\" >/etc/frr/vtysh.conf\n\n#\n# Rest of initial configuration done through VTYSH\n#\ncat >/tmp/config <<CONFIG\nhostname l2\n!\nlog file /tmp/logging\n\n!\nip forwarding\nvrf mgmt\n exit-vrf\n!\nfrr defaults datacenter\n!\ninterface lo\n no shutdown\n ip address 10.0.0.6/32\n!\ninterface eth1\n no shutdown\n description l2 -> spine\n ip address 10.1.0.5/30\n!\ninterface eth2\n no shutdown\n description [Access VLAN red] l2 -> h2\n ! no ip address\n!\ninterface eth3\n no shutdown\n description [Access VLAN blue] l2 -> h4\n ! no ip address\n!\ninterface vlan1000\n no shutdown\n description VLAN red (1000) -> [h1,l1,h2,spine] [external]\n ! no ip address\n!\ninterface vlan1001\n no shutdown\n description VLAN blue (1001) -> [h3,l1,h4,spine] [external]\n ! no ip address\n!\ndo write\nCONFIG\nvtysh -f /tmp/config\n!\nexit 0\n"
}

TASK [Deploy initial configuration] ********************************************
included: /home/pipi/netlab_gh/netsim/ansible/tasks/frr/initial-clab.yml for l2

TASK [Attempt to load VRF kernel module] ***************************************
changed: [l2 -> localhost]

TASK [Disable FRR management VRF when modprobe fails] **************************
skipping: [l2]

TASK [include_tasks] ***********************************************************
included: /home/pipi/netlab_gh/netsim/ansible/tasks/frr/deploy-config.yml for l2

TASK [template] ****************************************************************
changed: [l2]

TASK [set_fact] ****************************************************************
ok: [l2]

TASK [run /tmp/config.sh to deploy initial config from /work/netlab_cicd/node_files/l2/initial] ***
changed: [l2]

TASK [run vtysh to import initial config from /work/netlab_cicd/node_files/l2/initial] ***
skipping: [l2]

TASK [Figure out whether to deploy the module initial on current device] *******
ok: [spine]

TASK [Find configuration template for initial] *********************************
ok: [spine]

TASK [fail] ********************************************************************
skipping: [spine]

TASK [Find configuration deployment deploy_script for initial] *****************
ok: [spine]

TASK [Print deployed configuration when running in verbose mode] ***************
ok: [spine] => {
    "msg": "initial configuration for spine\n=========================================\nhostname spine\n!\nlldp\n!\n\nvrf customer\n    rd 65000:1\n!\n\n    address-family ipv4 unicast\n        route-target import 65000:1\n        route-target export 65000:1\n    exit-address-family\n\n\n!\nvlan 1000\n name red\n!\nvlan 1001\n name blue\n!\n\n!\n\n!\ninterface mgmt\n    no lldp transmit\n    no lldp receive\n!\n\n\ninterface loopback 0\n    ip address 10.0.0.7/32\n    no shutdown\n!\n\ninterface 1/1/1\n    shutdown\n    mtu 9198\n    ip mtu 1600\n    description spine -> l1\n    ip address 10.1.0.2/30\n    no shutdown\n!\n\ninterface 1/1/2\n    shutdown\n    mtu 9198\n    ip mtu 1600\n    description spine -> l2\n    ip address 10.1.0.6/30\n    no shutdown\n!\n\ninterface vlan1000\n    vrf attach customer\n    description VLAN red (1000) -> [h1,l1,h2,l2] [external]\n    ip address 172.16.0.7/24\n    no shutdown\n!\n\ninterface vlan1001\n    vrf attach customer\n    description VLAN blue (1001) -> [h3,l1,h4,l2] [external]\n    ip address 172.16.1.7/24\n    no shutdown\n!\n!\n"
}

TASK [Deploy initial configuration] ********************************************
included: /home/pipi/netlab_gh/netsim/ansible/tasks/deploy-config/arubacx.yml for spine

TASK [tempfile] ****************************************************************
changed: [spine -> localhost]

TASK [template] ****************************************************************
changed: [spine -> localhost]

TASK [aoscx_config: deploying initial from /work/netlab_cicd/node_files/spine/initial] ***
changed: [spine]

TASK [file] ********************************************************************
changed: [spine -> localhost]

PLAY [Deploy module-specific configurations] ***********************************

TASK [Set variables that cannot be set with VARS] ******************************
ok: [h1]
ok: [h2]
ok: [h3]
ok: [h4]
ok: [l2]
ok: [l1]
ok: [spine]

TASK [Deploy individual configuration modules] *********************************
included: /home/pipi/netlab_gh/netsim/ansible/tasks/deploy-module.yml for h1 => (item=vlan)
included: /home/pipi/netlab_gh/netsim/ansible/tasks/deploy-module.yml for h1 => (item=routing)
included: /home/pipi/netlab_gh/netsim/ansible/tasks/deploy-module.yml for h1 => (item=ospf)
included: /home/pipi/netlab_gh/netsim/ansible/tasks/deploy-module.yml for h1 => (item=bgp)
included: /home/pipi/netlab_gh/netsim/ansible/tasks/deploy-module.yml for h1 => (item=vrf)
included: /home/pipi/netlab_gh/netsim/ansible/tasks/deploy-module.yml for h1 => (item=vxlan)
included: /home/pipi/netlab_gh/netsim/ansible/tasks/deploy-module.yml for h1 => (item=evpn)
included: /home/pipi/netlab_gh/netsim/ansible/tasks/deploy-module.yml for h2 => (item=vlan)
included: /home/pipi/netlab_gh/netsim/ansible/tasks/deploy-module.yml for h2 => (item=routing)
included: /home/pipi/netlab_gh/netsim/ansible/tasks/deploy-module.yml for h2 => (item=ospf)
included: /home/pipi/netlab_gh/netsim/ansible/tasks/deploy-module.yml for h2 => (item=bgp)
included: /home/pipi/netlab_gh/netsim/ansible/tasks/deploy-module.yml for h2 => (item=vrf)
included: /home/pipi/netlab_gh/netsim/ansible/tasks/deploy-module.yml for h2 => (item=vxlan)
included: /home/pipi/netlab_gh/netsim/ansible/tasks/deploy-module.yml for h2 => (item=evpn)
included: /home/pipi/netlab_gh/netsim/ansible/tasks/deploy-module.yml for h3 => (item=vlan)
included: /home/pipi/netlab_gh/netsim/ansible/tasks/deploy-module.yml for h3 => (item=routing)
included: /home/pipi/netlab_gh/netsim/ansible/tasks/deploy-module.yml for h3 => (item=ospf)
included: /home/pipi/netlab_gh/netsim/ansible/tasks/deploy-module.yml for h3 => (item=bgp)
included: /home/pipi/netlab_gh/netsim/ansible/tasks/deploy-module.yml for h3 => (item=vrf)
included: /home/pipi/netlab_gh/netsim/ansible/tasks/deploy-module.yml for h3 => (item=vxlan)
included: /home/pipi/netlab_gh/netsim/ansible/tasks/deploy-module.yml for h3 => (item=evpn)
included: /home/pipi/netlab_gh/netsim/ansible/tasks/deploy-module.yml for h4 => (item=vlan)
included: /home/pipi/netlab_gh/netsim/ansible/tasks/deploy-module.yml for h4 => (item=routing)
included: /home/pipi/netlab_gh/netsim/ansible/tasks/deploy-module.yml for h4 => (item=ospf)
included: /home/pipi/netlab_gh/netsim/ansible/tasks/deploy-module.yml for h4 => (item=bgp)
included: /home/pipi/netlab_gh/netsim/ansible/tasks/deploy-module.yml for h4 => (item=vrf)
included: /home/pipi/netlab_gh/netsim/ansible/tasks/deploy-module.yml for h4 => (item=vxlan)
included: /home/pipi/netlab_gh/netsim/ansible/tasks/deploy-module.yml for h4 => (item=evpn)
included: /home/pipi/netlab_gh/netsim/ansible/tasks/deploy-module.yml for l1 => (item=vlan)
included: /home/pipi/netlab_gh/netsim/ansible/tasks/deploy-module.yml for l1 => (item=routing)
included: /home/pipi/netlab_gh/netsim/ansible/tasks/deploy-module.yml for l1 => (item=ospf)
included: /home/pipi/netlab_gh/netsim/ansible/tasks/deploy-module.yml for l1 => (item=bgp)
included: /home/pipi/netlab_gh/netsim/ansible/tasks/deploy-module.yml for l1 => (item=vrf)
included: /home/pipi/netlab_gh/netsim/ansible/tasks/deploy-module.yml for l1 => (item=vxlan)
included: /home/pipi/netlab_gh/netsim/ansible/tasks/deploy-module.yml for l1 => (item=evpn)
included: /home/pipi/netlab_gh/netsim/ansible/tasks/deploy-module.yml for l2 => (item=vlan)
included: /home/pipi/netlab_gh/netsim/ansible/tasks/deploy-module.yml for l2 => (item=routing)
included: /home/pipi/netlab_gh/netsim/ansible/tasks/deploy-module.yml for l2 => (item=ospf)
included: /home/pipi/netlab_gh/netsim/ansible/tasks/deploy-module.yml for l2 => (item=bgp)
included: /home/pipi/netlab_gh/netsim/ansible/tasks/deploy-module.yml for l2 => (item=vrf)
included: /home/pipi/netlab_gh/netsim/ansible/tasks/deploy-module.yml for l2 => (item=vxlan)
included: /home/pipi/netlab_gh/netsim/ansible/tasks/deploy-module.yml for l2 => (item=evpn)
included: /home/pipi/netlab_gh/netsim/ansible/tasks/deploy-module.yml for spine => (item=vlan)
included: /home/pipi/netlab_gh/netsim/ansible/tasks/deploy-module.yml for spine => (item=routing)
included: /home/pipi/netlab_gh/netsim/ansible/tasks/deploy-module.yml for spine => (item=ospf)
included: /home/pipi/netlab_gh/netsim/ansible/tasks/deploy-module.yml for spine => (item=bgp)
included: /home/pipi/netlab_gh/netsim/ansible/tasks/deploy-module.yml for spine => (item=vrf)
included: /home/pipi/netlab_gh/netsim/ansible/tasks/deploy-module.yml for spine => (item=vxlan)
included: /home/pipi/netlab_gh/netsim/ansible/tasks/deploy-module.yml for spine => (item=evpn)

TASK [Figure out whether to deploy the module vlan on current device] **********
ok: [h1]

TASK [Find configuration template for vlan] ************************************
skipping: [h1]

TASK [fail] ********************************************************************
skipping: [h1]

TASK [Find configuration deployment deploy_script for vlan] ********************
skipping: [h1]

TASK [Print deployed configuration when running in verbose mode] ***************
skipping: [h1]

TASK [Deploy vlan configuration] ***********************************************
skipping: [h1]

TASK [Figure out whether to deploy the module routing on current device] *******
ok: [h1]

TASK [Find configuration template for routing] *********************************
skipping: [h1]

TASK [fail] ********************************************************************
skipping: [h1]

TASK [Find configuration deployment deploy_script for routing] *****************
skipping: [h1]

TASK [Print deployed configuration when running in verbose mode] ***************
skipping: [h1]

TASK [Deploy routing configuration] ********************************************
skipping: [h1]

TASK [Figure out whether to deploy the module ospf on current device] **********
ok: [h1]

TASK [Find configuration template for ospf] ************************************
skipping: [h1]

TASK [fail] ********************************************************************
skipping: [h1]

TASK [Find configuration deployment deploy_script for ospf] ********************
skipping: [h1]

TASK [Print deployed configuration when running in verbose mode] ***************
skipping: [h1]

TASK [Deploy ospf configuration] ***********************************************
skipping: [h1]

TASK [Figure out whether to deploy the module bgp on current device] ***********
ok: [h1]

TASK [Find configuration template for bgp] *************************************
skipping: [h1]

TASK [fail] ********************************************************************
skipping: [h1]

TASK [Find configuration deployment deploy_script for bgp] *********************
skipping: [h1]

TASK [Print deployed configuration when running in verbose mode] ***************
skipping: [h1]

TASK [Deploy bgp configuration] ************************************************
skipping: [h1]

TASK [Figure out whether to deploy the module vrf on current device] ***********
ok: [h1]

TASK [Find configuration template for vrf] *************************************
skipping: [h1]

TASK [fail] ********************************************************************
skipping: [h1]

TASK [Find configuration deployment deploy_script for vrf] *********************
skipping: [h1]

TASK [Print deployed configuration when running in verbose mode] ***************
skipping: [h1]

TASK [Deploy vrf configuration] ************************************************
skipping: [h1]

TASK [Figure out whether to deploy the module vxlan on current device] *********
ok: [h1]

TASK [Find configuration template for vxlan] ***********************************
skipping: [h1]

TASK [fail] ********************************************************************
skipping: [h1]

TASK [Find configuration deployment deploy_script for vxlan] *******************
skipping: [h1]

TASK [Print deployed configuration when running in verbose mode] ***************
skipping: [h1]

TASK [Deploy vxlan configuration] **********************************************
skipping: [h1]

TASK [Figure out whether to deploy the module evpn on current device] **********
ok: [h1]

TASK [Find configuration template for evpn] ************************************
skipping: [h1]

TASK [fail] ********************************************************************
skipping: [h1]

TASK [Find configuration deployment deploy_script for evpn] ********************
skipping: [h1]

TASK [Print deployed configuration when running in verbose mode] ***************
skipping: [h1]

TASK [Deploy evpn configuration] ***********************************************
skipping: [h1]

TASK [Figure out whether to deploy the module vlan on current device] **********
ok: [h2]

TASK [Find configuration template for vlan] ************************************
skipping: [h2]

TASK [fail] ********************************************************************
skipping: [h2]

TASK [Find configuration deployment deploy_script for vlan] ********************
skipping: [h2]

TASK [Print deployed configuration when running in verbose mode] ***************
skipping: [h2]

TASK [Deploy vlan configuration] ***********************************************
skipping: [h2]

TASK [Figure out whether to deploy the module routing on current device] *******
ok: [h2]

TASK [Find configuration template for routing] *********************************
skipping: [h2]

TASK [fail] ********************************************************************
skipping: [h2]

TASK [Find configuration deployment deploy_script for routing] *****************
skipping: [h2]

TASK [Print deployed configuration when running in verbose mode] ***************
skipping: [h2]

TASK [Deploy routing configuration] ********************************************
skipping: [h2]

TASK [Figure out whether to deploy the module ospf on current device] **********
ok: [h2]

TASK [Find configuration template for ospf] ************************************
skipping: [h2]

TASK [fail] ********************************************************************
skipping: [h2]

TASK [Find configuration deployment deploy_script for ospf] ********************
skipping: [h2]

TASK [Print deployed configuration when running in verbose mode] ***************
skipping: [h2]

TASK [Deploy ospf configuration] ***********************************************
skipping: [h2]

TASK [Figure out whether to deploy the module bgp on current device] ***********
ok: [h2]

TASK [Find configuration template for bgp] *************************************
skipping: [h2]

TASK [fail] ********************************************************************
skipping: [h2]

TASK [Find configuration deployment deploy_script for bgp] *********************
skipping: [h2]

TASK [Print deployed configuration when running in verbose mode] ***************
skipping: [h2]

TASK [Deploy bgp configuration] ************************************************
skipping: [h2]

TASK [Figure out whether to deploy the module vrf on current device] ***********
ok: [h2]

TASK [Find configuration template for vrf] *************************************
skipping: [h2]

TASK [fail] ********************************************************************
skipping: [h2]

TASK [Find configuration deployment deploy_script for vrf] *********************
skipping: [h2]

TASK [Print deployed configuration when running in verbose mode] ***************
skipping: [h2]

TASK [Deploy vrf configuration] ************************************************
skipping: [h2]

TASK [Figure out whether to deploy the module vxlan on current device] *********
ok: [h2]

TASK [Find configuration template for vxlan] ***********************************
skipping: [h2]

TASK [fail] ********************************************************************
skipping: [h2]

TASK [Find configuration deployment deploy_script for vxlan] *******************
skipping: [h2]

TASK [Print deployed configuration when running in verbose mode] ***************
skipping: [h2]

TASK [Deploy vxlan configuration] **********************************************
skipping: [h2]

TASK [Figure out whether to deploy the module evpn on current device] **********
ok: [h2]

TASK [Find configuration template for evpn] ************************************
skipping: [h2]

TASK [fail] ********************************************************************
skipping: [h2]

TASK [Find configuration deployment deploy_script for evpn] ********************
skipping: [h2]

TASK [Print deployed configuration when running in verbose mode] ***************
skipping: [h2]

TASK [Deploy evpn configuration] ***********************************************
skipping: [h2]

TASK [Figure out whether to deploy the module vlan on current device] **********
ok: [h3]

TASK [Find configuration template for vlan] ************************************
skipping: [h3]

TASK [fail] ********************************************************************
skipping: [h3]

TASK [Find configuration deployment deploy_script for vlan] ********************
skipping: [h3]

TASK [Print deployed configuration when running in verbose mode] ***************
skipping: [h3]

TASK [Deploy vlan configuration] ***********************************************
skipping: [h3]

TASK [Figure out whether to deploy the module routing on current device] *******
ok: [h3]

TASK [Find configuration template for routing] *********************************
skipping: [h3]

TASK [fail] ********************************************************************
skipping: [h3]

TASK [Find configuration deployment deploy_script for routing] *****************
skipping: [h3]

TASK [Print deployed configuration when running in verbose mode] ***************
skipping: [h3]

TASK [Deploy routing configuration] ********************************************
skipping: [h3]

TASK [Figure out whether to deploy the module ospf on current device] **********
ok: [h3]

TASK [Find configuration template for ospf] ************************************
skipping: [h3]

TASK [fail] ********************************************************************
skipping: [h3]

TASK [Find configuration deployment deploy_script for ospf] ********************
skipping: [h3]

TASK [Print deployed configuration when running in verbose mode] ***************
skipping: [h3]

TASK [Deploy ospf configuration] ***********************************************
skipping: [h3]

TASK [Figure out whether to deploy the module bgp on current device] ***********
ok: [h3]

TASK [Find configuration template for bgp] *************************************
skipping: [h3]

TASK [fail] ********************************************************************
skipping: [h3]

TASK [Find configuration deployment deploy_script for bgp] *********************
skipping: [h3]

TASK [Print deployed configuration when running in verbose mode] ***************
skipping: [h3]

TASK [Deploy bgp configuration] ************************************************
skipping: [h3]

TASK [Figure out whether to deploy the module vrf on current device] ***********
ok: [h3]

TASK [Find configuration template for vrf] *************************************
skipping: [h3]

TASK [fail] ********************************************************************
skipping: [h3]

TASK [Find configuration deployment deploy_script for vrf] *********************
skipping: [h3]

TASK [Print deployed configuration when running in verbose mode] ***************
skipping: [h3]

TASK [Deploy vrf configuration] ************************************************
skipping: [h3]

TASK [Figure out whether to deploy the module vxlan on current device] *********
ok: [h3]

TASK [Find configuration template for vxlan] ***********************************
skipping: [h3]

TASK [fail] ********************************************************************
skipping: [h3]

TASK [Find configuration deployment deploy_script for vxlan] *******************
skipping: [h3]

TASK [Print deployed configuration when running in verbose mode] ***************
skipping: [h3]

TASK [Deploy vxlan configuration] **********************************************
skipping: [h3]

TASK [Figure out whether to deploy the module evpn on current device] **********
ok: [h3]

TASK [Find configuration template for evpn] ************************************
skipping: [h3]

TASK [fail] ********************************************************************
skipping: [h3]

TASK [Find configuration deployment deploy_script for evpn] ********************
skipping: [h3]

TASK [Print deployed configuration when running in verbose mode] ***************
skipping: [h3]

TASK [Deploy evpn configuration] ***********************************************
skipping: [h3]

TASK [Figure out whether to deploy the module vlan on current device] **********
ok: [h4]

TASK [Find configuration template for vlan] ************************************
skipping: [h4]

TASK [fail] ********************************************************************
skipping: [h4]

TASK [Find configuration deployment deploy_script for vlan] ********************
skipping: [h4]

TASK [Print deployed configuration when running in verbose mode] ***************
skipping: [h4]

TASK [Deploy vlan configuration] ***********************************************
skipping: [h4]

TASK [Figure out whether to deploy the module routing on current device] *******
ok: [h4]

TASK [Find configuration template for routing] *********************************
skipping: [h4]

TASK [fail] ********************************************************************
skipping: [h4]

TASK [Find configuration deployment deploy_script for routing] *****************
skipping: [h4]

TASK [Print deployed configuration when running in verbose mode] ***************
skipping: [h4]

TASK [Deploy routing configuration] ********************************************
skipping: [h4]

TASK [Figure out whether to deploy the module ospf on current device] **********
ok: [h4]

TASK [Find configuration template for ospf] ************************************
skipping: [h4]

TASK [fail] ********************************************************************
skipping: [h4]

TASK [Find configuration deployment deploy_script for ospf] ********************
skipping: [h4]

TASK [Print deployed configuration when running in verbose mode] ***************
skipping: [h4]

TASK [Deploy ospf configuration] ***********************************************
skipping: [h4]

TASK [Figure out whether to deploy the module bgp on current device] ***********
ok: [h4]

TASK [Find configuration template for bgp] *************************************
skipping: [h4]

TASK [fail] ********************************************************************
skipping: [h4]

TASK [Find configuration deployment deploy_script for bgp] *********************
skipping: [h4]

TASK [Print deployed configuration when running in verbose mode] ***************
skipping: [h4]

TASK [Deploy bgp configuration] ************************************************
skipping: [h4]

TASK [Figure out whether to deploy the module vrf on current device] ***********
ok: [h4]

TASK [Find configuration template for vrf] *************************************
skipping: [h4]

TASK [fail] ********************************************************************
skipping: [h4]

TASK [Find configuration deployment deploy_script for vrf] *********************
skipping: [h4]

TASK [Print deployed configuration when running in verbose mode] ***************
skipping: [h4]

TASK [Deploy vrf configuration] ************************************************
skipping: [h4]

TASK [Figure out whether to deploy the module vxlan on current device] *********
ok: [h4]

TASK [Find configuration template for vxlan] ***********************************
skipping: [h4]

TASK [fail] ********************************************************************
skipping: [h4]

TASK [Find configuration deployment deploy_script for vxlan] *******************
skipping: [h4]

TASK [Print deployed configuration when running in verbose mode] ***************
skipping: [h4]

TASK [Deploy vxlan configuration] **********************************************
skipping: [h4]

TASK [Figure out whether to deploy the module evpn on current device] **********
ok: [h4]

TASK [Find configuration template for evpn] ************************************
skipping: [h4]

TASK [fail] ********************************************************************
skipping: [h4]

TASK [Find configuration deployment deploy_script for evpn] ********************
skipping: [h4]

TASK [Print deployed configuration when running in verbose mode] ***************
skipping: [h4]

TASK [Deploy evpn configuration] ***********************************************
skipping: [h4]

TASK [Figure out whether to deploy the module vlan on current device] **********
ok: [l1]

TASK [Find configuration template for vlan] ************************************
ok: [l1]

TASK [fail] ********************************************************************
skipping: [l1]

TASK [Find configuration deployment deploy_script for vlan] ********************
ok: [l1]

TASK [Print deployed configuration when running in verbose mode] ***************
ok: [l1] => {
    "msg": "vlan configuration for l1\n=========================================\n!\n!\ninterface 1/1/2\n no routing\n vlan access 1000\n!\ninterface 1/1/3\n no routing\n vlan access 1001\n!\ninterface vlan1000\n!\ninterface vlan1001\n"
}

TASK [Deploy vlan configuration] ***********************************************
included: /home/pipi/netlab_gh/netsim/ansible/tasks/deploy-config/arubacx.yml for l1

TASK [tempfile] ****************************************************************
changed: [l1 -> localhost]

TASK [template] ****************************************************************
changed: [l1 -> localhost]

TASK [aoscx_config: deploying vlan from /work/netlab_cicd/node_files/l1/vlan] ***
changed: [l1]

TASK [file] ********************************************************************
changed: [l1 -> localhost]

TASK [Figure out whether to deploy the module routing on current device] *******
ok: [l1]

TASK [Find configuration template for routing] *********************************
skipping: [l1]

TASK [fail] ********************************************************************
skipping: [l1]

TASK [Find configuration deployment deploy_script for routing] *****************
skipping: [l1]

TASK [Print deployed configuration when running in verbose mode] ***************
skipping: [l1]

TASK [Deploy routing configuration] ********************************************
skipping: [l1]

TASK [Figure out whether to deploy the module ospf on current device] **********
ok: [l1]

TASK [Find configuration template for ospf] ************************************
ok: [l1]

TASK [fail] ********************************************************************
skipping: [l1]

TASK [Find configuration deployment deploy_script for ospf] ********************
ok: [l1]

TASK [Print deployed configuration when running in verbose mode] ***************
ok: [l1] => {
    "msg": "ospf configuration for l1\n=========================================\n!\nrouter ospf 1\n    router-id 10.0.0.5\n\n\n\n\n\n    area 0.0.0.0\n    area 0.0.0.0\n\n!\ninterface loopback 0\n    ip ospf 1 area 0.0.0.0\n!\ninterface 1/1/1\n! l1 -> spine\n    ip ospf 1 area 0.0.0.0\n    ip ospf network point-to-point\n!\n"
}

TASK [Deploy ospf configuration] ***********************************************
included: /home/pipi/netlab_gh/netsim/ansible/tasks/deploy-config/arubacx.yml for l1

TASK [tempfile] ****************************************************************
changed: [l1 -> localhost]

TASK [template] ****************************************************************
changed: [l1 -> localhost]

TASK [aoscx_config: deploying ospf from /work/netlab_cicd/node_files/l1/ospf] ***
changed: [l1]

TASK [file] ********************************************************************
changed: [l1 -> localhost]

TASK [Figure out whether to deploy the module bgp on current device] ***********
ok: [l1]

TASK [Find configuration template for bgp] *************************************
ok: [l1]

TASK [fail] ********************************************************************
skipping: [l1]

TASK [Find configuration deployment deploy_script for bgp] *********************
ok: [l1]

TASK [Print deployed configuration when running in verbose mode] ***************
ok: [l1] => {
    "msg": "bgp configuration for l1\n=========================================\n!\n!\nrouter bgp 65000\n  bgp log-neighbor-changes\n  timers bgp connect-retry 10\n  bgp router-id 10.0.0.5\n  neighbor 10.0.0.7 remote-as 65000\n  neighbor 10.0.0.7 description spine\n  neighbor 10.0.0.7 update-source loopback 0\n\n!\n  address-family ipv4 unicast\n!\n\n    network 10.0.0.5/32\n!\n!\n    neighbor 10.0.0.7 activate\n    neighbor 10.0.0.7 advertisement-interval 1\n    neighbor 10.0.0.7 send-community both\n    neighbor 10.0.0.7 next-hop-self\n\n!\n"
}

TASK [Deploy bgp configuration] ************************************************
included: /home/pipi/netlab_gh/netsim/ansible/tasks/deploy-config/arubacx.yml for l1

TASK [tempfile] ****************************************************************
changed: [l1 -> localhost]

TASK [template] ****************************************************************
changed: [l1 -> localhost]

TASK [aoscx_config: deploying bgp from /work/netlab_cicd/node_files/l1/bgp] ****
changed: [l1]

TASK [file] ********************************************************************
changed: [l1 -> localhost]

TASK [Figure out whether to deploy the module vrf on current device] ***********
ok: [l1]

TASK [Find configuration template for vrf] *************************************
ok: [l1]

TASK [fail] ********************************************************************
skipping: [l1]

TASK [Find configuration deployment deploy_script for vrf] *********************
ok: [l1]

TASK [Print deployed configuration when running in verbose mode] ***************
ok: [l1] => {
    "msg": "vrf configuration for l1\n=========================================\n\n!\nrouter bgp 65000\n  vrf customer\n  bgp router-id 10.0.0.5\n\n\n"
}

TASK [Deploy vrf configuration] ************************************************
included: /home/pipi/netlab_gh/netsim/ansible/tasks/deploy-config/arubacx.yml for l1

TASK [tempfile] ****************************************************************
changed: [l1 -> localhost]

TASK [template] ****************************************************************
changed: [l1 -> localhost]

TASK [aoscx_config: deploying vrf from /work/netlab_cicd/node_files/l1/vrf] ****
changed: [l1]

TASK [file] ********************************************************************
changed: [l1 -> localhost]

TASK [Figure out whether to deploy the module vxlan on current device] *********
ok: [l1]

TASK [Find configuration template for vxlan] ***********************************
ok: [l1]

TASK [fail] ********************************************************************
skipping: [l1]

TASK [Find configuration deployment deploy_script for vxlan] *******************
ok: [l1]

TASK [Print deployed configuration when running in verbose mode] ***************
ok: [l1] => {
    "msg": "vxlan configuration for l1\n=========================================\n!\ninterface vxlan 1\n  source ip 10.0.0.5\n  no shutdown\n  vni 1000\n    vlan 1000\n  vni 1001\n    vlan 1001\n"
}

TASK [Deploy vxlan configuration] **********************************************
included: /home/pipi/netlab_gh/netsim/ansible/tasks/deploy-config/arubacx.yml for l1

TASK [tempfile] ****************************************************************
changed: [l1 -> localhost]

TASK [template] ****************************************************************
changed: [l1 -> localhost]

TASK [aoscx_config: deploying vxlan from /work/netlab_cicd/node_files/l1/vxlan] ***
changed: [l1]

TASK [file] ********************************************************************
changed: [l1 -> localhost]

TASK [Figure out whether to deploy the module evpn on current device] **********
ok: [l1]

TASK [Find configuration template for evpn] ************************************
ok: [l1]

TASK [fail] ********************************************************************
skipping: [l1]

TASK [Find configuration deployment deploy_script for evpn] ********************
ok: [l1]

TASK [Print deployed configuration when running in verbose mode] ***************
ok: [l1] => {
    "msg": "evpn configuration for l1\n=========================================\n!\nrouter bgp 65000\n!\n address-family l2vpn evpn\n  neighbor 10.0.0.7 activate\n  neighbor 10.0.0.7 send-community extended\n!\n\nevpn\n arp-suppression\n redistribute local-mac\n redistribute local-svi\n vlan 1000\n  rd 10.0.0.5:1000\n  route-target import 65000:1000\n  route-target export 65000:1000\n  route-target both 65000:1000\n\n vlan 1001\n  rd 10.0.0.5:1001\n  route-target import 65000:1001\n  route-target export 65000:1001\n  route-target both 65000:1001\n\n\nevpn\ninterface vxlan 1\n"
}

TASK [Deploy evpn configuration] ***********************************************
included: /home/pipi/netlab_gh/netsim/ansible/tasks/deploy-config/arubacx.yml for l1

TASK [tempfile] ****************************************************************
changed: [l1 -> localhost]

TASK [template] ****************************************************************
changed: [l1 -> localhost]

TASK [aoscx_config: deploying evpn from /work/netlab_cicd/node_files/l1/evpn] ***
changed: [l1]

TASK [file] ********************************************************************
changed: [l1 -> localhost]

TASK [Figure out whether to deploy the module vlan on current device] **********
ok: [l2]

TASK [Find configuration template for vlan] ************************************
ok: [l2]

TASK [fail] ********************************************************************
skipping: [l2]

TASK [Find configuration deployment deploy_script for vlan] ********************
ok: [l2]

TASK [Print deployed configuration when running in verbose mode] ***************
ok: [l2] => {
    "msg": "vlan configuration for l2\n=========================================\n#!/bin/bash\n#\nset -e # Exit immediately when any command fails\n#\nif [ ! -e /sys/devices/virtual/net/vlan1000 ]; then\n  ip link add vlan1000 type bridge\n  ip link set dev vlan1000 address ca:f4:00:06:00:00\n\n  ip addr flush dev vlan1000\nfi\nif [ ! -e /sys/devices/virtual/net/vlan1001 ]; then\n  ip link add vlan1001 type bridge\n  ip link set dev vlan1001 address ca:f4:00:06:00:01\n\n  ip addr flush dev vlan1001\nfi\n\nip link set dev eth2 master vlan1000\nip link set dev eth3 master vlan1001\n\nip link set dev vlan1000 up\nip link set dev vlan1001 up\n"
}

TASK [Deploy vlan configuration] ***********************************************
included: /home/pipi/netlab_gh/netsim/ansible/tasks/deploy-config/frr.yml for l2

TASK [template] ****************************************************************
changed: [l2]

TASK [set_fact] ****************************************************************
ok: [l2]

TASK [run /tmp/config.sh to deploy vlan config from /work/netlab_cicd/node_files/l2/vlan] ***
changed: [l2]

TASK [run vtysh to import vlan config from /work/netlab_cicd/node_files/l2/vlan] ***
skipping: [l2]

TASK [Figure out whether to deploy the module routing on current device] *******
ok: [l2]

TASK [Find configuration template for routing] *********************************
skipping: [l2]

TASK [fail] ********************************************************************
skipping: [l2]

TASK [Find configuration deployment deploy_script for routing] *****************
skipping: [l2]

TASK [Print deployed configuration when running in verbose mode] ***************
skipping: [l2]

TASK [Deploy routing configuration] ********************************************
skipping: [l2]

TASK [Figure out whether to deploy the module ospf on current device] **********
ok: [l2]

TASK [Find configuration template for ospf] ************************************
ok: [l2]

TASK [fail] ********************************************************************
skipping: [l2]

TASK [Find configuration deployment deploy_script for ospf] ********************
ok: [l2]

TASK [Print deployed configuration when running in verbose mode] ***************
ok: [l2] => {
    "msg": "ospf configuration for l2\n=========================================\n!\n! OSPFv2 FRR configuration\n!\nrouter ospf\n ospf router-id 10.0.0.6\n timers throttle spf 10 50 500\n timers throttle lsa all 100\n timers lsa min-arrival 100\n\n\nexit\n!\ninterface lo\n! \n ip ospf area 0.0.0.0\n!\ninterface eth1\n! l2 -> spine\n ip ospf area 0.0.0.0\n ip ospf network point-to-point\n!\n\n!\ndo write\n"
}

TASK [Deploy ospf configuration] ***********************************************
included: /home/pipi/netlab_gh/netsim/ansible/tasks/deploy-config/frr.yml for l2

TASK [template] ****************************************************************
changed: [l2]

TASK [set_fact] ****************************************************************
ok: [l2]

TASK [run /tmp/config.sh to deploy ospf config from /work/netlab_cicd/node_files/l2/ospf] ***
skipping: [l2]

TASK [run vtysh to import ospf config from /work/netlab_cicd/node_files/l2/ospf] ***
changed: [l2]

TASK [Figure out whether to deploy the module bgp on current device] ***********
ok: [l2]

TASK [Find configuration template for bgp] *************************************
ok: [l2]

TASK [fail] ********************************************************************
skipping: [l2]

TASK [Find configuration deployment deploy_script for bgp] *********************
ok: [l2]

TASK [Print deployed configuration when running in verbose mode] ***************
ok: [l2] => {
    "msg": "bgp configuration for l2\n=========================================\n!\nrouter bgp 65000\n  no bgp ebgp-requires-policy\n  no bgp default ipv4-unicast\n  bgp default show-hostname\n  bgp default show-nexthop-hostname\n  ! Consider AS paths of same length but with different AS as ECMP candidates\n  bgp bestpath as-path multipath-relax\n\n  bgp router-id 10.0.0.6\n!\n  neighbor 10.0.0.7 remote-as 65000\n  neighbor 10.0.0.7 description spine\n  neighbor 10.0.0.7 update-source lo\n!\n address-family ipv4 unicast\n!\n\n!\n! Originate networks from connected subnets\n!\n  network 10.0.0.6/32\n!\n  neighbor 10.0.0.7 activate\n  neighbor 10.0.0.7 next-hop-self\n  no neighbor 10.0.0.7 send-community all\n  neighbor 10.0.0.7 send-community standard\n  neighbor 10.0.0.7 send-community large\n  neighbor 10.0.0.7 send-community extended\n!\n!\n!\ndo write\n"
}

TASK [Deploy bgp configuration] ************************************************
included: /home/pipi/netlab_gh/netsim/ansible/tasks/deploy-config/frr.yml for l2

TASK [template] ****************************************************************
changed: [l2]

TASK [set_fact] ****************************************************************
ok: [l2]

TASK [run /tmp/config.sh to deploy bgp config from /work/netlab_cicd/node_files/l2/bgp] ***
skipping: [l2]

TASK [run vtysh to import bgp config from /work/netlab_cicd/node_files/l2/bgp] ***
changed: [l2]

TASK [Figure out whether to deploy the module vrf on current device] ***********
ok: [l2]

TASK [Find configuration template for vrf] *************************************
ok: [l2]

TASK [fail] ********************************************************************
skipping: [l2]

TASK [Find configuration deployment deploy_script for vrf] *********************
ok: [l2]

TASK [Print deployed configuration when running in verbose mode] ***************
ok: [l2] => {
    "msg": "vrf configuration for l2\n=========================================\n#!/bin/bash\n#\nset -e # Exit immediately when any command fails\n#\n\n# Create VRF tables\nif [ ! -e /sys/devices/virtual/net/customer ]; then\nip link add customer type vrf table 100\nfi\nip link set customer up\n\n# Move interfaces and loopbacks to vrfs\nsysctl -qw net.ipv6.conf.vlan1000.keep_addr_on_down=1\nip link set vlan1000 master customer\nsysctl -qw net.ipv6.conf.vlan1001.keep_addr_on_down=1\nip link set vlan1001 master customer\n\ncat >/tmp/vrf_config <<CONFIG\nvrf customer\n exit-vrf\n!\nrouter bgp 65000\n!\n!\nrouter bgp 65000 vrf customer\n no bgp ebgp-requires-policy\n no bgp default ipv4-unicast\n bgp router-id 10.0.0.6\n!\n!\ndo write\n!\nCONFIG\nvtysh -f /tmp/vrf_config\nexit $?\n"
}

TASK [Deploy vrf configuration] ************************************************
included: /home/pipi/netlab_gh/netsim/ansible/tasks/deploy-config/frr.yml for l2

TASK [template] ****************************************************************
changed: [l2]

TASK [set_fact] ****************************************************************
ok: [l2]

TASK [run /tmp/config.sh to deploy vrf config from /work/netlab_cicd/node_files/l2/vrf] ***
changed: [l2]

TASK [run vtysh to import vrf config from /work/netlab_cicd/node_files/l2/vrf] ***
skipping: [l2]

TASK [Figure out whether to deploy the module vxlan on current device] *********
ok: [l2]

TASK [Find configuration template for vxlan] ***********************************
ok: [l2]

TASK [fail] ********************************************************************
skipping: [l2]

TASK [Find configuration deployment deploy_script for vxlan] *******************
ok: [l2]

TASK [Print deployed configuration when running in verbose mode] ***************
ok: [l2] => {
    "msg": "vxlan configuration for l2\n=========================================\n#!/bin/bash\n#\nset -e # Exit immediately when any command fails\n#\n\n\n\n# Create L3 VNIs with bridges and add to correct vrf table\n\n# Create VXLAN L2 interface per vni\nip link add vxlan1000 type vxlan \\\n  id 1000 \\\n  dstport 4789 \\\n  local 10.0.0.6 nolearning\n#\n# Add it to the VLAN bridge (create if needed for l3 vnis); disable STP\nif [ ! -e /sys/devices/virtual/net/vlan1000 ]; then\nip link add vlan1000 type bridge\nip link set up dev vlan1000\nfi\nip link set dev vxlan1000 master vlan1000\nip link set vlan1000 type bridge stp_state 0\n\n# Do not generate ipv6 link-local address for VXLAN devices\nip link set mtu 1500 addrgenmode none dev vxlan1000\n# Disable dynamic MAC learning for evpn, see https://docs.frrouting.org/en/latest/evpn.html\nbridge link set dev vxlan1000 learning off\nip link set up dev vxlan1000\n\n# Create VXLAN L2 interface per vni\nip link add vxlan1001 type vxlan \\\n  id 1001 \\\n  dstport 4789 \\\n  local 10.0.0.6 nolearning\n#\n# Add it to the VLAN bridge (create if needed for l3 vnis); disable STP\nif [ ! -e /sys/devices/virtual/net/vlan1001 ]; then\nip link add vlan1001 type bridge\nip link set up dev vlan1001\nfi\nip link set dev vxlan1001 master vlan1001\nip link set vlan1001 type bridge stp_state 0\n\n# Do not generate ipv6 link-local address for VXLAN devices\nip link set mtu 1500 addrgenmode none dev vxlan1001\n# Disable dynamic MAC learning for evpn, see https://docs.frrouting.org/en/latest/evpn.html\nbridge link set dev vxlan1001 learning off\nip link set up dev vxlan1001\n\n\nexit $?\n"
}

TASK [Deploy vxlan configuration] **********************************************
included: /home/pipi/netlab_gh/netsim/ansible/tasks/deploy-config/frr.yml for l2

TASK [template] ****************************************************************
changed: [l2]

TASK [set_fact] ****************************************************************
ok: [l2]

TASK [run /tmp/config.sh to deploy vxlan config from /work/netlab_cicd/node_files/l2/vxlan] ***
changed: [l2]

TASK [run vtysh to import vxlan config from /work/netlab_cicd/node_files/l2/vxlan] ***
skipping: [l2]

TASK [Figure out whether to deploy the module evpn on current device] **********
ok: [l2]

TASK [Find configuration template for evpn] ************************************
ok: [l2]

TASK [fail] ********************************************************************
skipping: [l2]

TASK [Find configuration deployment deploy_script for evpn] ********************
ok: [l2]

TASK [Print deployed configuration when running in verbose mode] ***************
ok: [l2] => {
    "msg": "evpn configuration for l2\n=========================================\n#!/bin/bash\n#\nset -e\ncat >/tmp/evpn_config <<CONFIG\nrouter bgp 65000\n address-family l2vpn evpn\n  advertise-all-vni\n  advertise-svi-ip\n  advertise ipv4 unicast\n\n! Configure explicit Route Targets and RD per L2 VNI; auto-derived differs\n  vni 1000\n   rd 10.0.0.6:1000\n   route-target import 65000:1000\n   route-target export 65000:1000\n  exit-vni\n  vni 1001\n   rd 10.0.0.6:1001\n   route-target import 65000:1001\n   route-target export 65000:1001\n  exit-vni\n\n  neighbor 10.0.0.7 activate\n#  neighbor 10.0.0.7 soft-reconfiguration inbound\n\n exit-address-family\n!\n \nexit\n\n! L3 VRF EVPN handling\n!\ndo write\nCONFIG\nvtysh -f /tmp/evpn_config\nvtysh -c 'clear bgp *'\n"
}

TASK [Deploy evpn configuration] ***********************************************
included: /home/pipi/netlab_gh/netsim/ansible/tasks/deploy-config/frr.yml for l2

TASK [template] ****************************************************************
changed: [l2]

TASK [set_fact] ****************************************************************
ok: [l2]

TASK [run /tmp/config.sh to deploy evpn config from /work/netlab_cicd/node_files/l2/evpn] ***
changed: [l2]

TASK [run vtysh to import evpn config from /work/netlab_cicd/node_files/l2/evpn] ***
skipping: [l2]

TASK [Figure out whether to deploy the module vlan on current device] **********
ok: [spine]

TASK [Find configuration template for vlan] ************************************
ok: [spine]

TASK [fail] ********************************************************************
skipping: [spine]

TASK [Find configuration deployment deploy_script for vlan] ********************
ok: [spine]

TASK [Print deployed configuration when running in verbose mode] ***************
ok: [spine] => {
    "msg": "vlan configuration for spine\n=========================================\n!\n!\ninterface vlan1000\n!\ninterface vlan1001\n"
}

TASK [Deploy vlan configuration] ***********************************************
included: /home/pipi/netlab_gh/netsim/ansible/tasks/deploy-config/arubacx.yml for spine

TASK [tempfile] ****************************************************************
changed: [spine -> localhost]

TASK [template] ****************************************************************
changed: [spine -> localhost]

TASK [aoscx_config: deploying vlan from /work/netlab_cicd/node_files/spine/vlan] ***
changed: [spine]

TASK [file] ********************************************************************
changed: [spine -> localhost]

TASK [Figure out whether to deploy the module routing on current device] *******
ok: [spine]

TASK [Find configuration template for routing] *********************************
skipping: [spine]

TASK [fail] ********************************************************************
skipping: [spine]

TASK [Find configuration deployment deploy_script for routing] *****************
skipping: [spine]

TASK [Print deployed configuration when running in verbose mode] ***************
skipping: [spine]

TASK [Deploy routing configuration] ********************************************
skipping: [spine]

TASK [Figure out whether to deploy the module ospf on current device] **********
ok: [spine]

TASK [Find configuration template for ospf] ************************************
ok: [spine]

TASK [fail] ********************************************************************
skipping: [spine]

TASK [Find configuration deployment deploy_script for ospf] ********************
ok: [spine]

TASK [Print deployed configuration when running in verbose mode] ***************
ok: [spine] => {
    "msg": "ospf configuration for spine\n=========================================\n!\nrouter ospf 1\n    router-id 10.0.0.7\n\n\n\n\n\n    area 0.0.0.0\n    area 0.0.0.0\n    area 0.0.0.0\n\n!\ninterface loopback 0\n    ip ospf 1 area 0.0.0.0\n!\ninterface 1/1/1\n! spine -> l1\n    ip ospf 1 area 0.0.0.0\n    ip ospf network point-to-point\n!\ninterface 1/1/2\n! spine -> l2\n    ip ospf 1 area 0.0.0.0\n    ip ospf network point-to-point\n!\n"
}

TASK [Deploy ospf configuration] ***********************************************
included: /home/pipi/netlab_gh/netsim/ansible/tasks/deploy-config/arubacx.yml for spine

TASK [tempfile] ****************************************************************
changed: [spine -> localhost]

TASK [template] ****************************************************************
changed: [spine -> localhost]

TASK [aoscx_config: deploying ospf from /work/netlab_cicd/node_files/spine/ospf] ***
changed: [spine]

TASK [file] ********************************************************************
changed: [spine -> localhost]

TASK [Figure out whether to deploy the module bgp on current device] ***********
ok: [spine]

TASK [Find configuration template for bgp] *************************************
ok: [spine]

TASK [fail] ********************************************************************
skipping: [spine]

TASK [Find configuration deployment deploy_script for bgp] *********************
ok: [spine]

TASK [Print deployed configuration when running in verbose mode] ***************
ok: [spine] => {
    "msg": "bgp configuration for spine\n=========================================\n!\n!\nrouter bgp 65000\n  bgp log-neighbor-changes\n  timers bgp connect-retry 10\n  bgp router-id 10.0.0.7\n  bgp cluster-id 10.0.0.7\n  neighbor 10.0.0.5 remote-as 65000\n  neighbor 10.0.0.5 description l1\n  neighbor 10.0.0.5 update-source loopback 0\n\n  neighbor 10.0.0.6 remote-as 65000\n  neighbor 10.0.0.6 description l2\n  neighbor 10.0.0.6 update-source loopback 0\n\n!\n  address-family ipv4 unicast\n!\n\n    network 10.0.0.7/32\n!\n!\n    neighbor 10.0.0.5 activate\n    neighbor 10.0.0.5 advertisement-interval 1\n    neighbor 10.0.0.5 send-community both\n    neighbor 10.0.0.5 next-hop-self\n    neighbor 10.0.0.5 route-reflector-client\n\n    neighbor 10.0.0.6 activate\n    neighbor 10.0.0.6 advertisement-interval 1\n    neighbor 10.0.0.6 send-community both\n    neighbor 10.0.0.6 next-hop-self\n    neighbor 10.0.0.6 route-reflector-client\n\n!\n"
}

TASK [Deploy bgp configuration] ************************************************
included: /home/pipi/netlab_gh/netsim/ansible/tasks/deploy-config/arubacx.yml for spine

TASK [tempfile] ****************************************************************
changed: [spine -> localhost]

TASK [template] ****************************************************************
changed: [spine -> localhost]

TASK [aoscx_config: deploying bgp from /work/netlab_cicd/node_files/spine/bgp] ***
changed: [spine]

TASK [file] ********************************************************************
changed: [spine -> localhost]

TASK [Figure out whether to deploy the module vrf on current device] ***********
ok: [spine]

TASK [Find configuration template for vrf] *************************************
ok: [spine]

TASK [fail] ********************************************************************
skipping: [spine]

TASK [Find configuration deployment deploy_script for vrf] *********************
ok: [spine]

TASK [Print deployed configuration when running in verbose mode] ***************
ok: [spine] => {
    "msg": "vrf configuration for spine\n=========================================\n\n!\nrouter bgp 65000\n  vrf customer\n  bgp router-id 10.0.0.7\n\n\n address-family ipv4 unicast\n  redistribute local loopback\n  redistribute connected\n!\n!\n"
}

TASK [Deploy vrf configuration] ************************************************
included: /home/pipi/netlab_gh/netsim/ansible/tasks/deploy-config/arubacx.yml for spine

TASK [tempfile] ****************************************************************
changed: [spine -> localhost]

TASK [template] ****************************************************************
changed: [spine -> localhost]

TASK [aoscx_config: deploying vrf from /work/netlab_cicd/node_files/spine/vrf] ***
changed: [spine]

TASK [file] ********************************************************************
changed: [spine -> localhost]

TASK [Figure out whether to deploy the module vxlan on current device] *********
ok: [spine]

TASK [Find configuration template for vxlan] ***********************************
ok: [spine]

TASK [fail] ********************************************************************
skipping: [spine]

TASK [Find configuration deployment deploy_script for vxlan] *******************
ok: [spine]

TASK [Print deployed configuration when running in verbose mode] ***************
ok: [spine] => {
    "msg": "vxlan configuration for spine\n=========================================\n!\ninterface vxlan 1\n  source ip 10.0.0.7\n  no shutdown\n  vni 1000\n    vlan 1000\n  vni 1001\n    vlan 1001\n"
}

TASK [Deploy vxlan configuration] **********************************************
included: /home/pipi/netlab_gh/netsim/ansible/tasks/deploy-config/arubacx.yml for spine

TASK [tempfile] ****************************************************************
changed: [spine -> localhost]

TASK [template] ****************************************************************
changed: [spine -> localhost]

TASK [aoscx_config: deploying vxlan from /work/netlab_cicd/node_files/spine/vxlan] ***
changed: [spine]

TASK [file] ********************************************************************
changed: [spine -> localhost]

TASK [Figure out whether to deploy the module evpn on current device] **********
ok: [spine]

TASK [Find configuration template for evpn] ************************************
ok: [spine]

TASK [fail] ********************************************************************
skipping: [spine]

TASK [Find configuration deployment deploy_script for evpn] ********************
ok: [spine]

TASK [Print deployed configuration when running in verbose mode] ***************
ok: [spine] => {
    "msg": "evpn configuration for spine\n=========================================\n!\nrouter bgp 65000\n!\n address-family l2vpn evpn\n  neighbor 10.0.0.5 activate\n  neighbor 10.0.0.5 send-community extended\n  neighbor 10.0.0.5 route-reflector-client\n  neighbor 10.0.0.6 activate\n  neighbor 10.0.0.6 send-community extended\n  neighbor 10.0.0.6 route-reflector-client\n!\n\nevpn\n arp-suppression\n redistribute local-mac\n redistribute local-svi\n vlan 1000\n  rd 10.0.0.7:1000\n  route-target import 65000:1000\n  route-target export 65000:1000\n  route-target both 65000:1000\n\n vlan 1001\n  rd 10.0.0.7:1001\n  route-target import 65000:1001\n  route-target export 65000:1001\n  route-target both 65000:1001\n\n\nevpn\nvrf customer\n  route-target import 65000:1 evpn\n  route-target export 65000:1 evpn\ninterface vxlan 1\n"
}

TASK [Deploy evpn configuration] ***********************************************
included: /home/pipi/netlab_gh/netsim/ansible/tasks/deploy-config/arubacx.yml for spine

TASK [tempfile] ****************************************************************
changed: [spine -> localhost]

TASK [template] ****************************************************************
changed: [spine -> localhost]

TASK [aoscx_config: deploying evpn from /work/netlab_cicd/node_files/spine/evpn] ***
changed: [spine]

TASK [file] ********************************************************************
changed: [spine -> localhost]

PLAY [Deploy custom deployment templates] **************************************
skipping: no hosts matched

PLAY RECAP *********************************************************************
h1                         : ok=23   changed=0    unreachable=0    failed=0    skipped=45   rescued=0    ignored=0   
h2                         : ok=23   changed=0    unreachable=0    failed=0    skipped=45   rescued=0    ignored=0   
h3                         : ok=23   changed=0    unreachable=0    failed=0    skipped=45   rescued=0    ignored=0   
h4                         : ok=23   changed=0    unreachable=0    failed=0    skipped=45   rescued=0    ignored=0   
l1                         : ok=79   changed=28   unreachable=0    failed=0    skipped=17   rescued=0    ignored=0   
l2                         : ok=74   changed=15   unreachable=0    failed=0    skipped=25   rescued=0    ignored=0   
spine                      : ok=79   changed=28   unreachable=0    failed=0    skipped=17   rescued=0    ignored=0   


Warning: The following warnings were generated during the 'netlab initial' processing
Warning: ansible: You're using Ansible version 12.x or higher; netlab might not work correctly
Results of configuration script deployments
================================================================================
h1                           OK: 2   
h2                           OK: 2   
h3                           OK: 2   
h4                           OK: 2   


The devices under test are a layer-2 leaf and a spine performing centralized
routing.

All hosts should be able to ping each other and all switch loopback IPs

Please note it might take a while for the lab to work due to STP learning
phase.

