17:33:36 INFO Parsing & checking topology file=clab-augment.yml
17:33:36 INFO Parsing & checking topology file=clab-augment.yml
17:33:36 INFO Destroying lab name=ml_17
17:33:37 INFO Removed container name=clab-ml_17-ce1
17:33:37 INFO Removed container name=clab-ml_17-s2
17:33:37 INFO Removed container name=clab-ml_17-ce2
17:33:37 INFO Removing host entries path=/etc/hosts
17:33:37 INFO Removing SSH config path=/etc/ssh/ssh_config.d/clab-ml_17.conf
[fog][WARNING] Unrecognized arguments: libvirt_ip_command
==> s1: Removing domain...
==> s1: Deleting the machine folder
Checking virtualization provider installation
OK: libvirt installed and working correctly
OK: clab installed and working correctly
Stopping clab nodes

Stopping libvirt nodes
Cleanup configuration files
... removing Vagrantfile
... removing directory tree clab_files
... removing clab-augment.yml
... removing ansible.cfg
... removing hosts.yml
... removing directory tree group_vars
... removing directory tree host_vars
... removing netlab.snapshot.yml
