Bringing machine 'dut' up with 'libvirt' provider...
Bringing machine 'xs' up with 'libvirt' provider...
==> dut: Checking if box 'arista/veos' version '4.31.2F' is up to date...
==> xs: Checking if box 'debian/bookworm64' version '12.20250126.1' is up to date...
[fog][WARNING] Unrecognized arguments: libvirt_ip_command
==> dut: Creating image (snapshot of base box volume).
==> dut: Creating domain with the following settings...
==> dut:  -- Name:              ml-17_dut
==> dut:  -- Description:       Source: /work/netlab_cicd/Vagrantfile
==> dut:  -- Domain type:       kvm
==> dut:  -- Cpus:              2
==> dut:  -- Feature:           acpi
==> dut:  -- Feature:           apic
==> dut:  -- Feature:           pae
==> dut:  -- Clock offset:      utc
==> dut:  -- Memory:            2048M
==> dut:  -- Management MAC:    ca:fe:00:05:00:00
==> dut:  -- Base box:          arista/veos
==> dut:  -- Storage pool:      default
==> dut:  -- Image(vda):        /var/lib/libvirt/images/ml-17_dut.img, ide, 5G
==> dut:  -- Disk driver opts:  cache='default'
==> dut:  -- Graphics Type:     vnc
==> dut:  -- Video Type:        cirrus
==> dut:  -- Video VRAM:        16384
==> dut:  -- Video 3D accel:    false
==> dut:  -- Keymap:            en-us
==> dut:  -- TPM Backend:       passthrough
==> dut:  -- INPUT:             type=mouse, bus=ps2
==> dut: Creating shared folders metadata...
==> dut: Starting domain.
==> dut: Domain launching with graphics connection settings...
==> dut:  -- Graphics Port:      5900
==> dut:  -- Graphics IP:        127.0.0.1
==> dut:  -- Graphics Password:  Not defined
[fog][WARNING] Unrecognized arguments: libvirt_ip_command
==> dut:  -- Graphics Websocket: 5700
==> xs: Creating image (snapshot of base box volume).
==> dut: Waiting for domain to get an IP address...
==> xs: Creating domain with the following settings...
==> xs:  -- Name:              ml-17_xs
==> xs:  -- Description:       Source: /work/netlab_cicd/Vagrantfile
==> xs:  -- Domain type:       kvm
==> xs:  -- Cpus:              1
==> xs:  -- Feature:           acpi
==> xs:  -- Feature:           apic
==> xs:  -- Feature:           pae
==> xs:  -- Clock offset:      utc
==> xs:  -- Memory:            1024M
==> xs:  -- Management MAC:    ca:fe:00:06:00:00
==> xs:  -- Base box:          debian/bookworm64
==> xs:  -- Storage pool:      default
==> xs:  -- Image(vda):        /var/lib/libvirt/images/ml-17_xs.img, virtio, 100G
==> xs:  -- Disk driver opts:  cache='default'
==> xs:  -- Graphics Type:     vnc
==> xs:  -- Video Type:        cirrus
==> xs:  -- Video VRAM:        16384
==> xs:  -- Video 3D accel:    false
==> xs:  -- Keymap:            en-us
==> xs:  -- TPM Backend:       passthrough
==> xs:  -- INPUT:             type=mouse, bus=ps2
==> xs: Creating shared folders metadata...
==> xs: Starting domain.
==> xs: Domain launching with graphics connection settings...
==> xs:  -- Graphics Port:      5901
==> xs:  -- Graphics IP:        127.0.0.1
==> xs:  -- Graphics Password:  Not defined
==> xs:  -- Graphics Websocket: 5701
==> xs: Waiting for domain to get an IP address...
==> xs: Waiting for machine to boot. This may take a few minutes...
    xs: SSH address: 192.168.17.106:22
    xs: SSH username: vagrant
    xs: SSH auth method: private key
    xs: Warning: Connection refused. Retrying...
    xs: 
    xs: Vagrant insecure key detected. Vagrant will automatically replace
    xs: this with a newly generated keypair for better security.
    xs: 
    xs: Inserting generated public key within guest...
    xs: Removing insecure key from the guest if it's present...
    xs: Key inserted! Disconnecting and reconnecting using new SSH key...
==> xs: Machine booted and ready!
==> xs: Running provisioner: shell...
    xs: Running: inline script
    xs: Setting password for user Vagrant
    xs: Enabling SSH password authentication
    xs: Installing GPG, curl, and iproute2
    xs: Installing FRR -- set 'netlab_quick_start' node variable to True to skip this step
    xs: Installation complete
==> dut: Waiting for machine to boot. This may take a few minutes...
    dut: SSH address: 192.168.17.105:22
    dut: SSH username: vagrant
    dut: SSH auth method: private key
==> dut: Machine booted and ready!

==> xs: Machine 'xs' has a post `vagrant up` message. This is a message
==> xs: from the creator of the Vagrantfile, and not from Vagrant itself:
==> xs: 
==> xs: Vanilla Debian box. See https://app.vagrantup.com/debian for help and bug reports
10:21:04 INFO Containerlab started version=0.72.0
10:21:04 INFO Parsing & checking topology file=clab-augment.yml
10:21:04 INFO Removing directory path=/work/netlab_cicd/clab-ml-17
10:21:04 INFO Creating docker network name=nl_mgmt_17 IPv4 subnet=192.168.17.0/24 IPv6 subnet="" MTU=0
10:21:04 INFO Creating lab directory path=/work/netlab_cicd/clab-ml-17
10:21:04 INFO Creating container name=h1
10:21:04 INFO Creating container name=h3
10:21:04 INFO Creating container name=h2
10:21:04 INFO Creating container name=h4
10:21:05 INFO Created link: h1:eth1 ▪┄┄▪ virbr1:bni17n1i1
10:21:05 INFO Created link: h2:eth1 ▪┄┄▪ virbr3:bni17n2i1
10:21:05 INFO Created link: h4:eth1 ▪┄┄▪ virbr4:bni17n4i1
10:21:05 INFO Created link: h3:eth1 ▪┄┄▪ virbr2:bni17n3i1
10:21:05 INFO Adding host entries path=/etc/hosts
10:21:05 INFO Adding SSH config for nodes path=/etc/ssh/ssh_config.d/clab-ml-17.conf
[1m╭[0m[1m───────────────[0m[1m┬[0m[1m────────────────────[0m[1m┬[0m[1m─────────[0m[1m┬[0m[1m────────────────[0m[1m╮[0m
[1m│[0m[1m      Name     [0m[1m│[0m[1m     Kind/Image     [0m[1m│[0m[1m  State  [0m[1m│[0m[1m IPv4/6 Address [0m[1m│[0m
[1m├[0m[1m───────────────[0m[1m┼[0m[1m────────────────────[0m[1m┼[0m[1m─────────[0m[1m┼[0m[1m────────────────[0m[1m┤[0m
│ clab-ml-17-h1 │ linux              │ running │ 192.168.17.101 │
│               │ python:3.13-alpine │         │ N/A            │
├───────────────┼────────────────────┼─────────┼────────────────┤
│ clab-ml-17-h2 │ linux              │ running │ 192.168.17.102 │
│               │ python:3.13-alpine │         │ N/A            │
├───────────────┼────────────────────┼─────────┼────────────────┤
│ clab-ml-17-h3 │ linux              │ running │ 192.168.17.103 │
│               │ python:3.13-alpine │         │ N/A            │
├───────────────┼────────────────────┼─────────┼────────────────┤
│ clab-ml-17-h4 │ linux              │ running │ 192.168.17.104 │
│               │ python:3.13-alpine │         │ N/A            │
╰───────────────┴────────────────────┴─────────┴────────────────╯
Using transformed lab topology from snapshot file netlab.snapshot.pickle
Checking virtualization provider installation
OK: libvirt installed and working correctly
OK: clab installed and working correctly
Starting libvirt nodes
creating libvirt management network nl_mgmt_17
provider libvirt: executing vagrant up --provider libvirt
Starting clab nodes
Recreating clab-augment.yml configuration file for clab provider
Createdprovider configuration file: clab-augment.yml
provider clab: executing sudo -E containerlab deploy --reconfigure -t clab-augment.yml

Initial configuration skipped, run 'netlab initial' to configure the devices
