Bringing machine 's1' up with 'libvirt' provider...
Bringing machine 's2' up with 'libvirt' provider...
Bringing machine 'x1' up with 'libvirt' provider...
==> s1: Checking if box 'arista/veos' version '4.31.2F' is up to date...
[fog][WARNING] Unrecognized arguments: libvirt_ip_command
==> s1: Creating image (snapshot of base box volume).
==> s1: Creating domain with the following settings...
==> s1:  -- Name:              ml-17_s1
==> s1:  -- Description:       Source: /work/netlab_cicd/Vagrantfile
==> s1:  -- Domain type:       kvm
==> s1:  -- Cpus:              2
==> s1:  -- Feature:           acpi
==> s1:  -- Feature:           apic
==> s1:  -- Feature:           pae
==> s1:  -- Clock offset:      utc
==> s1:  -- Memory:            2048M
==> s1:  -- Management MAC:    ca:fe:00:01:00:00
==> s1:  -- Base box:          arista/veos
==> s1:  -- Storage pool:      default
==> s1:  -- Image(vda):        /var/lib/libvirt/images/ml-17_s1.img, ide, 5G
==> s1:  -- Disk driver opts:  cache='default'
==> s1:  -- Graphics Type:     vnc
==> s1:  -- Video Type:        cirrus
==> s1:  -- Video VRAM:        16384
==> s1:  -- Video 3D accel:    false
==> s1:  -- Keymap:            en-us
==> s1:  -- TPM Backend:       passthrough
==> s1:  -- INPUT:             type=mouse, bus=ps2
==> s2: Checking if box 'arista/veos' version '4.31.2F' is up to date...
[fog][WARNING] Unrecognized arguments: libvirt_ip_command
==> s2: Creating image (snapshot of base box volume).
==> s2: Creating domain with the following settings...
==> s2:  -- Name:              ml-17_s2
==> s2:  -- Description:       Source: /work/netlab_cicd/Vagrantfile
==> s2:  -- Domain type:       kvm
==> s2:  -- Cpus:              2
==> s2:  -- Feature:           acpi
==> s2:  -- Feature:           apic
==> s2:  -- Feature:           pae
==> s2:  -- Clock offset:      utc
==> s2:  -- Memory:            2048M
==> s2:  -- Management MAC:    ca:fe:00:02:00:00
==> s2:  -- Base box:          arista/veos
==> s2:  -- Storage pool:      default
==> s2:  -- Image(vda):        /var/lib/libvirt/images/ml-17_s2.img, ide, 5G
==> s2:  -- Disk driver opts:  cache='default'
==> s2:  -- Graphics Type:     vnc
==> s2:  -- Video Type:        cirrus
==> s2:  -- Video VRAM:        16384
==> s2:  -- Video 3D accel:    false
==> s2:  -- Keymap:            en-us
==> s2:  -- TPM Backend:       passthrough
==> s2:  -- INPUT:             type=mouse, bus=ps2
==> s1: Creating shared folders metadata...
==> s1: Starting domain.
==> s1: Domain launching with graphics connection settings...
==> x1: Checking if box 'arista/veos' version '4.31.2F' is up to date...
==> s1:  -- Graphics Port:      5900
==> s1:  -- Graphics IP:        127.0.0.1
==> s1:  -- Graphics Password:  Not defined
[fog][WARNING] Unrecognized arguments: libvirt_ip_command
==> s1:  -- Graphics Websocket: 5700
==> x1: Creating image (snapshot of base box volume).
==> s1: Waiting for domain to get an IP address...
==> x1: Creating domain with the following settings...
==> x1:  -- Name:              ml-17_x1
==> x1:  -- Description:       Source: /work/netlab_cicd/Vagrantfile
==> x1:  -- Domain type:       kvm
==> x1:  -- Cpus:              2
==> x1:  -- Feature:           acpi
==> x1:  -- Feature:           apic
==> x1:  -- Feature:           pae
==> x1:  -- Clock offset:      utc
==> x1:  -- Memory:            2048M
==> x1:  -- Management MAC:    ca:fe:00:03:00:00
==> x1:  -- Base box:          arista/veos
==> x1:  -- Storage pool:      default
==> x1:  -- Image(vda):        /var/lib/libvirt/images/ml-17_x1.img, ide, 5G
==> s2: Creating shared folders metadata...
==> x1:  -- Disk driver opts:  cache='default'
==> s2: Starting domain.
==> s2: Domain launching with graphics connection settings...
==> x1:  -- Graphics Type:     vnc
==> s2:  -- Graphics Port:      5901
==> x1:  -- Video Type:        cirrus
==> s2:  -- Graphics IP:        127.0.0.1
==> x1:  -- Video VRAM:        16384
==> s2:  -- Graphics Password:  Not defined
==> x1:  -- Video 3D accel:    false
==> s2:  -- Graphics Websocket: 5701
==> x1:  -- Keymap:            en-us
==> s2: Waiting for domain to get an IP address...
==> x1:  -- TPM Backend:       passthrough
==> x1:  -- INPUT:             type=mouse, bus=ps2
==> x1: Creating shared folders metadata...
==> x1: Starting domain.
==> x1: Domain launching with graphics connection settings...
==> x1:  -- Graphics Port:      5902
==> x1:  -- Graphics IP:        127.0.0.1
==> x1:  -- Graphics Password:  Not defined
==> x1:  -- Graphics Websocket: 5702
==> x1: Waiting for domain to get an IP address...
==> s1: Waiting for machine to boot. This may take a few minutes...
    s1: SSH address: 192.168.17.101:22
    s1: SSH username: vagrant
    s1: SSH auth method: private key
    s1: Warning: Connection refused. Retrying...
==> x1: Waiting for machine to boot. This may take a few minutes...
    x1: SSH address: 192.168.17.103:22
    x1: SSH username: vagrant
    x1: SSH auth method: private key
==> s2: Waiting for machine to boot. This may take a few minutes...
    s2: SSH address: 192.168.17.102:22
    s2: SSH username: vagrant
    s2: SSH auth method: private key
==> s1: Machine booted and ready!
==> x1: Machine booted and ready!
==> s2: Machine booted and ready!
14:00:56 INFO Containerlab started version=0.72.0
14:00:56 INFO Parsing & checking topology file=clab-augment.yml
14:00:56 INFO Removing directory path=/work/netlab_cicd/clab-ml-17
14:00:56 INFO Creating docker network name=nl_mgmt_17 IPv4 subnet=192.168.17.0/24 IPv6 subnet="" MTU=0
14:00:56 INFO Creating lab directory path=/work/netlab_cicd/clab-ml-17
14:00:56 INFO Creating container name=h3
14:00:56 INFO Creating container name=h2
14:00:56 INFO Creating container name=h1
14:00:57 INFO Created link: h2:eth1 ▪┄┄▪ virbr1:bni17n5i1
14:00:57 INFO Created link: h3:eth1 ▪┄┄▪ virbr2:bni17n6i1
14:00:57 INFO Created link: h1:eth1 ▪┄┄▪ virbr3:bni17n4i1
14:00:57 INFO Adding host entries path=/etc/hosts
14:00:57 INFO Adding SSH config for nodes path=/etc/ssh/ssh_config.d/clab-ml-17.conf
[1m╭[0m[1m───────────────[0m[1m┬[0m[1m────────────────────[0m[1m┬[0m[1m─────────[0m[1m┬[0m[1m────────────────[0m[1m╮[0m
[1m│[0m[1m      Name     [0m[1m│[0m[1m     Kind/Image     [0m[1m│[0m[1m  State  [0m[1m│[0m[1m IPv4/6 Address [0m[1m│[0m
[1m├[0m[1m───────────────[0m[1m┼[0m[1m────────────────────[0m[1m┼[0m[1m─────────[0m[1m┼[0m[1m────────────────[0m[1m┤[0m
│ clab-ml-17-h1 │ linux              │ running │ 192.168.17.104 │
│               │ python:3.13-alpine │         │ N/A            │
├───────────────┼────────────────────┼─────────┼────────────────┤
│ clab-ml-17-h2 │ linux              │ running │ 192.168.17.105 │
│               │ python:3.13-alpine │         │ N/A            │
├───────────────┼────────────────────┼─────────┼────────────────┤
│ clab-ml-17-h3 │ linux              │ running │ 192.168.17.106 │
│               │ python:3.13-alpine │         │ N/A            │
╰───────────────┴────────────────────┴─────────┴────────────────╯
Using transformed lab topology from snapshot file netlab.snapshot.pickle
Checking virtualization provider installation
OK: libvirt installed and working correctly
OK: clab installed and working correctly
Starting libvirt nodes
creating libvirt management network nl_mgmt_17
provider libvirt: executing vagrant up --provider libvirt
Starting clab nodes
Recreating clab-augment.yml configuration file for clab provider
Createdprovider configuration file: clab-augment.yml
provider clab: executing sudo -E containerlab deploy --reconfigure -t clab-augment.yml

Initial configuration skipped, run 'netlab initial' to configure the devices
