Using transformed lab topology from snapshot file netlab.snapshot.pickle
Checking virtualization provider installation
OK: clab installed and working correctly
Starting clab nodes
provider clab: executing sudo -E containerlab deploy --reconfigure -t clab.yml
10:18:14 INFO Containerlab started version=0.73.0
10:18:14 INFO Parsing & checking topology file=clab.yml
10:18:14 INFO Removing directory path=/work/netlab_cicd/clab-ml-17
10:18:14 INFO Creating docker network name=nl_mgmt_17 IPv4 subnet=192.168.17.0/24 IPv6 subnet="" MTU=0
10:18:14 INFO Creating lab directory path=/work/netlab_cicd/clab-ml-17
10:18:14 INFO Creating container name=r
10:18:14 INFO Running postdeploy actions kind=srl node=r
10:18:24 INFO Adding host entries path=/etc/hosts
10:18:24 INFO Adding SSH config for nodes path=/etc/ssh/ssh_config.d/clab-ml-17.conf
[1m╭[0m[1m──────────────[0m[1m┬[0m[1m───────────────────────────────[0m[1m┬[0m[1m─────────[0m[1m┬[0m[1m────────────────[0m[1m╮[0m
[1m│[0m[1m     Name     [0m[1m│[0m[1m           Kind/Image          [0m[1m│[0m[1m  State  [0m[1m│[0m[1m IPv4/6 Address [0m[1m│[0m
[1m├[0m[1m──────────────[0m[1m┼[0m[1m───────────────────────────────[0m[1m┼[0m[1m─────────[0m[1m┼[0m[1m────────────────[0m[1m┤[0m
│ clab-ml-17-r │ srl                           │ running │ 192.168.17.101 │
│              │ ghcr.io/nokia/srlinux:25.10.2 │         │ N/A            │
╰──────────────┴───────────────────────────────┴─────────┴────────────────╯

Initial configuration skipped, run 'netlab initial' to configure the devices
