Createdprovider configuration file: clab.yml
Mapped clab_files/h1/hosts to h1:/etc/hosts (from templates/provider/clab/linux/hosts.j2)
Mapped clab_files/h2/hosts to h2:/etc/hosts (from templates/provider/clab/linux/hosts.j2)
Mapped clab_files/h3/hosts to h3:/etc/hosts (from templates/provider/clab/linux/hosts.j2)
Mapped clab_files/ch/hosts to ch:/etc/hosts (from templates/provider/clab/linux/hosts.j2)
Mapped clab_files/pe2/daemons to pe2:/etc/frr/daemons (from templates/provider/clab/frr/daemons.j2)
Mapped clab_files/pe2/hosts to pe2:/etc/hosts (from templates/provider/clab/frr/hosts.j2)
Mapped clab_files/p1/daemons to p1:/etc/frr/daemons (from templates/provider/clab/frr/daemons.j2)
Mapped clab_files/p1/hosts to p1:/etc/hosts (from templates/provider/clab/frr/hosts.j2)
Mapped clab_files/p2/daemons to p2:/etc/frr/daemons (from templates/provider/clab/frr/daemons.j2)
Mapped clab_files/p2/hosts to p2:/etc/hosts (from templates/provider/clab/frr/hosts.j2)
Createdtransformed topology dump in YAML format in netlab.snapshot.yml
Created group_vars for all
Created group_vars for modules
Created group_vars for linux
Created host_vars for h1
Created host_vars for h2
Created host_vars for h3
Created host_vars for ch
Created group_vars for iol
Created host_vars for dut
Created group_vars for frr
Created host_vars for pe2
Created host_vars for p1
Created host_vars for p2
Createdminimized Ansible inventory hosts.yml
CreatedAnsible configuration file: ansible.cfg
