[WARNING]: Could not match supplied host pattern, ignoring: unprovisioned

PLAY [Deploy initial device configuration] *************************************

TASK [Set variables that cannot be set with VARS] ******************************
ok: [dut]
ok: [x1]
ok: [x2]
ok: [x3]

TASK [Find device readiness script] ********************************************
ok: [dut]
ok: [x1]
ok: [x2]
ok: [x3]

TASK [Wait for device to become ready] *****************************************
skipping: [dut]
skipping: [x1]
skipping: [x2]
skipping: [x3]

TASK [Deploy initial configuration] ********************************************
included: /home/pipi/net101/tools/netsim/ansible/tasks/deploy-module.yml for dut, x1, x2, x3

TASK [Figure out whether to deploy the module initial on current device] *******
ok: [dut]
ok: [x1]
ok: [x2]
ok: [x3]

TASK [Find configuration template for initial] *********************************
ok: [dut]
ok: [x1]
ok: [x2]
ok: [x3]

TASK [Print deployed configuration when running in verbose mode] ***************
skipping: [dut]
skipping: [x1]
skipping: [x2]
skipping: [x3]

TASK [Find configuration deployment deploy_script for initial] *****************
ok: [dut]
ok: [x1]
ok: [x2]
ok: [x3]

TASK [Deploy initial configuration] ********************************************
included: /home/pipi/net101/tools/netsim/ansible/tasks/frr/initial-clab.yml for dut, x1, x2, x3

TASK [Load VRF kernel module] **************************************************
changed: [dut -> localhost]

TASK [include_tasks] ***********************************************************
included: /home/pipi/net101/tools/netsim/ansible/tasks/frr/deploy-config.yml for dut, x1, x2, x3

TASK [template] ****************************************************************
changed: [x3]
changed: [x1]
changed: [x2]
changed: [dut]

TASK [set_fact] ****************************************************************
ok: [dut]
ok: [x1]
ok: [x2]
ok: [x3]

TASK [run /tmp/config.sh to deploy initial config from /home/pipi/net101/tools/netsim/ansible/templates/initial/frr.j2] ***
changed: [dut]
changed: [x2]
changed: [x1]
changed: [x3]

TASK [run vtysh to import initial config from /home/pipi/net101/tools/netsim/ansible/templates/initial/frr.j2] ***
skipping: [dut]
skipping: [x1]
skipping: [x2]
skipping: [x3]

PLAY [Deploy module-specific configurations] ***********************************

TASK [Set variables that cannot be set with VARS] ******************************
ok: [dut]
ok: [x1]
ok: [x2]
ok: [x3]

TASK [Deploy individual configuration modules] *********************************
included: /home/pipi/net101/tools/netsim/ansible/tasks/deploy-module.yml for dut, x1, x2, x3 => (item=ospf)

TASK [Figure out whether to deploy the module ospf on current device] **********
ok: [dut]
ok: [x1]
ok: [x2]
ok: [x3]

TASK [Find configuration template for ospf] ************************************
ok: [dut]
ok: [x1]
ok: [x2]
ok: [x3]

TASK [Print deployed configuration when running in verbose mode] ***************
skipping: [dut]
skipping: [x1]
skipping: [x2]
skipping: [x3]

TASK [Find configuration deployment deploy_script for ospf] ********************
ok: [dut]
ok: [x1]
ok: [x2]
ok: [x3]

TASK [Deploy ospf configuration] ***********************************************
included: /home/pipi/net101/tools/netsim/ansible/tasks/deploy-config/frr.yml for dut, x1, x2, x3

TASK [template] ****************************************************************
changed: [x2]
changed: [x1]
changed: [dut]
changed: [x3]

TASK [set_fact] ****************************************************************
ok: [dut]
ok: [x1]
ok: [x2]
ok: [x3]

TASK [run /tmp/config.sh to deploy ospf config from /home/pipi/net101/tools/netsim/ansible/templates/ospf/frr.j2] ***
skipping: [dut]
skipping: [x1]
skipping: [x2]
skipping: [x3]

TASK [run vtysh to import ospf config from /home/pipi/net101/tools/netsim/ansible/templates/ospf/frr.j2] ***
changed: [dut]
changed: [x2]
changed: [x1]
changed: [x3]

PLAY [Deploy custom deployment templates] **************************************
skipping: no hosts matched

PLAY RECAP *********************************************************************
dut                        : ok=21   changed=5    unreachable=0    failed=0    skipped=5    rescued=0    ignored=0   
x1                         : ok=20   changed=4    unreachable=0    failed=0    skipped=5    rescued=0    ignored=0   
x2                         : ok=20   changed=4    unreachable=0    failed=0    skipped=5    rescued=0    ignored=0   
x3                         : ok=20   changed=4    unreachable=0    failed=0    skipped=5    rescued=0    ignored=0   



This lab tests the OSPF areas. The device under test has three interfaces
in three different areas and the loopback interface in one of those areas.

