07:36:34 INFO Containerlab started version=0.72.0
07:36:34 INFO Parsing & checking topology file=clab.yml
07:36:34 INFO Removing directory path=/work/netlab_cicd/clab-ml-17
07:36:34 INFO Creating docker network name=nl_mgmt_17 IPv4 subnet=192.168.17.0/24 IPv6 subnet="" MTU=0
07:36:34 INFO Creating lab directory path=/work/netlab_cicd/clab-ml-17
07:36:34 INFO Creating container name=r2
07:36:34 INFO Creating container name=dut
07:36:34 INFO Creating container name=x1
07:36:34 INFO Created link: dut:eth1 ▪┄┄▪ x1:eth1
07:36:34 INFO Created link: dut:eth2 ▪┄┄▪ r2:eth1
07:36:35 INFO Executed command node=r2 command="sleep 1" stdout=""
07:36:35 INFO Executed command node=x1 command="sleep 1" stdout=""
07:36:35 INFO Executed command node=dut command="sleep 1" stdout=""
07:36:35 INFO Adding host entries path=/etc/hosts
07:36:35 INFO Adding SSH config for nodes path=/etc/ssh/ssh_config.d/clab-ml-17.conf
[1m╭[0m[1m────────────────[0m[1m┬[0m[1m──────────────────────────────[0m[1m┬[0m[1m─────────[0m[1m┬[0m[1m────────────────[0m[1m╮[0m
[1m│[0m[1m      Name      [0m[1m│[0m[1m          Kind/Image          [0m[1m│[0m[1m  State  [0m[1m│[0m[1m IPv4/6 Address [0m[1m│[0m
[1m├[0m[1m────────────────[0m[1m┼[0m[1m──────────────────────────────[0m[1m┼[0m[1m─────────[0m[1m┼[0m[1m────────────────[0m[1m┤[0m
│ clab-ml-17-dut │ linux                        │ running │ 192.168.17.101 │
│                │ quay.io/frrouting/frr:10.5.1 │         │ N/A            │
├────────────────┼──────────────────────────────┼─────────┼────────────────┤
│ clab-ml-17-r2  │ linux                        │ running │ 192.168.17.102 │
│                │ quay.io/frrouting/frr:10.5.1 │         │ N/A            │
├────────────────┼──────────────────────────────┼─────────┼────────────────┤
│ clab-ml-17-x1  │ linux                        │ running │ 192.168.17.103 │
│                │ quay.io/frrouting/frr:10.5.1 │         │ N/A            │
╰────────────────┴──────────────────────────────┴─────────┴────────────────╯
Using transformed lab topology from snapshot file netlab.snapshot.pickle
Checking virtualization provider installation
OK: clab installed and working correctly
Starting clab nodes
provider clab: executing sudo -E containerlab deploy --reconfigure -t clab.yml

Initial configuration skipped, run 'netlab initial' to configure the devices
