 [INFO] Creating configuration snippets
/home/pipi/.local/lib/python3.10/site-packages/paramiko/pkey.py:100: CryptographyDeprecationWarning: TripleDES has been moved to cryptography.hazmat.decrepit.ciphers.algorithms.TripleDES and will be removed from cryptography.hazmat.primitives.ciphers.algorithms in 48.0.0.
  "cipher": algorithms.TripleDES,
/home/pipi/.local/lib/python3.10/site-packages/paramiko/transport.py:259: CryptographyDeprecationWarning: TripleDES has been moved to cryptography.hazmat.decrepit.ciphers.algorithms.TripleDES and will be removed from cryptography.hazmat.primitives.ciphers.algorithms in 48.0.0.
  "class": algorithms.TripleDES,
[WARNING]: Found variable using reserved name: hosts

PLAY [Deploy initial device configuration] *************************************

TASK [Set variables that cannot be set with VARS] ******************************
ok: [dut]
ok: [rb]
ok: [r11]
ok: [r21]
ok: [r12]
ok: [r22]
ok: [v1]
ok: [v2]

TASK [Generic readiness tests] *************************************************
skipping: [dut]
skipping: [rb]
skipping: [r11]
skipping: [r12]
skipping: [r21]
skipping: [r22]
skipping: [v1]
skipping: [v2]

TASK [Find device readiness script] ********************************************
ok: [dut]
ok: [rb]
ok: [r11]
ok: [r12]
ok: [r21]
ok: [r22]
ok: [v1]
ok: [v2]

TASK [Wait for device to become ready] *****************************************
skipping: [dut]
skipping: [rb]
skipping: [r11]
skipping: [r12]
skipping: [r21]
skipping: [r22]
skipping: [v1]
skipping: [v2]

TASK [Normalize config on bridge-like devices] *********************************
included: /home/pipi/net101/tools/netsim/ansible/tasks/deploy-module.yml for dut, rb, r11, r12, r21, r22, v1, v2

TASK [Figure out whether to deploy the module normalize on current device] *****
ok: [dut]
ok: [rb]
ok: [r11]
ok: [r12]
ok: [r21]
ok: [r22]
ok: [v1]
ok: [v2]

TASK [Find configuration template for normalize] *******************************
ok: [dut]
ok: [rb]
ok: [r11]
ok: [r21]
ok: [r12]
ok: [r22]
ok: [v1]
ok: [v2]

TASK [fail] ********************************************************************
skipping: [dut]
skipping: [rb]
skipping: [r11]
skipping: [r12]
skipping: [r21]
skipping: [r22]
skipping: [v1]
skipping: [v2]

TASK [Find configuration deployment deploy_script for normalize] ***************
ok: [dut]
ok: [rb]
ok: [r11]
ok: [r12]
ok: [r22]
ok: [r21]
ok: [v1]
ok: [v2]

TASK [Print deployed configuration when running in verbose mode] ***************
skipping: [dut]
skipping: [rb]
skipping: [r11]
skipping: [r12]
skipping: [r21]
skipping: [r22]
skipping: [v1]
skipping: [v2]

TASK [Deploy normalize configuration] ******************************************
skipping: [dut]
skipping: [rb]
skipping: [r11]
skipping: [r12]
skipping: [r21]
skipping: [r22]
skipping: [v1]
skipping: [v2]

TASK [Deploy initial configuration] ********************************************
included: /home/pipi/net101/tools/netsim/ansible/tasks/deploy-module.yml for dut, rb, r11, r12, r21, r22, v1, v2

TASK [Figure out whether to deploy the module initial on current device] *******
ok: [dut]
ok: [rb]
ok: [r11]
ok: [r12]
ok: [r21]
ok: [r22]
ok: [v1]
ok: [v2]

TASK [Find configuration template for initial] *********************************
ok: [dut]
ok: [rb]
ok: [r11]
ok: [r12]
ok: [r21]
ok: [r22]
ok: [v1]
ok: [v2]

TASK [fail] ********************************************************************
skipping: [dut]
skipping: [rb]
skipping: [r11]
skipping: [r12]
skipping: [r21]
skipping: [r22]
skipping: [v1]
skipping: [v2]

TASK [Find configuration deployment deploy_script for initial] *****************
ok: [dut]
ok: [rb]
ok: [r11]
ok: [r21]
ok: [r12]
ok: [v1]
ok: [v2]
ok: [r22]

TASK [Print deployed configuration when running in verbose mode] ***************
ok: [dut] => {
    "msg": "initial configuration for dut\n=========================================\n#!/bin/bash\n#\nset -e\nset -x\n#\n# Create bash profile script\n#\ncat <<SCRIPT >/root/.bash_profile\n#!/bin/bash\n#\nexport PS1=\"\\h(bash)# \"\necho\necho \"Use vtysh to connect to FRR daemon\"\necho\nSCRIPT\n#\n# This is an artifact of unknown provenance that should be removed in a year or two (= 2026/2027)\n#\n# FRR controls these parameters with 'ip forwarding' and 'ipv6 forwarding' commands\n#\nsysctl -w net.ipv4.ip_forward=1\nsysctl -w net.ipv6.conf.all.forwarding=0\n#\n#\n# Get the current next hop for the default route\n#\ndef_nh=$(ip route list default|awk '{ print $3 }')\n#\n# Create the management VRF and add eth0 to it\n#\nif [ ! -e /sys/devices/virtual/net/mgmt ]; then\n  ip link add mgmt type vrf table 42\nfi\nip link set mgmt up\nsysctl -qw net.ipv6.conf.eth0.keep_addr_on_down=1\nip link set eth0 master mgmt\n#\n# Reinstall the default route if we had it before\n#\nif [[ -n \"$def_nh\" ]]; then\n  ip route add 0.0.0.0/0 vrf mgmt via $def_nh\nfi\n#\n# Enable FRR modules (if not using containerlab bind-mounted /etc/frr/daemons)\n#\n\n# Set system defaults\n#\n# Send ARP requests from a sane source IP address\n#\nsysctl -w net.ipv4.conf.all.arp_announce=2\n\n#\n# Create loopbacks, stub and lag/bond devices\n#\nif [ ! -e /sys/class/net/lo ]; then\n  if [ ! -e /sys/devices/virtual/net/lo ]; then\n    ip link add lo type dummy\n    ip link set dev lo up\n  fi\nfi\n\n# Disable IPv6 (for IPv4-only interfaces) or SLAAC (if the device is a router)\n#\nip link set eth1 down\nsysctl -qw net.ipv6.conf.eth1.disable_ipv6=1\nip link set dev eth1 mtu 1500\nip link set eth1 up\nip link set eth2 down\nsysctl -qw net.ipv6.conf.eth2.disable_ipv6=1\nip link set dev eth2 mtu 1500\nip link set eth2 up\nip link set eth3 down\nsysctl -qw net.ipv6.conf.eth3.disable_ipv6=1\nip link set dev eth3 mtu 1500\nip link set eth3 up\nip link set eth4 down\nsysctl -qw net.ipv6.conf.eth4.disable_ipv6=1\nip link set dev eth4 mtu 1500\nip link set eth4 up\nip link set eth5 down\nsysctl -qw net.ipv6.conf.eth5.disable_ipv6=1\nip link set dev eth5 mtu 1500\nip link set eth5 up\nip link set eth6 down\nsysctl -qw net.ipv6.conf.eth6.disable_ipv6=1\nip link set dev eth6 mtu 1500\nip link set eth6 up\nip link set eth7 down\nsysctl -qw net.ipv6.conf.eth7.disable_ipv6=1\nip link set dev eth7 mtu 1500\nip link set eth7 up\n\n#\n# Add vtysh.conf file\necho \"service integrated-vtysh-config\" >/etc/frr/vtysh.conf\n\n#\n# Rest of initial configuration done through VTYSH\n#\ncat >/tmp/config <<CONFIG\nhostname dut\n!\nlog file /tmp/logging\n\n!\nip forwarding\nvrf mgmt\n exit-vrf\n!\nfrr defaults datacenter\n!\ninterface lo\n no shutdown\n ip address 10.0.0.1/32\n!\ninterface eth1\n no shutdown\n description dut -> r11\n ip address 10.1.0.1/30\n!\ninterface eth2\n no shutdown\n description dut -> r12\n ip address 10.1.0.5/30\n!\ninterface eth3\n no shutdown\n description dut -> r21\n ip address 10.1.0.9/30\n!\ninterface eth4\n no shutdown\n description dut -> r22\n ip address 10.1.0.13/30\n!\ninterface eth5\n no shutdown\n description dut -> rb\n ip address 10.1.0.17/30\n!\ninterface eth6\n no shutdown\n description dut -> v1\n ip address 10.1.0.21/30\n!\ninterface eth7\n no shutdown\n description dut -> v2\n ip address 10.1.0.25/30\n!\ndo write\nCONFIG\nvtysh -f /tmp/config\n!\nexit 0\n"
}
ok: [rb] => {
    "msg": "initial configuration for rb\n=========================================\n#!/bin/bash\n#\nset -e\nset -x\n#\n# Create bash profile script\n#\ncat <<SCRIPT >/root/.bash_profile\n#!/bin/bash\n#\nexport PS1=\"\\h(bash)# \"\necho\necho \"Use vtysh to connect to FRR daemon\"\necho\nSCRIPT\n#\n# This is an artifact of unknown provenance that should be removed in a year or two (= 2026/2027)\n#\n# FRR controls these parameters with 'ip forwarding' and 'ipv6 forwarding' commands\n#\nsysctl -w net.ipv4.ip_forward=1\nsysctl -w net.ipv6.conf.all.forwarding=0\n#\n#\n# Get the current next hop for the default route\n#\ndef_nh=$(ip route list default|awk '{ print $3 }')\n#\n# Create the management VRF and add eth0 to it\n#\nif [ ! -e /sys/devices/virtual/net/mgmt ]; then\n  ip link add mgmt type vrf table 42\nfi\nip link set mgmt up\nsysctl -qw net.ipv6.conf.eth0.keep_addr_on_down=1\nip link set eth0 master mgmt\n#\n# Reinstall the default route if we had it before\n#\nif [[ -n \"$def_nh\" ]]; then\n  ip route add 0.0.0.0/0 vrf mgmt via $def_nh\nfi\n#\n# Enable FRR modules (if not using containerlab bind-mounted /etc/frr/daemons)\n#\n\n# Set system defaults\n#\n# Send ARP requests from a sane source IP address\n#\nsysctl -w net.ipv4.conf.all.arp_announce=2\n\n#\n# Create loopbacks, stub and lag/bond devices\n#\nif [ ! -e /sys/class/net/lo ]; then\n  if [ ! -e /sys/devices/virtual/net/lo ]; then\n    ip link add lo type dummy\n    ip link set dev lo up\n  fi\nfi\n\n# Disable IPv6 (for IPv4-only interfaces) or SLAAC (if the device is a router)\n#\nip link set eth1 down\nsysctl -qw net.ipv6.conf.eth1.disable_ipv6=1\nip link set dev eth1 mtu 1500\nip link set eth1 up\n\n#\n# Add vtysh.conf file\necho \"service integrated-vtysh-config\" >/etc/frr/vtysh.conf\n\n#\n# Rest of initial configuration done through VTYSH\n#\ncat >/tmp/config <<CONFIG\nhostname rb\n!\nlog file /tmp/logging\n\n!\nip forwarding\nvrf mgmt\n exit-vrf\n!\nfrr defaults datacenter\n!\ninterface lo\n no shutdown\n ip address 10.0.0.2/32\n!\ninterface eth1\n no shutdown\n description rb -> dut\n ip address 10.1.0.18/30\n!\ndo write\nCONFIG\nvtysh -f /tmp/config\n!\nexit 0\n"
}
ok: [r11] => {
    "msg": "initial configuration for r11\n=========================================\n#!/bin/bash\n#\nset -e\nset -x\n#\n# Create bash profile script\n#\ncat <<SCRIPT >/root/.bash_profile\n#!/bin/bash\n#\nexport PS1=\"\\h(bash)# \"\necho\necho \"Use vtysh to connect to FRR daemon\"\necho\nSCRIPT\n#\n# This is an artifact of unknown provenance that should be removed in a year or two (= 2026/2027)\n#\n# FRR controls these parameters with 'ip forwarding' and 'ipv6 forwarding' commands\n#\nsysctl -w net.ipv4.ip_forward=1\nsysctl -w net.ipv6.conf.all.forwarding=0\n#\n#\n# Get the current next hop for the default route\n#\ndef_nh=$(ip route list default|awk '{ print $3 }')\n#\n# Create the management VRF and add eth0 to it\n#\nif [ ! -e /sys/devices/virtual/net/mgmt ]; then\n  ip link add mgmt type vrf table 42\nfi\nip link set mgmt up\nsysctl -qw net.ipv6.conf.eth0.keep_addr_on_down=1\nip link set eth0 master mgmt\n#\n# Reinstall the default route if we had it before\n#\nif [[ -n \"$def_nh\" ]]; then\n  ip route add 0.0.0.0/0 vrf mgmt via $def_nh\nfi\n#\n# Enable FRR modules (if not using containerlab bind-mounted /etc/frr/daemons)\n#\n\n# Set system defaults\n#\n# Send ARP requests from a sane source IP address\n#\nsysctl -w net.ipv4.conf.all.arp_announce=2\n\n#\n# Create loopbacks, stub and lag/bond devices\n#\nif [ ! -e /sys/class/net/lo ]; then\n  if [ ! -e /sys/devices/virtual/net/lo ]; then\n    ip link add lo type dummy\n    ip link set dev lo up\n  fi\nfi\nif [ ! -e /sys/class/net/eth2 ]; then\n  if [ ! -e /sys/devices/virtual/net/eth2 ]; then\n    ip link add eth2 type dummy\n    ip link set dev eth2 up\n  fi\nfi\nif [ ! -e /sys/class/net/eth3 ]; then\n  if [ ! -e /sys/devices/virtual/net/eth3 ]; then\n    ip link add eth3 type dummy\n    ip link set dev eth3 up\n  fi\nfi\nif [ ! -e /sys/class/net/eth4 ]; then\n  if [ ! -e /sys/devices/virtual/net/eth4 ]; then\n    ip link add eth4 type dummy\n    ip link set dev eth4 up\n  fi\nfi\n\n# Disable IPv6 (for IPv4-only interfaces) or SLAAC (if the device is a router)\n#\nip link set eth1 down\nsysctl -qw net.ipv6.conf.eth1.disable_ipv6=1\nip link set dev eth1 mtu 1500\nip link set eth1 up\nip link set eth2 down\nsysctl -qw net.ipv6.conf.eth2.disable_ipv6=1\nip link set dev eth2 mtu 1500\nip link set eth2 up\nip link set eth3 down\nsysctl -qw net.ipv6.conf.eth3.disable_ipv6=1\nip link set dev eth3 mtu 1500\nip link set eth3 up\nip link set eth4 down\nsysctl -qw net.ipv6.conf.eth4.disable_ipv6=1\nip link set dev eth4 mtu 1500\nip link set eth4 up\n\n#\n# Add vtysh.conf file\necho \"service integrated-vtysh-config\" >/etc/frr/vtysh.conf\n\n#\n# Rest of initial configuration done through VTYSH\n#\ncat >/tmp/config <<CONFIG\nhostname r11\n!\nlog file /tmp/logging\n\n!\nip forwarding\nvrf mgmt\n exit-vrf\n!\nfrr defaults datacenter\n!\ninterface lo\n no shutdown\n ip address 10.0.0.3/32\n!\ninterface eth1\n no shutdown\n description r11 -> dut\n ip address 10.1.0.2/30\n!\ninterface eth2\n no shutdown\n description r11 -> stub [stub]\n ip address 10.17.1.1/24\n!\ninterface eth3\n no shutdown\n description r11 -> stub [stub]\n ip address 10.18.1.1/24\n!\ninterface eth4\n no shutdown\n description r11 -> stub [stub]\n ip address 10.19.1.1/24\n!\ndo write\nCONFIG\nvtysh -f /tmp/config\n!\nexit 0\n"
}
ok: [r12] => {
    "msg": "initial configuration for r12\n=========================================\n#!/bin/bash\n#\nset -e\nset -x\n#\n# Create bash profile script\n#\ncat <<SCRIPT >/root/.bash_profile\n#!/bin/bash\n#\nexport PS1=\"\\h(bash)# \"\necho\necho \"Use vtysh to connect to FRR daemon\"\necho\nSCRIPT\n#\n# This is an artifact of unknown provenance that should be removed in a year or two (= 2026/2027)\n#\n# FRR controls these parameters with 'ip forwarding' and 'ipv6 forwarding' commands\n#\nsysctl -w net.ipv4.ip_forward=1\nsysctl -w net.ipv6.conf.all.forwarding=0\n#\n#\n# Get the current next hop for the default route\n#\ndef_nh=$(ip route list default|awk '{ print $3 }')\n#\n# Create the management VRF and add eth0 to it\n#\nif [ ! -e /sys/devices/virtual/net/mgmt ]; then\n  ip link add mgmt type vrf table 42\nfi\nip link set mgmt up\nsysctl -qw net.ipv6.conf.eth0.keep_addr_on_down=1\nip link set eth0 master mgmt\n#\n# Reinstall the default route if we had it before\n#\nif [[ -n \"$def_nh\" ]]; then\n  ip route add 0.0.0.0/0 vrf mgmt via $def_nh\nfi\n#\n# Enable FRR modules (if not using containerlab bind-mounted /etc/frr/daemons)\n#\n\n# Set system defaults\n#\n# Send ARP requests from a sane source IP address\n#\nsysctl -w net.ipv4.conf.all.arp_announce=2\n\n#\n# Create loopbacks, stub and lag/bond devices\n#\nif [ ! -e /sys/class/net/lo ]; then\n  if [ ! -e /sys/devices/virtual/net/lo ]; then\n    ip link add lo type dummy\n    ip link set dev lo up\n  fi\nfi\n\n# Disable IPv6 (for IPv4-only interfaces) or SLAAC (if the device is a router)\n#\nip link set eth1 down\nsysctl -qw net.ipv6.conf.eth1.disable_ipv6=1\nip link set dev eth1 mtu 1500\nip link set eth1 up\n\n#\n# Add vtysh.conf file\necho \"service integrated-vtysh-config\" >/etc/frr/vtysh.conf\n\n#\n# Rest of initial configuration done through VTYSH\n#\ncat >/tmp/config <<CONFIG\nhostname r12\n!\nlog file /tmp/logging\n\n!\nip forwarding\nvrf mgmt\n exit-vrf\n!\nfrr defaults datacenter\n!\ninterface lo\n no shutdown\n ip address 10.0.0.4/32\n!\ninterface eth1\n no shutdown\n description r12 -> dut\n ip address 10.1.0.6/30\n!\ndo write\nCONFIG\nvtysh -f /tmp/config\n!\nexit 0\n"
}
ok: [r21] => {
    "msg": "initial configuration for r21\n=========================================\n#!/bin/bash\n#\nset -e\nset -x\n#\n# Create bash profile script\n#\ncat <<SCRIPT >/root/.bash_profile\n#!/bin/bash\n#\nexport PS1=\"\\h(bash)# \"\necho\necho \"Use vtysh to connect to FRR daemon\"\necho\nSCRIPT\n#\n# This is an artifact of unknown provenance that should be removed in a year or two (= 2026/2027)\n#\n# FRR controls these parameters with 'ip forwarding' and 'ipv6 forwarding' commands\n#\nsysctl -w net.ipv4.ip_forward=1\nsysctl -w net.ipv6.conf.all.forwarding=0\n#\n#\n# Get the current next hop for the default route\n#\ndef_nh=$(ip route list default|awk '{ print $3 }')\n#\n# Create the management VRF and add eth0 to it\n#\nif [ ! -e /sys/devices/virtual/net/mgmt ]; then\n  ip link add mgmt type vrf table 42\nfi\nip link set mgmt up\nsysctl -qw net.ipv6.conf.eth0.keep_addr_on_down=1\nip link set eth0 master mgmt\n#\n# Reinstall the default route if we had it before\n#\nif [[ -n \"$def_nh\" ]]; then\n  ip route add 0.0.0.0/0 vrf mgmt via $def_nh\nfi\n#\n# Enable FRR modules (if not using containerlab bind-mounted /etc/frr/daemons)\n#\n\n# Set system defaults\n#\n# Send ARP requests from a sane source IP address\n#\nsysctl -w net.ipv4.conf.all.arp_announce=2\n\n#\n# Create loopbacks, stub and lag/bond devices\n#\nif [ ! -e /sys/class/net/lo ]; then\n  if [ ! -e /sys/devices/virtual/net/lo ]; then\n    ip link add lo type dummy\n    ip link set dev lo up\n  fi\nfi\n\n# Disable IPv6 (for IPv4-only interfaces) or SLAAC (if the device is a router)\n#\nip link set eth1 down\nsysctl -qw net.ipv6.conf.eth1.disable_ipv6=1\nip link set dev eth1 mtu 1500\nip link set eth1 up\n\n#\n# Add vtysh.conf file\necho \"service integrated-vtysh-config\" >/etc/frr/vtysh.conf\n\n#\n# Rest of initial configuration done through VTYSH\n#\ncat >/tmp/config <<CONFIG\nhostname r21\n!\nlog file /tmp/logging\n\n!\nip forwarding\nvrf mgmt\n exit-vrf\n!\nfrr defaults datacenter\n!\ninterface lo\n no shutdown\n ip address 10.0.0.5/32\n!\ninterface eth1\n no shutdown\n description r21 -> dut\n ip address 10.1.0.10/30\n!\ndo write\nCONFIG\nvtysh -f /tmp/config\n!\nexit 0\n"
}
ok: [r22] => {
    "msg": "initial configuration for r22\n=========================================\n#!/bin/bash\n#\nset -e\nset -x\n#\n# Create bash profile script\n#\ncat <<SCRIPT >/root/.bash_profile\n#!/bin/bash\n#\nexport PS1=\"\\h(bash)# \"\necho\necho \"Use vtysh to connect to FRR daemon\"\necho\nSCRIPT\n#\n# This is an artifact of unknown provenance that should be removed in a year or two (= 2026/2027)\n#\n# FRR controls these parameters with 'ip forwarding' and 'ipv6 forwarding' commands\n#\nsysctl -w net.ipv4.ip_forward=1\nsysctl -w net.ipv6.conf.all.forwarding=0\n#\n#\n# Get the current next hop for the default route\n#\ndef_nh=$(ip route list default|awk '{ print $3 }')\n#\n# Create the management VRF and add eth0 to it\n#\nif [ ! -e /sys/devices/virtual/net/mgmt ]; then\n  ip link add mgmt type vrf table 42\nfi\nip link set mgmt up\nsysctl -qw net.ipv6.conf.eth0.keep_addr_on_down=1\nip link set eth0 master mgmt\n#\n# Reinstall the default route if we had it before\n#\nif [[ -n \"$def_nh\" ]]; then\n  ip route add 0.0.0.0/0 vrf mgmt via $def_nh\nfi\n#\n# Enable FRR modules (if not using containerlab bind-mounted /etc/frr/daemons)\n#\n\n# Set system defaults\n#\n# Send ARP requests from a sane source IP address\n#\nsysctl -w net.ipv4.conf.all.arp_announce=2\n\n#\n# Create loopbacks, stub and lag/bond devices\n#\nif [ ! -e /sys/class/net/lo ]; then\n  if [ ! -e /sys/devices/virtual/net/lo ]; then\n    ip link add lo type dummy\n    ip link set dev lo up\n  fi\nfi\n\n# Disable IPv6 (for IPv4-only interfaces) or SLAAC (if the device is a router)\n#\nip link set eth1 down\nsysctl -qw net.ipv6.conf.eth1.disable_ipv6=1\nip link set dev eth1 mtu 1500\nip link set eth1 up\n\n#\n# Add vtysh.conf file\necho \"service integrated-vtysh-config\" >/etc/frr/vtysh.conf\n\n#\n# Rest of initial configuration done through VTYSH\n#\ncat >/tmp/config <<CONFIG\nhostname r22\n!\nlog file /tmp/logging\n\n!\nip forwarding\nvrf mgmt\n exit-vrf\n!\nfrr defaults datacenter\n!\ninterface lo\n no shutdown\n ip address 10.0.0.6/32\n!\ninterface eth1\n no shutdown\n description r22 -> dut\n ip address 10.1.0.14/30\n!\ndo write\nCONFIG\nvtysh -f /tmp/config\n!\nexit 0\n"
}
ok: [v1] => {
    "msg": "initial configuration for v1\n=========================================\n#!/bin/bash\n#\nset -e\nset -x\n#\n# Create bash profile script\n#\ncat <<SCRIPT >/root/.bash_profile\n#!/bin/bash\n#\nexport PS1=\"\\h(bash)# \"\necho\necho \"Use vtysh to connect to FRR daemon\"\necho\nSCRIPT\n#\n# This is an artifact of unknown provenance that should be removed in a year or two (= 2026/2027)\n#\n# FRR controls these parameters with 'ip forwarding' and 'ipv6 forwarding' commands\n#\nsysctl -w net.ipv4.ip_forward=1\nsysctl -w net.ipv6.conf.all.forwarding=0\n#\n#\n# Get the current next hop for the default route\n#\ndef_nh=$(ip route list default|awk '{ print $3 }')\n#\n# Create the management VRF and add eth0 to it\n#\nif [ ! -e /sys/devices/virtual/net/mgmt ]; then\n  ip link add mgmt type vrf table 42\nfi\nip link set mgmt up\nsysctl -qw net.ipv6.conf.eth0.keep_addr_on_down=1\nip link set eth0 master mgmt\n#\n# Reinstall the default route if we had it before\n#\nif [[ -n \"$def_nh\" ]]; then\n  ip route add 0.0.0.0/0 vrf mgmt via $def_nh\nfi\n#\n# Enable FRR modules (if not using containerlab bind-mounted /etc/frr/daemons)\n#\n\n# Set system defaults\n#\n# Send ARP requests from a sane source IP address\n#\nsysctl -w net.ipv4.conf.all.arp_announce=2\n\n#\n# Create loopbacks, stub and lag/bond devices\n#\nif [ ! -e /sys/class/net/lo ]; then\n  if [ ! -e /sys/devices/virtual/net/lo ]; then\n    ip link add lo type dummy\n    ip link set dev lo up\n  fi\nfi\n\n# Disable IPv6 (for IPv4-only interfaces) or SLAAC (if the device is a router)\n#\nip link set eth1 down\nsysctl -qw net.ipv6.conf.eth1.disable_ipv6=1\nip link set dev eth1 mtu 1500\nip link set eth1 up\n\n#\n# Add vtysh.conf file\necho \"service integrated-vtysh-config\" >/etc/frr/vtysh.conf\n\n#\n# Rest of initial configuration done through VTYSH\n#\ncat >/tmp/config <<CONFIG\nhostname v1\n!\nlog file /tmp/logging\n\n!\nip forwarding\nvrf mgmt\n exit-vrf\n!\nfrr defaults datacenter\n!\ninterface lo\n no shutdown\n ip address 10.0.0.7/32\n!\ninterface eth1\n no shutdown\n description v1 -> dut\n ip address 10.1.0.22/30\n!\ndo write\nCONFIG\nvtysh -f /tmp/config\n!\nexit 0\n"
}
ok: [v2] => {
    "msg": "initial configuration for v2\n=========================================\n#!/bin/bash\n#\nset -e\nset -x\n#\n# Create bash profile script\n#\ncat <<SCRIPT >/root/.bash_profile\n#!/bin/bash\n#\nexport PS1=\"\\h(bash)# \"\necho\necho \"Use vtysh to connect to FRR daemon\"\necho\nSCRIPT\n#\n# This is an artifact of unknown provenance that should be removed in a year or two (= 2026/2027)\n#\n# FRR controls these parameters with 'ip forwarding' and 'ipv6 forwarding' commands\n#\nsysctl -w net.ipv4.ip_forward=1\nsysctl -w net.ipv6.conf.all.forwarding=0\n#\n#\n# Get the current next hop for the default route\n#\ndef_nh=$(ip route list default|awk '{ print $3 }')\n#\n# Create the management VRF and add eth0 to it\n#\nif [ ! -e /sys/devices/virtual/net/mgmt ]; then\n  ip link add mgmt type vrf table 42\nfi\nip link set mgmt up\nsysctl -qw net.ipv6.conf.eth0.keep_addr_on_down=1\nip link set eth0 master mgmt\n#\n# Reinstall the default route if we had it before\n#\nif [[ -n \"$def_nh\" ]]; then\n  ip route add 0.0.0.0/0 vrf mgmt via $def_nh\nfi\n#\n# Enable FRR modules (if not using containerlab bind-mounted /etc/frr/daemons)\n#\n\n# Set system defaults\n#\n# Send ARP requests from a sane source IP address\n#\nsysctl -w net.ipv4.conf.all.arp_announce=2\n\n#\n# Create loopbacks, stub and lag/bond devices\n#\nif [ ! -e /sys/class/net/lo ]; then\n  if [ ! -e /sys/devices/virtual/net/lo ]; then\n    ip link add lo type dummy\n    ip link set dev lo up\n  fi\nfi\n\n# Disable IPv6 (for IPv4-only interfaces) or SLAAC (if the device is a router)\n#\nip link set eth1 down\nsysctl -qw net.ipv6.conf.eth1.disable_ipv6=1\nip link set dev eth1 mtu 1500\nip link set eth1 up\n\n#\n# Add vtysh.conf file\necho \"service integrated-vtysh-config\" >/etc/frr/vtysh.conf\n\n#\n# Rest of initial configuration done through VTYSH\n#\ncat >/tmp/config <<CONFIG\nhostname v2\n!\nlog file /tmp/logging\n\n!\nip forwarding\nvrf mgmt\n exit-vrf\n!\nfrr defaults datacenter\n!\ninterface lo\n no shutdown\n ip address 10.0.0.8/32\n!\ninterface eth1\n no shutdown\n description v2 -> dut\n ip address 10.1.0.26/30\n!\ndo write\nCONFIG\nvtysh -f /tmp/config\n!\nexit 0\n"
}

TASK [Deploy initial configuration] ********************************************
included: /home/pipi/net101/tools/netsim/ansible/tasks/frr/initial-clab.yml for dut, rb, r11, r12, r21, r22, v1, v2

TASK [Attempt to load VRF kernel module] ***************************************
changed: [dut -> localhost]

TASK [Disable FRR management VRF when modprobe fails] **************************
skipping: [dut]
skipping: [rb]
skipping: [r11]
skipping: [r12]
skipping: [r21]
skipping: [r22]
skipping: [v1]
skipping: [v2]

TASK [include_tasks] ***********************************************************
included: /home/pipi/net101/tools/netsim/ansible/tasks/frr/deploy-config.yml for dut, rb, r11, r12, r21, r22, v1, v2

TASK [template] ****************************************************************
changed: [rb]
changed: [v1]
changed: [r12]
changed: [dut]
changed: [v2]
changed: [r21]
changed: [r11]
changed: [r22]

TASK [set_fact] ****************************************************************
ok: [dut]
ok: [rb]
ok: [r11]
ok: [r12]
ok: [r21]
ok: [r22]
ok: [v1]
ok: [v2]

TASK [run /tmp/config.sh to deploy initial config from /work/netlab_cicd/node_files/dut/initial] ***
changed: [r12]
changed: [rb]
changed: [r11]
changed: [v2]
changed: [r21]
changed: [v1]
changed: [r22]
changed: [dut]

TASK [run vtysh to import initial config from /work/netlab_cicd/node_files/dut/initial] ***
skipping: [dut]
skipping: [rb]
skipping: [r11]
skipping: [r12]
skipping: [r21]
skipping: [r22]
skipping: [v1]
skipping: [v2]

PLAY [Deploy module-specific configurations] ***********************************

TASK [Set variables that cannot be set with VARS] ******************************
ok: [r12]
ok: [r21]
ok: [r22]
ok: [dut]
ok: [rb]
ok: [v1]
ok: [v2]
ok: [r11]

TASK [Deploy individual configuration modules] *********************************
included: /home/pipi/net101/tools/netsim/ansible/tasks/deploy-module.yml for dut, rb, r11, r12, r21, r22, v1, v2 => (item=routing)
included: /home/pipi/net101/tools/netsim/ansible/tasks/deploy-module.yml for dut, rb, r11, r12, r21, r22, v1, v2 => (item=ospf)
included: /home/pipi/net101/tools/netsim/ansible/tasks/deploy-module.yml for dut, rb, r11, r12, r21, r22, v1, v2 => (item=vrf)

TASK [Figure out whether to deploy the module routing on current device] *******
ok: [dut]
ok: [rb]
ok: [r11]
ok: [r21]
ok: [r12]
ok: [r22]
ok: [v1]
ok: [v2]

TASK [Find configuration template for routing] *********************************
skipping: [dut]
skipping: [rb]
skipping: [r11]
skipping: [r12]
skipping: [r21]
skipping: [v1]
skipping: [v2]
ok: [r22]

TASK [fail] ********************************************************************
skipping: [dut]
skipping: [rb]
skipping: [r11]
skipping: [r12]
skipping: [r21]
skipping: [r22]
skipping: [v1]
skipping: [v2]

TASK [Find configuration deployment deploy_script for routing] *****************
skipping: [dut]
skipping: [rb]
skipping: [r11]
skipping: [r12]
skipping: [r21]
skipping: [v1]
skipping: [v2]
ok: [r22]

TASK [Print deployed configuration when running in verbose mode] ***************
skipping: [dut]
skipping: [rb]
skipping: [r11]
skipping: [r12]
skipping: [r21]
skipping: [v1]
skipping: [v2]
ok: [r22] => {
    "msg": "routing configuration for r22\n=========================================\n!\n!\n!\n!\n! Global static routes\n!\nip route 10.19.1.1/32 Null0 \nip route 10.19.2.1/32 Null0 \nip route 10.19.3.1/32 Null0 \nip route 10.19.4.1/32 Null0 \n"
}

TASK [Deploy routing configuration] ********************************************
skipping: [dut]
skipping: [rb]
skipping: [r11]
skipping: [r12]
skipping: [r21]
skipping: [v1]
skipping: [v2]
included: /home/pipi/net101/tools/netsim/ansible/tasks/deploy-config/frr.yml for r22

TASK [template] ****************************************************************
changed: [r22]

TASK [set_fact] ****************************************************************
ok: [r22]

TASK [run /tmp/config.sh to deploy routing config from /work/netlab_cicd/node_files/r22/routing] ***
skipping: [r22]

TASK [run vtysh to import routing config from /work/netlab_cicd/node_files/r22/routing] ***
changed: [r22]

TASK [Figure out whether to deploy the module ospf on current device] **********
ok: [dut]
ok: [rb]
ok: [r11]
ok: [r12]
ok: [r21]
ok: [r22]
ok: [v1]
ok: [v2]

TASK [Find configuration template for ospf] ************************************
ok: [dut]
ok: [rb]
ok: [r11]
ok: [r12]
ok: [r21]
ok: [r22]
ok: [v1]
ok: [v2]

TASK [fail] ********************************************************************
skipping: [dut]
skipping: [rb]
skipping: [r11]
skipping: [r12]
skipping: [r21]
skipping: [r22]
skipping: [v1]
skipping: [v2]

TASK [Find configuration deployment deploy_script for ospf] ********************
ok: [dut]
ok: [rb]
ok: [r11]
ok: [r12]
ok: [r22]
ok: [r21]
ok: [v1]
ok: [v2]

TASK [Print deployed configuration when running in verbose mode] ***************
ok: [dut] => {
    "msg": "ospf configuration for dut\n=========================================\n!\n! OSPFv2 FRR configuration\n!\nrouter ospf\n ospf router-id 10.0.0.1\n timers throttle spf 10 50 500\n timers throttle lsa all 100\n timers lsa min-arrival 100\n\n\nexit\n!\ninterface lo\n! \n ip ospf area 0.0.0.0\n!\ninterface eth1\n! dut -> r11\n ip ospf area 0.0.0.11\n ip ospf network point-to-point\n!\ninterface eth2\n! dut -> r12\n ip ospf area 0.0.0.12\n ip ospf network point-to-point\n ip ospf cost 10\n!\ninterface eth3\n! dut -> r21\n ip ospf area 0.0.0.21\n ip ospf network point-to-point\n!\ninterface eth4\n! dut -> r22\n ip ospf area 0.0.0.22\n ip ospf network point-to-point\n ip ospf cost 10\n!\ninterface eth5\n! dut -> rb\n ip ospf area 0.0.0.0\n ip ospf network point-to-point\n!\n\n!\ndo write\n"
}
ok: [rb] => {
    "msg": "ospf configuration for rb\n=========================================\n!\n! OSPFv2 FRR configuration\n!\nrouter ospf\n ospf router-id 10.0.0.2\n timers throttle spf 10 50 500\n timers throttle lsa all 100\n timers lsa min-arrival 100\n\n\nexit\n!\ninterface lo\n! \n ip ospf area 0.0.0.0\n!\ninterface eth1\n! rb -> dut\n ip ospf area 0.0.0.0\n ip ospf network point-to-point\n!\n\n!\ndo write\n"
}
ok: [r12] => {
    "msg": "ospf configuration for r12\n=========================================\n!\n! OSPFv2 FRR configuration\n!\nrouter ospf\n ospf router-id 10.0.0.4\n timers throttle spf 10 50 500\n timers throttle lsa all 100\n timers lsa min-arrival 100\n\n\nexit\n!\ninterface lo\n! \n ip ospf area 0.0.0.12\n!\ninterface eth1\n! r12 -> dut\n ip ospf area 0.0.0.12\n ip ospf network point-to-point\n ip ospf cost 10\n!\n\n!\ndo write\n"
}
ok: [r11] => {
    "msg": "ospf configuration for r11\n=========================================\n!\n! OSPFv2 FRR configuration\n!\nrouter ospf\n ospf router-id 10.0.0.3\n timers throttle spf 10 50 500\n timers throttle lsa all 100\n timers lsa min-arrival 100\n\n\nexit\n!\ninterface lo\n! \n ip ospf area 0.0.0.11\n!\ninterface eth1\n! r11 -> dut\n ip ospf area 0.0.0.11\n ip ospf network point-to-point\n!\ninterface eth2\n! r11 -> stub\n ip ospf area 0.0.0.11\n ip ospf passive\n!\ninterface eth3\n! r11 -> stub\n ip ospf area 0.0.0.11\n ip ospf passive\n!\ninterface eth4\n! r11 -> stub\n ip ospf area 0.0.0.11\n ip ospf passive\n!\n\n!\ndo write\n"
}
ok: [r21] => {
    "msg": "ospf configuration for r21\n=========================================\n!\n! OSPFv2 FRR configuration\n!\nrouter ospf\n ospf router-id 10.0.0.5\n timers throttle spf 10 50 500\n timers throttle lsa all 100\n timers lsa min-arrival 100\n\n\nexit\n!\ninterface lo\n! \n ip ospf area 0.0.0.21\n!\ninterface eth1\n! r21 -> dut\n ip ospf area 0.0.0.21\n ip ospf network point-to-point\n!\n\n!\ndo write\n"
}
ok: [v2] => {
    "msg": "ospf configuration for v2\n=========================================\n!\n! OSPFv2 FRR configuration\n!\nrouter ospf\n ospf router-id 10.0.0.8\n timers throttle spf 10 50 500\n timers throttle lsa all 100\n timers lsa min-arrival 100\n\n\nexit\n!\ninterface lo\n! \n ip ospf area 0.0.0.21\n!\ninterface eth1\n! v2 -> dut\n ip ospf area 0.0.0.21\n ip ospf network point-to-point\n!\n\n!\ndo write\n"
}
ok: [r22] => {
    "msg": "ospf configuration for r22\n=========================================\n!\n! OSPFv2 FRR configuration\n!\nrouter ospf\n ospf router-id 10.0.0.6\n timers throttle spf 10 50 500\n timers throttle lsa all 100\n timers lsa min-arrival 100\n\n redistribute static\n\nexit\n!\ninterface lo\n! \n ip ospf area 0.0.0.22\n!\ninterface eth1\n! r22 -> dut\n ip ospf area 0.0.0.22\n ip ospf network point-to-point\n ip ospf cost 10\n!\n\n!\ndo write\n"
}
ok: [v1] => {
    "msg": "ospf configuration for v1\n=========================================\n!\n! OSPFv2 FRR configuration\n!\nrouter ospf\n ospf router-id 10.0.0.7\n timers throttle spf 10 50 500\n timers throttle lsa all 100\n timers lsa min-arrival 100\n\n\nexit\n!\ninterface lo\n! \n ip ospf area 0.0.0.11\n!\ninterface eth1\n! v1 -> dut\n ip ospf area 0.0.0.11\n ip ospf network point-to-point\n!\n\n!\ndo write\n"
}

TASK [Deploy ospf configuration] ***********************************************
included: /home/pipi/net101/tools/netsim/ansible/tasks/deploy-config/frr.yml for dut, rb, r11, r12, r21, r22, v1, v2

TASK [template] ****************************************************************
changed: [rb]
changed: [r11]
changed: [r21]
changed: [v1]
changed: [v2]
changed: [r12]
changed: [r22]
changed: [dut]

TASK [set_fact] ****************************************************************
ok: [dut]
ok: [rb]
ok: [r11]
ok: [r12]
ok: [r21]
ok: [v1]
ok: [r22]
ok: [v2]

TASK [run /tmp/config.sh to deploy ospf config from /work/netlab_cicd/node_files/dut/ospf] ***
skipping: [dut]
skipping: [rb]
skipping: [r11]
skipping: [r12]
skipping: [r21]
skipping: [r22]
skipping: [v1]
skipping: [v2]

TASK [run vtysh to import ospf config from /work/netlab_cicd/node_files/dut/ospf] ***
changed: [r12]
changed: [dut]
changed: [rb]
changed: [v1]
changed: [r22]
changed: [r11]
changed: [r21]
changed: [v2]

TASK [Figure out whether to deploy the module vrf on current device] ***********
ok: [dut]
ok: [rb]
ok: [r11]
ok: [r12]
ok: [r21]
ok: [r22]
ok: [v1]
ok: [v2]

TASK [Find configuration template for vrf] *************************************
skipping: [rb]
skipping: [r11]
ok: [dut]
skipping: [r12]
skipping: [r21]
skipping: [r22]
skipping: [v1]
skipping: [v2]

TASK [fail] ********************************************************************
skipping: [dut]
skipping: [rb]
skipping: [r11]
skipping: [r12]
skipping: [r21]
skipping: [r22]
skipping: [v1]
skipping: [v2]

TASK [Find configuration deployment deploy_script for vrf] *********************
skipping: [rb]
skipping: [r11]
skipping: [r12]
skipping: [r21]
ok: [dut]
skipping: [r22]
skipping: [v1]
skipping: [v2]

TASK [Print deployed configuration when running in verbose mode] ***************
skipping: [rb]
skipping: [r11]
skipping: [r12]
skipping: [r21]
ok: [dut] => {
    "msg": "vrf configuration for dut\n=========================================\n#!/bin/bash\n#\nset -e # Exit immediately when any command fails\n#\n\n# Create VRF tables\nif [ ! -e /sys/devices/virtual/net/tenant ]; then\nip link add tenant type vrf table 100\nfi\nip link set tenant up\n\n# Move interfaces and loopbacks to vrfs\nsysctl -qw net.ipv6.conf.eth6.keep_addr_on_down=1\nip link set eth6 master tenant\nsysctl -qw net.ipv6.conf.eth7.keep_addr_on_down=1\nip link set eth7 master tenant\n\ncat >/tmp/vrf_config <<CONFIG\nvrf tenant\n exit-vrf\n!\nrouter bgp 65000\n!\n!\n!\n! OSPFv2 FRR configuration\n!\nrouter ospf vrf tenant\n ospf router-id 10.1.0.1\n timers throttle spf 10 50 500\n timers throttle lsa all 100\n timers lsa min-arrival 100\n\n redistribute connected\n\nexit\n!\ninterface eth6\n! dut -> v1\n ip ospf area 0.0.0.11\n ip ospf network point-to-point\n!\ninterface eth7\n! dut -> v2\n ip ospf area 0.0.0.21\n ip ospf network point-to-point\n!\n\n!\ndo write\n!\nCONFIG\nvtysh -f /tmp/vrf_config\nexit $?\n"
}
skipping: [r22]
skipping: [v1]
skipping: [v2]

TASK [Deploy vrf configuration] ************************************************
skipping: [rb]
skipping: [r11]
skipping: [r12]
skipping: [r21]
skipping: [r22]
skipping: [v1]
skipping: [v2]
included: /home/pipi/net101/tools/netsim/ansible/tasks/deploy-config/frr.yml for dut

TASK [template] ****************************************************************
changed: [dut]

TASK [set_fact] ****************************************************************
ok: [dut]

TASK [run /tmp/config.sh to deploy vrf config from /work/netlab_cicd/node_files/dut/vrf] ***
changed: [dut]

TASK [run vtysh to import vrf config from /work/netlab_cicd/node_files/dut/vrf] ***
skipping: [dut]

PLAY [Deploy custom deployment templates] **************************************

TASK [Run custom configuration deployment scripts] *****************************
included: /home/pipi/net101/tools/netsim/ansible/tasks/deploy-custom-config.yml for dut, rb, r11, r12, r21, r22, v1, v2 => (item=ospf.areas)

TASK [Find configuration template] *********************************************
ok: [dut]
ok: [rb]
ok: [r11]
ok: [r12]
ok: [r21]
ok: [r22]
ok: [v1]
ok: [v2]

TASK [fail] ********************************************************************
skipping: [dut]
skipping: [rb]
skipping: [r11]
skipping: [r12]
skipping: [r21]
skipping: [r22]
skipping: [v1]
skipping: [v2]

TASK [Check is the configuration template is a file] ***************************
ok: [dut -> localhost]
ok: [r11 -> localhost]
ok: [rb -> localhost]
ok: [r12 -> localhost]
ok: [r22 -> localhost]
ok: [r21 -> localhost]
ok: [v1 -> localhost]
ok: [v2 -> localhost]

TASK [fail] ********************************************************************
skipping: [dut]
skipping: [rb]
skipping: [r11]
skipping: [r12]
skipping: [r21]
skipping: [r22]
skipping: [v1]
skipping: [v2]

TASK [Process template /work/netlab_cicd/node_files/dut/ospf.areas for dut] ****
skipping: [dut]
skipping: [rb]
skipping: [r11]
skipping: [r12]
skipping: [r21]
skipping: [r22]
skipping: [v1]
skipping: [v2]

TASK [Find custom configuration deployment script] *****************************
ok: [dut]
ok: [rb]
ok: [r11]
ok: [r12]
ok: [r21]
ok: [r22]
ok: [v2]
ok: [v1]

TASK [Run the configuration deployment script] *********************************
included: /home/pipi/net101/tools/netsim/ansible/tasks/deploy-config/frr.yml for dut, rb, r11, r12, r21, r22, v1, v2

TASK [template] ****************************************************************
changed: [r22]
changed: [r21]
changed: [dut]
changed: [v1]
changed: [r12]
changed: [r11]
changed: [rb]
changed: [v2]

TASK [set_fact] ****************************************************************
ok: [dut]
ok: [rb]
ok: [r11]
ok: [r12]
ok: [r22]
ok: [r21]
ok: [v1]
ok: [v2]

TASK [run /tmp/config.sh to deploy ospf.areas config from /work/netlab_cicd/node_files/dut/ospf.areas] ***
skipping: [dut]
skipping: [rb]
skipping: [r11]
skipping: [r12]
skipping: [r21]
skipping: [r22]
skipping: [v1]
skipping: [v2]

TASK [run vtysh to import ospf.areas config from /work/netlab_cicd/node_files/dut/ospf.areas] ***
changed: [r12]
changed: [v2]
changed: [v1]
changed: [dut]
changed: [r11]
changed: [rb]
changed: [r21]
changed: [r22]

PLAY RECAP *********************************************************************
dut                        : ok=46   changed=9    unreachable=0    failed=0    skipped=21   rescued=0    ignored=0   
r11                        : ok=38   changed=6    unreachable=0    failed=0    skipped=24   rescued=0    ignored=0   
r12                        : ok=38   changed=6    unreachable=0    failed=0    skipped=24   rescued=0    ignored=0   
r21                        : ok=38   changed=6    unreachable=0    failed=0    skipped=24   rescued=0    ignored=0   
r22                        : ok=45   changed=8    unreachable=0    failed=0    skipped=21   rescued=0    ignored=0   
rb                         : ok=38   changed=6    unreachable=0    failed=0    skipped=24   rescued=0    ignored=0   
v1                         : ok=38   changed=6    unreachable=0    failed=0    skipped=24   rescued=0    ignored=0   
v2                         : ok=38   changed=6    unreachable=0    failed=0    skipped=24   rescued=0    ignored=0   

[CREATED] dut: initial,ospf,vrf,ospf.areas
[CREATED] rb: initial,ospf,ospf.areas
[CREATED] r11: initial,ospf,ospf.areas
[CREATED] r12: initial,ospf,ospf.areas
[CREATED] r21: initial,ospf,ospf.areas
[CREATED] r22: initial,routing,ospf,ospf.areas
[CREATED] v1: initial,ospf,ospf.areas
[CREATED] v2: initial,ospf,ospf.areas


This lab tests numerous combinations of OSPF area parameters. It tests:

* Stub and NSSA areas
* Insertion of default route into stub/NSSA areas
* Default route cost in stub/NSSA area
* Suppression of inter-area routes in stub/NSSA area
* Area ranges (including explicit range cost) and suppressed ranges
* Summarization and suppression of NSSA routes
* Configuration of VRF instances

