/home/pipi/.local/lib/python3.10/site-packages/paramiko/pkey.py:100: CryptographyDeprecationWarning: TripleDES has been moved to cryptography.hazmat.decrepit.ciphers.algorithms.TripleDES and will be removed from cryptography.hazmat.primitives.ciphers.algorithms in 48.0.0.
  "cipher": algorithms.TripleDES,
/home/pipi/.local/lib/python3.10/site-packages/paramiko/transport.py:259: CryptographyDeprecationWarning: TripleDES has been moved to cryptography.hazmat.decrepit.ciphers.algorithms.TripleDES and will be removed from cryptography.hazmat.primitives.ciphers.algorithms in 48.0.0.
  "class": algorithms.TripleDES,
[WARNING]: Invalid characters were found in group names but not replaced, use
-vvvv to see details
[WARNING]: Could not match supplied host pattern, ignoring: unprovisioned
[WARNING]: Found variable using reserved name: hosts

PLAY [Deploy initial device configuration] *************************************

TASK [Set variables that cannot be set with VARS] ******************************
ok: [x1]
ok: [dut]
ok: [dut2]
ok: [x2]

TASK [Generic readiness tests] *************************************************
skipping: [x1]
skipping: [x2]
included: /home/pipi/netlab_gh/netsim/ansible/tasks/readiness-check/ssh.yml for dut, dut2 => (item=ssh)

TASK [Check if 'sshpass' is installed] *****************************************
ok: [dut -> localhost]

TASK [Check for 'timeout' command] *********************************************
ok: [dut -> localhost]
ok: [dut2 -> localhost]

TASK [Execute local ssh command to check ssh readiness] ************************
FAILED - RETRYING: [dut -> localhost]: Execute local ssh command to check ssh readiness (40 retries left).
FAILED - RETRYING: [dut2 -> localhost]: Execute local ssh command to check ssh readiness (40 retries left).
FAILED - RETRYING: [dut -> localhost]: Execute local ssh command to check ssh readiness (39 retries left).
FAILED - RETRYING: [dut2 -> localhost]: Execute local ssh command to check ssh readiness (39 retries left).
FAILED - RETRYING: [dut -> localhost]: Execute local ssh command to check ssh readiness (38 retries left).
FAILED - RETRYING: [dut2 -> localhost]: Execute local ssh command to check ssh readiness (38 retries left).
FAILED - RETRYING: [dut -> localhost]: Execute local ssh command to check ssh readiness (37 retries left).
FAILED - RETRYING: [dut2 -> localhost]: Execute local ssh command to check ssh readiness (37 retries left).
FAILED - RETRYING: [dut -> localhost]: Execute local ssh command to check ssh readiness (36 retries left).
ok: [dut2 -> localhost]
ok: [dut -> localhost]

TASK [Confirm dut SSH server works] ********************************************
ok: [dut] => 
  msg: Node dut is ready.
ok: [dut2] => 
  msg: Node dut2 is ready.

TASK [Find device readiness script] ********************************************
ok: [x1]
ok: [x2]
ok: [dut]
ok: [dut2]

TASK [Wait for device to become ready] *****************************************
skipping: [x1]
skipping: [x2]
included: /home/pipi/netlab_gh/netsim/ansible/tasks/readiness-check/junos.yml for dut, dut2

TASK [Wait for first interface (ge-0/0/0)] *************************************
ok: [dut2]
ok: [dut]

TASK [Normalize config on bridge-like devices] *********************************
included: /home/pipi/netlab_gh/netsim/ansible/tasks/deploy-module.yml for dut, dut2, x1, x2

TASK [Figure out whether to deploy the module normalize on current device] *****
ok: [x1]
ok: [x2]
ok: [dut]
ok: [dut2]

TASK [Find configuration template for normalize] *******************************
ok: [x1]
ok: [x2]
ok: [dut]
ok: [dut2]

TASK [fail] ********************************************************************
skipping: [dut]
skipping: [dut2]
skipping: [x1]
skipping: [x2]

TASK [Find configuration deployment deploy_script for normalize] ***************
ok: [dut]
ok: [x1]
ok: [x2]
ok: [dut2]

TASK [Print deployed configuration when running in verbose mode] ***************
skipping: [dut]
skipping: [dut2]
skipping: [x1]
skipping: [x2]

TASK [Deploy normalize configuration] ******************************************
skipping: [dut]
skipping: [dut2]
skipping: [x1]
skipping: [x2]

TASK [Deploy initial configuration] ********************************************
included: /home/pipi/netlab_gh/netsim/ansible/tasks/deploy-module.yml for dut, dut2, x1, x2

TASK [Figure out whether to deploy the module initial on current device] *******
ok: [x1]
ok: [dut]
ok: [x2]
ok: [dut2]

TASK [Find configuration template for initial] *********************************
ok: [dut]
ok: [x1]
ok: [x2]
ok: [dut2]

TASK [fail] ********************************************************************
skipping: [dut]
skipping: [dut2]
skipping: [x1]
skipping: [x2]

TASK [Find configuration deployment deploy_script for initial] *****************
ok: [x1]
ok: [dut]
ok: [x2]
ok: [dut2]

TASK [Print deployed configuration when running in verbose mode] ***************
ok: [dut] => 
  msg: |-
    initial configuration for dut
    =========================================
    system {
      host-name dut;
      static-host-mapping {
      }
    }
  
  
    interfaces {
      ge-0/0/0 {
        mtu 1514;
      }
      ge-0/0/1 {
        mtu 1514;
      }
      ge-0/0/2 {
        mtu 1514;
      }
      ge-0/0/3 {
        mtu 1514;
      }
  
      lo0.0 {
  
          family inet6 {
            address 2001:db8:1::1/128;
          }
  
      }
      ge-0/0/0.0 {
        description "dut -> x1 [external]";
  
          family inet6 {
            address 2001:db8:3::1/64;
          }
  
      }
      ge-0/0/1.0 {
        description "dut -> x2 [external]";
  
          family inet6 {
            address 2001:db8:3:1::1/64;
          }
  
      }
      ge-0/0/2.0 {
        description "dut -> dut2 [external]";
  
          family inet6 {
            address 2001:db8:cafe:e01::1/64;
          }
  
      }
      ge-0/0/3.0 {
        description "dut -> stub [stub]";
  
          family inet6 {
            address 2001:db8:cafe:e42::1/64;
          }
  
      }
    }
    protocols {
      lldp {
        interface fxp0 {
          disable;
        }
        interface all;
      }
      router-advertisement {
        interface ge-0/0/0.0;
        interface ge-0/0/1.0;
        interface ge-0/0/2.0;
        interface ge-0/0/3.0;
      }
    }
ok: [x1] => 
  msg: |-
    initial configuration for x1
    =========================================
    #!/bin/bash
    #
    set -e
    set -x
    #
    # Create bash profile script
    #
    cat <<SCRIPT >/root/.bash_profile
    #!/bin/bash
    #
    export PS1="\h(bash)# "
    echo
    echo "Use vtysh to connect to FRR daemon"
    echo
    SCRIPT
    #
    # This is an artifact of unknown provenance that should be removed in a year or two (= 2026/2027)
    #
    # FRR controls these parameters with 'ip forwarding' and 'ipv6 forwarding' commands
    #
    sysctl -w net.ipv4.ip_forward=0
    sysctl -w net.ipv6.conf.all.forwarding=1
    #
    #
    # Get the current next hop for the default route
    #
    def_nh=$(ip route list default|awk '{ print $3 }')
    #
    # Create the management VRF and add eth0 to it
    #
    if [ ! -e /sys/devices/virtual/net/mgmt ]; then
      ip link add mgmt type vrf table 42
    fi
    ip link set mgmt up
    sysctl -qw net.ipv6.conf.eth0.keep_addr_on_down=1
    ip link set eth0 master mgmt
    #
    # Reinstall the default route if we had it before
    #
    if [[ -n "$def_nh" ]]; then
      ip route add 0.0.0.0/0 vrf mgmt via $def_nh
    fi
    #
    # Enable FRR modules (if not using containerlab bind-mounted /etc/frr/daemons)
    #
  
    # Set system defaults
    #
    # Send ARP requests from a sane source IP address
    #
    sysctl -w net.ipv4.conf.all.arp_announce=2
  
    #
    # Create loopbacks, stub and lag/bond devices
    #
    if [ ! -e /sys/class/net/lo ]; then
      if [ ! -e /sys/devices/virtual/net/lo ]; then
        ip link add lo type dummy
        ip link set dev lo up
      fi
    fi
  
    # Disable IPv6 (for IPv4-only interfaces) or SLAAC (if the device is a router)
    #
    ip link set eth1 down
    sysctl -qw net.ipv6.conf.eth1.autoconf=0
    sysctl -qw net.ipv6.conf.eth1.accept_ra=0
    ip link set dev eth1 mtu 1500
    ip link set eth1 up
  
    #
    # Add vtysh.conf file
    echo "service integrated-vtysh-config" >/etc/frr/vtysh.conf
  
    #
    # Rest of initial configuration done through VTYSH
    #
    cat >/tmp/config <<CONFIG
    hostname x1
    !
    log file /tmp/logging
  
    !
    ipv6 forwarding
    vrf mgmt
     exit-vrf
    !
    frr defaults datacenter
    !
    interface lo
     no shutdown
     ! no ip address
     ipv6 address 2001:db8:1::3/128
    !
    interface eth1
     no shutdown
     description x1 -> dut [external]
     ! no ip address
     ipv6 address 2001:db8:3::2/64
     ipv6 nd ra-interval 5
     no ipv6 nd suppress-ra
    !
    do write
    CONFIG
    vtysh -f /tmp/config
    !
    exit 0
ok: [x2] => 
  msg: |-
    initial configuration for x2
    =========================================
    #!/bin/bash
    #
    set -e
    set -x
    #
    # Create bash profile script
    #
    cat <<SCRIPT >/root/.bash_profile
    #!/bin/bash
    #
    export PS1="\h(bash)# "
    echo
    echo "Use vtysh to connect to FRR daemon"
    echo
    SCRIPT
    #
    # This is an artifact of unknown provenance that should be removed in a year or two (= 2026/2027)
    #
    # FRR controls these parameters with 'ip forwarding' and 'ipv6 forwarding' commands
    #
    sysctl -w net.ipv4.ip_forward=0
    sysctl -w net.ipv6.conf.all.forwarding=1
    #
    #
    # Get the current next hop for the default route
    #
    def_nh=$(ip route list default|awk '{ print $3 }')
    #
    # Create the management VRF and add eth0 to it
    #
    if [ ! -e /sys/devices/virtual/net/mgmt ]; then
      ip link add mgmt type vrf table 42
    fi
    ip link set mgmt up
    sysctl -qw net.ipv6.conf.eth0.keep_addr_on_down=1
    ip link set eth0 master mgmt
    #
    # Reinstall the default route if we had it before
    #
    if [[ -n "$def_nh" ]]; then
      ip route add 0.0.0.0/0 vrf mgmt via $def_nh
    fi
    #
    # Enable FRR modules (if not using containerlab bind-mounted /etc/frr/daemons)
    #
  
    # Set system defaults
    #
    # Send ARP requests from a sane source IP address
    #
    sysctl -w net.ipv4.conf.all.arp_announce=2
  
    #
    # Create loopbacks, stub and lag/bond devices
    #
    if [ ! -e /sys/class/net/lo ]; then
      if [ ! -e /sys/devices/virtual/net/lo ]; then
        ip link add lo type dummy
        ip link set dev lo up
      fi
    fi
  
    # Disable IPv6 (for IPv4-only interfaces) or SLAAC (if the device is a router)
    #
    ip link set eth1 down
    sysctl -qw net.ipv6.conf.eth1.autoconf=0
    sysctl -qw net.ipv6.conf.eth1.accept_ra=0
    ip link set dev eth1 mtu 1500
    ip link set eth1 up
  
    #
    # Add vtysh.conf file
    echo "service integrated-vtysh-config" >/etc/frr/vtysh.conf
  
    #
    # Rest of initial configuration done through VTYSH
    #
    cat >/tmp/config <<CONFIG
    hostname x2
    !
    log file /tmp/logging
  
    !
    ipv6 forwarding
    vrf mgmt
     exit-vrf
    !
    frr defaults datacenter
    !
    interface lo
     no shutdown
     ! no ip address
     ipv6 address 2001:db8:1::4/128
    !
    interface eth1
     no shutdown
     description x2 -> dut [external]
     ! no ip address
     ipv6 address 2001:db8:3:1::2/64
     ipv6 nd ra-interval 5
     no ipv6 nd suppress-ra
    !
    do write
    CONFIG
    vtysh -f /tmp/config
    !
    exit 0
ok: [dut2] => 
  msg: |-
    initial configuration for dut2
    =========================================
    system {
      host-name dut2;
      static-host-mapping {
      }
    }
  
  
    interfaces {
      ge-0/0/0 {
        mtu 1514;
      }
  
      lo0.0 {
  
          family inet6 {
            address 2001:db8:1::2/128;
          }
  
      }
      ge-0/0/0.0 {
        description "dut2 -> dut [external]";
  
          family inet6 {
            address 2001:db8:cafe:e01::2/64;
          }
  
      }
    }
    protocols {
      lldp {
        interface fxp0 {
          disable;
        }
        interface all;
      }
      router-advertisement {
        interface ge-0/0/0.0;
      }
    }

TASK [Deploy initial configuration] ********************************************
included: /home/pipi/netlab_gh/netsim/ansible/tasks/deploy-config/junos.yml for dut, dut2
included: /home/pipi/netlab_gh/netsim/ansible/tasks/frr/initial-clab.yml for x1, x2

TASK [junos_config: deploying initial from /home/pipi/netlab_gh/netsim/ansible/templates/initial/junos.j2] ***
[WARNING]: mgd: statement must contain additional statements
changed: [dut2]
changed: [dut]

TASK [Attempt to load VRF kernel module] ***************************************
changed: [x1 -> localhost]

TASK [Disable FRR management VRF when modprobe fails] **************************
skipping: [x1]
skipping: [x2]

TASK [include_tasks] ***********************************************************
included: /home/pipi/netlab_gh/netsim/ansible/tasks/frr/deploy-config.yml for x1, x2

TASK [template] ****************************************************************
changed: [x1]
changed: [x2]

TASK [set_fact] ****************************************************************
ok: [x1]
ok: [x2]

TASK [run /tmp/config.sh to deploy initial config from /home/pipi/netlab_gh/netsim/ansible/templates/initial/frr.j2] ***
changed: [x2]
changed: [x1]

TASK [run vtysh to import initial config from /home/pipi/netlab_gh/netsim/ansible/templates/initial/frr.j2] ***
skipping: [x1]
skipping: [x2]

PLAY [Deploy module-specific configurations] ***********************************

TASK [Set variables that cannot be set with VARS] ******************************
ok: [x1]
ok: [dut]
ok: [x2]
ok: [dut2]

TASK [Deploy individual configuration modules] *********************************
included: /home/pipi/netlab_gh/netsim/ansible/tasks/deploy-module.yml for dut, dut2, x1, x2 => (item=bgp)

TASK [Figure out whether to deploy the module bgp on current device] ***********
ok: [x1]
ok: [dut]
ok: [dut2]
ok: [x2]

TASK [Find configuration template for bgp] *************************************
ok: [x1]
ok: [x2]
ok: [dut]
ok: [dut2]

TASK [fail] ********************************************************************
skipping: [dut]
skipping: [dut2]
skipping: [x1]
skipping: [x2]

TASK [Find configuration deployment deploy_script for bgp] *********************
ok: [x1]
ok: [x2]
ok: [dut]
ok: [dut2]

TASK [Print deployed configuration when running in verbose mode] ***************
ok: [x1] => 
  msg: |-
    bgp configuration for x1
    =========================================
    !
    router bgp 65100
      no bgp ebgp-requires-policy
      no bgp default ipv4-unicast
      bgp default show-hostname
      bgp default show-nexthop-hostname
      ! Consider AS paths of same length but with different AS as ECMP candidates
      bgp bestpath as-path multipath-relax
  
      bgp router-id 10.0.0.3
    !
      neighbor 2001:db8:3::1 remote-as 65000
      neighbor 2001:db8:3::1 description dut
    !
     address-family ipv6 unicast
    !
  
    !
    ! Originate networks from connected subnets
    !
      network 2001:db8:1::3/128
    !
      neighbor 2001:db8:3::1 activate
      no neighbor 2001:db8:3::1 send-community all
      neighbor 2001:db8:3::1 send-community standard
      neighbor 2001:db8:3::1 send-community large
    !
    !
    !
    do write
ok: [dut] => 
  msg: |-
    bgp configuration for dut
    =========================================
  
    routing-options {
      autonomous-system 65000;
      router-id 10.0.0.1
    }
  
  
    policy-options community x-route-permit-mark members large:65535:0:65536;
  
    policy-options {
      delete: policy-statement bgp-advertise;
      delete: policy-statement bgp-redistribute;
      delete: policy-statement next-hop-ebgp-ipv4;
      delete: policy-statement next-hop-all-ipv4;
      delete: policy-statement next-hop-ebgp-ipv6;
      delete: policy-statement next-hop-all-ipv6;
      delete: route-filter-list bgp-announce;
    }
  
    policy-options {
  
      route-filter-list bgp-announce {
      }
  
      policy-statement next-hop-ebgp-ipv4 {
        term next-hop-self-ipv4 {
          from {
            family inet;
            route-type external;
          }
          then {
            next-hop self;
          }
        }
      }
  
      policy-statement next-hop-all-ipv4 {
        term next-hop-self-ipv4 {
          from {
            family inet;
          }
          then {
            next-hop self;
          }
        }
      }
  
      policy-statement next-hop-ebgp-ipv6 {
        term next-hop-self-ipv6 {
          from {
            family inet6;
            route-type external;
          }
          then {
            next-hop self;
          }
        }
      }
  
      policy-statement next-hop-all-ipv6 {
        term next-hop-self-ipv6 {
          from {
            family inet6;
          }
          then {
            next-hop self;
          }
        }
      }
  
  
      policy-statement bgp-advertise {
        term advertise {
          from {
            protocol direct;
            interface [
                        ge-0/0/3.0
               ];
          }
          then {
            community add x-route-permit-mark;
            next policy;
          }
        }
  
        term originate {
          from {
            protocol static;
            route-filter-list bgp-announce;
          }
          then {
            community add x-route-permit-mark;
            next policy;
          }
        }
  
      }
  
      policy-statement bgp-redistribute {
        term redis_bgp {
          from protocol bgp;
          then {
            community add x-route-permit-mark;
            next policy;
          }
        }
      }
  
      policy-statement bgp-final {
        term final-option {
          from community x-route-permit-mark;
          then {
            community delete x-route-permit-mark;
            accept;
          }
        }
        term default-reject {
          then reject;
        }
      }
  
      policy-statement bgp-initial {
        term initial-cleanup {
          from community x-route-permit-mark;
          then {
            community delete x-route-permit-mark;
            next policy;
          }
        }
      }
  
    }
    protocols {
      delete: bgp;
    }
    protocols {
      bgp {
        group ibgp-peers-ipv6 {
          type internal;
          export [
              next-hop-ebgp-ipv6 bgp-advertise bgp-redistribute bgp-final
            ];
          advertise-inactive;
        }
        group ebgp-peers {
          export [
              bgp-advertise bgp-redistribute bgp-final
            ];
          advertise-inactive;
          neighbor 2001:db8:3::2 {
  
            peer-as 65100;
            description x1;
            family inet6 {
              unicast;
            }
          }
          neighbor 2001:db8:3:1::2 {
  
            peer-as 65101;
            description x2;
            family inet6 {
              unicast;
            }
          }
          neighbor 2001:db8:cafe:e01::2 {
  
            peer-as 65001;
            description dut2;
            family inet6 {
              unicast;
            }
          }
        }
      }
    }
ok: [x2] => 
  msg: |-
    bgp configuration for x2
    =========================================
    !
    router bgp 65101
      no bgp ebgp-requires-policy
      no bgp default ipv4-unicast
      bgp default show-hostname
      bgp default show-nexthop-hostname
      ! Consider AS paths of same length but with different AS as ECMP candidates
      bgp bestpath as-path multipath-relax
  
      bgp router-id 10.0.0.4
    !
      neighbor 2001:db8:3:1::1 remote-as 65000
      neighbor 2001:db8:3:1::1 description dut
    !
     address-family ipv6 unicast
    !
  
    !
    ! Originate networks from connected subnets
    !
      network 2001:db8:1::4/128
    !
      neighbor 2001:db8:3:1::1 activate
      no neighbor 2001:db8:3:1::1 send-community all
      neighbor 2001:db8:3:1::1 send-community standard
      neighbor 2001:db8:3:1::1 send-community large
    !
    !
    !
    do write
ok: [dut2] => 
  msg: |-
    bgp configuration for dut2
    =========================================
  
    routing-options {
      autonomous-system 65001;
      router-id 10.0.0.2
    }
  
  
    policy-options community x-route-permit-mark members large:65535:0:65536;
  
    policy-options {
      delete: policy-statement bgp-advertise;
      delete: policy-statement bgp-redistribute;
      delete: policy-statement next-hop-ebgp-ipv4;
      delete: policy-statement next-hop-all-ipv4;
      delete: policy-statement next-hop-ebgp-ipv6;
      delete: policy-statement next-hop-all-ipv6;
      delete: route-filter-list bgp-announce;
    }
  
    policy-options {
  
      route-filter-list bgp-announce {
      }
  
      policy-statement next-hop-ebgp-ipv4 {
        term next-hop-self-ipv4 {
          from {
            family inet;
            route-type external;
          }
          then {
            next-hop self;
          }
        }
      }
  
      policy-statement next-hop-all-ipv4 {
        term next-hop-self-ipv4 {
          from {
            family inet;
          }
          then {
            next-hop self;
          }
        }
      }
  
      policy-statement next-hop-ebgp-ipv6 {
        term next-hop-self-ipv6 {
          from {
            family inet6;
            route-type external;
          }
          then {
            next-hop self;
          }
        }
      }
  
      policy-statement next-hop-all-ipv6 {
        term next-hop-self-ipv6 {
          from {
            family inet6;
          }
          then {
            next-hop self;
          }
        }
      }
  
  
      policy-statement bgp-advertise {
        term advertise {
          from {
            protocol direct;
            interface [
               lo0.0  ];
          }
          then {
            community add x-route-permit-mark;
            next policy;
          }
        }
  
        term originate {
          from {
            protocol static;
            route-filter-list bgp-announce;
          }
          then {
            community add x-route-permit-mark;
            next policy;
          }
        }
  
      }
  
      policy-statement bgp-redistribute {
        term redis_bgp {
          from protocol bgp;
          then {
            community add x-route-permit-mark;
            next policy;
          }
        }
      }
  
      policy-statement bgp-final {
        term final-option {
          from community x-route-permit-mark;
          then {
            community delete x-route-permit-mark;
            accept;
          }
        }
        term default-reject {
          then reject;
        }
      }
  
      policy-statement bgp-initial {
        term initial-cleanup {
          from community x-route-permit-mark;
          then {
            community delete x-route-permit-mark;
            next policy;
          }
        }
      }
  
    }
    protocols {
      delete: bgp;
    }
    protocols {
      bgp {
        group ibgp-peers-ipv6 {
          type internal;
          export [
              next-hop-ebgp-ipv6 bgp-advertise bgp-redistribute bgp-final
            ];
          advertise-inactive;
        }
        group ebgp-peers {
          export [
              bgp-advertise bgp-redistribute bgp-final
            ];
          advertise-inactive;
          neighbor 2001:db8:cafe:e01::1 {
  
            peer-as 65000;
            description dut;
            family inet6 {
              unicast;
            }
          }
        }
      }
    }

TASK [Deploy bgp configuration] ************************************************
included: /home/pipi/netlab_gh/netsim/ansible/tasks/deploy-config/junos.yml for dut, dut2
included: /home/pipi/netlab_gh/netsim/ansible/tasks/deploy-config/frr.yml for x1, x2

TASK [junos_config: deploying bgp from /home/pipi/netlab_gh/netsim/ansible/templates/bgp/junos.j2] ***
[WARNING]:  statement not found
changed: [dut2]
changed: [dut]

TASK [template] ****************************************************************
changed: [x1]
changed: [x2]

TASK [set_fact] ****************************************************************
ok: [x1]
ok: [x2]

TASK [run /tmp/config.sh to deploy bgp config from /home/pipi/netlab_gh/netsim/ansible/templates/bgp/frr.j2] ***
skipping: [x1]
skipping: [x2]

TASK [run vtysh to import bgp config from /home/pipi/netlab_gh/netsim/ansible/templates/bgp/frr.j2] ***
changed: [x2]
changed: [x1]

PLAY [Deploy custom deployment templates] **************************************
skipping: no hosts matched

PLAY RECAP *********************************************************************
dut                        : ok=28   changed=2    unreachable=0    failed=0    skipped=5    rescued=0    ignored=0   
dut2                       : ok=27   changed=2    unreachable=0    failed=0    skipped=5    rescued=0    ignored=0   
x1                         : ok=27   changed=5    unreachable=0    failed=0    skipped=10   rescued=0    ignored=0   
x2                         : ok=26   changed=4    unreachable=0    failed=0    skipped=10   rescued=0    ignored=0   



Use this topology to test the origination and propagation
of IPv6 prefixes.

