Warning in vrf_check: Device bird/dut does not support VRFs
 [INFO] Removing vrf from topology modules
 [INFO] Removing vrf from node dut modules
 [INFO] Removing vrfs from lab topology
 [INFO] Removing validation test vrf_v2_v4
 [INFO] Removing validation test vrf_v2_v6
 [INFO] Removing validation test vrf_v3_v4
 [INFO] Removing validation test vrf_v3_v6
[CONFIG]  dut: initial,routing,bird,hosts
[CONFIG]  h1: initial,routing,hosts (shared)
[CONFIG]  h2: initial,routing,hosts (shared)
[CONFIG]  h3: initial,routing,hosts (shared)
[CONFIG]  v1: initial,hosts (shared)
[CONFIG]  v2: initial,hosts (shared)
[CONFIG]  v3: initial,hosts (shared)
Createdprovider configuration file: clab.yml
Createdpickled transformed topology data into netlab.snapshot.pickle
Created group_vars for all
Created group_vars for modules
Created group_vars for bird
Created host_vars for dut
Created group_vars for linux
Created host_vars for h1
Created host_vars for h2
Created host_vars for h3
Created host_vars for v1
Created host_vars for v2
Created host_vars for v3
Createdminimized Ansible inventory hosts.yml
CreatedAnsible configuration file: ansible.cfg
Createdtransformed topology dump in YAML format in netlab.snapshot.yml
