10:48:30 INFO Parsing & checking topology file=clab.yml
10:48:30 INFO Parsing & checking topology file=clab.yml
10:48:30 INFO Destroying lab name=ml-17
10:48:30 INFO Removed container name=clab-ml-17-v2
10:48:30 INFO Removed container name=clab-ml-17-v3
10:48:30 INFO Removed container name=clab-ml-17-v1
10:48:30 INFO Removed container name=clab-ml-17-h3
10:48:30 INFO Removed container name=clab-ml-17-h2
10:48:30 INFO Removed container name=clab-ml-17-dut
10:48:30 INFO Removed container name=clab-ml-17-h1
10:48:30 INFO Removing host entries path=/etc/hosts
10:48:30 INFO Removing SSH config path=/etc/ssh/ssh_config.d/clab-ml-17.conf
Checking virtualization provider installation
OK: clab installed and working correctly
Stopping clab nodes
Cleanup configuration files
... removing clab.yml
... removing ansible.cfg
... removing hosts.yml
... removing directory tree group_vars
... removing directory tree host_vars
... removing directory tree node_files
... removing netlab.snapshot.yml
... removing netlab.snapshot.pickle
